*********************************************************************************
**  ______   __  __   ______   __       ______   ______   __   __   __  __     **
** /\  == \ /\ \_\ \ /\  __ \ /\ \     /\  == \ /\  __ \ /\ "-.\ \ /\ \_\ \    **
** \ \  __/ \ \____ \\ \  __ \\ \ \____\ \  __< \ \  __ \\ \ \-.  \\ \____ \   **
**  \ \_\    \/\_____\\ \_\ \_\\ \_____\\ \_____\\ \_\ \_\\ \_\\"\_\\/\_____\  **
**   \/_/     \/_____/ \/_/\/_/ \/_____/ \/_____/ \/_/\/_/ \/_/ \/_/ \/_____/  **
**                                                                             **
*********************************************************************************
** Trilinos git commit id - c70ae3dfa18
** Albany git branch ------ pybind11_PR
** Albany git commit id --- 7a1da3122
** Albany cxx compiler ---- GNU 10.3.0
** Albany cuda compiler --- Cuda 115
** Simulation start time -- 2022-09-26 at 10:22:57
***************************************************************
Albany_IOSS: Loading STKMesh from Exodus file  /global/homes/m/mcarlson/LandIce/ALITune/optimize/data/mesh-pop-wdg/gis_basal_populated.exo
Albany_IOSS: Loading STKMesh from Exodus file  /global/homes/m/mcarlson/LandIce/ALITune/optimize/data/mesh-pop-wdg/gis_upper_populated.exo
IOSS-STK: number of node sets = 3
IOSS-STK: number of side sets = 3
IOSS-STK: number of node sets = 3
IOSS-STK: number of side sets = 3
IOSS-STK: number of node sets = 1
IOSS-STK: number of side sets = 0
Restart Index set, reading solution index : 1
[GenericSTKMeshStruct] Processing field requirements...
  - Skipping field 'ice_thickness' since it's listed as present in the mesh.
  - Skipping field 'observed_ice_thickness' since it's listed as present in the mesh.
  - Skipping field 'observed_ice_thickness_RMS' since it's listed as present in the mesh.
  - Skipping field 'surface_height' since it's listed as present in the mesh.
  - Skipping field 'bed_topography' since it's listed as present in the mesh.
  - Skipping field 'log_basal_friction' since it's listed as present in the mesh.
  - Skipping field 'temperature' since it's listed as present in the mesh.
  - Skipping field 'apparent_mass_balance' since it's listed as present in the mesh.
  - Skipping field 'apparent_mass_balance_RMS' since it's listed as present in the mesh.
[ExtrudedSTKMesh] Adding nodes... done!
[ExtrudedSTKMesh] Adding elements... done!
[ExtrudedSTKMesh] Adding basalside sides... done!
[ExtrudedSTKMesh] Adding upperside sides... done!
[ExtrudedSTKMesh] Adding lateral sides... done!
[ExtrudedSTKMesh] Extruding basal fields...
  - Extruding Scalar Node field ice_thickness...done!
  - Extruding Scalar Node field surface_height...done!
  - Extruding Scalar Node field log_basal_friction...done!
  - Extruding Scalar Node field bed_topography...done!
  - Extruding Scalar Node field apparent_mass_balance...done!
  - Extruding Scalar Node field apparent_mass_balance_RMS...done!
[ExtrudedSTKMesh] Interpolating layered basal fields...
  - Interpolating Scalar field temperature...done!
[GenericSTKMeshStruct] Processing field requirements...
  - Skipping field 'ice_thickness' since it's listed as present in the mesh.
  - Skipping field 'surface_height' since it's listed as present in the mesh.
  - Skipping field 'log_basal_friction' since it's listed as present in the mesh.
  - Skipping field 'temperature' since it's listed as present in the mesh.
  - Skipping field 'bed_topography' since it's listed as present in the mesh.
  - Skipping field 'apparent_mass_balance' since it's listed as present in the mesh.
  - Skipping field 'apparent_mass_balance_RMS' since it's listed as present in the mesh.
  - Skipping field 'bed_topography' since it's listed as output. Make sure there's an evaluator set to save it!
  - Skipping field 'surface_height' since it's listed as output. Make sure there's an evaluator set to save it!
Restart Index set, reading solution index : 1
[GenericSTKMeshStruct] Processing field requirements...
  - Skipping field 'observed_surface_velocity' since it's listed as present in the mesh.
  - Skipping field 'observed_surface_velocity_RMS' since it's listed as present in the mesh.
STKDisc: 725880 elements on Proc 0 
STKDisc: nodeset basal_boundary_node_set_0 has size 0  on Proc 0.
STKDisc: nodeset basal_boundary_node_set_1 has size 6027  on Proc 0.
STKDisc: nodeset basal_node_set has size 39224  on Proc 0.
STKDisc: nodeset bottom has size 39224  on Proc 0.
STKDisc: nodeset extruded_boundary_node_set_0 has size 0  on Proc 0.
STKDisc: nodeset extruded_boundary_node_set_1 has size 66297  on Proc 0.
STKDisc: nodeset extruded_node_set has size 431464  on Proc 0.
STKDisc: nodeset lateral has size 66297  on Proc 0.
STKDisc: nodeset top has size 39224  on Proc 0.
STKDisc: sideset basalside has size 72588  on Proc 0.
STKDisc: sideset extruded_boundary_side_set has size 60460  on Proc 0.
STKDisc: sideset extruded_boundary_side_set_1 has size 57830  on Proc 0.
STKDisc: sideset extruded_boundary_side_set_1_tri3_edge2 has size 57830  on Proc 0.
STKDisc: sideset extruded_boundary_side_set_2 has size 2630  on Proc 0.
STKDisc: sideset extruded_boundary_side_set_2_tri3_edge2 has size 2630  on Proc 0.
STKDisc: sideset extruded_boundary_side_set_tri3_edge2 has size 60460  on Proc 0.
STKDisc: sideset lateralside has size 60460  on Proc 0.
STKDisc: sideset upperside has size 72588  on Proc 0.
STKDisc: 72588 elements on Proc 0 
STKDisc: nodeset boundary_node_set_0 has size 0  on Proc 0.
STKDisc: nodeset boundary_node_set_1 has size 6027  on Proc 0.
STKDisc: nodeset node_set has size 39224  on Proc 0.
STKDisc: sideset boundary_side_set has size 6046  on Proc 0.
STKDisc: sideset boundary_side_set_1 has size 5783  on Proc 0.
STKDisc: sideset boundary_side_set_2 has size 263  on Proc 0.
STKDisc: 72588 elements on Proc 0 
STKDisc: nodeset all_nodes has size 39224  on Proc 0.
StateManager: initializing state:  ice_thickness
StateManager: initializing state:  surface_height
StateManager: initializing state:  log_basal_friction
StateManager: initializing state:  temperature
StateManager: initializing state:  bed_topography
StateManager: initializing state:  apparent_mass_balance
StateManager: initializing state:  apparent_mass_balance_RMS
StateManager: initializing state:  dissipation_heat

StateManager: initializing state:  ice_thickness
StateManager: initializing state:  observed_ice_thickness
StateManager: initializing state:  observed_ice_thickness_RMS
StateManager: initializing state:  surface_height
StateManager: initializing state:  bed_topography
StateManager: initializing state:  log_basal_friction
StateManager: initializing state:  temperature
StateManager: initializing state:  apparent_mass_balance
StateManager: initializing state:  apparent_mass_balance_RMS

StateManager: initializing state:  observed_surface_velocity
StateManager: initializing state:  observed_surface_velocity_RMS

xxxxxxxxxxxxxxxxxxxxxxxxxxxxxxxxxxxxxxxxxxxxxxx
 Sacado ParameterLibrary has been initialized:
 Library of all registered parameters:
xxxxxxxxxxxxxxxxxxxxxxxxxxxxxxxxxxxxxxxxxxxxxxx

Total number of parameters  = 0
Number of non-distributed parameters  = 0
Number of response vectors  = 1
Number of distributed parameters vectors  = 0

************************************************************************
-- Nonlinear Solver Step 0 -- 
||F|| = 5.152e+05  step = 0.000e+00  dx = 0.000e+00
************************************************************************

  
  *******************************************************
  ***** Belos Iterative Solver:  Block Gmres 
  ***** Maximum Iterations: 200
  ***** Block Size: 1
  ***** Residual Test: 
  *****   Test 1 : Belos::StatusTestImpResNorm<>: (2-Norm Res Vec) / (2-Norm Res0), tol = 1e-08
  *******************************************************
  Iter   0, [ 1] :    1.000000e+00
  Iter  20, [ 1] :    1.846360e-05
  Iter  40, [ 1] :    3.153077e-08
  Iter  43, [ 1] :    7.391526e-09

************************************************************************
-- Nonlinear Solver Step 1 -- 
||F|| = 5.031e+05  step = 1.250e-01  dx = 1.950e+04
************************************************************************

  
  *******************************************************
  ***** Belos Iterative Solver:  Block Gmres 
  ***** Maximum Iterations: 200
  ***** Block Size: 1
  ***** Residual Test: 
  *****   Test 1 : Belos::StatusTestImpResNorm<>: (2-Norm Res Vec) / (2-Norm Res0), tol = 1e-08
  *******************************************************
  Iter   0, [ 1] :    1.000000e+00
  Iter  20, [ 1] :    1.027763e-02
  Iter  40, [ 1] :    5.650246e-03
  Iter  60, [ 1] :    2.750637e-03
  Iter  80, [ 1] :    5.578525e-04
  Iter 100, [ 1] :    1.227734e-05
  Iter 120, [ 1] :    1.111803e-06
  Iter 138, [ 1] :    6.856594e-09

************************************************************************
-- Nonlinear Solver Step 2 -- 
||F|| = 4.947e+05  step = 1.250e-01  dx = 3.054e+04
************************************************************************

  
  *******************************************************
  ***** Belos Iterative Solver:  Block Gmres 
  ***** Maximum Iterations: 200
  ***** Block Size: 1
  ***** Residual Test: 
  *****   Test 1 : Belos::StatusTestImpResNorm<>: (2-Norm Res Vec) / (2-Norm Res0), tol = 1e-08
  *******************************************************
  Iter   0, [ 1] :    1.000000e+00
  Iter  20, [ 1] :    2.241247e-04
  Iter  40, [ 1] :    1.573384e-06
  Iter  60, [ 1] :    5.834666e-08
  Iter  68, [ 1] :    8.877598e-09

************************************************************************
-- Nonlinear Solver Step 3 -- 
||F|| = 4.786e+05  step = 1.250e-01  dx = 3.499e+04
************************************************************************

  
  *******************************************************
  ***** Belos Iterative Solver:  Block Gmres 
  ***** Maximum Iterations: 200
  ***** Block Size: 1
  ***** Residual Test: 
  *****   Test 1 : Belos::StatusTestImpResNorm<>: (2-Norm Res Vec) / (2-Norm Res0), tol = 1e-08
  *******************************************************
  Iter   0, [ 1] :    1.000000e+00
  Iter  20, [ 1] :    3.671736e-05
  Iter  40, [ 1] :    8.376553e-07
  Iter  58, [ 1] :    9.646170e-09

************************************************************************
-- Nonlinear Solver Step 4 -- 
||F|| = 4.696e+05  step = 2.500e-01  dx = 3.608e+04
************************************************************************

  
  *******************************************************
  ***** Belos Iterative Solver:  Block Gmres 
  ***** Maximum Iterations: 200
  ***** Block Size: 1
  ***** Residual Test: 
  *****   Test 1 : Belos::StatusTestImpResNorm<>: (2-Norm Res Vec) / (2-Norm Res0), tol = 1e-08
  *******************************************************
  Iter   0, [ 1] :    1.000000e+00
  Iter  20, [ 1] :    6.104719e-05
  Iter  40, [ 1] :    1.265875e-06
  Iter  60, [ 1] :    6.991592e-09

************************************************************************
-- Nonlinear Solver Step 5 -- 
||F|| = 4.639e+05  step = 5.000e-01  dx = 3.324e+04
************************************************************************

  
  *******************************************************
  ***** Belos Iterative Solver:  Block Gmres 
  ***** Maximum Iterations: 200
  ***** Block Size: 1
  ***** Residual Test: 
  *****   Test 1 : Belos::StatusTestImpResNorm<>: (2-Norm Res Vec) / (2-Norm Res0), tol = 1e-08
  *******************************************************
  Iter   0, [ 1] :    1.000000e+00
  Iter  20, [ 1] :    2.796506e-05
  Iter  40, [ 1] :    1.143562e-06
  Iter  60, [ 1] :    2.308099e-08
  Iter  64, [ 1] :    8.213023e-09

************************************************************************
-- Nonlinear Solver Step 6 -- 
||F|| = 3.400e+05  step = 1.000e+00  dx = 2.394e+04
************************************************************************

  
  *******************************************************
  ***** Belos Iterative Solver:  Block Gmres 
  ***** Maximum Iterations: 200
  ***** Block Size: 1
  ***** Residual Test: 
  *****   Test 1 : Belos::StatusTestImpResNorm<>: (2-Norm Res Vec) / (2-Norm Res0), tol = 1e-08
  *******************************************************
  Iter   0, [ 1] :    1.000000e+00
  Iter  20, [ 1] :    1.133192e-05
  Iter  40, [ 1] :    8.938697e-07
  Iter  60, [ 1] :    3.735129e-08
  Iter  65, [ 1] :    7.424133e-09

************************************************************************
-- Nonlinear Solver Step 7 -- 
||F|| = 7.191e+04  step = 1.000e+00  dx = 8.064e+03
************************************************************************

  
  *******************************************************
  ***** Belos Iterative Solver:  Block Gmres 
  ***** Maximum Iterations: 200
  ***** Block Size: 1
  ***** Residual Test: 
  *****   Test 1 : Belos::StatusTestImpResNorm<>: (2-Norm Res Vec) / (2-Norm Res0), tol = 1e-08
  *******************************************************
  Iter   0, [ 1] :    1.000000e+00
  Iter  20, [ 1] :    9.392023e-06
  Iter  40, [ 1] :    5.302308e-07
  Iter  60, [ 1] :    8.961664e-08
  Iter  66, [ 1] :    6.492544e-09

************************************************************************
-- Nonlinear Solver Step 8 -- 
||F|| = 5.406e+03  step = 1.000e+00  dx = 1.643e+03
************************************************************************

  
  *******************************************************
  ***** Belos Iterative Solver:  Block Gmres 
  ***** Maximum Iterations: 200
  ***** Block Size: 1
  ***** Residual Test: 
  *****   Test 1 : Belos::StatusTestImpResNorm<>: (2-Norm Res Vec) / (2-Norm Res0), tol = 1e-08
  *******************************************************
  Iter   0, [ 1] :    1.000000e+00
  Iter  20, [ 1] :    3.800218e-06
  Iter  40, [ 1] :    2.764056e-07
  Iter  60, [ 1] :    4.684745e-08
  Iter  65, [ 1] :    7.503725e-09

************************************************************************
-- Nonlinear Solver Step 9 -- 
||F|| = 1.432e+02  step = 1.000e+00  dx = 6.606e+01
************************************************************************

  
  *******************************************************
  ***** Belos Iterative Solver:  Block Gmres 
  ***** Maximum Iterations: 200
  ***** Block Size: 1
  ***** Residual Test: 
  *****   Test 1 : Belos::StatusTestImpResNorm<>: (2-Norm Res Vec) / (2-Norm Res0), tol = 1e-08
  *******************************************************
  Iter   0, [ 1] :    1.000000e+00
  Iter  20, [ 1] :    1.040594e-06
  Iter  40, [ 1] :    4.540577e-08
  Iter  56, [ 1] :    9.405890e-09

************************************************************************
-- Nonlinear Solver Step 10 -- 
||F|| = 5.912e+00  step = 1.000e+00  dx = 1.770e+00
************************************************************************

  
  *******************************************************
  ***** Belos Iterative Solver:  Block Gmres 
  ***** Maximum Iterations: 200
  ***** Block Size: 1
  ***** Residual Test: 
  *****   Test 1 : Belos::StatusTestImpResNorm<>: (2-Norm Res Vec) / (2-Norm Res0), tol = 1e-08
  *******************************************************
  Iter   0, [ 1] :    1.000000e+00
  Iter  20, [ 1] :    4.045347e-06
  Iter  40, [ 1] :    4.877293e-08
  Iter  50, [ 1] :    7.927867e-09

************************************************************************
-- Nonlinear Solver Step 11 -- 
||F|| = 4.059e+00  step = 1.000e+00  dx = 1.916e+00
************************************************************************

  
  *******************************************************
  ***** Belos Iterative Solver:  Block Gmres 
  ***** Maximum Iterations: 200
  ***** Block Size: 1
  ***** Residual Test: 
  *****   Test 1 : Belos::StatusTestImpResNorm<>: (2-Norm Res Vec) / (2-Norm Res0), tol = 1e-08
  *******************************************************
  Iter   0, [ 1] :    1.000000e+00
  Iter  20, [ 1] :    1.134975e-05
  Iter  31, [ 1] :    7.407800e-09

************************************************************************
-- Nonlinear Solver Step 12 -- 
||F|| = 1.808e+00  step = 5.000e-01  dx = 2.113e+00
************************************************************************

  
  *******************************************************
  ***** Belos Iterative Solver:  Block Gmres 
  ***** Maximum Iterations: 200
  ***** Block Size: 1
  ***** Residual Test: 
  *****   Test 1 : Belos::StatusTestImpResNorm<>: (2-Norm Res Vec) / (2-Norm Res0), tol = 1e-08
  *******************************************************
  Iter   0, [ 1] :    1.000000e+00
  Iter  20, [ 1] :    2.547902e-05
  Iter  36, [ 1] :    7.992535e-09

************************************************************************
-- Nonlinear Solver Step 13 -- 
||F|| = 2.882e-01  step = 5.000e-01  dx = 3.276e-01
************************************************************************

  
  *******************************************************
  ***** Belos Iterative Solver:  Block Gmres 
  ***** Maximum Iterations: 200
  ***** Block Size: 1
  ***** Residual Test: 
  *****   Test 1 : Belos::StatusTestImpResNorm<>: (2-Norm Res Vec) / (2-Norm Res0), tol = 1e-08
  *******************************************************
  Iter   0, [ 1] :    1.000000e+00
  Iter  20, [ 1] :    6.613153e-05
  Iter  40, [ 1] :    1.803048e-08
  Iter  44, [ 1] :    8.123182e-09

************************************************************************
-- Nonlinear Solver Step 14 -- 
||F|| = 3.767e-02  step = 1.000e+00  dx = 2.799e-02
************************************************************************

  
  *******************************************************
  ***** Belos Iterative Solver:  Block Gmres 
  ***** Maximum Iterations: 200
  ***** Block Size: 1
  ***** Residual Test: 
  *****   Test 1 : Belos::StatusTestImpResNorm<>: (2-Norm Res Vec) / (2-Norm Res0), tol = 1e-08
  *******************************************************
  Iter   0, [ 1] :    1.000000e+00
  Iter  20, [ 1] :    2.707503e-05
  Iter  40, [ 1] :    2.512110e-08
  Iter  45, [ 1] :    9.468879e-09

************************************************************************
-- Nonlinear Solver Step 15 -- 
||F|| = 4.434e-04  step = 1.000e+00  dx = 1.457e-03 (Converged!)
************************************************************************

************************************************************************
-- Final Status Test Results --
Converged....OR Combination -> 
  Converged....F-Norm = 4.774e-07 < 1.000e-05
               (Length-Scaled Two-Norm, Absolute Tolerance)
  ??...........Number of Iterations = -1 < 50
************************************************************************
         Response[0] = -7.00550989e+00 
*** Teuchos::StackedTimer::report() - Remainder for a level will be ***
*** incorrect if a timer in the level does not exist on every rank  ***
*** of the MPI Communicator.                                        ***
PyAlbany Total Time: 57.23 [2]
|   PyAlbany: Setup Time: 27.5158 - 48.0793% [1]
|   PyAlbany: performSolve: 29.7142 - 51.9207% [1]
|   |   Piro::NOXSolver::evalModelImpl::solve: 29.6958 - 99.9379% [1]
|   |   |   Thyra::NOXNonlinearSolver::solve: 29.6953 - 99.9985% [1]
|   |   |   |   Thyra::DefaultModelEvaluatorWithSolveFactory<double>::evalModel(...): 5.69454 - 19.1766% [45]
|   |   |   |   |   Albany: Total Fill Time: 5.69275 - 99.9686% [45]
|   |   |   |   |   |   Albany Fill: Residual: 1.87902 - 33.0072% [30]
|   |   |   |   |   |   |   Phalanx::SortAndOrderEvaluators: 1.113e-06 - 5.92331e-05% [1]
|   |   |   |   |   |   |   Albany Residual Fill: Evaluate: 1.56077 - 83.0631% [30]
|   |   |   |   |   |   |   |   Phalanx: Evaluator 8: [<Residual>] LoadStateField(bed_topography)<Residual>: 0.0328052 - 2.10186% [30]
|   |   |   |   |   |   |   |   Phalanx: Evaluator 11: [<Residual>] Save Field bed_topography to State bed_topographyResidual: 0.325093 - 20.829% [30]
|   |   |   |   |   |   |   |   Phalanx: Evaluator 5: [<Residual>] LoadStateField(surface_height)<Residual>: 0.0324816 - 2.08113% [30]
|   |   |   |   |   |   |   |   Phalanx: Evaluator 12: [<Residual>] Save Field surface_height to State surface_heightResidual: 0.320473 - 20.533% [30]
|   |   |   |   |   |   |   |   Phalanx: Evaluator 31: [<Residual>] Shared Parameter Glen's Law Homotopy Parameter<Residual>: 0.000839686 - 0.0537995% [30]
|   |   |   |   |   |   |   |   Phalanx: Evaluator 2: [<Residual>] Gather Coordinate Vector<Residual>: 0.0651841 - 4.17641% [30]
|   |   |   |   |   |   |   |   Phalanx: Evaluator 25: [<Residual>] ComputeBasisFunctions<Residual>: 0.0202023 - 1.29438% [30]
|   |   |   |   |   |   |   |   Phalanx: Evaluator 0: [<Residual>] Gather Solution<Residual>: 0.0129443 - 0.829351% [30]
|   |   |   |   |   |   |   |   Phalanx: Evaluator 67: [<Residual>] FastSolutionVecGradInterpolationBase<Residual>: 0.00949705 - 0.608485% [30]
|   |   |   |   |   |   |   |   Phalanx: Evaluator 7: [<Residual>] LoadStateField(temperature)<Residual>: 0.172353 - 11.0428% [30]
|   |   |   |   |   |   |   |   Phalanx: Evaluator 78: [<Residual>] P0Interpolation[temperature] <Residual>: 0.000716099 - 0.0458811% [30]
|   |   |   |   |   |   |   |   Phalanx: Evaluator 24: [<Residual>] MapToPhysicalFrame<Residual>: 0.0122128 - 0.782486% [30]
|   |   |   |   |   |   |   |   Phalanx: Evaluator 26: [<Residual>] P0Interpolation[Coord Vec] <Residual>: 0.000384092 - 0.0246091% [30]
|   |   |   |   |   |   |   |   Phalanx: Evaluator 76: [<Residual>] P0Interpolation[surface_height] <Residual>: 0.0136712 - 0.875924% [30]
|   |   |   |   |   |   |   |   Phalanx: Evaluator 3: [<Residual>] Pressure Corrected Temperature<Residual>: 0.0124701 - 0.798969% [30]
|   |   |   |   |   |   |   |   Phalanx: Evaluator 33: [<Residual>] ViscosityFO<Residual>: 0.000719547 - 0.046102% [30]
|   |   |   |   |   |   |   |   Phalanx: Evaluator 34: [<Residual>] Dissipation: 0.0247392 - 1.58507% [30]
|   |   |   |   |   |   |   |   Phalanx: Evaluator 35: [<Residual>] P0Interpolation[LandIce Dissipation] <Residual>: 0.00741054 - 0.4748% [30]
|   |   |   |   |   |   |   |   Phalanx: Evaluator 36: [<Residual>] Save Field LandIce Dissipation to State dissipation_heatResidual: 0.0782977 - 5.01661% [30]
|   |   |   |   |   |   |   |   Phalanx: Evaluator 75: [<Residual>] DOFGradInterpolationBase<Residual>: 0.000278096 - 0.0178179% [30]
|   |   |   |   |   |   |   |   Phalanx: Evaluator 37: [<Residual>] StokesFOBodyForce<Residual>: 0.00232514 - 0.148974% [30]
|   |   |   |   |   |   |   |   Phalanx: Evaluator 66: [<Residual>] FastSolutionVecInterpolationBase<Residual>: 0.000743199 - 0.0476174% [30]
|   |   |   |   |   |   |   |   Phalanx: Evaluator 28: [<Residual>] StokesFOResid<Residual>: 0.0488579 - 3.13037% [30]
|   |   |   |   |   |   |   |   Phalanx: Evaluator 63: [<Residual>] DOFCellToSide(Coord Vec -> Coord Vec_extruded_boundary_side_set_1)[Vertex Vector]<Residual>: 0.121517 - 7.78569% [30]
|   |   |   |   |   |   |   |   Phalanx: Evaluator 60: [<Residual>] ComputeBasisFunctionsSide<Residual>: 0.0214941 - 1.37715% [30]
|   |   |   |   |   |   |   |   Phalanx: Evaluator 101: [<Residual>] DOFCellToSide(surface_height -> surface_height_extruded_boundary_side_set_1)[Node Scalar]<Residual>: 0.000121576 - 0.00778949% [30]
|   |   |   |   |   |   |   |   Phalanx: Evaluator 103: [<Residual>] DOFInterpolationSide<Residual>: 0.000160919 - 0.0103102% [30]
|   |   |   |   |   |   |   |   Phalanx: Evaluator 4: [<Residual>] LoadStateField(ice_thickness)<Residual>: 0.0355801 - 2.27965% [30]
|   |   |   |   |   |   |   |   Phalanx: Evaluator 99: [<Residual>] DOFCellToSide(ice_thickness -> ice_thickness_extruded_boundary_side_set_1)[Node Scalar]<Residual>: 0.000128129 - 0.00820934% [30]
|   |   |   |   |   |   |   |   Phalanx: Evaluator 100: [<Residual>] DOFInterpolationSide<Residual>: 0.00358908 - 0.229956% [30]
|   |   |   |   |   |   |   |   Phalanx: Evaluator 38: [<Residual>] StokesFOLateralResid<Residual>: 0.000777216 - 0.0497969% [30]
|   |   |   |   |   |   |   |   Phalanx: Evaluator 59: [<Residual>] DOFCellToSide(Coord Vec -> Coord Vec_basalside)[Vertex Vector]<Residual>: 0.00220102 - 0.141021% [30]
|   |   |   |   |   |   |   |   Phalanx: Evaluator 56: [<Residual>] ComputeBasisFunctionsSide<Residual>: 0.01139 - 0.729768% [30]
|   |   |   |   |   |   |   |   Phalanx: Evaluator 49: [<Residual>] Shared Parameter Power Exponent<Residual>: 0.00103204 - 0.0661235% [30]
|   |   |   |   |   |   |   |   Phalanx: Evaluator 18: [<Residual>] Load Side Set Field log_basal_friction_basalside from Side Set State log_basal_friction<Residual>: 0.0174219 - 1.11624% [30]
|   |   |   |   |   |   |   |   Phalanx: Evaluator 91: [<Residual>] DOFInterpolationSide<Residual>: 0.000113799 - 0.00729121% [30]
|   |   |   |   |   |   |   |   Phalanx: Evaluator 13: [<Residual>] Load Side Set Field ice_thickness_basalside from Side Set State ice_thickness<Residual>: 0.0181531 - 1.16309% [30]
|   |   |   |   |   |   |   |   Phalanx: Evaluator 17: [<Residual>] Load Side Set Field bed_topography_basalside from Side Set State bed_topography<Residual>: 0.0158955 - 1.01844% [30]
|   |   |   |   |   |   |   |   Phalanx: Evaluator 50: [<Residual>] BasalFrictionCoefficient<Residual>: 0.000757756 - 0.0485501% [30]
|   |   |   |   |   |   |   |   Phalanx: Evaluator 79: [<Residual>] DOFCellToSide(Velocity -> Velocity_basalside)[Node Vector]<Residual>: 0.0025494 - 0.163343% [30]
|   |   |   |   |   |   |   |   Phalanx: Evaluator 80: [<Residual>] DOFVecInterpolationSide<Residual>: 0.00153525 - 0.0983649% [30]
|   |   |   |   |   |   |   |   Phalanx: Evaluator 39: [<Residual>] StokesFOBasalResid<Residual>: 0.00138064 - 0.0884591% [30]
|   |   |   |   |   |   |   |   Phalanx: Evaluator 1: [<Residual>] Scatter Velocity Residual<Residual>: 0.00236081 - 0.15126% [30]
|   |   |   |   |   |   |   |   Remainder: 0.107913 - 6.91405%
|   |   |   |   |   |   |   Albany Residual Fill: Export: 0.00199791 - 0.106328% [30]
|   |   |   |   |   |   |   Remainder: 0.316249 - 16.8305%
|   |   |   |   |   |   Albany Fill: Jacobian: 3.81313 - 66.9822% [15]
|   |   |   |   |   |   |   Phalanx::SortAndOrderEvaluators: 4.41e-07 - 1.15653e-05% [1]
|   |   |   |   |   |   |   Albany Jacobian Fill: Evaluate: 2.46242 - 64.5773% [15]
|   |   |   |   |   |   |   |   Phalanx: Evaluator 141: [<Jacobian>] Shared Parameter Glen's Law Homotopy Parameter<Jacobian>: 0.000172679 - 0.00701258% [15]
|   |   |   |   |   |   |   |   Phalanx: Evaluator 112: [<Jacobian>] Gather Coordinate Vector<Jacobian>: 0.0652086 - 2.64815% [15]
|   |   |   |   |   |   |   |   Phalanx: Evaluator 135: [<Jacobian>] ComputeBasisFunctions<Jacobian>: 0.0200127 - 0.812725% [15]
|   |   |   |   |   |   |   |   Phalanx: Evaluator 110: [<Jacobian>] Gather Solution<Jacobian>: 0.0126063 - 0.511948% [15]
|   |   |   |   |   |   |   |   Phalanx: Evaluator 177: [<Jacobian>] FastSolutionVecGradInterpolationBase<Jacobian>: 0.0158405 - 0.643291% [15]
|   |   |   |   |   |   |   |   Phalanx: Evaluator 117: [<Jacobian>] LoadStateField(temperature)<Jacobian>: 0.259645 - 10.5443% [15]
|   |   |   |   |   |   |   |   Phalanx: Evaluator 187: [<Jacobian>] P0Interpolation[temperature] <Jacobian>: 0.000367098 - 0.014908% [15]
|   |   |   |   |   |   |   |   Phalanx: Evaluator 134: [<Jacobian>] MapToPhysicalFrame<Jacobian>: 0.0126019 - 0.511771% [15]
|   |   |   |   |   |   |   |   Phalanx: Evaluator 136: [<Jacobian>] P0Interpolation[Coord Vec] <Jacobian>: 0.000210436 - 0.00854591% [15]
|   |   |   |   |   |   |   |   Phalanx: Evaluator 115: [<Jacobian>] LoadStateField(surface_height)<Jacobian>: 0.0397898 - 1.61588% [15]
|   |   |   |   |   |   |   |   Phalanx: Evaluator 185: [<Jacobian>] P0Interpolation[surface_height] <Jacobian>: 0.000179998 - 0.00730981% [15]
|   |   |   |   |   |   |   |   Phalanx: Evaluator 113: [<Jacobian>] Pressure Corrected Temperature<Jacobian>: 0.0113164 - 0.459564% [15]
|   |   |   |   |   |   |   |   Phalanx: Evaluator 143: [<Jacobian>] ViscosityFO<Jacobian>: 0.000438084 - 0.0177908% [15]
|   |   |   |   |   |   |   |   Phalanx: Evaluator 184: [<Jacobian>] DOFGradInterpolationBase<Jacobian>: 0.128949 - 5.2367% [15]
|   |   |   |   |   |   |   |   Phalanx: Evaluator 147: [<Jacobian>] StokesFOBodyForce<Jacobian>: 0.00225432 - 0.0915489% [15]
|   |   |   |   |   |   |   |   Phalanx: Evaluator 176: [<Jacobian>] FastSolutionVecInterpolationBase<Jacobian>: 0.00294912 - 0.119765% [15]
|   |   |   |   |   |   |   |   Phalanx: Evaluator 138: [<Jacobian>] StokesFOResid<Jacobian>: 0.0799208 - 3.24562% [15]
|   |   |   |   |   |   |   |   Phalanx: Evaluator 173: [<Jacobian>] DOFCellToSide(Coord Vec -> Coord Vec_extruded_boundary_side_set_1)[Vertex Vector]<Jacobian>: 1.58416 - 64.3337% [15]
|   |   |   |   |   |   |   |   Phalanx: Evaluator 170: [<Jacobian>] ComputeBasisFunctionsSide<Jacobian>: 0.0171988 - 0.698451% [15]
|   |   |   |   |   |   |   |   Phalanx: Evaluator 210: [<Jacobian>] DOFCellToSide(surface_height -> surface_height_extruded_boundary_side_set_1)[Node Scalar]<Jacobian>: 6.5456e-05 - 0.0026582% [15]
|   |   |   |   |   |   |   |   Phalanx: Evaluator 212: [<Jacobian>] DOFInterpolationSide<Jacobian>: 8.957e-05 - 0.00363748% [15]
|   |   |   |   |   |   |   |   Phalanx: Evaluator 114: [<Jacobian>] LoadStateField(ice_thickness)<Jacobian>: 0.0358888 - 1.45746% [15]
|   |   |   |   |   |   |   |   Phalanx: Evaluator 208: [<Jacobian>] DOFCellToSide(ice_thickness -> ice_thickness_extruded_boundary_side_set_1)[Node Scalar]<Jacobian>: 8.21e-05 - 0.00333412% [15]
|   |   |   |   |   |   |   |   Phalanx: Evaluator 209: [<Jacobian>] DOFInterpolationSide<Jacobian>: 0.00335843 - 0.136388% [15]
|   |   |   |   |   |   |   |   Phalanx: Evaluator 148: [<Jacobian>] StokesFOLateralResid<Jacobian>: 0.000418185 - 0.0169827% [15]
|   |   |   |   |   |   |   |   Phalanx: Evaluator 169: [<Jacobian>] DOFCellToSide(Coord Vec -> Coord Vec_basalside)[Vertex Vector]<Jacobian>: 0.0236168 - 0.95909% [15]
|   |   |   |   |   |   |   |   Phalanx: Evaluator 166: [<Jacobian>] ComputeBasisFunctionsSide<Jacobian>: 0.0107907 - 0.438215% [15]
|   |   |   |   |   |   |   |   Phalanx: Evaluator 159: [<Jacobian>] Shared Parameter Power Exponent<Jacobian>: 0.000593151 - 0.0240882% [15]
|   |   |   |   |   |   |   |   Phalanx: Evaluator 128: [<Jacobian>] Load Side Set Field log_basal_friction_basalside from Side Set State log_basal_friction<Jacobian>: 0.0182081 - 0.73944% [15]
|   |   |   |   |   |   |   |   Phalanx: Evaluator 200: [<Jacobian>] DOFInterpolationSide<Jacobian>: 6.2228e-05 - 0.00252711% [15]
|   |   |   |   |   |   |   |   Phalanx: Evaluator 123: [<Jacobian>] Load Side Set Field ice_thickness_basalside from Side Set State ice_thickness<Jacobian>: 0.0186764 - 0.75846% [15]
|   |   |   |   |   |   |   |   Phalanx: Evaluator 127: [<Jacobian>] Load Side Set Field bed_topography_basalside from Side Set State bed_topography<Jacobian>: 0.0165892 - 0.673695% [15]
|   |   |   |   |   |   |   |   Phalanx: Evaluator 160: [<Jacobian>] BasalFrictionCoefficient<Jacobian>: 0.000407065 - 0.0165311% [15]
|   |   |   |   |   |   |   |   Phalanx: Evaluator 188: [<Jacobian>] DOFCellToSide(Velocity -> Velocity_basalside)[Node Vector]<Jacobian>: 0.00288011 - 0.116963% [15]
|   |   |   |   |   |   |   |   Phalanx: Evaluator 189: [<Jacobian>] DOFVecInterpolationSide<Jacobian>: 0.00492037 - 0.199819% [15]
|   |   |   |   |   |   |   |   Phalanx: Evaluator 149: [<Jacobian>] StokesFOBasalResid<Jacobian>: 0.00620996 - 0.252189% [15]
|   |   |   |   |   |   |   |   Phalanx: Evaluator 111: [<Jacobian>] Scatter Velocity Residual<Jacobian>: 0.0140332 - 0.569895% [15]
|   |   |   |   |   |   |   |   Remainder: 0.0517018 - 2.09964%
|   |   |   |   |   |   |   Albany Jacobian Fill: Export: 0.00090451 - 0.0237209% [15]
|   |   |   |   |   |   |   Remainder: 1.34981 - 35.399%
|   |   |   |   |   |   Remainder: 0.000602119 - 0.0105769%
|   |   |   |   |   Remainder: 0.0017871 - 0.0313828%
|   |   |   |   NOX Total Preconditioner Construction: 16.4885 - 55.5256% [15]
|   |   |   |   |   ThyraMueLu::initializePrec: 16.4174 - 99.5689% [15]
|   |   |   |   |   |   MueLu: ParameterListInterpreter (ParameterList): 0.0118477 - 0.0721655% [15]
|   |   |   |   |   |   Ifpack2::Chebyshev::compute: 0.922329 - 5.618% [15]
|   |   |   |   |   |   Ifpack2::Relaxation::initialize: 0.0377433 - 0.229898% [30]
|   |   |   |   |   |   Ifpack2::Relaxation::compute: 0.00588961 - 0.0358742% [30]
|   |   |   |   |   |   Utilities_kokkos::GetMatrixDiagonalInverse: 0.000975418 - 0.00594136% [15]
|   |   |   |   |   |   Remainder: 15.4386 - 94.0381%
|   |   |   |   |   Remainder: 0.071087 - 0.431131%
|   |   |   |   NOX Total Linear Solve: 7.4831 - 25.1996% [15]
|   |   |   |   |   Stratimikos: BelosLOWS: 7.48305 - 99.9993% [15]
|   |   |   |   |   |   Belos: Operation Op*x: 0.010553 - 0.141025% [15]
|   |   |   |   |   |   Belos::MVT::MvAddMv: 0.000155618 - 0.00207961% [15]
|   |   |   |   |   |   Belos: BlockGmresSolMgr total solve time: 7.41214 - 99.0525% [15]
|   |   |   |   |   |   |   Belos: ICGS[2]: Orthogonalization: 1.07307 - 14.4772% [904]
|   |   |   |   |   |   |   |   Belos: ICGS[2]: Ortho (Norm): 0.0388224 - 3.61788% [904]
|   |   |   |   |   |   |   |   |   Belos::MVT::MvDot: 0.0378516 - 97.4993% [904]
|   |   |   |   |   |   |   |   |   Remainder: 0.000970836 - 2.50071%
|   |   |   |   |   |   |   |   Belos::MVT::MvScale: 0.00478673 - 0.446077% [904]
|   |   |   |   |   |   |   |   Belos: ICGS[2]: Ortho (Inner Product): 0.591192 - 55.0935% [1778]
|   |   |   |   |   |   |   |   |   Belos::MVT::MvTransMv: 0.58895 - 99.6208% [1778]
|   |   |   |   |   |   |   |   |   Remainder: 0.00224198 - 0.379229%
|   |   |   |   |   |   |   |   Belos: ICGS[2]: Ortho (Update): 0.432323 - 40.2884% [1778]
|   |   |   |   |   |   |   |   |   Belos::MVT::MvTimesMatAddMv: 0.430353 - 99.5442% [1778]
|   |   |   |   |   |   |   |   |   Remainder: 0.00197054 - 0.455803%
|   |   |   |   |   |   |   |   Remainder: 0.00594664 - 0.55417%
|   |   |   |   |   |   |   Belos::MVT::MvAddMv: 0.000544086 - 0.00734047% [60]
|   |   |   |   |   |   |   Belos::MVT::MvNorm: 0.00978618 - 0.132029% [30]
|   |   |   |   |   |   |   Belos: Operation Prec*x: 3.24309 - 43.7537% [904]
|   |   |   |   |   |   |   |   Ifpack2::Chebyshev::apply: 0.813254 - 25.0765% [1808]
|   |   |   |   |   |   |   |   Ifpack2::Relaxation::apply: 0.7187 - 22.161% [2712]
|   |   |   |   |   |   |   |   Remainder: 1.71113 - 52.7625%
|   |   |   |   |   |   |   Belos: Operation Op*x: 2.93236 - 39.5616% [904]
|   |   |   |   |   |   |   Belos::MVT::MvTimesMatAddMv: 0.0221748 - 0.299169% [15]
|   |   |   |   |   |   |   Remainder: 0.131119 - 1.76897%
|   |   |   |   |   |   Remainder: 0.0601949 - 0.804417%
|   |   |   |   |   Remainder: 5.2317e-05 - 0.000699136%
|   |   |   |   Remainder: 0.0291939 - 0.0983114%
|   |   |   Remainder: 0.000448272 - 0.00150955%
|   |   Piro::SteadyStateSolver::evalConvergedModelResponsesAndSensitivities::calc g, df/dp, dg/dp, dg/dx: 0.00107882 - 0.00363064% [1]
|   |   |   Thyra::DefaultModelEvaluatorWithSolveFactory<double>::evalModel(...): 0.0010124 - 93.8434% [1]
|   |   |   |   Albany: Total Fill Time: 0.000983423 - 97.138% [1]
|   |   |   |   |   Albany Fill: Response: 0.000968133 - 98.4452% [1]
|   |   |   |   |   Remainder: 1.529e-05 - 1.55477%
|   |   |   |   Remainder: 2.8975e-05 - 2.86202%
|   |   |   Remainder: 6.6418e-05 - 6.15656%
|   |   Albany Fill: State Residual: 0.00289323 - 0.00973684% [1]
|   |   |   Phalanx::SortAndOrderEvaluators: 1.352e-06 - 0.0467298% [5]
|   |   |   Remainder: 0.00289187 - 99.9533%
|   |   Albany: Output to File: 0.0130918 - 0.0440589% [1]
|   |   Thyra::DefaultModelEvaluatorWithSolveFactory<double>::evalModel(...): 0.000132886 - 0.000447213% [1]
|   |   |   Albany: Total Fill Time: 7.6447e-05 - 57.5283% [1]
|   |   |   |   Albany Fill: Response: 6.7921e-05 - 88.8472% [1]
|   |   |   |   Remainder: 8.526e-06 - 11.1528%
|   |   |   Remainder: 5.6439e-05 - 42.4717%
|   |   Remainder: 0.00125954 - 0.00423885%
|   Remainder: 1.1443e-05 - 1.99947e-05%
~PyProblem()
<PyAlbany.Albany_Pybind11.RCPPyParameterList object at 0x15424f834bf0>
<PyAlbany.Albany_Pybind11.RCPPyParameterList object at 0x15424f834cf0>
Solve time: 29.714232001
~PyParallelEnv()

