*********************************************************************************
**  ______   __  __   ______   __       ______   ______   __   __   __  __     **
** /\  == \ /\ \_\ \ /\  __ \ /\ \     /\  == \ /\  __ \ /\ "-.\ \ /\ \_\ \    **
** \ \  __/ \ \____ \\ \  __ \\ \ \____\ \  __< \ \  __ \\ \ \-.  \\ \____ \   **
**  \ \_\    \/\_____\\ \_\ \_\\ \_____\\ \_____\\ \_\ \_\\ \_\\"\_\\/\_____\  **
**   \/_/     \/_____/ \/_/\/_/ \/_____/ \/_____/ \/_/\/_/ \/_/ \/_/ \/_____/  **
**                                                                             **
*********************************************************************************
** Trilinos git commit id - c70ae3dfa18
** Albany git branch ------ pybind11_PR
** Albany git commit id --- 7a1da3122
** Albany cxx compiler ---- GNU 10.3.0
** Albany cuda compiler --- Cuda 115
** Simulation start time -- 2022-09-22 at 15:21:22
***************************************************************
Albany_IOSS: Loading STKMesh from Exodus file  /global/homes/m/mcarlson/LandIce/ALITune/optimize/data/mesh-pop-wdg/gis_basal_populated.exo
Albany_IOSS: Loading STKMesh from Exodus file  /global/homes/m/mcarlson/LandIce/ALITune/optimize/data/mesh-pop-wdg/gis_upper_populated.exo
IOSS-STK: number of node sets = 3
IOSS-STK: number of side sets = 3
IOSS-STK: number of node sets = 3
IOSS-STK: number of side sets = 3
IOSS-STK: number of node sets = 1
IOSS-STK: number of side sets = 0
Restart Index set, reading solution index : 1
[GenericSTKMeshStruct] Processing field requirements...
  - Skipping field 'ice_thickness' since it's listed as present in the mesh.
  - Skipping field 'observed_ice_thickness' since it's listed as present in the mesh.
  - Skipping field 'observed_ice_thickness_RMS' since it's listed as present in the mesh.
  - Skipping field 'surface_height' since it's listed as present in the mesh.
  - Skipping field 'bed_topography' since it's listed as present in the mesh.
  - Skipping field 'log_basal_friction' since it's listed as present in the mesh.
  - Skipping field 'temperature' since it's listed as present in the mesh.
  - Skipping field 'apparent_mass_balance' since it's listed as present in the mesh.
  - Skipping field 'apparent_mass_balance_RMS' since it's listed as present in the mesh.
[ExtrudedSTKMesh] Adding nodes... done!
[ExtrudedSTKMesh] Adding elements... done!
[ExtrudedSTKMesh] Adding basalside sides... done!
[ExtrudedSTKMesh] Adding upperside sides... done!
[ExtrudedSTKMesh] Adding lateral sides... done!
[ExtrudedSTKMesh] Extruding basal fields...
  - Extruding Scalar Node field ice_thickness...done!
  - Extruding Scalar Node field surface_height...done!
  - Extruding Scalar Node field log_basal_friction...done!
  - Extruding Scalar Node field bed_topography...done!
  - Extruding Scalar Node field apparent_mass_balance...done!
  - Extruding Scalar Node field apparent_mass_balance_RMS...done!
[ExtrudedSTKMesh] Interpolating layered basal fields...
  - Interpolating Scalar field temperature...done!
[GenericSTKMeshStruct] Processing field requirements...
  - Skipping field 'ice_thickness' since it's listed as present in the mesh.
  - Skipping field 'surface_height' since it's listed as present in the mesh.
  - Skipping field 'log_basal_friction' since it's listed as present in the mesh.
  - Skipping field 'temperature' since it's listed as present in the mesh.
  - Skipping field 'bed_topography' since it's listed as present in the mesh.
  - Skipping field 'apparent_mass_balance' since it's listed as present in the mesh.
  - Skipping field 'apparent_mass_balance_RMS' since it's listed as present in the mesh.
  - Skipping field 'bed_topography' since it's listed as output. Make sure there's an evaluator set to save it!
  - Skipping field 'surface_height' since it's listed as output. Make sure there's an evaluator set to save it!
Restart Index set, reading solution index : 1
[GenericSTKMeshStruct] Processing field requirements...
  - Skipping field 'observed_surface_velocity' since it's listed as present in the mesh.
  - Skipping field 'observed_surface_velocity_RMS' since it's listed as present in the mesh.
STKDisc: 725880 elements on Proc 0 
STKDisc: nodeset basal_boundary_node_set_0 has size 0  on Proc 0.
STKDisc: nodeset basal_boundary_node_set_1 has size 6027  on Proc 0.
STKDisc: nodeset basal_node_set has size 39224  on Proc 0.
STKDisc: nodeset bottom has size 39224  on Proc 0.
STKDisc: nodeset extruded_boundary_node_set_0 has size 0  on Proc 0.
STKDisc: nodeset extruded_boundary_node_set_1 has size 66297  on Proc 0.
STKDisc: nodeset extruded_node_set has size 431464  on Proc 0.
STKDisc: nodeset lateral has size 66297  on Proc 0.
STKDisc: nodeset top has size 39224  on Proc 0.
STKDisc: sideset basalside has size 72588  on Proc 0.
STKDisc: sideset extruded_boundary_side_set has size 60460  on Proc 0.
STKDisc: sideset extruded_boundary_side_set_1 has size 57830  on Proc 0.
STKDisc: sideset extruded_boundary_side_set_1_tri3_edge2 has size 57830  on Proc 0.
STKDisc: sideset extruded_boundary_side_set_2 has size 2630  on Proc 0.
STKDisc: sideset extruded_boundary_side_set_2_tri3_edge2 has size 2630  on Proc 0.
STKDisc: sideset extruded_boundary_side_set_tri3_edge2 has size 60460  on Proc 0.
STKDisc: sideset lateralside has size 60460  on Proc 0.
STKDisc: sideset upperside has size 72588  on Proc 0.
STKDisc: 72588 elements on Proc 0 
STKDisc: nodeset boundary_node_set_0 has size 0  on Proc 0.
STKDisc: nodeset boundary_node_set_1 has size 6027  on Proc 0.
STKDisc: nodeset node_set has size 39224  on Proc 0.
STKDisc: sideset boundary_side_set has size 6046  on Proc 0.
STKDisc: sideset boundary_side_set_1 has size 5783  on Proc 0.
STKDisc: sideset boundary_side_set_2 has size 263  on Proc 0.
STKDisc: 72588 elements on Proc 0 
STKDisc: nodeset all_nodes has size 39224  on Proc 0.
StateManager: initializing state:  ice_thickness
StateManager: initializing state:  surface_height
StateManager: initializing state:  log_basal_friction
StateManager: initializing state:  temperature
StateManager: initializing state:  bed_topography
StateManager: initializing state:  apparent_mass_balance
StateManager: initializing state:  apparent_mass_balance_RMS
StateManager: initializing state:  dissipation_heat

StateManager: initializing state:  ice_thickness
StateManager: initializing state:  observed_ice_thickness
StateManager: initializing state:  observed_ice_thickness_RMS
StateManager: initializing state:  surface_height
StateManager: initializing state:  bed_topography
StateManager: initializing state:  log_basal_friction
StateManager: initializing state:  temperature
StateManager: initializing state:  apparent_mass_balance
StateManager: initializing state:  apparent_mass_balance_RMS

StateManager: initializing state:  observed_surface_velocity
StateManager: initializing state:  observed_surface_velocity_RMS

xxxxxxxxxxxxxxxxxxxxxxxxxxxxxxxxxxxxxxxxxxxxxxx
 Sacado ParameterLibrary has been initialized:
 Library of all registered parameters:
xxxxxxxxxxxxxxxxxxxxxxxxxxxxxxxxxxxxxxxxxxxxxxx

Total number of parameters  = 0
Number of non-distributed parameters  = 0
Number of response vectors  = 1
Number of distributed parameters vectors  = 0

************************************************************************
-- Nonlinear Solver Step 0 -- 
||F|| = 5.152e+05  step = 0.000e+00  dx = 0.000e+00
************************************************************************

  
  *******************************************************
  ***** Belos Iterative Solver:  Block Gmres 
  ***** Maximum Iterations: 200
  ***** Block Size: 1
  ***** Residual Test: 
  *****   Test 1 : Belos::StatusTestImpResNorm<>: (2-Norm Res Vec) / (2-Norm Res0), tol = 1e-08
  *******************************************************
  Iter   0, [ 1] :    1.000000e+00
  Iter  20, [ 1] :    1.691342e-03
  Iter  40, [ 1] :    1.515370e-05
  Iter  60, [ 1] :    9.576348e-07
  Iter  80, [ 1] :    1.458715e-08
  Iter  82, [ 1] :    9.629063e-09

************************************************************************
-- Nonlinear Solver Step 1 -- 
||F|| = 5.031e+05  step = 1.250e-01  dx = 1.950e+04
************************************************************************

  
  *******************************************************
  ***** Belos Iterative Solver:  Block Gmres 
  ***** Maximum Iterations: 200
  ***** Block Size: 1
  ***** Residual Test: 
  *****   Test 1 : Belos::StatusTestImpResNorm<>: (2-Norm Res Vec) / (2-Norm Res0), tol = 1e-08
  *******************************************************
  Iter   0, [ 1] :    1.000000e+00
  Iter  20, [ 1] :    5.407331e-04
  Iter  40, [ 1] :    1.097075e-05
  Iter  60, [ 1] :    1.477828e-06
  Iter  80, [ 1] :    6.508917e-08
  Iter  96, [ 1] :    9.531710e-09

************************************************************************
-- Nonlinear Solver Step 2 -- 
||F|| = 4.947e+05  step = 1.250e-01  dx = 3.054e+04
************************************************************************

  
  *******************************************************
  ***** Belos Iterative Solver:  Block Gmres 
  ***** Maximum Iterations: 200
  ***** Block Size: 1
  ***** Residual Test: 
  *****   Test 1 : Belos::StatusTestImpResNorm<>: (2-Norm Res Vec) / (2-Norm Res0), tol = 1e-08
  *******************************************************
  Iter   0, [ 1] :    1.000000e+00
  Iter  20, [ 1] :    3.117855e-04
  Iter  40, [ 1] :    5.124050e-06
  Iter  60, [ 1] :    3.835213e-07
  Iter  80, [ 1] :    1.997054e-08
  Iter  92, [ 1] :    9.637814e-09

************************************************************************
-- Nonlinear Solver Step 3 -- 
||F|| = 4.786e+05  step = 1.250e-01  dx = 3.499e+04
************************************************************************

  
  *******************************************************
  ***** Belos Iterative Solver:  Block Gmres 
  ***** Maximum Iterations: 200
  ***** Block Size: 1
  ***** Residual Test: 
  *****   Test 1 : Belos::StatusTestImpResNorm<>: (2-Norm Res Vec) / (2-Norm Res0), tol = 1e-08
  *******************************************************
  Iter   0, [ 1] :    1.000000e+00
  Iter  20, [ 1] :    3.683260e-04
  Iter  40, [ 1] :    4.810334e-06
  Iter  60, [ 1] :    9.730351e-07
  Iter  80, [ 1] :    2.907113e-08
  Iter  97, [ 1] :    8.146661e-09

************************************************************************
-- Nonlinear Solver Step 4 -- 
||F|| = 4.696e+05  step = 2.500e-01  dx = 3.608e+04
************************************************************************

  
  *******************************************************
  ***** Belos Iterative Solver:  Block Gmres 
  ***** Maximum Iterations: 200
  ***** Block Size: 1
  ***** Residual Test: 
  *****   Test 1 : Belos::StatusTestImpResNorm<>: (2-Norm Res Vec) / (2-Norm Res0), tol = 1e-08
  *******************************************************
  Iter   0, [ 1] :    1.000000e+00
  Iter  20, [ 1] :    3.019970e-04
  Iter  40, [ 1] :    5.355855e-06
  Iter  60, [ 1] :    1.507992e-06
  Iter  80, [ 1] :    4.919870e-08
  Iter 100, [ 1] :    8.650652e-09

************************************************************************
-- Nonlinear Solver Step 5 -- 
||F|| = 4.639e+05  step = 5.000e-01  dx = 3.324e+04
************************************************************************

  
  *******************************************************
  ***** Belos Iterative Solver:  Block Gmres 
  ***** Maximum Iterations: 200
  ***** Block Size: 1
  ***** Residual Test: 
  *****   Test 1 : Belos::StatusTestImpResNorm<>: (2-Norm Res Vec) / (2-Norm Res0), tol = 1e-08
  *******************************************************
  Iter   0, [ 1] :    1.000000e+00
  Iter  20, [ 1] :    4.160787e-04
  Iter  40, [ 1] :    1.059514e-05
  Iter  60, [ 1] :    2.607704e-06
  Iter  80, [ 1] :    1.446930e-07
  Iter 100, [ 1] :    4.952514e-08
  Iter 108, [ 1] :    9.378933e-09

************************************************************************
-- Nonlinear Solver Step 6 -- 
||F|| = 3.400e+05  step = 1.000e+00  dx = 2.394e+04
************************************************************************

  
  *******************************************************
  ***** Belos Iterative Solver:  Block Gmres 
  ***** Maximum Iterations: 200
  ***** Block Size: 1
  ***** Residual Test: 
  *****   Test 1 : Belos::StatusTestImpResNorm<>: (2-Norm Res Vec) / (2-Norm Res0), tol = 1e-08
  *******************************************************
  Iter   0, [ 1] :    1.000000e+00
  Iter  20, [ 1] :    2.125618e-04
  Iter  40, [ 1] :    7.680581e-06
  Iter  60, [ 1] :    1.898844e-06
  Iter  80, [ 1] :    1.500633e-07
  Iter 100, [ 1] :    8.399747e-08
  Iter 113, [ 1] :    7.983296e-09

************************************************************************
-- Nonlinear Solver Step 7 -- 
||F|| = 7.191e+04  step = 1.000e+00  dx = 8.064e+03
************************************************************************

  
  *******************************************************
  ***** Belos Iterative Solver:  Block Gmres 
  ***** Maximum Iterations: 200
  ***** Block Size: 1
  ***** Residual Test: 
  *****   Test 1 : Belos::StatusTestImpResNorm<>: (2-Norm Res Vec) / (2-Norm Res0), tol = 1e-08
  *******************************************************
  Iter   0, [ 1] :    1.000000e+00
  Iter  20, [ 1] :    2.160855e-04
  Iter  40, [ 1] :    7.243156e-06
  Iter  60, [ 1] :    1.422488e-06
  Iter  80, [ 1] :    2.397403e-07
  Iter 100, [ 1] :    1.550913e-07
  Iter 116, [ 1] :    7.408757e-09

************************************************************************
-- Nonlinear Solver Step 8 -- 
||F|| = 5.406e+03  step = 1.000e+00  dx = 1.643e+03
************************************************************************

  
  *******************************************************
  ***** Belos Iterative Solver:  Block Gmres 
  ***** Maximum Iterations: 200
  ***** Block Size: 1
  ***** Residual Test: 
  *****   Test 1 : Belos::StatusTestImpResNorm<>: (2-Norm Res Vec) / (2-Norm Res0), tol = 1e-08
  *******************************************************
  Iter   0, [ 1] :    1.000000e+00
  Iter  20, [ 1] :    1.311560e-04
  Iter  40, [ 1] :    3.594476e-06
  Iter  60, [ 1] :    5.141440e-07
  Iter  80, [ 1] :    1.659877e-07
  Iter 100, [ 1] :    9.483147e-08
  Iter 114, [ 1] :    8.849918e-09

************************************************************************
-- Nonlinear Solver Step 9 -- 
||F|| = 1.432e+02  step = 1.000e+00  dx = 6.606e+01
************************************************************************

  
  *******************************************************
  ***** Belos Iterative Solver:  Block Gmres 
  ***** Maximum Iterations: 200
  ***** Block Size: 1
  ***** Residual Test: 
  *****   Test 1 : Belos::StatusTestImpResNorm<>: (2-Norm Res Vec) / (2-Norm Res0), tol = 1e-08
  *******************************************************
  Iter   0, [ 1] :    1.000000e+00
  Iter  20, [ 1] :    4.839767e-05
  Iter  40, [ 1] :    6.772992e-07
  Iter  60, [ 1] :    6.927638e-08
  Iter  80, [ 1] :    3.061817e-08
  Iter 100, [ 1] :    1.169870e-08
  Iter 103, [ 1] :    9.836101e-09

************************************************************************
-- Nonlinear Solver Step 10 -- 
||F|| = 5.913e+00  step = 1.000e+00  dx = 1.770e+00
************************************************************************

  
  *******************************************************
  ***** Belos Iterative Solver:  Block Gmres 
  ***** Maximum Iterations: 200
  ***** Block Size: 1
  ***** Residual Test: 
  *****   Test 1 : Belos::StatusTestImpResNorm<>: (2-Norm Res Vec) / (2-Norm Res0), tol = 1e-08
  *******************************************************
  Iter   0, [ 1] :    1.000000e+00
  Iter  20, [ 1] :    3.632544e-04
  Iter  40, [ 1] :    9.125574e-07
  Iter  60, [ 1] :    9.378912e-08
  Iter  80, [ 1] :    3.554287e-08
  Iter  91, [ 1] :    8.501280e-09

************************************************************************
-- Nonlinear Solver Step 11 -- 
||F|| = 4.059e+00  step = 1.000e+00  dx = 1.916e+00
************************************************************************

  
  *******************************************************
  ***** Belos Iterative Solver:  Block Gmres 
  ***** Maximum Iterations: 200
  ***** Block Size: 1
  ***** Residual Test: 
  *****   Test 1 : Belos::StatusTestImpResNorm<>: (2-Norm Res Vec) / (2-Norm Res0), tol = 1e-08
  *******************************************************
  Iter   0, [ 1] :    1.000000e+00
  Iter  20, [ 1] :    7.114150e-04
  Iter  40, [ 1] :    3.063422e-06
  Iter  56, [ 1] :    7.197495e-09

************************************************************************
-- Nonlinear Solver Step 12 -- 
||F|| = 1.809e+00  step = 5.000e-01  dx = 2.113e+00
************************************************************************

  
  *******************************************************
  ***** Belos Iterative Solver:  Block Gmres 
  ***** Maximum Iterations: 200
  ***** Block Size: 1
  ***** Residual Test: 
  *****   Test 1 : Belos::StatusTestImpResNorm<>: (2-Norm Res Vec) / (2-Norm Res0), tol = 1e-08
  *******************************************************
  Iter   0, [ 1] :    1.000000e+00
  Iter  20, [ 1] :    3.138577e-04
  Iter  40, [ 1] :    2.217124e-06
  Iter  58, [ 1] :    9.591163e-09

************************************************************************
-- Nonlinear Solver Step 13 -- 
||F|| = 2.882e-01  step = 5.000e-01  dx = 3.276e-01
************************************************************************

  
  *******************************************************
  ***** Belos Iterative Solver:  Block Gmres 
  ***** Maximum Iterations: 200
  ***** Block Size: 1
  ***** Residual Test: 
  *****   Test 1 : Belos::StatusTestImpResNorm<>: (2-Norm Res Vec) / (2-Norm Res0), tol = 1e-08
  *******************************************************
  Iter   0, [ 1] :    1.000000e+00
  Iter  20, [ 1] :    2.154542e-03
  Iter  40, [ 1] :    1.513706e-05
  Iter  60, [ 1] :    2.610598e-08
  Iter  80, [ 1] :    1.085672e-08
  Iter  84, [ 1] :    9.749367e-09

************************************************************************
-- Nonlinear Solver Step 14 -- 
||F|| = 3.767e-02  step = 1.000e+00  dx = 2.798e-02
************************************************************************

  
  *******************************************************
  ***** Belos Iterative Solver:  Block Gmres 
  ***** Maximum Iterations: 200
  ***** Block Size: 1
  ***** Residual Test: 
  *****   Test 1 : Belos::StatusTestImpResNorm<>: (2-Norm Res Vec) / (2-Norm Res0), tol = 1e-08
  *******************************************************
  Iter   0, [ 1] :    1.000000e+00
  Iter  20, [ 1] :    5.781443e-04
  Iter  40, [ 1] :    5.015940e-06
  Iter  60, [ 1] :    4.964286e-08
  Iter  80, [ 1] :    2.165368e-08
  Iter  94, [ 1] :    9.911400e-09

************************************************************************
-- Nonlinear Solver Step 15 -- 
||F|| = 4.437e-04  step = 1.000e+00  dx = 1.457e-03 (Converged!)
************************************************************************

************************************************************************
-- Final Status Test Results --
Converged....OR Combination -> 
  Converged....F-Norm = 4.776e-07 < 1.000e-05
               (Length-Scaled Two-Norm, Absolute Tolerance)
  ??...........Number of Iterations = -1 < 50
************************************************************************
         Response[0] = -7.00550989e+00 
*** Teuchos::StackedTimer::report() - Remainder for a level will be ***
*** incorrect if a timer in the level does not exist on every rank  ***
*** of the MPI Communicator.                                        ***
PyAlbany Total Time: 59.557 [2]
|   PyAlbany: Setup Time: 27.4861 - 46.151% [1]
|   PyAlbany: performSolve: 32.0708 - 53.849% [1]
|   |   Piro::NOXSolver::evalModelImpl::solve: 32.0523 - 99.9423% [1]
|   |   |   Thyra::NOXNonlinearSolver::solve: 32.0518 - 99.9983% [1]
|   |   |   |   Thyra::DefaultModelEvaluatorWithSolveFactory<double>::evalModel(...): 5.70176 - 17.7892% [45]
|   |   |   |   |   Albany: Total Fill Time: 5.70011 - 99.971% [45]
|   |   |   |   |   |   Albany Fill: Residual: 1.89666 - 33.2741% [30]
|   |   |   |   |   |   |   Phalanx::SortAndOrderEvaluators: 1.071e-06 - 5.64676e-05% [1]
|   |   |   |   |   |   |   Albany Residual Fill: Evaluate: 1.58445 - 83.5386% [30]
|   |   |   |   |   |   |   |   Phalanx: Evaluator 8: [<Residual>] LoadStateField(bed_topography)<Residual>: 0.0326828 - 2.06273% [30]
|   |   |   |   |   |   |   |   Phalanx: Evaluator 11: [<Residual>] Save Field bed_topography to State bed_topographyResidual: 0.324756 - 20.4965% [30]
|   |   |   |   |   |   |   |   Phalanx: Evaluator 5: [<Residual>] LoadStateField(surface_height)<Residual>: 0.0320669 - 2.02385% [30]
|   |   |   |   |   |   |   |   Phalanx: Evaluator 12: [<Residual>] Save Field surface_height to State surface_heightResidual: 0.327586 - 20.6751% [30]
|   |   |   |   |   |   |   |   Phalanx: Evaluator 31: [<Residual>] Shared Parameter Glen's Law Homotopy Parameter<Residual>: 0.000864889 - 0.0545862% [30]
|   |   |   |   |   |   |   |   Phalanx: Evaluator 2: [<Residual>] Gather Coordinate Vector<Residual>: 0.0636423 - 4.01669% [30]
|   |   |   |   |   |   |   |   Phalanx: Evaluator 25: [<Residual>] ComputeBasisFunctions<Residual>: 0.0197985 - 1.24955% [30]
|   |   |   |   |   |   |   |   Phalanx: Evaluator 0: [<Residual>] Gather Solution<Residual>: 0.0129892 - 0.819795% [30]
|   |   |   |   |   |   |   |   Phalanx: Evaluator 67: [<Residual>] FastSolutionVecGradInterpolationBase<Residual>: 0.00931778 - 0.588078% [30]
|   |   |   |   |   |   |   |   Phalanx: Evaluator 7: [<Residual>] LoadStateField(temperature)<Residual>: 0.172347 - 10.8774% [30]
|   |   |   |   |   |   |   |   Phalanx: Evaluator 78: [<Residual>] P0Interpolation[temperature] <Residual>: 0.000717294 - 0.045271% [30]
|   |   |   |   |   |   |   |   Phalanx: Evaluator 24: [<Residual>] MapToPhysicalFrame<Residual>: 0.0131256 - 0.828402% [30]
|   |   |   |   |   |   |   |   Phalanx: Evaluator 26: [<Residual>] P0Interpolation[Coord Vec] <Residual>: 0.000373681 - 0.0235843% [30]
|   |   |   |   |   |   |   |   Phalanx: Evaluator 76: [<Residual>] P0Interpolation[surface_height] <Residual>: 0.0138642 - 0.87502% [30]
|   |   |   |   |   |   |   |   Phalanx: Evaluator 3: [<Residual>] Pressure Corrected Temperature<Residual>: 0.0121544 - 0.767106% [30]
|   |   |   |   |   |   |   |   Phalanx: Evaluator 33: [<Residual>] ViscosityFO<Residual>: 0.000701871 - 0.0442976% [30]
|   |   |   |   |   |   |   |   Phalanx: Evaluator 34: [<Residual>] Dissipation: 0.0328019 - 2.07025% [30]
|   |   |   |   |   |   |   |   Phalanx: Evaluator 35: [<Residual>] P0Interpolation[LandIce Dissipation] <Residual>: 0.00749751 - 0.473195% [30]
|   |   |   |   |   |   |   |   Phalanx: Evaluator 36: [<Residual>] Save Field LandIce Dissipation to State dissipation_heatResidual: 0.0866089 - 5.4662% [30]
|   |   |   |   |   |   |   |   Phalanx: Evaluator 75: [<Residual>] DOFGradInterpolationBase<Residual>: 0.000285142 - 0.0179963% [30]
|   |   |   |   |   |   |   |   Phalanx: Evaluator 37: [<Residual>] StokesFOBodyForce<Residual>: 0.00229673 - 0.144955% [30]
|   |   |   |   |   |   |   |   Phalanx: Evaluator 66: [<Residual>] FastSolutionVecInterpolationBase<Residual>: 0.000761539 - 0.0480634% [30]
|   |   |   |   |   |   |   |   Phalanx: Evaluator 28: [<Residual>] StokesFOResid<Residual>: 0.0486425 - 3.07% [30]
|   |   |   |   |   |   |   |   Phalanx: Evaluator 63: [<Residual>] DOFCellToSide(Coord Vec -> Coord Vec_extruded_boundary_side_set_1)[Vertex Vector]<Residual>: 0.1213 - 7.65568% [30]
|   |   |   |   |   |   |   |   Phalanx: Evaluator 60: [<Residual>] ComputeBasisFunctionsSide<Residual>: 0.0214964 - 1.35671% [30]
|   |   |   |   |   |   |   |   Phalanx: Evaluator 101: [<Residual>] DOFCellToSide(surface_height -> surface_height_extruded_boundary_side_set_1)[Node Scalar]<Residual>: 0.000122867 - 0.00775457% [30]
|   |   |   |   |   |   |   |   Phalanx: Evaluator 103: [<Residual>] DOFInterpolationSide<Residual>: 0.000173214 - 0.0109322% [30]
|   |   |   |   |   |   |   |   Phalanx: Evaluator 4: [<Residual>] LoadStateField(ice_thickness)<Residual>: 0.0347522 - 2.19333% [30]
|   |   |   |   |   |   |   |   Phalanx: Evaluator 99: [<Residual>] DOFCellToSide(ice_thickness -> ice_thickness_extruded_boundary_side_set_1)[Node Scalar]<Residual>: 0.000107766 - 0.0068015% [30]
|   |   |   |   |   |   |   |   Phalanx: Evaluator 100: [<Residual>] DOFInterpolationSide<Residual>: 0.00321327 - 0.202801% [30]
|   |   |   |   |   |   |   |   Phalanx: Evaluator 38: [<Residual>] StokesFOLateralResid<Residual>: 0.000764646 - 0.0482595% [30]
|   |   |   |   |   |   |   |   Phalanx: Evaluator 59: [<Residual>] DOFCellToSide(Coord Vec -> Coord Vec_basalside)[Vertex Vector]<Residual>: 0.00219909 - 0.138793% [30]
|   |   |   |   |   |   |   |   Phalanx: Evaluator 56: [<Residual>] ComputeBasisFunctionsSide<Residual>: 0.0114713 - 0.723996% [30]
|   |   |   |   |   |   |   |   Phalanx: Evaluator 49: [<Residual>] Shared Parameter Power Exponent<Residual>: 0.00105826 - 0.0667902% [30]
|   |   |   |   |   |   |   |   Phalanx: Evaluator 18: [<Residual>] Load Side Set Field log_basal_friction_basalside from Side Set State log_basal_friction<Residual>: 0.0169377 - 1.069% [30]
|   |   |   |   |   |   |   |   Phalanx: Evaluator 91: [<Residual>] DOFInterpolationSide<Residual>: 0.000114301 - 0.00721394% [30]
|   |   |   |   |   |   |   |   Phalanx: Evaluator 13: [<Residual>] Load Side Set Field ice_thickness_basalside from Side Set State ice_thickness<Residual>: 0.0195608 - 1.23455% [30]
|   |   |   |   |   |   |   |   Phalanx: Evaluator 17: [<Residual>] Load Side Set Field bed_topography_basalside from Side Set State bed_topography<Residual>: 0.0160044 - 1.01009% [30]
|   |   |   |   |   |   |   |   Phalanx: Evaluator 50: [<Residual>] BasalFrictionCoefficient<Residual>: 0.000754557 - 0.0476228% [30]
|   |   |   |   |   |   |   |   Phalanx: Evaluator 79: [<Residual>] DOFCellToSide(Velocity -> Velocity_basalside)[Node Vector]<Residual>: 0.00238258 - 0.150373% [30]
|   |   |   |   |   |   |   |   Phalanx: Evaluator 80: [<Residual>] DOFVecInterpolationSide<Residual>: 0.00152684 - 0.0963641% [30]
|   |   |   |   |   |   |   |   Phalanx: Evaluator 39: [<Residual>] StokesFOBasalResid<Residual>: 0.00135719 - 0.0856573% [30]
|   |   |   |   |   |   |   |   Phalanx: Evaluator 1: [<Residual>] Scatter Velocity Residual<Residual>: 0.00235355 - 0.148541% [30]
|   |   |   |   |   |   |   |   Remainder: 0.110911 - 7.00002%
|   |   |   |   |   |   |   Albany Residual Fill: Export: 0.00188679 - 0.0994792% [30]
|   |   |   |   |   |   |   Remainder: 0.310329 - 16.3618%
|   |   |   |   |   |   Albany Fill: Jacobian: 3.80289 - 66.7161% [15]
|   |   |   |   |   |   |   Phalanx::SortAndOrderEvaluators: 5.41e-07 - 1.4226e-05% [1]
|   |   |   |   |   |   |   Albany Jacobian Fill: Evaluate: 2.45868 - 64.6531% [15]
|   |   |   |   |   |   |   |   Phalanx: Evaluator 141: [<Jacobian>] Shared Parameter Glen's Law Homotopy Parameter<Jacobian>: 0.00019062 - 0.00775293% [15]
|   |   |   |   |   |   |   |   Phalanx: Evaluator 112: [<Jacobian>] Gather Coordinate Vector<Jacobian>: 0.0639712 - 2.60185% [15]
|   |   |   |   |   |   |   |   Phalanx: Evaluator 135: [<Jacobian>] ComputeBasisFunctions<Jacobian>: 0.0200967 - 0.817376% [15]
|   |   |   |   |   |   |   |   Phalanx: Evaluator 110: [<Jacobian>] Gather Solution<Jacobian>: 0.0123369 - 0.501768% [15]
|   |   |   |   |   |   |   |   Phalanx: Evaluator 177: [<Jacobian>] FastSolutionVecGradInterpolationBase<Jacobian>: 0.0158318 - 0.643913% [15]
|   |   |   |   |   |   |   |   Phalanx: Evaluator 117: [<Jacobian>] LoadStateField(temperature)<Jacobian>: 0.257988 - 10.4929% [15]
|   |   |   |   |   |   |   |   Phalanx: Evaluator 187: [<Jacobian>] P0Interpolation[temperature] <Jacobian>: 0.000334307 - 0.013597% [15]
|   |   |   |   |   |   |   |   Phalanx: Evaluator 134: [<Jacobian>] MapToPhysicalFrame<Jacobian>: 0.0128712 - 0.523499% [15]
|   |   |   |   |   |   |   |   Phalanx: Evaluator 136: [<Jacobian>] P0Interpolation[Coord Vec] <Jacobian>: 0.000202672 - 0.00824311% [15]
|   |   |   |   |   |   |   |   Phalanx: Evaluator 115: [<Jacobian>] LoadStateField(surface_height)<Jacobian>: 0.0397852 - 1.61815% [15]
|   |   |   |   |   |   |   |   Phalanx: Evaluator 185: [<Jacobian>] P0Interpolation[surface_height] <Jacobian>: 0.000164698 - 0.00669862% [15]
|   |   |   |   |   |   |   |   Phalanx: Evaluator 113: [<Jacobian>] Pressure Corrected Temperature<Jacobian>: 0.010849 - 0.441253% [15]
|   |   |   |   |   |   |   |   Phalanx: Evaluator 143: [<Jacobian>] ViscosityFO<Jacobian>: 0.000430478 - 0.0175085% [15]
|   |   |   |   |   |   |   |   Phalanx: Evaluator 184: [<Jacobian>] DOFGradInterpolationBase<Jacobian>: 0.128913 - 5.24317% [15]
|   |   |   |   |   |   |   |   Phalanx: Evaluator 147: [<Jacobian>] StokesFOBodyForce<Jacobian>: 0.00227073 - 0.0923557% [15]
|   |   |   |   |   |   |   |   Phalanx: Evaluator 176: [<Jacobian>] FastSolutionVecInterpolationBase<Jacobian>: 0.00294069 - 0.119604% [15]
|   |   |   |   |   |   |   |   Phalanx: Evaluator 138: [<Jacobian>] StokesFOResid<Jacobian>: 0.0798268 - 3.24673% [15]
|   |   |   |   |   |   |   |   Phalanx: Evaluator 173: [<Jacobian>] DOFCellToSide(Coord Vec -> Coord Vec_extruded_boundary_side_set_1)[Vertex Vector]<Jacobian>: 1.58385 - 64.4185% [15]
|   |   |   |   |   |   |   |   Phalanx: Evaluator 170: [<Jacobian>] ComputeBasisFunctionsSide<Jacobian>: 0.0175337 - 0.713135% [15]
|   |   |   |   |   |   |   |   Phalanx: Evaluator 210: [<Jacobian>] DOFCellToSide(surface_height -> surface_height_extruded_boundary_side_set_1)[Node Scalar]<Jacobian>: 6.3403e-05 - 0.00257874% [15]
|   |   |   |   |   |   |   |   Phalanx: Evaluator 212: [<Jacobian>] DOFInterpolationSide<Jacobian>: 8.889e-05 - 0.00361535% [15]
|   |   |   |   |   |   |   |   Phalanx: Evaluator 114: [<Jacobian>] LoadStateField(ice_thickness)<Jacobian>: 0.0352083 - 1.432% [15]
|   |   |   |   |   |   |   |   Phalanx: Evaluator 208: [<Jacobian>] DOFCellToSide(ice_thickness -> ice_thickness_extruded_boundary_side_set_1)[Node Scalar]<Jacobian>: 6.1777e-05 - 0.0025126% [15]
|   |   |   |   |   |   |   |   Phalanx: Evaluator 209: [<Jacobian>] DOFInterpolationSide<Jacobian>: 0.00333969 - 0.135832% [15]
|   |   |   |   |   |   |   |   Phalanx: Evaluator 148: [<Jacobian>] StokesFOLateralResid<Jacobian>: 0.000405091 - 0.0164759% [15]
|   |   |   |   |   |   |   |   Phalanx: Evaluator 169: [<Jacobian>] DOFCellToSide(Coord Vec -> Coord Vec_basalside)[Vertex Vector]<Jacobian>: 0.0236062 - 0.960114% [15]
|   |   |   |   |   |   |   |   Phalanx: Evaluator 166: [<Jacobian>] ComputeBasisFunctionsSide<Jacobian>: 0.0104093 - 0.42337% [15]
|   |   |   |   |   |   |   |   Phalanx: Evaluator 159: [<Jacobian>] Shared Parameter Power Exponent<Jacobian>: 0.000577246 - 0.0234778% [15]
|   |   |   |   |   |   |   |   Phalanx: Evaluator 128: [<Jacobian>] Load Side Set Field log_basal_friction_basalside from Side Set State log_basal_friction<Jacobian>: 0.0170355 - 0.692871% [15]
|   |   |   |   |   |   |   |   Phalanx: Evaluator 200: [<Jacobian>] DOFInterpolationSide<Jacobian>: 6.4282e-05 - 0.00261449% [15]
|   |   |   |   |   |   |   |   Phalanx: Evaluator 123: [<Jacobian>] Load Side Set Field ice_thickness_basalside from Side Set State ice_thickness<Jacobian>: 0.0192238 - 0.781875% [15]
|   |   |   |   |   |   |   |   Phalanx: Evaluator 127: [<Jacobian>] Load Side Set Field bed_topography_basalside from Side Set State bed_topography<Jacobian>: 0.0162108 - 0.659327% [15]
|   |   |   |   |   |   |   |   Phalanx: Evaluator 160: [<Jacobian>] BasalFrictionCoefficient<Jacobian>: 0.000425763 - 0.0173167% [15]
|   |   |   |   |   |   |   |   Phalanx: Evaluator 188: [<Jacobian>] DOFCellToSide(Velocity -> Velocity_basalside)[Node Vector]<Jacobian>: 0.00234055 - 0.0951952% [15]
|   |   |   |   |   |   |   |   Phalanx: Evaluator 189: [<Jacobian>] DOFVecInterpolationSide<Jacobian>: 0.00491241 - 0.199798% [15]
|   |   |   |   |   |   |   |   Phalanx: Evaluator 149: [<Jacobian>] StokesFOBasalResid<Jacobian>: 0.00619328 - 0.251894% [15]
|   |   |   |   |   |   |   |   Phalanx: Evaluator 111: [<Jacobian>] Scatter Velocity Residual<Jacobian>: 0.0146778 - 0.596978% [15]
|   |   |   |   |   |   |   |   Remainder: 0.0534545 - 2.17411%
|   |   |   |   |   |   |   Albany Jacobian Fill: Export: 0.000872184 - 0.0229348% [15]
|   |   |   |   |   |   |   Remainder: 1.34333 - 35.324%
|   |   |   |   |   |   Remainder: 0.00055785 - 0.00978666%
|   |   |   |   |   Remainder: 0.00165325 - 0.0289954%
|   |   |   |   NOX Total Preconditioner Construction: 16.0167 - 49.9712% [15]
|   |   |   |   |   ThyraMueLu::initializePrec: 15.9393 - 99.517% [15]
|   |   |   |   |   |   MueLu: ParameterListInterpreter (ParameterList): 0.0115599 - 0.0725244% [15]
|   |   |   |   |   |   Ifpack2::Chebyshev::compute: 0.628803 - 3.94498% [15]
|   |   |   |   |   |   Ifpack2::Relaxation::initialize: 0.0372156 - 0.233483% [30]
|   |   |   |   |   |   Ifpack2::Relaxation::compute: 0.00578763 - 0.0363104% [30]
|   |   |   |   |   |   Utilities_kokkos::GetMatrixDiagonalInverse: 0.000944053 - 0.0059228% [15]
|   |   |   |   |   |   Remainder: 15.255 - 95.7068%
|   |   |   |   |   Remainder: 0.0773661 - 0.483034%
|   |   |   |   NOX Total Linear Solve: 10.3041 - 32.1482% [15]
|   |   |   |   |   Stratimikos: BelosLOWS: 10.304 - 99.9995% [15]
|   |   |   |   |   |   Belos: Operation Op*x: 0.0108175 - 0.104983% [15]
|   |   |   |   |   |   Belos::MVT::MvAddMv: 0.000156503 - 0.00151886% [15]
|   |   |   |   |   |   Belos: BlockGmresSolMgr total solve time: 10.2031 - 99.0211% [15]
|   |   |   |   |   |   |   Belos: ICGS[2]: Orthogonalization: 2.14181 - 20.9917% [1419]
|   |   |   |   |   |   |   |   Belos: ICGS[2]: Ortho (Norm): 0.0577579 - 2.69668% [1419]
|   |   |   |   |   |   |   |   |   Belos::MVT::MvDot: 0.0562314 - 97.3571% [1419]
|   |   |   |   |   |   |   |   |   Remainder: 0.00152649 - 2.64291%
|   |   |   |   |   |   |   |   Belos::MVT::MvScale: 0.00763906 - 0.356663% [1419]
|   |   |   |   |   |   |   |   Belos: ICGS[2]: Ortho (Inner Product): 1.1663 - 54.4538% [2808]
|   |   |   |   |   |   |   |   |   Belos::MVT::MvTransMv: 1.16267 - 99.6886% [2808]
|   |   |   |   |   |   |   |   |   Remainder: 0.00363148 - 0.311369%
|   |   |   |   |   |   |   |   Belos: ICGS[2]: Ortho (Update): 0.900471 - 42.0425% [2808]
|   |   |   |   |   |   |   |   |   Belos::MVT::MvTimesMatAddMv: 0.897302 - 99.6481% [2808]
|   |   |   |   |   |   |   |   |   Remainder: 0.0031691 - 0.351938%
|   |   |   |   |   |   |   |   Remainder: 0.00964701 - 0.450413%
|   |   |   |   |   |   |   Belos::MVT::MvAddMv: 0.000534699 - 0.00524054% [60]
|   |   |   |   |   |   |   Belos::MVT::MvNorm: 0.00980274 - 0.0960757% [30]
|   |   |   |   |   |   |   Belos: Operation Prec*x: 4.11167 - 40.2981% [1419]
|   |   |   |   |   |   |   |   Ifpack2::Chebyshev::apply: 1.21922 - 29.6527% [2838]
|   |   |   |   |   |   |   |   Ifpack2::Relaxation::apply: 0.977751 - 23.7799% [4257]
|   |   |   |   |   |   |   |   Remainder: 1.9147 - 46.5674%
|   |   |   |   |   |   |   Belos: Operation Op*x: 3.74485 - 36.7029% [1419]
|   |   |   |   |   |   |   Belos::MVT::MvTimesMatAddMv: 0.0272399 - 0.266976% [15]
|   |   |   |   |   |   |   Remainder: 0.167222 - 1.63893%
|   |   |   |   |   |   Remainder: 0.0898956 - 0.872434%
|   |   |   |   |   Remainder: 5.545e-05 - 0.000538137%
|   |   |   |   Remainder: 0.0292903 - 0.0913844%
|   |   |   Remainder: 0.000542599 - 0.00169285%
|   |   Piro::SteadyStateSolver::evalConvergedModelResponsesAndSensitivities::calc g, df/dp, dg/dp, dg/dx: 0.00100653 - 0.00313847% [1]
|   |   |   Thyra::DefaultModelEvaluatorWithSolveFactory<double>::evalModel(...): 0.000943773 - 93.7646% [1]
|   |   |   |   Albany: Total Fill Time: 0.000913464 - 96.7885% [1]
|   |   |   |   |   Albany Fill: Response: 0.000898926 - 98.4085% [1]
|   |   |   |   |   Remainder: 1.4538e-05 - 1.59152%
|   |   |   |   Remainder: 3.0309e-05 - 3.21147%
|   |   |   Remainder: 6.2761e-05 - 6.23536%
|   |   Albany Fill: State Residual: 0.00286633 - 0.00893749% [1]
|   |   |   Phalanx::SortAndOrderEvaluators: 1.343e-06 - 0.0468544% [5]
|   |   |   Remainder: 0.00286498 - 99.9531%
|   |   Albany: Output to File: 0.0131825 - 0.0411044% [1]
|   |   Thyra::DefaultModelEvaluatorWithSolveFactory<double>::evalModel(...): 0.000135351 - 0.000422038% [1]
|   |   |   Albany: Total Fill Time: 7.8682e-05 - 58.1318% [1]
|   |   |   |   Albany Fill: Response: 7.0426e-05 - 89.5071% [1]
|   |   |   |   Remainder: 8.256e-06 - 10.4929%
|   |   |   Remainder: 5.6669e-05 - 41.8682%
|   |   Remainder: 0.00132266 - 0.00412417%
|   Remainder: 1.1421e-05 - 1.91766e-05%
~PyProblem()
<PyAlbany.Albany_Pybind11.RCPPyParameterList object at 0x14a0da6b8eb0>
<PyAlbany.Albany_Pybind11.RCPPyParameterList object at 0x14a0da6b8f30>
Solve time: 32.070844314
~PyParallelEnv()

