*********************************************************************************
**  ______   __  __   ______   __       ______   ______   __   __   __  __     **
** /\  == \ /\ \_\ \ /\  __ \ /\ \     /\  == \ /\  __ \ /\ "-.\ \ /\ \_\ \    **
** \ \  __/ \ \____ \\ \  __ \\ \ \____\ \  __< \ \  __ \\ \ \-.  \\ \____ \   **
**  \ \_\    \/\_____\\ \_\ \_\\ \_____\\ \_____\\ \_\ \_\\ \_\\"\_\\/\_____\  **
**   \/_/     \/_____/ \/_/\/_/ \/_____/ \/_____/ \/_/\/_/ \/_/ \/_/ \/_____/  **
**                                                                             **
*********************************************************************************
** Trilinos git commit id - c70ae3dfa18
** Albany git branch ------ pybind11_PR
** Albany git commit id --- 7a1da3122
** Albany cxx compiler ---- GNU 10.3.0
** Albany cuda compiler --- Cuda 115
** Simulation start time -- 2022-09-25 at 12:15:31
***************************************************************
Albany_IOSS: Loading STKMesh from Exodus file  /global/homes/m/mcarlson/LandIce/ALITune/optimize/data/mesh-pop-wdg/gis_basal_populated.exo
Albany_IOSS: Loading STKMesh from Exodus file  /global/homes/m/mcarlson/LandIce/ALITune/optimize/data/mesh-pop-wdg/gis_upper_populated.exo
IOSS-STK: number of node sets = 3
IOSS-STK: number of side sets = 3
IOSS-STK: number of node sets = 3
IOSS-STK: number of side sets = 3
IOSS-STK: number of node sets = 1
IOSS-STK: number of side sets = 0
Restart Index set, reading solution index : 1
[GenericSTKMeshStruct] Processing field requirements...
  - Skipping field 'ice_thickness' since it's listed as present in the mesh.
  - Skipping field 'observed_ice_thickness' since it's listed as present in the mesh.
  - Skipping field 'observed_ice_thickness_RMS' since it's listed as present in the mesh.
  - Skipping field 'surface_height' since it's listed as present in the mesh.
  - Skipping field 'bed_topography' since it's listed as present in the mesh.
  - Skipping field 'log_basal_friction' since it's listed as present in the mesh.
  - Skipping field 'temperature' since it's listed as present in the mesh.
  - Skipping field 'apparent_mass_balance' since it's listed as present in the mesh.
  - Skipping field 'apparent_mass_balance_RMS' since it's listed as present in the mesh.
[ExtrudedSTKMesh] Adding nodes... done!
[ExtrudedSTKMesh] Adding elements... done!
[ExtrudedSTKMesh] Adding basalside sides... done!
[ExtrudedSTKMesh] Adding upperside sides... done!
[ExtrudedSTKMesh] Adding lateral sides... done!
[ExtrudedSTKMesh] Extruding basal fields...
  - Extruding Scalar Node field ice_thickness...done!
  - Extruding Scalar Node field surface_height...done!
  - Extruding Scalar Node field log_basal_friction...done!
  - Extruding Scalar Node field bed_topography...done!
  - Extruding Scalar Node field apparent_mass_balance...done!
  - Extruding Scalar Node field apparent_mass_balance_RMS...done!
[ExtrudedSTKMesh] Interpolating layered basal fields...
  - Interpolating Scalar field temperature...done!
[GenericSTKMeshStruct] Processing field requirements...
  - Skipping field 'ice_thickness' since it's listed as present in the mesh.
  - Skipping field 'surface_height' since it's listed as present in the mesh.
  - Skipping field 'log_basal_friction' since it's listed as present in the mesh.
  - Skipping field 'temperature' since it's listed as present in the mesh.
  - Skipping field 'bed_topography' since it's listed as present in the mesh.
  - Skipping field 'apparent_mass_balance' since it's listed as present in the mesh.
  - Skipping field 'apparent_mass_balance_RMS' since it's listed as present in the mesh.
  - Skipping field 'bed_topography' since it's listed as output. Make sure there's an evaluator set to save it!
  - Skipping field 'surface_height' since it's listed as output. Make sure there's an evaluator set to save it!
Restart Index set, reading solution index : 1
[GenericSTKMeshStruct] Processing field requirements...
  - Skipping field 'observed_surface_velocity' since it's listed as present in the mesh.
  - Skipping field 'observed_surface_velocity_RMS' since it's listed as present in the mesh.
STKDisc: 725880 elements on Proc 0 
STKDisc: nodeset basal_boundary_node_set_0 has size 0  on Proc 0.
STKDisc: nodeset basal_boundary_node_set_1 has size 6027  on Proc 0.
STKDisc: nodeset basal_node_set has size 39224  on Proc 0.
STKDisc: nodeset bottom has size 39224  on Proc 0.
STKDisc: nodeset extruded_boundary_node_set_0 has size 0  on Proc 0.
STKDisc: nodeset extruded_boundary_node_set_1 has size 66297  on Proc 0.
STKDisc: nodeset extruded_node_set has size 431464  on Proc 0.
STKDisc: nodeset lateral has size 66297  on Proc 0.
STKDisc: nodeset top has size 39224  on Proc 0.
STKDisc: sideset basalside has size 72588  on Proc 0.
STKDisc: sideset extruded_boundary_side_set has size 60460  on Proc 0.
STKDisc: sideset extruded_boundary_side_set_1 has size 57830  on Proc 0.
STKDisc: sideset extruded_boundary_side_set_1_tri3_edge2 has size 57830  on Proc 0.
STKDisc: sideset extruded_boundary_side_set_2 has size 2630  on Proc 0.
STKDisc: sideset extruded_boundary_side_set_2_tri3_edge2 has size 2630  on Proc 0.
STKDisc: sideset extruded_boundary_side_set_tri3_edge2 has size 60460  on Proc 0.
STKDisc: sideset lateralside has size 60460  on Proc 0.
STKDisc: sideset upperside has size 72588  on Proc 0.
STKDisc: 72588 elements on Proc 0 
STKDisc: nodeset boundary_node_set_0 has size 0  on Proc 0.
STKDisc: nodeset boundary_node_set_1 has size 6027  on Proc 0.
STKDisc: nodeset node_set has size 39224  on Proc 0.
STKDisc: sideset boundary_side_set has size 6046  on Proc 0.
STKDisc: sideset boundary_side_set_1 has size 5783  on Proc 0.
STKDisc: sideset boundary_side_set_2 has size 263  on Proc 0.
STKDisc: 72588 elements on Proc 0 
STKDisc: nodeset all_nodes has size 39224  on Proc 0.
StateManager: initializing state:  ice_thickness
StateManager: initializing state:  surface_height
StateManager: initializing state:  log_basal_friction
StateManager: initializing state:  temperature
StateManager: initializing state:  bed_topography
StateManager: initializing state:  apparent_mass_balance
StateManager: initializing state:  apparent_mass_balance_RMS
StateManager: initializing state:  dissipation_heat

StateManager: initializing state:  ice_thickness
StateManager: initializing state:  observed_ice_thickness
StateManager: initializing state:  observed_ice_thickness_RMS
StateManager: initializing state:  surface_height
StateManager: initializing state:  bed_topography
StateManager: initializing state:  log_basal_friction
StateManager: initializing state:  temperature
StateManager: initializing state:  apparent_mass_balance
StateManager: initializing state:  apparent_mass_balance_RMS

StateManager: initializing state:  observed_surface_velocity
StateManager: initializing state:  observed_surface_velocity_RMS

xxxxxxxxxxxxxxxxxxxxxxxxxxxxxxxxxxxxxxxxxxxxxxx
 Sacado ParameterLibrary has been initialized:
 Library of all registered parameters:
xxxxxxxxxxxxxxxxxxxxxxxxxxxxxxxxxxxxxxxxxxxxxxx

Total number of parameters  = 0
Number of non-distributed parameters  = 0
Number of response vectors  = 1
Number of distributed parameters vectors  = 0

************************************************************************
-- Nonlinear Solver Step 0 -- 
||F|| = 5.152e+05  step = 0.000e+00  dx = 0.000e+00
************************************************************************

  
  *******************************************************
  ***** Belos Iterative Solver:  Block Gmres 
  ***** Maximum Iterations: 200
  ***** Block Size: 1
  ***** Residual Test: 
  *****   Test 1 : Belos::StatusTestImpResNorm<>: (2-Norm Res Vec) / (2-Norm Res0), tol = 1e-08
  *******************************************************
  Iter   0, [ 1] :    1.000000e+00
  Iter  20, [ 1] :    9.803428e-01
  Iter  40, [ 1] :    9.783105e-01
  Iter  60, [ 1] :    9.770580e-01
  Iter  80, [ 1] :    9.765845e-01
  Iter 100, [ 1] :    9.761505e-01
  Iter 120, [ 1] :    9.760187e-01
  Iter 140, [ 1] :    9.756648e-01
  Iter 160, [ 1] :    9.753695e-01
  Iter 180, [ 1] :    9.750800e-01
  Iter 200, [ 1] :    9.747372e-01
WARNING: NOX::Direction::Newton::compute() - Linear solve failed to achieve convergence - using the step anyway since "Rescue Bad Newton Solve" is true 

************************************************************************
-- Nonlinear Solver Step 1 -- 
||F|| = 5.030e+05  step = 1.000e+00  dx = 1.418e+02
************************************************************************

  
  *******************************************************
  ***** Belos Iterative Solver:  Block Gmres 
  ***** Maximum Iterations: 200
  ***** Block Size: 1
  ***** Residual Test: 
  *****   Test 1 : Belos::StatusTestImpResNorm<>: (2-Norm Res Vec) / (2-Norm Res0), tol = 1e-08
  *******************************************************
  Iter   0, [ 1] :    1.000000e+00
  Iter  20, [ 1] :    9.991502e-01
  Iter  40, [ 1] :    9.991005e-01
  Iter  60, [ 1] :    9.990323e-01
  Iter  80, [ 1] :    9.989972e-01
  Iter 100, [ 1] :    9.989454e-01
  Iter 120, [ 1] :    9.987467e-01
  Iter 140, [ 1] :    9.986226e-01
  Iter 160, [ 1] :    9.986011e-01
  Iter 180, [ 1] :    9.985723e-01
  Iter 200, [ 1] :    9.985143e-01
WARNING: NOX::Direction::Newton::compute() - Linear solve failed to achieve convergence - using the step anyway since "Rescue Bad Newton Solve" is true 

************************************************************************
-- Nonlinear Solver Step 2 -- 
||F|| = 5.022e+05  step = 1.000e+00  dx = 3.643e+01
************************************************************************

  
  *******************************************************
  ***** Belos Iterative Solver:  Block Gmres 
  ***** Maximum Iterations: 200
  ***** Block Size: 1
  ***** Residual Test: 
  *****   Test 1 : Belos::StatusTestImpResNorm<>: (2-Norm Res Vec) / (2-Norm Res0), tol = 1e-08
  *******************************************************
  Iter   0, [ 1] :    1.000000e+00
  Iter  20, [ 1] :    9.999125e-01
  Iter  40, [ 1] :    9.999071e-01
  Iter  60, [ 1] :    9.999055e-01
  Iter  80, [ 1] :    9.999030e-01
  Iter 100, [ 1] :    9.999001e-01
  Iter 120, [ 1] :    9.998885e-01
  Iter 140, [ 1] :    9.998746e-01
  Iter 160, [ 1] :    9.998592e-01
  Iter 180, [ 1] :    9.998479e-01
  Iter 200, [ 1] :    9.998064e-01
WARNING: NOX::Direction::Newton::compute() - Linear solve failed to achieve convergence - using the step anyway since "Rescue Bad Newton Solve" is true 

************************************************************************
-- Nonlinear Solver Step 3 -- 
||F|| = 5.021e+05  step = 1.000e+00  dx = 7.332e+00
************************************************************************

  
  *******************************************************
  ***** Belos Iterative Solver:  Block Gmres 
  ***** Maximum Iterations: 200
  ***** Block Size: 1
  ***** Residual Test: 
  *****   Test 1 : Belos::StatusTestImpResNorm<>: (2-Norm Res Vec) / (2-Norm Res0), tol = 1e-08
  *******************************************************
  Iter   0, [ 1] :    1.000000e+00
  Iter  20, [ 1] :    9.999914e-01
  Iter  40, [ 1] :    9.999894e-01
  Iter  60, [ 1] :    9.999891e-01
  Iter  80, [ 1] :    9.999884e-01
  Iter 100, [ 1] :    9.999853e-01
  Iter 120, [ 1] :    9.999819e-01
  Iter 140, [ 1] :    9.999766e-01
  Iter 160, [ 1] :    9.999721e-01
  Iter 180, [ 1] :    9.999709e-01
  Iter 200, [ 1] :    9.999626e-01
WARNING: NOX::Direction::Newton::compute() - Linear solve failed to achieve convergence - using the step anyway since "Rescue Bad Newton Solve" is true 

************************************************************************
-- Nonlinear Solver Step 4 -- 
||F|| = 5.021e+05  step = 1.000e+00  dx = 5.010e+00
************************************************************************

  
  *******************************************************
  ***** Belos Iterative Solver:  Block Gmres 
  ***** Maximum Iterations: 200
  ***** Block Size: 1
  ***** Residual Test: 
  *****   Test 1 : Belos::StatusTestImpResNorm<>: (2-Norm Res Vec) / (2-Norm Res0), tol = 1e-08
  *******************************************************
  Iter   0, [ 1] :    1.000000e+00
  Iter  20, [ 1] :    9.999987e-01
  Iter  40, [ 1] :    9.999984e-01
  Iter  60, [ 1] :    9.999982e-01
  Iter  80, [ 1] :    9.999979e-01
  Iter 100, [ 1] :    9.999968e-01
  Iter 120, [ 1] :    9.999957e-01
  Iter 140, [ 1] :    9.999946e-01
  Iter 160, [ 1] :    9.999933e-01
  Iter 180, [ 1] :    9.999913e-01
  Iter 200, [ 1] :    9.999854e-01
WARNING: NOX::Direction::Newton::compute() - Linear solve failed to achieve convergence - using the step anyway since "Rescue Bad Newton Solve" is true 

************************************************************************
-- Nonlinear Solver Step 5 -- 
||F|| = 5.021e+05  step = 1.000e+00  dx = 6.538e-01
************************************************************************

  
  *******************************************************
  ***** Belos Iterative Solver:  Block Gmres 
  ***** Maximum Iterations: 200
  ***** Block Size: 1
  ***** Residual Test: 
  *****   Test 1 : Belos::StatusTestImpResNorm<>: (2-Norm Res Vec) / (2-Norm Res0), tol = 1e-08
  *******************************************************
  Iter   0, [ 1] :    1.000000e+00
  Iter  20, [ 1] :    9.999932e-01
  Iter  40, [ 1] :    9.999930e-01
  Iter  60, [ 1] :    9.999929e-01
  Iter  80, [ 1] :    9.999926e-01
  Iter 100, [ 1] :    9.999923e-01
  Iter 120, [ 1] :    9.999921e-01
  Iter 140, [ 1] :    9.999915e-01
  Iter 160, [ 1] :    9.999904e-01
  Iter 180, [ 1] :    9.999892e-01
  Iter 200, [ 1] :    9.999850e-01
WARNING: NOX::Direction::Newton::compute() - Linear solve failed to achieve convergence - using the step anyway since "Rescue Bad Newton Solve" is true 

************************************************************************
-- Nonlinear Solver Step 6 -- 
||F|| = 5.021e+05  step = 1.000e+00  dx = 4.232e+00
************************************************************************

  
  *******************************************************
  ***** Belos Iterative Solver:  Block Gmres 
  ***** Maximum Iterations: 200
  ***** Block Size: 1
  ***** Residual Test: 
  *****   Test 1 : Belos::StatusTestImpResNorm<>: (2-Norm Res Vec) / (2-Norm Res0), tol = 1e-08
  *******************************************************
  Iter   0, [ 1] :    1.000000e+00
  Iter  20, [ 1] :    9.999936e-01
  Iter  40, [ 1] :    9.999935e-01
  Iter  60, [ 1] :    9.999934e-01
  Iter  80, [ 1] :    9.999930e-01
  Iter 100, [ 1] :    9.999922e-01
  Iter 120, [ 1] :    9.999916e-01
  Iter 140, [ 1] :    9.999905e-01
  Iter 160, [ 1] :    9.999899e-01
  Iter 180, [ 1] :    9.999889e-01
  Iter 200, [ 1] :    9.999860e-01
WARNING: NOX::Direction::Newton::compute() - Linear solve failed to achieve convergence - using the step anyway since "Rescue Bad Newton Solve" is true 

************************************************************************
-- Nonlinear Solver Step 7 -- 
||F|| = 5.021e+05  step = 1.000e+00  dx = 4.741e+00
************************************************************************

  
  *******************************************************
  ***** Belos Iterative Solver:  Block Gmres 
  ***** Maximum Iterations: 200
  ***** Block Size: 1
  ***** Residual Test: 
  *****   Test 1 : Belos::StatusTestImpResNorm<>: (2-Norm Res Vec) / (2-Norm Res0), tol = 1e-08
  *******************************************************
  Iter   0, [ 1] :    1.000000e+00
  Iter  20, [ 1] :    9.999967e-01
  Iter  40, [ 1] :    9.999964e-01
  Iter  60, [ 1] :    9.999963e-01
  Iter  80, [ 1] :    9.999961e-01
  Iter 100, [ 1] :    9.999957e-01
  Iter 120, [ 1] :    9.999953e-01
  Iter 140, [ 1] :    9.999950e-01
  Iter 160, [ 1] :    9.999945e-01
  Iter 180, [ 1] :    9.999933e-01
  Iter 200, [ 1] :    9.999910e-01
WARNING: NOX::Direction::Newton::compute() - Linear solve failed to achieve convergence - using the step anyway since "Rescue Bad Newton Solve" is true 

************************************************************************
-- Nonlinear Solver Step 8 -- 
||F|| = 5.021e+05  step = 1.000e+00  dx = 3.194e+00
************************************************************************

  
  *******************************************************
  ***** Belos Iterative Solver:  Block Gmres 
  ***** Maximum Iterations: 200
  ***** Block Size: 1
  ***** Residual Test: 
  *****   Test 1 : Belos::StatusTestImpResNorm<>: (2-Norm Res Vec) / (2-Norm Res0), tol = 1e-08
  *******************************************************
  Iter   0, [ 1] :    1.000000e+00
  Iter  20, [ 1] :    9.999993e-01
  Iter  40, [ 1] :    9.999992e-01
  Iter  60, [ 1] :    9.999991e-01
  Iter  80, [ 1] :    9.999989e-01
  Iter 100, [ 1] :    9.999986e-01
  Iter 120, [ 1] :    9.999974e-01
  Iter 140, [ 1] :    9.999967e-01
  Iter 160, [ 1] :    9.999963e-01
  Iter 180, [ 1] :    9.999952e-01
  Iter 200, [ 1] :    9.999936e-01
WARNING: NOX::Direction::Newton::compute() - Linear solve failed to achieve convergence - using the step anyway since "Rescue Bad Newton Solve" is true 

************************************************************************
-- Nonlinear Solver Step 9 -- 
||F|| = 5.021e+05  step = 1.000e+00  dx = 1.602e+00
************************************************************************

  
  *******************************************************
  ***** Belos Iterative Solver:  Block Gmres 
  ***** Maximum Iterations: 200
  ***** Block Size: 1
  ***** Residual Test: 
  *****   Test 1 : Belos::StatusTestImpResNorm<>: (2-Norm Res Vec) / (2-Norm Res0), tol = 1e-08
  *******************************************************
  Iter   0, [ 1] :    1.000000e+00
  Iter  20, [ 1] :    9.999996e-01
  Iter  40, [ 1] :    9.999994e-01
  Iter  60, [ 1] :    9.999994e-01
  Iter  80, [ 1] :    9.999993e-01
  Iter 100, [ 1] :    9.999992e-01
  Iter 120, [ 1] :    9.999991e-01
  Iter 140, [ 1] :    9.999990e-01
  Iter 160, [ 1] :    9.999988e-01
  Iter 180, [ 1] :    9.999983e-01
  Iter 200, [ 1] :    9.999939e-01
WARNING: NOX::Direction::Newton::compute() - Linear solve failed to achieve convergence - using the step anyway since "Rescue Bad Newton Solve" is true 

************************************************************************
-- Nonlinear Solver Step 10 -- 
||F|| = 5.021e+05  step = 1.000e+00  dx = 9.523e-01
************************************************************************

  
  *******************************************************
  ***** Belos Iterative Solver:  Block Gmres 
  ***** Maximum Iterations: 200
  ***** Block Size: 1
  ***** Residual Test: 
  *****   Test 1 : Belos::StatusTestImpResNorm<>: (2-Norm Res Vec) / (2-Norm Res0), tol = 1e-08
  *******************************************************
  Iter   0, [ 1] :    1.000000e+00
  Iter  20, [ 1] :    9.999992e-01
  Iter  40, [ 1] :    9.999992e-01
  Iter  60, [ 1] :    9.999991e-01
  Iter  80, [ 1] :    9.999990e-01
  Iter 100, [ 1] :    9.999988e-01
  Iter 120, [ 1] :    9.999986e-01
  Iter 140, [ 1] :    9.999982e-01
  Iter 160, [ 1] :    9.999978e-01
  Iter 180, [ 1] :    9.999973e-01
  Iter 200, [ 1] :    9.999934e-01
WARNING: NOX::Direction::Newton::compute() - Linear solve failed to achieve convergence - using the step anyway since "Rescue Bad Newton Solve" is true 

************************************************************************
-- Nonlinear Solver Step 11 -- 
||F|| = 5.021e+05  step = 1.000e+00  dx = 1.512e+00
************************************************************************

  
  *******************************************************
  ***** Belos Iterative Solver:  Block Gmres 
  ***** Maximum Iterations: 200
  ***** Block Size: 1
  ***** Residual Test: 
  *****   Test 1 : Belos::StatusTestImpResNorm<>: (2-Norm Res Vec) / (2-Norm Res0), tol = 1e-08
  *******************************************************
  Iter   0, [ 1] :    1.000000e+00
  Iter  20, [ 1] :    9.999983e-01
  Iter  40, [ 1] :    9.999983e-01
  Iter  60, [ 1] :    9.999982e-01
  Iter  80, [ 1] :    9.999982e-01
  Iter 100, [ 1] :    9.999982e-01
  Iter 120, [ 1] :    9.999981e-01
  Iter 140, [ 1] :    9.999977e-01
  Iter 160, [ 1] :    9.999969e-01
  Iter 180, [ 1] :    9.999925e-01
  Iter 200, [ 1] :    9.999852e-01
WARNING: NOX::Direction::Newton::compute() - Linear solve failed to achieve convergence - using the step anyway since "Rescue Bad Newton Solve" is true 

************************************************************************
-- Nonlinear Solver Step 12 -- 
||F|| = 5.020e+05  step = 1.000e+00  dx = 2.307e+00
************************************************************************

  
  *******************************************************
  ***** Belos Iterative Solver:  Block Gmres 
  ***** Maximum Iterations: 200
  ***** Block Size: 1
  ***** Residual Test: 
  *****   Test 1 : Belos::StatusTestImpResNorm<>: (2-Norm Res Vec) / (2-Norm Res0), tol = 1e-08
  *******************************************************
  Iter   0, [ 1] :    1.000000e+00
  Iter  20, [ 1] :    9.999994e-01
  Iter  40, [ 1] :    9.999993e-01
  Iter  60, [ 1] :    9.999992e-01
  Iter  80, [ 1] :    9.999991e-01
  Iter 100, [ 1] :    9.999990e-01
  Iter 120, [ 1] :    9.999989e-01
  Iter 140, [ 1] :    9.999987e-01
  Iter 160, [ 1] :    9.999981e-01
  Iter 180, [ 1] :    9.999963e-01
  Iter 200, [ 1] :    9.999939e-01
WARNING: NOX::Direction::Newton::compute() - Linear solve failed to achieve convergence - using the step anyway since "Rescue Bad Newton Solve" is true 

************************************************************************
-- Nonlinear Solver Step 13 -- 
||F|| = 5.020e+05  step = 1.000e+00  dx = 1.281e+00
************************************************************************

  
  *******************************************************
  ***** Belos Iterative Solver:  Block Gmres 
  ***** Maximum Iterations: 200
  ***** Block Size: 1
  ***** Residual Test: 
  *****   Test 1 : Belos::StatusTestImpResNorm<>: (2-Norm Res Vec) / (2-Norm Res0), tol = 1e-08
  *******************************************************
  Iter   0, [ 1] :    1.000000e+00
  Iter  20, [ 1] :    9.999988e-01
  Iter  40, [ 1] :    9.999987e-01
  Iter  60, [ 1] :    9.999986e-01
  Iter  80, [ 1] :    9.999985e-01
  Iter 100, [ 1] :    9.999983e-01
  Iter 120, [ 1] :    9.999980e-01
  Iter 140, [ 1] :    9.999979e-01
  Iter 160, [ 1] :    9.999972e-01
  Iter 180, [ 1] :    9.999966e-01
  Iter 200, [ 1] :    9.999952e-01
WARNING: NOX::Direction::Newton::compute() - Linear solve failed to achieve convergence - using the step anyway since "Rescue Bad Newton Solve" is true 

************************************************************************
-- Nonlinear Solver Step 14 -- 
||F|| = 5.020e+05  step = 1.000e+00  dx = 1.180e+00
************************************************************************

  
  *******************************************************
  ***** Belos Iterative Solver:  Block Gmres 
  ***** Maximum Iterations: 200
  ***** Block Size: 1
  ***** Residual Test: 
  *****   Test 1 : Belos::StatusTestImpResNorm<>: (2-Norm Res Vec) / (2-Norm Res0), tol = 1e-08
  *******************************************************
  Iter   0, [ 1] :    1.000000e+00
  Iter  20, [ 1] :    9.999978e-01
  Iter  40, [ 1] :    9.999977e-01
  Iter  60, [ 1] :    9.999977e-01
  Iter  80, [ 1] :    9.999976e-01
  Iter 100, [ 1] :    9.999973e-01
  Iter 120, [ 1] :    9.999971e-01
  Iter 140, [ 1] :    9.999968e-01
  Iter 160, [ 1] :    9.999962e-01
  Iter 180, [ 1] :    9.999931e-01
  Iter 200, [ 1] :    9.999858e-01
WARNING: NOX::Direction::Newton::compute() - Linear solve failed to achieve convergence - using the step anyway since "Rescue Bad Newton Solve" is true 

************************************************************************
-- Nonlinear Solver Step 15 -- 
||F|| = 5.020e+05  step = 1.000e+00  dx = 3.077e+00
************************************************************************

  
  *******************************************************
  ***** Belos Iterative Solver:  Block Gmres 
  ***** Maximum Iterations: 200
  ***** Block Size: 1
  ***** Residual Test: 
  *****   Test 1 : Belos::StatusTestImpResNorm<>: (2-Norm Res Vec) / (2-Norm Res0), tol = 1e-08
  *******************************************************
  Iter   0, [ 1] :    1.000000e+00
  Iter  20, [ 1] :    9.999995e-01
  Iter  40, [ 1] :    9.999993e-01
  Iter  60, [ 1] :    9.999989e-01
  Iter  80, [ 1] :    9.999986e-01
  Iter 100, [ 1] :    9.999985e-01
  Iter 120, [ 1] :    9.999982e-01
  Iter 140, [ 1] :    9.999978e-01
  Iter 160, [ 1] :    9.999972e-01
  Iter 180, [ 1] :    9.999944e-01
  Iter 200, [ 1] :    9.999918e-01
WARNING: NOX::Direction::Newton::compute() - Linear solve failed to achieve convergence - using the step anyway since "Rescue Bad Newton Solve" is true 

************************************************************************
-- Nonlinear Solver Step 16 -- 
||F|| = 5.020e+05  step = 1.000e+00  dx = 9.305e-01
************************************************************************

  
  *******************************************************
  ***** Belos Iterative Solver:  Block Gmres 
  ***** Maximum Iterations: 200
  ***** Block Size: 1
  ***** Residual Test: 
  *****   Test 1 : Belos::StatusTestImpResNorm<>: (2-Norm Res Vec) / (2-Norm Res0), tol = 1e-08
  *******************************************************
  Iter   0, [ 1] :    1.000000e+00
  Iter  20, [ 1] :    9.999987e-01
  Iter  40, [ 1] :    9.999986e-01
  Iter  60, [ 1] :    9.999985e-01
  Iter  80, [ 1] :    9.999985e-01
  Iter 100, [ 1] :    9.999983e-01
  Iter 120, [ 1] :    9.999981e-01
  Iter 140, [ 1] :    9.999975e-01
  Iter 160, [ 1] :    9.999969e-01
  Iter 180, [ 1] :    9.999963e-01
  Iter 200, [ 1] :    9.999922e-01
WARNING: NOX::Direction::Newton::compute() - Linear solve failed to achieve convergence - using the step anyway since "Rescue Bad Newton Solve" is true 

************************************************************************
-- Nonlinear Solver Step 17 -- 
||F|| = 5.020e+05  step = 1.000e+00  dx = 1.749e+00
************************************************************************

  
  *******************************************************
  ***** Belos Iterative Solver:  Block Gmres 
  ***** Maximum Iterations: 200
  ***** Block Size: 1
  ***** Residual Test: 
  *****   Test 1 : Belos::StatusTestImpResNorm<>: (2-Norm Res Vec) / (2-Norm Res0), tol = 1e-08
  *******************************************************
  Iter   0, [ 1] :    1.000000e+00
  Iter  20, [ 1] :    9.999983e-01
  Iter  40, [ 1] :    9.999982e-01
  Iter  60, [ 1] :    9.999981e-01
  Iter  80, [ 1] :    9.999980e-01
  Iter 100, [ 1] :    9.999978e-01
  Iter 120, [ 1] :    9.999976e-01
  Iter 140, [ 1] :    9.999973e-01
  Iter 160, [ 1] :    9.999969e-01
  Iter 180, [ 1] :    9.999964e-01
  Iter 200, [ 1] :    9.999933e-01
WARNING: NOX::Direction::Newton::compute() - Linear solve failed to achieve convergence - using the step anyway since "Rescue Bad Newton Solve" is true 

************************************************************************
-- Nonlinear Solver Step 18 -- 
||F|| = 5.020e+05  step = 1.000e+00  dx = 2.488e+00
************************************************************************

  
  *******************************************************
  ***** Belos Iterative Solver:  Block Gmres 
  ***** Maximum Iterations: 200
  ***** Block Size: 1
  ***** Residual Test: 
  *****   Test 1 : Belos::StatusTestImpResNorm<>: (2-Norm Res Vec) / (2-Norm Res0), tol = 1e-08
  *******************************************************
  Iter   0, [ 1] :    1.000000e+00
  Iter  20, [ 1] :    9.999996e-01
  Iter  40, [ 1] :    9.999996e-01
  Iter  60, [ 1] :    9.999995e-01
  Iter  80, [ 1] :    9.999994e-01
  Iter 100, [ 1] :    9.999993e-01
  Iter 120, [ 1] :    9.999991e-01
  Iter 140, [ 1] :    9.999989e-01
  Iter 160, [ 1] :    9.999987e-01
  Iter 180, [ 1] :    9.999974e-01
  Iter 200, [ 1] :    9.999945e-01
WARNING: NOX::Direction::Newton::compute() - Linear solve failed to achieve convergence - using the step anyway since "Rescue Bad Newton Solve" is true 

************************************************************************
-- Nonlinear Solver Step 19 -- 
||F|| = 5.020e+05  step = 1.000e+00  dx = 8.186e-02
************************************************************************

  
  *******************************************************
  ***** Belos Iterative Solver:  Block Gmres 
  ***** Maximum Iterations: 200
  ***** Block Size: 1
  ***** Residual Test: 
  *****   Test 1 : Belos::StatusTestImpResNorm<>: (2-Norm Res Vec) / (2-Norm Res0), tol = 1e-08
  *******************************************************
  Iter   0, [ 1] :    1.000000e+00
  Iter  20, [ 1] :    9.999990e-01
  Iter  40, [ 1] :    9.999989e-01
  Iter  60, [ 1] :    9.999989e-01
  Iter  80, [ 1] :    9.999988e-01
  Iter 100, [ 1] :    9.999987e-01
  Iter 120, [ 1] :    9.999985e-01
  Iter 140, [ 1] :    9.999983e-01
  Iter 160, [ 1] :    9.999976e-01
  Iter 180, [ 1] :    9.999945e-01
  Iter 200, [ 1] :    9.999849e-01
WARNING: NOX::Direction::Newton::compute() - Linear solve failed to achieve convergence - using the step anyway since "Rescue Bad Newton Solve" is true 

************************************************************************
-- Nonlinear Solver Step 20 -- 
||F|| = 5.020e+05  step = 1.000e+00  dx = 1.267e+00
************************************************************************

  
  *******************************************************
  ***** Belos Iterative Solver:  Block Gmres 
  ***** Maximum Iterations: 200
  ***** Block Size: 1
  ***** Residual Test: 
  *****   Test 1 : Belos::StatusTestImpResNorm<>: (2-Norm Res Vec) / (2-Norm Res0), tol = 1e-08
  *******************************************************
  Iter   0, [ 1] :    1.000000e+00
  Iter  20, [ 1] :    9.999989e-01
  Iter  40, [ 1] :    9.999987e-01
  Iter  60, [ 1] :    9.999987e-01
  Iter  80, [ 1] :    9.999986e-01
  Iter 100, [ 1] :    9.999984e-01
  Iter 120, [ 1] :    9.999981e-01
  Iter 140, [ 1] :    9.999980e-01
  Iter 160, [ 1] :    9.999977e-01
  Iter 180, [ 1] :    9.999971e-01
  Iter 200, [ 1] :    9.999945e-01
WARNING: NOX::Direction::Newton::compute() - Linear solve failed to achieve convergence - using the step anyway since "Rescue Bad Newton Solve" is true 

************************************************************************
-- Nonlinear Solver Step 21 -- 
||F|| = 5.020e+05  step = 1.000e+00  dx = 1.424e+00
************************************************************************

  
  *******************************************************
  ***** Belos Iterative Solver:  Block Gmres 
  ***** Maximum Iterations: 200
  ***** Block Size: 1
  ***** Residual Test: 
  *****   Test 1 : Belos::StatusTestImpResNorm<>: (2-Norm Res Vec) / (2-Norm Res0), tol = 1e-08
  *******************************************************
  Iter   0, [ 1] :    1.000000e+00
  Iter  20, [ 1] :    9.999993e-01
  Iter  40, [ 1] :    9.999993e-01
  Iter  60, [ 1] :    9.999992e-01
  Iter  80, [ 1] :    9.999992e-01
  Iter 100, [ 1] :    9.999991e-01
  Iter 120, [ 1] :    9.999990e-01
  Iter 140, [ 1] :    9.999988e-01
  Iter 160, [ 1] :    9.999986e-01
  Iter 180, [ 1] :    9.999974e-01
  Iter 200, [ 1] :    9.999912e-01
WARNING: NOX::Direction::Newton::compute() - Linear solve failed to achieve convergence - using the step anyway since "Rescue Bad Newton Solve" is true 

************************************************************************
-- Nonlinear Solver Step 22 -- 
||F|| = 5.020e+05  step = 1.000e+00  dx = 6.910e-01
************************************************************************

  
  *******************************************************
  ***** Belos Iterative Solver:  Block Gmres 
  ***** Maximum Iterations: 200
  ***** Block Size: 1
  ***** Residual Test: 
  *****   Test 1 : Belos::StatusTestImpResNorm<>: (2-Norm Res Vec) / (2-Norm Res0), tol = 1e-08
  *******************************************************
  Iter   0, [ 1] :    1.000000e+00
  Iter  20, [ 1] :    9.999997e-01
  Iter  40, [ 1] :    9.999995e-01
  Iter  60, [ 1] :    9.999994e-01
  Iter  80, [ 1] :    9.999992e-01
  Iter 100, [ 1] :    9.999990e-01
  Iter 120, [ 1] :    9.999987e-01
  Iter 140, [ 1] :    9.999984e-01
  Iter 160, [ 1] :    9.999982e-01
  Iter 180, [ 1] :    9.999979e-01
  Iter 200, [ 1] :    9.999949e-01
WARNING: NOX::Direction::Newton::compute() - Linear solve failed to achieve convergence - using the step anyway since "Rescue Bad Newton Solve" is true 

************************************************************************
-- Nonlinear Solver Step 23 -- 
||F|| = 5.020e+05  step = 1.000e+00  dx = 6.434e-01
************************************************************************

  
  *******************************************************
  ***** Belos Iterative Solver:  Block Gmres 
  ***** Maximum Iterations: 200
  ***** Block Size: 1
  ***** Residual Test: 
  *****   Test 1 : Belos::StatusTestImpResNorm<>: (2-Norm Res Vec) / (2-Norm Res0), tol = 1e-08
  *******************************************************
  Iter   0, [ 1] :    1.000000e+00
  Iter  20, [ 1] :    9.999990e-01
  Iter  40, [ 1] :    9.999988e-01
  Iter  60, [ 1] :    9.999988e-01
  Iter  80, [ 1] :    9.999987e-01
  Iter 100, [ 1] :    9.999985e-01
  Iter 120, [ 1] :    9.999984e-01
  Iter 140, [ 1] :    9.999980e-01
  Iter 160, [ 1] :    9.999974e-01
  Iter 180, [ 1] :    9.999967e-01
  Iter 200, [ 1] :    9.999900e-01
WARNING: NOX::Direction::Newton::compute() - Linear solve failed to achieve convergence - using the step anyway since "Rescue Bad Newton Solve" is true 

************************************************************************
-- Nonlinear Solver Step 24 -- 
||F|| = 5.020e+05  step = 1.000e+00  dx = 1.619e+00
************************************************************************

  
  *******************************************************
  ***** Belos Iterative Solver:  Block Gmres 
  ***** Maximum Iterations: 200
  ***** Block Size: 1
  ***** Residual Test: 
  *****   Test 1 : Belos::StatusTestImpResNorm<>: (2-Norm Res Vec) / (2-Norm Res0), tol = 1e-08
  *******************************************************
  Iter   0, [ 1] :    1.000000e+00
  Iter  20, [ 1] :    9.999964e-01
  Iter  40, [ 1] :    9.999961e-01
  Iter  60, [ 1] :    9.999960e-01
  Iter  80, [ 1] :    9.999959e-01
  Iter 100, [ 1] :    9.999957e-01
  Iter 120, [ 1] :    9.999955e-01
  Iter 140, [ 1] :    9.999953e-01
  Iter 160, [ 1] :    9.999949e-01
  Iter 180, [ 1] :    9.999937e-01
  Iter 200, [ 1] :    9.999911e-01
WARNING: NOX::Direction::Newton::compute() - Linear solve failed to achieve convergence - using the step anyway since "Rescue Bad Newton Solve" is true 

************************************************************************
-- Nonlinear Solver Step 25 -- 
||F|| = 5.020e+05  step = 1.000e+00  dx = 3.100e+00
************************************************************************

  
  *******************************************************
  ***** Belos Iterative Solver:  Block Gmres 
  ***** Maximum Iterations: 200
  ***** Block Size: 1
  ***** Residual Test: 
  *****   Test 1 : Belos::StatusTestImpResNorm<>: (2-Norm Res Vec) / (2-Norm Res0), tol = 1e-08
  *******************************************************
  Iter   0, [ 1] :    1.000000e+00
  Iter  20, [ 1] :    9.999978e-01
  Iter  40, [ 1] :    9.999977e-01
  Iter  60, [ 1] :    9.999977e-01
  Iter  80, [ 1] :    9.999976e-01
  Iter 100, [ 1] :    9.999974e-01
  Iter 120, [ 1] :    9.999972e-01
  Iter 140, [ 1] :    9.999969e-01
  Iter 160, [ 1] :    9.999963e-01
  Iter 180, [ 1] :    9.999959e-01
  Iter 200, [ 1] :    9.999948e-01
WARNING: NOX::Direction::Newton::compute() - Linear solve failed to achieve convergence - using the step anyway since "Rescue Bad Newton Solve" is true 

************************************************************************
-- Nonlinear Solver Step 26 -- 
||F|| = 5.020e+05  step = 1.000e+00  dx = 2.430e+00
************************************************************************

  
  *******************************************************
  ***** Belos Iterative Solver:  Block Gmres 
  ***** Maximum Iterations: 200
  ***** Block Size: 1
  ***** Residual Test: 
  *****   Test 1 : Belos::StatusTestImpResNorm<>: (2-Norm Res Vec) / (2-Norm Res0), tol = 1e-08
  *******************************************************
  Iter   0, [ 1] :    1.000000e+00
  Iter  20, [ 1] :    9.999990e-01
  Iter  40, [ 1] :    9.999989e-01
  Iter  60, [ 1] :    9.999989e-01
  Iter  80, [ 1] :    9.999989e-01
  Iter 100, [ 1] :    9.999987e-01
  Iter 120, [ 1] :    9.999986e-01
  Iter 140, [ 1] :    9.999985e-01
  Iter 160, [ 1] :    9.999984e-01
  Iter 180, [ 1] :    9.999977e-01
  Iter 200, [ 1] :    9.999969e-01
WARNING: NOX::Direction::Newton::compute() - Linear solve failed to achieve convergence - using the step anyway since "Rescue Bad Newton Solve" is true 

************************************************************************
-- Nonlinear Solver Step 27 -- 
||F|| = 5.020e+05  step = 1.000e+00  dx = 1.476e+00
************************************************************************

  
  *******************************************************
  ***** Belos Iterative Solver:  Block Gmres 
  ***** Maximum Iterations: 200
  ***** Block Size: 1
  ***** Residual Test: 
  *****   Test 1 : Belos::StatusTestImpResNorm<>: (2-Norm Res Vec) / (2-Norm Res0), tol = 1e-08
  *******************************************************
  Iter   0, [ 1] :    1.000000e+00
  Iter  20, [ 1] :    9.999991e-01
  Iter  40, [ 1] :    9.999990e-01
  Iter  60, [ 1] :    9.999990e-01
  Iter  80, [ 1] :    9.999989e-01
  Iter 100, [ 1] :    9.999987e-01
  Iter 120, [ 1] :    9.999986e-01
  Iter 140, [ 1] :    9.999982e-01
  Iter 160, [ 1] :    9.999980e-01
  Iter 180, [ 1] :    9.999975e-01
  Iter 200, [ 1] :    9.999964e-01
WARNING: NOX::Direction::Newton::compute() - Linear solve failed to achieve convergence - using the step anyway since "Rescue Bad Newton Solve" is true 

************************************************************************
-- Nonlinear Solver Step 28 -- 
||F|| = 5.020e+05  step = 1.000e+00  dx = 1.210e+00
************************************************************************

  
  *******************************************************
  ***** Belos Iterative Solver:  Block Gmres 
  ***** Maximum Iterations: 200
  ***** Block Size: 1
  ***** Residual Test: 
  *****   Test 1 : Belos::StatusTestImpResNorm<>: (2-Norm Res Vec) / (2-Norm Res0), tol = 1e-08
  *******************************************************
  Iter   0, [ 1] :    1.000000e+00
  Iter  20, [ 1] :    9.999975e-01
  Iter  40, [ 1] :    9.999974e-01
  Iter  60, [ 1] :    9.999973e-01
  Iter  80, [ 1] :    9.999973e-01
  Iter 100, [ 1] :    9.999971e-01
  Iter 120, [ 1] :    9.999971e-01
  Iter 140, [ 1] :    9.999968e-01
  Iter 160, [ 1] :    9.999966e-01
  Iter 180, [ 1] :    9.999962e-01
  Iter 200, [ 1] :    9.999895e-01
WARNING: NOX::Direction::Newton::compute() - Linear solve failed to achieve convergence - using the step anyway since "Rescue Bad Newton Solve" is true 

************************************************************************
-- Nonlinear Solver Step 29 -- 
||F|| = 5.020e+05  step = 1.000e+00  dx = 2.478e+00
************************************************************************

  
  *******************************************************
  ***** Belos Iterative Solver:  Block Gmres 
  ***** Maximum Iterations: 200
  ***** Block Size: 1
  ***** Residual Test: 
  *****   Test 1 : Belos::StatusTestImpResNorm<>: (2-Norm Res Vec) / (2-Norm Res0), tol = 1e-08
  *******************************************************
  Iter   0, [ 1] :    1.000000e+00
  Iter  20, [ 1] :    9.999978e-01
  Iter  40, [ 1] :    9.999977e-01
  Iter  60, [ 1] :    9.999977e-01
  Iter  80, [ 1] :    9.999976e-01
  Iter 100, [ 1] :    9.999974e-01
  Iter 120, [ 1] :    9.999971e-01
  Iter 140, [ 1] :    9.999969e-01
  Iter 160, [ 1] :    9.999966e-01
  Iter 180, [ 1] :    9.999961e-01
  Iter 200, [ 1] :    9.999954e-01
WARNING: NOX::Direction::Newton::compute() - Linear solve failed to achieve convergence - using the step anyway since "Rescue Bad Newton Solve" is true 

************************************************************************
-- Nonlinear Solver Step 30 -- 
||F|| = 5.020e+05  step = 1.000e+00  dx = 2.710e+00
************************************************************************

  
  *******************************************************
  ***** Belos Iterative Solver:  Block Gmres 
  ***** Maximum Iterations: 200
  ***** Block Size: 1
  ***** Residual Test: 
  *****   Test 1 : Belos::StatusTestImpResNorm<>: (2-Norm Res Vec) / (2-Norm Res0), tol = 1e-08
  *******************************************************
  Iter   0, [ 1] :    1.000000e+00
  Iter  20, [ 1] :    9.999967e-01
  Iter  40, [ 1] :    9.999967e-01
  Iter  60, [ 1] :    9.999966e-01
  Iter  80, [ 1] :    9.999965e-01
  Iter 100, [ 1] :    9.999964e-01
  Iter 120, [ 1] :    9.999962e-01
  Iter 140, [ 1] :    9.999958e-01
  Iter 160, [ 1] :    9.999956e-01
  Iter 180, [ 1] :    9.999954e-01
  Iter 200, [ 1] :    9.999941e-01
WARNING: NOX::Direction::Newton::compute() - Linear solve failed to achieve convergence - using the step anyway since "Rescue Bad Newton Solve" is true 

************************************************************************
-- Nonlinear Solver Step 31 -- 
||F|| = 5.020e+05  step = 1.000e+00  dx = 2.008e+00
************************************************************************

  
  *******************************************************
  ***** Belos Iterative Solver:  Block Gmres 
  ***** Maximum Iterations: 200
  ***** Block Size: 1
  ***** Residual Test: 
  *****   Test 1 : Belos::StatusTestImpResNorm<>: (2-Norm Res Vec) / (2-Norm Res0), tol = 1e-08
  *******************************************************
  Iter   0, [ 1] :    1.000000e+00
  Iter  20, [ 1] :    9.999947e-01
  Iter  40, [ 1] :    9.999947e-01
  Iter  60, [ 1] :    9.999946e-01
  Iter  80, [ 1] :    9.999944e-01
  Iter 100, [ 1] :    9.999941e-01
  Iter 120, [ 1] :    9.999939e-01
  Iter 140, [ 1] :    9.999936e-01
  Iter 160, [ 1] :    9.999934e-01
  Iter 180, [ 1] :    9.999931e-01
  Iter 200, [ 1] :    9.999919e-01
WARNING: NOX::Direction::Newton::compute() - Linear solve failed to achieve convergence - using the step anyway since "Rescue Bad Newton Solve" is true 

************************************************************************
-- Nonlinear Solver Step 32 -- 
||F|| = 5.020e+05  step = 1.000e+00  dx = 3.384e+00
************************************************************************

  
  *******************************************************
  ***** Belos Iterative Solver:  Block Gmres 
  ***** Maximum Iterations: 200
  ***** Block Size: 1
  ***** Residual Test: 
  *****   Test 1 : Belos::StatusTestImpResNorm<>: (2-Norm Res Vec) / (2-Norm Res0), tol = 1e-08
  *******************************************************
  Iter   0, [ 1] :    1.000000e+00
  Iter  20, [ 1] :    9.999995e-01
  Iter  40, [ 1] :    9.999994e-01
  Iter  60, [ 1] :    9.999993e-01
  Iter  80, [ 1] :    9.999992e-01
  Iter 100, [ 1] :    9.999990e-01
  Iter 120, [ 1] :    9.999987e-01
  Iter 140, [ 1] :    9.999982e-01
  Iter 160, [ 1] :    9.999979e-01
  Iter 180, [ 1] :    9.999976e-01
  Iter 200, [ 1] :    9.999974e-01
WARNING: NOX::Direction::Newton::compute() - Linear solve failed to achieve convergence - using the step anyway since "Rescue Bad Newton Solve" is true 

************************************************************************
-- Nonlinear Solver Step 33 -- 
||F|| = 5.020e+05  step = 1.000e+00  dx = 9.204e-01
************************************************************************

  
  *******************************************************
  ***** Belos Iterative Solver:  Block Gmres 
  ***** Maximum Iterations: 200
  ***** Block Size: 1
  ***** Residual Test: 
  *****   Test 1 : Belos::StatusTestImpResNorm<>: (2-Norm Res Vec) / (2-Norm Res0), tol = 1e-08
  *******************************************************
  Iter   0, [ 1] :    1.000000e+00
  Iter  20, [ 1] :    9.999989e-01
  Iter  40, [ 1] :    9.999989e-01
  Iter  60, [ 1] :    9.999988e-01
  Iter  80, [ 1] :    9.999985e-01
  Iter 100, [ 1] :    9.999982e-01
  Iter 120, [ 1] :    9.999981e-01
  Iter 140, [ 1] :    9.999980e-01
  Iter 160, [ 1] :    9.999979e-01
  Iter 180, [ 1] :    9.999977e-01
  Iter 200, [ 1] :    9.999971e-01
WARNING: NOX::Direction::Newton::compute() - Linear solve failed to achieve convergence - using the step anyway since "Rescue Bad Newton Solve" is true 

************************************************************************
-- Nonlinear Solver Step 34 -- 
||F|| = 5.020e+05  step = 1.000e+00  dx = 1.826e+00
************************************************************************

  
  *******************************************************
  ***** Belos Iterative Solver:  Block Gmres 
  ***** Maximum Iterations: 200
  ***** Block Size: 1
  ***** Residual Test: 
  *****   Test 1 : Belos::StatusTestImpResNorm<>: (2-Norm Res Vec) / (2-Norm Res0), tol = 1e-08
  *******************************************************
  Iter   0, [ 1] :    1.000000e+00
  Iter  20, [ 1] :    9.999998e-01
  Iter  40, [ 1] :    9.999997e-01
  Iter  60, [ 1] :    9.999997e-01
  Iter  80, [ 1] :    9.999992e-01
  Iter 100, [ 1] :    9.999984e-01
  Iter 120, [ 1] :    9.999972e-01
  Iter 140, [ 1] :    9.999968e-01
  Iter 160, [ 1] :    9.999966e-01
  Iter 180, [ 1] :    9.999961e-01
  Iter 200, [ 1] :    9.999955e-01
WARNING: NOX::Direction::Newton::compute() - Linear solve failed to achieve convergence - using the step anyway since "Rescue Bad Newton Solve" is true 

************************************************************************
-- Nonlinear Solver Step 35 -- 
||F|| = 5.020e+05  step = 1.000e+00  dx = 5.193e-02
************************************************************************

  
  *******************************************************
  ***** Belos Iterative Solver:  Block Gmres 
  ***** Maximum Iterations: 200
  ***** Block Size: 1
  ***** Residual Test: 
  *****   Test 1 : Belos::StatusTestImpResNorm<>: (2-Norm Res Vec) / (2-Norm Res0), tol = 1e-08
  *******************************************************
  Iter   0, [ 1] :    1.000000e+00
  Iter  20, [ 1] :    9.999994e-01
  Iter  40, [ 1] :    9.999993e-01
  Iter  60, [ 1] :    9.999992e-01
  Iter  80, [ 1] :    9.999989e-01
  Iter 100, [ 1] :    9.999986e-01
  Iter 120, [ 1] :    9.999979e-01
  Iter 140, [ 1] :    9.999975e-01
  Iter 160, [ 1] :    9.999970e-01
  Iter 180, [ 1] :    9.999963e-01
  Iter 200, [ 1] :    9.999959e-01
WARNING: NOX::Direction::Newton::compute() - Linear solve failed to achieve convergence - using the step anyway since "Rescue Bad Newton Solve" is true 

************************************************************************
-- Nonlinear Solver Step 36 -- 
||F|| = 5.019e+05  step = 1.000e+00  dx = 9.500e-01
************************************************************************

  
  *******************************************************
  ***** Belos Iterative Solver:  Block Gmres 
  ***** Maximum Iterations: 200
  ***** Block Size: 1
  ***** Residual Test: 
  *****   Test 1 : Belos::StatusTestImpResNorm<>: (2-Norm Res Vec) / (2-Norm Res0), tol = 1e-08
  *******************************************************
  Iter   0, [ 1] :    1.000000e+00
  Iter  20, [ 1] :    9.999990e-01
  Iter  40, [ 1] :    9.999989e-01
  Iter  60, [ 1] :    9.999989e-01
  Iter  80, [ 1] :    9.999987e-01
  Iter 100, [ 1] :    9.999986e-01
  Iter 120, [ 1] :    9.999985e-01
  Iter 140, [ 1] :    9.999983e-01
  Iter 160, [ 1] :    9.999982e-01
  Iter 180, [ 1] :    9.999979e-01
  Iter 200, [ 1] :    9.999975e-01
WARNING: NOX::Direction::Newton::compute() - Linear solve failed to achieve convergence - using the step anyway since "Rescue Bad Newton Solve" is true 

************************************************************************
-- Nonlinear Solver Step 37 -- 
||F|| = 5.019e+05  step = 1.000e+00  dx = 1.632e+00
************************************************************************

  
  *******************************************************
  ***** Belos Iterative Solver:  Block Gmres 
  ***** Maximum Iterations: 200
  ***** Block Size: 1
  ***** Residual Test: 
  *****   Test 1 : Belos::StatusTestImpResNorm<>: (2-Norm Res Vec) / (2-Norm Res0), tol = 1e-08
  *******************************************************
  Iter   0, [ 1] :    1.000000e+00
  Iter  20, [ 1] :    9.999995e-01
  Iter  40, [ 1] :    9.999995e-01
  Iter  60, [ 1] :    9.999994e-01
  Iter  80, [ 1] :    9.999993e-01
  Iter 100, [ 1] :    9.999993e-01
  Iter 120, [ 1] :    9.999991e-01
  Iter 140, [ 1] :    9.999989e-01
  Iter 160, [ 1] :    9.999987e-01
  Iter 180, [ 1] :    9.999985e-01
  Iter 200, [ 1] :    9.999981e-01
WARNING: NOX::Direction::Newton::compute() - Linear solve failed to achieve convergence - using the step anyway since "Rescue Bad Newton Solve" is true 

************************************************************************
-- Nonlinear Solver Step 38 -- 
||F|| = 5.019e+05  step = 1.000e+00  dx = 7.369e-01
************************************************************************

  
  *******************************************************
  ***** Belos Iterative Solver:  Block Gmres 
  ***** Maximum Iterations: 200
  ***** Block Size: 1
  ***** Residual Test: 
  *****   Test 1 : Belos::StatusTestImpResNorm<>: (2-Norm Res Vec) / (2-Norm Res0), tol = 1e-08
  *******************************************************
  Iter   0, [ 1] :    1.000000e+00
  Iter  20, [ 1] :    9.999997e-01
  Iter  40, [ 1] :    9.999997e-01
  Iter  60, [ 1] :    9.999995e-01
  Iter  80, [ 1] :    9.999995e-01
  Iter 100, [ 1] :    9.999993e-01
  Iter 120, [ 1] :    9.999991e-01
  Iter 140, [ 1] :    9.999991e-01
  Iter 160, [ 1] :    9.999989e-01
  Iter 180, [ 1] :    9.999986e-01
  Iter 200, [ 1] :    9.999980e-01
WARNING: NOX::Direction::Newton::compute() - Linear solve failed to achieve convergence - using the step anyway since "Rescue Bad Newton Solve" is true 

************************************************************************
-- Nonlinear Solver Step 39 -- 
||F|| = 5.019e+05  step = 1.000e+00  dx = 3.455e-01
************************************************************************

  
  *******************************************************
  ***** Belos Iterative Solver:  Block Gmres 
  ***** Maximum Iterations: 200
  ***** Block Size: 1
  ***** Residual Test: 
  *****   Test 1 : Belos::StatusTestImpResNorm<>: (2-Norm Res Vec) / (2-Norm Res0), tol = 1e-08
  *******************************************************
  Iter   0, [ 1] :    1.000000e+00
  Iter  20, [ 1] :    9.999986e-01
  Iter  40, [ 1] :    9.999986e-01
  Iter  60, [ 1] :    9.999985e-01
  Iter  80, [ 1] :    9.999985e-01
  Iter 100, [ 1] :    9.999983e-01
  Iter 120, [ 1] :    9.999982e-01
  Iter 140, [ 1] :    9.999981e-01
  Iter 160, [ 1] :    9.999979e-01
  Iter 180, [ 1] :    9.999977e-01
  Iter 200, [ 1] :    9.999974e-01
WARNING: NOX::Direction::Newton::compute() - Linear solve failed to achieve convergence - using the step anyway since "Rescue Bad Newton Solve" is true 

************************************************************************
-- Nonlinear Solver Step 40 -- 
||F|| = 5.019e+05  step = 1.000e+00  dx = 1.476e+00
************************************************************************

  
  *******************************************************
  ***** Belos Iterative Solver:  Block Gmres 
  ***** Maximum Iterations: 200
  ***** Block Size: 1
  ***** Residual Test: 
  *****   Test 1 : Belos::StatusTestImpResNorm<>: (2-Norm Res Vec) / (2-Norm Res0), tol = 1e-08
  *******************************************************
  Iter   0, [ 1] :    1.000000e+00
  Iter  20, [ 1] :    9.999991e-01
  Iter  40, [ 1] :    9.999991e-01
  Iter  60, [ 1] :    9.999991e-01
  Iter  80, [ 1] :    9.999990e-01
  Iter 100, [ 1] :    9.999986e-01
  Iter 120, [ 1] :    9.999983e-01
  Iter 140, [ 1] :    9.999983e-01
  Iter 160, [ 1] :    9.999982e-01
  Iter 180, [ 1] :    9.999980e-01
  Iter 200, [ 1] :    9.999976e-01
WARNING: NOX::Direction::Newton::compute() - Linear solve failed to achieve convergence - using the step anyway since "Rescue Bad Newton Solve" is true 

************************************************************************
-- Nonlinear Solver Step 41 -- 
||F|| = 5.019e+05  step = 1.000e+00  dx = 1.414e+00
************************************************************************

  
  *******************************************************
  ***** Belos Iterative Solver:  Block Gmres 
  ***** Maximum Iterations: 200
  ***** Block Size: 1
  ***** Residual Test: 
  *****   Test 1 : Belos::StatusTestImpResNorm<>: (2-Norm Res Vec) / (2-Norm Res0), tol = 1e-08
  *******************************************************
  Iter   0, [ 1] :    1.000000e+00
  Iter  20, [ 1] :    9.999997e-01
  Iter  40, [ 1] :    9.999996e-01
  Iter  60, [ 1] :    9.999995e-01
  Iter  80, [ 1] :    9.999994e-01
  Iter 100, [ 1] :    9.999990e-01
  Iter 120, [ 1] :    9.999983e-01
  Iter 140, [ 1] :    9.999980e-01
  Iter 160, [ 1] :    9.999977e-01
  Iter 180, [ 1] :    9.999974e-01
  Iter 200, [ 1] :    9.999971e-01
WARNING: NOX::Direction::Newton::compute() - Linear solve failed to achieve convergence - using the step anyway since "Rescue Bad Newton Solve" is true 

************************************************************************
-- Nonlinear Solver Step 42 -- 
||F|| = 5.019e+05  step = 1.000e+00  dx = 3.840e-01
************************************************************************

  
  *******************************************************
  ***** Belos Iterative Solver:  Block Gmres 
  ***** Maximum Iterations: 200
  ***** Block Size: 1
  ***** Residual Test: 
  *****   Test 1 : Belos::StatusTestImpResNorm<>: (2-Norm Res Vec) / (2-Norm Res0), tol = 1e-08
  *******************************************************
  Iter   0, [ 1] :    1.000000e+00
  Iter  20, [ 1] :    9.999998e-01
  Iter  40, [ 1] :    9.999997e-01
  Iter  60, [ 1] :    9.999996e-01
  Iter  80, [ 1] :    9.999995e-01
  Iter 100, [ 1] :    9.999994e-01
  Iter 120, [ 1] :    9.999991e-01
  Iter 140, [ 1] :    9.999989e-01
  Iter 160, [ 1] :    9.999987e-01
  Iter 180, [ 1] :    9.999983e-01
  Iter 200, [ 1] :    9.999978e-01
WARNING: NOX::Direction::Newton::compute() - Linear solve failed to achieve convergence - using the step anyway since "Rescue Bad Newton Solve" is true 

************************************************************************
-- Nonlinear Solver Step 43 -- 
||F|| = 5.019e+05  step = 1.000e+00  dx = 2.959e-01
************************************************************************

  
  *******************************************************
  ***** Belos Iterative Solver:  Block Gmres 
  ***** Maximum Iterations: 200
  ***** Block Size: 1
  ***** Residual Test: 
  *****   Test 1 : Belos::StatusTestImpResNorm<>: (2-Norm Res Vec) / (2-Norm Res0), tol = 1e-08
  *******************************************************
  Iter   0, [ 1] :    1.000000e+00
  Iter  20, [ 1] :    9.999998e-01
  Iter  40, [ 1] :    9.999997e-01
  Iter  60, [ 1] :    9.999997e-01
  Iter  80, [ 1] :    9.999996e-01
  Iter 100, [ 1] :    9.999993e-01
  Iter 120, [ 1] :    9.999992e-01
  Iter 140, [ 1] :    9.999991e-01
  Iter 160, [ 1] :    9.999991e-01
  Iter 180, [ 1] :    9.999989e-01
  Iter 200, [ 1] :    9.999987e-01
WARNING: NOX::Direction::Newton::compute() - Linear solve failed to achieve convergence - using the step anyway since "Rescue Bad Newton Solve" is true 

************************************************************************
-- Nonlinear Solver Step 44 -- 
||F|| = 5.019e+05  step = 1.000e+00  dx = 1.225e-01
************************************************************************

  
  *******************************************************
  ***** Belos Iterative Solver:  Block Gmres 
  ***** Maximum Iterations: 200
  ***** Block Size: 1
  ***** Residual Test: 
  *****   Test 1 : Belos::StatusTestImpResNorm<>: (2-Norm Res Vec) / (2-Norm Res0), tol = 1e-08
  *******************************************************
  Iter   0, [ 1] :    1.000000e+00
  Iter  20, [ 1] :    9.999999e-01
  Iter  40, [ 1] :    9.999999e-01
  Iter  60, [ 1] :    9.999998e-01
  Iter  80, [ 1] :    9.999998e-01
  Iter 100, [ 1] :    9.999997e-01
  Iter 120, [ 1] :    9.999995e-01
  Iter 140, [ 1] :    9.999995e-01
  Iter 160, [ 1] :    9.999993e-01
  Iter 180, [ 1] :    9.999992e-01
  Iter 200, [ 1] :    9.999991e-01
WARNING: NOX::Direction::Newton::compute() - Linear solve failed to achieve convergence - using the step anyway since "Rescue Bad Newton Solve" is true 

************************************************************************
-- Nonlinear Solver Step 45 -- 
||F|| = 5.019e+05  step = 1.000e+00  dx = 5.367e-01
************************************************************************

  
  *******************************************************
  ***** Belos Iterative Solver:  Block Gmres 
  ***** Maximum Iterations: 200
  ***** Block Size: 1
  ***** Residual Test: 
  *****   Test 1 : Belos::StatusTestImpResNorm<>: (2-Norm Res Vec) / (2-Norm Res0), tol = 1e-08
  *******************************************************
  Iter   0, [ 1] :    1.000000e+00
  Iter  20, [ 1] :    9.999992e-01
  Iter  40, [ 1] :    9.999991e-01
  Iter  60, [ 1] :    9.999991e-01
  Iter  80, [ 1] :    9.999991e-01
  Iter 100, [ 1] :    9.999990e-01
  Iter 120, [ 1] :    9.999989e-01
  Iter 140, [ 1] :    9.999986e-01
  Iter 160, [ 1] :    9.999985e-01
  Iter 180, [ 1] :    9.999984e-01
  Iter 200, [ 1] :    9.999981e-01
WARNING: NOX::Direction::Newton::compute() - Linear solve failed to achieve convergence - using the step anyway since "Rescue Bad Newton Solve" is true 

************************************************************************
-- Nonlinear Solver Step 46 -- 
||F|| = 5.019e+05  step = 1.000e+00  dx = 1.462e+00
************************************************************************

  
  *******************************************************
  ***** Belos Iterative Solver:  Block Gmres 
  ***** Maximum Iterations: 200
  ***** Block Size: 1
  ***** Residual Test: 
  *****   Test 1 : Belos::StatusTestImpResNorm<>: (2-Norm Res Vec) / (2-Norm Res0), tol = 1e-08
  *******************************************************
  Iter   0, [ 1] :    1.000000e+00
  Iter  20, [ 1] :    9.999968e-01
  Iter  40, [ 1] :    9.999968e-01
  Iter  60, [ 1] :    9.999967e-01
  Iter  80, [ 1] :    9.999966e-01
  Iter 100, [ 1] :    9.999963e-01
  Iter 120, [ 1] :    9.999960e-01
  Iter 140, [ 1] :    9.999955e-01
  Iter 160, [ 1] :    9.999950e-01
  Iter 180, [ 1] :    9.999946e-01
  Iter 200, [ 1] :    9.999941e-01
WARNING: NOX::Direction::Newton::compute() - Linear solve failed to achieve convergence - using the step anyway since "Rescue Bad Newton Solve" is true 

************************************************************************
-- Nonlinear Solver Step 47 -- 
||F|| = 5.019e+05  step = 1.000e+00  dx = 2.530e+00
************************************************************************

  
  *******************************************************
  ***** Belos Iterative Solver:  Block Gmres 
  ***** Maximum Iterations: 200
  ***** Block Size: 1
  ***** Residual Test: 
  *****   Test 1 : Belos::StatusTestImpResNorm<>: (2-Norm Res Vec) / (2-Norm Res0), tol = 1e-08
  *******************************************************
  Iter   0, [ 1] :    1.000000e+00
  Iter  20, [ 1] :    9.999928e-01
  Iter  40, [ 1] :    9.999927e-01
  Iter  60, [ 1] :    9.999926e-01
  Iter  80, [ 1] :    9.999923e-01
  Iter 100, [ 1] :    9.999918e-01
  Iter 120, [ 1] :    9.999916e-01
  Iter 140, [ 1] :    9.999914e-01
  Iter 160, [ 1] :    9.999910e-01
  Iter 180, [ 1] :    9.999908e-01
  Iter 200, [ 1] :    9.999895e-01
WARNING: NOX::Direction::Newton::compute() - Linear solve failed to achieve convergence - using the step anyway since "Rescue Bad Newton Solve" is true 

************************************************************************
-- Nonlinear Solver Step 48 -- 
||F|| = 5.019e+05  step = 1.000e+00  dx = 4.371e+00
************************************************************************

  
  *******************************************************
  ***** Belos Iterative Solver:  Block Gmres 
  ***** Maximum Iterations: 200
  ***** Block Size: 1
  ***** Residual Test: 
  *****   Test 1 : Belos::StatusTestImpResNorm<>: (2-Norm Res Vec) / (2-Norm Res0), tol = 1e-08
  *******************************************************
  Iter   0, [ 1] :    1.000000e+00
  Iter  20, [ 1] :    9.999965e-01
  Iter  40, [ 1] :    9.999962e-01
  Iter  60, [ 1] :    9.999962e-01
  Iter  80, [ 1] :    9.999959e-01
  Iter 100, [ 1] :    9.999957e-01
  Iter 120, [ 1] :    9.999953e-01
  Iter 140, [ 1] :    9.999951e-01
  Iter 160, [ 1] :    9.999948e-01
  Iter 180, [ 1] :    9.999943e-01
  Iter 200, [ 1] :    9.999932e-01
WARNING: NOX::Direction::Newton::compute() - Linear solve failed to achieve convergence - using the step anyway since "Rescue Bad Newton Solve" is true 

************************************************************************
-- Nonlinear Solver Step 49 -- 
||F|| = 5.019e+05  step = 1.000e+00  dx = 3.008e+00
************************************************************************

  
  *******************************************************
  ***** Belos Iterative Solver:  Block Gmres 
  ***** Maximum Iterations: 200
  ***** Block Size: 1
  ***** Residual Test: 
  *****   Test 1 : Belos::StatusTestImpResNorm<>: (2-Norm Res Vec) / (2-Norm Res0), tol = 1e-08
  *******************************************************
  Iter   0, [ 1] :    1.000000e+00
  Iter  20, [ 1] :    9.999969e-01
  Iter  40, [ 1] :    9.999968e-01
  Iter  60, [ 1] :    9.999968e-01
  Iter  80, [ 1] :    9.999967e-01
  Iter 100, [ 1] :    9.999965e-01
  Iter 120, [ 1] :    9.999962e-01
  Iter 140, [ 1] :    9.999958e-01
  Iter 160, [ 1] :    9.999957e-01
  Iter 180, [ 1] :    9.999952e-01
  Iter 200, [ 1] :    9.999947e-01
WARNING: NOX::Direction::Newton::compute() - Linear solve failed to achieve convergence - using the step anyway since "Rescue Bad Newton Solve" is true 

************************************************************************
-- Nonlinear Solver Step 50 -- 
||F|| = 5.019e+05  step = 1.000e+00  dx = 2.234e+00 (Failed!)
************************************************************************

************************************************************************
-- Final Status Test Results --
Failed.......OR Combination -> 
  **...........F-Norm = 5.403e+02 < 1.000e-05
               (Length-Scaled Two-Norm, Absolute Tolerance)
  Failed.......Number of Iterations = 50 < 50
************************************************************************
*** Teuchos::StackedTimer::report() - Remainder for a level will be ***
*** incorrect if a timer in the level does not exist on every rank  ***
*** of the MPI Communicator.                                        ***
PyAlbany Total Time: 190.955 [2]
|   PyAlbany: Setup Time: 27.2992 - 14.2962% [1]
|   PyAlbany: performSolve: 163.656 - 85.7038% [1]
|   |   Piro::NOXSolver::evalModelImpl::solve: 163.654 - 99.9988% [1]
|   |   |   Thyra::NOXNonlinearSolver::solve: 163.653 - 99.9995% [1]
|   |   |   |   Thyra::DefaultModelEvaluatorWithSolveFactory<double>::evalModel(...): 11.5775 - 7.07445% [101]
|   |   |   |   |   Albany: Total Fill Time: 11.5742 - 99.971% [101]
|   |   |   |   |   |   Albany Fill: Residual: 2.69571 - 23.2907% [51]
|   |   |   |   |   |   |   Phalanx::SortAndOrderEvaluators: 1.072e-06 - 3.97669e-05% [1]
|   |   |   |   |   |   |   Albany Residual Fill: Evaluate: 2.37325 - 88.0383% [51]
|   |   |   |   |   |   |   |   Phalanx: Evaluator 8: [<Residual>] LoadStateField(bed_topography)<Residual>: 0.0323805 - 1.36439% [51]
|   |   |   |   |   |   |   |   Phalanx: Evaluator 11: [<Residual>] Save Field bed_topography to State bed_topographyResidual: 0.330114 - 13.9098% [51]
|   |   |   |   |   |   |   |   Phalanx: Evaluator 5: [<Residual>] LoadStateField(surface_height)<Residual>: 0.0320979 - 1.35248% [51]
|   |   |   |   |   |   |   |   Phalanx: Evaluator 12: [<Residual>] Save Field surface_height to State surface_heightResidual: 0.332779 - 14.022% [51]
|   |   |   |   |   |   |   |   Phalanx: Evaluator 31: [<Residual>] Shared Parameter Glen's Law Homotopy Parameter<Residual>: 0.00197634 - 0.0832757% [51]
|   |   |   |   |   |   |   |   Phalanx: Evaluator 2: [<Residual>] Gather Coordinate Vector<Residual>: 0.0637367 - 2.68563% [51]
|   |   |   |   |   |   |   |   Phalanx: Evaluator 25: [<Residual>] ComputeBasisFunctions<Residual>: 0.0209332 - 0.882047% [51]
|   |   |   |   |   |   |   |   Phalanx: Evaluator 0: [<Residual>] Gather Solution<Residual>: 0.0134354 - 0.566119% [51]
|   |   |   |   |   |   |   |   Phalanx: Evaluator 67: [<Residual>] FastSolutionVecGradInterpolationBase<Residual>: 0.0122551 - 0.516383% [51]
|   |   |   |   |   |   |   |   Phalanx: Evaluator 7: [<Residual>] LoadStateField(temperature)<Residual>: 0.273961 - 11.5437% [51]
|   |   |   |   |   |   |   |   Phalanx: Evaluator 78: [<Residual>] P0Interpolation[temperature] <Residual>: 0.00120796 - 0.0508989% [51]
|   |   |   |   |   |   |   |   Phalanx: Evaluator 24: [<Residual>] MapToPhysicalFrame<Residual>: 0.0197355 - 0.831577% [51]
|   |   |   |   |   |   |   |   Phalanx: Evaluator 26: [<Residual>] P0Interpolation[Coord Vec] <Residual>: 0.00065622 - 0.0276506% [51]
|   |   |   |   |   |   |   |   Phalanx: Evaluator 76: [<Residual>] P0Interpolation[surface_height] <Residual>: 0.0304158 - 1.28161% [51]
|   |   |   |   |   |   |   |   Phalanx: Evaluator 3: [<Residual>] Pressure Corrected Temperature<Residual>: 0.0128554 - 0.541677% [51]
|   |   |   |   |   |   |   |   Phalanx: Evaluator 33: [<Residual>] ViscosityFO<Residual>: 0.00118818 - 0.0500652% [51]
|   |   |   |   |   |   |   |   Phalanx: Evaluator 34: [<Residual>] Dissipation: 0.065806 - 2.77282% [51]
|   |   |   |   |   |   |   |   Phalanx: Evaluator 35: [<Residual>] P0Interpolation[LandIce Dissipation] <Residual>: 0.0129469 - 0.545533% [51]
|   |   |   |   |   |   |   |   Phalanx: Evaluator 36: [<Residual>] Save Field LandIce Dissipation to State dissipation_heatResidual: 0.444989 - 18.7502% [51]
|   |   |   |   |   |   |   |   Phalanx: Evaluator 75: [<Residual>] DOFGradInterpolationBase<Residual>: 0.00042731 - 0.0180052% [51]
|   |   |   |   |   |   |   |   Phalanx: Evaluator 37: [<Residual>] StokesFOBodyForce<Residual>: 0.00240769 - 0.101451% [51]
|   |   |   |   |   |   |   |   Phalanx: Evaluator 66: [<Residual>] FastSolutionVecInterpolationBase<Residual>: 0.00101992 - 0.0429755% [51]
|   |   |   |   |   |   |   |   Phalanx: Evaluator 28: [<Residual>] StokesFOResid<Residual>: 0.0864636 - 3.64325% [51]
|   |   |   |   |   |   |   |   Phalanx: Evaluator 63: [<Residual>] DOFCellToSide(Coord Vec -> Coord Vec_extruded_boundary_side_set_1)[Vertex Vector]<Residual>: 0.210776 - 8.8813% [51]
|   |   |   |   |   |   |   |   Phalanx: Evaluator 60: [<Residual>] ComputeBasisFunctionsSide<Residual>: 0.0215096 - 0.906333% [51]
|   |   |   |   |   |   |   |   Phalanx: Evaluator 101: [<Residual>] DOFCellToSide(surface_height -> surface_height_extruded_boundary_side_set_1)[Node Scalar]<Residual>: 0.000190366 - 0.00802131% [51]
|   |   |   |   |   |   |   |   Phalanx: Evaluator 103: [<Residual>] DOFInterpolationSide<Residual>: 0.000252636 - 0.0106451% [51]
|   |   |   |   |   |   |   |   Phalanx: Evaluator 4: [<Residual>] LoadStateField(ice_thickness)<Residual>: 0.0347322 - 1.46348% [51]
|   |   |   |   |   |   |   |   Phalanx: Evaluator 99: [<Residual>] DOFCellToSide(ice_thickness -> ice_thickness_extruded_boundary_side_set_1)[Node Scalar]<Residual>: 0.000175549 - 0.00739697% [51]
|   |   |   |   |   |   |   |   Phalanx: Evaluator 100: [<Residual>] DOFInterpolationSide<Residual>: 0.003733 - 0.157295% [51]
|   |   |   |   |   |   |   |   Phalanx: Evaluator 38: [<Residual>] StokesFOLateralResid<Residual>: 0.00122728 - 0.0517129% [51]
|   |   |   |   |   |   |   |   Phalanx: Evaluator 59: [<Residual>] DOFCellToSide(Coord Vec -> Coord Vec_basalside)[Vertex Vector]<Residual>: 0.00377029 - 0.158866% [51]
|   |   |   |   |   |   |   |   Phalanx: Evaluator 56: [<Residual>] ComputeBasisFunctionsSide<Residual>: 0.0118083 - 0.497556% [51]
|   |   |   |   |   |   |   |   Phalanx: Evaluator 49: [<Residual>] Shared Parameter Power Exponent<Residual>: 0.00168533 - 0.0710136% [51]
|   |   |   |   |   |   |   |   Phalanx: Evaluator 18: [<Residual>] Load Side Set Field log_basal_friction_basalside from Side Set State log_basal_friction<Residual>: 0.0165109 - 0.695709% [51]
|   |   |   |   |   |   |   |   Phalanx: Evaluator 91: [<Residual>] DOFInterpolationSide<Residual>: 0.000187768 - 0.00791184% [51]
|   |   |   |   |   |   |   |   Phalanx: Evaluator 13: [<Residual>] Load Side Set Field ice_thickness_basalside from Side Set State ice_thickness<Residual>: 0.0183498 - 0.77319% [51]
|   |   |   |   |   |   |   |   Phalanx: Evaluator 17: [<Residual>] Load Side Set Field bed_topography_basalside from Side Set State bed_topography<Residual>: 0.0154607 - 0.651454% [51]
|   |   |   |   |   |   |   |   Phalanx: Evaluator 50: [<Residual>] BasalFrictionCoefficient<Residual>: 0.00118845 - 0.0500767% [51]
|   |   |   |   |   |   |   |   Phalanx: Evaluator 79: [<Residual>] DOFCellToSide(Velocity -> Velocity_basalside)[Node Vector]<Residual>: 0.00350095 - 0.147517% [51]
|   |   |   |   |   |   |   |   Phalanx: Evaluator 80: [<Residual>] DOFVecInterpolationSide<Residual>: 0.00269839 - 0.1137% [51]
|   |   |   |   |   |   |   |   Phalanx: Evaluator 39: [<Residual>] StokesFOBasalResid<Residual>: 0.00232432 - 0.0979382% [51]
|   |   |   |   |   |   |   |   Phalanx: Evaluator 1: [<Residual>] Scatter Velocity Residual<Residual>: 0.00388233 - 0.163587% [51]
|   |   |   |   |   |   |   |   Remainder: 0.225503 - 9.50183%
|   |   |   |   |   |   |   Albany Residual Fill: Export: 0.00251313 - 0.093227% [51]
|   |   |   |   |   |   |   Remainder: 0.319939 - 11.8684%
|   |   |   |   |   |   Albany Fill: Jacobian: 8.87738 - 76.6998% [50]
|   |   |   |   |   |   |   Phalanx::SortAndOrderEvaluators: 5.91e-07 - 6.65737e-06% [1]
|   |   |   |   |   |   |   Albany Jacobian Fill: Evaluate: 7.4608 - 84.0429% [50]
|   |   |   |   |   |   |   |   Phalanx: Evaluator 141: [<Jacobian>] Shared Parameter Glen's Law Homotopy Parameter<Jacobian>: 0.0006044 - 0.008101% [50]
|   |   |   |   |   |   |   |   Phalanx: Evaluator 112: [<Jacobian>] Gather Coordinate Vector<Jacobian>: 0.0642324 - 0.860931% [50]
|   |   |   |   |   |   |   |   Phalanx: Evaluator 135: [<Jacobian>] ComputeBasisFunctions<Jacobian>: 0.0193848 - 0.259822% [50]
|   |   |   |   |   |   |   |   Phalanx: Evaluator 110: [<Jacobian>] Gather Solution<Jacobian>: 0.0136356 - 0.182763% [50]
|   |   |   |   |   |   |   |   Phalanx: Evaluator 177: [<Jacobian>] FastSolutionVecGradInterpolationBase<Jacobian>: 0.0530014 - 0.710398% [50]
|   |   |   |   |   |   |   |   Phalanx: Evaluator 117: [<Jacobian>] LoadStateField(temperature)<Jacobian>: 0.786802 - 10.5458% [50]
|   |   |   |   |   |   |   |   Phalanx: Evaluator 187: [<Jacobian>] P0Interpolation[temperature] <Jacobian>: 0.00110455 - 0.0148047% [50]
|   |   |   |   |   |   |   |   Phalanx: Evaluator 134: [<Jacobian>] MapToPhysicalFrame<Jacobian>: 0.0174609 - 0.234035% [50]
|   |   |   |   |   |   |   |   Phalanx: Evaluator 136: [<Jacobian>] P0Interpolation[Coord Vec] <Jacobian>: 0.000665928 - 0.00892569% [50]
|   |   |   |   |   |   |   |   Phalanx: Evaluator 115: [<Jacobian>] LoadStateField(surface_height)<Jacobian>: 0.0533265 - 0.714755% [50]
|   |   |   |   |   |   |   |   Phalanx: Evaluator 185: [<Jacobian>] P0Interpolation[surface_height] <Jacobian>: 0.000512346 - 0.00686717% [50]
|   |   |   |   |   |   |   |   Phalanx: Evaluator 113: [<Jacobian>] Pressure Corrected Temperature<Jacobian>: 0.0125623 - 0.168377% [50]
|   |   |   |   |   |   |   |   Phalanx: Evaluator 143: [<Jacobian>] ViscosityFO<Jacobian>: 0.00138728 - 0.0185942% [50]
|   |   |   |   |   |   |   |   Phalanx: Evaluator 184: [<Jacobian>] DOFGradInterpolationBase<Jacobian>: 0.428042 - 5.73721% [50]
|   |   |   |   |   |   |   |   Phalanx: Evaluator 147: [<Jacobian>] StokesFOBodyForce<Jacobian>: 0.00249 - 0.0333744% [50]
|   |   |   |   |   |   |   |   Phalanx: Evaluator 176: [<Jacobian>] FastSolutionVecInterpolationBase<Jacobian>: 0.00335319 - 0.044944% [50]
|   |   |   |   |   |   |   |   Phalanx: Evaluator 138: [<Jacobian>] StokesFOResid<Jacobian>: 0.266057 - 3.56606% [50]
|   |   |   |   |   |   |   |   Phalanx: Evaluator 173: [<Jacobian>] DOFCellToSide(Coord Vec -> Coord Vec_extruded_boundary_side_set_1)[Vertex Vector]<Jacobian>: 5.28279 - 70.8072% [50]
|   |   |   |   |   |   |   |   Phalanx: Evaluator 170: [<Jacobian>] ComputeBasisFunctionsSide<Jacobian>: 0.0183959 - 0.246568% [50]
|   |   |   |   |   |   |   |   Phalanx: Evaluator 210: [<Jacobian>] DOFCellToSide(surface_height -> surface_height_extruded_boundary_side_set_1)[Node Scalar]<Jacobian>: 0.000185942 - 0.00249225% [50]
|   |   |   |   |   |   |   |   Phalanx: Evaluator 212: [<Jacobian>] DOFInterpolationSide<Jacobian>: 0.000223003 - 0.00298899% [50]
|   |   |   |   |   |   |   |   Phalanx: Evaluator 114: [<Jacobian>] LoadStateField(ice_thickness)<Jacobian>: 0.0356737 - 0.478148% [50]
|   |   |   |   |   |   |   |   Phalanx: Evaluator 208: [<Jacobian>] DOFCellToSide(ice_thickness -> ice_thickness_extruded_boundary_side_set_1)[Node Scalar]<Jacobian>: 0.000169301 - 0.00226921% [50]
|   |   |   |   |   |   |   |   Phalanx: Evaluator 209: [<Jacobian>] DOFInterpolationSide<Jacobian>: 0.00379562 - 0.0508741% [50]
|   |   |   |   |   |   |   |   Phalanx: Evaluator 148: [<Jacobian>] StokesFOLateralResid<Jacobian>: 0.00142586 - 0.0191113% [50]
|   |   |   |   |   |   |   |   Phalanx: Evaluator 169: [<Jacobian>] DOFCellToSide(Coord Vec -> Coord Vec_basalside)[Vertex Vector]<Jacobian>: 0.0790049 - 1.05893% [50]
|   |   |   |   |   |   |   |   Phalanx: Evaluator 166: [<Jacobian>] ComputeBasisFunctionsSide<Jacobian>: 0.0109823 - 0.147201% [50]
|   |   |   |   |   |   |   |   Phalanx: Evaluator 159: [<Jacobian>] Shared Parameter Power Exponent<Jacobian>: 0.00216822 - 0.0290615% [50]
|   |   |   |   |   |   |   |   Phalanx: Evaluator 128: [<Jacobian>] Load Side Set Field log_basal_friction_basalside from Side Set State log_basal_friction<Jacobian>: 0.016877 - 0.226209% [50]
|   |   |   |   |   |   |   |   Phalanx: Evaluator 200: [<Jacobian>] DOFInterpolationSide<Jacobian>: 0.000176232 - 0.0023621% [50]
|   |   |   |   |   |   |   |   Phalanx: Evaluator 123: [<Jacobian>] Load Side Set Field ice_thickness_basalside from Side Set State ice_thickness<Jacobian>: 0.0184833 - 0.247739% [50]
|   |   |   |   |   |   |   |   Phalanx: Evaluator 127: [<Jacobian>] Load Side Set Field bed_topography_basalside from Side Set State bed_topography<Jacobian>: 0.0156006 - 0.2091% [50]
|   |   |   |   |   |   |   |   Phalanx: Evaluator 160: [<Jacobian>] BasalFrictionCoefficient<Jacobian>: 0.00137011 - 0.0183641% [50]
|   |   |   |   |   |   |   |   Phalanx: Evaluator 188: [<Jacobian>] DOFCellToSide(Velocity -> Velocity_basalside)[Node Vector]<Jacobian>: 0.00590241 - 0.0791122% [50]
|   |   |   |   |   |   |   |   Phalanx: Evaluator 189: [<Jacobian>] DOFVecInterpolationSide<Jacobian>: 0.0165309 - 0.22157% [50]
|   |   |   |   |   |   |   |   Phalanx: Evaluator 149: [<Jacobian>] StokesFOBasalResid<Jacobian>: 0.0206939 - 0.277368% [50]
|   |   |   |   |   |   |   |   Phalanx: Evaluator 111: [<Jacobian>] Scatter Velocity Residual<Jacobian>: 0.0430894 - 0.577544% [50]
|   |   |   |   |   |   |   |   Remainder: 0.162647 - 2.18001%
|   |   |   |   |   |   |   Albany Jacobian Fill: Export: 0.00290654 - 0.032741% [50]
|   |   |   |   |   |   |   Remainder: 1.41367 - 15.9244%
|   |   |   |   |   |   Remainder: 0.0010961 - 0.00947017%
|   |   |   |   |   Remainder: 0.00335273 - 0.0289589%
|   |   |   |   NOX Total Preconditioner Construction: 53.8349 - 32.8958% [50]
|   |   |   |   |   ThyraMueLu::initializePrec: 53.415 - 99.2199% [50]
|   |   |   |   |   |   MueLu: ParameterListInterpreter (ParameterList): 0.03779 - 0.070748% [50]
|   |   |   |   |   |   Ifpack2::Relaxation::initialize: 0.551073 - 1.03168% [50]
|   |   |   |   |   |   Ifpack2::Relaxation::compute: 0.0366779 - 0.068666% [50]
|   |   |   |   |   |   Ifpack2::Chebyshev::compute: 1.11438 - 2.08627% [100]
|   |   |   |   |   |   Utilities_kokkos::GetMatrixDiagonalInverse: 0.00334999 - 0.00627164% [50]
|   |   |   |   |   |   Remainder: 51.6717 - 96.7364%
|   |   |   |   |   Remainder: 0.419978 - 0.780122%
|   |   |   |   NOX Total Linear Solve: 98.1998 - 60.0049% [50]
|   |   |   |   |   Stratimikos: BelosLOWS: 98.1997 - 99.9999% [50]
|   |   |   |   |   |   Belos: Operation Op*x: 0.0650663 - 0.0662591% [50]
|   |   |   |   |   |   Belos::MVT::MvAddMv: 0.000717498 - 0.000730652% [50]
|   |   |   |   |   |   Belos: BlockGmresSolMgr total solve time: 97.5113 - 99.299% [50]
|   |   |   |   |   |   |   Belos: ICGS[2]: Orthogonalization: 27.4802 - 28.1816% [10050]
|   |   |   |   |   |   |   |   Belos: ICGS[2]: Ortho (Norm): 0.380213 - 1.38359% [10050]
|   |   |   |   |   |   |   |   |   Belos::MVT::MvDot: 0.369379 - 97.1506% [10050]
|   |   |   |   |   |   |   |   |   Remainder: 0.0108338 - 2.84941%
|   |   |   |   |   |   |   |   Belos::MVT::MvScale: 0.0536483 - 0.195225% [10050]
|   |   |   |   |   |   |   |   Belos: ICGS[2]: Ortho (Inner Product): 14.8861 - 54.1702% [20000]
|   |   |   |   |   |   |   |   |   Belos::MVT::MvTransMv: 14.8596 - 99.8221% [20000]
|   |   |   |   |   |   |   |   |   Remainder: 0.0264771 - 0.177865%
|   |   |   |   |   |   |   |   Belos: ICGS[2]: Ortho (Update): 12.0811 - 43.9629% [20000]
|   |   |   |   |   |   |   |   |   Belos::MVT::MvTimesMatAddMv: 12.0577 - 99.806% [20000]
|   |   |   |   |   |   |   |   |   Remainder: 0.0234408 - 0.194029%
|   |   |   |   |   |   |   |   Remainder: 0.0791679 - 0.28809%
|   |   |   |   |   |   |   Belos::MVT::MvAddMv: 0.000935366 - 0.000959238% [100]
|   |   |   |   |   |   |   Belos::MVT::MvNorm: 0.0586575 - 0.0601546% [50]
|   |   |   |   |   |   |   Belos: Operation Prec*x: 37.4443 - 38.4% [10050]
|   |   |   |   |   |   |   |   Ifpack2::Relaxation::apply: 1.57423 - 4.2042% [20100]
|   |   |   |   |   |   |   |   Ifpack2::Chebyshev::apply: 1.09189 - 2.91604% [30150]
|   |   |   |   |   |   |   |   Remainder: 34.7782 - 92.8798%
|   |   |   |   |   |   |   Belos: Operation Op*x: 30.0163 - 30.7824% [10000]
|   |   |   |   |   |   |   Belos::MVT::MvTimesMatAddMv: 0.114208 - 0.117123% [50]
|   |   |   |   |   |   |   Remainder: 2.39668 - 2.45785%
|   |   |   |   |   |   Remainder: 0.622551 - 0.633964%
|   |   |   |   |   Remainder: 0.000141551 - 0.000144146%
|   |   |   |   Remainder: 0.0405795 - 0.0247961%
|   |   |   Remainder: 0.000744267 - 0.000454782%
|   |   Piro::SteadyStateSolver::evalConvergedModelResponsesAndSensitivities::calc g, df/dp, dg/dp, dg/dx: 0.00101577 - 0.000620677% [1]
|   |   |   Thyra::DefaultModelEvaluatorWithSolveFactory<double>::evalModel(...): 0.000968472 - 95.3433% [1]
|   |   |   |   Albany: Total Fill Time: 0.000942852 - 97.3546% [1]
|   |   |   |   |   Albany Fill: Response: 0.000929917 - 98.6281% [1]
|   |   |   |   |   Remainder: 1.2935e-05 - 1.3719%
|   |   |   |   Remainder: 2.562e-05 - 2.6454%
|   |   |   Remainder: 4.7301e-05 - 4.65665%
|   |   Remainder: 0.000945659 - 0.000577835%
|   Remainder: 1.1251e-05 - 5.89197e-06%
~PyProblem()
<PyAlbany.Albany_Pybind11.RCPPyParameterList object at 0x1490ae62cf70>
<PyAlbany.Albany_Pybind11.RCPPyParameterList object at 0x1490ae631030>
Solve time: 1000000000000.0
~PyParallelEnv()

