*********************************************************************************
**  ______   __  __   ______   __       ______   ______   __   __   __  __     **
** /\  == \ /\ \_\ \ /\  __ \ /\ \     /\  == \ /\  __ \ /\ "-.\ \ /\ \_\ \    **
** \ \  __/ \ \____ \\ \  __ \\ \ \____\ \  __< \ \  __ \\ \ \-.  \\ \____ \   **
**  \ \_\    \/\_____\\ \_\ \_\\ \_____\\ \_____\\ \_\ \_\\ \_\\"\_\\/\_____\  **
**   \/_/     \/_____/ \/_/\/_/ \/_____/ \/_____/ \/_/\/_/ \/_/ \/_/ \/_____/  **
**                                                                             **
*********************************************************************************
** Trilinos git commit id - c70ae3dfa18
** Albany git branch ------ pybind11_PR
** Albany git commit id --- 7a1da3122
** Albany cxx compiler ---- GNU 10.3.0
** Albany cuda compiler --- Cuda 115
** Simulation start time -- 2022-09-22 at 00:06:23
***************************************************************
Albany_IOSS: Loading STKMesh from Exodus file  /global/homes/m/mcarlson/LandIce/ALITune/optimize/data/mesh-pop-wdg/gis_basal_populated.exo
Albany_IOSS: Loading STKMesh from Exodus file  /global/homes/m/mcarlson/LandIce/ALITune/optimize/data/mesh-pop-wdg/gis_upper_populated.exo
IOSS-STK: number of node sets = 3
IOSS-STK: number of side sets = 3
IOSS-STK: number of node sets = 3
IOSS-STK: number of side sets = 3
IOSS-STK: number of node sets = 1
IOSS-STK: number of side sets = 0
Restart Index set, reading solution index : 1
[GenericSTKMeshStruct] Processing field requirements...
  - Skipping field 'ice_thickness' since it's listed as present in the mesh.
  - Skipping field 'observed_ice_thickness' since it's listed as present in the mesh.
  - Skipping field 'observed_ice_thickness_RMS' since it's listed as present in the mesh.
  - Skipping field 'surface_height' since it's listed as present in the mesh.
  - Skipping field 'bed_topography' since it's listed as present in the mesh.
  - Skipping field 'log_basal_friction' since it's listed as present in the mesh.
  - Skipping field 'temperature' since it's listed as present in the mesh.
  - Skipping field 'apparent_mass_balance' since it's listed as present in the mesh.
  - Skipping field 'apparent_mass_balance_RMS' since it's listed as present in the mesh.
[ExtrudedSTKMesh] Adding nodes... done!
[ExtrudedSTKMesh] Adding elements... done!
[ExtrudedSTKMesh] Adding basalside sides... done!
[ExtrudedSTKMesh] Adding upperside sides... done!
[ExtrudedSTKMesh] Adding lateral sides... done!
[ExtrudedSTKMesh] Extruding basal fields...
  - Extruding Scalar Node field ice_thickness...done!
  - Extruding Scalar Node field surface_height...done!
  - Extruding Scalar Node field log_basal_friction...done!
  - Extruding Scalar Node field bed_topography...done!
  - Extruding Scalar Node field apparent_mass_balance...done!
  - Extruding Scalar Node field apparent_mass_balance_RMS...done!
[ExtrudedSTKMesh] Interpolating layered basal fields...
  - Interpolating Scalar field temperature...done!
[GenericSTKMeshStruct] Processing field requirements...
  - Skipping field 'ice_thickness' since it's listed as present in the mesh.
  - Skipping field 'surface_height' since it's listed as present in the mesh.
  - Skipping field 'log_basal_friction' since it's listed as present in the mesh.
  - Skipping field 'temperature' since it's listed as present in the mesh.
  - Skipping field 'bed_topography' since it's listed as present in the mesh.
  - Skipping field 'apparent_mass_balance' since it's listed as present in the mesh.
  - Skipping field 'apparent_mass_balance_RMS' since it's listed as present in the mesh.
  - Skipping field 'bed_topography' since it's listed as output. Make sure there's an evaluator set to save it!
  - Skipping field 'surface_height' since it's listed as output. Make sure there's an evaluator set to save it!
Restart Index set, reading solution index : 1
[GenericSTKMeshStruct] Processing field requirements...
  - Skipping field 'observed_surface_velocity' since it's listed as present in the mesh.
  - Skipping field 'observed_surface_velocity_RMS' since it's listed as present in the mesh.
STKDisc: 725880 elements on Proc 0 
STKDisc: nodeset basal_boundary_node_set_0 has size 0  on Proc 0.
STKDisc: nodeset basal_boundary_node_set_1 has size 6027  on Proc 0.
STKDisc: nodeset basal_node_set has size 39224  on Proc 0.
STKDisc: nodeset bottom has size 39224  on Proc 0.
STKDisc: nodeset extruded_boundary_node_set_0 has size 0  on Proc 0.
STKDisc: nodeset extruded_boundary_node_set_1 has size 66297  on Proc 0.
STKDisc: nodeset extruded_node_set has size 431464  on Proc 0.
STKDisc: nodeset lateral has size 66297  on Proc 0.
STKDisc: nodeset top has size 39224  on Proc 0.
STKDisc: sideset basalside has size 72588  on Proc 0.
STKDisc: sideset extruded_boundary_side_set has size 60460  on Proc 0.
STKDisc: sideset extruded_boundary_side_set_1 has size 57830  on Proc 0.
STKDisc: sideset extruded_boundary_side_set_1_tri3_edge2 has size 57830  on Proc 0.
STKDisc: sideset extruded_boundary_side_set_2 has size 2630  on Proc 0.
STKDisc: sideset extruded_boundary_side_set_2_tri3_edge2 has size 2630  on Proc 0.
STKDisc: sideset extruded_boundary_side_set_tri3_edge2 has size 60460  on Proc 0.
STKDisc: sideset lateralside has size 60460  on Proc 0.
STKDisc: sideset upperside has size 72588  on Proc 0.
STKDisc: 72588 elements on Proc 0 
STKDisc: nodeset boundary_node_set_0 has size 0  on Proc 0.
STKDisc: nodeset boundary_node_set_1 has size 6027  on Proc 0.
STKDisc: nodeset node_set has size 39224  on Proc 0.
STKDisc: sideset boundary_side_set has size 6046  on Proc 0.
STKDisc: sideset boundary_side_set_1 has size 5783  on Proc 0.
STKDisc: sideset boundary_side_set_2 has size 263  on Proc 0.
STKDisc: 72588 elements on Proc 0 
STKDisc: nodeset all_nodes has size 39224  on Proc 0.
StateManager: initializing state:  ice_thickness
StateManager: initializing state:  surface_height
StateManager: initializing state:  log_basal_friction
StateManager: initializing state:  temperature
StateManager: initializing state:  bed_topography
StateManager: initializing state:  apparent_mass_balance
StateManager: initializing state:  apparent_mass_balance_RMS
StateManager: initializing state:  dissipation_heat

StateManager: initializing state:  ice_thickness
StateManager: initializing state:  observed_ice_thickness
StateManager: initializing state:  observed_ice_thickness_RMS
StateManager: initializing state:  surface_height
StateManager: initializing state:  bed_topography
StateManager: initializing state:  log_basal_friction
StateManager: initializing state:  temperature
StateManager: initializing state:  apparent_mass_balance
StateManager: initializing state:  apparent_mass_balance_RMS

StateManager: initializing state:  observed_surface_velocity
StateManager: initializing state:  observed_surface_velocity_RMS

xxxxxxxxxxxxxxxxxxxxxxxxxxxxxxxxxxxxxxxxxxxxxxx
 Sacado ParameterLibrary has been initialized:
 Library of all registered parameters:
xxxxxxxxxxxxxxxxxxxxxxxxxxxxxxxxxxxxxxxxxxxxxxx

Total number of parameters  = 0
Number of non-distributed parameters  = 0
Number of response vectors  = 1
Number of distributed parameters vectors  = 0

************************************************************************
-- Nonlinear Solver Step 0 -- 
||F|| = 5.152e+05  step = 0.000e+00  dx = 0.000e+00
************************************************************************

  
  *******************************************************
  ***** Belos Iterative Solver:  Block Gmres 
  ***** Maximum Iterations: 200
  ***** Block Size: 1
  ***** Residual Test: 
  *****   Test 1 : Belos::StatusTestImpResNorm<>: (2-Norm Res Vec) / (2-Norm Res0), tol = 1e-08
  *******************************************************
  Iter   0, [ 1] :    1.000000e+00
  Iter  20, [ 1] :    9.733972e-01
  Iter  40, [ 1] :    9.701579e-01
  Iter  60, [ 1] :    9.635141e-01
  Iter  80, [ 1] :    9.539685e-01
  Iter 100, [ 1] :    9.290721e-01
  Iter 120, [ 1] :    8.741293e-01
  Iter 140, [ 1] :    8.000589e-01
  Iter 160, [ 1] :    6.347052e-01
  Iter 180, [ 1] :    4.581292e-01
  Iter 200, [ 1] :    2.996563e-01
WARNING: NOX::Direction::Newton::compute() - Linear solve failed to achieve convergence - using the step anyway since "Rescue Bad Newton Solve" is true 

************************************************************************
-- Nonlinear Solver Step 1 -- 
||F|| = 5.006e+05  step = 1.250e-01  dx = 1.750e+04
************************************************************************

  
  *******************************************************
  ***** Belos Iterative Solver:  Block Gmres 
  ***** Maximum Iterations: 200
  ***** Block Size: 1
  ***** Residual Test: 
  *****   Test 1 : Belos::StatusTestImpResNorm<>: (2-Norm Res Vec) / (2-Norm Res0), tol = 1e-08
  *******************************************************
  Iter   0, [ 1] :    1.000000e+00
  Iter  20, [ 1] :    9.885491e-01
  Iter  40, [ 1] :    9.879007e-01
  Iter  60, [ 1] :    9.867374e-01
  Iter  80, [ 1] :    9.851838e-01
  Iter 100, [ 1] :    9.765750e-01
  Iter 120, [ 1] :    9.691795e-01
  Iter 140, [ 1] :    9.388140e-01
  Iter 160, [ 1] :    8.638294e-01
  Iter 180, [ 1] :    7.754143e-01
  Iter 200, [ 1] :    5.828252e-01
WARNING: NOX::Direction::Newton::compute() - Linear solve failed to achieve convergence - using the step anyway since "Rescue Bad Newton Solve" is true 

************************************************************************
-- Nonlinear Solver Step 2 -- 
||F|| = 4.871e+05  step = 1.250e-01  dx = 1.991e+04
************************************************************************

  
  *******************************************************
  ***** Belos Iterative Solver:  Block Gmres 
  ***** Maximum Iterations: 200
  ***** Block Size: 1
  ***** Residual Test: 
  *****   Test 1 : Belos::StatusTestImpResNorm<>: (2-Norm Res Vec) / (2-Norm Res0), tol = 1e-08
  *******************************************************
  Iter   0, [ 1] :    1.000000e+00
  Iter  20, [ 1] :    9.963519e-01
  Iter  40, [ 1] :    9.957073e-01
  Iter  60, [ 1] :    9.951149e-01
  Iter  80, [ 1] :    9.948240e-01
  Iter 100, [ 1] :    9.946440e-01
  Iter 120, [ 1] :    9.945151e-01
  Iter 140, [ 1] :    9.942858e-01
  Iter 160, [ 1] :    9.941392e-01
  Iter 180, [ 1] :    9.940664e-01
  Iter 200, [ 1] :    9.939345e-01
WARNING: NOX::Direction::Newton::compute() - Linear solve failed to achieve convergence - using the step anyway since "Rescue Bad Newton Solve" is true 

************************************************************************
-- Nonlinear Solver Step 3 -- 
||F|| = 4.852e+05  step = 1.000e+00  dx = 5.223e+02
************************************************************************

  
  *******************************************************
  ***** Belos Iterative Solver:  Block Gmres 
  ***** Maximum Iterations: 200
  ***** Block Size: 1
  ***** Residual Test: 
  *****   Test 1 : Belos::StatusTestImpResNorm<>: (2-Norm Res Vec) / (2-Norm Res0), tol = 1e-08
  *******************************************************
  Iter   0, [ 1] :    1.000000e+00
  Iter  20, [ 1] :    9.999288e-01
  Iter  40, [ 1] :    9.999030e-01
  Iter  60, [ 1] :    9.998759e-01
  Iter  80, [ 1] :    9.998497e-01
  Iter 100, [ 1] :    9.998248e-01
  Iter 120, [ 1] :    9.998103e-01
  Iter 140, [ 1] :    9.997844e-01
  Iter 160, [ 1] :    9.997514e-01
  Iter 180, [ 1] :    9.997295e-01
  Iter 200, [ 1] :    9.996906e-01
WARNING: NOX::Direction::Newton::compute() - Linear solve failed to achieve convergence - using the step anyway since "Rescue Bad Newton Solve" is true 

************************************************************************
-- Nonlinear Solver Step 4 -- 
||F|| = 4.851e+05  step = 1.000e+00  dx = 9.206e+01
************************************************************************

  
  *******************************************************
  ***** Belos Iterative Solver:  Block Gmres 
  ***** Maximum Iterations: 200
  ***** Block Size: 1
  ***** Residual Test: 
  *****   Test 1 : Belos::StatusTestImpResNorm<>: (2-Norm Res Vec) / (2-Norm Res0), tol = 1e-08
  *******************************************************
  Iter   0, [ 1] :    1.000000e+00
  Iter  20, [ 1] :    9.999979e-01
  Iter  40, [ 1] :    9.999973e-01
  Iter  60, [ 1] :    9.999964e-01
  Iter  80, [ 1] :    9.999957e-01
  Iter 100, [ 1] :    9.999950e-01
  Iter 120, [ 1] :    9.999943e-01
  Iter 140, [ 1] :    9.999932e-01
  Iter 160, [ 1] :    9.999929e-01
  Iter 180, [ 1] :    9.999919e-01
  Iter 200, [ 1] :    9.999908e-01
WARNING: NOX::Direction::Newton::compute() - Linear solve failed to achieve convergence - using the step anyway since "Rescue Bad Newton Solve" is true 

************************************************************************
-- Nonlinear Solver Step 5 -- 
||F|| = 4.850e+05  step = 1.000e+00  dx = 1.457e+01
************************************************************************

  
  *******************************************************
  ***** Belos Iterative Solver:  Block Gmres 
  ***** Maximum Iterations: 200
  ***** Block Size: 1
  ***** Residual Test: 
  *****   Test 1 : Belos::StatusTestImpResNorm<>: (2-Norm Res Vec) / (2-Norm Res0), tol = 1e-08
  *******************************************************
  Iter   0, [ 1] :    1.000000e+00
  Iter  20, [ 1] :    1.000000e+00
  Iter  40, [ 1] :    1.000000e+00
  Iter  60, [ 1] :    1.000000e+00
  Iter  80, [ 1] :    9.999999e-01
  Iter 100, [ 1] :    9.999999e-01
  Iter 120, [ 1] :    9.999999e-01
  Iter 140, [ 1] :    9.999999e-01
  Iter 160, [ 1] :    9.999998e-01
  Iter 180, [ 1] :    9.999995e-01
  Iter 200, [ 1] :    9.999989e-01
WARNING: NOX::Direction::Newton::compute() - Linear solve failed to achieve convergence - using the step anyway since "Rescue Bad Newton Solve" is true 

************************************************************************
-- Nonlinear Solver Step 6 -- 
||F|| = 4.850e+05  step = 1.000e+00  dx = 1.905e+00
************************************************************************

  
  *******************************************************
  ***** Belos Iterative Solver:  Block Gmres 
  ***** Maximum Iterations: 200
  ***** Block Size: 1
  ***** Residual Test: 
  *****   Test 1 : Belos::StatusTestImpResNorm<>: (2-Norm Res Vec) / (2-Norm Res0), tol = 1e-08
  *******************************************************
  Iter   0, [ 1] :    1.000000e+00
  Iter  20, [ 1] :    1.000000e+00
  Iter  40, [ 1] :    1.000000e+00
  Iter  60, [ 1] :    1.000000e+00
  Iter  80, [ 1] :    1.000000e+00
  Iter 100, [ 1] :    1.000000e+00
  Iter 120, [ 1] :    1.000000e+00
  Iter 140, [ 1] :    1.000000e+00
  Iter 160, [ 1] :    1.000000e+00
  Iter 180, [ 1] :    9.999999e-01
  Iter 200, [ 1] :    9.999998e-01
WARNING: NOX::Direction::Newton::compute() - Linear solve failed to achieve convergence - using the step anyway since "Rescue Bad Newton Solve" is true 

************************************************************************
-- Nonlinear Solver Step 7 -- 
||F|| = 4.850e+05  step = 1.000e+00  dx = 7.551e-01
************************************************************************

  
  *******************************************************
  ***** Belos Iterative Solver:  Block Gmres 
  ***** Maximum Iterations: 200
  ***** Block Size: 1
  ***** Residual Test: 
  *****   Test 1 : Belos::StatusTestImpResNorm<>: (2-Norm Res Vec) / (2-Norm Res0), tol = 1e-08
  *******************************************************
  Iter   0, [ 1] :    1.000000e+00
  Iter  20, [ 1] :    1.000000e+00
  Iter  40, [ 1] :    1.000000e+00
  Iter  60, [ 1] :    1.000000e+00
  Iter  80, [ 1] :    1.000000e+00
  Iter 100, [ 1] :    1.000000e+00
  Iter 120, [ 1] :    1.000000e+00
  Iter 140, [ 1] :    1.000000e+00
  Iter 160, [ 1] :    1.000000e+00
  Iter 180, [ 1] :    1.000000e+00
  Iter 200, [ 1] :    1.000000e+00
WARNING: NOX::Direction::Newton::compute() - Linear solve failed to achieve convergence - using the step anyway since "Rescue Bad Newton Solve" is true 

************************************************************************
-- Nonlinear Solver Step 8 -- 
||F|| = 4.850e+05  step = 1.000e+00  dx = 2.396e-01
************************************************************************

  
  *******************************************************
  ***** Belos Iterative Solver:  Block Gmres 
  ***** Maximum Iterations: 200
  ***** Block Size: 1
  ***** Residual Test: 
  *****   Test 1 : Belos::StatusTestImpResNorm<>: (2-Norm Res Vec) / (2-Norm Res0), tol = 1e-08
  *******************************************************
  Iter   0, [ 1] :    1.000000e+00
  Iter  20, [ 1] :    1.000000e+00
  Iter  40, [ 1] :    1.000000e+00
  Iter  60, [ 1] :    1.000000e+00
  Iter  80, [ 1] :    1.000000e+00
  Iter 100, [ 1] :    1.000000e+00
  Iter 120, [ 1] :    1.000000e+00
  Iter 140, [ 1] :    1.000000e+00
  Iter 160, [ 1] :    1.000000e+00
  Iter 180, [ 1] :    1.000000e+00
  Iter 200, [ 1] :    1.000000e+00
WARNING: NOX::Direction::Newton::compute() - Linear solve failed to achieve convergence - using the step anyway since "Rescue Bad Newton Solve" is true 

************************************************************************
-- Nonlinear Solver Step 9 -- 
||F|| = 4.850e+05  step = 1.000e+00  dx = 1.086e-01
************************************************************************

  
  *******************************************************
  ***** Belos Iterative Solver:  Block Gmres 
  ***** Maximum Iterations: 200
  ***** Block Size: 1
  ***** Residual Test: 
  *****   Test 1 : Belos::StatusTestImpResNorm<>: (2-Norm Res Vec) / (2-Norm Res0), tol = 1e-08
  *******************************************************
  Iter   0, [ 1] :    1.000000e+00
  Iter  20, [ 1] :    1.000000e+00
  Iter  40, [ 1] :    1.000000e+00
  Iter  60, [ 1] :    1.000000e+00
  Iter  80, [ 1] :    1.000000e+00
  Iter 100, [ 1] :    1.000000e+00
  Iter 120, [ 1] :    1.000000e+00
  Iter 140, [ 1] :    1.000000e+00
  Iter 160, [ 1] :    1.000000e+00
  Iter 180, [ 1] :    1.000000e+00
  Iter 200, [ 1] :    1.000000e+00
WARNING: NOX::Direction::Newton::compute() - Linear solve failed to achieve convergence - using the step anyway since "Rescue Bad Newton Solve" is true 

************************************************************************
-- Nonlinear Solver Step 10 -- 
||F|| = 4.850e+05  step = 1.000e+00  dx = 2.936e-02
************************************************************************

  
  *******************************************************
  ***** Belos Iterative Solver:  Block Gmres 
  ***** Maximum Iterations: 200
  ***** Block Size: 1
  ***** Residual Test: 
  *****   Test 1 : Belos::StatusTestImpResNorm<>: (2-Norm Res Vec) / (2-Norm Res0), tol = 1e-08
  *******************************************************
  Iter   0, [ 1] :    1.000000e+00
  Iter  20, [ 1] :    1.000000e+00
  Iter  40, [ 1] :    1.000000e+00
  Iter  60, [ 1] :    1.000000e+00
  Iter  80, [ 1] :    1.000000e+00
  Iter 100, [ 1] :    1.000000e+00
  Iter 120, [ 1] :    1.000000e+00
  Iter 140, [ 1] :    1.000000e+00
  Iter 160, [ 1] :    1.000000e+00
  Iter 180, [ 1] :    1.000000e+00
  Iter 200, [ 1] :    1.000000e+00
WARNING: NOX::Direction::Newton::compute() - Linear solve failed to achieve convergence - using the step anyway since "Rescue Bad Newton Solve" is true 

************************************************************************
-- Nonlinear Solver Step 11 -- 
||F|| = 4.850e+05  step = 1.000e+00  dx = 1.658e-01
************************************************************************

  
  *******************************************************
  ***** Belos Iterative Solver:  Block Gmres 
  ***** Maximum Iterations: 200
  ***** Block Size: 1
  ***** Residual Test: 
  *****   Test 1 : Belos::StatusTestImpResNorm<>: (2-Norm Res Vec) / (2-Norm Res0), tol = 1e-08
  *******************************************************
  Iter   0, [ 1] :    1.000000e+00
  Iter  20, [ 1] :    1.000000e+00
  Iter  40, [ 1] :    1.000000e+00
  Iter  60, [ 1] :    1.000000e+00
  Iter  80, [ 1] :    1.000000e+00
  Iter 100, [ 1] :    1.000000e+00
  Iter 120, [ 1] :    1.000000e+00
  Iter 140, [ 1] :    1.000000e+00
  Iter 160, [ 1] :    1.000000e+00
  Iter 180, [ 1] :    1.000000e+00
  Iter 200, [ 1] :    1.000000e+00
WARNING: NOX::Direction::Newton::compute() - Linear solve failed to achieve convergence - using the step anyway since "Rescue Bad Newton Solve" is true 

************************************************************************
-- Nonlinear Solver Step 12 -- 
||F|| = 4.850e+05  step = 1.000e+00  dx = 1.301e-01
************************************************************************

  
  *******************************************************
  ***** Belos Iterative Solver:  Block Gmres 
  ***** Maximum Iterations: 200
  ***** Block Size: 1
  ***** Residual Test: 
  *****   Test 1 : Belos::StatusTestImpResNorm<>: (2-Norm Res Vec) / (2-Norm Res0), tol = 1e-08
  *******************************************************
  Iter   0, [ 1] :    1.000000e+00
  Iter  20, [ 1] :    1.000000e+00
  Iter  40, [ 1] :    1.000000e+00
  Iter  60, [ 1] :    1.000000e+00
  Iter  80, [ 1] :    1.000000e+00
  Iter 100, [ 1] :    1.000000e+00
  Iter 120, [ 1] :    1.000000e+00
  Iter 140, [ 1] :    1.000000e+00
  Iter 160, [ 1] :    1.000000e+00
  Iter 180, [ 1] :    1.000000e+00
  Iter 200, [ 1] :    1.000000e+00
WARNING: NOX::Direction::Newton::compute() - Linear solve failed to achieve convergence - using the step anyway since "Rescue Bad Newton Solve" is true 

************************************************************************
-- Nonlinear Solver Step 13 -- 
||F|| = 4.850e+05  step = 1.000e+00  dx = 5.836e-02
************************************************************************

  
  *******************************************************
  ***** Belos Iterative Solver:  Block Gmres 
  ***** Maximum Iterations: 200
  ***** Block Size: 1
  ***** Residual Test: 
  *****   Test 1 : Belos::StatusTestImpResNorm<>: (2-Norm Res Vec) / (2-Norm Res0), tol = 1e-08
  *******************************************************
  Iter   0, [ 1] :    1.000000e+00
  Iter  20, [ 1] :    1.000000e+00
  Iter  40, [ 1] :    1.000000e+00
  Iter  60, [ 1] :    1.000000e+00
  Iter  80, [ 1] :    1.000000e+00
  Iter 100, [ 1] :    1.000000e+00
  Iter 120, [ 1] :    1.000000e+00
  Iter 140, [ 1] :    1.000000e+00
  Iter 160, [ 1] :    1.000000e+00
  Iter 180, [ 1] :    1.000000e+00
  Iter 200, [ 1] :    9.999999e-01
WARNING: NOX::Direction::Newton::compute() - Linear solve failed to achieve convergence - using the step anyway since "Rescue Bad Newton Solve" is true 

************************************************************************
-- Nonlinear Solver Step 14 -- 
||F|| = 4.850e+05  step = 1.000e+00  dx = 3.613e-02
************************************************************************

  
  *******************************************************
  ***** Belos Iterative Solver:  Block Gmres 
  ***** Maximum Iterations: 200
  ***** Block Size: 1
  ***** Residual Test: 
  *****   Test 1 : Belos::StatusTestImpResNorm<>: (2-Norm Res Vec) / (2-Norm Res0), tol = 1e-08
  *******************************************************
  Iter   0, [ 1] :    1.000000e+00
  Iter  20, [ 1] :    1.000000e+00
  Iter  40, [ 1] :    1.000000e+00
  Iter  60, [ 1] :    1.000000e+00
  Iter  80, [ 1] :    1.000000e+00
  Iter 100, [ 1] :    1.000000e+00
  Iter 120, [ 1] :    1.000000e+00
  Iter 140, [ 1] :    1.000000e+00
  Iter 160, [ 1] :    1.000000e+00
  Iter 180, [ 1] :    1.000000e+00
  Iter 200, [ 1] :    1.000000e+00
WARNING: NOX::Direction::Newton::compute() - Linear solve failed to achieve convergence - using the step anyway since "Rescue Bad Newton Solve" is true 

************************************************************************
-- Nonlinear Solver Step 15 -- 
||F|| = 4.850e+05  step = 1.000e+00  dx = 3.245e-01
************************************************************************

  
  *******************************************************
  ***** Belos Iterative Solver:  Block Gmres 
  ***** Maximum Iterations: 200
  ***** Block Size: 1
  ***** Residual Test: 
  *****   Test 1 : Belos::StatusTestImpResNorm<>: (2-Norm Res Vec) / (2-Norm Res0), tol = 1e-08
  *******************************************************
  Iter   0, [ 1] :    1.000000e+00
  Iter  20, [ 1] :    1.000000e+00
  Iter  40, [ 1] :    1.000000e+00
  Iter  60, [ 1] :    1.000000e+00
  Iter  80, [ 1] :    1.000000e+00
  Iter 100, [ 1] :    1.000000e+00
  Iter 120, [ 1] :    1.000000e+00
  Iter 140, [ 1] :    1.000000e+00
  Iter 160, [ 1] :    9.999999e-01
  Iter 180, [ 1] :    9.999999e-01
  Iter 200, [ 1] :    9.999999e-01
WARNING: NOX::Direction::Newton::compute() - Linear solve failed to achieve convergence - using the step anyway since "Rescue Bad Newton Solve" is true 

************************************************************************
-- Nonlinear Solver Step 16 -- 
||F|| = 4.850e+05  step = 1.000e+00  dx = 1.143e-01
************************************************************************

  
  *******************************************************
  ***** Belos Iterative Solver:  Block Gmres 
  ***** Maximum Iterations: 200
  ***** Block Size: 1
  ***** Residual Test: 
  *****   Test 1 : Belos::StatusTestImpResNorm<>: (2-Norm Res Vec) / (2-Norm Res0), tol = 1e-08
  *******************************************************
  Iter   0, [ 1] :    1.000000e+00
  Iter  20, [ 1] :    1.000000e+00
  Iter  40, [ 1] :    1.000000e+00
  Iter  60, [ 1] :    1.000000e+00
  Iter  80, [ 1] :    1.000000e+00
  Iter 100, [ 1] :    1.000000e+00
  Iter 120, [ 1] :    1.000000e+00
  Iter 140, [ 1] :    1.000000e+00
  Iter 160, [ 1] :    1.000000e+00
  Iter 180, [ 1] :    1.000000e+00
  Iter 200, [ 1] :    1.000000e+00
WARNING: NOX::Direction::Newton::compute() - Linear solve failed to achieve convergence - using the step anyway since "Rescue Bad Newton Solve" is true 

************************************************************************
-- Nonlinear Solver Step 17 -- 
||F|| = 4.850e+05  step = 1.000e+00  dx = 1.945e-01
************************************************************************

  
  *******************************************************
  ***** Belos Iterative Solver:  Block Gmres 
  ***** Maximum Iterations: 200
  ***** Block Size: 1
  ***** Residual Test: 
  *****   Test 1 : Belos::StatusTestImpResNorm<>: (2-Norm Res Vec) / (2-Norm Res0), tol = 1e-08
  *******************************************************
  Iter   0, [ 1] :    1.000000e+00
  Iter  20, [ 1] :    1.000000e+00
  Iter  40, [ 1] :    1.000000e+00
  Iter  60, [ 1] :    1.000000e+00
  Iter  80, [ 1] :    1.000000e+00
  Iter 100, [ 1] :    1.000000e+00
  Iter 120, [ 1] :    1.000000e+00
  Iter 140, [ 1] :    1.000000e+00
  Iter 160, [ 1] :    1.000000e+00
  Iter 180, [ 1] :    1.000000e+00
  Iter 200, [ 1] :    1.000000e+00
WARNING: NOX::Direction::Newton::compute() - Linear solve failed to achieve convergence - using the step anyway since "Rescue Bad Newton Solve" is true 

************************************************************************
-- Nonlinear Solver Step 18 -- 
||F|| = 4.850e+05  step = 1.000e+00  dx = 1.311e-01
************************************************************************

  
  *******************************************************
  ***** Belos Iterative Solver:  Block Gmres 
  ***** Maximum Iterations: 200
  ***** Block Size: 1
  ***** Residual Test: 
  *****   Test 1 : Belos::StatusTestImpResNorm<>: (2-Norm Res Vec) / (2-Norm Res0), tol = 1e-08
  *******************************************************
  Iter   0, [ 1] :    1.000000e+00
  Iter  20, [ 1] :    1.000000e+00
  Iter  40, [ 1] :    1.000000e+00
  Iter  60, [ 1] :    1.000000e+00
  Iter  80, [ 1] :    1.000000e+00
  Iter 100, [ 1] :    1.000000e+00
  Iter 120, [ 1] :    1.000000e+00
  Iter 140, [ 1] :    1.000000e+00
  Iter 160, [ 1] :    9.999999e-01
  Iter 180, [ 1] :    9.999999e-01
  Iter 200, [ 1] :    9.999999e-01
WARNING: NOX::Direction::Newton::compute() - Linear solve failed to achieve convergence - using the step anyway since "Rescue Bad Newton Solve" is true 

************************************************************************
-- Nonlinear Solver Step 19 -- 
||F|| = 4.850e+05  step = 1.000e+00  dx = 3.603e-01
************************************************************************

  
  *******************************************************
  ***** Belos Iterative Solver:  Block Gmres 
  ***** Maximum Iterations: 200
  ***** Block Size: 1
  ***** Residual Test: 
  *****   Test 1 : Belos::StatusTestImpResNorm<>: (2-Norm Res Vec) / (2-Norm Res0), tol = 1e-08
  *******************************************************
  Iter   0, [ 1] :    1.000000e+00
  Iter  20, [ 1] :    1.000000e+00
  Iter  40, [ 1] :    1.000000e+00
  Iter  60, [ 1] :    1.000000e+00
  Iter  80, [ 1] :    1.000000e+00
  Iter 100, [ 1] :    1.000000e+00
  Iter 120, [ 1] :    1.000000e+00
  Iter 140, [ 1] :    1.000000e+00
  Iter 160, [ 1] :    1.000000e+00
  Iter 180, [ 1] :    1.000000e+00
  Iter 200, [ 1] :    1.000000e+00
WARNING: NOX::Direction::Newton::compute() - Linear solve failed to achieve convergence - using the step anyway since "Rescue Bad Newton Solve" is true 

************************************************************************
-- Nonlinear Solver Step 20 -- 
||F|| = 4.850e+05  step = 1.000e+00  dx = 7.891e-02
************************************************************************

  
  *******************************************************
  ***** Belos Iterative Solver:  Block Gmres 
  ***** Maximum Iterations: 200
  ***** Block Size: 1
  ***** Residual Test: 
  *****   Test 1 : Belos::StatusTestImpResNorm<>: (2-Norm Res Vec) / (2-Norm Res0), tol = 1e-08
  *******************************************************
  Iter   0, [ 1] :    1.000000e+00
  Iter  20, [ 1] :    1.000000e+00
  Iter  40, [ 1] :    1.000000e+00
  Iter  60, [ 1] :    1.000000e+00
  Iter  80, [ 1] :    1.000000e+00
  Iter 100, [ 1] :    1.000000e+00
  Iter 120, [ 1] :    1.000000e+00
  Iter 140, [ 1] :    1.000000e+00
  Iter 160, [ 1] :    1.000000e+00
  Iter 180, [ 1] :    1.000000e+00
  Iter 200, [ 1] :    1.000000e+00
WARNING: NOX::Direction::Newton::compute() - Linear solve failed to achieve convergence - using the step anyway since "Rescue Bad Newton Solve" is true 

************************************************************************
-- Nonlinear Solver Step 21 -- 
||F|| = 4.850e+05  step = 1.000e+00  dx = 3.604e-01
************************************************************************

  
  *******************************************************
  ***** Belos Iterative Solver:  Block Gmres 
  ***** Maximum Iterations: 200
  ***** Block Size: 1
  ***** Residual Test: 
  *****   Test 1 : Belos::StatusTestImpResNorm<>: (2-Norm Res Vec) / (2-Norm Res0), tol = 1e-08
  *******************************************************
  Iter   0, [ 1] :    1.000000e+00
  Iter  20, [ 1] :    1.000000e+00
  Iter  40, [ 1] :    1.000000e+00
  Iter  60, [ 1] :    1.000000e+00
  Iter  80, [ 1] :    1.000000e+00
  Iter 100, [ 1] :    1.000000e+00
  Iter 120, [ 1] :    1.000000e+00
  Iter 140, [ 1] :    1.000000e+00
  Iter 160, [ 1] :    1.000000e+00
  Iter 180, [ 1] :    1.000000e+00
  Iter 200, [ 1] :    1.000000e+00
WARNING: NOX::Direction::Newton::compute() - Linear solve failed to achieve convergence - using the step anyway since "Rescue Bad Newton Solve" is true 

************************************************************************
-- Nonlinear Solver Step 22 -- 
||F|| = 4.850e+05  step = 1.000e+00  dx = 2.117e-01
************************************************************************

  
  *******************************************************
  ***** Belos Iterative Solver:  Block Gmres 
  ***** Maximum Iterations: 200
  ***** Block Size: 1
  ***** Residual Test: 
  *****   Test 1 : Belos::StatusTestImpResNorm<>: (2-Norm Res Vec) / (2-Norm Res0), tol = 1e-08
  *******************************************************
  Iter   0, [ 1] :    1.000000e+00
  Iter  20, [ 1] :    1.000000e+00
  Iter  40, [ 1] :    1.000000e+00
  Iter  60, [ 1] :    1.000000e+00
  Iter  80, [ 1] :    1.000000e+00
  Iter 100, [ 1] :    1.000000e+00
  Iter 120, [ 1] :    1.000000e+00
  Iter 140, [ 1] :    1.000000e+00
  Iter 160, [ 1] :    1.000000e+00
  Iter 180, [ 1] :    1.000000e+00
  Iter 200, [ 1] :    9.999999e-01
WARNING: NOX::Direction::Newton::compute() - Linear solve failed to achieve convergence - using the step anyway since "Rescue Bad Newton Solve" is true 

************************************************************************
-- Nonlinear Solver Step 23 -- 
||F|| = 4.850e+05  step = 1.000e+00  dx = 7.743e-02
************************************************************************

  
  *******************************************************
  ***** Belos Iterative Solver:  Block Gmres 
  ***** Maximum Iterations: 200
  ***** Block Size: 1
  ***** Residual Test: 
  *****   Test 1 : Belos::StatusTestImpResNorm<>: (2-Norm Res Vec) / (2-Norm Res0), tol = 1e-08
  *******************************************************
  Iter   0, [ 1] :    1.000000e+00
  Iter  20, [ 1] :    1.000000e+00
  Iter  40, [ 1] :    1.000000e+00
  Iter  60, [ 1] :    1.000000e+00
  Iter  80, [ 1] :    1.000000e+00
  Iter 100, [ 1] :    1.000000e+00
  Iter 120, [ 1] :    1.000000e+00
  Iter 140, [ 1] :    1.000000e+00
  Iter 160, [ 1] :    1.000000e+00
  Iter 180, [ 1] :    1.000000e+00
  Iter 200, [ 1] :    1.000000e+00
WARNING: NOX::Direction::Newton::compute() - Linear solve failed to achieve convergence - using the step anyway since "Rescue Bad Newton Solve" is true 

************************************************************************
-- Nonlinear Solver Step 24 -- 
||F|| = 4.850e+05  step = 1.000e+00  dx = 3.126e-01
************************************************************************

  
  *******************************************************
  ***** Belos Iterative Solver:  Block Gmres 
  ***** Maximum Iterations: 200
  ***** Block Size: 1
  ***** Residual Test: 
  *****   Test 1 : Belos::StatusTestImpResNorm<>: (2-Norm Res Vec) / (2-Norm Res0), tol = 1e-08
  *******************************************************
  Iter   0, [ 1] :    1.000000e+00
  Iter  20, [ 1] :    1.000000e+00
  Iter  40, [ 1] :    1.000000e+00
  Iter  60, [ 1] :    1.000000e+00
  Iter  80, [ 1] :    1.000000e+00
  Iter 100, [ 1] :    1.000000e+00
  Iter 120, [ 1] :    1.000000e+00
  Iter 140, [ 1] :    1.000000e+00
  Iter 160, [ 1] :    1.000000e+00
  Iter 180, [ 1] :    1.000000e+00
  Iter 200, [ 1] :    9.999999e-01
WARNING: NOX::Direction::Newton::compute() - Linear solve failed to achieve convergence - using the step anyway since "Rescue Bad Newton Solve" is true 

************************************************************************
-- Nonlinear Solver Step 25 -- 
||F|| = 4.850e+05  step = 1.000e+00  dx = 2.200e-01
************************************************************************

  
  *******************************************************
  ***** Belos Iterative Solver:  Block Gmres 
  ***** Maximum Iterations: 200
  ***** Block Size: 1
  ***** Residual Test: 
  *****   Test 1 : Belos::StatusTestImpResNorm<>: (2-Norm Res Vec) / (2-Norm Res0), tol = 1e-08
  *******************************************************
  Iter   0, [ 1] :    1.000000e+00
  Iter  20, [ 1] :    1.000000e+00
  Iter  40, [ 1] :    1.000000e+00
  Iter  60, [ 1] :    1.000000e+00
  Iter  80, [ 1] :    1.000000e+00
  Iter 100, [ 1] :    1.000000e+00
  Iter 120, [ 1] :    1.000000e+00
  Iter 140, [ 1] :    1.000000e+00
  Iter 160, [ 1] :    1.000000e+00
  Iter 180, [ 1] :    1.000000e+00
  Iter 200, [ 1] :    1.000000e+00
WARNING: NOX::Direction::Newton::compute() - Linear solve failed to achieve convergence - using the step anyway since "Rescue Bad Newton Solve" is true 

************************************************************************
-- Nonlinear Solver Step 26 -- 
||F|| = 4.850e+05  step = 1.000e+00  dx = 8.301e-02
************************************************************************

  
  *******************************************************
  ***** Belos Iterative Solver:  Block Gmres 
  ***** Maximum Iterations: 200
  ***** Block Size: 1
  ***** Residual Test: 
  *****   Test 1 : Belos::StatusTestImpResNorm<>: (2-Norm Res Vec) / (2-Norm Res0), tol = 1e-08
  *******************************************************
  Iter   0, [ 1] :    1.000000e+00
  Iter  20, [ 1] :    1.000000e+00
  Iter  40, [ 1] :    1.000000e+00
  Iter  60, [ 1] :    1.000000e+00
  Iter  80, [ 1] :    1.000000e+00
  Iter 100, [ 1] :    1.000000e+00
  Iter 120, [ 1] :    1.000000e+00
  Iter 140, [ 1] :    1.000000e+00
  Iter 160, [ 1] :    1.000000e+00
  Iter 180, [ 1] :    1.000000e+00
  Iter 200, [ 1] :    1.000000e+00
WARNING: NOX::Direction::Newton::compute() - Linear solve failed to achieve convergence - using the step anyway since "Rescue Bad Newton Solve" is true 

************************************************************************
-- Nonlinear Solver Step 27 -- 
||F|| = 4.850e+05  step = 1.000e+00  dx = 1.460e-01
************************************************************************

  
  *******************************************************
  ***** Belos Iterative Solver:  Block Gmres 
  ***** Maximum Iterations: 200
  ***** Block Size: 1
  ***** Residual Test: 
  *****   Test 1 : Belos::StatusTestImpResNorm<>: (2-Norm Res Vec) / (2-Norm Res0), tol = 1e-08
  *******************************************************
  Iter   0, [ 1] :    1.000000e+00
  Iter  20, [ 1] :    1.000000e+00
  Iter  40, [ 1] :    1.000000e+00
  Iter  60, [ 1] :    1.000000e+00
  Iter  80, [ 1] :    1.000000e+00
  Iter 100, [ 1] :    1.000000e+00
  Iter 120, [ 1] :    1.000000e+00
  Iter 140, [ 1] :    1.000000e+00
  Iter 160, [ 1] :    1.000000e+00
  Iter 180, [ 1] :    1.000000e+00
  Iter 200, [ 1] :    1.000000e+00
WARNING: NOX::Direction::Newton::compute() - Linear solve failed to achieve convergence - using the step anyway since "Rescue Bad Newton Solve" is true 

************************************************************************
-- Nonlinear Solver Step 28 -- 
||F|| = 4.850e+05  step = 1.000e+00  dx = 2.843e-02
************************************************************************

  
  *******************************************************
  ***** Belos Iterative Solver:  Block Gmres 
  ***** Maximum Iterations: 200
  ***** Block Size: 1
  ***** Residual Test: 
  *****   Test 1 : Belos::StatusTestImpResNorm<>: (2-Norm Res Vec) / (2-Norm Res0), tol = 1e-08
  *******************************************************
  Iter   0, [ 1] :    1.000000e+00
  Iter  20, [ 1] :    1.000000e+00
  Iter  40, [ 1] :    1.000000e+00
  Iter  60, [ 1] :    1.000000e+00
  Iter  80, [ 1] :    1.000000e+00
  Iter 100, [ 1] :    1.000000e+00
  Iter 120, [ 1] :    1.000000e+00
  Iter 140, [ 1] :    1.000000e+00
  Iter 160, [ 1] :    9.999999e-01
  Iter 180, [ 1] :    9.999999e-01
  Iter 200, [ 1] :    9.999999e-01
WARNING: NOX::Direction::Newton::compute() - Linear solve failed to achieve convergence - using the step anyway since "Rescue Bad Newton Solve" is true 

************************************************************************
-- Nonlinear Solver Step 29 -- 
||F|| = 4.850e+05  step = 1.000e+00  dx = 1.607e-01
************************************************************************

  
  *******************************************************
  ***** Belos Iterative Solver:  Block Gmres 
  ***** Maximum Iterations: 200
  ***** Block Size: 1
  ***** Residual Test: 
  *****   Test 1 : Belos::StatusTestImpResNorm<>: (2-Norm Res Vec) / (2-Norm Res0), tol = 1e-08
  *******************************************************
  Iter   0, [ 1] :    1.000000e+00
  Iter  20, [ 1] :    1.000000e+00
  Iter  40, [ 1] :    1.000000e+00
  Iter  60, [ 1] :    1.000000e+00
  Iter  80, [ 1] :    1.000000e+00
  Iter 100, [ 1] :    1.000000e+00
  Iter 120, [ 1] :    1.000000e+00
  Iter 140, [ 1] :    1.000000e+00
  Iter 160, [ 1] :    1.000000e+00
  Iter 180, [ 1] :    1.000000e+00
  Iter 200, [ 1] :    1.000000e+00
WARNING: NOX::Direction::Newton::compute() - Linear solve failed to achieve convergence - using the step anyway since "Rescue Bad Newton Solve" is true 

************************************************************************
-- Nonlinear Solver Step 30 -- 
||F|| = 4.850e+05  step = 1.000e+00  dx = 8.119e-03
************************************************************************

  
  *******************************************************
  ***** Belos Iterative Solver:  Block Gmres 
  ***** Maximum Iterations: 200
  ***** Block Size: 1
  ***** Residual Test: 
  *****   Test 1 : Belos::StatusTestImpResNorm<>: (2-Norm Res Vec) / (2-Norm Res0), tol = 1e-08
  *******************************************************
  Iter   0, [ 1] :    1.000000e+00
  Iter  20, [ 1] :    1.000000e+00
  Iter  40, [ 1] :    1.000000e+00
  Iter  60, [ 1] :    1.000000e+00
  Iter  80, [ 1] :    1.000000e+00
  Iter 100, [ 1] :    1.000000e+00
  Iter 120, [ 1] :    1.000000e+00
  Iter 140, [ 1] :    1.000000e+00
  Iter 160, [ 1] :    1.000000e+00
  Iter 180, [ 1] :    1.000000e+00
  Iter 200, [ 1] :    9.999999e-01
WARNING: NOX::Direction::Newton::compute() - Linear solve failed to achieve convergence - using the step anyway since "Rescue Bad Newton Solve" is true 

************************************************************************
-- Nonlinear Solver Step 31 -- 
||F|| = 4.850e+05  step = 1.000e+00  dx = 3.095e-02
************************************************************************

  
  *******************************************************
  ***** Belos Iterative Solver:  Block Gmres 
  ***** Maximum Iterations: 200
  ***** Block Size: 1
  ***** Residual Test: 
  *****   Test 1 : Belos::StatusTestImpResNorm<>: (2-Norm Res Vec) / (2-Norm Res0), tol = 1e-08
  *******************************************************
  Iter   0, [ 1] :    1.000000e+00
  Iter  20, [ 1] :    1.000000e+00
  Iter  40, [ 1] :    1.000000e+00
  Iter  60, [ 1] :    1.000000e+00
  Iter  80, [ 1] :    1.000000e+00
  Iter 100, [ 1] :    1.000000e+00
  Iter 120, [ 1] :    1.000000e+00
  Iter 140, [ 1] :    1.000000e+00
  Iter 160, [ 1] :    1.000000e+00
  Iter 180, [ 1] :    9.999999e-01
  Iter 200, [ 1] :    9.999999e-01
WARNING: NOX::Direction::Newton::compute() - Linear solve failed to achieve convergence - using the step anyway since "Rescue Bad Newton Solve" is true 

************************************************************************
-- Nonlinear Solver Step 32 -- 
||F|| = 4.850e+05  step = 1.000e+00  dx = 3.288e-02
************************************************************************

  
  *******************************************************
  ***** Belos Iterative Solver:  Block Gmres 
  ***** Maximum Iterations: 200
  ***** Block Size: 1
  ***** Residual Test: 
  *****   Test 1 : Belos::StatusTestImpResNorm<>: (2-Norm Res Vec) / (2-Norm Res0), tol = 1e-08
  *******************************************************
  Iter   0, [ 1] :    1.000000e+00
  Iter  20, [ 1] :    1.000000e+00
  Iter  40, [ 1] :    1.000000e+00
  Iter  60, [ 1] :    1.000000e+00
  Iter  80, [ 1] :    1.000000e+00
  Iter 100, [ 1] :    1.000000e+00
  Iter 120, [ 1] :    1.000000e+00
  Iter 140, [ 1] :    1.000000e+00
  Iter 160, [ 1] :    1.000000e+00
  Iter 180, [ 1] :    1.000000e+00
  Iter 200, [ 1] :    9.999999e-01
WARNING: NOX::Direction::Newton::compute() - Linear solve failed to achieve convergence - using the step anyway since "Rescue Bad Newton Solve" is true 

************************************************************************
-- Nonlinear Solver Step 33 -- 
||F|| = 4.850e+05  step = 1.000e+00  dx = 3.288e-01
************************************************************************

  
  *******************************************************
  ***** Belos Iterative Solver:  Block Gmres 
  ***** Maximum Iterations: 200
  ***** Block Size: 1
  ***** Residual Test: 
  *****   Test 1 : Belos::StatusTestImpResNorm<>: (2-Norm Res Vec) / (2-Norm Res0), tol = 1e-08
  *******************************************************
  Iter   0, [ 1] :    1.000000e+00
  Iter  20, [ 1] :    1.000000e+00
  Iter  40, [ 1] :    1.000000e+00
  Iter  60, [ 1] :    1.000000e+00
  Iter  80, [ 1] :    1.000000e+00
  Iter 100, [ 1] :    1.000000e+00
  Iter 120, [ 1] :    1.000000e+00
  Iter 140, [ 1] :    1.000000e+00
  Iter 160, [ 1] :    1.000000e+00
  Iter 180, [ 1] :    9.999999e-01
  Iter 200, [ 1] :    9.999999e-01
WARNING: NOX::Direction::Newton::compute() - Linear solve failed to achieve convergence - using the step anyway since "Rescue Bad Newton Solve" is true 

************************************************************************
-- Nonlinear Solver Step 34 -- 
||F|| = 4.850e+05  step = 1.000e+00  dx = 1.526e-01
************************************************************************

  
  *******************************************************
  ***** Belos Iterative Solver:  Block Gmres 
  ***** Maximum Iterations: 200
  ***** Block Size: 1
  ***** Residual Test: 
  *****   Test 1 : Belos::StatusTestImpResNorm<>: (2-Norm Res Vec) / (2-Norm Res0), tol = 1e-08
  *******************************************************
  Iter   0, [ 1] :    1.000000e+00
  Iter  20, [ 1] :    1.000000e+00
  Iter  40, [ 1] :    1.000000e+00
  Iter  60, [ 1] :    1.000000e+00
  Iter  80, [ 1] :    1.000000e+00
  Iter 100, [ 1] :    1.000000e+00
  Iter 120, [ 1] :    1.000000e+00
  Iter 140, [ 1] :    1.000000e+00
  Iter 160, [ 1] :    1.000000e+00
  Iter 180, [ 1] :    9.999999e-01
  Iter 200, [ 1] :    9.999999e-01
WARNING: NOX::Direction::Newton::compute() - Linear solve failed to achieve convergence - using the step anyway since "Rescue Bad Newton Solve" is true 

************************************************************************
-- Nonlinear Solver Step 35 -- 
||F|| = 4.850e+05  step = 1.000e+00  dx = 7.538e-02
************************************************************************

  
  *******************************************************
  ***** Belos Iterative Solver:  Block Gmres 
  ***** Maximum Iterations: 200
  ***** Block Size: 1
  ***** Residual Test: 
  *****   Test 1 : Belos::StatusTestImpResNorm<>: (2-Norm Res Vec) / (2-Norm Res0), tol = 1e-08
  *******************************************************
  Iter   0, [ 1] :    1.000000e+00
  Iter  20, [ 1] :    1.000000e+00
  Iter  40, [ 1] :    1.000000e+00
  Iter  60, [ 1] :    1.000000e+00
  Iter  80, [ 1] :    1.000000e+00
  Iter 100, [ 1] :    1.000000e+00
  Iter 120, [ 1] :    1.000000e+00
  Iter 140, [ 1] :    1.000000e+00
  Iter 160, [ 1] :    1.000000e+00
  Iter 180, [ 1] :    1.000000e+00
  Iter 200, [ 1] :    1.000000e+00
WARNING: NOX::Direction::Newton::compute() - Linear solve failed to achieve convergence - using the step anyway since "Rescue Bad Newton Solve" is true 

************************************************************************
-- Nonlinear Solver Step 36 -- 
||F|| = 4.850e+05  step = 1.000e+00  dx = 4.706e-01
************************************************************************

  
  *******************************************************
  ***** Belos Iterative Solver:  Block Gmres 
  ***** Maximum Iterations: 200
  ***** Block Size: 1
  ***** Residual Test: 
  *****   Test 1 : Belos::StatusTestImpResNorm<>: (2-Norm Res Vec) / (2-Norm Res0), tol = 1e-08
  *******************************************************
  Iter   0, [ 1] :    1.000000e+00
  Iter  20, [ 1] :    1.000000e+00
  Iter  40, [ 1] :    1.000000e+00
  Iter  60, [ 1] :    1.000000e+00
  Iter  80, [ 1] :    1.000000e+00
  Iter 100, [ 1] :    1.000000e+00
  Iter 120, [ 1] :    1.000000e+00
  Iter 140, [ 1] :    1.000000e+00
  Iter 160, [ 1] :    1.000000e+00
  Iter 180, [ 1] :    9.999999e-01
  Iter 200, [ 1] :    9.999999e-01
WARNING: NOX::Direction::Newton::compute() - Linear solve failed to achieve convergence - using the step anyway since "Rescue Bad Newton Solve" is true 

************************************************************************
-- Nonlinear Solver Step 37 -- 
||F|| = 4.850e+05  step = 1.000e+00  dx = 2.977e-01
************************************************************************

  
  *******************************************************
  ***** Belos Iterative Solver:  Block Gmres 
  ***** Maximum Iterations: 200
  ***** Block Size: 1
  ***** Residual Test: 
  *****   Test 1 : Belos::StatusTestImpResNorm<>: (2-Norm Res Vec) / (2-Norm Res0), tol = 1e-08
  *******************************************************
  Iter   0, [ 1] :    1.000000e+00
  Iter  20, [ 1] :    1.000000e+00
  Iter  40, [ 1] :    1.000000e+00
  Iter  60, [ 1] :    1.000000e+00
  Iter  80, [ 1] :    1.000000e+00
  Iter 100, [ 1] :    1.000000e+00
  Iter 120, [ 1] :    1.000000e+00
  Iter 140, [ 1] :    1.000000e+00
  Iter 160, [ 1] :    1.000000e+00
  Iter 180, [ 1] :    1.000000e+00
  Iter 200, [ 1] :    1.000000e+00
WARNING: NOX::Direction::Newton::compute() - Linear solve failed to achieve convergence - using the step anyway since "Rescue Bad Newton Solve" is true 

************************************************************************
-- Nonlinear Solver Step 38 -- 
||F|| = 4.850e+05  step = 1.000e+00  dx = 2.013e-02
************************************************************************

  
  *******************************************************
  ***** Belos Iterative Solver:  Block Gmres 
  ***** Maximum Iterations: 200
  ***** Block Size: 1
  ***** Residual Test: 
  *****   Test 1 : Belos::StatusTestImpResNorm<>: (2-Norm Res Vec) / (2-Norm Res0), tol = 1e-08
  *******************************************************
  Iter   0, [ 1] :    1.000000e+00
  Iter  20, [ 1] :    1.000000e+00
  Iter  40, [ 1] :    1.000000e+00
  Iter  60, [ 1] :    1.000000e+00
  Iter  80, [ 1] :    1.000000e+00
  Iter 100, [ 1] :    1.000000e+00
  Iter 120, [ 1] :    1.000000e+00
  Iter 140, [ 1] :    1.000000e+00
  Iter 160, [ 1] :    1.000000e+00
  Iter 180, [ 1] :    1.000000e+00
  Iter 200, [ 1] :    1.000000e+00
WARNING: NOX::Direction::Newton::compute() - Linear solve failed to achieve convergence - using the step anyway since "Rescue Bad Newton Solve" is true 

************************************************************************
-- Nonlinear Solver Step 39 -- 
||F|| = 4.850e+05  step = 1.000e+00  dx = 2.326e-02
************************************************************************

  
  *******************************************************
  ***** Belos Iterative Solver:  Block Gmres 
  ***** Maximum Iterations: 200
  ***** Block Size: 1
  ***** Residual Test: 
  *****   Test 1 : Belos::StatusTestImpResNorm<>: (2-Norm Res Vec) / (2-Norm Res0), tol = 1e-08
  *******************************************************
  Iter   0, [ 1] :    1.000000e+00
  Iter  20, [ 1] :    1.000000e+00
  Iter  40, [ 1] :    1.000000e+00
  Iter  60, [ 1] :    1.000000e+00
  Iter  80, [ 1] :    1.000000e+00
  Iter 100, [ 1] :    1.000000e+00
  Iter 120, [ 1] :    1.000000e+00
  Iter 140, [ 1] :    1.000000e+00
  Iter 160, [ 1] :    1.000000e+00
  Iter 180, [ 1] :    1.000000e+00
  Iter 200, [ 1] :    1.000000e+00
WARNING: NOX::Direction::Newton::compute() - Linear solve failed to achieve convergence - using the step anyway since "Rescue Bad Newton Solve" is true 

************************************************************************
-- Nonlinear Solver Step 40 -- 
||F|| = 4.850e+05  step = 1.000e+00  dx = 2.938e-01
************************************************************************

  
  *******************************************************
  ***** Belos Iterative Solver:  Block Gmres 
  ***** Maximum Iterations: 200
  ***** Block Size: 1
  ***** Residual Test: 
  *****   Test 1 : Belos::StatusTestImpResNorm<>: (2-Norm Res Vec) / (2-Norm Res0), tol = 1e-08
  *******************************************************
  Iter   0, [ 1] :    1.000000e+00
  Iter  20, [ 1] :    1.000000e+00
  Iter  40, [ 1] :    1.000000e+00
  Iter  60, [ 1] :    1.000000e+00
  Iter  80, [ 1] :    1.000000e+00
  Iter 100, [ 1] :    1.000000e+00
  Iter 120, [ 1] :    1.000000e+00
  Iter 140, [ 1] :    1.000000e+00
  Iter 160, [ 1] :    1.000000e+00
  Iter 180, [ 1] :    1.000000e+00
  Iter 200, [ 1] :    1.000000e+00
WARNING: NOX::Direction::Newton::compute() - Linear solve failed to achieve convergence - using the step anyway since "Rescue Bad Newton Solve" is true 

************************************************************************
-- Nonlinear Solver Step 41 -- 
||F|| = 4.850e+05  step = 1.000e+00  dx = 9.597e-02
************************************************************************

  
  *******************************************************
  ***** Belos Iterative Solver:  Block Gmres 
  ***** Maximum Iterations: 200
  ***** Block Size: 1
  ***** Residual Test: 
  *****   Test 1 : Belos::StatusTestImpResNorm<>: (2-Norm Res Vec) / (2-Norm Res0), tol = 1e-08
  *******************************************************
  Iter   0, [ 1] :    1.000000e+00
  Iter  20, [ 1] :    1.000000e+00
  Iter  40, [ 1] :    1.000000e+00
  Iter  60, [ 1] :    1.000000e+00
  Iter  80, [ 1] :    1.000000e+00
  Iter 100, [ 1] :    1.000000e+00
  Iter 120, [ 1] :    1.000000e+00
  Iter 140, [ 1] :    1.000000e+00
  Iter 160, [ 1] :    1.000000e+00
  Iter 180, [ 1] :    1.000000e+00
  Iter 200, [ 1] :    9.999999e-01
WARNING: NOX::Direction::Newton::compute() - Linear solve failed to achieve convergence - using the step anyway since "Rescue Bad Newton Solve" is true 

************************************************************************
-- Nonlinear Solver Step 42 -- 
||F|| = 4.850e+05  step = 1.000e+00  dx = 2.587e-01
************************************************************************

  
  *******************************************************
  ***** Belos Iterative Solver:  Block Gmres 
  ***** Maximum Iterations: 200
  ***** Block Size: 1
  ***** Residual Test: 
  *****   Test 1 : Belos::StatusTestImpResNorm<>: (2-Norm Res Vec) / (2-Norm Res0), tol = 1e-08
  *******************************************************
  Iter   0, [ 1] :    1.000000e+00
  Iter  20, [ 1] :    1.000000e+00
  Iter  40, [ 1] :    1.000000e+00
  Iter  60, [ 1] :    1.000000e+00
  Iter  80, [ 1] :    1.000000e+00
  Iter 100, [ 1] :    1.000000e+00
  Iter 120, [ 1] :    1.000000e+00
  Iter 140, [ 1] :    1.000000e+00
  Iter 160, [ 1] :    1.000000e+00
  Iter 180, [ 1] :    1.000000e+00
  Iter 200, [ 1] :    9.999999e-01
WARNING: NOX::Direction::Newton::compute() - Linear solve failed to achieve convergence - using the step anyway since "Rescue Bad Newton Solve" is true 

************************************************************************
-- Nonlinear Solver Step 43 -- 
||F|| = 4.850e+05  step = 1.000e+00  dx = 6.128e-01
************************************************************************

  
  *******************************************************
  ***** Belos Iterative Solver:  Block Gmres 
  ***** Maximum Iterations: 200
  ***** Block Size: 1
  ***** Residual Test: 
  *****   Test 1 : Belos::StatusTestImpResNorm<>: (2-Norm Res Vec) / (2-Norm Res0), tol = 1e-08
  *******************************************************
  Iter   0, [ 1] :    1.000000e+00
  Iter  20, [ 1] :    1.000000e+00
  Iter  40, [ 1] :    1.000000e+00
  Iter  60, [ 1] :    1.000000e+00
  Iter  80, [ 1] :    1.000000e+00
  Iter 100, [ 1] :    1.000000e+00
  Iter 120, [ 1] :    1.000000e+00
  Iter 140, [ 1] :    1.000000e+00
  Iter 160, [ 1] :    1.000000e+00
  Iter 180, [ 1] :    1.000000e+00
  Iter 200, [ 1] :    1.000000e+00
WARNING: NOX::Direction::Newton::compute() - Linear solve failed to achieve convergence - using the step anyway since "Rescue Bad Newton Solve" is true 

************************************************************************
-- Nonlinear Solver Step 44 -- 
||F|| = 4.850e+05  step = 1.000e+00  dx = 1.532e-01
************************************************************************

  
  *******************************************************
  ***** Belos Iterative Solver:  Block Gmres 
  ***** Maximum Iterations: 200
  ***** Block Size: 1
  ***** Residual Test: 
  *****   Test 1 : Belos::StatusTestImpResNorm<>: (2-Norm Res Vec) / (2-Norm Res0), tol = 1e-08
  *******************************************************
  Iter   0, [ 1] :    1.000000e+00
  Iter  20, [ 1] :    1.000000e+00
  Iter  40, [ 1] :    1.000000e+00
  Iter  60, [ 1] :    1.000000e+00
  Iter  80, [ 1] :    1.000000e+00
  Iter 100, [ 1] :    1.000000e+00
  Iter 120, [ 1] :    1.000000e+00
  Iter 140, [ 1] :    1.000000e+00
  Iter 160, [ 1] :    1.000000e+00
  Iter 180, [ 1] :    1.000000e+00
  Iter 200, [ 1] :    1.000000e+00
WARNING: NOX::Direction::Newton::compute() - Linear solve failed to achieve convergence - using the step anyway since "Rescue Bad Newton Solve" is true 

************************************************************************
-- Nonlinear Solver Step 45 -- 
||F|| = 4.850e+05  step = 1.000e+00  dx = 4.101e-01
************************************************************************

  
  *******************************************************
  ***** Belos Iterative Solver:  Block Gmres 
  ***** Maximum Iterations: 200
  ***** Block Size: 1
  ***** Residual Test: 
  *****   Test 1 : Belos::StatusTestImpResNorm<>: (2-Norm Res Vec) / (2-Norm Res0), tol = 1e-08
  *******************************************************
  Iter   0, [ 1] :    1.000000e+00
  Iter  20, [ 1] :    1.000000e+00
  Iter  40, [ 1] :    1.000000e+00
  Iter  60, [ 1] :    1.000000e+00
  Iter  80, [ 1] :    1.000000e+00
  Iter 100, [ 1] :    1.000000e+00
  Iter 120, [ 1] :    1.000000e+00
  Iter 140, [ 1] :    1.000000e+00
  Iter 160, [ 1] :    1.000000e+00
  Iter 180, [ 1] :    1.000000e+00
  Iter 200, [ 1] :    9.999999e-01
WARNING: NOX::Direction::Newton::compute() - Linear solve failed to achieve convergence - using the step anyway since "Rescue Bad Newton Solve" is true 

************************************************************************
-- Nonlinear Solver Step 46 -- 
||F|| = 4.850e+05  step = 1.000e+00  dx = 1.961e-02
************************************************************************

  
  *******************************************************
  ***** Belos Iterative Solver:  Block Gmres 
  ***** Maximum Iterations: 200
  ***** Block Size: 1
  ***** Residual Test: 
  *****   Test 1 : Belos::StatusTestImpResNorm<>: (2-Norm Res Vec) / (2-Norm Res0), tol = 1e-08
  *******************************************************
  Iter   0, [ 1] :    1.000000e+00
  Iter  20, [ 1] :    1.000000e+00
  Iter  40, [ 1] :    1.000000e+00
  Iter  60, [ 1] :    1.000000e+00
  Iter  80, [ 1] :    1.000000e+00
  Iter 100, [ 1] :    1.000000e+00
  Iter 120, [ 1] :    1.000000e+00
  Iter 140, [ 1] :    1.000000e+00
  Iter 160, [ 1] :    1.000000e+00
  Iter 180, [ 1] :    1.000000e+00
  Iter 200, [ 1] :    1.000000e+00
WARNING: NOX::Direction::Newton::compute() - Linear solve failed to achieve convergence - using the step anyway since "Rescue Bad Newton Solve" is true 

************************************************************************
-- Nonlinear Solver Step 47 -- 
||F|| = 4.850e+05  step = 1.000e+00  dx = 3.459e-01
************************************************************************

  
  *******************************************************
  ***** Belos Iterative Solver:  Block Gmres 
  ***** Maximum Iterations: 200
  ***** Block Size: 1
  ***** Residual Test: 
  *****   Test 1 : Belos::StatusTestImpResNorm<>: (2-Norm Res Vec) / (2-Norm Res0), tol = 1e-08
  *******************************************************
  Iter   0, [ 1] :    1.000000e+00
  Iter  20, [ 1] :    1.000000e+00
  Iter  40, [ 1] :    1.000000e+00
  Iter  60, [ 1] :    1.000000e+00
  Iter  80, [ 1] :    1.000000e+00
  Iter 100, [ 1] :    1.000000e+00
  Iter 120, [ 1] :    1.000000e+00
  Iter 140, [ 1] :    1.000000e+00
  Iter 160, [ 1] :    1.000000e+00
  Iter 180, [ 1] :    1.000000e+00
  Iter 200, [ 1] :    9.999999e-01
WARNING: NOX::Direction::Newton::compute() - Linear solve failed to achieve convergence - using the step anyway since "Rescue Bad Newton Solve" is true 

************************************************************************
-- Nonlinear Solver Step 48 -- 
||F|| = 4.850e+05  step = 1.000e+00  dx = 1.935e-01
************************************************************************

  
  *******************************************************
  ***** Belos Iterative Solver:  Block Gmres 
  ***** Maximum Iterations: 200
  ***** Block Size: 1
  ***** Residual Test: 
  *****   Test 1 : Belos::StatusTestImpResNorm<>: (2-Norm Res Vec) / (2-Norm Res0), tol = 1e-08
  *******************************************************
  Iter   0, [ 1] :    1.000000e+00
  Iter  20, [ 1] :    1.000000e+00
  Iter  40, [ 1] :    1.000000e+00
  Iter  60, [ 1] :    1.000000e+00
  Iter  80, [ 1] :    1.000000e+00
  Iter 100, [ 1] :    1.000000e+00
  Iter 120, [ 1] :    1.000000e+00
  Iter 140, [ 1] :    1.000000e+00
  Iter 160, [ 1] :    1.000000e+00
  Iter 180, [ 1] :    1.000000e+00
  Iter 200, [ 1] :    1.000000e+00
WARNING: NOX::Direction::Newton::compute() - Linear solve failed to achieve convergence - using the step anyway since "Rescue Bad Newton Solve" is true 

************************************************************************
-- Nonlinear Solver Step 49 -- 
||F|| = 4.850e+05  step = 1.000e+00  dx = 5.205e-02
************************************************************************

  
  *******************************************************
  ***** Belos Iterative Solver:  Block Gmres 
  ***** Maximum Iterations: 200
  ***** Block Size: 1
  ***** Residual Test: 
  *****   Test 1 : Belos::StatusTestImpResNorm<>: (2-Norm Res Vec) / (2-Norm Res0), tol = 1e-08
  *******************************************************
  Iter   0, [ 1] :    1.000000e+00
  Iter  20, [ 1] :    1.000000e+00
  Iter  40, [ 1] :    1.000000e+00
  Iter  60, [ 1] :    1.000000e+00
  Iter  80, [ 1] :    1.000000e+00
  Iter 100, [ 1] :    1.000000e+00
  Iter 120, [ 1] :    1.000000e+00
  Iter 140, [ 1] :    1.000000e+00
  Iter 160, [ 1] :    1.000000e+00
  Iter 180, [ 1] :    1.000000e+00
  Iter 200, [ 1] :    1.000000e+00
WARNING: NOX::Direction::Newton::compute() - Linear solve failed to achieve convergence - using the step anyway since "Rescue Bad Newton Solve" is true 

************************************************************************
-- Nonlinear Solver Step 50 -- 
||F|| = 4.850e+05  step = 1.000e+00  dx = 1.460e-01 (Failed!)
************************************************************************

************************************************************************
-- Final Status Test Results --
Failed.......OR Combination -> 
  **...........F-Norm = 5.222e+02 < 1.000e-05
               (Length-Scaled Two-Norm, Absolute Tolerance)
  Failed.......Number of Iterations = 50 < 50
************************************************************************
*** Teuchos::StackedTimer::report() - Remainder for a level will be ***
*** incorrect if a timer in the level does not exist on every rank  ***
*** of the MPI Communicator.                                        ***
PyAlbany Total Time: 172.784 [2]
|   PyAlbany: Setup Time: 26.9701 - 15.6092% [1]
|   PyAlbany: performSolve: 145.814 - 84.3908% [1]
|   |   Piro::NOXSolver::evalModelImpl::solve: 145.812 - 99.9987% [1]
|   |   |   Thyra::NOXNonlinearSolver::solve: 145.811 - 99.9995% [1]
|   |   |   |   Thyra::DefaultModelEvaluatorWithSolveFactory<double>::evalModel(...): 11.6122 - 7.96382% [107]
|   |   |   |   |   Albany: Total Fill Time: 11.6082 - 99.9658% [107]
|   |   |   |   |   |   Albany Fill: Residual: 2.79046 - 24.0388% [57]
|   |   |   |   |   |   |   Phalanx::SortAndOrderEvaluators: 1.022e-06 - 3.66248e-05% [1]
|   |   |   |   |   |   |   Albany Residual Fill: Evaluate: 2.4787 - 88.8276% [57]
|   |   |   |   |   |   |   |   Phalanx: Evaluator 8: [<Residual>] LoadStateField(bed_topography)<Residual>: 0.0323761 - 1.30617% [57]
|   |   |   |   |   |   |   |   Phalanx: Evaluator 11: [<Residual>] Save Field bed_topography to State bed_topographyResidual: 0.3377 - 13.6241% [57]
|   |   |   |   |   |   |   |   Phalanx: Evaluator 5: [<Residual>] LoadStateField(surface_height)<Residual>: 0.0314157 - 1.26743% [57]
|   |   |   |   |   |   |   |   Phalanx: Evaluator 12: [<Residual>] Save Field surface_height to State surface_heightResidual: 0.341351 - 13.7714% [57]
|   |   |   |   |   |   |   |   Phalanx: Evaluator 31: [<Residual>] Shared Parameter Glen's Law Homotopy Parameter<Residual>: 0.00264504 - 0.106711% [57]
|   |   |   |   |   |   |   |   Phalanx: Evaluator 2: [<Residual>] Gather Coordinate Vector<Residual>: 0.0645204 - 2.60299% [57]
|   |   |   |   |   |   |   |   Phalanx: Evaluator 25: [<Residual>] ComputeBasisFunctions<Residual>: 0.0195304 - 0.787929% [57]
|   |   |   |   |   |   |   |   Phalanx: Evaluator 0: [<Residual>] Gather Solution<Residual>: 0.0142006 - 0.572905% [57]
|   |   |   |   |   |   |   |   Phalanx: Evaluator 67: [<Residual>] FastSolutionVecGradInterpolationBase<Residual>: 0.0132227 - 0.533452% [57]
|   |   |   |   |   |   |   |   Phalanx: Evaluator 7: [<Residual>] LoadStateField(temperature)<Residual>: 0.300436 - 12.1207% [57]
|   |   |   |   |   |   |   |   Phalanx: Evaluator 78: [<Residual>] P0Interpolation[temperature] <Residual>: 0.00135942 - 0.054844% [57]
|   |   |   |   |   |   |   |   Phalanx: Evaluator 24: [<Residual>] MapToPhysicalFrame<Residual>: 0.0203505 - 0.821016% [57]
|   |   |   |   |   |   |   |   Phalanx: Evaluator 26: [<Residual>] P0Interpolation[Coord Vec] <Residual>: 0.000714146 - 0.0288113% [57]
|   |   |   |   |   |   |   |   Phalanx: Evaluator 76: [<Residual>] P0Interpolation[surface_height] <Residual>: 0.0339504 - 1.36968% [57]
|   |   |   |   |   |   |   |   Phalanx: Evaluator 3: [<Residual>] Pressure Corrected Temperature<Residual>: 0.012863 - 0.518942% [57]
|   |   |   |   |   |   |   |   Phalanx: Evaluator 33: [<Residual>] ViscosityFO<Residual>: 0.00130847 - 0.0527886% [57]
|   |   |   |   |   |   |   |   Phalanx: Evaluator 34: [<Residual>] Dissipation: 0.0723075 - 2.91716% [57]
|   |   |   |   |   |   |   |   Phalanx: Evaluator 35: [<Residual>] P0Interpolation[LandIce Dissipation] <Residual>: 0.0144154 - 0.581571% [57]
|   |   |   |   |   |   |   |   Phalanx: Evaluator 36: [<Residual>] Save Field LandIce Dissipation to State dissipation_heatResidual: 0.45777 - 18.4681% [57]
|   |   |   |   |   |   |   |   Phalanx: Evaluator 75: [<Residual>] DOFGradInterpolationBase<Residual>: 0.00044133 - 0.0178049% [57]
|   |   |   |   |   |   |   |   Phalanx: Evaluator 37: [<Residual>] StokesFOBodyForce<Residual>: 0.00239805 - 0.0967465% [57]
|   |   |   |   |   |   |   |   Phalanx: Evaluator 66: [<Residual>] FastSolutionVecInterpolationBase<Residual>: 0.00113278 - 0.0457005% [57]
|   |   |   |   |   |   |   |   Phalanx: Evaluator 28: [<Residual>] StokesFOResid<Residual>: 0.0962458 - 3.88291% [57]
|   |   |   |   |   |   |   |   Phalanx: Evaluator 63: [<Residual>] DOFCellToSide(Coord Vec -> Coord Vec_extruded_boundary_side_set_1)[Vertex Vector]<Residual>: 0.234468 - 9.45932% [57]
|   |   |   |   |   |   |   |   Phalanx: Evaluator 60: [<Residual>] ComputeBasisFunctionsSide<Residual>: 0.0208985 - 0.843125% [57]
|   |   |   |   |   |   |   |   Phalanx: Evaluator 101: [<Residual>] DOFCellToSide(surface_height -> surface_height_extruded_boundary_side_set_1)[Node Scalar]<Residual>: 0.000198146 - 0.00799395% [57]
|   |   |   |   |   |   |   |   Phalanx: Evaluator 103: [<Residual>] DOFInterpolationSide<Residual>: 0.000266044 - 0.0107332% [57]
|   |   |   |   |   |   |   |   Phalanx: Evaluator 4: [<Residual>] LoadStateField(ice_thickness)<Residual>: 0.033987 - 1.37116% [57]
|   |   |   |   |   |   |   |   Phalanx: Evaluator 99: [<Residual>] DOFCellToSide(ice_thickness -> ice_thickness_extruded_boundary_side_set_1)[Node Scalar]<Residual>: 0.000186118 - 0.00750869% [57]
|   |   |   |   |   |   |   |   Phalanx: Evaluator 100: [<Residual>] DOFInterpolationSide<Residual>: 0.00340637 - 0.137426% [57]
|   |   |   |   |   |   |   |   Phalanx: Evaluator 38: [<Residual>] StokesFOLateralResid<Residual>: 0.00136487 - 0.0550641% [57]
|   |   |   |   |   |   |   |   Phalanx: Evaluator 59: [<Residual>] DOFCellToSide(Coord Vec -> Coord Vec_basalside)[Vertex Vector]<Residual>: 0.0042511 - 0.171505% [57]
|   |   |   |   |   |   |   |   Phalanx: Evaluator 56: [<Residual>] ComputeBasisFunctionsSide<Residual>: 0.010604 - 0.427805% [57]
|   |   |   |   |   |   |   |   Phalanx: Evaluator 49: [<Residual>] Shared Parameter Power Exponent<Residual>: 0.00186003 - 0.0750407% [57]
|   |   |   |   |   |   |   |   Phalanx: Evaluator 18: [<Residual>] Load Side Set Field log_basal_friction_basalside from Side Set State log_basal_friction<Residual>: 0.0168178 - 0.678493% [57]
|   |   |   |   |   |   |   |   Phalanx: Evaluator 91: [<Residual>] DOFInterpolationSide<Residual>: 0.000203946 - 0.00822794% [57]
|   |   |   |   |   |   |   |   Phalanx: Evaluator 13: [<Residual>] Load Side Set Field ice_thickness_basalside from Side Set State ice_thickness<Residual>: 0.0185779 - 0.749501% [57]
|   |   |   |   |   |   |   |   Phalanx: Evaluator 17: [<Residual>] Load Side Set Field bed_topography_basalside from Side Set State bed_topography<Residual>: 0.0159121 - 0.641955% [57]
|   |   |   |   |   |   |   |   Phalanx: Evaluator 50: [<Residual>] BasalFrictionCoefficient<Residual>: 0.00136141 - 0.0549243% [57]
|   |   |   |   |   |   |   |   Phalanx: Evaluator 79: [<Residual>] DOFCellToSide(Velocity -> Velocity_basalside)[Node Vector]<Residual>: 0.00365808 - 0.147581% [57]
|   |   |   |   |   |   |   |   Phalanx: Evaluator 80: [<Residual>] DOFVecInterpolationSide<Residual>: 0.00292087 - 0.117839% [57]
|   |   |   |   |   |   |   |   Phalanx: Evaluator 39: [<Residual>] StokesFOBasalResid<Residual>: 0.00251127 - 0.101314% [57]
|   |   |   |   |   |   |   |   Phalanx: Evaluator 1: [<Residual>] Scatter Velocity Residual<Residual>: 0.00447966 - 0.180726% [57]
|   |   |   |   |   |   |   |   Remainder: 0.228112 - 9.20289%
|   |   |   |   |   |   |   Albany Residual Fill: Export: 0.0036636 - 0.13129% [57]
|   |   |   |   |   |   |   Remainder: 0.308097 - 11.0411%
|   |   |   |   |   |   Albany Fill: Jacobian: 8.81637 - 75.9496% [50]
|   |   |   |   |   |   |   Phalanx::SortAndOrderEvaluators: 5.81e-07 - 6.59001e-06% [1]
|   |   |   |   |   |   |   Albany Jacobian Fill: Evaluate: 7.46207 - 84.6388% [50]
|   |   |   |   |   |   |   |   Phalanx: Evaluator 141: [<Jacobian>] Shared Parameter Glen's Law Homotopy Parameter<Jacobian>: 0.000573838 - 0.00769006% [50]
|   |   |   |   |   |   |   |   Phalanx: Evaluator 112: [<Jacobian>] Gather Coordinate Vector<Jacobian>: 0.0661311 - 0.886229% [50]
|   |   |   |   |   |   |   |   Phalanx: Evaluator 135: [<Jacobian>] ComputeBasisFunctions<Jacobian>: 0.0202514 - 0.271391% [50]
|   |   |   |   |   |   |   |   Phalanx: Evaluator 110: [<Jacobian>] Gather Solution<Jacobian>: 0.0135663 - 0.181803% [50]
|   |   |   |   |   |   |   |   Phalanx: Evaluator 177: [<Jacobian>] FastSolutionVecGradInterpolationBase<Jacobian>: 0.0528772 - 0.708613% [50]
|   |   |   |   |   |   |   |   Phalanx: Evaluator 117: [<Jacobian>] LoadStateField(temperature)<Jacobian>: 0.78847 - 10.5664% [50]
|   |   |   |   |   |   |   |   Phalanx: Evaluator 187: [<Jacobian>] P0Interpolation[temperature] <Jacobian>: 0.0010172 - 0.0136316% [50]
|   |   |   |   |   |   |   |   Phalanx: Evaluator 134: [<Jacobian>] MapToPhysicalFrame<Jacobian>: 0.0171578 - 0.229933% [50]
|   |   |   |   |   |   |   |   Phalanx: Evaluator 136: [<Jacobian>] P0Interpolation[Coord Vec] <Jacobian>: 0.000642309 - 0.00860765% [50]
|   |   |   |   |   |   |   |   Phalanx: Evaluator 115: [<Jacobian>] LoadStateField(surface_height)<Jacobian>: 0.0564377 - 0.756327% [50]
|   |   |   |   |   |   |   |   Phalanx: Evaluator 185: [<Jacobian>] P0Interpolation[surface_height] <Jacobian>: 0.000496429 - 0.00665269% [50]
|   |   |   |   |   |   |   |   Phalanx: Evaluator 113: [<Jacobian>] Pressure Corrected Temperature<Jacobian>: 0.0123602 - 0.16564% [50]
|   |   |   |   |   |   |   |   Phalanx: Evaluator 143: [<Jacobian>] ViscosityFO<Jacobian>: 0.00139348 - 0.0186742% [50]
|   |   |   |   |   |   |   |   Phalanx: Evaluator 184: [<Jacobian>] DOFGradInterpolationBase<Jacobian>: 0.428925 - 5.74807% [50]
|   |   |   |   |   |   |   |   Phalanx: Evaluator 147: [<Jacobian>] StokesFOBodyForce<Jacobian>: 0.0024353 - 0.0326357% [50]
|   |   |   |   |   |   |   |   Phalanx: Evaluator 176: [<Jacobian>] FastSolutionVecInterpolationBase<Jacobian>: 0.0032828 - 0.0439931% [50]
|   |   |   |   |   |   |   |   Phalanx: Evaluator 138: [<Jacobian>] StokesFOResid<Jacobian>: 0.266061 - 3.56552% [50]
|   |   |   |   |   |   |   |   Phalanx: Evaluator 173: [<Jacobian>] DOFCellToSide(Coord Vec -> Coord Vec_extruded_boundary_side_set_1)[Vertex Vector]<Jacobian>: 5.28183 - 70.7824% [50]
|   |   |   |   |   |   |   |   Phalanx: Evaluator 170: [<Jacobian>] ComputeBasisFunctionsSide<Jacobian>: 0.0173697 - 0.232773% [50]
|   |   |   |   |   |   |   |   Phalanx: Evaluator 210: [<Jacobian>] DOFCellToSide(surface_height -> surface_height_extruded_boundary_side_set_1)[Node Scalar]<Jacobian>: 0.000170319 - 0.00228246% [50]
|   |   |   |   |   |   |   |   Phalanx: Evaluator 212: [<Jacobian>] DOFInterpolationSide<Jacobian>: 0.00021497 - 0.00288083% [50]
|   |   |   |   |   |   |   |   Phalanx: Evaluator 114: [<Jacobian>] LoadStateField(ice_thickness)<Jacobian>: 0.0361169 - 0.484006% [50]
|   |   |   |   |   |   |   |   Phalanx: Evaluator 208: [<Jacobian>] DOFCellToSide(ice_thickness -> ice_thickness_extruded_boundary_side_set_1)[Node Scalar]<Jacobian>: 0.000156587 - 0.00209844% [50]
|   |   |   |   |   |   |   |   Phalanx: Evaluator 209: [<Jacobian>] DOFInterpolationSide<Jacobian>: 0.00374012 - 0.0501218% [50]
|   |   |   |   |   |   |   |   Phalanx: Evaluator 148: [<Jacobian>] StokesFOLateralResid<Jacobian>: 0.00119456 - 0.0160084% [50]
|   |   |   |   |   |   |   |   Phalanx: Evaluator 169: [<Jacobian>] DOFCellToSide(Coord Vec -> Coord Vec_basalside)[Vertex Vector]<Jacobian>: 0.0786756 - 1.05434% [50]
|   |   |   |   |   |   |   |   Phalanx: Evaluator 166: [<Jacobian>] ComputeBasisFunctionsSide<Jacobian>: 0.0112304 - 0.1505% [50]
|   |   |   |   |   |   |   |   Phalanx: Evaluator 159: [<Jacobian>] Shared Parameter Power Exponent<Jacobian>: 0.00209163 - 0.0280301% [50]
|   |   |   |   |   |   |   |   Phalanx: Evaluator 128: [<Jacobian>] Load Side Set Field log_basal_friction_basalside from Side Set State log_basal_friction<Jacobian>: 0.017773 - 0.238178% [50]
|   |   |   |   |   |   |   |   Phalanx: Evaluator 200: [<Jacobian>] DOFInterpolationSide<Jacobian>: 0.000162401 - 0.00217635% [50]
|   |   |   |   |   |   |   |   Phalanx: Evaluator 123: [<Jacobian>] Load Side Set Field ice_thickness_basalside from Side Set State ice_thickness<Jacobian>: 0.0186676 - 0.250166% [50]
|   |   |   |   |   |   |   |   Phalanx: Evaluator 127: [<Jacobian>] Load Side Set Field bed_topography_basalside from Side Set State bed_topography<Jacobian>: 0.016312 - 0.218598% [50]
|   |   |   |   |   |   |   |   Phalanx: Evaluator 160: [<Jacobian>] BasalFrictionCoefficient<Jacobian>: 0.00131273 - 0.017592% [50]
|   |   |   |   |   |   |   |   Phalanx: Evaluator 188: [<Jacobian>] DOFCellToSide(Velocity -> Velocity_basalside)[Node Vector]<Jacobian>: 0.00559537 - 0.0749842% [50]
|   |   |   |   |   |   |   |   Phalanx: Evaluator 189: [<Jacobian>] DOFVecInterpolationSide<Jacobian>: 0.0163681 - 0.219351% [50]
|   |   |   |   |   |   |   |   Phalanx: Evaluator 149: [<Jacobian>] StokesFOBasalResid<Jacobian>: 0.0206033 - 0.276107% [50]
|   |   |   |   |   |   |   |   Phalanx: Evaluator 111: [<Jacobian>] Scatter Velocity Residual<Jacobian>: 0.0449752 - 0.602717% [50]
|   |   |   |   |   |   |   |   Remainder: 0.155431 - 2.08295%
|   |   |   |   |   |   |   Albany Jacobian Fill: Export: 0.00280103 - 0.0317708% [50]
|   |   |   |   |   |   |   Remainder: 1.3515 - 15.3294%
|   |   |   |   |   |   Remainder: 0.00134737 - 0.0116071%
|   |   |   |   |   Remainder: 0.00397257 - 0.0342105%
|   |   |   |   NOX Total Preconditioner Construction: 51.9623 - 35.6366% [50]
|   |   |   |   |   ThyraMueLu::initializePrec: 51.5057 - 99.1214% [50]
|   |   |   |   |   |   MueLu: ParameterListInterpreter (ParameterList): 0.0374543 - 0.0727188% [50]
|   |   |   |   |   |   Ifpack2::Relaxation::initialize: 0.662873 - 1.28699% [150]
|   |   |   |   |   |   Ifpack2::Relaxation::compute: 0.0546285 - 0.106063% [150]
|   |   |   |   |   |   Utilities_kokkos::GetMatrixDiagonalInverse: 0.00314063 - 0.00609763% [50]
|   |   |   |   |   |   Remainder: 50.7476 - 98.5281%
|   |   |   |   |   Remainder: 0.45654 - 0.8786%
|   |   |   |   NOX Total Linear Solve: 82.196 - 56.3715% [50]
|   |   |   |   |   Stratimikos: BelosLOWS: 82.1959 - 99.9999% [50]
|   |   |   |   |   |   Belos: Operation Op*x: 0.0558109 - 0.0678999% [50]
|   |   |   |   |   |   Belos::MVT::MvAddMv: 0.000504429 - 0.000613691% [50]
|   |   |   |   |   |   Belos: BlockGmresSolMgr total solve time: 81.5282 - 99.1877% [50]
|   |   |   |   |   |   |   Belos: ICGS[2]: Orthogonalization: 27.2775 - 33.4578% [10050]
|   |   |   |   |   |   |   |   Belos: ICGS[2]: Ortho (Norm): 0.375699 - 1.37732% [10050]
|   |   |   |   |   |   |   |   |   Belos::MVT::MvDot: 0.365095 - 97.1775% [10050]
|   |   |   |   |   |   |   |   |   Remainder: 0.0106041 - 2.8225%
|   |   |   |   |   |   |   |   Belos::MVT::MvScale: 0.0512846 - 0.18801% [10050]
|   |   |   |   |   |   |   |   Belos: ICGS[2]: Ortho (Inner Product): 14.8228 - 54.3407% [20000]
|   |   |   |   |   |   |   |   |   Belos::MVT::MvTransMv: 14.7976 - 99.83% [20000]
|   |   |   |   |   |   |   |   |   Remainder: 0.0251925 - 0.169958%
|   |   |   |   |   |   |   |   Belos: ICGS[2]: Ortho (Update): 11.9514 - 43.814% [20000]
|   |   |   |   |   |   |   |   |   Belos::MVT::MvTimesMatAddMv: 11.929 - 99.8123% [20000]
|   |   |   |   |   |   |   |   |   Remainder: 0.0224304 - 0.18768%
|   |   |   |   |   |   |   |   Remainder: 0.0763605 - 0.279939%
|   |   |   |   |   |   |   Belos::MVT::MvAddMv: 0.000848247 - 0.00104043% [100]
|   |   |   |   |   |   |   Belos::MVT::MvNorm: 0.0550834 - 0.0675637% [50]
|   |   |   |   |   |   |   Belos: Operation Prec*x: 30.0887 - 36.9058% [10050]
|   |   |   |   |   |   |   |   Ifpack2::Relaxation::apply: 8.39296 - 27.8941% [50250]
|   |   |   |   |   |   |   |   Remainder: 21.6957 - 72.1059%
|   |   |   |   |   |   |   Belos: Operation Op*x: 21.6835 - 26.5963% [10000]
|   |   |   |   |   |   |   Belos::MVT::MvTimesMatAddMv: 0.112545 - 0.138045% [50]
|   |   |   |   |   |   |   Remainder: 2.31001 - 2.83339%
|   |   |   |   |   |   Remainder: 0.611371 - 0.743798%
|   |   |   |   |   Remainder: 0.000112479 - 0.000136842%
|   |   |   |   Remainder: 0.0409131 - 0.0280589%
|   |   |   Remainder: 0.000749427 - 0.000513968%
|   |   Piro::SteadyStateSolver::evalConvergedModelResponsesAndSensitivities::calc g, df/dp, dg/dp, dg/dx: 0.00107137 - 0.000734752% [1]
|   |   |   Thyra::DefaultModelEvaluatorWithSolveFactory<double>::evalModel(...): 0.00100415 - 93.7258% [1]
|   |   |   |   Albany: Total Fill Time: 0.000974271 - 97.0244% [1]
|   |   |   |   |   Albany Fill: Response: 0.000959002 - 98.4328% [1]
|   |   |   |   |   Remainder: 1.5269e-05 - 1.56722%
|   |   |   |   Remainder: 2.9879e-05 - 2.97555%
|   |   |   Remainder: 6.722e-05 - 6.27421%
|   |   Remainder: 0.000790176 - 0.000541907%
|   Remainder: 1.1051e-05 - 6.39585e-06%
~PyProblem()
<PyAlbany.Albany_Pybind11.RCPPyParameterList object at 0x1524ce888d30>
<PyAlbany.Albany_Pybind11.RCPPyParameterList object at 0x1524ce888db0>
Solve time: 1000000000000.0
~PyParallelEnv()

