*********************************************************************************
**  ______   __  __   ______   __       ______   ______   __   __   __  __     **
** /\  == \ /\ \_\ \ /\  __ \ /\ \     /\  == \ /\  __ \ /\ "-.\ \ /\ \_\ \    **
** \ \  __/ \ \____ \\ \  __ \\ \ \____\ \  __< \ \  __ \\ \ \-.  \\ \____ \   **
**  \ \_\    \/\_____\\ \_\ \_\\ \_____\\ \_____\\ \_\ \_\\ \_\\"\_\\/\_____\  **
**   \/_/     \/_____/ \/_/\/_/ \/_____/ \/_____/ \/_/\/_/ \/_/ \/_/ \/_____/  **
**                                                                             **
*********************************************************************************
** Trilinos git commit id - c70ae3dfa18
** Albany git branch ------ pybind11_PR
** Albany git commit id --- 7a1da3122
** Albany cxx compiler ---- GNU 10.3.0
** Albany cuda compiler --- Cuda 115
** Simulation start time -- 2022-09-27 at 07:36:14
***************************************************************
Albany_IOSS: Loading STKMesh from Exodus file  /global/homes/m/mcarlson/LandIce/ALITune/optimize/data/mesh-pop-wdg/gis_basal_populated.exo
Albany_IOSS: Loading STKMesh from Exodus file  /global/homes/m/mcarlson/LandIce/ALITune/optimize/data/mesh-pop-wdg/gis_upper_populated.exo
IOSS-STK: number of node sets = 3
IOSS-STK: number of side sets = 3
IOSS-STK: number of node sets = 3
IOSS-STK: number of side sets = 3
IOSS-STK: number of node sets = 1
IOSS-STK: number of side sets = 0
Restart Index set, reading solution index : 1
[GenericSTKMeshStruct] Processing field requirements...
  - Skipping field 'ice_thickness' since it's listed as present in the mesh.
  - Skipping field 'observed_ice_thickness' since it's listed as present in the mesh.
  - Skipping field 'observed_ice_thickness_RMS' since it's listed as present in the mesh.
  - Skipping field 'surface_height' since it's listed as present in the mesh.
  - Skipping field 'bed_topography' since it's listed as present in the mesh.
  - Skipping field 'log_basal_friction' since it's listed as present in the mesh.
  - Skipping field 'temperature' since it's listed as present in the mesh.
  - Skipping field 'apparent_mass_balance' since it's listed as present in the mesh.
  - Skipping field 'apparent_mass_balance_RMS' since it's listed as present in the mesh.
[ExtrudedSTKMesh] Adding nodes... done!
[ExtrudedSTKMesh] Adding elements... done!
[ExtrudedSTKMesh] Adding basalside sides... done!
[ExtrudedSTKMesh] Adding upperside sides... done!
[ExtrudedSTKMesh] Adding lateral sides... done!
[ExtrudedSTKMesh] Extruding basal fields...
  - Extruding Scalar Node field ice_thickness...done!
  - Extruding Scalar Node field surface_height...done!
  - Extruding Scalar Node field log_basal_friction...done!
  - Extruding Scalar Node field bed_topography...done!
  - Extruding Scalar Node field apparent_mass_balance...done!
  - Extruding Scalar Node field apparent_mass_balance_RMS...done!
[ExtrudedSTKMesh] Interpolating layered basal fields...
  - Interpolating Scalar field temperature...done!
[GenericSTKMeshStruct] Processing field requirements...
  - Skipping field 'ice_thickness' since it's listed as present in the mesh.
  - Skipping field 'surface_height' since it's listed as present in the mesh.
  - Skipping field 'log_basal_friction' since it's listed as present in the mesh.
  - Skipping field 'temperature' since it's listed as present in the mesh.
  - Skipping field 'bed_topography' since it's listed as present in the mesh.
  - Skipping field 'apparent_mass_balance' since it's listed as present in the mesh.
  - Skipping field 'apparent_mass_balance_RMS' since it's listed as present in the mesh.
  - Skipping field 'bed_topography' since it's listed as output. Make sure there's an evaluator set to save it!
  - Skipping field 'surface_height' since it's listed as output. Make sure there's an evaluator set to save it!
Restart Index set, reading solution index : 1
[GenericSTKMeshStruct] Processing field requirements...
  - Skipping field 'observed_surface_velocity' since it's listed as present in the mesh.
  - Skipping field 'observed_surface_velocity_RMS' since it's listed as present in the mesh.
STKDisc: 725880 elements on Proc 0 
STKDisc: nodeset basal_boundary_node_set_0 has size 0  on Proc 0.
STKDisc: nodeset basal_boundary_node_set_1 has size 6027  on Proc 0.
STKDisc: nodeset basal_node_set has size 39224  on Proc 0.
STKDisc: nodeset bottom has size 39224  on Proc 0.
STKDisc: nodeset extruded_boundary_node_set_0 has size 0  on Proc 0.
STKDisc: nodeset extruded_boundary_node_set_1 has size 66297  on Proc 0.
STKDisc: nodeset extruded_node_set has size 431464  on Proc 0.
STKDisc: nodeset lateral has size 66297  on Proc 0.
STKDisc: nodeset top has size 39224  on Proc 0.
STKDisc: sideset basalside has size 72588  on Proc 0.
STKDisc: sideset extruded_boundary_side_set has size 60460  on Proc 0.
STKDisc: sideset extruded_boundary_side_set_1 has size 57830  on Proc 0.
STKDisc: sideset extruded_boundary_side_set_1_tri3_edge2 has size 57830  on Proc 0.
STKDisc: sideset extruded_boundary_side_set_2 has size 2630  on Proc 0.
STKDisc: sideset extruded_boundary_side_set_2_tri3_edge2 has size 2630  on Proc 0.
STKDisc: sideset extruded_boundary_side_set_tri3_edge2 has size 60460  on Proc 0.
STKDisc: sideset lateralside has size 60460  on Proc 0.
STKDisc: sideset upperside has size 72588  on Proc 0.
STKDisc: 72588 elements on Proc 0 
STKDisc: nodeset boundary_node_set_0 has size 0  on Proc 0.
STKDisc: nodeset boundary_node_set_1 has size 6027  on Proc 0.
STKDisc: nodeset node_set has size 39224  on Proc 0.
STKDisc: sideset boundary_side_set has size 6046  on Proc 0.
STKDisc: sideset boundary_side_set_1 has size 5783  on Proc 0.
STKDisc: sideset boundary_side_set_2 has size 263  on Proc 0.
STKDisc: 72588 elements on Proc 0 
STKDisc: nodeset all_nodes has size 39224  on Proc 0.
StateManager: initializing state:  ice_thickness
StateManager: initializing state:  surface_height
StateManager: initializing state:  log_basal_friction
StateManager: initializing state:  temperature
StateManager: initializing state:  bed_topography
StateManager: initializing state:  apparent_mass_balance
StateManager: initializing state:  apparent_mass_balance_RMS
StateManager: initializing state:  dissipation_heat

StateManager: initializing state:  ice_thickness
StateManager: initializing state:  observed_ice_thickness
StateManager: initializing state:  observed_ice_thickness_RMS
StateManager: initializing state:  surface_height
StateManager: initializing state:  bed_topography
StateManager: initializing state:  log_basal_friction
StateManager: initializing state:  temperature
StateManager: initializing state:  apparent_mass_balance
StateManager: initializing state:  apparent_mass_balance_RMS

StateManager: initializing state:  observed_surface_velocity
StateManager: initializing state:  observed_surface_velocity_RMS

xxxxxxxxxxxxxxxxxxxxxxxxxxxxxxxxxxxxxxxxxxxxxxx
 Sacado ParameterLibrary has been initialized:
 Library of all registered parameters:
xxxxxxxxxxxxxxxxxxxxxxxxxxxxxxxxxxxxxxxxxxxxxxx

Total number of parameters  = 0
Number of non-distributed parameters  = 0
Number of response vectors  = 1
Number of distributed parameters vectors  = 0

************************************************************************
-- Nonlinear Solver Step 0 -- 
||F|| = 5.152e+05  step = 0.000e+00  dx = 0.000e+00
************************************************************************

  
  *******************************************************
  ***** Belos Iterative Solver:  Block Gmres 
  ***** Maximum Iterations: 200
  ***** Block Size: 1
  ***** Residual Test: 
  *****   Test 1 : Belos::StatusTestImpResNorm<>: (2-Norm Res Vec) / (2-Norm Res0), tol = 1e-08
  *******************************************************
  Iter   0, [ 1] :    1.000000e+00
  Iter  20, [ 1] :    9.444612e-01
  Iter  40, [ 1] :    9.344546e-01
  Iter  60, [ 1] :    9.318503e-01
  Iter  80, [ 1] :    9.286656e-01
  Iter 100, [ 1] :    9.280508e-01
  Iter 120, [ 1] :    9.267841e-01
  Iter 140, [ 1] :    9.263120e-01
  Iter 160, [ 1] :    9.260618e-01
  Iter 180, [ 1] :    9.252381e-01
  Iter 200, [ 1] :    9.244769e-01
WARNING: NOX::Direction::Newton::compute() - Linear solve failed to achieve convergence - using the step anyway since "Rescue Bad Newton Solve" is true 

************************************************************************
-- Nonlinear Solver Step 1 -- 
||F|| = 5.079e+05  step = 1.000e+00  dx = 4.968e+02
************************************************************************

  
  *******************************************************
  ***** Belos Iterative Solver:  Block Gmres 
  ***** Maximum Iterations: 200
  ***** Block Size: 1
  ***** Residual Test: 
  *****   Test 1 : Belos::StatusTestImpResNorm<>: (2-Norm Res Vec) / (2-Norm Res0), tol = 1e-08
  *******************************************************
  Iter   0, [ 1] :    1.000000e+00
  Iter  20, [ 1] :    9.913111e-01
  Iter  40, [ 1] :    9.904463e-01
  Iter  60, [ 1] :    9.900958e-01
  Iter  80, [ 1] :    9.897709e-01
  Iter 100, [ 1] :    9.896629e-01
  Iter 120, [ 1] :    9.895157e-01
  Iter 140, [ 1] :    9.894514e-01
  Iter 160, [ 1] :    9.893952e-01
  Iter 180, [ 1] :    9.893033e-01
  Iter 200, [ 1] :    9.892469e-01
WARNING: NOX::Direction::Newton::compute() - Linear solve failed to achieve convergence - using the step anyway since "Rescue Bad Newton Solve" is true 

************************************************************************
-- Nonlinear Solver Step 2 -- 
||F|| = 5.060e+05  step = 5.000e-01  dx = 5.231e+02
************************************************************************

  
  *******************************************************
  ***** Belos Iterative Solver:  Block Gmres 
  ***** Maximum Iterations: 200
  ***** Block Size: 1
  ***** Residual Test: 
  *****   Test 1 : Belos::StatusTestImpResNorm<>: (2-Norm Res Vec) / (2-Norm Res0), tol = 1e-08
  *******************************************************
  Iter   0, [ 1] :    1.000000e+00
  Iter  20, [ 1] :    9.987461e-01
  Iter  40, [ 1] :    9.984460e-01
  Iter  60, [ 1] :    9.983616e-01
  Iter  80, [ 1] :    9.983140e-01
  Iter 100, [ 1] :    9.982750e-01
  Iter 120, [ 1] :    9.982262e-01
  Iter 140, [ 1] :    9.981724e-01
  Iter 160, [ 1] :    9.981431e-01
  Iter 180, [ 1] :    9.981181e-01
  Iter 200, [ 1] :    9.980790e-01
WARNING: NOX::Direction::Newton::compute() - Linear solve failed to achieve convergence - using the step anyway since "Rescue Bad Newton Solve" is true 

************************************************************************
-- Nonlinear Solver Step 3 -- 
||F|| = 5.059e+05  step = 1.000e+00  dx = 2.438e+02
************************************************************************

  
  *******************************************************
  ***** Belos Iterative Solver:  Block Gmres 
  ***** Maximum Iterations: 200
  ***** Block Size: 1
  ***** Residual Test: 
  *****   Test 1 : Belos::StatusTestImpResNorm<>: (2-Norm Res Vec) / (2-Norm Res0), tol = 1e-08
  *******************************************************
  Iter   0, [ 1] :    1.000000e+00
  Iter  20, [ 1] :    9.999837e-01
  Iter  40, [ 1] :    9.999757e-01
  Iter  60, [ 1] :    9.999714e-01
  Iter  80, [ 1] :    9.999668e-01
  Iter 100, [ 1] :    9.999607e-01
  Iter 120, [ 1] :    9.999492e-01
  Iter 140, [ 1] :    9.999376e-01
  Iter 160, [ 1] :    9.999249e-01
  Iter 180, [ 1] :    9.999005e-01
  Iter 200, [ 1] :    9.998667e-01
WARNING: NOX::Direction::Newton::compute() - Linear solve failed to achieve convergence - using the step anyway since "Rescue Bad Newton Solve" is true 

************************************************************************
-- Nonlinear Solver Step 4 -- 
||F|| = 5.059e+05  step = 1.000e+00  dx = 2.500e+01
************************************************************************

  
  *******************************************************
  ***** Belos Iterative Solver:  Block Gmres 
  ***** Maximum Iterations: 200
  ***** Block Size: 1
  ***** Residual Test: 
  *****   Test 1 : Belos::StatusTestImpResNorm<>: (2-Norm Res Vec) / (2-Norm Res0), tol = 1e-08
  *******************************************************
  Iter   0, [ 1] :    1.000000e+00
  Iter  20, [ 1] :    9.999987e-01
  Iter  40, [ 1] :    9.999982e-01
  Iter  60, [ 1] :    9.999977e-01
  Iter  80, [ 1] :    9.999971e-01
  Iter 100, [ 1] :    9.999968e-01
  Iter 120, [ 1] :    9.999966e-01
  Iter 140, [ 1] :    9.999957e-01
  Iter 160, [ 1] :    9.999933e-01
  Iter 180, [ 1] :    9.999877e-01
  Iter 200, [ 1] :    9.999734e-01
WARNING: NOX::Direction::Newton::compute() - Linear solve failed to achieve convergence - using the step anyway since "Rescue Bad Newton Solve" is true 

************************************************************************
-- Nonlinear Solver Step 5 -- 
||F|| = 5.059e+05  step = 1.000e+00  dx = 1.165e+01
************************************************************************

  
  *******************************************************
  ***** Belos Iterative Solver:  Block Gmres 
  ***** Maximum Iterations: 200
  ***** Block Size: 1
  ***** Residual Test: 
  *****   Test 1 : Belos::StatusTestImpResNorm<>: (2-Norm Res Vec) / (2-Norm Res0), tol = 1e-08
  *******************************************************
  Iter   0, [ 1] :    1.000000e+00
  Iter  20, [ 1] :    1.000000e+00
  Iter  40, [ 1] :    1.000000e+00
  Iter  60, [ 1] :    9.999999e-01
  Iter  80, [ 1] :    9.999999e-01
  Iter 100, [ 1] :    9.999998e-01
  Iter 120, [ 1] :    9.999996e-01
  Iter 140, [ 1] :    9.999988e-01
  Iter 160, [ 1] :    9.999936e-01
  Iter 180, [ 1] :    9.999647e-01
  Iter 200, [ 1] :    9.999415e-01
WARNING: NOX::Direction::Newton::compute() - Linear solve failed to achieve convergence - using the step anyway since "Rescue Bad Newton Solve" is true 

************************************************************************
-- Nonlinear Solver Step 6 -- 
||F|| = 5.058e+05  step = 1.000e+00  dx = 6.844e+00
************************************************************************

  
  *******************************************************
  ***** Belos Iterative Solver:  Block Gmres 
  ***** Maximum Iterations: 200
  ***** Block Size: 1
  ***** Residual Test: 
  *****   Test 1 : Belos::StatusTestImpResNorm<>: (2-Norm Res Vec) / (2-Norm Res0), tol = 1e-08
  *******************************************************
  Iter   0, [ 1] :    1.000000e+00
  Iter  20, [ 1] :    1.000000e+00
  Iter  40, [ 1] :    9.999999e-01
  Iter  60, [ 1] :    9.999998e-01
  Iter  80, [ 1] :    9.999998e-01
  Iter 100, [ 1] :    9.999998e-01
  Iter 120, [ 1] :    9.999996e-01
  Iter 140, [ 1] :    9.999988e-01
  Iter 160, [ 1] :    9.999980e-01
  Iter 180, [ 1] :    9.999960e-01
  Iter 200, [ 1] :    9.999834e-01
WARNING: NOX::Direction::Newton::compute() - Linear solve failed to achieve convergence - using the step anyway since "Rescue Bad Newton Solve" is true 

************************************************************************
-- Nonlinear Solver Step 7 -- 
||F|| = 5.058e+05  step = 1.000e+00  dx = 7.212e-01
************************************************************************

  
  *******************************************************
  ***** Belos Iterative Solver:  Block Gmres 
  ***** Maximum Iterations: 200
  ***** Block Size: 1
  ***** Residual Test: 
  *****   Test 1 : Belos::StatusTestImpResNorm<>: (2-Norm Res Vec) / (2-Norm Res0), tol = 1e-08
  *******************************************************
  Iter   0, [ 1] :    1.000000e+00
  Iter  20, [ 1] :    1.000000e+00
  Iter  40, [ 1] :    1.000000e+00
  Iter  60, [ 1] :    9.999999e-01
  Iter  80, [ 1] :    9.999996e-01
  Iter 100, [ 1] :    9.999992e-01
  Iter 120, [ 1] :    9.999991e-01
  Iter 140, [ 1] :    9.999986e-01
  Iter 160, [ 1] :    9.999982e-01
  Iter 180, [ 1] :    9.999956e-01
  Iter 200, [ 1] :    9.999634e-01
WARNING: NOX::Direction::Newton::compute() - Linear solve failed to achieve convergence - using the step anyway since "Rescue Bad Newton Solve" is true 

************************************************************************
-- Nonlinear Solver Step 8 -- 
||F|| = 5.058e+05  step = 1.000e+00  dx = 1.789e+00
************************************************************************

  
  *******************************************************
  ***** Belos Iterative Solver:  Block Gmres 
  ***** Maximum Iterations: 200
  ***** Block Size: 1
  ***** Residual Test: 
  *****   Test 1 : Belos::StatusTestImpResNorm<>: (2-Norm Res Vec) / (2-Norm Res0), tol = 1e-08
  *******************************************************
  Iter   0, [ 1] :    1.000000e+00
  Iter  20, [ 1] :    1.000000e+00
  Iter  40, [ 1] :    9.999999e-01
  Iter  60, [ 1] :    9.999999e-01
  Iter  80, [ 1] :    9.999999e-01
  Iter 100, [ 1] :    9.999998e-01
  Iter 120, [ 1] :    9.999997e-01
  Iter 140, [ 1] :    9.999996e-01
  Iter 160, [ 1] :    9.999992e-01
  Iter 180, [ 1] :    9.999987e-01
  Iter 200, [ 1] :    9.999876e-01
WARNING: NOX::Direction::Newton::compute() - Linear solve failed to achieve convergence - using the step anyway since "Rescue Bad Newton Solve" is true 

************************************************************************
-- Nonlinear Solver Step 9 -- 
||F|| = 5.058e+05  step = 1.000e+00  dx = 1.841e+00
************************************************************************

  
  *******************************************************
  ***** Belos Iterative Solver:  Block Gmres 
  ***** Maximum Iterations: 200
  ***** Block Size: 1
  ***** Residual Test: 
  *****   Test 1 : Belos::StatusTestImpResNorm<>: (2-Norm Res Vec) / (2-Norm Res0), tol = 1e-08
  *******************************************************
  Iter   0, [ 1] :    1.000000e+00
  Iter  20, [ 1] :    1.000000e+00
  Iter  40, [ 1] :    9.999999e-01
  Iter  60, [ 1] :    9.999999e-01
  Iter  80, [ 1] :    9.999999e-01
  Iter 100, [ 1] :    9.999998e-01
  Iter 120, [ 1] :    9.999997e-01
  Iter 140, [ 1] :    9.999997e-01
  Iter 160, [ 1] :    9.999995e-01
  Iter 180, [ 1] :    9.999985e-01
  Iter 200, [ 1] :    9.999659e-01
WARNING: NOX::Direction::Newton::compute() - Linear solve failed to achieve convergence - using the step anyway since "Rescue Bad Newton Solve" is true 

************************************************************************
-- Nonlinear Solver Step 10 -- 
||F|| = 5.058e+05  step = 1.000e+00  dx = 4.273e+00
************************************************************************

  
  *******************************************************
  ***** Belos Iterative Solver:  Block Gmres 
  ***** Maximum Iterations: 200
  ***** Block Size: 1
  ***** Residual Test: 
  *****   Test 1 : Belos::StatusTestImpResNorm<>: (2-Norm Res Vec) / (2-Norm Res0), tol = 1e-08
  *******************************************************
  Iter   0, [ 1] :    1.000000e+00
  Iter  20, [ 1] :    1.000000e+00
  Iter  40, [ 1] :    1.000000e+00
  Iter  60, [ 1] :    9.999999e-01
  Iter  80, [ 1] :    9.999999e-01
  Iter 100, [ 1] :    9.999998e-01
  Iter 120, [ 1] :    9.999992e-01
  Iter 140, [ 1] :    9.999988e-01
  Iter 160, [ 1] :    9.999982e-01
  Iter 180, [ 1] :    9.999966e-01
  Iter 200, [ 1] :    9.999949e-01
WARNING: NOX::Direction::Newton::compute() - Linear solve failed to achieve convergence - using the step anyway since "Rescue Bad Newton Solve" is true 

************************************************************************
-- Nonlinear Solver Step 11 -- 
||F|| = 5.058e+05  step = 1.000e+00  dx = 1.576e+00
************************************************************************

  
  *******************************************************
  ***** Belos Iterative Solver:  Block Gmres 
  ***** Maximum Iterations: 200
  ***** Block Size: 1
  ***** Residual Test: 
  *****   Test 1 : Belos::StatusTestImpResNorm<>: (2-Norm Res Vec) / (2-Norm Res0), tol = 1e-08
  *******************************************************
  Iter   0, [ 1] :    1.000000e+00
  Iter  20, [ 1] :    1.000000e+00
  Iter  40, [ 1] :    1.000000e+00
  Iter  60, [ 1] :    1.000000e+00
  Iter  80, [ 1] :    9.999999e-01
  Iter 100, [ 1] :    9.999997e-01
  Iter 120, [ 1] :    9.999996e-01
  Iter 140, [ 1] :    9.999995e-01
  Iter 160, [ 1] :    9.999991e-01
  Iter 180, [ 1] :    9.999979e-01
  Iter 200, [ 1] :    9.999968e-01
WARNING: NOX::Direction::Newton::compute() - Linear solve failed to achieve convergence - using the step anyway since "Rescue Bad Newton Solve" is true 

************************************************************************
-- Nonlinear Solver Step 12 -- 
||F|| = 5.058e+05  step = 1.000e+00  dx = 1.322e+00
************************************************************************

  
  *******************************************************
  ***** Belos Iterative Solver:  Block Gmres 
  ***** Maximum Iterations: 200
  ***** Block Size: 1
  ***** Residual Test: 
  *****   Test 1 : Belos::StatusTestImpResNorm<>: (2-Norm Res Vec) / (2-Norm Res0), tol = 1e-08
  *******************************************************
  Iter   0, [ 1] :    1.000000e+00
  Iter  20, [ 1] :    1.000000e+00
  Iter  40, [ 1] :    1.000000e+00
  Iter  60, [ 1] :    1.000000e+00
  Iter  80, [ 1] :    9.999999e-01
  Iter 100, [ 1] :    9.999998e-01
  Iter 120, [ 1] :    9.999997e-01
  Iter 140, [ 1] :    9.999995e-01
  Iter 160, [ 1] :    9.999992e-01
  Iter 180, [ 1] :    9.999988e-01
  Iter 200, [ 1] :    9.999984e-01
WARNING: NOX::Direction::Newton::compute() - Linear solve failed to achieve convergence - using the step anyway since "Rescue Bad Newton Solve" is true 

************************************************************************
-- Nonlinear Solver Step 13 -- 
||F|| = 5.058e+05  step = 1.000e+00  dx = 1.258e+00
************************************************************************

  
  *******************************************************
  ***** Belos Iterative Solver:  Block Gmres 
  ***** Maximum Iterations: 200
  ***** Block Size: 1
  ***** Residual Test: 
  *****   Test 1 : Belos::StatusTestImpResNorm<>: (2-Norm Res Vec) / (2-Norm Res0), tol = 1e-08
  *******************************************************
  Iter   0, [ 1] :    1.000000e+00
  Iter  20, [ 1] :    9.999999e-01
  Iter  40, [ 1] :    9.999997e-01
  Iter  60, [ 1] :    9.999994e-01
  Iter  80, [ 1] :    9.999991e-01
  Iter 100, [ 1] :    9.999990e-01
  Iter 120, [ 1] :    9.999989e-01
  Iter 140, [ 1] :    9.999989e-01
  Iter 160, [ 1] :    9.999988e-01
  Iter 180, [ 1] :    9.999982e-01
  Iter 200, [ 1] :    9.999853e-01
WARNING: NOX::Direction::Newton::compute() - Linear solve failed to achieve convergence - using the step anyway since "Rescue Bad Newton Solve" is true 

************************************************************************
-- Nonlinear Solver Step 14 -- 
||F|| = 5.058e+05  step = 1.000e+00  dx = 8.471e+00
************************************************************************

  
  *******************************************************
  ***** Belos Iterative Solver:  Block Gmres 
  ***** Maximum Iterations: 200
  ***** Block Size: 1
  ***** Residual Test: 
  *****   Test 1 : Belos::StatusTestImpResNorm<>: (2-Norm Res Vec) / (2-Norm Res0), tol = 1e-08
  *******************************************************
  Iter   0, [ 1] :    1.000000e+00
  Iter  20, [ 1] :    9.999996e-01
  Iter  40, [ 1] :    9.999994e-01
  Iter  60, [ 1] :    9.999993e-01
  Iter  80, [ 1] :    9.999992e-01
  Iter 100, [ 1] :    9.999991e-01
  Iter 120, [ 1] :    9.999990e-01
  Iter 140, [ 1] :    9.999990e-01
  Iter 160, [ 1] :    9.999988e-01
  Iter 180, [ 1] :    9.999979e-01
  Iter 200, [ 1] :    9.999945e-01
WARNING: NOX::Direction::Newton::compute() - Linear solve failed to achieve convergence - using the step anyway since "Rescue Bad Newton Solve" is true 

************************************************************************
-- Nonlinear Solver Step 15 -- 
||F|| = 5.058e+05  step = 1.000e+00  dx = 5.487e+00
************************************************************************

  
  *******************************************************
  ***** Belos Iterative Solver:  Block Gmres 
  ***** Maximum Iterations: 200
  ***** Block Size: 1
  ***** Residual Test: 
  *****   Test 1 : Belos::StatusTestImpResNorm<>: (2-Norm Res Vec) / (2-Norm Res0), tol = 1e-08
  *******************************************************
  Iter   0, [ 1] :    1.000000e+00
  Iter  20, [ 1] :    9.999999e-01
  Iter  40, [ 1] :    9.999998e-01
  Iter  60, [ 1] :    9.999998e-01
  Iter  80, [ 1] :    9.999998e-01
  Iter 100, [ 1] :    9.999997e-01
  Iter 120, [ 1] :    9.999997e-01
  Iter 140, [ 1] :    9.999997e-01
  Iter 160, [ 1] :    9.999995e-01
  Iter 180, [ 1] :    9.999990e-01
  Iter 200, [ 1] :    9.999972e-01
WARNING: NOX::Direction::Newton::compute() - Linear solve failed to achieve convergence - using the step anyway since "Rescue Bad Newton Solve" is true 

************************************************************************
-- Nonlinear Solver Step 16 -- 
||F|| = 5.057e+05  step = 1.000e+00  dx = 3.446e+00
************************************************************************

  
  *******************************************************
  ***** Belos Iterative Solver:  Block Gmres 
  ***** Maximum Iterations: 200
  ***** Block Size: 1
  ***** Residual Test: 
  *****   Test 1 : Belos::StatusTestImpResNorm<>: (2-Norm Res Vec) / (2-Norm Res0), tol = 1e-08
  *******************************************************
  Iter   0, [ 1] :    1.000000e+00
  Iter  20, [ 1] :    9.999999e-01
  Iter  40, [ 1] :    9.999999e-01
  Iter  60, [ 1] :    9.999998e-01
  Iter  80, [ 1] :    9.999996e-01
  Iter 100, [ 1] :    9.999996e-01
  Iter 120, [ 1] :    9.999996e-01
  Iter 140, [ 1] :    9.999994e-01
  Iter 160, [ 1] :    9.999993e-01
  Iter 180, [ 1] :    9.999989e-01
  Iter 200, [ 1] :    9.999986e-01
WARNING: NOX::Direction::Newton::compute() - Linear solve failed to achieve convergence - using the step anyway since "Rescue Bad Newton Solve" is true 

************************************************************************
-- Nonlinear Solver Step 17 -- 
||F|| = 5.057e+05  step = 1.000e+00  dx = 3.074e+00
************************************************************************

  
  *******************************************************
  ***** Belos Iterative Solver:  Block Gmres 
  ***** Maximum Iterations: 200
  ***** Block Size: 1
  ***** Residual Test: 
  *****   Test 1 : Belos::StatusTestImpResNorm<>: (2-Norm Res Vec) / (2-Norm Res0), tol = 1e-08
  *******************************************************
  Iter   0, [ 1] :    1.000000e+00
  Iter  20, [ 1] :    1.000000e+00
  Iter  40, [ 1] :    1.000000e+00
  Iter  60, [ 1] :    9.999999e-01
  Iter  80, [ 1] :    9.999997e-01
  Iter 100, [ 1] :    9.999995e-01
  Iter 120, [ 1] :    9.999995e-01
  Iter 140, [ 1] :    9.999994e-01
  Iter 160, [ 1] :    9.999994e-01
  Iter 180, [ 1] :    9.999993e-01
  Iter 200, [ 1] :    9.999988e-01
WARNING: NOX::Direction::Newton::compute() - Linear solve failed to achieve convergence - using the step anyway since "Rescue Bad Newton Solve" is true 

************************************************************************
-- Nonlinear Solver Step 18 -- 
||F|| = 5.057e+05  step = 1.000e+00  dx = 2.043e+00
************************************************************************

  
  *******************************************************
  ***** Belos Iterative Solver:  Block Gmres 
  ***** Maximum Iterations: 200
  ***** Block Size: 1
  ***** Residual Test: 
  *****   Test 1 : Belos::StatusTestImpResNorm<>: (2-Norm Res Vec) / (2-Norm Res0), tol = 1e-08
  *******************************************************
  Iter   0, [ 1] :    1.000000e+00
  Iter  20, [ 1] :    9.999999e-01
  Iter  40, [ 1] :    9.999999e-01
  Iter  60, [ 1] :    9.999998e-01
  Iter  80, [ 1] :    9.999998e-01
  Iter 100, [ 1] :    9.999998e-01
  Iter 120, [ 1] :    9.999997e-01
  Iter 140, [ 1] :    9.999997e-01
  Iter 160, [ 1] :    9.999995e-01
  Iter 180, [ 1] :    9.999992e-01
  Iter 200, [ 1] :    9.999984e-01
WARNING: NOX::Direction::Newton::compute() - Linear solve failed to achieve convergence - using the step anyway since "Rescue Bad Newton Solve" is true 

************************************************************************
-- Nonlinear Solver Step 19 -- 
||F|| = 5.057e+05  step = 1.000e+00  dx = 2.929e+00
************************************************************************

  
  *******************************************************
  ***** Belos Iterative Solver:  Block Gmres 
  ***** Maximum Iterations: 200
  ***** Block Size: 1
  ***** Residual Test: 
  *****   Test 1 : Belos::StatusTestImpResNorm<>: (2-Norm Res Vec) / (2-Norm Res0), tol = 1e-08
  *******************************************************
  Iter   0, [ 1] :    1.000000e+00
  Iter  20, [ 1] :    1.000000e+00
  Iter  40, [ 1] :    9.999999e-01
  Iter  60, [ 1] :    9.999998e-01
  Iter  80, [ 1] :    9.999997e-01
  Iter 100, [ 1] :    9.999996e-01
  Iter 120, [ 1] :    9.999996e-01
  Iter 140, [ 1] :    9.999995e-01
  Iter 160, [ 1] :    9.999994e-01
  Iter 180, [ 1] :    9.999992e-01
  Iter 200, [ 1] :    9.999986e-01
WARNING: NOX::Direction::Newton::compute() - Linear solve failed to achieve convergence - using the step anyway since "Rescue Bad Newton Solve" is true 

************************************************************************
-- Nonlinear Solver Step 20 -- 
||F|| = 5.057e+05  step = 1.000e+00  dx = 2.639e+00
************************************************************************

  
  *******************************************************
  ***** Belos Iterative Solver:  Block Gmres 
  ***** Maximum Iterations: 200
  ***** Block Size: 1
  ***** Residual Test: 
  *****   Test 1 : Belos::StatusTestImpResNorm<>: (2-Norm Res Vec) / (2-Norm Res0), tol = 1e-08
  *******************************************************
  Iter   0, [ 1] :    1.000000e+00
  Iter  20, [ 1] :    9.999999e-01
  Iter  40, [ 1] :    9.999999e-01
  Iter  60, [ 1] :    9.999999e-01
  Iter  80, [ 1] :    9.999998e-01
  Iter 100, [ 1] :    9.999998e-01
  Iter 120, [ 1] :    9.999997e-01
  Iter 140, [ 1] :    9.999997e-01
  Iter 160, [ 1] :    9.999997e-01
  Iter 180, [ 1] :    9.999994e-01
  Iter 200, [ 1] :    9.999987e-01
WARNING: NOX::Direction::Newton::compute() - Linear solve failed to achieve convergence - using the step anyway since "Rescue Bad Newton Solve" is true 

************************************************************************
-- Nonlinear Solver Step 21 -- 
||F|| = 5.057e+05  step = 1.000e+00  dx = 2.303e+00
************************************************************************

  
  *******************************************************
  ***** Belos Iterative Solver:  Block Gmres 
  ***** Maximum Iterations: 200
  ***** Block Size: 1
  ***** Residual Test: 
  *****   Test 1 : Belos::StatusTestImpResNorm<>: (2-Norm Res Vec) / (2-Norm Res0), tol = 1e-08
  *******************************************************
  Iter   0, [ 1] :    1.000000e+00
  Iter  20, [ 1] :    9.999998e-01
  Iter  40, [ 1] :    9.999998e-01
  Iter  60, [ 1] :    9.999998e-01
  Iter  80, [ 1] :    9.999997e-01
  Iter 100, [ 1] :    9.999997e-01
  Iter 120, [ 1] :    9.999997e-01
  Iter 140, [ 1] :    9.999997e-01
  Iter 160, [ 1] :    9.999997e-01
  Iter 180, [ 1] :    9.999994e-01
  Iter 200, [ 1] :    9.999988e-01
WARNING: NOX::Direction::Newton::compute() - Linear solve failed to achieve convergence - using the step anyway since "Rescue Bad Newton Solve" is true 

************************************************************************
-- Nonlinear Solver Step 22 -- 
||F|| = 5.057e+05  step = 1.000e+00  dx = 3.049e+00
************************************************************************

  
  *******************************************************
  ***** Belos Iterative Solver:  Block Gmres 
  ***** Maximum Iterations: 200
  ***** Block Size: 1
  ***** Residual Test: 
  *****   Test 1 : Belos::StatusTestImpResNorm<>: (2-Norm Res Vec) / (2-Norm Res0), tol = 1e-08
  *******************************************************
  Iter   0, [ 1] :    1.000000e+00
  Iter  20, [ 1] :    9.999999e-01
  Iter  40, [ 1] :    9.999999e-01
  Iter  60, [ 1] :    9.999998e-01
  Iter  80, [ 1] :    9.999998e-01
  Iter 100, [ 1] :    9.999998e-01
  Iter 120, [ 1] :    9.999997e-01
  Iter 140, [ 1] :    9.999996e-01
  Iter 160, [ 1] :    9.999995e-01
  Iter 180, [ 1] :    9.999995e-01
  Iter 200, [ 1] :    9.999981e-01
WARNING: NOX::Direction::Newton::compute() - Linear solve failed to achieve convergence - using the step anyway since "Rescue Bad Newton Solve" is true 

************************************************************************
-- Nonlinear Solver Step 23 -- 
||F|| = 5.057e+05  step = 1.000e+00  dx = 2.226e+00
************************************************************************

  
  *******************************************************
  ***** Belos Iterative Solver:  Block Gmres 
  ***** Maximum Iterations: 200
  ***** Block Size: 1
  ***** Residual Test: 
  *****   Test 1 : Belos::StatusTestImpResNorm<>: (2-Norm Res Vec) / (2-Norm Res0), tol = 1e-08
  *******************************************************
  Iter   0, [ 1] :    1.000000e+00
  Iter  20, [ 1] :    9.999999e-01
  Iter  40, [ 1] :    9.999998e-01
  Iter  60, [ 1] :    9.999998e-01
  Iter  80, [ 1] :    9.999997e-01
  Iter 100, [ 1] :    9.999997e-01
  Iter 120, [ 1] :    9.999996e-01
  Iter 140, [ 1] :    9.999994e-01
  Iter 160, [ 1] :    9.999993e-01
  Iter 180, [ 1] :    9.999992e-01
  Iter 200, [ 1] :    9.999981e-01
WARNING: NOX::Direction::Newton::compute() - Linear solve failed to achieve convergence - using the step anyway since "Rescue Bad Newton Solve" is true 

************************************************************************
-- Nonlinear Solver Step 24 -- 
||F|| = 5.057e+05  step = 1.000e+00  dx = 3.068e+00
************************************************************************

  
  *******************************************************
  ***** Belos Iterative Solver:  Block Gmres 
  ***** Maximum Iterations: 200
  ***** Block Size: 1
  ***** Residual Test: 
  *****   Test 1 : Belos::StatusTestImpResNorm<>: (2-Norm Res Vec) / (2-Norm Res0), tol = 1e-08
  *******************************************************
  Iter   0, [ 1] :    1.000000e+00
  Iter  20, [ 1] :    9.999999e-01
  Iter  40, [ 1] :    9.999999e-01
  Iter  60, [ 1] :    9.999998e-01
  Iter  80, [ 1] :    9.999998e-01
  Iter 100, [ 1] :    9.999997e-01
  Iter 120, [ 1] :    9.999996e-01
  Iter 140, [ 1] :    9.999994e-01
  Iter 160, [ 1] :    9.999993e-01
  Iter 180, [ 1] :    9.999991e-01
  Iter 200, [ 1] :    9.999988e-01
WARNING: NOX::Direction::Newton::compute() - Linear solve failed to achieve convergence - using the step anyway since "Rescue Bad Newton Solve" is true 

************************************************************************
-- Nonlinear Solver Step 25 -- 
||F|| = 5.057e+05  step = 1.000e+00  dx = 2.332e+00
************************************************************************

  
  *******************************************************
  ***** Belos Iterative Solver:  Block Gmres 
  ***** Maximum Iterations: 200
  ***** Block Size: 1
  ***** Residual Test: 
  *****   Test 1 : Belos::StatusTestImpResNorm<>: (2-Norm Res Vec) / (2-Norm Res0), tol = 1e-08
  *******************************************************
  Iter   0, [ 1] :    1.000000e+00
  Iter  20, [ 1] :    9.999999e-01
  Iter  40, [ 1] :    9.999999e-01
  Iter  60, [ 1] :    9.999997e-01
  Iter  80, [ 1] :    9.999995e-01
  Iter 100, [ 1] :    9.999995e-01
  Iter 120, [ 1] :    9.999994e-01
  Iter 140, [ 1] :    9.999993e-01
  Iter 160, [ 1] :    9.999993e-01
  Iter 180, [ 1] :    9.999992e-01
  Iter 200, [ 1] :    9.999984e-01
WARNING: NOX::Direction::Newton::compute() - Linear solve failed to achieve convergence - using the step anyway since "Rescue Bad Newton Solve" is true 

************************************************************************
-- Nonlinear Solver Step 26 -- 
||F|| = 5.057e+05  step = 1.000e+00  dx = 3.574e+00
************************************************************************

  
  *******************************************************
  ***** Belos Iterative Solver:  Block Gmres 
  ***** Maximum Iterations: 200
  ***** Block Size: 1
  ***** Residual Test: 
  *****   Test 1 : Belos::StatusTestImpResNorm<>: (2-Norm Res Vec) / (2-Norm Res0), tol = 1e-08
  *******************************************************
  Iter   0, [ 1] :    1.000000e+00
  Iter  20, [ 1] :    9.999998e-01
  Iter  40, [ 1] :    9.999995e-01
  Iter  60, [ 1] :    9.999992e-01
  Iter  80, [ 1] :    9.999990e-01
  Iter 100, [ 1] :    9.999988e-01
  Iter 120, [ 1] :    9.999987e-01
  Iter 140, [ 1] :    9.999985e-01
  Iter 160, [ 1] :    9.999985e-01
  Iter 180, [ 1] :    9.999983e-01
  Iter 200, [ 1] :    9.999979e-01
WARNING: NOX::Direction::Newton::compute() - Linear solve failed to achieve convergence - using the step anyway since "Rescue Bad Newton Solve" is true 

************************************************************************
-- Nonlinear Solver Step 27 -- 
||F|| = 5.057e+05  step = 1.000e+00  dx = 5.223e+00
************************************************************************

  
  *******************************************************
  ***** Belos Iterative Solver:  Block Gmres 
  ***** Maximum Iterations: 200
  ***** Block Size: 1
  ***** Residual Test: 
  *****   Test 1 : Belos::StatusTestImpResNorm<>: (2-Norm Res Vec) / (2-Norm Res0), tol = 1e-08
  *******************************************************
  Iter   0, [ 1] :    1.000000e+00
  Iter  20, [ 1] :    9.999996e-01
  Iter  40, [ 1] :    9.999994e-01
  Iter  60, [ 1] :    9.999993e-01
  Iter  80, [ 1] :    9.999991e-01
  Iter 100, [ 1] :    9.999990e-01
  Iter 120, [ 1] :    9.999989e-01
  Iter 140, [ 1] :    9.999988e-01
  Iter 160, [ 1] :    9.999988e-01
  Iter 180, [ 1] :    9.999987e-01
  Iter 200, [ 1] :    9.999985e-01
WARNING: NOX::Direction::Newton::compute() - Linear solve failed to achieve convergence - using the step anyway since "Rescue Bad Newton Solve" is true 

************************************************************************
-- Nonlinear Solver Step 28 -- 
||F|| = 5.057e+05  step = 1.000e+00  dx = 5.409e+00
************************************************************************

  
  *******************************************************
  ***** Belos Iterative Solver:  Block Gmres 
  ***** Maximum Iterations: 200
  ***** Block Size: 1
  ***** Residual Test: 
  *****   Test 1 : Belos::StatusTestImpResNorm<>: (2-Norm Res Vec) / (2-Norm Res0), tol = 1e-08
  *******************************************************
  Iter   0, [ 1] :    1.000000e+00
  Iter  20, [ 1] :    9.999997e-01
  Iter  40, [ 1] :    9.999996e-01
  Iter  60, [ 1] :    9.999996e-01
  Iter  80, [ 1] :    9.999996e-01
  Iter 100, [ 1] :    9.999995e-01
  Iter 120, [ 1] :    9.999995e-01
  Iter 140, [ 1] :    9.999994e-01
  Iter 160, [ 1] :    9.999993e-01
  Iter 180, [ 1] :    9.999992e-01
  Iter 200, [ 1] :    9.999991e-01
WARNING: NOX::Direction::Newton::compute() - Linear solve failed to achieve convergence - using the step anyway since "Rescue Bad Newton Solve" is true 

************************************************************************
-- Nonlinear Solver Step 29 -- 
||F|| = 5.057e+05  step = 1.000e+00  dx = 3.842e+00
************************************************************************

  
  *******************************************************
  ***** Belos Iterative Solver:  Block Gmres 
  ***** Maximum Iterations: 200
  ***** Block Size: 1
  ***** Residual Test: 
  *****   Test 1 : Belos::StatusTestImpResNorm<>: (2-Norm Res Vec) / (2-Norm Res0), tol = 1e-08
  *******************************************************
  Iter   0, [ 1] :    1.000000e+00
  Iter  20, [ 1] :    9.999999e-01
  Iter  40, [ 1] :    9.999998e-01
  Iter  60, [ 1] :    9.999996e-01
  Iter  80, [ 1] :    9.999994e-01
  Iter 100, [ 1] :    9.999994e-01
  Iter 120, [ 1] :    9.999994e-01
  Iter 140, [ 1] :    9.999993e-01
  Iter 160, [ 1] :    9.999993e-01
  Iter 180, [ 1] :    9.999992e-01
  Iter 200, [ 1] :    9.999975e-01
WARNING: NOX::Direction::Newton::compute() - Linear solve failed to achieve convergence - using the step anyway since "Rescue Bad Newton Solve" is true 

************************************************************************
-- Nonlinear Solver Step 30 -- 
||F|| = 5.057e+05  step = 1.000e+00  dx = 4.193e+00
************************************************************************

  
  *******************************************************
  ***** Belos Iterative Solver:  Block Gmres 
  ***** Maximum Iterations: 200
  ***** Block Size: 1
  ***** Residual Test: 
  *****   Test 1 : Belos::StatusTestImpResNorm<>: (2-Norm Res Vec) / (2-Norm Res0), tol = 1e-08
  *******************************************************
  Iter   0, [ 1] :    1.000000e+00
  Iter  20, [ 1] :    1.000000e+00
  Iter  40, [ 1] :    1.000000e+00
  Iter  60, [ 1] :    1.000000e+00
  Iter  80, [ 1] :    9.999999e-01
  Iter 100, [ 1] :    9.999998e-01
  Iter 120, [ 1] :    9.999998e-01
  Iter 140, [ 1] :    9.999997e-01
  Iter 160, [ 1] :    9.999996e-01
  Iter 180, [ 1] :    9.999995e-01
  Iter 200, [ 1] :    9.999992e-01
WARNING: NOX::Direction::Newton::compute() - Linear solve failed to achieve convergence - using the step anyway since "Rescue Bad Newton Solve" is true 

************************************************************************
-- Nonlinear Solver Step 31 -- 
||F|| = 5.057e+05  step = 1.000e+00  dx = 5.918e-01
************************************************************************

  
  *******************************************************
  ***** Belos Iterative Solver:  Block Gmres 
  ***** Maximum Iterations: 200
  ***** Block Size: 1
  ***** Residual Test: 
  *****   Test 1 : Belos::StatusTestImpResNorm<>: (2-Norm Res Vec) / (2-Norm Res0), tol = 1e-08
  *******************************************************
  Iter   0, [ 1] :    1.000000e+00
  Iter  20, [ 1] :    1.000000e+00
  Iter  40, [ 1] :    9.999999e-01
  Iter  60, [ 1] :    9.999998e-01
  Iter  80, [ 1] :    9.999997e-01
  Iter 100, [ 1] :    9.999997e-01
  Iter 120, [ 1] :    9.999996e-01
  Iter 140, [ 1] :    9.999996e-01
  Iter 160, [ 1] :    9.999996e-01
  Iter 180, [ 1] :    9.999993e-01
  Iter 200, [ 1] :    9.999988e-01
WARNING: NOX::Direction::Newton::compute() - Linear solve failed to achieve convergence - using the step anyway since "Rescue Bad Newton Solve" is true 

************************************************************************
-- Nonlinear Solver Step 32 -- 
||F|| = 5.057e+05  step = 1.000e+00  dx = 2.465e+00
************************************************************************

  
  *******************************************************
  ***** Belos Iterative Solver:  Block Gmres 
  ***** Maximum Iterations: 200
  ***** Block Size: 1
  ***** Residual Test: 
  *****   Test 1 : Belos::StatusTestImpResNorm<>: (2-Norm Res Vec) / (2-Norm Res0), tol = 1e-08
  *******************************************************
  Iter   0, [ 1] :    1.000000e+00
  Iter  20, [ 1] :    9.999999e-01
  Iter  40, [ 1] :    9.999999e-01
  Iter  60, [ 1] :    9.999998e-01
  Iter  80, [ 1] :    9.999998e-01
  Iter 100, [ 1] :    9.999998e-01
  Iter 120, [ 1] :    9.999998e-01
  Iter 140, [ 1] :    9.999997e-01
  Iter 160, [ 1] :    9.999997e-01
  Iter 180, [ 1] :    9.999995e-01
  Iter 200, [ 1] :    9.999992e-01
WARNING: NOX::Direction::Newton::compute() - Linear solve failed to achieve convergence - using the step anyway since "Rescue Bad Newton Solve" is true 

************************************************************************
-- Nonlinear Solver Step 33 -- 
||F|| = 5.057e+05  step = 1.000e+00  dx = 2.465e+00
************************************************************************

  
  *******************************************************
  ***** Belos Iterative Solver:  Block Gmres 
  ***** Maximum Iterations: 200
  ***** Block Size: 1
  ***** Residual Test: 
  *****   Test 1 : Belos::StatusTestImpResNorm<>: (2-Norm Res Vec) / (2-Norm Res0), tol = 1e-08
  *******************************************************
  Iter   0, [ 1] :    1.000000e+00
  Iter  20, [ 1] :    9.999999e-01
  Iter  40, [ 1] :    9.999999e-01
  Iter  60, [ 1] :    9.999998e-01
  Iter  80, [ 1] :    9.999997e-01
  Iter 100, [ 1] :    9.999995e-01
  Iter 120, [ 1] :    9.999994e-01
  Iter 140, [ 1] :    9.999993e-01
  Iter 160, [ 1] :    9.999993e-01
  Iter 180, [ 1] :    9.999991e-01
  Iter 200, [ 1] :    9.999988e-01
WARNING: NOX::Direction::Newton::compute() - Linear solve failed to achieve convergence - using the step anyway since "Rescue Bad Newton Solve" is true 

************************************************************************
-- Nonlinear Solver Step 34 -- 
||F|| = 5.057e+05  step = 1.000e+00  dx = 2.899e+00
************************************************************************

  
  *******************************************************
  ***** Belos Iterative Solver:  Block Gmres 
  ***** Maximum Iterations: 200
  ***** Block Size: 1
  ***** Residual Test: 
  *****   Test 1 : Belos::StatusTestImpResNorm<>: (2-Norm Res Vec) / (2-Norm Res0), tol = 1e-08
  *******************************************************
  Iter   0, [ 1] :    1.000000e+00
  Iter  20, [ 1] :    9.999999e-01
  Iter  40, [ 1] :    9.999999e-01
  Iter  60, [ 1] :    9.999999e-01
  Iter  80, [ 1] :    9.999998e-01
  Iter 100, [ 1] :    9.999997e-01
  Iter 120, [ 1] :    9.999997e-01
  Iter 140, [ 1] :    9.999995e-01
  Iter 160, [ 1] :    9.999994e-01
  Iter 180, [ 1] :    9.999993e-01
  Iter 200, [ 1] :    9.999990e-01
WARNING: NOX::Direction::Newton::compute() - Linear solve failed to achieve convergence - using the step anyway since "Rescue Bad Newton Solve" is true 

************************************************************************
-- Nonlinear Solver Step 35 -- 
||F|| = 5.057e+05  step = 1.000e+00  dx = 2.294e+00
************************************************************************

  
  *******************************************************
  ***** Belos Iterative Solver:  Block Gmres 
  ***** Maximum Iterations: 200
  ***** Block Size: 1
  ***** Residual Test: 
  *****   Test 1 : Belos::StatusTestImpResNorm<>: (2-Norm Res Vec) / (2-Norm Res0), tol = 1e-08
  *******************************************************
  Iter   0, [ 1] :    1.000000e+00
  Iter  20, [ 1] :    9.999998e-01
  Iter  40, [ 1] :    9.999997e-01
  Iter  60, [ 1] :    9.999996e-01
  Iter  80, [ 1] :    9.999995e-01
  Iter 100, [ 1] :    9.999995e-01
  Iter 120, [ 1] :    9.999995e-01
  Iter 140, [ 1] :    9.999995e-01
  Iter 160, [ 1] :    9.999994e-01
  Iter 180, [ 1] :    9.999993e-01
  Iter 200, [ 1] :    9.999993e-01
WARNING: NOX::Direction::Newton::compute() - Linear solve failed to achieve convergence - using the step anyway since "Rescue Bad Newton Solve" is true 

************************************************************************
-- Nonlinear Solver Step 36 -- 
||F|| = 5.057e+05  step = 1.000e+00  dx = 4.104e+00
************************************************************************

  
  *******************************************************
  ***** Belos Iterative Solver:  Block Gmres 
  ***** Maximum Iterations: 200
  ***** Block Size: 1
  ***** Residual Test: 
  *****   Test 1 : Belos::StatusTestImpResNorm<>: (2-Norm Res Vec) / (2-Norm Res0), tol = 1e-08
  *******************************************************
  Iter   0, [ 1] :    1.000000e+00
  Iter  20, [ 1] :    9.999999e-01
  Iter  40, [ 1] :    9.999999e-01
  Iter  60, [ 1] :    9.999999e-01
  Iter  80, [ 1] :    9.999998e-01
  Iter 100, [ 1] :    9.999998e-01
  Iter 120, [ 1] :    9.999998e-01
  Iter 140, [ 1] :    9.999997e-01
  Iter 160, [ 1] :    9.999997e-01
  Iter 180, [ 1] :    9.999995e-01
  Iter 200, [ 1] :    9.999993e-01
WARNING: NOX::Direction::Newton::compute() - Linear solve failed to achieve convergence - using the step anyway since "Rescue Bad Newton Solve" is true 

************************************************************************
-- Nonlinear Solver Step 37 -- 
||F|| = 5.057e+05  step = 1.000e+00  dx = 2.396e+00
************************************************************************

  
  *******************************************************
  ***** Belos Iterative Solver:  Block Gmres 
  ***** Maximum Iterations: 200
  ***** Block Size: 1
  ***** Residual Test: 
  *****   Test 1 : Belos::StatusTestImpResNorm<>: (2-Norm Res Vec) / (2-Norm Res0), tol = 1e-08
  *******************************************************
  Iter   0, [ 1] :    1.000000e+00
  Iter  20, [ 1] :    1.000000e+00
  Iter  40, [ 1] :    1.000000e+00
  Iter  60, [ 1] :    9.999999e-01
  Iter  80, [ 1] :    9.999999e-01
  Iter 100, [ 1] :    9.999999e-01
  Iter 120, [ 1] :    9.999999e-01
  Iter 140, [ 1] :    9.999999e-01
  Iter 160, [ 1] :    9.999998e-01
  Iter 180, [ 1] :    9.999997e-01
  Iter 200, [ 1] :    9.999994e-01
WARNING: NOX::Direction::Newton::compute() - Linear solve failed to achieve convergence - using the step anyway since "Rescue Bad Newton Solve" is true 

************************************************************************
-- Nonlinear Solver Step 38 -- 
||F|| = 5.057e+05  step = 1.000e+00  dx = 1.527e+00
************************************************************************

  
  *******************************************************
  ***** Belos Iterative Solver:  Block Gmres 
  ***** Maximum Iterations: 200
  ***** Block Size: 1
  ***** Residual Test: 
  *****   Test 1 : Belos::StatusTestImpResNorm<>: (2-Norm Res Vec) / (2-Norm Res0), tol = 1e-08
  *******************************************************
  Iter   0, [ 1] :    1.000000e+00
  Iter  20, [ 1] :    9.999999e-01
  Iter  40, [ 1] :    9.999998e-01
  Iter  60, [ 1] :    9.999997e-01
  Iter  80, [ 1] :    9.999997e-01
  Iter 100, [ 1] :    9.999996e-01
  Iter 120, [ 1] :    9.999996e-01
  Iter 140, [ 1] :    9.999996e-01
  Iter 160, [ 1] :    9.999996e-01
  Iter 180, [ 1] :    9.999995e-01
  Iter 200, [ 1] :    9.999994e-01
WARNING: NOX::Direction::Newton::compute() - Linear solve failed to achieve convergence - using the step anyway since "Rescue Bad Newton Solve" is true 

************************************************************************
-- Nonlinear Solver Step 39 -- 
||F|| = 5.057e+05  step = 1.000e+00  dx = 3.067e+00
************************************************************************

  
  *******************************************************
  ***** Belos Iterative Solver:  Block Gmres 
  ***** Maximum Iterations: 200
  ***** Block Size: 1
  ***** Residual Test: 
  *****   Test 1 : Belos::StatusTestImpResNorm<>: (2-Norm Res Vec) / (2-Norm Res0), tol = 1e-08
  *******************************************************
  Iter   0, [ 1] :    1.000000e+00
  Iter  20, [ 1] :    9.999998e-01
  Iter  40, [ 1] :    9.999997e-01
  Iter  60, [ 1] :    9.999997e-01
  Iter  80, [ 1] :    9.999996e-01
  Iter 100, [ 1] :    9.999996e-01
  Iter 120, [ 1] :    9.999996e-01
  Iter 140, [ 1] :    9.999995e-01
  Iter 160, [ 1] :    9.999995e-01
  Iter 180, [ 1] :    9.999994e-01
  Iter 200, [ 1] :    9.999990e-01
WARNING: NOX::Direction::Newton::compute() - Linear solve failed to achieve convergence - using the step anyway since "Rescue Bad Newton Solve" is true 

************************************************************************
-- Nonlinear Solver Step 40 -- 
||F|| = 5.057e+05  step = 1.000e+00  dx = 3.467e+00
************************************************************************

  
  *******************************************************
  ***** Belos Iterative Solver:  Block Gmres 
  ***** Maximum Iterations: 200
  ***** Block Size: 1
  ***** Residual Test: 
  *****   Test 1 : Belos::StatusTestImpResNorm<>: (2-Norm Res Vec) / (2-Norm Res0), tol = 1e-08
  *******************************************************
  Iter   0, [ 1] :    1.000000e+00
  Iter  20, [ 1] :    9.999999e-01
  Iter  40, [ 1] :    9.999998e-01
  Iter  60, [ 1] :    9.999998e-01
  Iter  80, [ 1] :    9.999998e-01
  Iter 100, [ 1] :    9.999998e-01
  Iter 120, [ 1] :    9.999997e-01
  Iter 140, [ 1] :    9.999997e-01
  Iter 160, [ 1] :    9.999997e-01
  Iter 180, [ 1] :    9.999996e-01
  Iter 200, [ 1] :    9.999994e-01
WARNING: NOX::Direction::Newton::compute() - Linear solve failed to achieve convergence - using the step anyway since "Rescue Bad Newton Solve" is true 

************************************************************************
-- Nonlinear Solver Step 41 -- 
||F|| = 5.057e+05  step = 1.000e+00  dx = 2.847e+00
************************************************************************

  
  *******************************************************
  ***** Belos Iterative Solver:  Block Gmres 
  ***** Maximum Iterations: 200
  ***** Block Size: 1
  ***** Residual Test: 
  *****   Test 1 : Belos::StatusTestImpResNorm<>: (2-Norm Res Vec) / (2-Norm Res0), tol = 1e-08
  *******************************************************
  Iter   0, [ 1] :    1.000000e+00
  Iter  20, [ 1] :    9.999999e-01
  Iter  40, [ 1] :    9.999999e-01
  Iter  60, [ 1] :    9.999999e-01
  Iter  80, [ 1] :    9.999999e-01
  Iter 100, [ 1] :    9.999999e-01
  Iter 120, [ 1] :    9.999998e-01
  Iter 140, [ 1] :    9.999998e-01
  Iter 160, [ 1] :    9.999998e-01
  Iter 180, [ 1] :    9.999998e-01
  Iter 200, [ 1] :    9.999997e-01
WARNING: NOX::Direction::Newton::compute() - Linear solve failed to achieve convergence - using the step anyway since "Rescue Bad Newton Solve" is true 

************************************************************************
-- Nonlinear Solver Step 42 -- 
||F|| = 5.057e+05  step = 1.000e+00  dx = 2.021e+00
************************************************************************

  
  *******************************************************
  ***** Belos Iterative Solver:  Block Gmres 
  ***** Maximum Iterations: 200
  ***** Block Size: 1
  ***** Residual Test: 
  *****   Test 1 : Belos::StatusTestImpResNorm<>: (2-Norm Res Vec) / (2-Norm Res0), tol = 1e-08
  *******************************************************
  Iter   0, [ 1] :    1.000000e+00
  Iter  20, [ 1] :    1.000000e+00
  Iter  40, [ 1] :    1.000000e+00
  Iter  60, [ 1] :    1.000000e+00
  Iter  80, [ 1] :    9.999999e-01
  Iter 100, [ 1] :    9.999999e-01
  Iter 120, [ 1] :    9.999999e-01
  Iter 140, [ 1] :    9.999999e-01
  Iter 160, [ 1] :    9.999999e-01
  Iter 180, [ 1] :    9.999998e-01
  Iter 200, [ 1] :    9.999996e-01
WARNING: NOX::Direction::Newton::compute() - Linear solve failed to achieve convergence - using the step anyway since "Rescue Bad Newton Solve" is true 

************************************************************************
-- Nonlinear Solver Step 43 -- 
||F|| = 5.057e+05  step = 1.000e+00  dx = 4.642e-01
************************************************************************

  
  *******************************************************
  ***** Belos Iterative Solver:  Block Gmres 
  ***** Maximum Iterations: 200
  ***** Block Size: 1
  ***** Residual Test: 
  *****   Test 1 : Belos::StatusTestImpResNorm<>: (2-Norm Res Vec) / (2-Norm Res0), tol = 1e-08
  *******************************************************
  Iter   0, [ 1] :    1.000000e+00
  Iter  20, [ 1] :    1.000000e+00
  Iter  40, [ 1] :    1.000000e+00
  Iter  60, [ 1] :    1.000000e+00
  Iter  80, [ 1] :    9.999999e-01
  Iter 100, [ 1] :    9.999999e-01
  Iter 120, [ 1] :    9.999999e-01
  Iter 140, [ 1] :    9.999999e-01
  Iter 160, [ 1] :    9.999998e-01
  Iter 180, [ 1] :    9.999998e-01
  Iter 200, [ 1] :    9.999997e-01
WARNING: NOX::Direction::Newton::compute() - Linear solve failed to achieve convergence - using the step anyway since "Rescue Bad Newton Solve" is true 

************************************************************************
-- Nonlinear Solver Step 44 -- 
||F|| = 5.057e+05  step = 1.000e+00  dx = 1.021e+00
************************************************************************

  
  *******************************************************
  ***** Belos Iterative Solver:  Block Gmres 
  ***** Maximum Iterations: 200
  ***** Block Size: 1
  ***** Residual Test: 
  *****   Test 1 : Belos::StatusTestImpResNorm<>: (2-Norm Res Vec) / (2-Norm Res0), tol = 1e-08
  *******************************************************
  Iter   0, [ 1] :    1.000000e+00
  Iter  20, [ 1] :    1.000000e+00
  Iter  40, [ 1] :    9.999999e-01
  Iter  60, [ 1] :    9.999998e-01
  Iter  80, [ 1] :    9.999998e-01
  Iter 100, [ 1] :    9.999997e-01
  Iter 120, [ 1] :    9.999996e-01
  Iter 140, [ 1] :    9.999996e-01
  Iter 160, [ 1] :    9.999995e-01
  Iter 180, [ 1] :    9.999993e-01
  Iter 200, [ 1] :    9.999991e-01
WARNING: NOX::Direction::Newton::compute() - Linear solve failed to achieve convergence - using the step anyway since "Rescue Bad Newton Solve" is true 

************************************************************************
-- Nonlinear Solver Step 45 -- 
||F|| = 5.057e+05  step = 1.000e+00  dx = 1.873e+00
************************************************************************

  
  *******************************************************
  ***** Belos Iterative Solver:  Block Gmres 
  ***** Maximum Iterations: 200
  ***** Block Size: 1
  ***** Residual Test: 
  *****   Test 1 : Belos::StatusTestImpResNorm<>: (2-Norm Res Vec) / (2-Norm Res0), tol = 1e-08
  *******************************************************
  Iter   0, [ 1] :    1.000000e+00
  Iter  20, [ 1] :    9.999998e-01
  Iter  40, [ 1] :    9.999995e-01
  Iter  60, [ 1] :    9.999993e-01
  Iter  80, [ 1] :    9.999991e-01
  Iter 100, [ 1] :    9.999990e-01
  Iter 120, [ 1] :    9.999990e-01
  Iter 140, [ 1] :    9.999988e-01
  Iter 160, [ 1] :    9.999988e-01
  Iter 180, [ 1] :    9.999987e-01
  Iter 200, [ 1] :    9.999985e-01
WARNING: NOX::Direction::Newton::compute() - Linear solve failed to achieve convergence - using the step anyway since "Rescue Bad Newton Solve" is true 

************************************************************************
-- Nonlinear Solver Step 46 -- 
||F|| = 5.057e+05  step = 1.000e+00  dx = 4.953e+00
************************************************************************

  
  *******************************************************
  ***** Belos Iterative Solver:  Block Gmres 
  ***** Maximum Iterations: 200
  ***** Block Size: 1
  ***** Residual Test: 
  *****   Test 1 : Belos::StatusTestImpResNorm<>: (2-Norm Res Vec) / (2-Norm Res0), tol = 1e-08
  *******************************************************
  Iter   0, [ 1] :    1.000000e+00
  Iter  20, [ 1] :    9.999998e-01
  Iter  40, [ 1] :    9.999996e-01
  Iter  60, [ 1] :    9.999996e-01
  Iter  80, [ 1] :    9.999995e-01
  Iter 100, [ 1] :    9.999995e-01
  Iter 120, [ 1] :    9.999994e-01
  Iter 140, [ 1] :    9.999994e-01
  Iter 160, [ 1] :    9.999994e-01
  Iter 180, [ 1] :    9.999993e-01
  Iter 200, [ 1] :    9.999992e-01
WARNING: NOX::Direction::Newton::compute() - Linear solve failed to achieve convergence - using the step anyway since "Rescue Bad Newton Solve" is true 

************************************************************************
-- Nonlinear Solver Step 47 -- 
||F|| = 5.057e+05  step = 1.000e+00  dx = 4.513e+00
************************************************************************

  
  *******************************************************
  ***** Belos Iterative Solver:  Block Gmres 
  ***** Maximum Iterations: 200
  ***** Block Size: 1
  ***** Residual Test: 
  *****   Test 1 : Belos::StatusTestImpResNorm<>: (2-Norm Res Vec) / (2-Norm Res0), tol = 1e-08
  *******************************************************
  Iter   0, [ 1] :    1.000000e+00
  Iter  20, [ 1] :    9.999999e-01
  Iter  40, [ 1] :    9.999999e-01
  Iter  60, [ 1] :    9.999998e-01
  Iter  80, [ 1] :    9.999998e-01
  Iter 100, [ 1] :    9.999998e-01
  Iter 120, [ 1] :    9.999998e-01
  Iter 140, [ 1] :    9.999997e-01
  Iter 160, [ 1] :    9.999997e-01
  Iter 180, [ 1] :    9.999997e-01
  Iter 200, [ 1] :    9.999996e-01
WARNING: NOX::Direction::Newton::compute() - Linear solve failed to achieve convergence - using the step anyway since "Rescue Bad Newton Solve" is true 

************************************************************************
-- Nonlinear Solver Step 48 -- 
||F|| = 5.057e+05  step = 1.000e+00  dx = 2.639e+00
************************************************************************

  
  *******************************************************
  ***** Belos Iterative Solver:  Block Gmres 
  ***** Maximum Iterations: 200
  ***** Block Size: 1
  ***** Residual Test: 
  *****   Test 1 : Belos::StatusTestImpResNorm<>: (2-Norm Res Vec) / (2-Norm Res0), tol = 1e-08
  *******************************************************
  Iter   0, [ 1] :    1.000000e+00
  Iter  20, [ 1] :    1.000000e+00
  Iter  40, [ 1] :    1.000000e+00
  Iter  60, [ 1] :    9.999999e-01
  Iter  80, [ 1] :    9.999999e-01
  Iter 100, [ 1] :    9.999999e-01
  Iter 120, [ 1] :    9.999998e-01
  Iter 140, [ 1] :    9.999998e-01
  Iter 160, [ 1] :    9.999998e-01
  Iter 180, [ 1] :    9.999997e-01
  Iter 200, [ 1] :    9.999996e-01
WARNING: NOX::Direction::Newton::compute() - Linear solve failed to achieve convergence - using the step anyway since "Rescue Bad Newton Solve" is true 

************************************************************************
-- Nonlinear Solver Step 49 -- 
||F|| = 5.057e+05  step = 1.000e+00  dx = 1.142e+00
************************************************************************

  
  *******************************************************
  ***** Belos Iterative Solver:  Block Gmres 
  ***** Maximum Iterations: 200
  ***** Block Size: 1
  ***** Residual Test: 
  *****   Test 1 : Belos::StatusTestImpResNorm<>: (2-Norm Res Vec) / (2-Norm Res0), tol = 1e-08
  *******************************************************
  Iter   0, [ 1] :    1.000000e+00
  Iter  20, [ 1] :    1.000000e+00
  Iter  40, [ 1] :    1.000000e+00
  Iter  60, [ 1] :    1.000000e+00
  Iter  80, [ 1] :    9.999999e-01
  Iter 100, [ 1] :    9.999999e-01
  Iter 120, [ 1] :    9.999998e-01
  Iter 140, [ 1] :    9.999996e-01
  Iter 160, [ 1] :    9.999994e-01
  Iter 180, [ 1] :    9.999993e-01
  Iter 200, [ 1] :    9.999991e-01
WARNING: NOX::Direction::Newton::compute() - Linear solve failed to achieve convergence - using the step anyway since "Rescue Bad Newton Solve" is true 

************************************************************************
-- Nonlinear Solver Step 50 -- 
||F|| = 5.057e+05  step = 1.000e+00  dx = 1.598e+00 (Failed!)
************************************************************************

************************************************************************
-- Final Status Test Results --
Failed.......OR Combination -> 
  **...........F-Norm = 5.444e+02 < 1.000e-05
               (Length-Scaled Two-Norm, Absolute Tolerance)
  Failed.......Number of Iterations = 50 < 50
************************************************************************
*** Teuchos::StackedTimer::report() - Remainder for a level will be ***
*** incorrect if a timer in the level does not exist on every rank  ***
*** of the MPI Communicator.                                        ***
PyAlbany Total Time: 189.976 [2]
|   PyAlbany: Setup Time: 27.1314 - 14.2815% [1]
|   PyAlbany: performSolve: 162.845 - 85.7185% [1]
|   |   Piro::NOXSolver::evalModelImpl::solve: 162.843 - 99.9988% [1]
|   |   |   Thyra::NOXNonlinearSolver::solve: 162.842 - 99.9996% [1]
|   |   |   |   Thyra::DefaultModelEvaluatorWithSolveFactory<double>::evalModel(...): 11.4568 - 7.03549% [102]
|   |   |   |   |   Albany: Total Fill Time: 11.453 - 99.9669% [102]
|   |   |   |   |   |   Albany Fill: Residual: 2.66129 - 23.2367% [52]
|   |   |   |   |   |   |   Phalanx::SortAndOrderEvaluators: 9.72e-07 - 3.65236e-05% [1]
|   |   |   |   |   |   |   Albany Residual Fill: Evaluate: 2.35091 - 88.3369% [52]
|   |   |   |   |   |   |   |   Phalanx: Evaluator 8: [<Residual>] LoadStateField(bed_topography)<Residual>: 0.0317876 - 1.35214% [52]
|   |   |   |   |   |   |   |   Phalanx: Evaluator 11: [<Residual>] Save Field bed_topography to State bed_topographyResidual: 0.317488 - 13.5049% [52]
|   |   |   |   |   |   |   |   Phalanx: Evaluator 5: [<Residual>] LoadStateField(surface_height)<Residual>: 0.0309059 - 1.31464% [52]
|   |   |   |   |   |   |   |   Phalanx: Evaluator 12: [<Residual>] Save Field surface_height to State surface_heightResidual: 0.32129 - 13.6666% [52]
|   |   |   |   |   |   |   |   Phalanx: Evaluator 31: [<Residual>] Shared Parameter Glen's Law Homotopy Parameter<Residual>: 0.00252764 - 0.107518% [52]
|   |   |   |   |   |   |   |   Phalanx: Evaluator 2: [<Residual>] Gather Coordinate Vector<Residual>: 0.0631213 - 2.68498% [52]
|   |   |   |   |   |   |   |   Phalanx: Evaluator 25: [<Residual>] ComputeBasisFunctions<Residual>: 0.0197269 - 0.839121% [52]
|   |   |   |   |   |   |   |   Phalanx: Evaluator 0: [<Residual>] Gather Solution<Residual>: 0.0139892 - 0.595055% [52]
|   |   |   |   |   |   |   |   Phalanx: Evaluator 67: [<Residual>] FastSolutionVecGradInterpolationBase<Residual>: 0.0114719 - 0.487978% [52]
|   |   |   |   |   |   |   |   Phalanx: Evaluator 7: [<Residual>] LoadStateField(temperature)<Residual>: 0.277112 - 11.7874% [52]
|   |   |   |   |   |   |   |   Phalanx: Evaluator 78: [<Residual>] P0Interpolation[temperature] <Residual>: 0.00131289 - 0.0558461% [52]
|   |   |   |   |   |   |   |   Phalanx: Evaluator 24: [<Residual>] MapToPhysicalFrame<Residual>: 0.0220527 - 0.938051% [52]
|   |   |   |   |   |   |   |   Phalanx: Evaluator 26: [<Residual>] P0Interpolation[Coord Vec] <Residual>: 0.000671692 - 0.0285716% [52]
|   |   |   |   |   |   |   |   Phalanx: Evaluator 76: [<Residual>] P0Interpolation[surface_height] <Residual>: 0.0299643 - 1.27459% [52]
|   |   |   |   |   |   |   |   Phalanx: Evaluator 3: [<Residual>] Pressure Corrected Temperature<Residual>: 0.0128836 - 0.548027% [52]
|   |   |   |   |   |   |   |   Phalanx: Evaluator 33: [<Residual>] ViscosityFO<Residual>: 0.00126659 - 0.0538768% [52]
|   |   |   |   |   |   |   |   Phalanx: Evaluator 34: [<Residual>] Dissipation: 0.067257 - 2.8609% [52]
|   |   |   |   |   |   |   |   Phalanx: Evaluator 35: [<Residual>] P0Interpolation[LandIce Dissipation] <Residual>: 0.0131981 - 0.561406% [52]
|   |   |   |   |   |   |   |   Phalanx: Evaluator 36: [<Residual>] Save Field LandIce Dissipation to State dissipation_heatResidual: 0.449563 - 19.123% [52]
|   |   |   |   |   |   |   |   Phalanx: Evaluator 75: [<Residual>] DOFGradInterpolationBase<Residual>: 0.000428505 - 0.0182272% [52]
|   |   |   |   |   |   |   |   Phalanx: Evaluator 37: [<Residual>] StokesFOBodyForce<Residual>: 0.00239942 - 0.102064% [52]
|   |   |   |   |   |   |   |   Phalanx: Evaluator 66: [<Residual>] FastSolutionVecInterpolationBase<Residual>: 0.0010428 - 0.0443575% [52]
|   |   |   |   |   |   |   |   Phalanx: Evaluator 28: [<Residual>] StokesFOResid<Residual>: 0.0881541 - 3.74979% [52]
|   |   |   |   |   |   |   |   Phalanx: Evaluator 63: [<Residual>] DOFCellToSide(Coord Vec -> Coord Vec_extruded_boundary_side_set_1)[Vertex Vector]<Residual>: 0.213617 - 9.0866% [52]
|   |   |   |   |   |   |   |   Phalanx: Evaluator 60: [<Residual>] ComputeBasisFunctionsSide<Residual>: 0.0210725 - 0.896355% [52]
|   |   |   |   |   |   |   |   Phalanx: Evaluator 101: [<Residual>] DOFCellToSide(surface_height -> surface_height_extruded_boundary_side_set_1)[Node Scalar]<Residual>: 0.00018896 - 0.00803775% [52]
|   |   |   |   |   |   |   |   Phalanx: Evaluator 103: [<Residual>] DOFInterpolationSide<Residual>: 0.000248151 - 0.0105555% [52]
|   |   |   |   |   |   |   |   Phalanx: Evaluator 4: [<Residual>] LoadStateField(ice_thickness)<Residual>: 0.0350886 - 1.49256% [52]
|   |   |   |   |   |   |   |   Phalanx: Evaluator 99: [<Residual>] DOFCellToSide(ice_thickness -> ice_thickness_extruded_boundary_side_set_1)[Node Scalar]<Residual>: 0.000177988 - 0.00757104% [52]
|   |   |   |   |   |   |   |   Phalanx: Evaluator 100: [<Residual>] DOFInterpolationSide<Residual>: 0.00380006 - 0.161642% [52]
|   |   |   |   |   |   |   |   Phalanx: Evaluator 38: [<Residual>] StokesFOLateralResid<Residual>: 0.00129103 - 0.0549163% [52]
|   |   |   |   |   |   |   |   Phalanx: Evaluator 59: [<Residual>] DOFCellToSide(Coord Vec -> Coord Vec_basalside)[Vertex Vector]<Residual>: 0.00386504 - 0.164406% [52]
|   |   |   |   |   |   |   |   Phalanx: Evaluator 56: [<Residual>] ComputeBasisFunctionsSide<Residual>: 0.0114572 - 0.487351% [52]
|   |   |   |   |   |   |   |   Phalanx: Evaluator 49: [<Residual>] Shared Parameter Power Exponent<Residual>: 0.00164537 - 0.0699889% [52]
|   |   |   |   |   |   |   |   Phalanx: Evaluator 18: [<Residual>] Load Side Set Field log_basal_friction_basalside from Side Set State log_basal_friction<Residual>: 0.0170432 - 0.724964% [52]
|   |   |   |   |   |   |   |   Phalanx: Evaluator 91: [<Residual>] DOFInterpolationSide<Residual>: 0.00019139 - 0.00814112% [52]
|   |   |   |   |   |   |   |   Phalanx: Evaluator 13: [<Residual>] Load Side Set Field ice_thickness_basalside from Side Set State ice_thickness<Residual>: 0.0184179 - 0.783437% [52]
|   |   |   |   |   |   |   |   Phalanx: Evaluator 17: [<Residual>] Load Side Set Field bed_topography_basalside from Side Set State bed_topography<Residual>: 0.0158001 - 0.672087% [52]
|   |   |   |   |   |   |   |   Phalanx: Evaluator 50: [<Residual>] BasalFrictionCoefficient<Residual>: 0.00124086 - 0.052782% [52]
|   |   |   |   |   |   |   |   Phalanx: Evaluator 79: [<Residual>] DOFCellToSide(Velocity -> Velocity_basalside)[Node Vector]<Residual>: 0.00337629 - 0.143616% [52]
|   |   |   |   |   |   |   |   Phalanx: Evaluator 80: [<Residual>] DOFVecInterpolationSide<Residual>: 0.00267989 - 0.113994% [52]
|   |   |   |   |   |   |   |   Phalanx: Evaluator 39: [<Residual>] StokesFOBasalResid<Residual>: 0.00235369 - 0.100119% [52]
|   |   |   |   |   |   |   |   Phalanx: Evaluator 1: [<Residual>] Scatter Velocity Residual<Residual>: 0.00403905 - 0.171808% [52]
|   |   |   |   |   |   |   |   Remainder: 0.213697 - 9.09%
|   |   |   |   |   |   |   Albany Residual Fill: Export: 0.00321384 - 0.120762% [52]
|   |   |   |   |   |   |   Remainder: 0.307173 - 11.5423%
|   |   |   |   |   |   Albany Fill: Jacobian: 8.79038 - 76.752% [50]
|   |   |   |   |   |   |   Phalanx::SortAndOrderEvaluators: 5.92e-07 - 6.73463e-06% [1]
|   |   |   |   |   |   |   Albany Jacobian Fill: Evaluate: 7.45422 - 84.7997% [50]
|   |   |   |   |   |   |   |   Phalanx: Evaluator 141: [<Jacobian>] Shared Parameter Glen's Law Homotopy Parameter<Jacobian>: 0.000571209 - 0.0076629% [50]
|   |   |   |   |   |   |   |   Phalanx: Evaluator 112: [<Jacobian>] Gather Coordinate Vector<Jacobian>: 0.0636213 - 0.853494% [50]
|   |   |   |   |   |   |   |   Phalanx: Evaluator 135: [<Jacobian>] ComputeBasisFunctions<Jacobian>: 0.0193605 - 0.259726% [50]
|   |   |   |   |   |   |   |   Phalanx: Evaluator 110: [<Jacobian>] Gather Solution<Jacobian>: 0.0139418 - 0.187032% [50]
|   |   |   |   |   |   |   |   Phalanx: Evaluator 177: [<Jacobian>] FastSolutionVecGradInterpolationBase<Jacobian>: 0.0529514 - 0.710355% [50]
|   |   |   |   |   |   |   |   Phalanx: Evaluator 117: [<Jacobian>] LoadStateField(temperature)<Jacobian>: 0.78588 - 10.5427% [50]
|   |   |   |   |   |   |   |   Phalanx: Evaluator 187: [<Jacobian>] P0Interpolation[temperature] <Jacobian>: 0.00104248 - 0.0139852% [50]
|   |   |   |   |   |   |   |   Phalanx: Evaluator 134: [<Jacobian>] MapToPhysicalFrame<Jacobian>: 0.0172217 - 0.231033% [50]
|   |   |   |   |   |   |   |   Phalanx: Evaluator 136: [<Jacobian>] P0Interpolation[Coord Vec] <Jacobian>: 0.000659949 - 0.00885336% [50]
|   |   |   |   |   |   |   |   Phalanx: Evaluator 115: [<Jacobian>] LoadStateField(surface_height)<Jacobian>: 0.0532425 - 0.714261% [50]
|   |   |   |   |   |   |   |   Phalanx: Evaluator 185: [<Jacobian>] P0Interpolation[surface_height] <Jacobian>: 0.000509673 - 0.00683738% [50]
|   |   |   |   |   |   |   |   Phalanx: Evaluator 113: [<Jacobian>] Pressure Corrected Temperature<Jacobian>: 0.0123636 - 0.16586% [50]
|   |   |   |   |   |   |   |   Phalanx: Evaluator 143: [<Jacobian>] ViscosityFO<Jacobian>: 0.00135989 - 0.0182432% [50]
|   |   |   |   |   |   |   |   Phalanx: Evaluator 184: [<Jacobian>] DOFGradInterpolationBase<Jacobian>: 0.428363 - 5.74658% [50]
|   |   |   |   |   |   |   |   Phalanx: Evaluator 147: [<Jacobian>] StokesFOBodyForce<Jacobian>: 0.00242154 - 0.0324855% [50]
|   |   |   |   |   |   |   |   Phalanx: Evaluator 176: [<Jacobian>] FastSolutionVecInterpolationBase<Jacobian>: 0.00331141 - 0.0444233% [50]
|   |   |   |   |   |   |   |   Phalanx: Evaluator 138: [<Jacobian>] StokesFOResid<Jacobian>: 0.266357 - 3.57323% [50]
|   |   |   |   |   |   |   |   Phalanx: Evaluator 173: [<Jacobian>] DOFCellToSide(Coord Vec -> Coord Vec_extruded_boundary_side_set_1)[Vertex Vector]<Jacobian>: 5.28118 - 70.8482% [50]
|   |   |   |   |   |   |   |   Phalanx: Evaluator 170: [<Jacobian>] ComputeBasisFunctionsSide<Jacobian>: 0.0165135 - 0.221532% [50]
|   |   |   |   |   |   |   |   Phalanx: Evaluator 210: [<Jacobian>] DOFCellToSide(surface_height -> surface_height_extruded_boundary_side_set_1)[Node Scalar]<Jacobian>: 0.000167693 - 0.00224964% [50]
|   |   |   |   |   |   |   |   Phalanx: Evaluator 212: [<Jacobian>] DOFInterpolationSide<Jacobian>: 0.000209029 - 0.00280417% [50]
|   |   |   |   |   |   |   |   Phalanx: Evaluator 114: [<Jacobian>] LoadStateField(ice_thickness)<Jacobian>: 0.0344069 - 0.461576% [50]
|   |   |   |   |   |   |   |   Phalanx: Evaluator 208: [<Jacobian>] DOFCellToSide(ice_thickness -> ice_thickness_extruded_boundary_side_set_1)[Node Scalar]<Jacobian>: 0.000166286 - 0.00223076% [50]
|   |   |   |   |   |   |   |   Phalanx: Evaluator 209: [<Jacobian>] DOFInterpolationSide<Jacobian>: 0.00356748 - 0.0478585% [50]
|   |   |   |   |   |   |   |   Phalanx: Evaluator 148: [<Jacobian>] StokesFOLateralResid<Jacobian>: 0.00116742 - 0.0156612% [50]
|   |   |   |   |   |   |   |   Phalanx: Evaluator 169: [<Jacobian>] DOFCellToSide(Coord Vec -> Coord Vec_basalside)[Vertex Vector]<Jacobian>: 0.0785873 - 1.05427% [50]
|   |   |   |   |   |   |   |   Phalanx: Evaluator 166: [<Jacobian>] ComputeBasisFunctionsSide<Jacobian>: 0.00981213 - 0.131632% [50]
|   |   |   |   |   |   |   |   Phalanx: Evaluator 159: [<Jacobian>] Shared Parameter Power Exponent<Jacobian>: 0.00200898 - 0.026951% [50]
|   |   |   |   |   |   |   |   Phalanx: Evaluator 128: [<Jacobian>] Load Side Set Field log_basal_friction_basalside from Side Set State log_basal_friction<Jacobian>: 0.0162331 - 0.21777% [50]
|   |   |   |   |   |   |   |   Phalanx: Evaluator 200: [<Jacobian>] DOFInterpolationSide<Jacobian>: 0.000170265 - 0.00228414% [50]
|   |   |   |   |   |   |   |   Phalanx: Evaluator 123: [<Jacobian>] Load Side Set Field ice_thickness_basalside from Side Set State ice_thickness<Jacobian>: 0.0182317 - 0.244583% [50]
|   |   |   |   |   |   |   |   Phalanx: Evaluator 127: [<Jacobian>] Load Side Set Field bed_topography_basalside from Side Set State bed_topography<Jacobian>: 0.0151068 - 0.202661% [50]
|   |   |   |   |   |   |   |   Phalanx: Evaluator 160: [<Jacobian>] BasalFrictionCoefficient<Jacobian>: 0.00130431 - 0.0174976% [50]
|   |   |   |   |   |   |   |   Phalanx: Evaluator 188: [<Jacobian>] DOFCellToSide(Velocity -> Velocity_basalside)[Node Vector]<Jacobian>: 0.00565965 - 0.0759255% [50]
|   |   |   |   |   |   |   |   Phalanx: Evaluator 189: [<Jacobian>] DOFVecInterpolationSide<Jacobian>: 0.0163625 - 0.219507% [50]
|   |   |   |   |   |   |   |   Phalanx: Evaluator 149: [<Jacobian>] StokesFOBasalResid<Jacobian>: 0.0206523 - 0.277056% [50]
|   |   |   |   |   |   |   |   Phalanx: Evaluator 111: [<Jacobian>] Scatter Velocity Residual<Jacobian>: 0.0453086 - 0.607825% [50]
|   |   |   |   |   |   |   |   Remainder: 0.164227 - 2.20314%
|   |   |   |   |   |   |   Albany Jacobian Fill: Export: 0.00272029 - 0.0309463% [50]
|   |   |   |   |   |   |   Remainder: 1.33344 - 15.1693%
|   |   |   |   |   |   Remainder: 0.00129022 - 0.0112654%
|   |   |   |   |   Remainder: 0.00379609 - 0.033134%
|   |   |   |   NOX Total Preconditioner Construction: 51.963 - 31.91% [50]
|   |   |   |   |   ThyraMueLu::initializePrec: 51.4891 - 99.088% [50]
|   |   |   |   |   |   MueLu: ParameterListInterpreter (ParameterList): 0.0376378 - 0.0730986% [50]
|   |   |   |   |   |   Ifpack2::Relaxation::initialize: 0.660977 - 1.28372% [150]
|   |   |   |   |   |   Ifpack2::Relaxation::compute: 0.0546884 - 0.106214% [150]
|   |   |   |   |   |   Utilities_kokkos::GetMatrixDiagonalInverse: 0.00312072 - 0.00606092% [50]
|   |   |   |   |   |   Remainder: 50.7327 - 98.5309%
|   |   |   |   |   Remainder: 0.473886 - 0.911968%
|   |   |   |   NOX Total Linear Solve: 99.381 - 61.029% [50]
|   |   |   |   |   Stratimikos: BelosLOWS: 99.3808 - 99.9999% [50]
|   |   |   |   |   |   Belos: Operation Op*x: 0.0577642 - 0.0581241% [50]
|   |   |   |   |   |   Belos::MVT::MvAddMv: 0.000493537 - 0.000496612% [50]
|   |   |   |   |   |   Belos: BlockGmresSolMgr total solve time: 98.6977 - 99.3126% [50]
|   |   |   |   |   |   |   Belos: ICGS[2]: Orthogonalization: 27.2806 - 27.6406% [10050]
|   |   |   |   |   |   |   |   Belos: ICGS[2]: Ortho (Norm): 0.372722 - 1.36625% [10050]
|   |   |   |   |   |   |   |   |   Belos::MVT::MvDot: 0.36219 - 97.1744% [10050]
|   |   |   |   |   |   |   |   |   Remainder: 0.0105316 - 2.82559%
|   |   |   |   |   |   |   |   Belos::MVT::MvScale: 0.0516327 - 0.189265% [10050]
|   |   |   |   |   |   |   |   Belos: ICGS[2]: Ortho (Inner Product): 14.8309 - 54.3642% [20000]
|   |   |   |   |   |   |   |   |   Belos::MVT::MvTransMv: 14.8064 - 99.8346% [20000]
|   |   |   |   |   |   |   |   |   Remainder: 0.0245229 - 0.16535%
|   |   |   |   |   |   |   |   Belos: ICGS[2]: Ortho (Update): 11.9494 - 43.8017% [20000]
|   |   |   |   |   |   |   |   |   Belos::MVT::MvTimesMatAddMv: 11.9279 - 99.8204% [20000]
|   |   |   |   |   |   |   |   |   Remainder: 0.0214598 - 0.179589%
|   |   |   |   |   |   |   |   Remainder: 0.0759903 - 0.27855%
|   |   |   |   |   |   |   Belos::MVT::MvAddMv: 0.00086964 - 0.000881115% [100]
|   |   |   |   |   |   |   Belos::MVT::MvNorm: 0.0548452 - 0.0555689% [50]
|   |   |   |   |   |   |   Belos: Operation Prec*x: 38.4408 - 38.948% [10050]
|   |   |   |   |   |   |   |   Ifpack2::Relaxation::apply: 8.40142 - 21.8555% [50250]
|   |   |   |   |   |   |   |   Remainder: 30.0394 - 78.1445%
|   |   |   |   |   |   |   Belos: Operation Op*x: 30.4355 - 30.8371% [10000]
|   |   |   |   |   |   |   Belos::MVT::MvTimesMatAddMv: 0.113151 - 0.114644% [50]
|   |   |   |   |   |   |   Remainder: 2.37191 - 2.4032%
|   |   |   |   |   |   Remainder: 0.624851 - 0.628744%
|   |   |   |   |   Remainder: 0.000131398 - 0.000132216%
|   |   |   |   Remainder: 0.0415483 - 0.0255145%
|   |   |   Remainder: 0.000720275 - 0.000442313%
|   |   Piro::SteadyStateSolver::evalConvergedModelResponsesAndSensitivities::calc g, df/dp, dg/dp, dg/dx: 0.00105094 - 0.000645359% [1]
|   |   |   Thyra::DefaultModelEvaluatorWithSolveFactory<double>::evalModel(...): 0.000998163 - 94.9786% [1]
|   |   |   |   Albany: Total Fill Time: 0.000972593 - 97.4383% [1]
|   |   |   |   |   Albany Fill: Response: 0.000959096 - 98.6123% [1]
|   |   |   |   |   Remainder: 1.3497e-05 - 1.38773%
|   |   |   |   Remainder: 2.557e-05 - 2.56171%
|   |   |   Remainder: 5.2772e-05 - 5.02143%
|   |   Remainder: 0.000962171 - 0.000590851%
|   Remainder: 1.1242e-05 - 5.91758e-06%
~PyProblem()
<PyAlbany.Albany_Pybind11.RCPPyParameterList object at 0x1507981f8af0>
<PyAlbany.Albany_Pybind11.RCPPyParameterList object at 0x1507981f8b70>
Solve time: 1000000000000.0
~PyParallelEnv()

