*********************************************************************************
**  ______   __  __   ______   __       ______   ______   __   __   __  __     **
** /\  == \ /\ \_\ \ /\  __ \ /\ \     /\  == \ /\  __ \ /\ "-.\ \ /\ \_\ \    **
** \ \  __/ \ \____ \\ \  __ \\ \ \____\ \  __< \ \  __ \\ \ \-.  \\ \____ \   **
**  \ \_\    \/\_____\\ \_\ \_\\ \_____\\ \_____\\ \_\ \_\\ \_\\"\_\\/\_____\  **
**   \/_/     \/_____/ \/_/\/_/ \/_____/ \/_____/ \/_/\/_/ \/_/ \/_/ \/_____/  **
**                                                                             **
*********************************************************************************
** Trilinos git commit id - c70ae3dfa18
** Albany git branch ------ pybind11_PR
** Albany git commit id --- 7a1da3122
** Albany cxx compiler ---- GNU 10.3.0
** Albany cuda compiler --- Cuda 115
** Simulation start time -- 2022-09-22 at 12:15:24
***************************************************************
Albany_IOSS: Loading STKMesh from Exodus file  /global/homes/m/mcarlson/LandIce/ALITune/optimize/data/mesh-pop-wdg/gis_basal_populated.exo
Albany_IOSS: Loading STKMesh from Exodus file  /global/homes/m/mcarlson/LandIce/ALITune/optimize/data/mesh-pop-wdg/gis_upper_populated.exo
IOSS-STK: number of node sets = 3
IOSS-STK: number of side sets = 3
IOSS-STK: number of node sets = 3
IOSS-STK: number of side sets = 3
IOSS-STK: number of node sets = 1
IOSS-STK: number of side sets = 0
Restart Index set, reading solution index : 1
[GenericSTKMeshStruct] Processing field requirements...
  - Skipping field 'ice_thickness' since it's listed as present in the mesh.
  - Skipping field 'observed_ice_thickness' since it's listed as present in the mesh.
  - Skipping field 'observed_ice_thickness_RMS' since it's listed as present in the mesh.
  - Skipping field 'surface_height' since it's listed as present in the mesh.
  - Skipping field 'bed_topography' since it's listed as present in the mesh.
  - Skipping field 'log_basal_friction' since it's listed as present in the mesh.
  - Skipping field 'temperature' since it's listed as present in the mesh.
  - Skipping field 'apparent_mass_balance' since it's listed as present in the mesh.
  - Skipping field 'apparent_mass_balance_RMS' since it's listed as present in the mesh.
[ExtrudedSTKMesh] Adding nodes... done!
[ExtrudedSTKMesh] Adding elements... done!
[ExtrudedSTKMesh] Adding basalside sides... done!
[ExtrudedSTKMesh] Adding upperside sides... done!
[ExtrudedSTKMesh] Adding lateral sides... done!
[ExtrudedSTKMesh] Extruding basal fields...
  - Extruding Scalar Node field ice_thickness...done!
  - Extruding Scalar Node field surface_height...done!
  - Extruding Scalar Node field log_basal_friction...done!
  - Extruding Scalar Node field bed_topography...done!
  - Extruding Scalar Node field apparent_mass_balance...done!
  - Extruding Scalar Node field apparent_mass_balance_RMS...done!
[ExtrudedSTKMesh] Interpolating layered basal fields...
  - Interpolating Scalar field temperature...done!
[GenericSTKMeshStruct] Processing field requirements...
  - Skipping field 'ice_thickness' since it's listed as present in the mesh.
  - Skipping field 'surface_height' since it's listed as present in the mesh.
  - Skipping field 'log_basal_friction' since it's listed as present in the mesh.
  - Skipping field 'temperature' since it's listed as present in the mesh.
  - Skipping field 'bed_topography' since it's listed as present in the mesh.
  - Skipping field 'apparent_mass_balance' since it's listed as present in the mesh.
  - Skipping field 'apparent_mass_balance_RMS' since it's listed as present in the mesh.
  - Skipping field 'bed_topography' since it's listed as output. Make sure there's an evaluator set to save it!
  - Skipping field 'surface_height' since it's listed as output. Make sure there's an evaluator set to save it!
Restart Index set, reading solution index : 1
[GenericSTKMeshStruct] Processing field requirements...
  - Skipping field 'observed_surface_velocity' since it's listed as present in the mesh.
  - Skipping field 'observed_surface_velocity_RMS' since it's listed as present in the mesh.
STKDisc: 725880 elements on Proc 0 
STKDisc: nodeset basal_boundary_node_set_0 has size 0  on Proc 0.
STKDisc: nodeset basal_boundary_node_set_1 has size 6027  on Proc 0.
STKDisc: nodeset basal_node_set has size 39224  on Proc 0.
STKDisc: nodeset bottom has size 39224  on Proc 0.
STKDisc: nodeset extruded_boundary_node_set_0 has size 0  on Proc 0.
STKDisc: nodeset extruded_boundary_node_set_1 has size 66297  on Proc 0.
STKDisc: nodeset extruded_node_set has size 431464  on Proc 0.
STKDisc: nodeset lateral has size 66297  on Proc 0.
STKDisc: nodeset top has size 39224  on Proc 0.
STKDisc: sideset basalside has size 72588  on Proc 0.
STKDisc: sideset extruded_boundary_side_set has size 60460  on Proc 0.
STKDisc: sideset extruded_boundary_side_set_1 has size 57830  on Proc 0.
STKDisc: sideset extruded_boundary_side_set_1_tri3_edge2 has size 57830  on Proc 0.
STKDisc: sideset extruded_boundary_side_set_2 has size 2630  on Proc 0.
STKDisc: sideset extruded_boundary_side_set_2_tri3_edge2 has size 2630  on Proc 0.
STKDisc: sideset extruded_boundary_side_set_tri3_edge2 has size 60460  on Proc 0.
STKDisc: sideset lateralside has size 60460  on Proc 0.
STKDisc: sideset upperside has size 72588  on Proc 0.
STKDisc: 72588 elements on Proc 0 
STKDisc: nodeset boundary_node_set_0 has size 0  on Proc 0.
STKDisc: nodeset boundary_node_set_1 has size 6027  on Proc 0.
STKDisc: nodeset node_set has size 39224  on Proc 0.
STKDisc: sideset boundary_side_set has size 6046  on Proc 0.
STKDisc: sideset boundary_side_set_1 has size 5783  on Proc 0.
STKDisc: sideset boundary_side_set_2 has size 263  on Proc 0.
STKDisc: 72588 elements on Proc 0 
STKDisc: nodeset all_nodes has size 39224  on Proc 0.
StateManager: initializing state:  ice_thickness
StateManager: initializing state:  surface_height
StateManager: initializing state:  log_basal_friction
StateManager: initializing state:  temperature
StateManager: initializing state:  bed_topography
StateManager: initializing state:  apparent_mass_balance
StateManager: initializing state:  apparent_mass_balance_RMS
StateManager: initializing state:  dissipation_heat

StateManager: initializing state:  ice_thickness
StateManager: initializing state:  observed_ice_thickness
StateManager: initializing state:  observed_ice_thickness_RMS
StateManager: initializing state:  surface_height
StateManager: initializing state:  bed_topography
StateManager: initializing state:  log_basal_friction
StateManager: initializing state:  temperature
StateManager: initializing state:  apparent_mass_balance
StateManager: initializing state:  apparent_mass_balance_RMS

StateManager: initializing state:  observed_surface_velocity
StateManager: initializing state:  observed_surface_velocity_RMS

xxxxxxxxxxxxxxxxxxxxxxxxxxxxxxxxxxxxxxxxxxxxxxx
 Sacado ParameterLibrary has been initialized:
 Library of all registered parameters:
xxxxxxxxxxxxxxxxxxxxxxxxxxxxxxxxxxxxxxxxxxxxxxx

Total number of parameters  = 0
Number of non-distributed parameters  = 0
Number of response vectors  = 1
Number of distributed parameters vectors  = 0

************************************************************************
-- Nonlinear Solver Step 0 -- 
||F|| = 5.152e+05  step = 0.000e+00  dx = 0.000e+00
************************************************************************

  
  *******************************************************
  ***** Belos Iterative Solver:  Block Gmres 
  ***** Maximum Iterations: 200
  ***** Block Size: 1
  ***** Residual Test: 
  *****   Test 1 : Belos::StatusTestImpResNorm<>: (2-Norm Res Vec) / (2-Norm Res0), tol = 1e-08
  *******************************************************
  Iter   0, [ 1] :    1.000000e+00
  Iter  20, [ 1] :    8.216619e-02
  Iter  40, [ 1] :    7.363585e-03
  Iter  60, [ 1] :    6.257382e-04
  Iter  80, [ 1] :    5.819092e-05
  Iter 100, [ 1] :    1.768521e-05
  Iter 120, [ 1] :    4.543275e-06
  Iter 140, [ 1] :    3.657322e-07
  Iter 160, [ 1] :    2.879029e-08
  Iter 170, [ 1] :    9.469382e-09

************************************************************************
-- Nonlinear Solver Step 1 -- 
||F|| = 5.031e+05  step = 1.250e-01  dx = 1.950e+04
************************************************************************

  
  *******************************************************
  ***** Belos Iterative Solver:  Block Gmres 
  ***** Maximum Iterations: 200
  ***** Block Size: 1
  ***** Residual Test: 
  *****   Test 1 : Belos::StatusTestImpResNorm<>: (2-Norm Res Vec) / (2-Norm Res0), tol = 1e-08
  *******************************************************
  Iter   0, [ 1] :    1.000000e+00
  Iter  20, [ 1] :    3.809667e-01
  Iter  40, [ 1] :    2.077558e-01
  Iter  60, [ 1] :    1.298264e-01
  Iter  80, [ 1] :    7.839958e-02
  Iter 100, [ 1] :    3.718090e-02
  Iter 120, [ 1] :    1.565516e-02
  Iter 140, [ 1] :    8.066324e-03
  Iter 160, [ 1] :    3.721643e-03
  Iter 180, [ 1] :    1.523259e-03
  Iter 200, [ 1] :    6.370523e-04
WARNING: NOX::Direction::Newton::compute() - Linear solve failed to achieve convergence - using the step anyway since "Rescue Bad Newton Solve" is true 

************************************************************************
-- Nonlinear Solver Step 2 -- 
||F|| = 4.947e+05  step = 1.250e-01  dx = 3.054e+04
************************************************************************

  
  *******************************************************
  ***** Belos Iterative Solver:  Block Gmres 
  ***** Maximum Iterations: 200
  ***** Block Size: 1
  ***** Residual Test: 
  *****   Test 1 : Belos::StatusTestImpResNorm<>: (2-Norm Res Vec) / (2-Norm Res0), tol = 1e-08
  *******************************************************
  Iter   0, [ 1] :    1.000000e+00
  Iter  20, [ 1] :    3.087134e-01
  Iter  40, [ 1] :    1.405902e-01
  Iter  60, [ 1] :    6.808787e-02
  Iter  80, [ 1] :    2.937888e-02
  Iter 100, [ 1] :    1.230867e-02
  Iter 120, [ 1] :    4.735747e-03
  Iter 140, [ 1] :    1.705235e-03
  Iter 160, [ 1] :    6.221600e-04
  Iter 180, [ 1] :    2.053488e-04
  Iter 200, [ 1] :    6.553843e-05
WARNING: NOX::Direction::Newton::compute() - Linear solve failed to achieve convergence - using the step anyway since "Rescue Bad Newton Solve" is true 

************************************************************************
-- Nonlinear Solver Step 3 -- 
||F|| = 4.786e+05  step = 1.250e-01  dx = 3.499e+04
************************************************************************

  
  *******************************************************
  ***** Belos Iterative Solver:  Block Gmres 
  ***** Maximum Iterations: 200
  ***** Block Size: 1
  ***** Residual Test: 
  *****   Test 1 : Belos::StatusTestImpResNorm<>: (2-Norm Res Vec) / (2-Norm Res0), tol = 1e-08
  *******************************************************
  Iter   0, [ 1] :    1.000000e+00
  Iter  20, [ 1] :    2.612930e-01
  Iter  40, [ 1] :    1.050903e-01
  Iter  60, [ 1] :    3.731237e-02
  Iter  80, [ 1] :    1.361399e-02
  Iter 100, [ 1] :    5.628633e-03
  Iter 120, [ 1] :    1.527666e-03
  Iter 140, [ 1] :    5.540278e-04
  Iter 160, [ 1] :    1.635787e-04
  Iter 180, [ 1] :    5.699173e-05
  Iter 200, [ 1] :    1.427173e-05
WARNING: NOX::Direction::Newton::compute() - Linear solve failed to achieve convergence - using the step anyway since "Rescue Bad Newton Solve" is true 

************************************************************************
-- Nonlinear Solver Step 4 -- 
||F|| = 4.696e+05  step = 2.500e-01  dx = 3.608e+04
************************************************************************

  
  *******************************************************
  ***** Belos Iterative Solver:  Block Gmres 
  ***** Maximum Iterations: 200
  ***** Block Size: 1
  ***** Residual Test: 
  *****   Test 1 : Belos::StatusTestImpResNorm<>: (2-Norm Res Vec) / (2-Norm Res0), tol = 1e-08
  *******************************************************
  Iter   0, [ 1] :    1.000000e+00
  Iter  20, [ 1] :    2.844813e-01
  Iter  40, [ 1] :    8.235976e-02
  Iter  60, [ 1] :    4.287781e-02
  Iter  80, [ 1] :    1.226737e-02
  Iter 100, [ 1] :    4.104382e-03
  Iter 120, [ 1] :    1.260317e-03
  Iter 140, [ 1] :    4.085217e-04
  Iter 160, [ 1] :    1.107248e-04
  Iter 180, [ 1] :    4.059703e-05
  Iter 200, [ 1] :    1.062440e-05
WARNING: NOX::Direction::Newton::compute() - Linear solve failed to achieve convergence - using the step anyway since "Rescue Bad Newton Solve" is true 

************************************************************************
-- Nonlinear Solver Step 5 -- 
||F|| = 4.639e+05  step = 5.000e-01  dx = 3.323e+04
************************************************************************

  
  *******************************************************
  ***** Belos Iterative Solver:  Block Gmres 
  ***** Maximum Iterations: 200
  ***** Block Size: 1
  ***** Residual Test: 
  *****   Test 1 : Belos::StatusTestImpResNorm<>: (2-Norm Res Vec) / (2-Norm Res0), tol = 1e-08
  *******************************************************
  Iter   0, [ 1] :    1.000000e+00
  Iter  20, [ 1] :    9.057391e-01
  Iter  40, [ 1] :    1.440316e-01
  Iter  60, [ 1] :    5.083732e-02
  Iter  80, [ 1] :    1.973834e-02
  Iter 100, [ 1] :    8.024226e-03
  Iter 120, [ 1] :    2.681821e-03
  Iter 140, [ 1] :    8.420883e-04
  Iter 160, [ 1] :    3.838368e-04
  Iter 180, [ 1] :    1.552618e-04
  Iter 200, [ 1] :    6.326356e-05
WARNING: NOX::Direction::Newton::compute() - Linear solve failed to achieve convergence - using the step anyway since "Rescue Bad Newton Solve" is true 

************************************************************************
-- Nonlinear Solver Step 6 -- 
||F|| = 3.400e+05  step = 1.000e+00  dx = 2.392e+04
************************************************************************

  
  *******************************************************
  ***** Belos Iterative Solver:  Block Gmres 
  ***** Maximum Iterations: 200
  ***** Block Size: 1
  ***** Residual Test: 
  *****   Test 1 : Belos::StatusTestImpResNorm<>: (2-Norm Res Vec) / (2-Norm Res0), tol = 1e-08
  *******************************************************
  Iter   0, [ 1] :    1.000000e+00
  Iter  20, [ 1] :    9.519911e-01
  Iter  40, [ 1] :    5.718456e-01
  Iter  60, [ 1] :    6.761236e-02
  Iter  80, [ 1] :    2.345922e-02
  Iter 100, [ 1] :    9.152119e-03
  Iter 120, [ 1] :    4.288349e-03
  Iter 140, [ 1] :    1.964585e-03
  Iter 160, [ 1] :    8.519604e-04
  Iter 180, [ 1] :    2.553771e-04
  Iter 200, [ 1] :    1.301896e-04
WARNING: NOX::Direction::Newton::compute() - Linear solve failed to achieve convergence - using the step anyway since "Rescue Bad Newton Solve" is true 

************************************************************************
-- Nonlinear Solver Step 7 -- 
||F|| = 7.191e+04  step = 1.000e+00  dx = 8.042e+03
************************************************************************

  
  *******************************************************
  ***** Belos Iterative Solver:  Block Gmres 
  ***** Maximum Iterations: 200
  ***** Block Size: 1
  ***** Residual Test: 
  *****   Test 1 : Belos::StatusTestImpResNorm<>: (2-Norm Res Vec) / (2-Norm Res0), tol = 1e-08
  *******************************************************
  Iter   0, [ 1] :    1.000000e+00
  Iter  20, [ 1] :    9.426739e-01
  Iter  40, [ 1] :    6.941685e-01
  Iter  60, [ 1] :    1.613682e-01
  Iter  80, [ 1] :    3.742265e-02
  Iter 100, [ 1] :    1.935864e-02
  Iter 120, [ 1] :    7.643093e-03
  Iter 140, [ 1] :    3.062766e-03
  Iter 160, [ 1] :    1.807004e-03
  Iter 180, [ 1] :    8.169097e-04
  Iter 200, [ 1] :    2.765465e-04
WARNING: NOX::Direction::Newton::compute() - Linear solve failed to achieve convergence - using the step anyway since "Rescue Bad Newton Solve" is true 

************************************************************************
-- Nonlinear Solver Step 8 -- 
||F|| = 5.406e+03  step = 1.000e+00  dx = 1.697e+03
************************************************************************

  
  *******************************************************
  ***** Belos Iterative Solver:  Block Gmres 
  ***** Maximum Iterations: 200
  ***** Block Size: 1
  ***** Residual Test: 
  *****   Test 1 : Belos::StatusTestImpResNorm<>: (2-Norm Res Vec) / (2-Norm Res0), tol = 1e-08
  *******************************************************
  Iter   0, [ 1] :    1.000000e+00
  Iter  20, [ 1] :    9.146116e-01
  Iter  40, [ 1] :    6.081432e-01
  Iter  60, [ 1] :    2.038907e-01
  Iter  80, [ 1] :    4.153910e-02
  Iter 100, [ 1] :    1.592590e-02
  Iter 120, [ 1] :    6.679915e-03
  Iter 140, [ 1] :    2.823690e-03
  Iter 160, [ 1] :    1.487000e-03
  Iter 180, [ 1] :    8.540628e-04
  Iter 200, [ 1] :    3.177240e-04
WARNING: NOX::Direction::Newton::compute() - Linear solve failed to achieve convergence - using the step anyway since "Rescue Bad Newton Solve" is true 

************************************************************************
-- Nonlinear Solver Step 9 -- 
||F|| = 1.433e+02  step = 1.000e+00  dx = 2.234e+02
************************************************************************

  
  *******************************************************
  ***** Belos Iterative Solver:  Block Gmres 
  ***** Maximum Iterations: 200
  ***** Block Size: 1
  ***** Residual Test: 
  *****   Test 1 : Belos::StatusTestImpResNorm<>: (2-Norm Res Vec) / (2-Norm Res0), tol = 1e-08
  *******************************************************
  Iter   0, [ 1] :    1.000000e+00
  Iter  20, [ 1] :    7.902101e-01
  Iter  40, [ 1] :    2.596061e-01
  Iter  60, [ 1] :    9.832896e-02
  Iter  80, [ 1] :    1.960502e-02
  Iter 100, [ 1] :    9.236601e-03
  Iter 120, [ 1] :    5.839007e-03
  Iter 140, [ 1] :    4.112421e-03
  Iter 160, [ 1] :    3.340318e-03
  Iter 180, [ 1] :    2.568569e-03
  Iter 200, [ 1] :    1.947186e-03
WARNING: NOX::Direction::Newton::compute() - Linear solve failed to achieve convergence - using the step anyway since "Rescue Bad Newton Solve" is true 

************************************************************************
-- Nonlinear Solver Step 10 -- 
||F|| = 7.382e+00  step = 1.000e+00  dx = 1.581e+02
************************************************************************

  
  *******************************************************
  ***** Belos Iterative Solver:  Block Gmres 
  ***** Maximum Iterations: 200
  ***** Block Size: 1
  ***** Residual Test: 
  *****   Test 1 : Belos::StatusTestImpResNorm<>: (2-Norm Res Vec) / (2-Norm Res0), tol = 1e-08
  *******************************************************
  Iter   0, [ 1] :    1.000000e+00
  Iter  20, [ 1] :    2.833834e-01
  Iter  40, [ 1] :    1.801864e-01
  Iter  60, [ 1] :    1.046146e-01
  Iter  80, [ 1] :    5.037595e-02
  Iter 100, [ 1] :    3.076531e-02
  Iter 120, [ 1] :    2.215937e-02
  Iter 140, [ 1] :    1.918942e-02
  Iter 160, [ 1] :    1.619901e-02
  Iter 180, [ 1] :    9.156610e-03
  Iter 200, [ 1] :    4.413000e-03
WARNING: NOX::Direction::Newton::compute() - Linear solve failed to achieve convergence - using the step anyway since "Rescue Bad Newton Solve" is true 

************************************************************************
-- Nonlinear Solver Step 11 -- 
||F|| = 4.373e+00  step = 5.000e-01  dx = 7.844e+01
************************************************************************

  
  *******************************************************
  ***** Belos Iterative Solver:  Block Gmres 
  ***** Maximum Iterations: 200
  ***** Block Size: 1
  ***** Residual Test: 
  *****   Test 1 : Belos::StatusTestImpResNorm<>: (2-Norm Res Vec) / (2-Norm Res0), tol = 1e-08
  *******************************************************
  Iter   0, [ 1] :    1.000000e+00
  Iter  20, [ 1] :    3.146731e-01
  Iter  40, [ 1] :    1.653287e-01
  Iter  60, [ 1] :    7.886384e-02
  Iter  80, [ 1] :    4.120745e-02
  Iter 100, [ 1] :    3.005274e-02
  Iter 120, [ 1] :    2.420046e-02
  Iter 140, [ 1] :    1.977279e-02
  Iter 160, [ 1] :    1.375249e-02
  Iter 180, [ 1] :    7.375647e-03
  Iter 200, [ 1] :    3.950970e-03
WARNING: NOX::Direction::Newton::compute() - Linear solve failed to achieve convergence - using the step anyway since "Rescue Bad Newton Solve" is true 

************************************************************************
-- Nonlinear Solver Step 12 -- 
||F|| = 2.534e+00  step = 5.000e-01  dx = 3.880e+01
************************************************************************

  
  *******************************************************
  ***** Belos Iterative Solver:  Block Gmres 
  ***** Maximum Iterations: 200
  ***** Block Size: 1
  ***** Residual Test: 
  *****   Test 1 : Belos::StatusTestImpResNorm<>: (2-Norm Res Vec) / (2-Norm Res0), tol = 1e-08
  *******************************************************
  Iter   0, [ 1] :    1.000000e+00
  Iter  20, [ 1] :    3.360851e-01
  Iter  40, [ 1] :    2.048669e-01
  Iter  60, [ 1] :    1.060931e-01
  Iter  80, [ 1] :    5.409551e-02
  Iter 100, [ 1] :    3.899058e-02
  Iter 120, [ 1] :    3.771881e-02
  Iter 140, [ 1] :    3.077862e-02
  Iter 160, [ 1] :    2.022929e-02
  Iter 180, [ 1] :    1.820464e-02
  Iter 200, [ 1] :    1.576583e-02
WARNING: NOX::Direction::Newton::compute() - Linear solve failed to achieve convergence - using the step anyway since "Rescue Bad Newton Solve" is true 

************************************************************************
-- Nonlinear Solver Step 13 -- 
||F|| = 1.510e+00  step = 5.000e-01  dx = 9.586e+00
************************************************************************

  
  *******************************************************
  ***** Belos Iterative Solver:  Block Gmres 
  ***** Maximum Iterations: 200
  ***** Block Size: 1
  ***** Residual Test: 
  *****   Test 1 : Belos::StatusTestImpResNorm<>: (2-Norm Res Vec) / (2-Norm Res0), tol = 1e-08
  *******************************************************
  Iter   0, [ 1] :    1.000000e+00
  Iter  20, [ 1] :    3.249120e-01
  Iter  40, [ 1] :    1.890882e-01
  Iter  60, [ 1] :    9.743961e-02
  Iter  80, [ 1] :    5.566913e-02
  Iter 100, [ 1] :    5.169855e-02
  Iter 120, [ 1] :    5.103444e-02
  Iter 140, [ 1] :    4.029587e-02
  Iter 160, [ 1] :    2.881437e-02
  Iter 180, [ 1] :    2.213802e-02
  Iter 200, [ 1] :    1.706487e-02
WARNING: NOX::Direction::Newton::compute() - Linear solve failed to achieve convergence - using the step anyway since "Rescue Bad Newton Solve" is true 

************************************************************************
-- Nonlinear Solver Step 14 -- 
||F|| = 9.639e-01  step = 5.000e-01  dx = 8.801e+00
************************************************************************

  
  *******************************************************
  ***** Belos Iterative Solver:  Block Gmres 
  ***** Maximum Iterations: 200
  ***** Block Size: 1
  ***** Residual Test: 
  *****   Test 1 : Belos::StatusTestImpResNorm<>: (2-Norm Res Vec) / (2-Norm Res0), tol = 1e-08
  *******************************************************
  Iter   0, [ 1] :    1.000000e+00
  Iter  20, [ 1] :    2.173964e-01
  Iter  40, [ 1] :    1.287025e-01
  Iter  60, [ 1] :    7.447132e-02
  Iter  80, [ 1] :    4.835445e-02
  Iter 100, [ 1] :    4.339089e-02
  Iter 120, [ 1] :    4.276628e-02
  Iter 140, [ 1] :    3.642896e-02
  Iter 160, [ 1] :    3.099952e-02
  Iter 180, [ 1] :    2.691592e-02
  Iter 200, [ 1] :    1.873697e-02
WARNING: NOX::Direction::Newton::compute() - Linear solve failed to achieve convergence - using the step anyway since "Rescue Bad Newton Solve" is true 

************************************************************************
-- Nonlinear Solver Step 15 -- 
||F|| = 9.083e-01  step = 1.000e+00  dx = 9.115e+00
************************************************************************

  
  *******************************************************
  ***** Belos Iterative Solver:  Block Gmres 
  ***** Maximum Iterations: 200
  ***** Block Size: 1
  ***** Residual Test: 
  *****   Test 1 : Belos::StatusTestImpResNorm<>: (2-Norm Res Vec) / (2-Norm Res0), tol = 1e-08
  *******************************************************
  Iter   0, [ 1] :    1.000000e+00
  Iter  20, [ 1] :    2.001090e-01
  Iter  40, [ 1] :    1.117778e-01
  Iter  60, [ 1] :    5.205789e-02
  Iter  80, [ 1] :    2.606561e-02
  Iter 100, [ 1] :    1.709857e-02
  Iter 120, [ 1] :    1.415381e-02
  Iter 140, [ 1] :    1.273411e-02
  Iter 160, [ 1] :    1.208408e-02
  Iter 180, [ 1] :    1.170301e-02
  Iter 200, [ 1] :    1.163512e-02
WARNING: NOX::Direction::Newton::compute() - Linear solve failed to achieve convergence - using the step anyway since "Rescue Bad Newton Solve" is true 

************************************************************************
-- Nonlinear Solver Step 16 -- 
||F|| = 9.000e-01  step = 1.000e+00  dx = 2.059e+00
************************************************************************

  
  *******************************************************
  ***** Belos Iterative Solver:  Block Gmres 
  ***** Maximum Iterations: 200
  ***** Block Size: 1
  ***** Residual Test: 
  *****   Test 1 : Belos::StatusTestImpResNorm<>: (2-Norm Res Vec) / (2-Norm Res0), tol = 1e-08
  *******************************************************
  Iter   0, [ 1] :    1.000000e+00
  Iter  20, [ 1] :    1.780127e-01
  Iter  40, [ 1] :    8.271789e-02
  Iter  60, [ 1] :    4.475478e-02
  Iter  80, [ 1] :    3.199367e-02
  Iter 100, [ 1] :    3.064744e-02
  Iter 120, [ 1] :    1.928940e-02
  Iter 140, [ 1] :    9.434138e-03
  Iter 160, [ 1] :    7.516495e-03
  Iter 180, [ 1] :    6.917486e-03
  Iter 200, [ 1] :    6.312112e-03
WARNING: NOX::Direction::Newton::compute() - Linear solve failed to achieve convergence - using the step anyway since "Rescue Bad Newton Solve" is true 

************************************************************************
-- Nonlinear Solver Step 17 -- 
||F|| = 8.664e-01  step = 1.000e+00  dx = 1.226e+00
************************************************************************

  
  *******************************************************
  ***** Belos Iterative Solver:  Block Gmres 
  ***** Maximum Iterations: 200
  ***** Block Size: 1
  ***** Residual Test: 
  *****   Test 1 : Belos::StatusTestImpResNorm<>: (2-Norm Res Vec) / (2-Norm Res0), tol = 1e-08
  *******************************************************
  Iter   0, [ 1] :    1.000000e+00
  Iter  20, [ 1] :    1.826438e-01
  Iter  40, [ 1] :    8.359288e-02
  Iter  60, [ 1] :    4.003547e-02
  Iter  80, [ 1] :    1.964461e-02
  Iter 100, [ 1] :    9.482182e-03
  Iter 120, [ 1] :    6.401591e-03
  Iter 140, [ 1] :    5.472890e-03
  Iter 160, [ 1] :    5.102683e-03
  Iter 180, [ 1] :    4.871136e-03
  Iter 200, [ 1] :    4.796677e-03
WARNING: NOX::Direction::Newton::compute() - Linear solve failed to achieve convergence - using the step anyway since "Rescue Bad Newton Solve" is true 

************************************************************************
-- Nonlinear Solver Step 18 -- 
||F|| = 8.361e-02  step = 5.000e-01  dx = 8.872e-01
************************************************************************

  
  *******************************************************
  ***** Belos Iterative Solver:  Block Gmres 
  ***** Maximum Iterations: 200
  ***** Block Size: 1
  ***** Residual Test: 
  *****   Test 1 : Belos::StatusTestImpResNorm<>: (2-Norm Res Vec) / (2-Norm Res0), tol = 1e-08
  *******************************************************
  Iter   0, [ 1] :    1.000000e+00
  Iter  20, [ 1] :    1.867679e-01
  Iter  40, [ 1] :    9.442788e-02
  Iter  60, [ 1] :    6.285702e-02
  Iter  80, [ 1] :    5.601670e-02
  Iter 100, [ 1] :    5.445215e-02
  Iter 120, [ 1] :    5.431128e-02
  Iter 140, [ 1] :    5.358561e-02
  Iter 160, [ 1] :    5.167098e-02
  Iter 180, [ 1] :    4.513028e-02
  Iter 200, [ 1] :    2.849318e-02
WARNING: NOX::Direction::Newton::compute() - Linear solve failed to achieve convergence - using the step anyway since "Rescue Bad Newton Solve" is true 

************************************************************************
-- Nonlinear Solver Step 19 -- 
||F|| = 3.396e-03  step = 1.000e+00  dx = 2.080e+00 (Converged!)
************************************************************************

************************************************************************
-- Final Status Test Results --
Converged....OR Combination -> 
  Converged....F-Norm = 3.656e-06 < 1.000e-05
               (Length-Scaled Two-Norm, Absolute Tolerance)
  ??...........Number of Iterations = -1 < 50
************************************************************************
         Response[0] = -7.00550778e+00 
*** Teuchos::StackedTimer::report() - Remainder for a level will be ***
*** incorrect if a timer in the level does not exist on every rank  ***
*** of the MPI Communicator.                                        ***
PyAlbany Total Time: 85.6115 [2]
|   PyAlbany: Setup Time: 27.2325 - 31.8094% [1]
|   PyAlbany: performSolve: 58.379 - 68.1905% [1]
|   |   Piro::NOXSolver::evalModelImpl::solve: 58.3587 - 99.9652% [1]
|   |   |   Thyra::NOXNonlinearSolver::solve: 58.3579 - 99.9987% [1]
|   |   |   |   Thyra::DefaultModelEvaluatorWithSolveFactory<double>::evalModel(...): 6.59802 - 11.3061% [56]
|   |   |   |   |   Albany: Total Fill Time: 6.59591 - 99.968% [56]
|   |   |   |   |   |   Albany Fill: Residual: 2.14714 - 32.5525% [37]
|   |   |   |   |   |   |   Phalanx::SortAndOrderEvaluators: 1.022e-06 - 4.75983e-05% [1]
|   |   |   |   |   |   |   Albany Residual Fill: Evaluate: 1.81183 - 84.3837% [37]
|   |   |   |   |   |   |   |   Phalanx: Evaluator 8: [<Residual>] LoadStateField(bed_topography)<Residual>: 0.0322286 - 1.77879% [37]
|   |   |   |   |   |   |   |   Phalanx: Evaluator 11: [<Residual>] Save Field bed_topography to State bed_topographyResidual: 0.316511 - 17.4691% [37]
|   |   |   |   |   |   |   |   Phalanx: Evaluator 5: [<Residual>] LoadStateField(surface_height)<Residual>: 0.0313294 - 1.72915% [37]
|   |   |   |   |   |   |   |   Phalanx: Evaluator 12: [<Residual>] Save Field surface_height to State surface_heightResidual: 0.317904 - 17.546% [37]
|   |   |   |   |   |   |   |   Phalanx: Evaluator 31: [<Residual>] Shared Parameter Glen's Law Homotopy Parameter<Residual>: 0.00114589 - 0.0632447% [37]
|   |   |   |   |   |   |   |   Phalanx: Evaluator 2: [<Residual>] Gather Coordinate Vector<Residual>: 0.0627969 - 3.46593% [37]
|   |   |   |   |   |   |   |   Phalanx: Evaluator 25: [<Residual>] ComputeBasisFunctions<Residual>: 0.0191005 - 1.05421% [37]
|   |   |   |   |   |   |   |   Phalanx: Evaluator 0: [<Residual>] Gather Solution<Residual>: 0.0133433 - 0.736452% [37]
|   |   |   |   |   |   |   |   Phalanx: Evaluator 67: [<Residual>] FastSolutionVecGradInterpolationBase<Residual>: 0.00987329 - 0.544934% [37]
|   |   |   |   |   |   |   |   Phalanx: Evaluator 7: [<Residual>] LoadStateField(temperature)<Residual>: 0.204145 - 11.2673% [37]
|   |   |   |   |   |   |   |   Phalanx: Evaluator 78: [<Residual>] P0Interpolation[temperature] <Residual>: 0.000909866 - 0.050218% [37]
|   |   |   |   |   |   |   |   Phalanx: Evaluator 24: [<Residual>] MapToPhysicalFrame<Residual>: 0.0194762 - 1.07494% [37]
|   |   |   |   |   |   |   |   Phalanx: Evaluator 26: [<Residual>] P0Interpolation[Coord Vec] <Residual>: 0.000488551 - 0.0269645% [37]
|   |   |   |   |   |   |   |   Phalanx: Evaluator 76: [<Residual>] P0Interpolation[surface_height] <Residual>: 0.0209743 - 1.15763% [37]
|   |   |   |   |   |   |   |   Phalanx: Evaluator 3: [<Residual>] Pressure Corrected Temperature<Residual>: 0.0120577 - 0.665498% [37]
|   |   |   |   |   |   |   |   Phalanx: Evaluator 33: [<Residual>] ViscosityFO<Residual>: 0.00090217 - 0.0497932% [37]
|   |   |   |   |   |   |   |   Phalanx: Evaluator 34: [<Residual>] Dissipation: 0.0366077 - 2.02048% [37]
|   |   |   |   |   |   |   |   Phalanx: Evaluator 35: [<Residual>] P0Interpolation[LandIce Dissipation] <Residual>: 0.00926641 - 0.511438% [37]
|   |   |   |   |   |   |   |   Phalanx: Evaluator 36: [<Residual>] Save Field LandIce Dissipation to State dissipation_heatResidual: 0.211087 - 11.6505% [37]
|   |   |   |   |   |   |   |   Phalanx: Evaluator 75: [<Residual>] DOFGradInterpolationBase<Residual>: 0.000337665 - 0.0186366% [37]
|   |   |   |   |   |   |   |   Phalanx: Evaluator 37: [<Residual>] StokesFOBodyForce<Residual>: 0.00234662 - 0.129517% [37]
|   |   |   |   |   |   |   |   Phalanx: Evaluator 66: [<Residual>] FastSolutionVecInterpolationBase<Residual>: 0.000835665 - 0.0461226% [37]
|   |   |   |   |   |   |   |   Phalanx: Evaluator 28: [<Residual>] StokesFOResid<Residual>: 0.0615342 - 3.39624% [37]
|   |   |   |   |   |   |   |   Phalanx: Evaluator 63: [<Residual>] DOFCellToSide(Coord Vec -> Coord Vec_extruded_boundary_side_set_1)[Vertex Vector]<Residual>: 0.151693 - 8.37233% [37]
|   |   |   |   |   |   |   |   Phalanx: Evaluator 60: [<Residual>] ComputeBasisFunctionsSide<Residual>: 0.0216068 - 1.19254% [37]
|   |   |   |   |   |   |   |   Phalanx: Evaluator 101: [<Residual>] DOFCellToSide(surface_height -> surface_height_extruded_boundary_side_set_1)[Node Scalar]<Residual>: 0.000139471 - 0.00769778% [37]
|   |   |   |   |   |   |   |   Phalanx: Evaluator 103: [<Residual>] DOFInterpolationSide<Residual>: 0.000396852 - 0.0219033% [37]
|   |   |   |   |   |   |   |   Phalanx: Evaluator 4: [<Residual>] LoadStateField(ice_thickness)<Residual>: 0.0341399 - 1.88427% [37]
|   |   |   |   |   |   |   |   Phalanx: Evaluator 99: [<Residual>] DOFCellToSide(ice_thickness -> ice_thickness_extruded_boundary_side_set_1)[Node Scalar]<Residual>: 0.000157104 - 0.008671% [37]
|   |   |   |   |   |   |   |   Phalanx: Evaluator 100: [<Residual>] DOFInterpolationSide<Residual>: 0.00330033 - 0.182154% [37]
|   |   |   |   |   |   |   |   Phalanx: Evaluator 38: [<Residual>] StokesFOLateralResid<Residual>: 0.000930135 - 0.0513367% [37]
|   |   |   |   |   |   |   |   Phalanx: Evaluator 59: [<Residual>] DOFCellToSide(Coord Vec -> Coord Vec_basalside)[Vertex Vector]<Residual>: 0.00275111 - 0.151841% [37]
|   |   |   |   |   |   |   |   Phalanx: Evaluator 56: [<Residual>] ComputeBasisFunctionsSide<Residual>: 0.0112238 - 0.619473% [37]
|   |   |   |   |   |   |   |   Phalanx: Evaluator 49: [<Residual>] Shared Parameter Power Exponent<Residual>: 0.0012598 - 0.069532% [37]
|   |   |   |   |   |   |   |   Phalanx: Evaluator 18: [<Residual>] Load Side Set Field log_basal_friction_basalside from Side Set State log_basal_friction<Residual>: 0.0172196 - 0.950398% [37]
|   |   |   |   |   |   |   |   Phalanx: Evaluator 91: [<Residual>] DOFInterpolationSide<Residual>: 0.000139956 - 0.00772455% [37]
|   |   |   |   |   |   |   |   Phalanx: Evaluator 13: [<Residual>] Load Side Set Field ice_thickness_basalside from Side Set State ice_thickness<Residual>: 0.0178747 - 0.986551% [37]
|   |   |   |   |   |   |   |   Phalanx: Evaluator 17: [<Residual>] Load Side Set Field bed_topography_basalside from Side Set State bed_topography<Residual>: 0.0151258 - 0.834834% [37]
|   |   |   |   |   |   |   |   Phalanx: Evaluator 50: [<Residual>] BasalFrictionCoefficient<Residual>: 0.000889288 - 0.0490822% [37]
|   |   |   |   |   |   |   |   Phalanx: Evaluator 79: [<Residual>] DOFCellToSide(Velocity -> Velocity_basalside)[Node Vector]<Residual>: 0.0026011 - 0.143562% [37]
|   |   |   |   |   |   |   |   Phalanx: Evaluator 80: [<Residual>] DOFVecInterpolationSide<Residual>: 0.00191779 - 0.105848% [37]
|   |   |   |   |   |   |   |   Phalanx: Evaluator 39: [<Residual>] StokesFOBasalResid<Residual>: 0.00168452 - 0.0929734% [37]
|   |   |   |   |   |   |   |   Phalanx: Evaluator 1: [<Residual>] Scatter Velocity Residual<Residual>: 0.00291898 - 0.161106% [37]
|   |   |   |   |   |   |   |   Remainder: 0.138661 - 7.65307%
|   |   |   |   |   |   |   Albany Residual Fill: Export: 0.00232306 - 0.108194% [37]
|   |   |   |   |   |   |   Remainder: 0.332979 - 15.508%
|   |   |   |   |   |   Albany Fill: Jacobian: 4.44807 - 67.4368% [19]
|   |   |   |   |   |   |   Phalanx::SortAndOrderEvaluators: 6.02e-07 - 1.3534e-05% [1]
|   |   |   |   |   |   |   Albany Jacobian Fill: Evaluate: 3.0229 - 67.9599% [19]
|   |   |   |   |   |   |   |   Phalanx: Evaluator 141: [<Jacobian>] Shared Parameter Glen's Law Homotopy Parameter<Jacobian>: 0.000250354 - 0.00828191% [19]
|   |   |   |   |   |   |   |   Phalanx: Evaluator 112: [<Jacobian>] Gather Coordinate Vector<Jacobian>: 0.0632954 - 2.09386% [19]
|   |   |   |   |   |   |   |   Phalanx: Evaluator 135: [<Jacobian>] ComputeBasisFunctions<Jacobian>: 0.0192583 - 0.637081% [19]
|   |   |   |   |   |   |   |   Phalanx: Evaluator 110: [<Jacobian>] Gather Solution<Jacobian>: 0.0124176 - 0.410783% [19]
|   |   |   |   |   |   |   |   Phalanx: Evaluator 177: [<Jacobian>] FastSolutionVecGradInterpolationBase<Jacobian>: 0.0200718 - 0.66399% [19]
|   |   |   |   |   |   |   |   Phalanx: Evaluator 117: [<Jacobian>] LoadStateField(temperature)<Jacobian>: 0.318872 - 10.5485% [19]
|   |   |   |   |   |   |   |   Phalanx: Evaluator 187: [<Jacobian>] P0Interpolation[temperature] <Jacobian>: 0.000435704 - 0.0144134% [19]
|   |   |   |   |   |   |   |   Phalanx: Evaluator 134: [<Jacobian>] MapToPhysicalFrame<Jacobian>: 0.013091 - 0.43306% [19]
|   |   |   |   |   |   |   |   Phalanx: Evaluator 136: [<Jacobian>] P0Interpolation[Coord Vec] <Jacobian>: 0.000262258 - 0.0086757% [19]
|   |   |   |   |   |   |   |   Phalanx: Evaluator 115: [<Jacobian>] LoadStateField(surface_height)<Jacobian>: 0.0402125 - 1.33026% [19]
|   |   |   |   |   |   |   |   Phalanx: Evaluator 185: [<Jacobian>] P0Interpolation[surface_height] <Jacobian>: 0.000225256 - 0.00745165% [19]
|   |   |   |   |   |   |   |   Phalanx: Evaluator 113: [<Jacobian>] Pressure Corrected Temperature<Jacobian>: 0.0114909 - 0.380127% [19]
|   |   |   |   |   |   |   |   Phalanx: Evaluator 143: [<Jacobian>] ViscosityFO<Jacobian>: 0.000532589 - 0.0176185% [19]
|   |   |   |   |   |   |   |   Phalanx: Evaluator 184: [<Jacobian>] DOFGradInterpolationBase<Jacobian>: 0.16298 - 5.39149% [19]
|   |   |   |   |   |   |   |   Phalanx: Evaluator 147: [<Jacobian>] StokesFOBodyForce<Jacobian>: 0.00229503 - 0.0759215% [19]
|   |   |   |   |   |   |   |   Phalanx: Evaluator 176: [<Jacobian>] FastSolutionVecInterpolationBase<Jacobian>: 0.00297345 - 0.0983643% [19]
|   |   |   |   |   |   |   |   Phalanx: Evaluator 138: [<Jacobian>] StokesFOResid<Jacobian>: 0.101119 - 3.34511% [19]
|   |   |   |   |   |   |   |   Phalanx: Evaluator 173: [<Jacobian>] DOFCellToSide(Coord Vec -> Coord Vec_extruded_boundary_side_set_1)[Vertex Vector]<Jacobian>: 2.00719 - 66.3994% [19]
|   |   |   |   |   |   |   |   Phalanx: Evaluator 170: [<Jacobian>] ComputeBasisFunctionsSide<Jacobian>: 0.016873 - 0.558172% [19]
|   |   |   |   |   |   |   |   Phalanx: Evaluator 210: [<Jacobian>] DOFCellToSide(surface_height -> surface_height_extruded_boundary_side_set_1)[Node Scalar]<Jacobian>: 7.2499e-05 - 0.00239832% [19]
|   |   |   |   |   |   |   |   Phalanx: Evaluator 212: [<Jacobian>] DOFInterpolationSide<Jacobian>: 0.000305468 - 0.0101051% [19]
|   |   |   |   |   |   |   |   Phalanx: Evaluator 114: [<Jacobian>] LoadStateField(ice_thickness)<Jacobian>: 0.0338103 - 1.11847% [19]
|   |   |   |   |   |   |   |   Phalanx: Evaluator 208: [<Jacobian>] DOFCellToSide(ice_thickness -> ice_thickness_extruded_boundary_side_set_1)[Node Scalar]<Jacobian>: 9.5322e-05 - 0.00315333% [19]
|   |   |   |   |   |   |   |   Phalanx: Evaluator 209: [<Jacobian>] DOFInterpolationSide<Jacobian>: 0.00327857 - 0.108458% [19]
|   |   |   |   |   |   |   |   Phalanx: Evaluator 148: [<Jacobian>] StokesFOLateralResid<Jacobian>: 0.00049569 - 0.0163978% [19]
|   |   |   |   |   |   |   |   Phalanx: Evaluator 169: [<Jacobian>] DOFCellToSide(Coord Vec -> Coord Vec_basalside)[Vertex Vector]<Jacobian>: 0.0300125 - 0.992838% [19]
|   |   |   |   |   |   |   |   Phalanx: Evaluator 166: [<Jacobian>] ComputeBasisFunctionsSide<Jacobian>: 0.0109662 - 0.362771% [19]
|   |   |   |   |   |   |   |   Phalanx: Evaluator 159: [<Jacobian>] Shared Parameter Power Exponent<Jacobian>: 0.000750552 - 0.0248289% [19]
|   |   |   |   |   |   |   |   Phalanx: Evaluator 128: [<Jacobian>] Load Side Set Field log_basal_friction_basalside from Side Set State log_basal_friction<Jacobian>: 0.0163519 - 0.540932% [19]
|   |   |   |   |   |   |   |   Phalanx: Evaluator 200: [<Jacobian>] DOFInterpolationSide<Jacobian>: 7.8349e-05 - 0.00259185% [19]
|   |   |   |   |   |   |   |   Phalanx: Evaluator 123: [<Jacobian>] Load Side Set Field ice_thickness_basalside from Side Set State ice_thickness<Jacobian>: 0.0175401 - 0.580241% [19]
|   |   |   |   |   |   |   |   Phalanx: Evaluator 127: [<Jacobian>] Load Side Set Field bed_topography_basalside from Side Set State bed_topography<Jacobian>: 0.0150771 - 0.498762% [19]
|   |   |   |   |   |   |   |   Phalanx: Evaluator 160: [<Jacobian>] BasalFrictionCoefficient<Jacobian>: 0.000513991 - 0.0170032% [19]
|   |   |   |   |   |   |   |   Phalanx: Evaluator 188: [<Jacobian>] DOFCellToSide(Velocity -> Velocity_basalside)[Node Vector]<Jacobian>: 0.00260266 - 0.0860979% [19]
|   |   |   |   |   |   |   |   Phalanx: Evaluator 189: [<Jacobian>] DOFVecInterpolationSide<Jacobian>: 0.00623625 - 0.2063% [19]
|   |   |   |   |   |   |   |   Phalanx: Evaluator 149: [<Jacobian>] StokesFOBasalResid<Jacobian>: 0.00787932 - 0.260654% [19]
|   |   |   |   |   |   |   |   Phalanx: Evaluator 111: [<Jacobian>] Scatter Velocity Residual<Jacobian>: 0.0173282 - 0.573232% [19]
|   |   |   |   |   |   |   |   Remainder: 0.0656619 - 2.17215%
|   |   |   |   |   |   |   Albany Jacobian Fill: Export: 0.00107987 - 0.0242772% [19]
|   |   |   |   |   |   |   Remainder: 1.42408 - 32.0158%
|   |   |   |   |   |   Remainder: 0.000706198 - 0.0107066%
|   |   |   |   |   Remainder: 0.00211384 - 0.0320374%
|   |   |   |   NOX Total Preconditioner Construction: 20.3234 - 34.8255% [19]
|   |   |   |   |   ThyraMueLu::initializePrec: 20.1478 - 99.136% [19]
|   |   |   |   |   |   MueLu: ParameterListInterpreter (ParameterList): 0.0148738 - 0.0738233% [19]
|   |   |   |   |   |   Ifpack2::Relaxation::initialize: 0.261842 - 1.2996% [57]
|   |   |   |   |   |   Ifpack2::Relaxation::compute: 0.0220353 - 0.109368% [57]
|   |   |   |   |   |   Utilities_kokkos::GetMatrixDiagonalInverse: 0.00119076 - 0.00591012% [19]
|   |   |   |   |   |   Remainder: 19.8479 - 98.5113%
|   |   |   |   |   Remainder: 0.175603 - 0.864044%
|   |   |   |   NOX Total Linear Solve: 31.4048 - 53.8141% [19]
|   |   |   |   |   Stratimikos: BelosLOWS: 31.4047 - 99.9998% [19]
|   |   |   |   |   |   Belos: Operation Op*x: 0.0210697 - 0.0670908% [19]
|   |   |   |   |   |   Belos::MVT::MvAddMv: 0.000203665 - 0.000648518% [19]
|   |   |   |   |   |   Belos: BlockGmresSolMgr total solve time: 31.1514 - 99.1933% [19]
|   |   |   |   |   |   |   Belos: ICGS[2]: Orthogonalization: 10.2803 - 33.0011% [3789]
|   |   |   |   |   |   |   |   Belos: ICGS[2]: Ortho (Norm): 0.143185 - 1.39281% [3789]
|   |   |   |   |   |   |   |   |   Belos::MVT::MvDot: 0.139083 - 97.1357% [3789]
|   |   |   |   |   |   |   |   |   Remainder: 0.00410125 - 2.86431%
|   |   |   |   |   |   |   |   Belos::MVT::MvScale: 0.0196303 - 0.190951% [3789]
|   |   |   |   |   |   |   |   Belos: ICGS[2]: Ortho (Inner Product): 5.58961 - 54.3721% [7540]
|   |   |   |   |   |   |   |   |   Belos::MVT::MvTransMv: 5.58015 - 99.8307% [7540]
|   |   |   |   |   |   |   |   |   Remainder: 0.00946377 - 0.16931%
|   |   |   |   |   |   |   |   Belos: ICGS[2]: Ortho (Update): 4.49921 - 43.7654% [7540]
|   |   |   |   |   |   |   |   |   Belos::MVT::MvTimesMatAddMv: 4.49035 - 99.803% [7540]
|   |   |   |   |   |   |   |   |   Remainder: 0.00886435 - 0.19702%
|   |   |   |   |   |   |   |   Remainder: 0.0286527 - 0.278715%
|   |   |   |   |   |   |   Belos::MVT::MvAddMv: 0.000369013 - 0.00118458% [40]
|   |   |   |   |   |   |   Belos::MVT::MvNorm: 0.0222366 - 0.0713824% [20]
|   |   |   |   |   |   |   Belos: Operation Prec*x: 11.6033 - 37.2482% [3789]
|   |   |   |   |   |   |   |   Ifpack2::Relaxation::apply: 3.18502 - 27.4492% [18945]
|   |   |   |   |   |   |   |   Remainder: 8.41831 - 72.5508%
|   |   |   |   |   |   |   Belos: Operation Op*x: 8.31688 - 26.6983% [3771]
|   |   |   |   |   |   |   Belos::MVT::MvTimesMatAddMv: 0.0443649 - 0.142417% [19]
|   |   |   |   |   |   |   Remainder: 0.883887 - 2.8374%
|   |   |   |   |   |   Remainder: 0.232073 - 0.738975%
|   |   |   |   |   Remainder: 6.4485e-05 - 0.000205335%
|   |   |   |   Remainder: 0.0316877 - 0.0542989%
|   |   |   Remainder: 0.000734989 - 0.00125943%
|   |   Piro::SteadyStateSolver::evalConvergedModelResponsesAndSensitivities::calc g, df/dp, dg/dp, dg/dx: 0.00112923 - 0.00193431% [1]
|   |   |   Thyra::DefaultModelEvaluatorWithSolveFactory<double>::evalModel(...): 0.0010701 - 94.7633% [1]
|   |   |   |   Albany: Total Fill Time: 0.00104316 - 97.4832% [1]
|   |   |   |   |   Albany Fill: Response: 0.00102772 - 98.5199% [1]
|   |   |   |   |   Remainder: 1.544e-05 - 1.48011%
|   |   |   |   Remainder: 2.6932e-05 - 2.51678%
|   |   |   Remainder: 5.9134e-05 - 5.23666%
|   |   Albany Fill: State Residual: 0.00317564 - 0.00543971% [1]
|   |   |   Phalanx::SortAndOrderEvaluators: 1.293e-06 - 0.0407162% [5]
|   |   |   Remainder: 0.00317435 - 99.9593%
|   |   Albany: Output to File: 0.0145834 - 0.0249806% [1]
|   |   Thyra::DefaultModelEvaluatorWithSolveFactory<double>::evalModel(...): 0.000140001 - 0.000239814% [1]
|   |   |   Albany: Total Fill Time: 8.2629e-05 - 59.0203% [1]
|   |   |   |   Albany Fill: Response: 7.3542e-05 - 89.0027% [1]
|   |   |   |   Remainder: 9.087e-06 - 10.9973%
|   |   |   Remainder: 5.7372e-05 - 40.9797%
|   |   Remainder: 0.00128381 - 0.0021991%
|   Remainder: 1.2616e-05 - 1.47363e-05%
~PyProblem()
<PyAlbany.Albany_Pybind11.RCPPyParameterList object at 0x1497f144bbb0>
<PyAlbany.Albany_Pybind11.RCPPyParameterList object at 0x1497f144bcb0>
Solve time: 58.378968567
~PyParallelEnv()

