*********************************************************************************
**  ______   __  __   ______   __       ______   ______   __   __   __  __     **
** /\  == \ /\ \_\ \ /\  __ \ /\ \     /\  == \ /\  __ \ /\ "-.\ \ /\ \_\ \    **
** \ \  __/ \ \____ \\ \  __ \\ \ \____\ \  __< \ \  __ \\ \ \-.  \\ \____ \   **
**  \ \_\    \/\_____\\ \_\ \_\\ \_____\\ \_____\\ \_\ \_\\ \_\\"\_\\/\_____\  **
**   \/_/     \/_____/ \/_/\/_/ \/_____/ \/_____/ \/_/\/_/ \/_/ \/_/ \/_____/  **
**                                                                             **
*********************************************************************************
** Trilinos git commit id - c70ae3dfa18
** Albany git branch ------ pybind11_PR
** Albany git commit id --- 7a1da3122
** Albany cxx compiler ---- GNU 10.3.0
** Albany cuda compiler --- Cuda 115
** Simulation start time -- 2022-09-26 at 22:52:21
***************************************************************
Albany_IOSS: Loading STKMesh from Exodus file  /global/homes/m/mcarlson/LandIce/ALITune/optimize/data/mesh-pop-wdg/gis_basal_populated.exo
Albany_IOSS: Loading STKMesh from Exodus file  /global/homes/m/mcarlson/LandIce/ALITune/optimize/data/mesh-pop-wdg/gis_upper_populated.exo
IOSS-STK: number of node sets = 3
IOSS-STK: number of side sets = 3
IOSS-STK: number of node sets = 3
IOSS-STK: number of side sets = 3
IOSS-STK: number of node sets = 1
IOSS-STK: number of side sets = 0
Restart Index set, reading solution index : 1
[GenericSTKMeshStruct] Processing field requirements...
  - Skipping field 'ice_thickness' since it's listed as present in the mesh.
  - Skipping field 'observed_ice_thickness' since it's listed as present in the mesh.
  - Skipping field 'observed_ice_thickness_RMS' since it's listed as present in the mesh.
  - Skipping field 'surface_height' since it's listed as present in the mesh.
  - Skipping field 'bed_topography' since it's listed as present in the mesh.
  - Skipping field 'log_basal_friction' since it's listed as present in the mesh.
  - Skipping field 'temperature' since it's listed as present in the mesh.
  - Skipping field 'apparent_mass_balance' since it's listed as present in the mesh.
  - Skipping field 'apparent_mass_balance_RMS' since it's listed as present in the mesh.
[ExtrudedSTKMesh] Adding nodes... done!
[ExtrudedSTKMesh] Adding elements... done!
[ExtrudedSTKMesh] Adding basalside sides... done!
[ExtrudedSTKMesh] Adding upperside sides... done!
[ExtrudedSTKMesh] Adding lateral sides... done!
[ExtrudedSTKMesh] Extruding basal fields...
  - Extruding Scalar Node field ice_thickness...done!
  - Extruding Scalar Node field surface_height...done!
  - Extruding Scalar Node field log_basal_friction...done!
  - Extruding Scalar Node field bed_topography...done!
  - Extruding Scalar Node field apparent_mass_balance...done!
  - Extruding Scalar Node field apparent_mass_balance_RMS...done!
[ExtrudedSTKMesh] Interpolating layered basal fields...
  - Interpolating Scalar field temperature...done!
[GenericSTKMeshStruct] Processing field requirements...
  - Skipping field 'ice_thickness' since it's listed as present in the mesh.
  - Skipping field 'surface_height' since it's listed as present in the mesh.
  - Skipping field 'log_basal_friction' since it's listed as present in the mesh.
  - Skipping field 'temperature' since it's listed as present in the mesh.
  - Skipping field 'bed_topography' since it's listed as present in the mesh.
  - Skipping field 'apparent_mass_balance' since it's listed as present in the mesh.
  - Skipping field 'apparent_mass_balance_RMS' since it's listed as present in the mesh.
  - Skipping field 'bed_topography' since it's listed as output. Make sure there's an evaluator set to save it!
  - Skipping field 'surface_height' since it's listed as output. Make sure there's an evaluator set to save it!
Restart Index set, reading solution index : 1
[GenericSTKMeshStruct] Processing field requirements...
  - Skipping field 'observed_surface_velocity' since it's listed as present in the mesh.
  - Skipping field 'observed_surface_velocity_RMS' since it's listed as present in the mesh.
STKDisc: 725880 elements on Proc 0 
STKDisc: nodeset basal_boundary_node_set_0 has size 0  on Proc 0.
STKDisc: nodeset basal_boundary_node_set_1 has size 6027  on Proc 0.
STKDisc: nodeset basal_node_set has size 39224  on Proc 0.
STKDisc: nodeset bottom has size 39224  on Proc 0.
STKDisc: nodeset extruded_boundary_node_set_0 has size 0  on Proc 0.
STKDisc: nodeset extruded_boundary_node_set_1 has size 66297  on Proc 0.
STKDisc: nodeset extruded_node_set has size 431464  on Proc 0.
STKDisc: nodeset lateral has size 66297  on Proc 0.
STKDisc: nodeset top has size 39224  on Proc 0.
STKDisc: sideset basalside has size 72588  on Proc 0.
STKDisc: sideset extruded_boundary_side_set has size 60460  on Proc 0.
STKDisc: sideset extruded_boundary_side_set_1 has size 57830  on Proc 0.
STKDisc: sideset extruded_boundary_side_set_1_tri3_edge2 has size 57830  on Proc 0.
STKDisc: sideset extruded_boundary_side_set_2 has size 2630  on Proc 0.
STKDisc: sideset extruded_boundary_side_set_2_tri3_edge2 has size 2630  on Proc 0.
STKDisc: sideset extruded_boundary_side_set_tri3_edge2 has size 60460  on Proc 0.
STKDisc: sideset lateralside has size 60460  on Proc 0.
STKDisc: sideset upperside has size 72588  on Proc 0.
STKDisc: 72588 elements on Proc 0 
STKDisc: nodeset boundary_node_set_0 has size 0  on Proc 0.
STKDisc: nodeset boundary_node_set_1 has size 6027  on Proc 0.
STKDisc: nodeset node_set has size 39224  on Proc 0.
STKDisc: sideset boundary_side_set has size 6046  on Proc 0.
STKDisc: sideset boundary_side_set_1 has size 5783  on Proc 0.
STKDisc: sideset boundary_side_set_2 has size 263  on Proc 0.
STKDisc: 72588 elements on Proc 0 
STKDisc: nodeset all_nodes has size 39224  on Proc 0.
StateManager: initializing state:  ice_thickness
StateManager: initializing state:  surface_height
StateManager: initializing state:  log_basal_friction
StateManager: initializing state:  temperature
StateManager: initializing state:  bed_topography
StateManager: initializing state:  apparent_mass_balance
StateManager: initializing state:  apparent_mass_balance_RMS
StateManager: initializing state:  dissipation_heat

StateManager: initializing state:  ice_thickness
StateManager: initializing state:  observed_ice_thickness
StateManager: initializing state:  observed_ice_thickness_RMS
StateManager: initializing state:  surface_height
StateManager: initializing state:  bed_topography
StateManager: initializing state:  log_basal_friction
StateManager: initializing state:  temperature
StateManager: initializing state:  apparent_mass_balance
StateManager: initializing state:  apparent_mass_balance_RMS

StateManager: initializing state:  observed_surface_velocity
StateManager: initializing state:  observed_surface_velocity_RMS

xxxxxxxxxxxxxxxxxxxxxxxxxxxxxxxxxxxxxxxxxxxxxxx
 Sacado ParameterLibrary has been initialized:
 Library of all registered parameters:
xxxxxxxxxxxxxxxxxxxxxxxxxxxxxxxxxxxxxxxxxxxxxxx

Total number of parameters  = 0
Number of non-distributed parameters  = 0
Number of response vectors  = 1
Number of distributed parameters vectors  = 0

************************************************************************
-- Nonlinear Solver Step 0 -- 
||F|| = 5.152e+05  step = 0.000e+00  dx = 0.000e+00
************************************************************************

  
  *******************************************************
  ***** Belos Iterative Solver:  Block Gmres 
  ***** Maximum Iterations: 200
  ***** Block Size: 1
  ***** Residual Test: 
  *****   Test 1 : Belos::StatusTestImpResNorm<>: (2-Norm Res Vec) / (2-Norm Res0), tol = 1e-08
  *******************************************************
  Iter   0, [ 1] :    1.000000e+00
  Iter  20, [ 1] :    9.977030e-01
  Iter  40, [ 1] :    9.974307e-01
  Iter  60, [ 1] :    9.973205e-01
  Iter  80, [ 1] :    9.972836e-01
  Iter 100, [ 1] :    9.972559e-01
  Iter 120, [ 1] :    9.972158e-01
  Iter 140, [ 1] :    9.971358e-01
  Iter 160, [ 1] :    9.971096e-01
  Iter 180, [ 1] :    9.970740e-01
  Iter 200, [ 1] :    9.970465e-01
WARNING: NOX::Direction::Newton::compute() - Linear solve failed to achieve convergence - using the step anyway since "Rescue Bad Newton Solve" is true 

************************************************************************
-- Nonlinear Solver Step 1 -- 
||F|| = 5.135e+05  step = 1.000e+00  dx = 1.061e+00
************************************************************************

  
  *******************************************************
  ***** Belos Iterative Solver:  Block Gmres 
  ***** Maximum Iterations: 200
  ***** Block Size: 1
  ***** Residual Test: 
  *****   Test 1 : Belos::StatusTestImpResNorm<>: (2-Norm Res Vec) / (2-Norm Res0), tol = 1e-08
  *******************************************************
  Iter   0, [ 1] :    1.000000e+00
  Iter  20, [ 1] :    9.999158e-01
  Iter  40, [ 1] :    9.999113e-01
  Iter  60, [ 1] :    9.999096e-01
  Iter  80, [ 1] :    9.999084e-01
  Iter 100, [ 1] :    9.999071e-01
  Iter 120, [ 1] :    9.999052e-01
  Iter 140, [ 1] :    9.999016e-01
  Iter 160, [ 1] :    9.999002e-01
  Iter 180, [ 1] :    9.998989e-01
  Iter 200, [ 1] :    9.998974e-01
WARNING: NOX::Direction::Newton::compute() - Linear solve failed to achieve convergence - using the step anyway since "Rescue Bad Newton Solve" is true 

************************************************************************
-- Nonlinear Solver Step 2 -- 
||F|| = 5.134e+05  step = 1.000e+00  dx = 1.036e+00
************************************************************************

  
  *******************************************************
  ***** Belos Iterative Solver:  Block Gmres 
  ***** Maximum Iterations: 200
  ***** Block Size: 1
  ***** Residual Test: 
  *****   Test 1 : Belos::StatusTestImpResNorm<>: (2-Norm Res Vec) / (2-Norm Res0), tol = 1e-08
  *******************************************************
  Iter   0, [ 1] :    1.000000e+00
  Iter  20, [ 1] :    9.999954e-01
  Iter  40, [ 1] :    9.999944e-01
  Iter  60, [ 1] :    9.999939e-01
  Iter  80, [ 1] :    9.999934e-01
  Iter 100, [ 1] :    9.999927e-01
  Iter 120, [ 1] :    9.999921e-01
  Iter 140, [ 1] :    9.999915e-01
  Iter 160, [ 1] :    9.999900e-01
  Iter 180, [ 1] :    9.999889e-01
  Iter 200, [ 1] :    9.999869e-01
WARNING: NOX::Direction::Newton::compute() - Linear solve failed to achieve convergence - using the step anyway since "Rescue Bad Newton Solve" is true 

************************************************************************
-- Nonlinear Solver Step 3 -- 
||F|| = 5.134e+05  step = 1.000e+00  dx = 1.054e-01
************************************************************************

  
  *******************************************************
  ***** Belos Iterative Solver:  Block Gmres 
  ***** Maximum Iterations: 200
  ***** Block Size: 1
  ***** Residual Test: 
  *****   Test 1 : Belos::StatusTestImpResNorm<>: (2-Norm Res Vec) / (2-Norm Res0), tol = 1e-08
  *******************************************************
  Iter   0, [ 1] :    1.000000e+00
  Iter  20, [ 1] :    9.999990e-01
  Iter  40, [ 1] :    9.999985e-01
  Iter  60, [ 1] :    9.999977e-01
  Iter  80, [ 1] :    9.999942e-01
  Iter 100, [ 1] :    9.999926e-01
  Iter 120, [ 1] :    9.999924e-01
  Iter 140, [ 1] :    9.999920e-01
  Iter 160, [ 1] :    9.999909e-01
  Iter 180, [ 1] :    9.999901e-01
  Iter 200, [ 1] :    9.999881e-01
WARNING: NOX::Direction::Newton::compute() - Linear solve failed to achieve convergence - using the step anyway since "Rescue Bad Newton Solve" is true 

************************************************************************
-- Nonlinear Solver Step 4 -- 
||F|| = 5.134e+05  step = 1.000e+00  dx = 1.770e-01
************************************************************************

  
  *******************************************************
  ***** Belos Iterative Solver:  Block Gmres 
  ***** Maximum Iterations: 200
  ***** Block Size: 1
  ***** Residual Test: 
  *****   Test 1 : Belos::StatusTestImpResNorm<>: (2-Norm Res Vec) / (2-Norm Res0), tol = 1e-08
  *******************************************************
  Iter   0, [ 1] :    1.000000e+00
  Iter  20, [ 1] :    9.999997e-01
  Iter  40, [ 1] :    9.999995e-01
  Iter  60, [ 1] :    9.999994e-01
  Iter  80, [ 1] :    9.999993e-01
  Iter 100, [ 1] :    9.999989e-01
  Iter 120, [ 1] :    9.999979e-01
  Iter 140, [ 1] :    9.999978e-01
  Iter 160, [ 1] :    9.999964e-01
  Iter 180, [ 1] :    9.999951e-01
  Iter 200, [ 1] :    9.999940e-01
WARNING: NOX::Direction::Newton::compute() - Linear solve failed to achieve convergence - using the step anyway since "Rescue Bad Newton Solve" is true 

************************************************************************
-- Nonlinear Solver Step 5 -- 
||F|| = 5.134e+05  step = 1.000e+00  dx = 7.190e-02
************************************************************************

  
  *******************************************************
  ***** Belos Iterative Solver:  Block Gmres 
  ***** Maximum Iterations: 200
  ***** Block Size: 1
  ***** Residual Test: 
  *****   Test 1 : Belos::StatusTestImpResNorm<>: (2-Norm Res Vec) / (2-Norm Res0), tol = 1e-08
  *******************************************************
  Iter   0, [ 1] :    1.000000e+00
  Iter  20, [ 1] :    9.999998e-01
  Iter  40, [ 1] :    9.999997e-01
  Iter  60, [ 1] :    9.999996e-01
  Iter  80, [ 1] :    9.999994e-01
  Iter 100, [ 1] :    9.999988e-01
  Iter 120, [ 1] :    9.999977e-01
  Iter 140, [ 1] :    9.999970e-01
  Iter 160, [ 1] :    9.999965e-01
  Iter 180, [ 1] :    9.999956e-01
  Iter 200, [ 1] :    9.999934e-01
WARNING: NOX::Direction::Newton::compute() - Linear solve failed to achieve convergence - using the step anyway since "Rescue Bad Newton Solve" is true 

************************************************************************
-- Nonlinear Solver Step 6 -- 
||F|| = 5.134e+05  step = 1.000e+00  dx = 1.000e-01
************************************************************************

  
  *******************************************************
  ***** Belos Iterative Solver:  Block Gmres 
  ***** Maximum Iterations: 200
  ***** Block Size: 1
  ***** Residual Test: 
  *****   Test 1 : Belos::StatusTestImpResNorm<>: (2-Norm Res Vec) / (2-Norm Res0), tol = 1e-08
  *******************************************************
  Iter   0, [ 1] :    1.000000e+00
  Iter  20, [ 1] :    9.999999e-01
  Iter  40, [ 1] :    9.999995e-01
  Iter  60, [ 1] :    9.999963e-01
  Iter  80, [ 1] :    9.999924e-01
  Iter 100, [ 1] :    9.999921e-01
  Iter 120, [ 1] :    9.999911e-01
  Iter 140, [ 1] :    9.999852e-01
  Iter 160, [ 1] :    9.999845e-01
  Iter 180, [ 1] :    9.999841e-01
  Iter 200, [ 1] :    9.999830e-01
WARNING: NOX::Direction::Newton::compute() - Linear solve failed to achieve convergence - using the step anyway since "Rescue Bad Newton Solve" is true 

************************************************************************
-- Nonlinear Solver Step 7 -- 
||F|| = 5.134e+05  step = 1.000e+00  dx = 1.017e-01
************************************************************************

  
  *******************************************************
  ***** Belos Iterative Solver:  Block Gmres 
  ***** Maximum Iterations: 200
  ***** Block Size: 1
  ***** Residual Test: 
  *****   Test 1 : Belos::StatusTestImpResNorm<>: (2-Norm Res Vec) / (2-Norm Res0), tol = 1e-08
  *******************************************************
  Iter   0, [ 1] :    1.000000e+00
  Iter  20, [ 1] :    9.999999e-01
  Iter  40, [ 1] :    9.999998e-01
  Iter  60, [ 1] :    9.999996e-01
  Iter  80, [ 1] :    9.999992e-01
  Iter 100, [ 1] :    9.999991e-01
  Iter 120, [ 1] :    9.999990e-01
  Iter 140, [ 1] :    9.999989e-01
  Iter 160, [ 1] :    9.999988e-01
  Iter 180, [ 1] :    9.999986e-01
  Iter 200, [ 1] :    9.999981e-01
WARNING: NOX::Direction::Newton::compute() - Linear solve failed to achieve convergence - using the step anyway since "Rescue Bad Newton Solve" is true 

************************************************************************
-- Nonlinear Solver Step 8 -- 
||F|| = 5.134e+05  step = 1.000e+00  dx = 6.893e-02
************************************************************************

  
  *******************************************************
  ***** Belos Iterative Solver:  Block Gmres 
  ***** Maximum Iterations: 200
  ***** Block Size: 1
  ***** Residual Test: 
  *****   Test 1 : Belos::StatusTestImpResNorm<>: (2-Norm Res Vec) / (2-Norm Res0), tol = 1e-08
  *******************************************************
  Iter   0, [ 1] :    1.000000e+00
  Iter  20, [ 1] :    9.999999e-01
  Iter  40, [ 1] :    9.999999e-01
  Iter  60, [ 1] :    9.999999e-01
  Iter  80, [ 1] :    9.999998e-01
  Iter 100, [ 1] :    9.999998e-01
  Iter 120, [ 1] :    9.999997e-01
  Iter 140, [ 1] :    9.999995e-01
  Iter 160, [ 1] :    9.999994e-01
  Iter 180, [ 1] :    9.999991e-01
  Iter 200, [ 1] :    9.999986e-01
WARNING: NOX::Direction::Newton::compute() - Linear solve failed to achieve convergence - using the step anyway since "Rescue Bad Newton Solve" is true 

************************************************************************
-- Nonlinear Solver Step 9 -- 
||F|| = 5.134e+05  step = 1.000e+00  dx = 2.427e-02
************************************************************************

  
  *******************************************************
  ***** Belos Iterative Solver:  Block Gmres 
  ***** Maximum Iterations: 200
  ***** Block Size: 1
  ***** Residual Test: 
  *****   Test 1 : Belos::StatusTestImpResNorm<>: (2-Norm Res Vec) / (2-Norm Res0), tol = 1e-08
  *******************************************************
  Iter   0, [ 1] :    1.000000e+00
  Iter  20, [ 1] :    9.999999e-01
  Iter  40, [ 1] :    9.999999e-01
  Iter  60, [ 1] :    9.999998e-01
  Iter  80, [ 1] :    9.999997e-01
  Iter 100, [ 1] :    9.999997e-01
  Iter 120, [ 1] :    9.999996e-01
  Iter 140, [ 1] :    9.999996e-01
  Iter 160, [ 1] :    9.999995e-01
  Iter 180, [ 1] :    9.999994e-01
  Iter 200, [ 1] :    9.999991e-01
WARNING: NOX::Direction::Newton::compute() - Linear solve failed to achieve convergence - using the step anyway since "Rescue Bad Newton Solve" is true 

************************************************************************
-- Nonlinear Solver Step 10 -- 
||F|| = 5.134e+05  step = 1.000e+00  dx = 5.706e-02
************************************************************************

  
  *******************************************************
  ***** Belos Iterative Solver:  Block Gmres 
  ***** Maximum Iterations: 200
  ***** Block Size: 1
  ***** Residual Test: 
  *****   Test 1 : Belos::StatusTestImpResNorm<>: (2-Norm Res Vec) / (2-Norm Res0), tol = 1e-08
  *******************************************************
  Iter   0, [ 1] :    1.000000e+00
  Iter  20, [ 1] :    9.999999e-01
  Iter  40, [ 1] :    9.999999e-01
  Iter  60, [ 1] :    9.999998e-01
  Iter  80, [ 1] :    9.999998e-01
  Iter 100, [ 1] :    9.999998e-01
  Iter 120, [ 1] :    9.999997e-01
  Iter 140, [ 1] :    9.999997e-01
  Iter 160, [ 1] :    9.999996e-01
  Iter 180, [ 1] :    9.999996e-01
  Iter 200, [ 1] :    9.999994e-01
WARNING: NOX::Direction::Newton::compute() - Linear solve failed to achieve convergence - using the step anyway since "Rescue Bad Newton Solve" is true 

************************************************************************
-- Nonlinear Solver Step 11 -- 
||F|| = 5.134e+05  step = 1.000e+00  dx = 6.094e-02
************************************************************************

  
  *******************************************************
  ***** Belos Iterative Solver:  Block Gmres 
  ***** Maximum Iterations: 200
  ***** Block Size: 1
  ***** Residual Test: 
  *****   Test 1 : Belos::StatusTestImpResNorm<>: (2-Norm Res Vec) / (2-Norm Res0), tol = 1e-08
  *******************************************************
  Iter   0, [ 1] :    1.000000e+00
  Iter  20, [ 1] :    1.000000e+00
  Iter  40, [ 1] :    1.000000e+00
  Iter  60, [ 1] :    9.999999e-01
  Iter  80, [ 1] :    9.999999e-01
  Iter 100, [ 1] :    9.999999e-01
  Iter 120, [ 1] :    9.999997e-01
  Iter 140, [ 1] :    9.999996e-01
  Iter 160, [ 1] :    9.999995e-01
  Iter 180, [ 1] :    9.999994e-01
  Iter 200, [ 1] :    9.999992e-01
WARNING: NOX::Direction::Newton::compute() - Linear solve failed to achieve convergence - using the step anyway since "Rescue Bad Newton Solve" is true 

************************************************************************
-- Nonlinear Solver Step 12 -- 
||F|| = 5.134e+05  step = 1.000e+00  dx = 9.702e-03
************************************************************************

  
  *******************************************************
  ***** Belos Iterative Solver:  Block Gmres 
  ***** Maximum Iterations: 200
  ***** Block Size: 1
  ***** Residual Test: 
  *****   Test 1 : Belos::StatusTestImpResNorm<>: (2-Norm Res Vec) / (2-Norm Res0), tol = 1e-08
  *******************************************************
  Iter   0, [ 1] :    1.000000e+00
  Iter  20, [ 1] :    9.999994e-01
  Iter  40, [ 1] :    9.999993e-01
  Iter  60, [ 1] :    9.999993e-01
  Iter  80, [ 1] :    9.999993e-01
  Iter 100, [ 1] :    9.999993e-01
  Iter 120, [ 1] :    9.999992e-01
  Iter 140, [ 1] :    9.999990e-01
  Iter 160, [ 1] :    9.999989e-01
  Iter 180, [ 1] :    9.999985e-01
  Iter 200, [ 1] :    9.999972e-01
WARNING: NOX::Direction::Newton::compute() - Linear solve failed to achieve convergence - using the step anyway since "Rescue Bad Newton Solve" is true 

************************************************************************
-- Nonlinear Solver Step 13 -- 
||F|| = 5.134e+05  step = 1.000e+00  dx = 1.413e-01
************************************************************************

  
  *******************************************************
  ***** Belos Iterative Solver:  Block Gmres 
  ***** Maximum Iterations: 200
  ***** Block Size: 1
  ***** Residual Test: 
  *****   Test 1 : Belos::StatusTestImpResNorm<>: (2-Norm Res Vec) / (2-Norm Res0), tol = 1e-08
  *******************************************************
  Iter   0, [ 1] :    1.000000e+00
  Iter  20, [ 1] :    9.999999e-01
  Iter  40, [ 1] :    9.999999e-01
  Iter  60, [ 1] :    9.999999e-01
  Iter  80, [ 1] :    9.999998e-01
  Iter 100, [ 1] :    9.999997e-01
  Iter 120, [ 1] :    9.999995e-01
  Iter 140, [ 1] :    9.999993e-01
  Iter 160, [ 1] :    9.999990e-01
  Iter 180, [ 1] :    9.999989e-01
  Iter 200, [ 1] :    9.999985e-01
WARNING: NOX::Direction::Newton::compute() - Linear solve failed to achieve convergence - using the step anyway since "Rescue Bad Newton Solve" is true 

************************************************************************
-- Nonlinear Solver Step 14 -- 
||F|| = 5.134e+05  step = 1.000e+00  dx = 5.004e-02
************************************************************************

  
  *******************************************************
  ***** Belos Iterative Solver:  Block Gmres 
  ***** Maximum Iterations: 200
  ***** Block Size: 1
  ***** Residual Test: 
  *****   Test 1 : Belos::StatusTestImpResNorm<>: (2-Norm Res Vec) / (2-Norm Res0), tol = 1e-08
  *******************************************************
  Iter   0, [ 1] :    1.000000e+00
  Iter  20, [ 1] :    9.999999e-01
  Iter  40, [ 1] :    9.999999e-01
  Iter  60, [ 1] :    9.999999e-01
  Iter  80, [ 1] :    9.999999e-01
  Iter 100, [ 1] :    9.999998e-01
  Iter 120, [ 1] :    9.999998e-01
  Iter 140, [ 1] :    9.999995e-01
  Iter 160, [ 1] :    9.999993e-01
  Iter 180, [ 1] :    9.999990e-01
  Iter 200, [ 1] :    9.999983e-01
WARNING: NOX::Direction::Newton::compute() - Linear solve failed to achieve convergence - using the step anyway since "Rescue Bad Newton Solve" is true 

************************************************************************
-- Nonlinear Solver Step 15 -- 
||F|| = 5.134e+05  step = 1.000e+00  dx = 4.528e-02
************************************************************************

  
  *******************************************************
  ***** Belos Iterative Solver:  Block Gmres 
  ***** Maximum Iterations: 200
  ***** Block Size: 1
  ***** Residual Test: 
  *****   Test 1 : Belos::StatusTestImpResNorm<>: (2-Norm Res Vec) / (2-Norm Res0), tol = 1e-08
  *******************************************************
  Iter   0, [ 1] :    1.000000e+00
  Iter  20, [ 1] :    9.999995e-01
  Iter  40, [ 1] :    9.999995e-01
  Iter  60, [ 1] :    9.999995e-01
  Iter  80, [ 1] :    9.999994e-01
  Iter 100, [ 1] :    9.999993e-01
  Iter 120, [ 1] :    9.999992e-01
  Iter 140, [ 1] :    9.999991e-01
  Iter 160, [ 1] :    9.999990e-01
  Iter 180, [ 1] :    9.999988e-01
  Iter 200, [ 1] :    9.999983e-01
WARNING: NOX::Direction::Newton::compute() - Linear solve failed to achieve convergence - using the step anyway since "Rescue Bad Newton Solve" is true 

************************************************************************
-- Nonlinear Solver Step 16 -- 
||F|| = 5.134e+05  step = 1.000e+00  dx = 1.565e-01
************************************************************************

  
  *******************************************************
  ***** Belos Iterative Solver:  Block Gmres 
  ***** Maximum Iterations: 200
  ***** Block Size: 1
  ***** Residual Test: 
  *****   Test 1 : Belos::StatusTestImpResNorm<>: (2-Norm Res Vec) / (2-Norm Res0), tol = 1e-08
  *******************************************************
  Iter   0, [ 1] :    1.000000e+00
  Iter  20, [ 1] :    9.999997e-01
  Iter  40, [ 1] :    9.999997e-01
  Iter  60, [ 1] :    9.999996e-01
  Iter  80, [ 1] :    9.999996e-01
  Iter 100, [ 1] :    9.999995e-01
  Iter 120, [ 1] :    9.999994e-01
  Iter 140, [ 1] :    9.999993e-01
  Iter 160, [ 1] :    9.999991e-01
  Iter 180, [ 1] :    9.999989e-01
  Iter 200, [ 1] :    9.999985e-01
WARNING: NOX::Direction::Newton::compute() - Linear solve failed to achieve convergence - using the step anyway since "Rescue Bad Newton Solve" is true 

************************************************************************
-- Nonlinear Solver Step 17 -- 
||F|| = 5.134e+05  step = 1.000e+00  dx = 1.461e-01
************************************************************************

  
  *******************************************************
  ***** Belos Iterative Solver:  Block Gmres 
  ***** Maximum Iterations: 200
  ***** Block Size: 1
  ***** Residual Test: 
  *****   Test 1 : Belos::StatusTestImpResNorm<>: (2-Norm Res Vec) / (2-Norm Res0), tol = 1e-08
  *******************************************************
  Iter   0, [ 1] :    1.000000e+00
  Iter  20, [ 1] :    9.999994e-01
  Iter  40, [ 1] :    9.999994e-01
  Iter  60, [ 1] :    9.999993e-01
  Iter  80, [ 1] :    9.999993e-01
  Iter 100, [ 1] :    9.999992e-01
  Iter 120, [ 1] :    9.999992e-01
  Iter 140, [ 1] :    9.999991e-01
  Iter 160, [ 1] :    9.999990e-01
  Iter 180, [ 1] :    9.999989e-01
  Iter 200, [ 1] :    9.999984e-01
WARNING: NOX::Direction::Newton::compute() - Linear solve failed to achieve convergence - using the step anyway since "Rescue Bad Newton Solve" is true 

************************************************************************
-- Nonlinear Solver Step 18 -- 
||F|| = 5.134e+05  step = 1.000e+00  dx = 2.089e-01
************************************************************************

  
  *******************************************************
  ***** Belos Iterative Solver:  Block Gmres 
  ***** Maximum Iterations: 200
  ***** Block Size: 1
  ***** Residual Test: 
  *****   Test 1 : Belos::StatusTestImpResNorm<>: (2-Norm Res Vec) / (2-Norm Res0), tol = 1e-08
  *******************************************************
  Iter   0, [ 1] :    1.000000e+00
  Iter  20, [ 1] :    1.000000e+00
  Iter  40, [ 1] :    1.000000e+00
  Iter  60, [ 1] :    1.000000e+00
  Iter  80, [ 1] :    9.999999e-01
  Iter 100, [ 1] :    9.999999e-01
  Iter 120, [ 1] :    9.999999e-01
  Iter 140, [ 1] :    9.999998e-01
  Iter 160, [ 1] :    9.999998e-01
  Iter 180, [ 1] :    9.999997e-01
  Iter 200, [ 1] :    9.999989e-01
WARNING: NOX::Direction::Newton::compute() - Linear solve failed to achieve convergence - using the step anyway since "Rescue Bad Newton Solve" is true 

************************************************************************
-- Nonlinear Solver Step 19 -- 
||F|| = 5.134e+05  step = 1.000e+00  dx = 4.164e-02
************************************************************************

  
  *******************************************************
  ***** Belos Iterative Solver:  Block Gmres 
  ***** Maximum Iterations: 200
  ***** Block Size: 1
  ***** Residual Test: 
  *****   Test 1 : Belos::StatusTestImpResNorm<>: (2-Norm Res Vec) / (2-Norm Res0), tol = 1e-08
  *******************************************************
  Iter   0, [ 1] :    1.000000e+00
  Iter  20, [ 1] :    1.000000e+00
  Iter  40, [ 1] :    1.000000e+00
  Iter  60, [ 1] :    9.999999e-01
  Iter  80, [ 1] :    9.999999e-01
  Iter 100, [ 1] :    9.999999e-01
  Iter 120, [ 1] :    9.999998e-01
  Iter 140, [ 1] :    9.999998e-01
  Iter 160, [ 1] :    9.999996e-01
  Iter 180, [ 1] :    9.999995e-01
  Iter 200, [ 1] :    9.999992e-01
WARNING: NOX::Direction::Newton::compute() - Linear solve failed to achieve convergence - using the step anyway since "Rescue Bad Newton Solve" is true 

************************************************************************
-- Nonlinear Solver Step 20 -- 
||F|| = 5.134e+05  step = 1.000e+00  dx = 6.023e-02
************************************************************************

  
  *******************************************************
  ***** Belos Iterative Solver:  Block Gmres 
  ***** Maximum Iterations: 200
  ***** Block Size: 1
  ***** Residual Test: 
  *****   Test 1 : Belos::StatusTestImpResNorm<>: (2-Norm Res Vec) / (2-Norm Res0), tol = 1e-08
  *******************************************************
  Iter   0, [ 1] :    1.000000e+00
  Iter  20, [ 1] :    1.000000e+00
  Iter  40, [ 1] :    1.000000e+00
  Iter  60, [ 1] :    9.999999e-01
  Iter  80, [ 1] :    9.999999e-01
  Iter 100, [ 1] :    9.999999e-01
  Iter 120, [ 1] :    9.999999e-01
  Iter 140, [ 1] :    9.999998e-01
  Iter 160, [ 1] :    9.999997e-01
  Iter 180, [ 1] :    9.999995e-01
  Iter 200, [ 1] :    9.999993e-01
WARNING: NOX::Direction::Newton::compute() - Linear solve failed to achieve convergence - using the step anyway since "Rescue Bad Newton Solve" is true 

************************************************************************
-- Nonlinear Solver Step 21 -- 
||F|| = 5.134e+05  step = 1.000e+00  dx = 5.791e-02
************************************************************************

  
  *******************************************************
  ***** Belos Iterative Solver:  Block Gmres 
  ***** Maximum Iterations: 200
  ***** Block Size: 1
  ***** Residual Test: 
  *****   Test 1 : Belos::StatusTestImpResNorm<>: (2-Norm Res Vec) / (2-Norm Res0), tol = 1e-08
  *******************************************************
  Iter   0, [ 1] :    1.000000e+00
  Iter  20, [ 1] :    1.000000e+00
  Iter  40, [ 1] :    1.000000e+00
  Iter  60, [ 1] :    9.999999e-01
  Iter  80, [ 1] :    9.999999e-01
  Iter 100, [ 1] :    9.999999e-01
  Iter 120, [ 1] :    9.999999e-01
  Iter 140, [ 1] :    9.999999e-01
  Iter 160, [ 1] :    9.999998e-01
  Iter 180, [ 1] :    9.999998e-01
  Iter 200, [ 1] :    9.999995e-01
WARNING: NOX::Direction::Newton::compute() - Linear solve failed to achieve convergence - using the step anyway since "Rescue Bad Newton Solve" is true 

************************************************************************
-- Nonlinear Solver Step 22 -- 
||F|| = 5.134e+05  step = 1.000e+00  dx = 5.165e-02
************************************************************************

  
  *******************************************************
  ***** Belos Iterative Solver:  Block Gmres 
  ***** Maximum Iterations: 200
  ***** Block Size: 1
  ***** Residual Test: 
  *****   Test 1 : Belos::StatusTestImpResNorm<>: (2-Norm Res Vec) / (2-Norm Res0), tol = 1e-08
  *******************************************************
  Iter   0, [ 1] :    1.000000e+00
  Iter  20, [ 1] :    1.000000e+00
  Iter  40, [ 1] :    1.000000e+00
  Iter  60, [ 1] :    1.000000e+00
  Iter  80, [ 1] :    9.999999e-01
  Iter 100, [ 1] :    9.999999e-01
  Iter 120, [ 1] :    9.999999e-01
  Iter 140, [ 1] :    9.999999e-01
  Iter 160, [ 1] :    9.999999e-01
  Iter 180, [ 1] :    9.999998e-01
  Iter 200, [ 1] :    9.999996e-01
WARNING: NOX::Direction::Newton::compute() - Linear solve failed to achieve convergence - using the step anyway since "Rescue Bad Newton Solve" is true 

************************************************************************
-- Nonlinear Solver Step 23 -- 
||F|| = 5.134e+05  step = 1.000e+00  dx = 2.577e-02
************************************************************************

  
  *******************************************************
  ***** Belos Iterative Solver:  Block Gmres 
  ***** Maximum Iterations: 200
  ***** Block Size: 1
  ***** Residual Test: 
  *****   Test 1 : Belos::StatusTestImpResNorm<>: (2-Norm Res Vec) / (2-Norm Res0), tol = 1e-08
  *******************************************************
  Iter   0, [ 1] :    1.000000e+00
  Iter  20, [ 1] :    1.000000e+00
  Iter  40, [ 1] :    1.000000e+00
  Iter  60, [ 1] :    1.000000e+00
  Iter  80, [ 1] :    1.000000e+00
  Iter 100, [ 1] :    1.000000e+00
  Iter 120, [ 1] :    1.000000e+00
  Iter 140, [ 1] :    9.999999e-01
  Iter 160, [ 1] :    9.999999e-01
  Iter 180, [ 1] :    9.999998e-01
  Iter 200, [ 1] :    9.999996e-01
WARNING: NOX::Direction::Newton::compute() - Linear solve failed to achieve convergence - using the step anyway since "Rescue Bad Newton Solve" is true 

************************************************************************
-- Nonlinear Solver Step 24 -- 
||F|| = 5.134e+05  step = 1.000e+00  dx = 2.359e-02
************************************************************************

  
  *******************************************************
  ***** Belos Iterative Solver:  Block Gmres 
  ***** Maximum Iterations: 200
  ***** Block Size: 1
  ***** Residual Test: 
  *****   Test 1 : Belos::StatusTestImpResNorm<>: (2-Norm Res Vec) / (2-Norm Res0), tol = 1e-08
  *******************************************************
  Iter   0, [ 1] :    1.000000e+00
  Iter  20, [ 1] :    1.000000e+00
  Iter  40, [ 1] :    1.000000e+00
  Iter  60, [ 1] :    9.999999e-01
  Iter  80, [ 1] :    9.999999e-01
  Iter 100, [ 1] :    9.999999e-01
  Iter 120, [ 1] :    9.999999e-01
  Iter 140, [ 1] :    9.999999e-01
  Iter 160, [ 1] :    9.999998e-01
  Iter 180, [ 1] :    9.999996e-01
  Iter 200, [ 1] :    9.999993e-01
WARNING: NOX::Direction::Newton::compute() - Linear solve failed to achieve convergence - using the step anyway since "Rescue Bad Newton Solve" is true 

************************************************************************
-- Nonlinear Solver Step 25 -- 
||F|| = 5.134e+05  step = 1.000e+00  dx = 7.281e-02
************************************************************************

  
  *******************************************************
  ***** Belos Iterative Solver:  Block Gmres 
  ***** Maximum Iterations: 200
  ***** Block Size: 1
  ***** Residual Test: 
  *****   Test 1 : Belos::StatusTestImpResNorm<>: (2-Norm Res Vec) / (2-Norm Res0), tol = 1e-08
  *******************************************************
  Iter   0, [ 1] :    1.000000e+00
  Iter  20, [ 1] :    9.999999e-01
  Iter  40, [ 1] :    9.999999e-01
  Iter  60, [ 1] :    9.999998e-01
  Iter  80, [ 1] :    9.999998e-01
  Iter 100, [ 1] :    9.999998e-01
  Iter 120, [ 1] :    9.999998e-01
  Iter 140, [ 1] :    9.999998e-01
  Iter 160, [ 1] :    9.999998e-01
  Iter 180, [ 1] :    9.999996e-01
  Iter 200, [ 1] :    9.999994e-01
WARNING: NOX::Direction::Newton::compute() - Linear solve failed to achieve convergence - using the step anyway since "Rescue Bad Newton Solve" is true 

************************************************************************
-- Nonlinear Solver Step 26 -- 
||F|| = 5.134e+05  step = 1.000e+00  dx = 7.133e-02
************************************************************************

  
  *******************************************************
  ***** Belos Iterative Solver:  Block Gmres 
  ***** Maximum Iterations: 200
  ***** Block Size: 1
  ***** Residual Test: 
  *****   Test 1 : Belos::StatusTestImpResNorm<>: (2-Norm Res Vec) / (2-Norm Res0), tol = 1e-08
  *******************************************************
  Iter   0, [ 1] :    1.000000e+00
  Iter  20, [ 1] :    9.999998e-01
  Iter  40, [ 1] :    9.999998e-01
  Iter  60, [ 1] :    9.999997e-01
  Iter  80, [ 1] :    9.999997e-01
  Iter 100, [ 1] :    9.999997e-01
  Iter 120, [ 1] :    9.999997e-01
  Iter 140, [ 1] :    9.999997e-01
  Iter 160, [ 1] :    9.999996e-01
  Iter 180, [ 1] :    9.999995e-01
  Iter 200, [ 1] :    9.999994e-01
WARNING: NOX::Direction::Newton::compute() - Linear solve failed to achieve convergence - using the step anyway since "Rescue Bad Newton Solve" is true 

************************************************************************
-- Nonlinear Solver Step 27 -- 
||F|| = 5.134e+05  step = 1.000e+00  dx = 1.156e-01
************************************************************************

  
  *******************************************************
  ***** Belos Iterative Solver:  Block Gmres 
  ***** Maximum Iterations: 200
  ***** Block Size: 1
  ***** Residual Test: 
  *****   Test 1 : Belos::StatusTestImpResNorm<>: (2-Norm Res Vec) / (2-Norm Res0), tol = 1e-08
  *******************************************************
  Iter   0, [ 1] :    1.000000e+00
  Iter  20, [ 1] :    1.000000e+00
  Iter  40, [ 1] :    1.000000e+00
  Iter  60, [ 1] :    9.999999e-01
  Iter  80, [ 1] :    9.999999e-01
  Iter 100, [ 1] :    9.999999e-01
  Iter 120, [ 1] :    9.999999e-01
  Iter 140, [ 1] :    9.999998e-01
  Iter 160, [ 1] :    9.999998e-01
  Iter 180, [ 1] :    9.999997e-01
  Iter 200, [ 1] :    9.999996e-01
WARNING: NOX::Direction::Newton::compute() - Linear solve failed to achieve convergence - using the step anyway since "Rescue Bad Newton Solve" is true 

************************************************************************
-- Nonlinear Solver Step 28 -- 
||F|| = 5.134e+05  step = 1.000e+00  dx = 1.173e-02
************************************************************************

  
  *******************************************************
  ***** Belos Iterative Solver:  Block Gmres 
  ***** Maximum Iterations: 200
  ***** Block Size: 1
  ***** Residual Test: 
  *****   Test 1 : Belos::StatusTestImpResNorm<>: (2-Norm Res Vec) / (2-Norm Res0), tol = 1e-08
  *******************************************************
  Iter   0, [ 1] :    1.000000e+00
  Iter  20, [ 1] :    1.000000e+00
  Iter  40, [ 1] :    1.000000e+00
  Iter  60, [ 1] :    1.000000e+00
  Iter  80, [ 1] :    1.000000e+00
  Iter 100, [ 1] :    1.000000e+00
  Iter 120, [ 1] :    9.999999e-01
  Iter 140, [ 1] :    9.999999e-01
  Iter 160, [ 1] :    9.999999e-01
  Iter 180, [ 1] :    9.999998e-01
  Iter 200, [ 1] :    9.999996e-01
WARNING: NOX::Direction::Newton::compute() - Linear solve failed to achieve convergence - using the step anyway since "Rescue Bad Newton Solve" is true 

************************************************************************
-- Nonlinear Solver Step 29 -- 
||F|| = 5.134e+05  step = 1.000e+00  dx = 1.917e-02
************************************************************************

  
  *******************************************************
  ***** Belos Iterative Solver:  Block Gmres 
  ***** Maximum Iterations: 200
  ***** Block Size: 1
  ***** Residual Test: 
  *****   Test 1 : Belos::StatusTestImpResNorm<>: (2-Norm Res Vec) / (2-Norm Res0), tol = 1e-08
  *******************************************************
  Iter   0, [ 1] :    1.000000e+00
  Iter  20, [ 1] :    1.000000e+00
  Iter  40, [ 1] :    1.000000e+00
  Iter  60, [ 1] :    1.000000e+00
  Iter  80, [ 1] :    1.000000e+00
  Iter 100, [ 1] :    1.000000e+00
  Iter 120, [ 1] :    1.000000e+00
  Iter 140, [ 1] :    9.999999e-01
  Iter 160, [ 1] :    9.999999e-01
  Iter 180, [ 1] :    9.999999e-01
  Iter 200, [ 1] :    9.999997e-01
WARNING: NOX::Direction::Newton::compute() - Linear solve failed to achieve convergence - using the step anyway since "Rescue Bad Newton Solve" is true 

************************************************************************
-- Nonlinear Solver Step 30 -- 
||F|| = 5.134e+05  step = 1.000e+00  dx = 7.502e-03
************************************************************************

  
  *******************************************************
  ***** Belos Iterative Solver:  Block Gmres 
  ***** Maximum Iterations: 200
  ***** Block Size: 1
  ***** Residual Test: 
  *****   Test 1 : Belos::StatusTestImpResNorm<>: (2-Norm Res Vec) / (2-Norm Res0), tol = 1e-08
  *******************************************************
  Iter   0, [ 1] :    1.000000e+00
  Iter  20, [ 1] :    1.000000e+00
  Iter  40, [ 1] :    1.000000e+00
  Iter  60, [ 1] :    1.000000e+00
  Iter  80, [ 1] :    1.000000e+00
  Iter 100, [ 1] :    9.999999e-01
  Iter 120, [ 1] :    9.999999e-01
  Iter 140, [ 1] :    9.999999e-01
  Iter 160, [ 1] :    9.999999e-01
  Iter 180, [ 1] :    9.999998e-01
  Iter 200, [ 1] :    9.999996e-01
WARNING: NOX::Direction::Newton::compute() - Linear solve failed to achieve convergence - using the step anyway since "Rescue Bad Newton Solve" is true 

************************************************************************
-- Nonlinear Solver Step 31 -- 
||F|| = 5.134e+05  step = 1.000e+00  dx = 1.096e-02
************************************************************************

  
  *******************************************************
  ***** Belos Iterative Solver:  Block Gmres 
  ***** Maximum Iterations: 200
  ***** Block Size: 1
  ***** Residual Test: 
  *****   Test 1 : Belos::StatusTestImpResNorm<>: (2-Norm Res Vec) / (2-Norm Res0), tol = 1e-08
  *******************************************************
  Iter   0, [ 1] :    1.000000e+00
  Iter  20, [ 1] :    1.000000e+00
  Iter  40, [ 1] :    1.000000e+00
  Iter  60, [ 1] :    1.000000e+00
  Iter  80, [ 1] :    9.999999e-01
  Iter 100, [ 1] :    9.999999e-01
  Iter 120, [ 1] :    9.999999e-01
  Iter 140, [ 1] :    9.999998e-01
  Iter 160, [ 1] :    9.999998e-01
  Iter 180, [ 1] :    9.999996e-01
  Iter 200, [ 1] :    9.999989e-01
WARNING: NOX::Direction::Newton::compute() - Linear solve failed to achieve convergence - using the step anyway since "Rescue Bad Newton Solve" is true 

************************************************************************
-- Nonlinear Solver Step 32 -- 
||F|| = 5.134e+05  step = 1.000e+00  dx = 1.474e-02
************************************************************************

  
  *******************************************************
  ***** Belos Iterative Solver:  Block Gmres 
  ***** Maximum Iterations: 200
  ***** Block Size: 1
  ***** Residual Test: 
  *****   Test 1 : Belos::StatusTestImpResNorm<>: (2-Norm Res Vec) / (2-Norm Res0), tol = 1e-08
  *******************************************************
  Iter   0, [ 1] :    1.000000e+00
  Iter  20, [ 1] :    1.000000e+00
  Iter  40, [ 1] :    1.000000e+00
  Iter  60, [ 1] :    9.999999e-01
  Iter  80, [ 1] :    9.999998e-01
  Iter 100, [ 1] :    9.999995e-01
  Iter 120, [ 1] :    9.999994e-01
  Iter 140, [ 1] :    9.999992e-01
  Iter 160, [ 1] :    9.999992e-01
  Iter 180, [ 1] :    9.999990e-01
  Iter 200, [ 1] :    9.999988e-01
WARNING: NOX::Direction::Newton::compute() - Linear solve failed to achieve convergence - using the step anyway since "Rescue Bad Newton Solve" is true 

************************************************************************
-- Nonlinear Solver Step 33 -- 
||F|| = 5.134e+05  step = 1.000e+00  dx = 4.616e-02
************************************************************************

  
  *******************************************************
  ***** Belos Iterative Solver:  Block Gmres 
  ***** Maximum Iterations: 200
  ***** Block Size: 1
  ***** Residual Test: 
  *****   Test 1 : Belos::StatusTestImpResNorm<>: (2-Norm Res Vec) / (2-Norm Res0), tol = 1e-08
  *******************************************************
  Iter   0, [ 1] :    1.000000e+00
  Iter  20, [ 1] :    1.000000e+00
  Iter  40, [ 1] :    9.999999e-01
  Iter  60, [ 1] :    9.999998e-01
  Iter  80, [ 1] :    9.999997e-01
  Iter 100, [ 1] :    9.999997e-01
  Iter 120, [ 1] :    9.999997e-01
  Iter 140, [ 1] :    9.999996e-01
  Iter 160, [ 1] :    9.999995e-01
  Iter 180, [ 1] :    9.999995e-01
  Iter 200, [ 1] :    9.999992e-01
WARNING: NOX::Direction::Newton::compute() - Linear solve failed to achieve convergence - using the step anyway since "Rescue Bad Newton Solve" is true 

************************************************************************
-- Nonlinear Solver Step 34 -- 
||F|| = 5.134e+05  step = 1.000e+00  dx = 1.904e-02
************************************************************************

  
  *******************************************************
  ***** Belos Iterative Solver:  Block Gmres 
  ***** Maximum Iterations: 200
  ***** Block Size: 1
  ***** Residual Test: 
  *****   Test 1 : Belos::StatusTestImpResNorm<>: (2-Norm Res Vec) / (2-Norm Res0), tol = 1e-08
  *******************************************************
  Iter   0, [ 1] :    1.000000e+00
  Iter  20, [ 1] :    1.000000e+00
  Iter  40, [ 1] :    1.000000e+00
  Iter  60, [ 1] :    9.999999e-01
  Iter  80, [ 1] :    9.999999e-01
  Iter 100, [ 1] :    9.999998e-01
  Iter 120, [ 1] :    9.999997e-01
  Iter 140, [ 1] :    9.999995e-01
  Iter 160, [ 1] :    9.999993e-01
  Iter 180, [ 1] :    9.999992e-01
  Iter 200, [ 1] :    9.999991e-01
WARNING: NOX::Direction::Newton::compute() - Linear solve failed to achieve convergence - using the step anyway since "Rescue Bad Newton Solve" is true 

************************************************************************
-- Nonlinear Solver Step 35 -- 
||F|| = 5.134e+05  step = 1.000e+00  dx = 4.323e-03
************************************************************************

  
  *******************************************************
  ***** Belos Iterative Solver:  Block Gmres 
  ***** Maximum Iterations: 200
  ***** Block Size: 1
  ***** Residual Test: 
  *****   Test 1 : Belos::StatusTestImpResNorm<>: (2-Norm Res Vec) / (2-Norm Res0), tol = 1e-08
  *******************************************************
  Iter   0, [ 1] :    1.000000e+00
  Iter  20, [ 1] :    1.000000e+00
  Iter  40, [ 1] :    1.000000e+00
  Iter  60, [ 1] :    1.000000e+00
  Iter  80, [ 1] :    1.000000e+00
  Iter 100, [ 1] :    1.000000e+00
  Iter 120, [ 1] :    9.999999e-01
  Iter 140, [ 1] :    9.999999e-01
  Iter 160, [ 1] :    9.999999e-01
  Iter 180, [ 1] :    9.999997e-01
  Iter 200, [ 1] :    9.999994e-01
WARNING: NOX::Direction::Newton::compute() - Linear solve failed to achieve convergence - using the step anyway since "Rescue Bad Newton Solve" is true 

************************************************************************
-- Nonlinear Solver Step 36 -- 
||F|| = 5.134e+05  step = 1.000e+00  dx = 1.898e-02
************************************************************************

  
  *******************************************************
  ***** Belos Iterative Solver:  Block Gmres 
  ***** Maximum Iterations: 200
  ***** Block Size: 1
  ***** Residual Test: 
  *****   Test 1 : Belos::StatusTestImpResNorm<>: (2-Norm Res Vec) / (2-Norm Res0), tol = 1e-08
  *******************************************************
  Iter   0, [ 1] :    1.000000e+00
  Iter  20, [ 1] :    1.000000e+00
  Iter  40, [ 1] :    1.000000e+00
  Iter  60, [ 1] :    9.999999e-01
  Iter  80, [ 1] :    9.999999e-01
  Iter 100, [ 1] :    9.999999e-01
  Iter 120, [ 1] :    9.999999e-01
  Iter 140, [ 1] :    9.999999e-01
  Iter 160, [ 1] :    9.999998e-01
  Iter 180, [ 1] :    9.999996e-01
  Iter 200, [ 1] :    9.999992e-01
WARNING: NOX::Direction::Newton::compute() - Linear solve failed to achieve convergence - using the step anyway since "Rescue Bad Newton Solve" is true 

************************************************************************
-- Nonlinear Solver Step 37 -- 
||F|| = 5.134e+05  step = 1.000e+00  dx = 2.933e-02
************************************************************************

  
  *******************************************************
  ***** Belos Iterative Solver:  Block Gmres 
  ***** Maximum Iterations: 200
  ***** Block Size: 1
  ***** Residual Test: 
  *****   Test 1 : Belos::StatusTestImpResNorm<>: (2-Norm Res Vec) / (2-Norm Res0), tol = 1e-08
  *******************************************************
  Iter   0, [ 1] :    1.000000e+00
  Iter  20, [ 1] :    9.999999e-01
  Iter  40, [ 1] :    9.999999e-01
  Iter  60, [ 1] :    9.999998e-01
  Iter  80, [ 1] :    9.999998e-01
  Iter 100, [ 1] :    9.999998e-01
  Iter 120, [ 1] :    9.999998e-01
  Iter 140, [ 1] :    9.999998e-01
  Iter 160, [ 1] :    9.999998e-01
  Iter 180, [ 1] :    9.999997e-01
  Iter 200, [ 1] :    9.999995e-01
WARNING: NOX::Direction::Newton::compute() - Linear solve failed to achieve convergence - using the step anyway since "Rescue Bad Newton Solve" is true 

************************************************************************
-- Nonlinear Solver Step 38 -- 
||F|| = 5.134e+05  step = 1.000e+00  dx = 6.953e-02
************************************************************************

  
  *******************************************************
  ***** Belos Iterative Solver:  Block Gmres 
  ***** Maximum Iterations: 200
  ***** Block Size: 1
  ***** Residual Test: 
  *****   Test 1 : Belos::StatusTestImpResNorm<>: (2-Norm Res Vec) / (2-Norm Res0), tol = 1e-08
  *******************************************************
  Iter   0, [ 1] :    1.000000e+00
  Iter  20, [ 1] :    1.000000e+00
  Iter  40, [ 1] :    1.000000e+00
  Iter  60, [ 1] :    1.000000e+00
  Iter  80, [ 1] :    1.000000e+00
  Iter 100, [ 1] :    1.000000e+00
  Iter 120, [ 1] :    1.000000e+00
  Iter 140, [ 1] :    9.999999e-01
  Iter 160, [ 1] :    9.999999e-01
  Iter 180, [ 1] :    9.999999e-01
  Iter 200, [ 1] :    9.999997e-01
WARNING: NOX::Direction::Newton::compute() - Linear solve failed to achieve convergence - using the step anyway since "Rescue Bad Newton Solve" is true 

************************************************************************
-- Nonlinear Solver Step 39 -- 
||F|| = 5.134e+05  step = 1.000e+00  dx = 7.061e-03
************************************************************************

  
  *******************************************************
  ***** Belos Iterative Solver:  Block Gmres 
  ***** Maximum Iterations: 200
  ***** Block Size: 1
  ***** Residual Test: 
  *****   Test 1 : Belos::StatusTestImpResNorm<>: (2-Norm Res Vec) / (2-Norm Res0), tol = 1e-08
  *******************************************************
  Iter   0, [ 1] :    1.000000e+00
  Iter  20, [ 1] :    9.999999e-01
  Iter  40, [ 1] :    9.999999e-01
  Iter  60, [ 1] :    9.999998e-01
  Iter  80, [ 1] :    9.999998e-01
  Iter 100, [ 1] :    9.999998e-01
  Iter 120, [ 1] :    9.999998e-01
  Iter 140, [ 1] :    9.999998e-01
  Iter 160, [ 1] :    9.999998e-01
  Iter 180, [ 1] :    9.999997e-01
  Iter 200, [ 1] :    9.999997e-01
WARNING: NOX::Direction::Newton::compute() - Linear solve failed to achieve convergence - using the step anyway since "Rescue Bad Newton Solve" is true 

************************************************************************
-- Nonlinear Solver Step 40 -- 
||F|| = 5.134e+05  step = 1.000e+00  dx = 9.269e-02
************************************************************************

  
  *******************************************************
  ***** Belos Iterative Solver:  Block Gmres 
  ***** Maximum Iterations: 200
  ***** Block Size: 1
  ***** Residual Test: 
  *****   Test 1 : Belos::StatusTestImpResNorm<>: (2-Norm Res Vec) / (2-Norm Res0), tol = 1e-08
  *******************************************************
  Iter   0, [ 1] :    1.000000e+00
  Iter  20, [ 1] :    1.000000e+00
  Iter  40, [ 1] :    1.000000e+00
  Iter  60, [ 1] :    1.000000e+00
  Iter  80, [ 1] :    1.000000e+00
  Iter 100, [ 1] :    1.000000e+00
  Iter 120, [ 1] :    9.999999e-01
  Iter 140, [ 1] :    9.999999e-01
  Iter 160, [ 1] :    9.999999e-01
  Iter 180, [ 1] :    9.999999e-01
  Iter 200, [ 1] :    9.999998e-01
WARNING: NOX::Direction::Newton::compute() - Linear solve failed to achieve convergence - using the step anyway since "Rescue Bad Newton Solve" is true 

************************************************************************
-- Nonlinear Solver Step 41 -- 
||F|| = 5.134e+05  step = 1.000e+00  dx = 2.249e-02
************************************************************************

  
  *******************************************************
  ***** Belos Iterative Solver:  Block Gmres 
  ***** Maximum Iterations: 200
  ***** Block Size: 1
  ***** Residual Test: 
  *****   Test 1 : Belos::StatusTestImpResNorm<>: (2-Norm Res Vec) / (2-Norm Res0), tol = 1e-08
  *******************************************************
  Iter   0, [ 1] :    1.000000e+00
  Iter  20, [ 1] :    9.999996e-01
  Iter  40, [ 1] :    9.999995e-01
  Iter  60, [ 1] :    9.999995e-01
  Iter  80, [ 1] :    9.999995e-01
  Iter 100, [ 1] :    9.999995e-01
  Iter 120, [ 1] :    9.999994e-01
  Iter 140, [ 1] :    9.999994e-01
  Iter 160, [ 1] :    9.999994e-01
  Iter 180, [ 1] :    9.999994e-01
  Iter 200, [ 1] :    9.999991e-01
WARNING: NOX::Direction::Newton::compute() - Linear solve failed to achieve convergence - using the step anyway since "Rescue Bad Newton Solve" is true 

************************************************************************
-- Nonlinear Solver Step 42 -- 
||F|| = 5.134e+05  step = 1.000e+00  dx = 1.326e-01
************************************************************************

  
  *******************************************************
  ***** Belos Iterative Solver:  Block Gmres 
  ***** Maximum Iterations: 200
  ***** Block Size: 1
  ***** Residual Test: 
  *****   Test 1 : Belos::StatusTestImpResNorm<>: (2-Norm Res Vec) / (2-Norm Res0), tol = 1e-08
  *******************************************************
  Iter   0, [ 1] :    1.000000e+00
  Iter  20, [ 1] :    9.999995e-01
  Iter  40, [ 1] :    9.999995e-01
  Iter  60, [ 1] :    9.999995e-01
  Iter  80, [ 1] :    9.999994e-01
  Iter 100, [ 1] :    9.999994e-01
  Iter 120, [ 1] :    9.999993e-01
  Iter 140, [ 1] :    9.999991e-01
  Iter 160, [ 1] :    9.999990e-01
  Iter 180, [ 1] :    9.999989e-01
  Iter 200, [ 1] :    9.999989e-01
WARNING: NOX::Direction::Newton::compute() - Linear solve failed to achieve convergence - using the step anyway since "Rescue Bad Newton Solve" is true 

************************************************************************
-- Nonlinear Solver Step 43 -- 
||F|| = 5.134e+05  step = 1.000e+00  dx = 1.605e-01
************************************************************************

  
  *******************************************************
  ***** Belos Iterative Solver:  Block Gmres 
  ***** Maximum Iterations: 200
  ***** Block Size: 1
  ***** Residual Test: 
  *****   Test 1 : Belos::StatusTestImpResNorm<>: (2-Norm Res Vec) / (2-Norm Res0), tol = 1e-08
  *******************************************************
  Iter   0, [ 1] :    1.000000e+00
  Iter  20, [ 1] :    9.999996e-01
  Iter  40, [ 1] :    9.999996e-01
  Iter  60, [ 1] :    9.999996e-01
  Iter  80, [ 1] :    9.999996e-01
  Iter 100, [ 1] :    9.999995e-01
  Iter 120, [ 1] :    9.999995e-01
  Iter 140, [ 1] :    9.999994e-01
  Iter 160, [ 1] :    9.999994e-01
  Iter 180, [ 1] :    9.999994e-01
  Iter 200, [ 1] :    9.999991e-01
WARNING: NOX::Direction::Newton::compute() - Linear solve failed to achieve convergence - using the step anyway since "Rescue Bad Newton Solve" is true 

************************************************************************
-- Nonlinear Solver Step 44 -- 
||F|| = 5.134e+05  step = 1.000e+00  dx = 1.131e-01
************************************************************************

  
  *******************************************************
  ***** Belos Iterative Solver:  Block Gmres 
  ***** Maximum Iterations: 200
  ***** Block Size: 1
  ***** Residual Test: 
  *****   Test 1 : Belos::StatusTestImpResNorm<>: (2-Norm Res Vec) / (2-Norm Res0), tol = 1e-08
  *******************************************************
  Iter   0, [ 1] :    1.000000e+00
  Iter  20, [ 1] :    9.999999e-01
  Iter  40, [ 1] :    9.999998e-01
  Iter  60, [ 1] :    9.999998e-01
  Iter  80, [ 1] :    9.999998e-01
  Iter 100, [ 1] :    9.999998e-01
  Iter 120, [ 1] :    9.999998e-01
  Iter 140, [ 1] :    9.999998e-01
  Iter 160, [ 1] :    9.999998e-01
  Iter 180, [ 1] :    9.999997e-01
  Iter 200, [ 1] :    9.999997e-01
WARNING: NOX::Direction::Newton::compute() - Linear solve failed to achieve convergence - using the step anyway since "Rescue Bad Newton Solve" is true 

************************************************************************
-- Nonlinear Solver Step 45 -- 
||F|| = 5.134e+05  step = 1.000e+00  dx = 7.760e-02
************************************************************************

  
  *******************************************************
  ***** Belos Iterative Solver:  Block Gmres 
  ***** Maximum Iterations: 200
  ***** Block Size: 1
  ***** Residual Test: 
  *****   Test 1 : Belos::StatusTestImpResNorm<>: (2-Norm Res Vec) / (2-Norm Res0), tol = 1e-08
  *******************************************************
  Iter   0, [ 1] :    1.000000e+00
  Iter  20, [ 1] :    1.000000e+00
  Iter  40, [ 1] :    1.000000e+00
  Iter  60, [ 1] :    1.000000e+00
  Iter  80, [ 1] :    1.000000e+00
  Iter 100, [ 1] :    9.999999e-01
  Iter 120, [ 1] :    9.999999e-01
  Iter 140, [ 1] :    9.999999e-01
  Iter 160, [ 1] :    9.999999e-01
  Iter 180, [ 1] :    9.999999e-01
  Iter 200, [ 1] :    9.999998e-01
WARNING: NOX::Direction::Newton::compute() - Linear solve failed to achieve convergence - using the step anyway since "Rescue Bad Newton Solve" is true 

************************************************************************
-- Nonlinear Solver Step 46 -- 
||F|| = 5.134e+05  step = 1.000e+00  dx = 1.353e-02
************************************************************************

  
  *******************************************************
  ***** Belos Iterative Solver:  Block Gmres 
  ***** Maximum Iterations: 200
  ***** Block Size: 1
  ***** Residual Test: 
  *****   Test 1 : Belos::StatusTestImpResNorm<>: (2-Norm Res Vec) / (2-Norm Res0), tol = 1e-08
  *******************************************************
  Iter   0, [ 1] :    1.000000e+00
  Iter  20, [ 1] :    9.999996e-01
  Iter  40, [ 1] :    9.999995e-01
  Iter  60, [ 1] :    9.999995e-01
  Iter  80, [ 1] :    9.999995e-01
  Iter 100, [ 1] :    9.999994e-01
  Iter 120, [ 1] :    9.999994e-01
  Iter 140, [ 1] :    9.999994e-01
  Iter 160, [ 1] :    9.999994e-01
  Iter 180, [ 1] :    9.999993e-01
  Iter 200, [ 1] :    9.999992e-01
WARNING: NOX::Direction::Newton::compute() - Linear solve failed to achieve convergence - using the step anyway since "Rescue Bad Newton Solve" is true 

************************************************************************
-- Nonlinear Solver Step 47 -- 
||F|| = 5.134e+05  step = 1.000e+00  dx = 1.587e-01
************************************************************************

  
  *******************************************************
  ***** Belos Iterative Solver:  Block Gmres 
  ***** Maximum Iterations: 200
  ***** Block Size: 1
  ***** Residual Test: 
  *****   Test 1 : Belos::StatusTestImpResNorm<>: (2-Norm Res Vec) / (2-Norm Res0), tol = 1e-08
  *******************************************************
  Iter   0, [ 1] :    1.000000e+00
  Iter  20, [ 1] :    9.999995e-01
  Iter  40, [ 1] :    9.999995e-01
  Iter  60, [ 1] :    9.999995e-01
  Iter  80, [ 1] :    9.999995e-01
  Iter 100, [ 1] :    9.999995e-01
  Iter 120, [ 1] :    9.999995e-01
  Iter 140, [ 1] :    9.999994e-01
  Iter 160, [ 1] :    9.999994e-01
  Iter 180, [ 1] :    9.999994e-01
  Iter 200, [ 1] :    9.999993e-01
WARNING: NOX::Direction::Newton::compute() - Linear solve failed to achieve convergence - using the step anyway since "Rescue Bad Newton Solve" is true 

************************************************************************
-- Nonlinear Solver Step 48 -- 
||F|| = 5.134e+05  step = 1.000e+00  dx = 1.844e-01
************************************************************************

  
  *******************************************************
  ***** Belos Iterative Solver:  Block Gmres 
  ***** Maximum Iterations: 200
  ***** Block Size: 1
  ***** Residual Test: 
  *****   Test 1 : Belos::StatusTestImpResNorm<>: (2-Norm Res Vec) / (2-Norm Res0), tol = 1e-08
  *******************************************************
  Iter   0, [ 1] :    1.000000e+00
  Iter  20, [ 1] :    1.000000e+00
  Iter  40, [ 1] :    1.000000e+00
  Iter  60, [ 1] :    1.000000e+00
  Iter  80, [ 1] :    1.000000e+00
  Iter 100, [ 1] :    1.000000e+00
  Iter 120, [ 1] :    9.999999e-01
  Iter 140, [ 1] :    9.999999e-01
  Iter 160, [ 1] :    9.999999e-01
  Iter 180, [ 1] :    9.999999e-01
  Iter 200, [ 1] :    9.999997e-01
WARNING: NOX::Direction::Newton::compute() - Linear solve failed to achieve convergence - using the step anyway since "Rescue Bad Newton Solve" is true 

************************************************************************
-- Nonlinear Solver Step 49 -- 
||F|| = 5.134e+05  step = 1.000e+00  dx = 1.481e-02
************************************************************************

  
  *******************************************************
  ***** Belos Iterative Solver:  Block Gmres 
  ***** Maximum Iterations: 200
  ***** Block Size: 1
  ***** Residual Test: 
  *****   Test 1 : Belos::StatusTestImpResNorm<>: (2-Norm Res Vec) / (2-Norm Res0), tol = 1e-08
  *******************************************************
  Iter   0, [ 1] :    1.000000e+00
  Iter  20, [ 1] :    1.000000e+00
  Iter  40, [ 1] :    1.000000e+00
  Iter  60, [ 1] :    1.000000e+00
  Iter  80, [ 1] :    1.000000e+00
  Iter 100, [ 1] :    1.000000e+00
  Iter 120, [ 1] :    1.000000e+00
  Iter 140, [ 1] :    1.000000e+00
  Iter 160, [ 1] :    9.999999e-01
  Iter 180, [ 1] :    9.999999e-01
  Iter 200, [ 1] :    9.999999e-01
WARNING: NOX::Direction::Newton::compute() - Linear solve failed to achieve convergence - using the step anyway since "Rescue Bad Newton Solve" is true 

************************************************************************
-- Nonlinear Solver Step 50 -- 
||F|| = 5.134e+05  step = 1.000e+00  dx = 1.226e-02 (Failed!)
************************************************************************

************************************************************************
-- Final Status Test Results --
Failed.......OR Combination -> 
  **...........F-Norm = 5.526e+02 < 1.000e-05
               (Length-Scaled Two-Norm, Absolute Tolerance)
  Failed.......Number of Iterations = 50 < 50
************************************************************************
*** Teuchos::StackedTimer::report() - Remainder for a level will be ***
*** incorrect if a timer in the level does not exist on every rank  ***
*** of the MPI Communicator.                                        ***
PyAlbany Total Time: 187.606 [2]
|   PyAlbany: Setup Time: 26.7663 - 14.2672% [1]
|   PyAlbany: performSolve: 160.84 - 85.7327% [1]
|   |   Piro::NOXSolver::evalModelImpl::solve: 160.838 - 99.999% [1]
|   |   |   Thyra::NOXNonlinearSolver::solve: 160.838 - 99.9996% [1]
|   |   |   |   Thyra::DefaultModelEvaluatorWithSolveFactory<double>::evalModel(...): 11.4043 - 7.09056% [101]
|   |   |   |   |   Albany: Total Fill Time: 11.401 - 99.9712% [101]
|   |   |   |   |   |   Albany Fill: Residual: 2.64801 - 23.2261% [51]
|   |   |   |   |   |   |   Phalanx::SortAndOrderEvaluators: 1.022e-06 - 3.8595e-05% [1]
|   |   |   |   |   |   |   Albany Residual Fill: Evaluate: 2.339 - 88.3306% [51]
|   |   |   |   |   |   |   |   Phalanx: Evaluator 8: [<Residual>] LoadStateField(bed_topography)<Residual>: 0.0328398 - 1.40401% [51]
|   |   |   |   |   |   |   |   Phalanx: Evaluator 11: [<Residual>] Save Field bed_topography to State bed_topographyResidual: 0.317755 - 13.5851% [51]
|   |   |   |   |   |   |   |   Phalanx: Evaluator 5: [<Residual>] LoadStateField(surface_height)<Residual>: 0.0311353 - 1.33113% [51]
|   |   |   |   |   |   |   |   Phalanx: Evaluator 12: [<Residual>] Save Field surface_height to State surface_heightResidual: 0.320601 - 13.7067% [51]
|   |   |   |   |   |   |   |   Phalanx: Evaluator 31: [<Residual>] Shared Parameter Glen's Law Homotopy Parameter<Residual>: 0.00193702 - 0.0828141% [51]
|   |   |   |   |   |   |   |   Phalanx: Evaluator 2: [<Residual>] Gather Coordinate Vector<Residual>: 0.0621168 - 2.6557% [51]
|   |   |   |   |   |   |   |   Phalanx: Evaluator 25: [<Residual>] ComputeBasisFunctions<Residual>: 0.0196564 - 0.840374% [51]
|   |   |   |   |   |   |   |   Phalanx: Evaluator 0: [<Residual>] Gather Solution<Residual>: 0.0132908 - 0.568223% [51]
|   |   |   |   |   |   |   |   Phalanx: Evaluator 67: [<Residual>] FastSolutionVecGradInterpolationBase<Residual>: 0.0119827 - 0.5123% [51]
|   |   |   |   |   |   |   |   Phalanx: Evaluator 7: [<Residual>] LoadStateField(temperature)<Residual>: 0.27269 - 11.6584% [51]
|   |   |   |   |   |   |   |   Phalanx: Evaluator 78: [<Residual>] P0Interpolation[temperature] <Residual>: 0.001158 - 0.0495084% [51]
|   |   |   |   |   |   |   |   Phalanx: Evaluator 24: [<Residual>] MapToPhysicalFrame<Residual>: 0.0203077 - 0.86822% [51]
|   |   |   |   |   |   |   |   Phalanx: Evaluator 26: [<Residual>] P0Interpolation[Coord Vec] <Residual>: 0.000654775 - 0.0279938% [51]
|   |   |   |   |   |   |   |   Phalanx: Evaluator 76: [<Residual>] P0Interpolation[surface_height] <Residual>: 0.0303336 - 1.29686% [51]
|   |   |   |   |   |   |   |   Phalanx: Evaluator 3: [<Residual>] Pressure Corrected Temperature<Residual>: 0.0123792 - 0.52925% [51]
|   |   |   |   |   |   |   |   Phalanx: Evaluator 33: [<Residual>] ViscosityFO<Residual>: 0.00114789 - 0.0490762% [51]
|   |   |   |   |   |   |   |   Phalanx: Evaluator 34: [<Residual>] Dissipation: 0.0659397 - 2.81914% [51]
|   |   |   |   |   |   |   |   Phalanx: Evaluator 35: [<Residual>] P0Interpolation[LandIce Dissipation] <Residual>: 0.012922 - 0.552459% [51]
|   |   |   |   |   |   |   |   Phalanx: Evaluator 36: [<Residual>] Save Field LandIce Dissipation to State dissipation_heatResidual: 0.440988 - 18.8537% [51]
|   |   |   |   |   |   |   |   Phalanx: Evaluator 75: [<Residual>] DOFGradInterpolationBase<Residual>: 0.000395397 - 0.0169045% [51]
|   |   |   |   |   |   |   |   Phalanx: Evaluator 37: [<Residual>] StokesFOBodyForce<Residual>: 0.00240159 - 0.102676% [51]
|   |   |   |   |   |   |   |   Phalanx: Evaluator 66: [<Residual>] FastSolutionVecInterpolationBase<Residual>: 0.000970868 - 0.0415078% [51]
|   |   |   |   |   |   |   |   Phalanx: Evaluator 28: [<Residual>] StokesFOResid<Residual>: 0.0863434 - 3.69146% [51]
|   |   |   |   |   |   |   |   Phalanx: Evaluator 63: [<Residual>] DOFCellToSide(Coord Vec -> Coord Vec_extruded_boundary_side_set_1)[Vertex Vector]<Residual>: 0.210027 - 8.97935% [51]
|   |   |   |   |   |   |   |   Phalanx: Evaluator 60: [<Residual>] ComputeBasisFunctionsSide<Residual>: 0.0216687 - 0.926406% [51]
|   |   |   |   |   |   |   |   Phalanx: Evaluator 101: [<Residual>] DOFCellToSide(surface_height -> surface_height_extruded_boundary_side_set_1)[Node Scalar]<Residual>: 0.000184006 - 0.00786686% [51]
|   |   |   |   |   |   |   |   Phalanx: Evaluator 103: [<Residual>] DOFInterpolationSide<Residual>: 0.00023792 - 0.0101719% [51]
|   |   |   |   |   |   |   |   Phalanx: Evaluator 4: [<Residual>] LoadStateField(ice_thickness)<Residual>: 0.0340966 - 1.45774% [51]
|   |   |   |   |   |   |   |   Phalanx: Evaluator 99: [<Residual>] DOFCellToSide(ice_thickness -> ice_thickness_extruded_boundary_side_set_1)[Node Scalar]<Residual>: 0.000169234 - 0.0072353% [51]
|   |   |   |   |   |   |   |   Phalanx: Evaluator 100: [<Residual>] DOFInterpolationSide<Residual>: 0.00341827 - 0.146142% [51]
|   |   |   |   |   |   |   |   Phalanx: Evaluator 38: [<Residual>] StokesFOLateralResid<Residual>: 0.00113477 - 0.048515% [51]
|   |   |   |   |   |   |   |   Phalanx: Evaluator 59: [<Residual>] DOFCellToSide(Coord Vec -> Coord Vec_basalside)[Vertex Vector]<Residual>: 0.00375382 - 0.160488% [51]
|   |   |   |   |   |   |   |   Phalanx: Evaluator 56: [<Residual>] ComputeBasisFunctionsSide<Residual>: 0.0106957 - 0.457278% [51]
|   |   |   |   |   |   |   |   Phalanx: Evaluator 49: [<Residual>] Shared Parameter Power Exponent<Residual>: 0.00161321 - 0.0689698% [51]
|   |   |   |   |   |   |   |   Phalanx: Evaluator 18: [<Residual>] Load Side Set Field log_basal_friction_basalside from Side Set State log_basal_friction<Residual>: 0.0159434 - 0.681632% [51]
|   |   |   |   |   |   |   |   Phalanx: Evaluator 91: [<Residual>] DOFInterpolationSide<Residual>: 0.000180909 - 0.00773445% [51]
|   |   |   |   |   |   |   |   Phalanx: Evaluator 13: [<Residual>] Load Side Set Field ice_thickness_basalside from Side Set State ice_thickness<Residual>: 0.017425 - 0.744976% [51]
|   |   |   |   |   |   |   |   Phalanx: Evaluator 17: [<Residual>] Load Side Set Field bed_topography_basalside from Side Set State bed_topography<Residual>: 0.0153909 - 0.658009% [51]
|   |   |   |   |   |   |   |   Phalanx: Evaluator 50: [<Residual>] BasalFrictionCoefficient<Residual>: 0.00112663 - 0.0481673% [51]
|   |   |   |   |   |   |   |   Phalanx: Evaluator 79: [<Residual>] DOFCellToSide(Velocity -> Velocity_basalside)[Node Vector]<Residual>: 0.00314831 - 0.134601% [51]
|   |   |   |   |   |   |   |   Phalanx: Evaluator 80: [<Residual>] DOFVecInterpolationSide<Residual>: 0.0025715 - 0.10994% [51]
|   |   |   |   |   |   |   |   Phalanx: Evaluator 39: [<Residual>] StokesFOBasalResid<Residual>: 0.00232744 - 0.0995056% [51]
|   |   |   |   |   |   |   |   Phalanx: Evaluator 1: [<Residual>] Scatter Velocity Residual<Residual>: 0.00395337 - 0.169019% [51]
|   |   |   |   |   |   |   |   Remainder: 0.229989 - 9.83277%
|   |   |   |   |   |   |   Albany Residual Fill: Export: 0.0025219 - 0.0952375% [51]
|   |   |   |   |   |   |   Remainder: 0.306484 - 11.5741%
|   |   |   |   |   |   Albany Fill: Jacobian: 8.75199 - 76.765% [50]
|   |   |   |   |   |   |   Phalanx::SortAndOrderEvaluators: 5.81e-07 - 6.63849e-06% [1]
|   |   |   |   |   |   |   Albany Jacobian Fill: Evaluate: 7.43106 - 84.907% [50]
|   |   |   |   |   |   |   |   Phalanx: Evaluator 141: [<Jacobian>] Shared Parameter Glen's Law Homotopy Parameter<Jacobian>: 0.000507984 - 0.00683596% [50]
|   |   |   |   |   |   |   |   Phalanx: Evaluator 112: [<Jacobian>] Gather Coordinate Vector<Jacobian>: 0.061824 - 0.831968% [50]
|   |   |   |   |   |   |   |   Phalanx: Evaluator 135: [<Jacobian>] ComputeBasisFunctions<Jacobian>: 0.0190446 - 0.256284% [50]
|   |   |   |   |   |   |   |   Phalanx: Evaluator 110: [<Jacobian>] Gather Solution<Jacobian>: 0.0133774 - 0.18002% [50]
|   |   |   |   |   |   |   |   Phalanx: Evaluator 177: [<Jacobian>] FastSolutionVecGradInterpolationBase<Jacobian>: 0.0528915 - 0.711763% [50]
|   |   |   |   |   |   |   |   Phalanx: Evaluator 117: [<Jacobian>] LoadStateField(temperature)<Jacobian>: 0.786066 - 10.5781% [50]
|   |   |   |   |   |   |   |   Phalanx: Evaluator 187: [<Jacobian>] P0Interpolation[temperature] <Jacobian>: 0.000953442 - 0.0128305% [50]
|   |   |   |   |   |   |   |   Phalanx: Evaluator 134: [<Jacobian>] MapToPhysicalFrame<Jacobian>: 0.0126201 - 0.169829% [50]
|   |   |   |   |   |   |   |   Phalanx: Evaluator 136: [<Jacobian>] P0Interpolation[Coord Vec] <Jacobian>: 0.000625488 - 0.00841722% [50]
|   |   |   |   |   |   |   |   Phalanx: Evaluator 115: [<Jacobian>] LoadStateField(surface_height)<Jacobian>: 0.0533399 - 0.717797% [50]
|   |   |   |   |   |   |   |   Phalanx: Evaluator 185: [<Jacobian>] P0Interpolation[surface_height] <Jacobian>: 0.000487562 - 0.00656114% [50]
|   |   |   |   |   |   |   |   Phalanx: Evaluator 113: [<Jacobian>] Pressure Corrected Temperature<Jacobian>: 0.0122375 - 0.16468% [50]
|   |   |   |   |   |   |   |   Phalanx: Evaluator 143: [<Jacobian>] ViscosityFO<Jacobian>: 0.00136874 - 0.0184192% [50]
|   |   |   |   |   |   |   |   Phalanx: Evaluator 184: [<Jacobian>] DOFGradInterpolationBase<Jacobian>: 0.42818 - 5.76203% [50]
|   |   |   |   |   |   |   |   Phalanx: Evaluator 147: [<Jacobian>] StokesFOBodyForce<Jacobian>: 0.00242266 - 0.0326018% [50]
|   |   |   |   |   |   |   |   Phalanx: Evaluator 176: [<Jacobian>] FastSolutionVecInterpolationBase<Jacobian>: 0.00328763 - 0.0442418% [50]
|   |   |   |   |   |   |   |   Phalanx: Evaluator 138: [<Jacobian>] StokesFOResid<Jacobian>: 0.266181 - 3.58201% [50]
|   |   |   |   |   |   |   |   Phalanx: Evaluator 173: [<Jacobian>] DOFCellToSide(Coord Vec -> Coord Vec_extruded_boundary_side_set_1)[Vertex Vector]<Jacobian>: 5.28272 - 71.0898% [50]
|   |   |   |   |   |   |   |   Phalanx: Evaluator 170: [<Jacobian>] ComputeBasisFunctionsSide<Jacobian>: 0.0174243 - 0.23448% [50]
|   |   |   |   |   |   |   |   Phalanx: Evaluator 210: [<Jacobian>] DOFCellToSide(surface_height -> surface_height_extruded_boundary_side_set_1)[Node Scalar]<Jacobian>: 0.000168919 - 0.00227315% [50]
|   |   |   |   |   |   |   |   Phalanx: Evaluator 212: [<Jacobian>] DOFInterpolationSide<Jacobian>: 0.000210629 - 0.00283444% [50]
|   |   |   |   |   |   |   |   Phalanx: Evaluator 114: [<Jacobian>] LoadStateField(ice_thickness)<Jacobian>: 0.0354062 - 0.476462% [50]
|   |   |   |   |   |   |   |   Phalanx: Evaluator 208: [<Jacobian>] DOFCellToSide(ice_thickness -> ice_thickness_extruded_boundary_side_set_1)[Node Scalar]<Jacobian>: 0.000159367 - 0.00214461% [50]
|   |   |   |   |   |   |   |   Phalanx: Evaluator 209: [<Jacobian>] DOFInterpolationSide<Jacobian>: 0.00343969 - 0.0462881% [50]
|   |   |   |   |   |   |   |   Phalanx: Evaluator 148: [<Jacobian>] StokesFOLateralResid<Jacobian>: 0.00116696 - 0.0157039% [50]
|   |   |   |   |   |   |   |   Phalanx: Evaluator 169: [<Jacobian>] DOFCellToSide(Coord Vec -> Coord Vec_basalside)[Vertex Vector]<Jacobian>: 0.078502 - 1.0564% [50]
|   |   |   |   |   |   |   |   Phalanx: Evaluator 166: [<Jacobian>] ComputeBasisFunctionsSide<Jacobian>: 0.0109244 - 0.14701% [50]
|   |   |   |   |   |   |   |   Phalanx: Evaluator 159: [<Jacobian>] Shared Parameter Power Exponent<Jacobian>: 0.000125131 - 0.00168389% [50]
|   |   |   |   |   |   |   |   Phalanx: Evaluator 128: [<Jacobian>] Load Side Set Field log_basal_friction_basalside from Side Set State log_basal_friction<Jacobian>: 0.0164446 - 0.221295% [50]
|   |   |   |   |   |   |   |   Phalanx: Evaluator 200: [<Jacobian>] DOFInterpolationSide<Jacobian>: 0.000163347 - 0.00219817% [50]
|   |   |   |   |   |   |   |   Phalanx: Evaluator 123: [<Jacobian>] Load Side Set Field ice_thickness_basalside from Side Set State ice_thickness<Jacobian>: 0.0176506 - 0.237525% [50]
|   |   |   |   |   |   |   |   Phalanx: Evaluator 127: [<Jacobian>] Load Side Set Field bed_topography_basalside from Side Set State bed_topography<Jacobian>: 0.0149125 - 0.200678% [50]
|   |   |   |   |   |   |   |   Phalanx: Evaluator 160: [<Jacobian>] BasalFrictionCoefficient<Jacobian>: 0.00114711 - 0.0154367% [50]
|   |   |   |   |   |   |   |   Phalanx: Evaluator 188: [<Jacobian>] DOFCellToSide(Velocity -> Velocity_basalside)[Node Vector]<Jacobian>: 0.005627 - 0.0757227% [50]
|   |   |   |   |   |   |   |   Phalanx: Evaluator 189: [<Jacobian>] DOFVecInterpolationSide<Jacobian>: 0.0163439 - 0.21994% [50]
|   |   |   |   |   |   |   |   Phalanx: Evaluator 149: [<Jacobian>] StokesFOBasalResid<Jacobian>: 0.0207041 - 0.278616% [50]
|   |   |   |   |   |   |   |   Phalanx: Evaluator 111: [<Jacobian>] Scatter Velocity Residual<Jacobian>: 0.0431776 - 0.581043% [50]
|   |   |   |   |   |   |   |   Remainder: 0.149218 - 2.00804%
|   |   |   |   |   |   |   Albany Jacobian Fill: Export: 0.00297153 - 0.0339526% [50]
|   |   |   |   |   |   |   Remainder: 1.31796 - 15.059%
|   |   |   |   |   |   Remainder: 0.00101287 - 0.00888405%
|   |   |   |   |   Remainder: 0.00328382 - 0.0287946%
|   |   |   |   NOX Total Preconditioner Construction: 52.1791 - 32.4421% [50]
|   |   |   |   |   ThyraMueLu::initializePrec: 51.7675 - 99.2112% [50]
|   |   |   |   |   |   MueLu: ParameterListInterpreter (ParameterList): 0.0371107 - 0.0716873% [50]
|   |   |   |   |   |   Ifpack2::Relaxation::initialize: 0.53211 - 1.02788% [50]
|   |   |   |   |   |   Ifpack2::Relaxation::compute: 0.0360703 - 0.0696774% [50]
|   |   |   |   |   |   Ifpack2::Chebyshev::compute: 0.84889 - 1.63981% [100]
|   |   |   |   |   |   Utilities_kokkos::GetMatrixDiagonalInverse: 0.00331698 - 0.00640745% [50]
|   |   |   |   |   |   Remainder: 50.31 - 97.1845%
|   |   |   |   |   Remainder: 0.41161 - 0.788841%
|   |   |   |   NOX Total Linear Solve: 97.2148 - 60.4428% [50]
|   |   |   |   |   Stratimikos: BelosLOWS: 97.2146 - 99.9999% [50]
|   |   |   |   |   |   Belos: Operation Op*x: 0.0642253 - 0.0660655% [50]
|   |   |   |   |   |   Belos::MVT::MvAddMv: 0.000715283 - 0.000735777% [50]
|   |   |   |   |   |   Belos: BlockGmresSolMgr total solve time: 96.5358 - 99.3017% [50]
|   |   |   |   |   |   |   Belos: ICGS[2]: Orthogonalization: 27.4191 - 28.403% [10050]
|   |   |   |   |   |   |   |   Belos: ICGS[2]: Ortho (Norm): 0.37356 - 1.36241% [10050]
|   |   |   |   |   |   |   |   |   Belos::MVT::MvDot: 0.362962 - 97.1631% [10050]
|   |   |   |   |   |   |   |   |   Remainder: 0.0105977 - 2.83694%
|   |   |   |   |   |   |   |   Belos::MVT::MvScale: 0.0513722 - 0.187359% [10050]
|   |   |   |   |   |   |   |   Belos: ICGS[2]: Ortho (Inner Product): 14.8852 - 54.2876% [20000]
|   |   |   |   |   |   |   |   |   Belos::MVT::MvTransMv: 14.8598 - 99.8293% [20000]
|   |   |   |   |   |   |   |   |   Remainder: 0.0254142 - 0.170735%
|   |   |   |   |   |   |   |   Belos: ICGS[2]: Ortho (Update): 12.0362 - 43.897% [20000]
|   |   |   |   |   |   |   |   |   Belos::MVT::MvTimesMatAddMv: 12.0137 - 99.8138% [20000]
|   |   |   |   |   |   |   |   |   Remainder: 0.0224103 - 0.186191%
|   |   |   |   |   |   |   |   Remainder: 0.072827 - 0.265607%
|   |   |   |   |   |   |   Belos::MVT::MvAddMv: 0.00091794 - 0.00095088% [100]
|   |   |   |   |   |   |   Belos::MVT::MvNorm: 0.0582315 - 0.0603211% [50]
|   |   |   |   |   |   |   Belos: Operation Prec*x: 36.9733 - 38.3001% [10050]
|   |   |   |   |   |   |   |   Ifpack2::Relaxation::apply: 1.54754 - 4.18555% [20100]
|   |   |   |   |   |   |   |   Ifpack2::Chebyshev::apply: 1.44532 - 3.90908% [30150]
|   |   |   |   |   |   |   |   Remainder: 33.9805 - 91.9054%
|   |   |   |   |   |   |   Belos: Operation Op*x: 29.6725 - 30.7373% [10000]
|   |   |   |   |   |   |   Belos::MVT::MvTimesMatAddMv: 0.113228 - 0.117291% [50]
|   |   |   |   |   |   |   Remainder: 2.29856 - 2.38105%
|   |   |   |   |   |   Remainder: 0.613867 - 0.631455%
|   |   |   |   |   Remainder: 0.000129395 - 0.000133102%
|   |   |   |   Remainder: 0.0394728 - 0.024542%
|   |   |   Remainder: 0.000696892 - 0.000433287%
|   |   Piro::SteadyStateSolver::evalConvergedModelResponsesAndSensitivities::calc g, df/dp, dg/dp, dg/dx: 0.000926727 - 0.000576179% [1]
|   |   |   Thyra::DefaultModelEvaluatorWithSolveFactory<double>::evalModel(...): 0.000879595 - 94.9141% [1]
|   |   |   |   Albany: Total Fill Time: 0.00085639 - 97.3619% [1]
|   |   |   |   |   Albany Fill: Response: 0.000844337 - 98.5926% [1]
|   |   |   |   |   Remainder: 1.2053e-05 - 1.40742%
|   |   |   |   Remainder: 2.3205e-05 - 2.63815%
|   |   |   Remainder: 4.7132e-05 - 5.08586%
|   |   Remainder: 0.000749732 - 0.000466135%
|   Remainder: 1.078e-05 - 5.74608e-06%
~PyProblem()
<PyAlbany.Albany_Pybind11.RCPPyParameterList object at 0x1531d4827d70>
<PyAlbany.Albany_Pybind11.RCPPyParameterList object at 0x1531d4827d30>
Solve time: 1000000000000.0
~PyParallelEnv()

