*********************************************************************************
**  ______   __  __   ______   __       ______   ______   __   __   __  __     **
** /\  == \ /\ \_\ \ /\  __ \ /\ \     /\  == \ /\  __ \ /\ "-.\ \ /\ \_\ \    **
** \ \  __/ \ \____ \\ \  __ \\ \ \____\ \  __< \ \  __ \\ \ \-.  \\ \____ \   **
**  \ \_\    \/\_____\\ \_\ \_\\ \_____\\ \_____\\ \_\ \_\\ \_\\"\_\\/\_____\  **
**   \/_/     \/_____/ \/_/\/_/ \/_____/ \/_____/ \/_/\/_/ \/_/ \/_/ \/_____/  **
**                                                                             **
*********************************************************************************
** Trilinos git commit id - c70ae3dfa18
** Albany git branch ------ pybind11_PR
** Albany git commit id --- 7a1da3122
** Albany cxx compiler ---- GNU 10.3.0
** Albany cuda compiler --- Cuda 115
** Simulation start time -- 2022-09-22 at 10:15:42
***************************************************************
Albany_IOSS: Loading STKMesh from Exodus file  /global/homes/m/mcarlson/LandIce/ALITune/optimize/data/mesh-pop-wdg/gis_basal_populated.exo
Albany_IOSS: Loading STKMesh from Exodus file  /global/homes/m/mcarlson/LandIce/ALITune/optimize/data/mesh-pop-wdg/gis_upper_populated.exo
IOSS-STK: number of node sets = 3
IOSS-STK: number of side sets = 3
IOSS-STK: number of node sets = 3
IOSS-STK: number of side sets = 3
IOSS-STK: number of node sets = 1
IOSS-STK: number of side sets = 0
Restart Index set, reading solution index : 1
[GenericSTKMeshStruct] Processing field requirements...
  - Skipping field 'ice_thickness' since it's listed as present in the mesh.
  - Skipping field 'observed_ice_thickness' since it's listed as present in the mesh.
  - Skipping field 'observed_ice_thickness_RMS' since it's listed as present in the mesh.
  - Skipping field 'surface_height' since it's listed as present in the mesh.
  - Skipping field 'bed_topography' since it's listed as present in the mesh.
  - Skipping field 'log_basal_friction' since it's listed as present in the mesh.
  - Skipping field 'temperature' since it's listed as present in the mesh.
  - Skipping field 'apparent_mass_balance' since it's listed as present in the mesh.
  - Skipping field 'apparent_mass_balance_RMS' since it's listed as present in the mesh.
[ExtrudedSTKMesh] Adding nodes... done!
[ExtrudedSTKMesh] Adding elements... done!
[ExtrudedSTKMesh] Adding basalside sides... done!
[ExtrudedSTKMesh] Adding upperside sides... done!
[ExtrudedSTKMesh] Adding lateral sides... done!
[ExtrudedSTKMesh] Extruding basal fields...
  - Extruding Scalar Node field ice_thickness...done!
  - Extruding Scalar Node field surface_height...done!
  - Extruding Scalar Node field log_basal_friction...done!
  - Extruding Scalar Node field bed_topography...done!
  - Extruding Scalar Node field apparent_mass_balance...done!
  - Extruding Scalar Node field apparent_mass_balance_RMS...done!
[ExtrudedSTKMesh] Interpolating layered basal fields...
  - Interpolating Scalar field temperature...done!
[GenericSTKMeshStruct] Processing field requirements...
  - Skipping field 'ice_thickness' since it's listed as present in the mesh.
  - Skipping field 'surface_height' since it's listed as present in the mesh.
  - Skipping field 'log_basal_friction' since it's listed as present in the mesh.
  - Skipping field 'temperature' since it's listed as present in the mesh.
  - Skipping field 'bed_topography' since it's listed as present in the mesh.
  - Skipping field 'apparent_mass_balance' since it's listed as present in the mesh.
  - Skipping field 'apparent_mass_balance_RMS' since it's listed as present in the mesh.
  - Skipping field 'bed_topography' since it's listed as output. Make sure there's an evaluator set to save it!
  - Skipping field 'surface_height' since it's listed as output. Make sure there's an evaluator set to save it!
Restart Index set, reading solution index : 1
[GenericSTKMeshStruct] Processing field requirements...
  - Skipping field 'observed_surface_velocity' since it's listed as present in the mesh.
  - Skipping field 'observed_surface_velocity_RMS' since it's listed as present in the mesh.
STKDisc: 725880 elements on Proc 0 
STKDisc: nodeset basal_boundary_node_set_0 has size 0  on Proc 0.
STKDisc: nodeset basal_boundary_node_set_1 has size 6027  on Proc 0.
STKDisc: nodeset basal_node_set has size 39224  on Proc 0.
STKDisc: nodeset bottom has size 39224  on Proc 0.
STKDisc: nodeset extruded_boundary_node_set_0 has size 0  on Proc 0.
STKDisc: nodeset extruded_boundary_node_set_1 has size 66297  on Proc 0.
STKDisc: nodeset extruded_node_set has size 431464  on Proc 0.
STKDisc: nodeset lateral has size 66297  on Proc 0.
STKDisc: nodeset top has size 39224  on Proc 0.
STKDisc: sideset basalside has size 72588  on Proc 0.
STKDisc: sideset extruded_boundary_side_set has size 60460  on Proc 0.
STKDisc: sideset extruded_boundary_side_set_1 has size 57830  on Proc 0.
STKDisc: sideset extruded_boundary_side_set_1_tri3_edge2 has size 57830  on Proc 0.
STKDisc: sideset extruded_boundary_side_set_2 has size 2630  on Proc 0.
STKDisc: sideset extruded_boundary_side_set_2_tri3_edge2 has size 2630  on Proc 0.
STKDisc: sideset extruded_boundary_side_set_tri3_edge2 has size 60460  on Proc 0.
STKDisc: sideset lateralside has size 60460  on Proc 0.
STKDisc: sideset upperside has size 72588  on Proc 0.
STKDisc: 72588 elements on Proc 0 
STKDisc: nodeset boundary_node_set_0 has size 0  on Proc 0.
STKDisc: nodeset boundary_node_set_1 has size 6027  on Proc 0.
STKDisc: nodeset node_set has size 39224  on Proc 0.
STKDisc: sideset boundary_side_set has size 6046  on Proc 0.
STKDisc: sideset boundary_side_set_1 has size 5783  on Proc 0.
STKDisc: sideset boundary_side_set_2 has size 263  on Proc 0.
STKDisc: 72588 elements on Proc 0 
STKDisc: nodeset all_nodes has size 39224  on Proc 0.
StateManager: initializing state:  ice_thickness
StateManager: initializing state:  surface_height
StateManager: initializing state:  log_basal_friction
StateManager: initializing state:  temperature
StateManager: initializing state:  bed_topography
StateManager: initializing state:  apparent_mass_balance
StateManager: initializing state:  apparent_mass_balance_RMS
StateManager: initializing state:  dissipation_heat

StateManager: initializing state:  ice_thickness
StateManager: initializing state:  observed_ice_thickness
StateManager: initializing state:  observed_ice_thickness_RMS
StateManager: initializing state:  surface_height
StateManager: initializing state:  bed_topography
StateManager: initializing state:  log_basal_friction
StateManager: initializing state:  temperature
StateManager: initializing state:  apparent_mass_balance
StateManager: initializing state:  apparent_mass_balance_RMS

StateManager: initializing state:  observed_surface_velocity
StateManager: initializing state:  observed_surface_velocity_RMS

xxxxxxxxxxxxxxxxxxxxxxxxxxxxxxxxxxxxxxxxxxxxxxx
 Sacado ParameterLibrary has been initialized:
 Library of all registered parameters:
xxxxxxxxxxxxxxxxxxxxxxxxxxxxxxxxxxxxxxxxxxxxxxx

Total number of parameters  = 0
Number of non-distributed parameters  = 0
Number of response vectors  = 1
Number of distributed parameters vectors  = 0

************************************************************************
-- Nonlinear Solver Step 0 -- 
||F|| = 5.152e+05  step = 0.000e+00  dx = 0.000e+00
************************************************************************

  
  *******************************************************
  ***** Belos Iterative Solver:  Block Gmres 
  ***** Maximum Iterations: 200
  ***** Block Size: 1
  ***** Residual Test: 
  *****   Test 1 : Belos::StatusTestImpResNorm<>: (2-Norm Res Vec) / (2-Norm Res0), tol = 1e-08
  *******************************************************
  Iter   0, [ 1] :    1.000000e+00
  Iter  20, [ 1] :    3.090244e-05
  Iter  40, [ 1] :    9.780700e-08
  Iter  46, [ 1] :    8.369729e-09

************************************************************************
-- Nonlinear Solver Step 1 -- 
||F|| = 5.031e+05  step = 1.250e-01  dx = 1.950e+04
************************************************************************

  
  *******************************************************
  ***** Belos Iterative Solver:  Block Gmres 
  ***** Maximum Iterations: 200
  ***** Block Size: 1
  ***** Residual Test: 
  *****   Test 1 : Belos::StatusTestImpResNorm<>: (2-Norm Res Vec) / (2-Norm Res0), tol = 1e-08
  *******************************************************
  Iter   0, [ 1] :    1.000000e+00
  Iter  20, [ 1] :    3.510196e-05
  Iter  40, [ 1] :    3.828110e-07
  Iter  57, [ 1] :    6.643197e-09

************************************************************************
-- Nonlinear Solver Step 2 -- 
||F|| = 4.947e+05  step = 1.250e-01  dx = 3.054e+04
************************************************************************

  
  *******************************************************
  ***** Belos Iterative Solver:  Block Gmres 
  ***** Maximum Iterations: 200
  ***** Block Size: 1
  ***** Residual Test: 
  *****   Test 1 : Belos::StatusTestImpResNorm<>: (2-Norm Res Vec) / (2-Norm Res0), tol = 1e-08
  *******************************************************
  Iter   0, [ 1] :    1.000000e+00
  Iter  20, [ 1] :    2.093476e-05
  Iter  40, [ 1] :    1.240769e-07
  Iter  49, [ 1] :    8.581889e-09

************************************************************************
-- Nonlinear Solver Step 3 -- 
||F|| = 4.786e+05  step = 1.250e-01  dx = 3.499e+04
************************************************************************

  
  *******************************************************
  ***** Belos Iterative Solver:  Block Gmres 
  ***** Maximum Iterations: 200
  ***** Block Size: 1
  ***** Residual Test: 
  *****   Test 1 : Belos::StatusTestImpResNorm<>: (2-Norm Res Vec) / (2-Norm Res0), tol = 1e-08
  *******************************************************
  Iter   0, [ 1] :    1.000000e+00
  Iter  20, [ 1] :    9.860314e-06
  Iter  40, [ 1] :    7.510551e-08
  Iter  52, [ 1] :    8.823744e-09

************************************************************************
-- Nonlinear Solver Step 4 -- 
||F|| = 4.696e+05  step = 2.500e-01  dx = 3.608e+04
************************************************************************

  
  *******************************************************
  ***** Belos Iterative Solver:  Block Gmres 
  ***** Maximum Iterations: 200
  ***** Block Size: 1
  ***** Residual Test: 
  *****   Test 1 : Belos::StatusTestImpResNorm<>: (2-Norm Res Vec) / (2-Norm Res0), tol = 1e-08
  *******************************************************
  Iter   0, [ 1] :    1.000000e+00
  Iter  20, [ 1] :    7.474638e-06
  Iter  40, [ 1] :    7.362164e-08
  Iter  53, [ 1] :    6.781070e-09

************************************************************************
-- Nonlinear Solver Step 5 -- 
||F|| = 4.639e+05  step = 5.000e-01  dx = 3.324e+04
************************************************************************

  
  *******************************************************
  ***** Belos Iterative Solver:  Block Gmres 
  ***** Maximum Iterations: 200
  ***** Block Size: 1
  ***** Residual Test: 
  *****   Test 1 : Belos::StatusTestImpResNorm<>: (2-Norm Res Vec) / (2-Norm Res0), tol = 1e-08
  *******************************************************
  Iter   0, [ 1] :    1.000000e+00
  Iter  20, [ 1] :    1.019540e-05
  Iter  40, [ 1] :    2.852796e-07
  Iter  59, [ 1] :    7.073509e-09

************************************************************************
-- Nonlinear Solver Step 6 -- 
||F|| = 3.400e+05  step = 1.000e+00  dx = 2.394e+04
************************************************************************

  
  *******************************************************
  ***** Belos Iterative Solver:  Block Gmres 
  ***** Maximum Iterations: 200
  ***** Block Size: 1
  ***** Residual Test: 
  *****   Test 1 : Belos::StatusTestImpResNorm<>: (2-Norm Res Vec) / (2-Norm Res0), tol = 1e-08
  *******************************************************
  Iter   0, [ 1] :    1.000000e+00
  Iter  20, [ 1] :    7.206578e-06
  Iter  40, [ 1] :    2.441477e-07
  Iter  60, [ 1] :    1.514307e-08
  Iter  62, [ 1] :    7.999193e-09

************************************************************************
-- Nonlinear Solver Step 7 -- 
||F|| = 7.191e+04  step = 1.000e+00  dx = 8.064e+03
************************************************************************

  
  *******************************************************
  ***** Belos Iterative Solver:  Block Gmres 
  ***** Maximum Iterations: 200
  ***** Block Size: 1
  ***** Residual Test: 
  *****   Test 1 : Belos::StatusTestImpResNorm<>: (2-Norm Res Vec) / (2-Norm Res0), tol = 1e-08
  *******************************************************
  Iter   0, [ 1] :    1.000000e+00
  Iter  20, [ 1] :    5.873247e-06
  Iter  40, [ 1] :    2.615442e-07
  Iter  60, [ 1] :    3.083039e-08
  Iter  63, [ 1] :    9.337383e-09

************************************************************************
-- Nonlinear Solver Step 8 -- 
||F|| = 5.406e+03  step = 1.000e+00  dx = 1.643e+03
************************************************************************

  
  *******************************************************
  ***** Belos Iterative Solver:  Block Gmres 
  ***** Maximum Iterations: 200
  ***** Block Size: 1
  ***** Residual Test: 
  *****   Test 1 : Belos::StatusTestImpResNorm<>: (2-Norm Res Vec) / (2-Norm Res0), tol = 1e-08
  *******************************************************
  Iter   0, [ 1] :    1.000000e+00
  Iter  20, [ 1] :    3.603042e-06
  Iter  40, [ 1] :    1.893747e-07
  Iter  60, [ 1] :    2.008883e-08
  Iter  62, [ 1] :    9.368412e-09

************************************************************************
-- Nonlinear Solver Step 9 -- 
||F|| = 1.432e+02  step = 1.000e+00  dx = 6.606e+01
************************************************************************

  
  *******************************************************
  ***** Belos Iterative Solver:  Block Gmres 
  ***** Maximum Iterations: 200
  ***** Block Size: 1
  ***** Residual Test: 
  *****   Test 1 : Belos::StatusTestImpResNorm<>: (2-Norm Res Vec) / (2-Norm Res0), tol = 1e-08
  *******************************************************
  Iter   0, [ 1] :    1.000000e+00
  Iter  20, [ 1] :    1.221778e-06
  Iter  40, [ 1] :    4.291624e-08
  Iter  48, [ 1] :    9.581802e-09

************************************************************************
-- Nonlinear Solver Step 10 -- 
||F|| = 5.913e+00  step = 1.000e+00  dx = 1.770e+00
************************************************************************

  
  *******************************************************
  ***** Belos Iterative Solver:  Block Gmres 
  ***** Maximum Iterations: 200
  ***** Block Size: 1
  ***** Residual Test: 
  *****   Test 1 : Belos::StatusTestImpResNorm<>: (2-Norm Res Vec) / (2-Norm Res0), tol = 1e-08
  *******************************************************
  Iter   0, [ 1] :    1.000000e+00
  Iter  20, [ 1] :    3.116871e-06
  Iter  40, [ 1] :    3.342553e-08
  Iter  50, [ 1] :    6.127031e-09

************************************************************************
-- Nonlinear Solver Step 11 -- 
||F|| = 4.059e+00  step = 1.000e+00  dx = 1.916e+00
************************************************************************

  
  *******************************************************
  ***** Belos Iterative Solver:  Block Gmres 
  ***** Maximum Iterations: 200
  ***** Block Size: 1
  ***** Residual Test: 
  *****   Test 1 : Belos::StatusTestImpResNorm<>: (2-Norm Res Vec) / (2-Norm Res0), tol = 1e-08
  *******************************************************
  Iter   0, [ 1] :    1.000000e+00
  Iter  20, [ 1] :    5.130200e-06
  Iter  31, [ 1] :    8.562266e-09

************************************************************************
-- Nonlinear Solver Step 12 -- 
||F|| = 1.809e+00  step = 5.000e-01  dx = 2.113e+00
************************************************************************

  
  *******************************************************
  ***** Belos Iterative Solver:  Block Gmres 
  ***** Maximum Iterations: 200
  ***** Block Size: 1
  ***** Residual Test: 
  *****   Test 1 : Belos::StatusTestImpResNorm<>: (2-Norm Res Vec) / (2-Norm Res0), tol = 1e-08
  *******************************************************
  Iter   0, [ 1] :    1.000000e+00
  Iter  20, [ 1] :    6.313831e-06
  Iter  31, [ 1] :    9.252353e-09

************************************************************************
-- Nonlinear Solver Step 13 -- 
||F|| = 2.882e-01  step = 5.000e-01  dx = 3.276e-01
************************************************************************

  
  *******************************************************
  ***** Belos Iterative Solver:  Block Gmres 
  ***** Maximum Iterations: 200
  ***** Block Size: 1
  ***** Residual Test: 
  *****   Test 1 : Belos::StatusTestImpResNorm<>: (2-Norm Res Vec) / (2-Norm Res0), tol = 1e-08
  *******************************************************
  Iter   0, [ 1] :    1.000000e+00
  Iter  20, [ 1] :    1.000110e-05
  Iter  40, [ 1] :    1.087719e-08
  Iter  41, [ 1] :    7.695844e-09

************************************************************************
-- Nonlinear Solver Step 14 -- 
||F|| = 3.767e-02  step = 1.000e+00  dx = 2.798e-02
************************************************************************

  
  *******************************************************
  ***** Belos Iterative Solver:  Block Gmres 
  ***** Maximum Iterations: 200
  ***** Block Size: 1
  ***** Residual Test: 
  *****   Test 1 : Belos::StatusTestImpResNorm<>: (2-Norm Res Vec) / (2-Norm Res0), tol = 1e-08
  *******************************************************
  Iter   0, [ 1] :    1.000000e+00
  Iter  20, [ 1] :    5.839545e-06
  Iter  40, [ 1] :    1.101495e-08
  Iter  41, [ 1] :    9.676131e-09

************************************************************************
-- Nonlinear Solver Step 15 -- 
||F|| = 4.437e-04  step = 1.000e+00  dx = 1.457e-03 (Converged!)
************************************************************************

************************************************************************
-- Final Status Test Results --
Converged....OR Combination -> 
  Converged....F-Norm = 4.777e-07 < 1.000e-05
               (Length-Scaled Two-Norm, Absolute Tolerance)
  ??...........Number of Iterations = -1 < 50
************************************************************************
         Response[0] = -7.00550989e+00 
*** Teuchos::StackedTimer::report() - Remainder for a level will be ***
*** incorrect if a timer in the level does not exist on every rank  ***
*** of the MPI Communicator.                                        ***
PyAlbany Total Time: 53.6806 [2]
|   PyAlbany: Setup Time: 26.9866 - 50.2725% [1]
|   PyAlbany: performSolve: 26.694 - 49.7275% [1]
|   |   Piro::NOXSolver::evalModelImpl::solve: 26.6752 - 99.9295% [1]
|   |   |   Thyra::NOXNonlinearSolver::solve: 26.6747 - 99.9981% [1]
|   |   |   |   Thyra::DefaultModelEvaluatorWithSolveFactory<double>::evalModel(...): 5.76079 - 21.5965% [45]
|   |   |   |   |   Albany: Total Fill Time: 5.75923 - 99.973% [45]
|   |   |   |   |   |   Albany Fill: Residual: 1.86685 - 32.415% [30]
|   |   |   |   |   |   |   Phalanx::SortAndOrderEvaluators: 1.022e-06 - 5.47445e-05% [1]
|   |   |   |   |   |   |   Albany Residual Fill: Evaluate: 1.53566 - 82.259% [30]
|   |   |   |   |   |   |   |   Phalanx: Evaluator 8: [<Residual>] LoadStateField(bed_topography)<Residual>: 0.0306447 - 1.99554% [30]
|   |   |   |   |   |   |   |   Phalanx: Evaluator 11: [<Residual>] Save Field bed_topography to State bed_topographyResidual: 0.318871 - 20.7644% [30]
|   |   |   |   |   |   |   |   Phalanx: Evaluator 5: [<Residual>] LoadStateField(surface_height)<Residual>: 0.0299776 - 1.9521% [30]
|   |   |   |   |   |   |   |   Phalanx: Evaluator 12: [<Residual>] Save Field surface_height to State surface_heightResidual: 0.316005 - 20.5779% [30]
|   |   |   |   |   |   |   |   Phalanx: Evaluator 31: [<Residual>] Shared Parameter Glen's Law Homotopy Parameter<Residual>: 0.000704104 - 0.0458504% [30]
|   |   |   |   |   |   |   |   Phalanx: Evaluator 2: [<Residual>] Gather Coordinate Vector<Residual>: 0.0622193 - 4.05164% [30]
|   |   |   |   |   |   |   |   Phalanx: Evaluator 25: [<Residual>] ComputeBasisFunctions<Residual>: 0.0195065 - 1.27024% [30]
|   |   |   |   |   |   |   |   Phalanx: Evaluator 0: [<Residual>] Gather Solution<Residual>: 0.0127472 - 0.830078% [30]
|   |   |   |   |   |   |   |   Phalanx: Evaluator 67: [<Residual>] FastSolutionVecGradInterpolationBase<Residual>: 0.00922287 - 0.600581% [30]
|   |   |   |   |   |   |   |   Phalanx: Evaluator 7: [<Residual>] LoadStateField(temperature)<Residual>: 0.168603 - 10.9792% [30]
|   |   |   |   |   |   |   |   Phalanx: Evaluator 78: [<Residual>] P0Interpolation[temperature] <Residual>: 0.000716567 - 0.0466619% [30]
|   |   |   |   |   |   |   |   Phalanx: Evaluator 24: [<Residual>] MapToPhysicalFrame<Residual>: 0.012495 - 0.813661% [30]
|   |   |   |   |   |   |   |   Phalanx: Evaluator 26: [<Residual>] P0Interpolation[Coord Vec] <Residual>: 0.000375111 - 0.0244268% [30]
|   |   |   |   |   |   |   |   Phalanx: Evaluator 76: [<Residual>] P0Interpolation[surface_height] <Residual>: 0.0135609 - 0.883071% [30]
|   |   |   |   |   |   |   |   Phalanx: Evaluator 3: [<Residual>] Pressure Corrected Temperature<Residual>: 0.0120866 - 0.787066% [30]
|   |   |   |   |   |   |   |   Phalanx: Evaluator 33: [<Residual>] ViscosityFO<Residual>: 0.000669384 - 0.0435894% [30]
|   |   |   |   |   |   |   |   Phalanx: Evaluator 34: [<Residual>] Dissipation: 0.0243209 - 1.58375% [30]
|   |   |   |   |   |   |   |   Phalanx: Evaluator 35: [<Residual>] P0Interpolation[LandIce Dissipation] <Residual>: 0.00739852 - 0.481782% [30]
|   |   |   |   |   |   |   |   Phalanx: Evaluator 36: [<Residual>] Save Field LandIce Dissipation to State dissipation_heatResidual: 0.0715093 - 4.6566% [30]
|   |   |   |   |   |   |   |   Phalanx: Evaluator 75: [<Residual>] DOFGradInterpolationBase<Residual>: 0.000280858 - 0.0182891% [30]
|   |   |   |   |   |   |   |   Phalanx: Evaluator 37: [<Residual>] StokesFOBodyForce<Residual>: 0.00229445 - 0.149412% [30]
|   |   |   |   |   |   |   |   Phalanx: Evaluator 66: [<Residual>] FastSolutionVecInterpolationBase<Residual>: 0.000754169 - 0.0491105% [30]
|   |   |   |   |   |   |   |   Phalanx: Evaluator 28: [<Residual>] StokesFOResid<Residual>: 0.0487648 - 3.1755% [30]
|   |   |   |   |   |   |   |   Phalanx: Evaluator 63: [<Residual>] DOFCellToSide(Coord Vec -> Coord Vec_extruded_boundary_side_set_1)[Vertex Vector]<Residual>: 0.120887 - 7.87202% [30]
|   |   |   |   |   |   |   |   Phalanx: Evaluator 60: [<Residual>] ComputeBasisFunctionsSide<Residual>: 0.0210655 - 1.37176% [30]
|   |   |   |   |   |   |   |   Phalanx: Evaluator 101: [<Residual>] DOFCellToSide(surface_height -> surface_height_extruded_boundary_side_set_1)[Node Scalar]<Residual>: 0.000114388 - 0.0074488% [30]
|   |   |   |   |   |   |   |   Phalanx: Evaluator 103: [<Residual>] DOFInterpolationSide<Residual>: 0.000161523 - 0.0105182% [30]
|   |   |   |   |   |   |   |   Phalanx: Evaluator 4: [<Residual>] LoadStateField(ice_thickness)<Residual>: 0.0335986 - 2.1879% [30]
|   |   |   |   |   |   |   |   Phalanx: Evaluator 99: [<Residual>] DOFCellToSide(ice_thickness -> ice_thickness_extruded_boundary_side_set_1)[Node Scalar]<Residual>: 0.00012569 - 0.00818477% [30]
|   |   |   |   |   |   |   |   Phalanx: Evaluator 100: [<Residual>] DOFInterpolationSide<Residual>: 0.0034008 - 0.221456% [30]
|   |   |   |   |   |   |   |   Phalanx: Evaluator 38: [<Residual>] StokesFOLateralResid<Residual>: 0.000744317 - 0.048469% [30]
|   |   |   |   |   |   |   |   Phalanx: Evaluator 59: [<Residual>] DOFCellToSide(Coord Vec -> Coord Vec_basalside)[Vertex Vector]<Residual>: 0.00222351 - 0.144792% [30]
|   |   |   |   |   |   |   |   Phalanx: Evaluator 56: [<Residual>] ComputeBasisFunctionsSide<Residual>: 0.0111061 - 0.723218% [30]
|   |   |   |   |   |   |   |   Phalanx: Evaluator 49: [<Residual>] Shared Parameter Power Exponent<Residual>: 0.00102139 - 0.0665113% [30]
|   |   |   |   |   |   |   |   Phalanx: Evaluator 18: [<Residual>] Load Side Set Field log_basal_friction_basalside from Side Set State log_basal_friction<Residual>: 0.0167399 - 1.09008% [30]
|   |   |   |   |   |   |   |   Phalanx: Evaluator 91: [<Residual>] DOFInterpolationSide<Residual>: 0.000113426 - 0.00738616% [30]
|   |   |   |   |   |   |   |   Phalanx: Evaluator 13: [<Residual>] Load Side Set Field ice_thickness_basalside from Side Set State ice_thickness<Residual>: 0.0181473 - 1.18173% [30]
|   |   |   |   |   |   |   |   Phalanx: Evaluator 17: [<Residual>] Load Side Set Field bed_topography_basalside from Side Set State bed_topography<Residual>: 0.0157766 - 1.02735% [30]
|   |   |   |   |   |   |   |   Phalanx: Evaluator 50: [<Residual>] BasalFrictionCoefficient<Residual>: 0.000715904 - 0.0466188% [30]
|   |   |   |   |   |   |   |   Phalanx: Evaluator 79: [<Residual>] DOFCellToSide(Velocity -> Velocity_basalside)[Node Vector]<Residual>: 0.00244134 - 0.158977% [30]
|   |   |   |   |   |   |   |   Phalanx: Evaluator 80: [<Residual>] DOFVecInterpolationSide<Residual>: 0.00155428 - 0.101212% [30]
|   |   |   |   |   |   |   |   Phalanx: Evaluator 39: [<Residual>] StokesFOBasalResid<Residual>: 0.0013809 - 0.0899221% [30]
|   |   |   |   |   |   |   |   Phalanx: Evaluator 1: [<Residual>] Scatter Velocity Residual<Residual>: 0.00237322 - 0.154541% [30]
|   |   |   |   |   |   |   |   Remainder: 0.118237 - 7.69943%
|   |   |   |   |   |   |   Albany Residual Fill: Export: 0.00166868 - 0.0893847% [30]
|   |   |   |   |   |   |   Remainder: 0.329529 - 17.6515%
|   |   |   |   |   |   Albany Fill: Jacobian: 3.89187 - 67.5763% [15]
|   |   |   |   |   |   |   Phalanx::SortAndOrderEvaluators: 5.11e-07 - 1.31299e-05% [1]
|   |   |   |   |   |   |   Albany Jacobian Fill: Evaluate: 2.45945 - 63.1944% [15]
|   |   |   |   |   |   |   |   Phalanx: Evaluator 141: [<Jacobian>] Shared Parameter Glen's Law Homotopy Parameter<Jacobian>: 0.000156923 - 0.00638042% [15]
|   |   |   |   |   |   |   |   Phalanx: Evaluator 112: [<Jacobian>] Gather Coordinate Vector<Jacobian>: 0.0629472 - 2.55941% [15]
|   |   |   |   |   |   |   |   Phalanx: Evaluator 135: [<Jacobian>] ComputeBasisFunctions<Jacobian>: 0.0193995 - 0.788777% [15]
|   |   |   |   |   |   |   |   Phalanx: Evaluator 110: [<Jacobian>] Gather Solution<Jacobian>: 0.0122932 - 0.499837% [15]
|   |   |   |   |   |   |   |   Phalanx: Evaluator 177: [<Jacobian>] FastSolutionVecGradInterpolationBase<Jacobian>: 0.0158357 - 0.643872% [15]
|   |   |   |   |   |   |   |   Phalanx: Evaluator 117: [<Jacobian>] LoadStateField(temperature)<Jacobian>: 0.25831 - 10.5028% [15]
|   |   |   |   |   |   |   |   Phalanx: Evaluator 187: [<Jacobian>] P0Interpolation[temperature] <Jacobian>: 0.000338901 - 0.0137796% [15]
|   |   |   |   |   |   |   |   Phalanx: Evaluator 134: [<Jacobian>] MapToPhysicalFrame<Jacobian>: 0.0134269 - 0.545934% [15]
|   |   |   |   |   |   |   |   Phalanx: Evaluator 136: [<Jacobian>] P0Interpolation[Coord Vec] <Jacobian>: 0.000202619 - 0.0082384% [15]
|   |   |   |   |   |   |   |   Phalanx: Evaluator 115: [<Jacobian>] LoadStateField(surface_height)<Jacobian>: 0.0389378 - 1.58319% [15]
|   |   |   |   |   |   |   |   Phalanx: Evaluator 185: [<Jacobian>] P0Interpolation[surface_height] <Jacobian>: 0.000175445 - 0.00713352% [15]
|   |   |   |   |   |   |   |   Phalanx: Evaluator 113: [<Jacobian>] Pressure Corrected Temperature<Jacobian>: 0.0109567 - 0.445496% [15]
|   |   |   |   |   |   |   |   Phalanx: Evaluator 143: [<Jacobian>] ViscosityFO<Jacobian>: 0.000429334 - 0.0174565% [15]
|   |   |   |   |   |   |   |   Phalanx: Evaluator 184: [<Jacobian>] DOFGradInterpolationBase<Jacobian>: 0.128878 - 5.24011% [15]
|   |   |   |   |   |   |   |   Phalanx: Evaluator 147: [<Jacobian>] StokesFOBodyForce<Jacobian>: 0.00225147 - 0.0915437% [15]
|   |   |   |   |   |   |   |   Phalanx: Evaluator 176: [<Jacobian>] FastSolutionVecInterpolationBase<Jacobian>: 0.00294058 - 0.119563% [15]
|   |   |   |   |   |   |   |   Phalanx: Evaluator 138: [<Jacobian>] StokesFOResid<Jacobian>: 0.0798819 - 3.24796% [15]
|   |   |   |   |   |   |   |   Phalanx: Evaluator 173: [<Jacobian>] DOFCellToSide(Coord Vec -> Coord Vec_extruded_boundary_side_set_1)[Vertex Vector]<Jacobian>: 1.59088 - 64.6844% [15]
|   |   |   |   |   |   |   |   Phalanx: Evaluator 170: [<Jacobian>] ComputeBasisFunctionsSide<Jacobian>: 0.01638 - 0.666002% [15]
|   |   |   |   |   |   |   |   Phalanx: Evaluator 210: [<Jacobian>] DOFCellToSide(surface_height -> surface_height_extruded_boundary_side_set_1)[Node Scalar]<Jacobian>: 6.1737e-05 - 0.0025102% [15]
|   |   |   |   |   |   |   |   Phalanx: Evaluator 212: [<Jacobian>] DOFInterpolationSide<Jacobian>: 8.7157e-05 - 0.00354377% [15]
|   |   |   |   |   |   |   |   Phalanx: Evaluator 114: [<Jacobian>] LoadStateField(ice_thickness)<Jacobian>: 0.0349864 - 1.42253% [15]
|   |   |   |   |   |   |   |   Phalanx: Evaluator 208: [<Jacobian>] DOFCellToSide(ice_thickness -> ice_thickness_extruded_boundary_side_set_1)[Node Scalar]<Jacobian>: 6.5137e-05 - 0.00264844% [15]
|   |   |   |   |   |   |   |   Phalanx: Evaluator 209: [<Jacobian>] DOFInterpolationSide<Jacobian>: 0.00343929 - 0.13984% [15]
|   |   |   |   |   |   |   |   Phalanx: Evaluator 148: [<Jacobian>] StokesFOLateralResid<Jacobian>: 0.000408604 - 0.0166137% [15]
|   |   |   |   |   |   |   |   Phalanx: Evaluator 169: [<Jacobian>] DOFCellToSide(Coord Vec -> Coord Vec_basalside)[Vertex Vector]<Jacobian>: 0.0235312 - 0.956767% [15]
|   |   |   |   |   |   |   |   Phalanx: Evaluator 166: [<Jacobian>] ComputeBasisFunctionsSide<Jacobian>: 0.0103604 - 0.421248% [15]
|   |   |   |   |   |   |   |   Phalanx: Evaluator 159: [<Jacobian>] Shared Parameter Power Exponent<Jacobian>: 0.000551268 - 0.0224143% [15]
|   |   |   |   |   |   |   |   Phalanx: Evaluator 128: [<Jacobian>] Load Side Set Field log_basal_friction_basalside from Side Set State log_basal_friction<Jacobian>: 0.0170151 - 0.691826% [15]
|   |   |   |   |   |   |   |   Phalanx: Evaluator 200: [<Jacobian>] DOFInterpolationSide<Jacobian>: 6.6095e-05 - 0.00268739% [15]
|   |   |   |   |   |   |   |   Phalanx: Evaluator 123: [<Jacobian>] Load Side Set Field ice_thickness_basalside from Side Set State ice_thickness<Jacobian>: 0.0181516 - 0.738038% [15]
|   |   |   |   |   |   |   |   Phalanx: Evaluator 127: [<Jacobian>] Load Side Set Field bed_topography_basalside from Side Set State bed_topography<Jacobian>: 0.0157664 - 0.641055% [15]
|   |   |   |   |   |   |   |   Phalanx: Evaluator 160: [<Jacobian>] BasalFrictionCoefficient<Jacobian>: 0.000406561 - 0.0165306% [15]
|   |   |   |   |   |   |   |   Phalanx: Evaluator 188: [<Jacobian>] DOFCellToSide(Velocity -> Velocity_basalside)[Node Vector]<Jacobian>: 0.0022834 - 0.0928421% [15]
|   |   |   |   |   |   |   |   Phalanx: Evaluator 189: [<Jacobian>] DOFVecInterpolationSide<Jacobian>: 0.0049283 - 0.200383% [15]
|   |   |   |   |   |   |   |   Phalanx: Evaluator 149: [<Jacobian>] StokesFOBasalResid<Jacobian>: 0.00623621 - 0.253562% [15]
|   |   |   |   |   |   |   |   Phalanx: Evaluator 111: [<Jacobian>] Scatter Velocity Residual<Jacobian>: 0.0139873 - 0.568719% [15]
|   |   |   |   |   |   |   |   Remainder: 0.0524923 - 2.13432%
|   |   |   |   |   |   |   Albany Jacobian Fill: Export: 0.00083805 - 0.0215333% [15]
|   |   |   |   |   |   |   Remainder: 1.43159 - 36.7841%
|   |   |   |   |   |   Remainder: 0.00050402 - 0.00875151%
|   |   |   |   |   Remainder: 0.00155828 - 0.0270498%
|   |   |   |   NOX Total Preconditioner Construction: 15.6292 - 58.5917% [15]
|   |   |   |   |   ThyraMueLu::initializePrec: 15.5595 - 99.5543% [15]
|   |   |   |   |   |   MueLu: ParameterListInterpreter (ParameterList): 0.0116471 - 0.0748552% [15]
|   |   |   |   |   |   Ifpack2::Chebyshev::compute: 0.331921 - 2.13324% [15]
|   |   |   |   |   |   Ifpack2::Relaxation::initialize: 0.0376703 - 0.242105% [30]
|   |   |   |   |   |   Ifpack2::Relaxation::compute: 0.00588552 - 0.0378259% [30]
|   |   |   |   |   |   Utilities_kokkos::GetMatrixDiagonalInverse: 0.000924047 - 0.00593879% [15]
|   |   |   |   |   |   Remainder: 15.1715 - 97.506%
|   |   |   |   |   Remainder: 0.0696582 - 0.445694%
|   |   |   |   NOX Total Linear Solve: 5.2559 - 19.7037% [15]
|   |   |   |   |   Stratimikos: BelosLOWS: 5.25585 - 99.999% [15]
|   |   |   |   |   |   Belos: Operation Op*x: 0.0104326 - 0.198496% [15]
|   |   |   |   |   |   Belos::MVT::MvAddMv: 0.00015062 - 0.00286576% [15]
|   |   |   |   |   |   Belos: BlockGmresSolMgr total solve time: 5.19462 - 98.8351% [15]
|   |   |   |   |   |   |   Belos: ICGS[2]: Orthogonalization: 0.752989 - 14.4955% [760]
|   |   |   |   |   |   |   |   Belos: ICGS[2]: Ortho (Norm): 0.0340765 - 4.5255% [760]
|   |   |   |   |   |   |   |   |   Belos::MVT::MvDot: 0.0332638 - 97.615% [760]
|   |   |   |   |   |   |   |   |   Remainder: 0.00081271 - 2.38496%
|   |   |   |   |   |   |   |   Belos::MVT::MvScale: 0.00399109 - 0.530032% [760]
|   |   |   |   |   |   |   |   Belos: ICGS[2]: Ortho (Inner Product): 0.414056 - 54.9883% [1490]
|   |   |   |   |   |   |   |   |   Belos::MVT::MvTransMv: 0.41224 - 99.5616% [1490]
|   |   |   |   |   |   |   |   |   Remainder: 0.00181524 - 0.438405%
|   |   |   |   |   |   |   |   Belos: ICGS[2]: Ortho (Update): 0.296078 - 39.3203% [1490]
|   |   |   |   |   |   |   |   |   Belos::MVT::MvTimesMatAddMv: 0.294368 - 99.4225% [1490]
|   |   |   |   |   |   |   |   |   Remainder: 0.00170972 - 0.577455%
|   |   |   |   |   |   |   |   Remainder: 0.00478788 - 0.63585%
|   |   |   |   |   |   |   Belos::MVT::MvAddMv: 0.000528383 - 0.0101717% [60]
|   |   |   |   |   |   |   Belos::MVT::MvNorm: 0.0104678 - 0.201512% [30]
|   |   |   |   |   |   |   Belos: Operation Prec*x: 2.30455 - 44.3642% [760]
|   |   |   |   |   |   |   |   Ifpack2::Chebyshev::apply: 0.65307 - 28.3382% [1520]
|   |   |   |   |   |   |   |   Ifpack2::Relaxation::apply: 0.591981 - 25.6874% [2280]
|   |   |   |   |   |   |   |   Remainder: 1.0595 - 45.9743%
|   |   |   |   |   |   |   Belos: Operation Op*x: 1.99647 - 38.4333% [760]
|   |   |   |   |   |   |   Belos::MVT::MvTimesMatAddMv: 0.0205844 - 0.396264% [15]
|   |   |   |   |   |   |   Remainder: 0.109033 - 2.09896%
|   |   |   |   |   |   Remainder: 0.0506396 - 0.963491%
|   |   |   |   |   Remainder: 5.2453e-05 - 0.000997984%
|   |   |   |   Remainder: 0.0288514 - 0.10816%
|   |   |   Remainder: 0.000494971 - 0.00185555%
|   |   Piro::SteadyStateSolver::evalConvergedModelResponsesAndSensitivities::calc g, df/dp, dg/dp, dg/dx: 0.00108393 - 0.00406059% [1]
|   |   |   Thyra::DefaultModelEvaluatorWithSolveFactory<double>::evalModel(...): 0.00101874 - 93.9852% [1]
|   |   |   |   Albany: Total Fill Time: 0.000990063 - 97.1852% [1]
|   |   |   |   |   Albany Fill: Response: 0.000976287 - 98.6086% [1]
|   |   |   |   |   Remainder: 1.3776e-05 - 1.39143%
|   |   |   |   Remainder: 2.8675e-05 - 2.81476%
|   |   |   Remainder: 6.5196e-05 - 6.01476%
|   |   Albany Fill: State Residual: 0.00296261 - 0.0110984% [1]
|   |   |   Phalanx::SortAndOrderEvaluators: 1.362e-06 - 0.0459731% [5]
|   |   |   Remainder: 0.00296124 - 99.954%
|   |   Albany: Output to File: 0.0131131 - 0.0491239% [1]
|   |   Thyra::DefaultModelEvaluatorWithSolveFactory<double>::evalModel(...): 0.00014033 - 0.000525699% [1]
|   |   |   Albany: Total Fill Time: 8.0976e-05 - 57.704% [1]
|   |   |   |   Albany Fill: Response: 7.2229e-05 - 89.198% [1]
|   |   |   |   Remainder: 8.747e-06 - 10.802%
|   |   |   Remainder: 5.9354e-05 - 42.296%
|   |   Remainder: 0.00151117 - 0.00566106%
|   Remainder: 1.1942e-05 - 2.22464e-05%
~PyProblem()
<PyAlbany.Albany_Pybind11.RCPPyParameterList object at 0x14d5cf294cf0>
<PyAlbany.Albany_Pybind11.RCPPyParameterList object at 0x14d5cf294d70>
Solve time: 26.694007308
~PyParallelEnv()

