*********************************************************************************
**  ______   __  __   ______   __       ______   ______   __   __   __  __     **
** /\  == \ /\ \_\ \ /\  __ \ /\ \     /\  == \ /\  __ \ /\ "-.\ \ /\ \_\ \    **
** \ \  __/ \ \____ \\ \  __ \\ \ \____\ \  __< \ \  __ \\ \ \-.  \\ \____ \   **
**  \ \_\    \/\_____\\ \_\ \_\\ \_____\\ \_____\\ \_\ \_\\ \_\\"\_\\/\_____\  **
**   \/_/     \/_____/ \/_/\/_/ \/_____/ \/_____/ \/_/\/_/ \/_/ \/_/ \/_____/  **
**                                                                             **
*********************************************************************************
** Trilinos git commit id - c70ae3dfa18
** Albany git branch ------ pybind11_PR
** Albany git commit id --- 7a1da3122
** Albany cxx compiler ---- GNU 10.3.0
** Albany cuda compiler --- Cuda 115
** Simulation start time -- 2022-09-25 at 12:40:16
***************************************************************
Albany_IOSS: Loading STKMesh from Exodus file  /global/homes/m/mcarlson/LandIce/ALITune/optimize/data/mesh-pop-wdg/gis_basal_populated.exo
Albany_IOSS: Loading STKMesh from Exodus file  /global/homes/m/mcarlson/LandIce/ALITune/optimize/data/mesh-pop-wdg/gis_upper_populated.exo
IOSS-STK: number of node sets = 3
IOSS-STK: number of side sets = 3
IOSS-STK: number of node sets = 3
IOSS-STK: number of side sets = 3
IOSS-STK: number of node sets = 1
IOSS-STK: number of side sets = 0
Restart Index set, reading solution index : 1
[GenericSTKMeshStruct] Processing field requirements...
  - Skipping field 'ice_thickness' since it's listed as present in the mesh.
  - Skipping field 'observed_ice_thickness' since it's listed as present in the mesh.
  - Skipping field 'observed_ice_thickness_RMS' since it's listed as present in the mesh.
  - Skipping field 'surface_height' since it's listed as present in the mesh.
  - Skipping field 'bed_topography' since it's listed as present in the mesh.
  - Skipping field 'log_basal_friction' since it's listed as present in the mesh.
  - Skipping field 'temperature' since it's listed as present in the mesh.
  - Skipping field 'apparent_mass_balance' since it's listed as present in the mesh.
  - Skipping field 'apparent_mass_balance_RMS' since it's listed as present in the mesh.
[ExtrudedSTKMesh] Adding nodes... done!
[ExtrudedSTKMesh] Adding elements... done!
[ExtrudedSTKMesh] Adding basalside sides... done!
[ExtrudedSTKMesh] Adding upperside sides... done!
[ExtrudedSTKMesh] Adding lateral sides... done!
[ExtrudedSTKMesh] Extruding basal fields...
  - Extruding Scalar Node field ice_thickness...done!
  - Extruding Scalar Node field surface_height...done!
  - Extruding Scalar Node field log_basal_friction...done!
  - Extruding Scalar Node field bed_topography...done!
  - Extruding Scalar Node field apparent_mass_balance...done!
  - Extruding Scalar Node field apparent_mass_balance_RMS...done!
[ExtrudedSTKMesh] Interpolating layered basal fields...
  - Interpolating Scalar field temperature...done!
[GenericSTKMeshStruct] Processing field requirements...
  - Skipping field 'ice_thickness' since it's listed as present in the mesh.
  - Skipping field 'surface_height' since it's listed as present in the mesh.
  - Skipping field 'log_basal_friction' since it's listed as present in the mesh.
  - Skipping field 'temperature' since it's listed as present in the mesh.
  - Skipping field 'bed_topography' since it's listed as present in the mesh.
  - Skipping field 'apparent_mass_balance' since it's listed as present in the mesh.
  - Skipping field 'apparent_mass_balance_RMS' since it's listed as present in the mesh.
  - Skipping field 'bed_topography' since it's listed as output. Make sure there's an evaluator set to save it!
  - Skipping field 'surface_height' since it's listed as output. Make sure there's an evaluator set to save it!
Restart Index set, reading solution index : 1
[GenericSTKMeshStruct] Processing field requirements...
  - Skipping field 'observed_surface_velocity' since it's listed as present in the mesh.
  - Skipping field 'observed_surface_velocity_RMS' since it's listed as present in the mesh.
STKDisc: 725880 elements on Proc 0 
STKDisc: nodeset basal_boundary_node_set_0 has size 0  on Proc 0.
STKDisc: nodeset basal_boundary_node_set_1 has size 6027  on Proc 0.
STKDisc: nodeset basal_node_set has size 39224  on Proc 0.
STKDisc: nodeset bottom has size 39224  on Proc 0.
STKDisc: nodeset extruded_boundary_node_set_0 has size 0  on Proc 0.
STKDisc: nodeset extruded_boundary_node_set_1 has size 66297  on Proc 0.
STKDisc: nodeset extruded_node_set has size 431464  on Proc 0.
STKDisc: nodeset lateral has size 66297  on Proc 0.
STKDisc: nodeset top has size 39224  on Proc 0.
STKDisc: sideset basalside has size 72588  on Proc 0.
STKDisc: sideset extruded_boundary_side_set has size 60460  on Proc 0.
STKDisc: sideset extruded_boundary_side_set_1 has size 57830  on Proc 0.
STKDisc: sideset extruded_boundary_side_set_1_tri3_edge2 has size 57830  on Proc 0.
STKDisc: sideset extruded_boundary_side_set_2 has size 2630  on Proc 0.
STKDisc: sideset extruded_boundary_side_set_2_tri3_edge2 has size 2630  on Proc 0.
STKDisc: sideset extruded_boundary_side_set_tri3_edge2 has size 60460  on Proc 0.
STKDisc: sideset lateralside has size 60460  on Proc 0.
STKDisc: sideset upperside has size 72588  on Proc 0.
STKDisc: 72588 elements on Proc 0 
STKDisc: nodeset boundary_node_set_0 has size 0  on Proc 0.
STKDisc: nodeset boundary_node_set_1 has size 6027  on Proc 0.
STKDisc: nodeset node_set has size 39224  on Proc 0.
STKDisc: sideset boundary_side_set has size 6046  on Proc 0.
STKDisc: sideset boundary_side_set_1 has size 5783  on Proc 0.
STKDisc: sideset boundary_side_set_2 has size 263  on Proc 0.
STKDisc: 72588 elements on Proc 0 
STKDisc: nodeset all_nodes has size 39224  on Proc 0.
StateManager: initializing state:  ice_thickness
StateManager: initializing state:  surface_height
StateManager: initializing state:  log_basal_friction
StateManager: initializing state:  temperature
StateManager: initializing state:  bed_topography
StateManager: initializing state:  apparent_mass_balance
StateManager: initializing state:  apparent_mass_balance_RMS
StateManager: initializing state:  dissipation_heat

StateManager: initializing state:  ice_thickness
StateManager: initializing state:  observed_ice_thickness
StateManager: initializing state:  observed_ice_thickness_RMS
StateManager: initializing state:  surface_height
StateManager: initializing state:  bed_topography
StateManager: initializing state:  log_basal_friction
StateManager: initializing state:  temperature
StateManager: initializing state:  apparent_mass_balance
StateManager: initializing state:  apparent_mass_balance_RMS

StateManager: initializing state:  observed_surface_velocity
StateManager: initializing state:  observed_surface_velocity_RMS

xxxxxxxxxxxxxxxxxxxxxxxxxxxxxxxxxxxxxxxxxxxxxxx
 Sacado ParameterLibrary has been initialized:
 Library of all registered parameters:
xxxxxxxxxxxxxxxxxxxxxxxxxxxxxxxxxxxxxxxxxxxxxxx

Total number of parameters  = 0
Number of non-distributed parameters  = 0
Number of response vectors  = 1
Number of distributed parameters vectors  = 0

************************************************************************
-- Nonlinear Solver Step 0 -- 
||F|| = 5.152e+05  step = 0.000e+00  dx = 0.000e+00
************************************************************************

  
  *******************************************************
  ***** Belos Iterative Solver:  Block Gmres 
  ***** Maximum Iterations: 200
  ***** Block Size: 1
  ***** Residual Test: 
  *****   Test 1 : Belos::StatusTestImpResNorm<>: (2-Norm Res Vec) / (2-Norm Res0), tol = 1e-08
  *******************************************************
  Iter   0, [ 1] :    1.000000e+00
  Iter  20, [ 1] :    9.792470e-01
  Iter  40, [ 1] :    9.780107e-01
  Iter  60, [ 1] :    9.775058e-01
  Iter  80, [ 1] :    9.771601e-01
  Iter 100, [ 1] :    9.768686e-01
  Iter 120, [ 1] :    9.767301e-01
  Iter 140, [ 1] :    9.765245e-01
  Iter 160, [ 1] :    9.763266e-01
  Iter 180, [ 1] :    9.762313e-01
  Iter 200, [ 1] :    9.761057e-01
WARNING: NOX::Direction::Newton::compute() - Linear solve failed to achieve convergence - using the step anyway since "Rescue Bad Newton Solve" is true 

************************************************************************
-- Nonlinear Solver Step 1 -- 
||F|| = 5.034e+05  step = 1.000e+00  dx = 1.914e+02
************************************************************************

  
  *******************************************************
  ***** Belos Iterative Solver:  Block Gmres 
  ***** Maximum Iterations: 200
  ***** Block Size: 1
  ***** Residual Test: 
  *****   Test 1 : Belos::StatusTestImpResNorm<>: (2-Norm Res Vec) / (2-Norm Res0), tol = 1e-08
  *******************************************************
  Iter   0, [ 1] :    1.000000e+00
  Iter  20, [ 1] :    9.942597e-01
  Iter  40, [ 1] :    9.941522e-01
  Iter  60, [ 1] :    9.941046e-01
  Iter  80, [ 1] :    9.940459e-01
  Iter 100, [ 1] :    9.939726e-01
  Iter 120, [ 1] :    9.939374e-01
  Iter 140, [ 1] :    9.938955e-01
  Iter 160, [ 1] :    9.938599e-01
  Iter 180, [ 1] :    9.938228e-01
  Iter 200, [ 1] :    9.937852e-01
WARNING: NOX::Direction::Newton::compute() - Linear solve failed to achieve convergence - using the step anyway since "Rescue Bad Newton Solve" is true 

************************************************************************
-- Nonlinear Solver Step 2 -- 
||F|| = 5.004e+05  step = 1.000e+00  dx = 2.043e+02
************************************************************************

  
  *******************************************************
  ***** Belos Iterative Solver:  Block Gmres 
  ***** Maximum Iterations: 200
  ***** Block Size: 1
  ***** Residual Test: 
  *****   Test 1 : Belos::StatusTestImpResNorm<>: (2-Norm Res Vec) / (2-Norm Res0), tol = 1e-08
  *******************************************************
  Iter   0, [ 1] :    1.000000e+00
  Iter  20, [ 1] :    9.991816e-01
  Iter  40, [ 1] :    9.990972e-01
  Iter  60, [ 1] :    9.990474e-01
  Iter  80, [ 1] :    9.989108e-01
  Iter 100, [ 1] :    9.988815e-01
  Iter 120, [ 1] :    9.988105e-01
  Iter 140, [ 1] :    9.987589e-01
  Iter 160, [ 1] :    9.987196e-01
  Iter 180, [ 1] :    9.986563e-01
  Iter 200, [ 1] :    9.986281e-01
WARNING: NOX::Direction::Newton::compute() - Linear solve failed to achieve convergence - using the step anyway since "Rescue Bad Newton Solve" is true 

************************************************************************
-- Nonlinear Solver Step 3 -- 
||F|| = 4.998e+05  step = 1.000e+00  dx = 1.116e+02
************************************************************************

  
  *******************************************************
  ***** Belos Iterative Solver:  Block Gmres 
  ***** Maximum Iterations: 200
  ***** Block Size: 1
  ***** Residual Test: 
  *****   Test 1 : Belos::StatusTestImpResNorm<>: (2-Norm Res Vec) / (2-Norm Res0), tol = 1e-08
  *******************************************************
  Iter   0, [ 1] :    1.000000e+00
  Iter  20, [ 1] :    9.998434e-01
  Iter  40, [ 1] :    9.997877e-01
  Iter  60, [ 1] :    9.997682e-01
  Iter  80, [ 1] :    9.997442e-01
  Iter 100, [ 1] :    9.997209e-01
  Iter 120, [ 1] :    9.996980e-01
  Iter 140, [ 1] :    9.996848e-01
  Iter 160, [ 1] :    9.996663e-01
  Iter 180, [ 1] :    9.996345e-01
  Iter 200, [ 1] :    9.995967e-01
WARNING: NOX::Direction::Newton::compute() - Linear solve failed to achieve convergence - using the step anyway since "Rescue Bad Newton Solve" is true 

************************************************************************
-- Nonlinear Solver Step 4 -- 
||F|| = 4.996e+05  step = 1.000e+00  dx = 5.179e+01
************************************************************************

  
  *******************************************************
  ***** Belos Iterative Solver:  Block Gmres 
  ***** Maximum Iterations: 200
  ***** Block Size: 1
  ***** Residual Test: 
  *****   Test 1 : Belos::StatusTestImpResNorm<>: (2-Norm Res Vec) / (2-Norm Res0), tol = 1e-08
  *******************************************************
  Iter   0, [ 1] :    1.000000e+00
  Iter  20, [ 1] :    9.999582e-01
  Iter  40, [ 1] :    9.999150e-01
  Iter  60, [ 1] :    9.998970e-01
  Iter  80, [ 1] :    9.998864e-01
  Iter 100, [ 1] :    9.998761e-01
  Iter 120, [ 1] :    9.998681e-01
  Iter 140, [ 1] :    9.998594e-01
  Iter 160, [ 1] :    9.998503e-01
  Iter 180, [ 1] :    9.998429e-01
  Iter 200, [ 1] :    9.998305e-01
WARNING: NOX::Direction::Newton::compute() - Linear solve failed to achieve convergence - using the step anyway since "Rescue Bad Newton Solve" is true 

************************************************************************
-- Nonlinear Solver Step 5 -- 
||F|| = 4.995e+05  step = 1.000e+00  dx = 3.495e+01
************************************************************************

  
  *******************************************************
  ***** Belos Iterative Solver:  Block Gmres 
  ***** Maximum Iterations: 200
  ***** Block Size: 1
  ***** Residual Test: 
  *****   Test 1 : Belos::StatusTestImpResNorm<>: (2-Norm Res Vec) / (2-Norm Res0), tol = 1e-08
  *******************************************************
  Iter   0, [ 1] :    1.000000e+00
  Iter  20, [ 1] :    9.999867e-01
  Iter  40, [ 1] :    9.999768e-01
  Iter  60, [ 1] :    9.999694e-01
  Iter  80, [ 1] :    9.999620e-01
  Iter 100, [ 1] :    9.999547e-01
  Iter 120, [ 1] :    9.999514e-01
  Iter 140, [ 1] :    9.999464e-01
  Iter 160, [ 1] :    9.999389e-01
  Iter 180, [ 1] :    9.999335e-01
  Iter 200, [ 1] :    9.999250e-01
WARNING: NOX::Direction::Newton::compute() - Linear solve failed to achieve convergence - using the step anyway since "Rescue Bad Newton Solve" is true 

************************************************************************
-- Nonlinear Solver Step 6 -- 
||F|| = 4.994e+05  step = 1.000e+00  dx = 2.619e+01
************************************************************************

  
  *******************************************************
  ***** Belos Iterative Solver:  Block Gmres 
  ***** Maximum Iterations: 200
  ***** Block Size: 1
  ***** Residual Test: 
  *****   Test 1 : Belos::StatusTestImpResNorm<>: (2-Norm Res Vec) / (2-Norm Res0), tol = 1e-08
  *******************************************************
  Iter   0, [ 1] :    1.000000e+00
  Iter  20, [ 1] :    9.999968e-01
  Iter  40, [ 1] :    9.999934e-01
  Iter  60, [ 1] :    9.999919e-01
  Iter  80, [ 1] :    9.999897e-01
  Iter 100, [ 1] :    9.999879e-01
  Iter 120, [ 1] :    9.999870e-01
  Iter 140, [ 1] :    9.999859e-01
  Iter 160, [ 1] :    9.999837e-01
  Iter 180, [ 1] :    9.999807e-01
  Iter 200, [ 1] :    9.999737e-01
WARNING: NOX::Direction::Newton::compute() - Linear solve failed to achieve convergence - using the step anyway since "Rescue Bad Newton Solve" is true 

************************************************************************
-- Nonlinear Solver Step 7 -- 
||F|| = 4.994e+05  step = 1.000e+00  dx = 1.340e+01
************************************************************************

  
  *******************************************************
  ***** Belos Iterative Solver:  Block Gmres 
  ***** Maximum Iterations: 200
  ***** Block Size: 1
  ***** Residual Test: 
  *****   Test 1 : Belos::StatusTestImpResNorm<>: (2-Norm Res Vec) / (2-Norm Res0), tol = 1e-08
  *******************************************************
  Iter   0, [ 1] :    1.000000e+00
  Iter  20, [ 1] :    9.999992e-01
  Iter  40, [ 1] :    9.999990e-01
  Iter  60, [ 1] :    9.999987e-01
  Iter  80, [ 1] :    9.999983e-01
  Iter 100, [ 1] :    9.999979e-01
  Iter 120, [ 1] :    9.999977e-01
  Iter 140, [ 1] :    9.999960e-01
  Iter 160, [ 1] :    9.999948e-01
  Iter 180, [ 1] :    9.999934e-01
  Iter 200, [ 1] :    9.999907e-01
WARNING: NOX::Direction::Newton::compute() - Linear solve failed to achieve convergence - using the step anyway since "Rescue Bad Newton Solve" is true 

************************************************************************
-- Nonlinear Solver Step 8 -- 
||F|| = 4.994e+05  step = 1.000e+00  dx = 7.337e+00
************************************************************************

  
  *******************************************************
  ***** Belos Iterative Solver:  Block Gmres 
  ***** Maximum Iterations: 200
  ***** Block Size: 1
  ***** Residual Test: 
  *****   Test 1 : Belos::StatusTestImpResNorm<>: (2-Norm Res Vec) / (2-Norm Res0), tol = 1e-08
  *******************************************************
  Iter   0, [ 1] :    1.000000e+00
  Iter  20, [ 1] :    9.999998e-01
  Iter  40, [ 1] :    9.999996e-01
  Iter  60, [ 1] :    9.999994e-01
  Iter  80, [ 1] :    9.999991e-01
  Iter 100, [ 1] :    9.999988e-01
  Iter 120, [ 1] :    9.999986e-01
  Iter 140, [ 1] :    9.999984e-01
  Iter 160, [ 1] :    9.999980e-01
  Iter 180, [ 1] :    9.999971e-01
  Iter 200, [ 1] :    9.999943e-01
WARNING: NOX::Direction::Newton::compute() - Linear solve failed to achieve convergence - using the step anyway since "Rescue Bad Newton Solve" is true 

************************************************************************
-- Nonlinear Solver Step 9 -- 
||F|| = 4.994e+05  step = 1.000e+00  dx = 1.912e+00
************************************************************************

  
  *******************************************************
  ***** Belos Iterative Solver:  Block Gmres 
  ***** Maximum Iterations: 200
  ***** Block Size: 1
  ***** Residual Test: 
  *****   Test 1 : Belos::StatusTestImpResNorm<>: (2-Norm Res Vec) / (2-Norm Res0), tol = 1e-08
  *******************************************************
  Iter   0, [ 1] :    1.000000e+00
  Iter  20, [ 1] :    9.999998e-01
  Iter  40, [ 1] :    9.999998e-01
  Iter  60, [ 1] :    9.999997e-01
  Iter  80, [ 1] :    9.999997e-01
  Iter 100, [ 1] :    9.999996e-01
  Iter 120, [ 1] :    9.999995e-01
  Iter 140, [ 1] :    9.999987e-01
  Iter 160, [ 1] :    9.999985e-01
  Iter 180, [ 1] :    9.999981e-01
  Iter 200, [ 1] :    9.999976e-01
WARNING: NOX::Direction::Newton::compute() - Linear solve failed to achieve convergence - using the step anyway since "Rescue Bad Newton Solve" is true 

************************************************************************
-- Nonlinear Solver Step 10 -- 
||F|| = 4.994e+05  step = 1.000e+00  dx = 3.454e+00
************************************************************************

  
  *******************************************************
  ***** Belos Iterative Solver:  Block Gmres 
  ***** Maximum Iterations: 200
  ***** Block Size: 1
  ***** Residual Test: 
  *****   Test 1 : Belos::StatusTestImpResNorm<>: (2-Norm Res Vec) / (2-Norm Res0), tol = 1e-08
  *******************************************************
  Iter   0, [ 1] :    1.000000e+00
  Iter  20, [ 1] :    9.999999e-01
  Iter  40, [ 1] :    9.999999e-01
  Iter  60, [ 1] :    9.999998e-01
  Iter  80, [ 1] :    9.999998e-01
  Iter 100, [ 1] :    9.999997e-01
  Iter 120, [ 1] :    9.999991e-01
  Iter 140, [ 1] :    9.999988e-01
  Iter 160, [ 1] :    9.999986e-01
  Iter 180, [ 1] :    9.999982e-01
  Iter 200, [ 1] :    9.999974e-01
WARNING: NOX::Direction::Newton::compute() - Linear solve failed to achieve convergence - using the step anyway since "Rescue Bad Newton Solve" is true 

************************************************************************
-- Nonlinear Solver Step 11 -- 
||F|| = 4.994e+05  step = 1.000e+00  dx = 7.694e-01
************************************************************************

  
  *******************************************************
  ***** Belos Iterative Solver:  Block Gmres 
  ***** Maximum Iterations: 200
  ***** Block Size: 1
  ***** Residual Test: 
  *****   Test 1 : Belos::StatusTestImpResNorm<>: (2-Norm Res Vec) / (2-Norm Res0), tol = 1e-08
  *******************************************************
  Iter   0, [ 1] :    1.000000e+00
  Iter  20, [ 1] :    1.000000e+00
  Iter  40, [ 1] :    9.999999e-01
  Iter  60, [ 1] :    9.999999e-01
  Iter  80, [ 1] :    9.999999e-01
  Iter 100, [ 1] :    9.999995e-01
  Iter 120, [ 1] :    9.999994e-01
  Iter 140, [ 1] :    9.999993e-01
  Iter 160, [ 1] :    9.999991e-01
  Iter 180, [ 1] :    9.999989e-01
  Iter 200, [ 1] :    9.999988e-01
WARNING: NOX::Direction::Newton::compute() - Linear solve failed to achieve convergence - using the step anyway since "Rescue Bad Newton Solve" is true 

************************************************************************
-- Nonlinear Solver Step 12 -- 
||F|| = 4.994e+05  step = 1.000e+00  dx = 1.685e+00
************************************************************************

  
  *******************************************************
  ***** Belos Iterative Solver:  Block Gmres 
  ***** Maximum Iterations: 200
  ***** Block Size: 1
  ***** Residual Test: 
  *****   Test 1 : Belos::StatusTestImpResNorm<>: (2-Norm Res Vec) / (2-Norm Res0), tol = 1e-08
  *******************************************************
  Iter   0, [ 1] :    1.000000e+00
  Iter  20, [ 1] :    9.999997e-01
  Iter  40, [ 1] :    9.999995e-01
  Iter  60, [ 1] :    9.999995e-01
  Iter  80, [ 1] :    9.999994e-01
  Iter 100, [ 1] :    9.999994e-01
  Iter 120, [ 1] :    9.999992e-01
  Iter 140, [ 1] :    9.999992e-01
  Iter 160, [ 1] :    9.999991e-01
  Iter 180, [ 1] :    9.999989e-01
  Iter 200, [ 1] :    9.999988e-01
WARNING: NOX::Direction::Newton::compute() - Linear solve failed to achieve convergence - using the step anyway since "Rescue Bad Newton Solve" is true 

************************************************************************
-- Nonlinear Solver Step 13 -- 
||F|| = 4.994e+05  step = 1.000e+00  dx = 3.810e+00
************************************************************************

  
  *******************************************************
  ***** Belos Iterative Solver:  Block Gmres 
  ***** Maximum Iterations: 200
  ***** Block Size: 1
  ***** Residual Test: 
  *****   Test 1 : Belos::StatusTestImpResNorm<>: (2-Norm Res Vec) / (2-Norm Res0), tol = 1e-08
  *******************************************************
  Iter   0, [ 1] :    1.000000e+00
  Iter  20, [ 1] :    9.999997e-01
  Iter  40, [ 1] :    9.999996e-01
  Iter  60, [ 1] :    9.999995e-01
  Iter  80, [ 1] :    9.999994e-01
  Iter 100, [ 1] :    9.999994e-01
  Iter 120, [ 1] :    9.999993e-01
  Iter 140, [ 1] :    9.999992e-01
  Iter 160, [ 1] :    9.999990e-01
  Iter 180, [ 1] :    9.999986e-01
  Iter 200, [ 1] :    9.999959e-01
WARNING: NOX::Direction::Newton::compute() - Linear solve failed to achieve convergence - using the step anyway since "Rescue Bad Newton Solve" is true 

************************************************************************
-- Nonlinear Solver Step 14 -- 
||F|| = 4.994e+05  step = 1.000e+00  dx = 2.928e+00
************************************************************************

  
  *******************************************************
  ***** Belos Iterative Solver:  Block Gmres 
  ***** Maximum Iterations: 200
  ***** Block Size: 1
  ***** Residual Test: 
  *****   Test 1 : Belos::StatusTestImpResNorm<>: (2-Norm Res Vec) / (2-Norm Res0), tol = 1e-08
  *******************************************************
  Iter   0, [ 1] :    1.000000e+00
  Iter  20, [ 1] :    9.999999e-01
  Iter  40, [ 1] :    9.999999e-01
  Iter  60, [ 1] :    9.999998e-01
  Iter  80, [ 1] :    9.999998e-01
  Iter 100, [ 1] :    9.999997e-01
  Iter 120, [ 1] :    9.999996e-01
  Iter 140, [ 1] :    9.999996e-01
  Iter 160, [ 1] :    9.999995e-01
  Iter 180, [ 1] :    9.999991e-01
  Iter 200, [ 1] :    9.999985e-01
WARNING: NOX::Direction::Newton::compute() - Linear solve failed to achieve convergence - using the step anyway since "Rescue Bad Newton Solve" is true 

************************************************************************
-- Nonlinear Solver Step 15 -- 
||F|| = 4.994e+05  step = 1.000e+00  dx = 5.725e-01
************************************************************************

  
  *******************************************************
  ***** Belos Iterative Solver:  Block Gmres 
  ***** Maximum Iterations: 200
  ***** Block Size: 1
  ***** Residual Test: 
  *****   Test 1 : Belos::StatusTestImpResNorm<>: (2-Norm Res Vec) / (2-Norm Res0), tol = 1e-08
  *******************************************************
  Iter   0, [ 1] :    1.000000e+00
  Iter  20, [ 1] :    9.999999e-01
  Iter  40, [ 1] :    9.999998e-01
  Iter  60, [ 1] :    9.999997e-01
  Iter  80, [ 1] :    9.999997e-01
  Iter 100, [ 1] :    9.999996e-01
  Iter 120, [ 1] :    9.999996e-01
  Iter 140, [ 1] :    9.999996e-01
  Iter 160, [ 1] :    9.999995e-01
  Iter 180, [ 1] :    9.999989e-01
  Iter 200, [ 1] :    9.999965e-01
WARNING: NOX::Direction::Newton::compute() - Linear solve failed to achieve convergence - using the step anyway since "Rescue Bad Newton Solve" is true 

************************************************************************
-- Nonlinear Solver Step 16 -- 
||F|| = 4.994e+05  step = 1.000e+00  dx = 1.549e+00
************************************************************************

  
  *******************************************************
  ***** Belos Iterative Solver:  Block Gmres 
  ***** Maximum Iterations: 200
  ***** Block Size: 1
  ***** Residual Test: 
  *****   Test 1 : Belos::StatusTestImpResNorm<>: (2-Norm Res Vec) / (2-Norm Res0), tol = 1e-08
  *******************************************************
  Iter   0, [ 1] :    1.000000e+00
  Iter  20, [ 1] :    9.999999e-01
  Iter  40, [ 1] :    9.999999e-01
  Iter  60, [ 1] :    9.999998e-01
  Iter  80, [ 1] :    9.999998e-01
  Iter 100, [ 1] :    9.999997e-01
  Iter 120, [ 1] :    9.999996e-01
  Iter 140, [ 1] :    9.999995e-01
  Iter 160, [ 1] :    9.999992e-01
  Iter 180, [ 1] :    9.999987e-01
  Iter 200, [ 1] :    9.999982e-01
WARNING: NOX::Direction::Newton::compute() - Linear solve failed to achieve convergence - using the step anyway since "Rescue Bad Newton Solve" is true 

************************************************************************
-- Nonlinear Solver Step 17 -- 
||F|| = 4.994e+05  step = 1.000e+00  dx = 1.499e+00
************************************************************************

  
  *******************************************************
  ***** Belos Iterative Solver:  Block Gmres 
  ***** Maximum Iterations: 200
  ***** Block Size: 1
  ***** Residual Test: 
  *****   Test 1 : Belos::StatusTestImpResNorm<>: (2-Norm Res Vec) / (2-Norm Res0), tol = 1e-08
  *******************************************************
  Iter   0, [ 1] :    1.000000e+00
  Iter  20, [ 1] :    1.000000e+00
  Iter  40, [ 1] :    9.999999e-01
  Iter  60, [ 1] :    9.999999e-01
  Iter  80, [ 1] :    9.999999e-01
  Iter 100, [ 1] :    9.999998e-01
  Iter 120, [ 1] :    9.999998e-01
  Iter 140, [ 1] :    9.999997e-01
  Iter 160, [ 1] :    9.999994e-01
  Iter 180, [ 1] :    9.999988e-01
  Iter 200, [ 1] :    9.999986e-01
WARNING: NOX::Direction::Newton::compute() - Linear solve failed to achieve convergence - using the step anyway since "Rescue Bad Newton Solve" is true 

************************************************************************
-- Nonlinear Solver Step 18 -- 
||F|| = 4.994e+05  step = 1.000e+00  dx = 2.028e-01
************************************************************************

  
  *******************************************************
  ***** Belos Iterative Solver:  Block Gmres 
  ***** Maximum Iterations: 200
  ***** Block Size: 1
  ***** Residual Test: 
  *****   Test 1 : Belos::StatusTestImpResNorm<>: (2-Norm Res Vec) / (2-Norm Res0), tol = 1e-08
  *******************************************************
  Iter   0, [ 1] :    1.000000e+00
  Iter  20, [ 1] :    9.999999e-01
  Iter  40, [ 1] :    9.999999e-01
  Iter  60, [ 1] :    9.999998e-01
  Iter  80, [ 1] :    9.999998e-01
  Iter 100, [ 1] :    9.999997e-01
  Iter 120, [ 1] :    9.999996e-01
  Iter 140, [ 1] :    9.999994e-01
  Iter 160, [ 1] :    9.999993e-01
  Iter 180, [ 1] :    9.999990e-01
  Iter 200, [ 1] :    9.999989e-01
WARNING: NOX::Direction::Newton::compute() - Linear solve failed to achieve convergence - using the step anyway since "Rescue Bad Newton Solve" is true 

************************************************************************
-- Nonlinear Solver Step 19 -- 
||F|| = 4.994e+05  step = 1.000e+00  dx = 1.832e-01
************************************************************************

  
  *******************************************************
  ***** Belos Iterative Solver:  Block Gmres 
  ***** Maximum Iterations: 200
  ***** Block Size: 1
  ***** Residual Test: 
  *****   Test 1 : Belos::StatusTestImpResNorm<>: (2-Norm Res Vec) / (2-Norm Res0), tol = 1e-08
  *******************************************************
  Iter   0, [ 1] :    1.000000e+00
  Iter  20, [ 1] :    9.999999e-01
  Iter  40, [ 1] :    9.999999e-01
  Iter  60, [ 1] :    9.999999e-01
  Iter  80, [ 1] :    9.999998e-01
  Iter 100, [ 1] :    9.999998e-01
  Iter 120, [ 1] :    9.999996e-01
  Iter 140, [ 1] :    9.999995e-01
  Iter 160, [ 1] :    9.999995e-01
  Iter 180, [ 1] :    9.999993e-01
  Iter 200, [ 1] :    9.999991e-01
WARNING: NOX::Direction::Newton::compute() - Linear solve failed to achieve convergence - using the step anyway since "Rescue Bad Newton Solve" is true 

************************************************************************
-- Nonlinear Solver Step 20 -- 
||F|| = 4.994e+05  step = 1.000e+00  dx = 1.157e+00
************************************************************************

  
  *******************************************************
  ***** Belos Iterative Solver:  Block Gmres 
  ***** Maximum Iterations: 200
  ***** Block Size: 1
  ***** Residual Test: 
  *****   Test 1 : Belos::StatusTestImpResNorm<>: (2-Norm Res Vec) / (2-Norm Res0), tol = 1e-08
  *******************************************************
  Iter   0, [ 1] :    1.000000e+00
  Iter  20, [ 1] :    9.999999e-01
  Iter  40, [ 1] :    9.999999e-01
  Iter  60, [ 1] :    9.999998e-01
  Iter  80, [ 1] :    9.999997e-01
  Iter 100, [ 1] :    9.999997e-01
  Iter 120, [ 1] :    9.999996e-01
  Iter 140, [ 1] :    9.999995e-01
  Iter 160, [ 1] :    9.999994e-01
  Iter 180, [ 1] :    9.999993e-01
  Iter 200, [ 1] :    9.999992e-01
WARNING: NOX::Direction::Newton::compute() - Linear solve failed to achieve convergence - using the step anyway since "Rescue Bad Newton Solve" is true 

************************************************************************
-- Nonlinear Solver Step 21 -- 
||F|| = 4.994e+05  step = 1.000e+00  dx = 4.976e-01
************************************************************************

  
  *******************************************************
  ***** Belos Iterative Solver:  Block Gmres 
  ***** Maximum Iterations: 200
  ***** Block Size: 1
  ***** Residual Test: 
  *****   Test 1 : Belos::StatusTestImpResNorm<>: (2-Norm Res Vec) / (2-Norm Res0), tol = 1e-08
  *******************************************************
  Iter   0, [ 1] :    1.000000e+00
  Iter  20, [ 1] :    9.999999e-01
  Iter  40, [ 1] :    9.999998e-01
  Iter  60, [ 1] :    9.999998e-01
  Iter  80, [ 1] :    9.999997e-01
  Iter 100, [ 1] :    9.999997e-01
  Iter 120, [ 1] :    9.999997e-01
  Iter 140, [ 1] :    9.999996e-01
  Iter 160, [ 1] :    9.999996e-01
  Iter 180, [ 1] :    9.999994e-01
  Iter 200, [ 1] :    9.999993e-01
WARNING: NOX::Direction::Newton::compute() - Linear solve failed to achieve convergence - using the step anyway since "Rescue Bad Newton Solve" is true 

************************************************************************
-- Nonlinear Solver Step 22 -- 
||F|| = 4.994e+05  step = 1.000e+00  dx = 1.733e+00
************************************************************************

  
  *******************************************************
  ***** Belos Iterative Solver:  Block Gmres 
  ***** Maximum Iterations: 200
  ***** Block Size: 1
  ***** Residual Test: 
  *****   Test 1 : Belos::StatusTestImpResNorm<>: (2-Norm Res Vec) / (2-Norm Res0), tol = 1e-08
  *******************************************************
  Iter   0, [ 1] :    1.000000e+00
  Iter  20, [ 1] :    9.999999e-01
  Iter  40, [ 1] :    9.999998e-01
  Iter  60, [ 1] :    9.999997e-01
  Iter  80, [ 1] :    9.999996e-01
  Iter 100, [ 1] :    9.999996e-01
  Iter 120, [ 1] :    9.999996e-01
  Iter 140, [ 1] :    9.999995e-01
  Iter 160, [ 1] :    9.999994e-01
  Iter 180, [ 1] :    9.999992e-01
  Iter 200, [ 1] :    9.999990e-01
WARNING: NOX::Direction::Newton::compute() - Linear solve failed to achieve convergence - using the step anyway since "Rescue Bad Newton Solve" is true 

************************************************************************
-- Nonlinear Solver Step 23 -- 
||F|| = 4.994e+05  step = 1.000e+00  dx = 7.419e-01
************************************************************************

  
  *******************************************************
  ***** Belos Iterative Solver:  Block Gmres 
  ***** Maximum Iterations: 200
  ***** Block Size: 1
  ***** Residual Test: 
  *****   Test 1 : Belos::StatusTestImpResNorm<>: (2-Norm Res Vec) / (2-Norm Res0), tol = 1e-08
  *******************************************************
  Iter   0, [ 1] :    1.000000e+00
  Iter  20, [ 1] :    9.999999e-01
  Iter  40, [ 1] :    9.999999e-01
  Iter  60, [ 1] :    9.999998e-01
  Iter  80, [ 1] :    9.999997e-01
  Iter 100, [ 1] :    9.999997e-01
  Iter 120, [ 1] :    9.999996e-01
  Iter 140, [ 1] :    9.999995e-01
  Iter 160, [ 1] :    9.999994e-01
  Iter 180, [ 1] :    9.999992e-01
  Iter 200, [ 1] :    9.999990e-01
WARNING: NOX::Direction::Newton::compute() - Linear solve failed to achieve convergence - using the step anyway since "Rescue Bad Newton Solve" is true 

************************************************************************
-- Nonlinear Solver Step 24 -- 
||F|| = 4.994e+05  step = 1.000e+00  dx = 1.542e+00
************************************************************************

  
  *******************************************************
  ***** Belos Iterative Solver:  Block Gmres 
  ***** Maximum Iterations: 200
  ***** Block Size: 1
  ***** Residual Test: 
  *****   Test 1 : Belos::StatusTestImpResNorm<>: (2-Norm Res Vec) / (2-Norm Res0), tol = 1e-08
  *******************************************************
  Iter   0, [ 1] :    1.000000e+00
  Iter  20, [ 1] :    1.000000e+00
  Iter  40, [ 1] :    9.999999e-01
  Iter  60, [ 1] :    9.999999e-01
  Iter  80, [ 1] :    9.999999e-01
  Iter 100, [ 1] :    9.999998e-01
  Iter 120, [ 1] :    9.999998e-01
  Iter 140, [ 1] :    9.999997e-01
  Iter 160, [ 1] :    9.999996e-01
  Iter 180, [ 1] :    9.999995e-01
  Iter 200, [ 1] :    9.999992e-01
WARNING: NOX::Direction::Newton::compute() - Linear solve failed to achieve convergence - using the step anyway since "Rescue Bad Newton Solve" is true 

************************************************************************
-- Nonlinear Solver Step 25 -- 
||F|| = 4.994e+05  step = 1.000e+00  dx = 5.240e-01
************************************************************************

  
  *******************************************************
  ***** Belos Iterative Solver:  Block Gmres 
  ***** Maximum Iterations: 200
  ***** Block Size: 1
  ***** Residual Test: 
  *****   Test 1 : Belos::StatusTestImpResNorm<>: (2-Norm Res Vec) / (2-Norm Res0), tol = 1e-08
  *******************************************************
  Iter   0, [ 1] :    1.000000e+00
  Iter  20, [ 1] :    9.999999e-01
  Iter  40, [ 1] :    9.999999e-01
  Iter  60, [ 1] :    9.999999e-01
  Iter  80, [ 1] :    9.999999e-01
  Iter 100, [ 1] :    9.999998e-01
  Iter 120, [ 1] :    9.999998e-01
  Iter 140, [ 1] :    9.999998e-01
  Iter 160, [ 1] :    9.999997e-01
  Iter 180, [ 1] :    9.999993e-01
  Iter 200, [ 1] :    9.999990e-01
WARNING: NOX::Direction::Newton::compute() - Linear solve failed to achieve convergence - using the step anyway since "Rescue Bad Newton Solve" is true 

************************************************************************
-- Nonlinear Solver Step 26 -- 
||F|| = 4.994e+05  step = 1.000e+00  dx = 1.106e+00
************************************************************************

  
  *******************************************************
  ***** Belos Iterative Solver:  Block Gmres 
  ***** Maximum Iterations: 200
  ***** Block Size: 1
  ***** Residual Test: 
  *****   Test 1 : Belos::StatusTestImpResNorm<>: (2-Norm Res Vec) / (2-Norm Res0), tol = 1e-08
  *******************************************************
  Iter   0, [ 1] :    1.000000e+00
  Iter  20, [ 1] :    9.999999e-01
  Iter  40, [ 1] :    9.999999e-01
  Iter  60, [ 1] :    9.999999e-01
  Iter  80, [ 1] :    9.999998e-01
  Iter 100, [ 1] :    9.999998e-01
  Iter 120, [ 1] :    9.999998e-01
  Iter 140, [ 1] :    9.999997e-01
  Iter 160, [ 1] :    9.999996e-01
  Iter 180, [ 1] :    9.999993e-01
  Iter 200, [ 1] :    9.999991e-01
WARNING: NOX::Direction::Newton::compute() - Linear solve failed to achieve convergence - using the step anyway since "Rescue Bad Newton Solve" is true 

************************************************************************
-- Nonlinear Solver Step 27 -- 
||F|| = 4.994e+05  step = 1.000e+00  dx = 1.457e+00
************************************************************************

  
  *******************************************************
  ***** Belos Iterative Solver:  Block Gmres 
  ***** Maximum Iterations: 200
  ***** Block Size: 1
  ***** Residual Test: 
  *****   Test 1 : Belos::StatusTestImpResNorm<>: (2-Norm Res Vec) / (2-Norm Res0), tol = 1e-08
  *******************************************************
  Iter   0, [ 1] :    1.000000e+00
  Iter  20, [ 1] :    1.000000e+00
  Iter  40, [ 1] :    9.999999e-01
  Iter  60, [ 1] :    9.999999e-01
  Iter  80, [ 1] :    9.999999e-01
  Iter 100, [ 1] :    9.999998e-01
  Iter 120, [ 1] :    9.999998e-01
  Iter 140, [ 1] :    9.999998e-01
  Iter 160, [ 1] :    9.999997e-01
  Iter 180, [ 1] :    9.999996e-01
  Iter 200, [ 1] :    9.999995e-01
WARNING: NOX::Direction::Newton::compute() - Linear solve failed to achieve convergence - using the step anyway since "Rescue Bad Newton Solve" is true 

************************************************************************
-- Nonlinear Solver Step 28 -- 
||F|| = 4.994e+05  step = 1.000e+00  dx = 9.114e-01
************************************************************************

  
  *******************************************************
  ***** Belos Iterative Solver:  Block Gmres 
  ***** Maximum Iterations: 200
  ***** Block Size: 1
  ***** Residual Test: 
  *****   Test 1 : Belos::StatusTestImpResNorm<>: (2-Norm Res Vec) / (2-Norm Res0), tol = 1e-08
  *******************************************************
  Iter   0, [ 1] :    1.000000e+00
  Iter  20, [ 1] :    9.999999e-01
  Iter  40, [ 1] :    9.999999e-01
  Iter  60, [ 1] :    9.999999e-01
  Iter  80, [ 1] :    9.999999e-01
  Iter 100, [ 1] :    9.999998e-01
  Iter 120, [ 1] :    9.999998e-01
  Iter 140, [ 1] :    9.999998e-01
  Iter 160, [ 1] :    9.999997e-01
  Iter 180, [ 1] :    9.999996e-01
  Iter 200, [ 1] :    9.999994e-01
WARNING: NOX::Direction::Newton::compute() - Linear solve failed to achieve convergence - using the step anyway since "Rescue Bad Newton Solve" is true 

************************************************************************
-- Nonlinear Solver Step 29 -- 
||F|| = 4.994e+05  step = 1.000e+00  dx = 1.091e+00
************************************************************************

  
  *******************************************************
  ***** Belos Iterative Solver:  Block Gmres 
  ***** Maximum Iterations: 200
  ***** Block Size: 1
  ***** Residual Test: 
  *****   Test 1 : Belos::StatusTestImpResNorm<>: (2-Norm Res Vec) / (2-Norm Res0), tol = 1e-08
  *******************************************************
  Iter   0, [ 1] :    1.000000e+00
  Iter  20, [ 1] :    9.999999e-01
  Iter  40, [ 1] :    9.999999e-01
  Iter  60, [ 1] :    9.999998e-01
  Iter  80, [ 1] :    9.999998e-01
  Iter 100, [ 1] :    9.999998e-01
  Iter 120, [ 1] :    9.999997e-01
  Iter 140, [ 1] :    9.999997e-01
  Iter 160, [ 1] :    9.999996e-01
  Iter 180, [ 1] :    9.999995e-01
  Iter 200, [ 1] :    9.999994e-01
WARNING: NOX::Direction::Newton::compute() - Linear solve failed to achieve convergence - using the step anyway since "Rescue Bad Newton Solve" is true 

************************************************************************
-- Nonlinear Solver Step 30 -- 
||F|| = 4.994e+05  step = 1.000e+00  dx = 1.219e+00
************************************************************************

  
  *******************************************************
  ***** Belos Iterative Solver:  Block Gmres 
  ***** Maximum Iterations: 200
  ***** Block Size: 1
  ***** Residual Test: 
  *****   Test 1 : Belos::StatusTestImpResNorm<>: (2-Norm Res Vec) / (2-Norm Res0), tol = 1e-08
  *******************************************************
  Iter   0, [ 1] :    1.000000e+00
  Iter  20, [ 1] :    9.999998e-01
  Iter  40, [ 1] :    9.999998e-01
  Iter  60, [ 1] :    9.999998e-01
  Iter  80, [ 1] :    9.999997e-01
  Iter 100, [ 1] :    9.999996e-01
  Iter 120, [ 1] :    9.999996e-01
  Iter 140, [ 1] :    9.999994e-01
  Iter 160, [ 1] :    9.999992e-01
  Iter 180, [ 1] :    9.999991e-01
  Iter 200, [ 1] :    9.999990e-01
WARNING: NOX::Direction::Newton::compute() - Linear solve failed to achieve convergence - using the step anyway since "Rescue Bad Newton Solve" is true 

************************************************************************
-- Nonlinear Solver Step 31 -- 
||F|| = 4.994e+05  step = 1.000e+00  dx = 2.510e+00
************************************************************************

  
  *******************************************************
  ***** Belos Iterative Solver:  Block Gmres 
  ***** Maximum Iterations: 200
  ***** Block Size: 1
  ***** Residual Test: 
  *****   Test 1 : Belos::StatusTestImpResNorm<>: (2-Norm Res Vec) / (2-Norm Res0), tol = 1e-08
  *******************************************************
  Iter   0, [ 1] :    1.000000e+00
  Iter  20, [ 1] :    1.000000e+00
  Iter  40, [ 1] :    1.000000e+00
  Iter  60, [ 1] :    9.999999e-01
  Iter  80, [ 1] :    9.999999e-01
  Iter 100, [ 1] :    9.999999e-01
  Iter 120, [ 1] :    9.999999e-01
  Iter 140, [ 1] :    9.999996e-01
  Iter 160, [ 1] :    9.999996e-01
  Iter 180, [ 1] :    9.999994e-01
  Iter 200, [ 1] :    9.999992e-01
WARNING: NOX::Direction::Newton::compute() - Linear solve failed to achieve convergence - using the step anyway since "Rescue Bad Newton Solve" is true 

************************************************************************
-- Nonlinear Solver Step 32 -- 
||F|| = 4.994e+05  step = 1.000e+00  dx = 1.436e-01
************************************************************************

  
  *******************************************************
  ***** Belos Iterative Solver:  Block Gmres 
  ***** Maximum Iterations: 200
  ***** Block Size: 1
  ***** Residual Test: 
  *****   Test 1 : Belos::StatusTestImpResNorm<>: (2-Norm Res Vec) / (2-Norm Res0), tol = 1e-08
  *******************************************************
  Iter   0, [ 1] :    1.000000e+00
  Iter  20, [ 1] :    9.999998e-01
  Iter  40, [ 1] :    9.999996e-01
  Iter  60, [ 1] :    9.999995e-01
  Iter  80, [ 1] :    9.999995e-01
  Iter 100, [ 1] :    9.999994e-01
  Iter 120, [ 1] :    9.999994e-01
  Iter 140, [ 1] :    9.999994e-01
  Iter 160, [ 1] :    9.999993e-01
  Iter 180, [ 1] :    9.999992e-01
  Iter 200, [ 1] :    9.999991e-01
WARNING: NOX::Direction::Newton::compute() - Linear solve failed to achieve convergence - using the step anyway since "Rescue Bad Newton Solve" is true 

************************************************************************
-- Nonlinear Solver Step 33 -- 
||F|| = 4.994e+05  step = 1.000e+00  dx = 3.124e+00
************************************************************************

  
  *******************************************************
  ***** Belos Iterative Solver:  Block Gmres 
  ***** Maximum Iterations: 200
  ***** Block Size: 1
  ***** Residual Test: 
  *****   Test 1 : Belos::StatusTestImpResNorm<>: (2-Norm Res Vec) / (2-Norm Res0), tol = 1e-08
  *******************************************************
  Iter   0, [ 1] :    1.000000e+00
  Iter  20, [ 1] :    9.999996e-01
  Iter  40, [ 1] :    9.999995e-01
  Iter  60, [ 1] :    9.999994e-01
  Iter  80, [ 1] :    9.999993e-01
  Iter 100, [ 1] :    9.999992e-01
  Iter 120, [ 1] :    9.999992e-01
  Iter 140, [ 1] :    9.999992e-01
  Iter 160, [ 1] :    9.999991e-01
  Iter 180, [ 1] :    9.999989e-01
  Iter 200, [ 1] :    9.999987e-01
WARNING: NOX::Direction::Newton::compute() - Linear solve failed to achieve convergence - using the step anyway since "Rescue Bad Newton Solve" is true 

************************************************************************
-- Nonlinear Solver Step 34 -- 
||F|| = 4.994e+05  step = 1.000e+00  dx = 3.341e+00
************************************************************************

  
  *******************************************************
  ***** Belos Iterative Solver:  Block Gmres 
  ***** Maximum Iterations: 200
  ***** Block Size: 1
  ***** Residual Test: 
  *****   Test 1 : Belos::StatusTestImpResNorm<>: (2-Norm Res Vec) / (2-Norm Res0), tol = 1e-08
  *******************************************************
  Iter   0, [ 1] :    1.000000e+00
  Iter  20, [ 1] :    9.999998e-01
  Iter  40, [ 1] :    9.999998e-01
  Iter  60, [ 1] :    9.999997e-01
  Iter  80, [ 1] :    9.999997e-01
  Iter 100, [ 1] :    9.999997e-01
  Iter 120, [ 1] :    9.999996e-01
  Iter 140, [ 1] :    9.999995e-01
  Iter 160, [ 1] :    9.999994e-01
  Iter 180, [ 1] :    9.999990e-01
  Iter 200, [ 1] :    9.999986e-01
WARNING: NOX::Direction::Newton::compute() - Linear solve failed to achieve convergence - using the step anyway since "Rescue Bad Newton Solve" is true 

************************************************************************
-- Nonlinear Solver Step 35 -- 
||F|| = 4.994e+05  step = 1.000e+00  dx = 1.903e+00
************************************************************************

  
  *******************************************************
  ***** Belos Iterative Solver:  Block Gmres 
  ***** Maximum Iterations: 200
  ***** Block Size: 1
  ***** Residual Test: 
  *****   Test 1 : Belos::StatusTestImpResNorm<>: (2-Norm Res Vec) / (2-Norm Res0), tol = 1e-08
  *******************************************************
  Iter   0, [ 1] :    1.000000e+00
  Iter  20, [ 1] :    9.999999e-01
  Iter  40, [ 1] :    9.999999e-01
  Iter  60, [ 1] :    9.999998e-01
  Iter  80, [ 1] :    9.999998e-01
  Iter 100, [ 1] :    9.999998e-01
  Iter 120, [ 1] :    9.999997e-01
  Iter 140, [ 1] :    9.999997e-01
  Iter 160, [ 1] :    9.999997e-01
  Iter 180, [ 1] :    9.999996e-01
  Iter 200, [ 1] :    9.999995e-01
WARNING: NOX::Direction::Newton::compute() - Linear solve failed to achieve convergence - using the step anyway since "Rescue Bad Newton Solve" is true 

************************************************************************
-- Nonlinear Solver Step 36 -- 
||F|| = 4.994e+05  step = 1.000e+00  dx = 3.152e-01
************************************************************************

  
  *******************************************************
  ***** Belos Iterative Solver:  Block Gmres 
  ***** Maximum Iterations: 200
  ***** Block Size: 1
  ***** Residual Test: 
  *****   Test 1 : Belos::StatusTestImpResNorm<>: (2-Norm Res Vec) / (2-Norm Res0), tol = 1e-08
  *******************************************************
  Iter   0, [ 1] :    1.000000e+00
  Iter  20, [ 1] :    9.999999e-01
  Iter  40, [ 1] :    9.999999e-01
  Iter  60, [ 1] :    9.999998e-01
  Iter  80, [ 1] :    9.999998e-01
  Iter 100, [ 1] :    9.999998e-01
  Iter 120, [ 1] :    9.999998e-01
  Iter 140, [ 1] :    9.999997e-01
  Iter 160, [ 1] :    9.999997e-01
  Iter 180, [ 1] :    9.999995e-01
  Iter 200, [ 1] :    9.999993e-01
WARNING: NOX::Direction::Newton::compute() - Linear solve failed to achieve convergence - using the step anyway since "Rescue Bad Newton Solve" is true 

************************************************************************
-- Nonlinear Solver Step 37 -- 
||F|| = 4.994e+05  step = 1.000e+00  dx = 1.134e+00
************************************************************************

  
  *******************************************************
  ***** Belos Iterative Solver:  Block Gmres 
  ***** Maximum Iterations: 200
  ***** Block Size: 1
  ***** Residual Test: 
  *****   Test 1 : Belos::StatusTestImpResNorm<>: (2-Norm Res Vec) / (2-Norm Res0), tol = 1e-08
  *******************************************************
  Iter   0, [ 1] :    1.000000e+00
  Iter  20, [ 1] :    9.999999e-01
  Iter  40, [ 1] :    9.999999e-01
  Iter  60, [ 1] :    9.999999e-01
  Iter  80, [ 1] :    9.999999e-01
  Iter 100, [ 1] :    9.999998e-01
  Iter 120, [ 1] :    9.999998e-01
  Iter 140, [ 1] :    9.999997e-01
  Iter 160, [ 1] :    9.999997e-01
  Iter 180, [ 1] :    9.999996e-01
  Iter 200, [ 1] :    9.999994e-01
WARNING: NOX::Direction::Newton::compute() - Linear solve failed to achieve convergence - using the step anyway since "Rescue Bad Newton Solve" is true 

************************************************************************
-- Nonlinear Solver Step 38 -- 
||F|| = 4.994e+05  step = 1.000e+00  dx = 1.385e+00
************************************************************************

  
  *******************************************************
  ***** Belos Iterative Solver:  Block Gmres 
  ***** Maximum Iterations: 200
  ***** Block Size: 1
  ***** Residual Test: 
  *****   Test 1 : Belos::StatusTestImpResNorm<>: (2-Norm Res Vec) / (2-Norm Res0), tol = 1e-08
  *******************************************************
  Iter   0, [ 1] :    1.000000e+00
  Iter  20, [ 1] :    1.000000e+00
  Iter  40, [ 1] :    1.000000e+00
  Iter  60, [ 1] :    9.999999e-01
  Iter  80, [ 1] :    9.999999e-01
  Iter 100, [ 1] :    9.999999e-01
  Iter 120, [ 1] :    9.999999e-01
  Iter 140, [ 1] :    9.999998e-01
  Iter 160, [ 1] :    9.999998e-01
  Iter 180, [ 1] :    9.999996e-01
  Iter 200, [ 1] :    9.999993e-01
WARNING: NOX::Direction::Newton::compute() - Linear solve failed to achieve convergence - using the step anyway since "Rescue Bad Newton Solve" is true 

************************************************************************
-- Nonlinear Solver Step 39 -- 
||F|| = 4.994e+05  step = 1.000e+00  dx = 6.011e-01
************************************************************************

  
  *******************************************************
  ***** Belos Iterative Solver:  Block Gmres 
  ***** Maximum Iterations: 200
  ***** Block Size: 1
  ***** Residual Test: 
  *****   Test 1 : Belos::StatusTestImpResNorm<>: (2-Norm Res Vec) / (2-Norm Res0), tol = 1e-08
  *******************************************************
  Iter   0, [ 1] :    1.000000e+00
  Iter  20, [ 1] :    1.000000e+00
  Iter  40, [ 1] :    9.999999e-01
  Iter  60, [ 1] :    9.999998e-01
  Iter  80, [ 1] :    9.999998e-01
  Iter 100, [ 1] :    9.999998e-01
  Iter 120, [ 1] :    9.999997e-01
  Iter 140, [ 1] :    9.999996e-01
  Iter 160, [ 1] :    9.999996e-01
  Iter 180, [ 1] :    9.999995e-01
  Iter 200, [ 1] :    9.999994e-01
WARNING: NOX::Direction::Newton::compute() - Linear solve failed to achieve convergence - using the step anyway since "Rescue Bad Newton Solve" is true 

************************************************************************
-- Nonlinear Solver Step 40 -- 
||F|| = 4.994e+05  step = 1.000e+00  dx = 1.682e-01
************************************************************************

  
  *******************************************************
  ***** Belos Iterative Solver:  Block Gmres 
  ***** Maximum Iterations: 200
  ***** Block Size: 1
  ***** Residual Test: 
  *****   Test 1 : Belos::StatusTestImpResNorm<>: (2-Norm Res Vec) / (2-Norm Res0), tol = 1e-08
  *******************************************************
  Iter   0, [ 1] :    1.000000e+00
  Iter  20, [ 1] :    9.999996e-01
  Iter  40, [ 1] :    9.999993e-01
  Iter  60, [ 1] :    9.999992e-01
  Iter  80, [ 1] :    9.999992e-01
  Iter 100, [ 1] :    9.999991e-01
  Iter 120, [ 1] :    9.999990e-01
  Iter 140, [ 1] :    9.999989e-01
  Iter 160, [ 1] :    9.999988e-01
  Iter 180, [ 1] :    9.999988e-01
  Iter 200, [ 1] :    9.999987e-01
WARNING: NOX::Direction::Newton::compute() - Linear solve failed to achieve convergence - using the step anyway since "Rescue Bad Newton Solve" is true 

************************************************************************
-- Nonlinear Solver Step 41 -- 
||F|| = 4.994e+05  step = 1.000e+00  dx = 5.646e+00
************************************************************************

  
  *******************************************************
  ***** Belos Iterative Solver:  Block Gmres 
  ***** Maximum Iterations: 200
  ***** Block Size: 1
  ***** Residual Test: 
  *****   Test 1 : Belos::StatusTestImpResNorm<>: (2-Norm Res Vec) / (2-Norm Res0), tol = 1e-08
  *******************************************************
  Iter   0, [ 1] :    1.000000e+00
  Iter  20, [ 1] :    9.999997e-01
  Iter  40, [ 1] :    9.999996e-01
  Iter  60, [ 1] :    9.999996e-01
  Iter  80, [ 1] :    9.999995e-01
  Iter 100, [ 1] :    9.999995e-01
  Iter 120, [ 1] :    9.999995e-01
  Iter 140, [ 1] :    9.999994e-01
  Iter 160, [ 1] :    9.999994e-01
  Iter 180, [ 1] :    9.999992e-01
  Iter 200, [ 1] :    9.999989e-01
WARNING: NOX::Direction::Newton::compute() - Linear solve failed to achieve convergence - using the step anyway since "Rescue Bad Newton Solve" is true 

************************************************************************
-- Nonlinear Solver Step 42 -- 
||F|| = 4.994e+05  step = 1.000e+00  dx = 3.250e+00
************************************************************************

  
  *******************************************************
  ***** Belos Iterative Solver:  Block Gmres 
  ***** Maximum Iterations: 200
  ***** Block Size: 1
  ***** Residual Test: 
  *****   Test 1 : Belos::StatusTestImpResNorm<>: (2-Norm Res Vec) / (2-Norm Res0), tol = 1e-08
  *******************************************************
  Iter   0, [ 1] :    1.000000e+00
  Iter  20, [ 1] :    9.999999e-01
  Iter  40, [ 1] :    9.999999e-01
  Iter  60, [ 1] :    9.999999e-01
  Iter  80, [ 1] :    9.999999e-01
  Iter 100, [ 1] :    9.999999e-01
  Iter 120, [ 1] :    9.999999e-01
  Iter 140, [ 1] :    9.999998e-01
  Iter 160, [ 1] :    9.999998e-01
  Iter 180, [ 1] :    9.999996e-01
  Iter 200, [ 1] :    9.999992e-01
WARNING: NOX::Direction::Newton::compute() - Linear solve failed to achieve convergence - using the step anyway since "Rescue Bad Newton Solve" is true 

************************************************************************
-- Nonlinear Solver Step 43 -- 
||F|| = 4.994e+05  step = 1.000e+00  dx = 9.160e-01
************************************************************************

  
  *******************************************************
  ***** Belos Iterative Solver:  Block Gmres 
  ***** Maximum Iterations: 200
  ***** Block Size: 1
  ***** Residual Test: 
  *****   Test 1 : Belos::StatusTestImpResNorm<>: (2-Norm Res Vec) / (2-Norm Res0), tol = 1e-08
  *******************************************************
  Iter   0, [ 1] :    1.000000e+00
  Iter  20, [ 1] :    9.999998e-01
  Iter  40, [ 1] :    9.999998e-01
  Iter  60, [ 1] :    9.999998e-01
  Iter  80, [ 1] :    9.999998e-01
  Iter 100, [ 1] :    9.999997e-01
  Iter 120, [ 1] :    9.999997e-01
  Iter 140, [ 1] :    9.999997e-01
  Iter 160, [ 1] :    9.999996e-01
  Iter 180, [ 1] :    9.999996e-01
  Iter 200, [ 1] :    9.999994e-01
WARNING: NOX::Direction::Newton::compute() - Linear solve failed to achieve convergence - using the step anyway since "Rescue Bad Newton Solve" is true 

************************************************************************
-- Nonlinear Solver Step 44 -- 
||F|| = 4.994e+05  step = 1.000e+00  dx = 8.441e-01
************************************************************************

  
  *******************************************************
  ***** Belos Iterative Solver:  Block Gmres 
  ***** Maximum Iterations: 200
  ***** Block Size: 1
  ***** Residual Test: 
  *****   Test 1 : Belos::StatusTestImpResNorm<>: (2-Norm Res Vec) / (2-Norm Res0), tol = 1e-08
  *******************************************************
  Iter   0, [ 1] :    1.000000e+00
  Iter  20, [ 1] :    1.000000e+00
  Iter  40, [ 1] :    9.999999e-01
  Iter  60, [ 1] :    9.999999e-01
  Iter  80, [ 1] :    9.999999e-01
  Iter 100, [ 1] :    9.999999e-01
  Iter 120, [ 1] :    9.999998e-01
  Iter 140, [ 1] :    9.999998e-01
  Iter 160, [ 1] :    9.999998e-01
  Iter 180, [ 1] :    9.999997e-01
  Iter 200, [ 1] :    9.999997e-01
WARNING: NOX::Direction::Newton::compute() - Linear solve failed to achieve convergence - using the step anyway since "Rescue Bad Newton Solve" is true 

************************************************************************
-- Nonlinear Solver Step 45 -- 
||F|| = 4.994e+05  step = 1.000e+00  dx = 4.933e-01
************************************************************************

  
  *******************************************************
  ***** Belos Iterative Solver:  Block Gmres 
  ***** Maximum Iterations: 200
  ***** Block Size: 1
  ***** Residual Test: 
  *****   Test 1 : Belos::StatusTestImpResNorm<>: (2-Norm Res Vec) / (2-Norm Res0), tol = 1e-08
  *******************************************************
  Iter   0, [ 1] :    1.000000e+00
  Iter  20, [ 1] :    9.999999e-01
  Iter  40, [ 1] :    9.999998e-01
  Iter  60, [ 1] :    9.999998e-01
  Iter  80, [ 1] :    9.999998e-01
  Iter 100, [ 1] :    9.999997e-01
  Iter 120, [ 1] :    9.999997e-01
  Iter 140, [ 1] :    9.999997e-01
  Iter 160, [ 1] :    9.999997e-01
  Iter 180, [ 1] :    9.999996e-01
  Iter 200, [ 1] :    9.999995e-01
WARNING: NOX::Direction::Newton::compute() - Linear solve failed to achieve convergence - using the step anyway since "Rescue Bad Newton Solve" is true 

************************************************************************
-- Nonlinear Solver Step 46 -- 
||F|| = 4.994e+05  step = 1.000e+00  dx = 2.150e+00
************************************************************************

  
  *******************************************************
  ***** Belos Iterative Solver:  Block Gmres 
  ***** Maximum Iterations: 200
  ***** Block Size: 1
  ***** Residual Test: 
  *****   Test 1 : Belos::StatusTestImpResNorm<>: (2-Norm Res Vec) / (2-Norm Res0), tol = 1e-08
  *******************************************************
  Iter   0, [ 1] :    1.000000e+00
  Iter  20, [ 1] :    9.999999e-01
  Iter  40, [ 1] :    9.999999e-01
  Iter  60, [ 1] :    9.999999e-01
  Iter  80, [ 1] :    9.999999e-01
  Iter 100, [ 1] :    9.999999e-01
  Iter 120, [ 1] :    9.999998e-01
  Iter 140, [ 1] :    9.999998e-01
  Iter 160, [ 1] :    9.999998e-01
  Iter 180, [ 1] :    9.999997e-01
  Iter 200, [ 1] :    9.999997e-01
WARNING: NOX::Direction::Newton::compute() - Linear solve failed to achieve convergence - using the step anyway since "Rescue Bad Newton Solve" is true 

************************************************************************
-- Nonlinear Solver Step 47 -- 
||F|| = 4.994e+05  step = 1.000e+00  dx = 3.048e-01
************************************************************************

  
  *******************************************************
  ***** Belos Iterative Solver:  Block Gmres 
  ***** Maximum Iterations: 200
  ***** Block Size: 1
  ***** Residual Test: 
  *****   Test 1 : Belos::StatusTestImpResNorm<>: (2-Norm Res Vec) / (2-Norm Res0), tol = 1e-08
  *******************************************************
  Iter   0, [ 1] :    1.000000e+00
  Iter  20, [ 1] :    9.999999e-01
  Iter  40, [ 1] :    9.999998e-01
  Iter  60, [ 1] :    9.999997e-01
  Iter  80, [ 1] :    9.999996e-01
  Iter 100, [ 1] :    9.999996e-01
  Iter 120, [ 1] :    9.999995e-01
  Iter 140, [ 1] :    9.999995e-01
  Iter 160, [ 1] :    9.999993e-01
  Iter 180, [ 1] :    9.999990e-01
  Iter 200, [ 1] :    9.999986e-01
WARNING: NOX::Direction::Newton::compute() - Linear solve failed to achieve convergence - using the step anyway since "Rescue Bad Newton Solve" is true 

************************************************************************
-- Nonlinear Solver Step 48 -- 
||F|| = 4.994e+05  step = 1.000e+00  dx = 4.935e-01
************************************************************************

  
  *******************************************************
  ***** Belos Iterative Solver:  Block Gmres 
  ***** Maximum Iterations: 200
  ***** Block Size: 1
  ***** Residual Test: 
  *****   Test 1 : Belos::StatusTestImpResNorm<>: (2-Norm Res Vec) / (2-Norm Res0), tol = 1e-08
  *******************************************************
  Iter   0, [ 1] :    1.000000e+00
  Iter  20, [ 1] :    9.999996e-01
  Iter  40, [ 1] :    9.999994e-01
  Iter  60, [ 1] :    9.999994e-01
  Iter  80, [ 1] :    9.999994e-01
  Iter 100, [ 1] :    9.999993e-01
  Iter 120, [ 1] :    9.999992e-01
  Iter 140, [ 1] :    9.999992e-01
  Iter 160, [ 1] :    9.999991e-01
  Iter 180, [ 1] :    9.999990e-01
  Iter 200, [ 1] :    9.999987e-01
WARNING: NOX::Direction::Newton::compute() - Linear solve failed to achieve convergence - using the step anyway since "Rescue Bad Newton Solve" is true 

************************************************************************
-- Nonlinear Solver Step 49 -- 
||F|| = 4.994e+05  step = 1.000e+00  dx = 4.859e+00
************************************************************************

  
  *******************************************************
  ***** Belos Iterative Solver:  Block Gmres 
  ***** Maximum Iterations: 200
  ***** Block Size: 1
  ***** Residual Test: 
  *****   Test 1 : Belos::StatusTestImpResNorm<>: (2-Norm Res Vec) / (2-Norm Res0), tol = 1e-08
  *******************************************************
  Iter   0, [ 1] :    1.000000e+00
  Iter  20, [ 1] :    9.999997e-01
  Iter  40, [ 1] :    9.999994e-01
  Iter  60, [ 1] :    9.999991e-01
  Iter  80, [ 1] :    9.999991e-01
  Iter 100, [ 1] :    9.999989e-01
  Iter 120, [ 1] :    9.999989e-01
  Iter 140, [ 1] :    9.999988e-01
  Iter 160, [ 1] :    9.999987e-01
  Iter 180, [ 1] :    9.999987e-01
  Iter 200, [ 1] :    9.999985e-01
WARNING: NOX::Direction::Newton::compute() - Linear solve failed to achieve convergence - using the step anyway since "Rescue Bad Newton Solve" is true 

************************************************************************
-- Nonlinear Solver Step 50 -- 
||F|| = 4.994e+05  step = 1.000e+00  dx = 2.682e+00 (Failed!)
************************************************************************

************************************************************************
-- Final Status Test Results --
Failed.......OR Combination -> 
  **...........F-Norm = 5.376e+02 < 1.000e-05
               (Length-Scaled Two-Norm, Absolute Tolerance)
  Failed.......Number of Iterations = 50 < 50
************************************************************************
*** Teuchos::StackedTimer::report() - Remainder for a level will be ***
*** incorrect if a timer in the level does not exist on every rank  ***
*** of the MPI Communicator.                                        ***
PyAlbany Total Time: 171.889 [2]
|   PyAlbany: Setup Time: 27.4413 - 15.9646% [1]
|   PyAlbany: performSolve: 144.447 - 84.0354% [1]
|   |   Piro::NOXSolver::evalModelImpl::solve: 144.445 - 99.9986% [1]
|   |   |   Thyra::NOXNonlinearSolver::solve: 144.445 - 99.9994% [1]
|   |   |   |   Thyra::DefaultModelEvaluatorWithSolveFactory<double>::evalModel(...): 11.5441 - 7.99209% [101]
|   |   |   |   |   Albany: Total Fill Time: 11.5403 - 99.9667% [101]
|   |   |   |   |   |   Albany Fill: Residual: 2.70819 - 23.4673% [51]
|   |   |   |   |   |   |   Phalanx::SortAndOrderEvaluators: 1.052e-06 - 3.88451e-05% [1]
|   |   |   |   |   |   |   Albany Residual Fill: Evaluate: 2.38341 - 88.0073% [51]
|   |   |   |   |   |   |   |   Phalanx: Evaluator 8: [<Residual>] LoadStateField(bed_topography)<Residual>: 0.0331195 - 1.38959% [51]
|   |   |   |   |   |   |   |   Phalanx: Evaluator 11: [<Residual>] Save Field bed_topography to State bed_topographyResidual: 0.334673 - 14.0418% [51]
|   |   |   |   |   |   |   |   Phalanx: Evaluator 5: [<Residual>] LoadStateField(surface_height)<Residual>: 0.0319653 - 1.34116% [51]
|   |   |   |   |   |   |   |   Phalanx: Evaluator 12: [<Residual>] Save Field surface_height to State surface_heightResidual: 0.335043 - 14.0573% [51]
|   |   |   |   |   |   |   |   Phalanx: Evaluator 31: [<Residual>] Shared Parameter Glen's Law Homotopy Parameter<Residual>: 0.00257373 - 0.107986% [51]
|   |   |   |   |   |   |   |   Phalanx: Evaluator 2: [<Residual>] Gather Coordinate Vector<Residual>: 0.0644216 - 2.70292% [51]
|   |   |   |   |   |   |   |   Phalanx: Evaluator 25: [<Residual>] ComputeBasisFunctions<Residual>: 0.0200551 - 0.841447% [51]
|   |   |   |   |   |   |   |   Phalanx: Evaluator 0: [<Residual>] Gather Solution<Residual>: 0.0141372 - 0.593151% [51]
|   |   |   |   |   |   |   |   Phalanx: Evaluator 67: [<Residual>] FastSolutionVecGradInterpolationBase<Residual>: 0.0117652 - 0.493628% [51]
|   |   |   |   |   |   |   |   Phalanx: Evaluator 7: [<Residual>] LoadStateField(temperature)<Residual>: 0.274827 - 11.5308% [51]
|   |   |   |   |   |   |   |   Phalanx: Evaluator 78: [<Residual>] P0Interpolation[temperature] <Residual>: 0.00122165 - 0.0512564% [51]
|   |   |   |   |   |   |   |   Phalanx: Evaluator 24: [<Residual>] MapToPhysicalFrame<Residual>: 0.0206838 - 0.867825% [51]
|   |   |   |   |   |   |   |   Phalanx: Evaluator 26: [<Residual>] P0Interpolation[Coord Vec] <Residual>: 0.000630406 - 0.0264498% [51]
|   |   |   |   |   |   |   |   Phalanx: Evaluator 76: [<Residual>] P0Interpolation[surface_height] <Residual>: 0.0305401 - 1.28136% [51]
|   |   |   |   |   |   |   |   Phalanx: Evaluator 3: [<Residual>] Pressure Corrected Temperature<Residual>: 0.0129615 - 0.543822% [51]
|   |   |   |   |   |   |   |   Phalanx: Evaluator 33: [<Residual>] ViscosityFO<Residual>: 0.00121459 - 0.0509602% [51]
|   |   |   |   |   |   |   |   Phalanx: Evaluator 34: [<Residual>] Dissipation: 0.0740497 - 3.10689% [51]
|   |   |   |   |   |   |   |   Phalanx: Evaluator 35: [<Residual>] P0Interpolation[LandIce Dissipation] <Residual>: 0.012935 - 0.54271% [51]
|   |   |   |   |   |   |   |   Phalanx: Evaluator 36: [<Residual>] Save Field LandIce Dissipation to State dissipation_heatResidual: 0.445884 - 18.7078% [51]
|   |   |   |   |   |   |   |   Phalanx: Evaluator 75: [<Residual>] DOFGradInterpolationBase<Residual>: 0.000401877 - 0.0168615% [51]
|   |   |   |   |   |   |   |   Phalanx: Evaluator 37: [<Residual>] StokesFOBodyForce<Residual>: 0.00235299 - 0.098724% [51]
|   |   |   |   |   |   |   |   Phalanx: Evaluator 66: [<Residual>] FastSolutionVecInterpolationBase<Residual>: 0.00104082 - 0.0436697% [51]
|   |   |   |   |   |   |   |   Phalanx: Evaluator 28: [<Residual>] StokesFOResid<Residual>: 0.0862235 - 3.61766% [51]
|   |   |   |   |   |   |   |   Phalanx: Evaluator 63: [<Residual>] DOFCellToSide(Coord Vec -> Coord Vec_extruded_boundary_side_set_1)[Vertex Vector]<Residual>: 0.211118 - 8.85784% [51]
|   |   |   |   |   |   |   |   Phalanx: Evaluator 60: [<Residual>] ComputeBasisFunctionsSide<Residual>: 0.0211698 - 0.888216% [51]
|   |   |   |   |   |   |   |   Phalanx: Evaluator 101: [<Residual>] DOFCellToSide(surface_height -> surface_height_extruded_boundary_side_set_1)[Node Scalar]<Residual>: 0.000186019 - 0.00780476% [51]
|   |   |   |   |   |   |   |   Phalanx: Evaluator 103: [<Residual>] DOFInterpolationSide<Residual>: 0.000251527 - 0.0105533% [51]
|   |   |   |   |   |   |   |   Phalanx: Evaluator 4: [<Residual>] LoadStateField(ice_thickness)<Residual>: 0.0356483 - 1.49569% [51]
|   |   |   |   |   |   |   |   Phalanx: Evaluator 99: [<Residual>] DOFCellToSide(ice_thickness -> ice_thickness_extruded_boundary_side_set_1)[Node Scalar]<Residual>: 0.00018729 - 0.00785808% [51]
|   |   |   |   |   |   |   |   Phalanx: Evaluator 100: [<Residual>] DOFInterpolationSide<Residual>: 0.00389849 - 0.163568% [51]
|   |   |   |   |   |   |   |   Phalanx: Evaluator 38: [<Residual>] StokesFOLateralResid<Residual>: 0.00122836 - 0.051538% [51]
|   |   |   |   |   |   |   |   Phalanx: Evaluator 59: [<Residual>] DOFCellToSide(Coord Vec -> Coord Vec_basalside)[Vertex Vector]<Residual>: 0.00382869 - 0.16064% [51]
|   |   |   |   |   |   |   |   Phalanx: Evaluator 56: [<Residual>] ComputeBasisFunctionsSide<Residual>: 0.0107107 - 0.449388% [51]
|   |   |   |   |   |   |   |   Phalanx: Evaluator 49: [<Residual>] Shared Parameter Power Exponent<Residual>: 0.00160889 - 0.0675037% [51]
|   |   |   |   |   |   |   |   Phalanx: Evaluator 18: [<Residual>] Load Side Set Field log_basal_friction_basalside from Side Set State log_basal_friction<Residual>: 0.0176102 - 0.738867% [51]
|   |   |   |   |   |   |   |   Phalanx: Evaluator 91: [<Residual>] DOFInterpolationSide<Residual>: 0.000186018 - 0.00780471% [51]
|   |   |   |   |   |   |   |   Phalanx: Evaluator 13: [<Residual>] Load Side Set Field ice_thickness_basalside from Side Set State ice_thickness<Residual>: 0.0194423 - 0.815736% [51]
|   |   |   |   |   |   |   |   Phalanx: Evaluator 17: [<Residual>] Load Side Set Field bed_topography_basalside from Side Set State bed_topography<Residual>: 0.0163685 - 0.686768% [51]
|   |   |   |   |   |   |   |   Phalanx: Evaluator 50: [<Residual>] BasalFrictionCoefficient<Residual>: 0.00127639 - 0.053553% [51]
|   |   |   |   |   |   |   |   Phalanx: Evaluator 79: [<Residual>] DOFCellToSide(Velocity -> Velocity_basalside)[Node Vector]<Residual>: 0.00351902 - 0.147647% [51]
|   |   |   |   |   |   |   |   Phalanx: Evaluator 80: [<Residual>] DOFVecInterpolationSide<Residual>: 0.00258213 - 0.108338% [51]
|   |   |   |   |   |   |   |   Phalanx: Evaluator 39: [<Residual>] StokesFOBasalResid<Residual>: 0.00235311 - 0.0987288% [51]
|   |   |   |   |   |   |   |   Phalanx: Evaluator 1: [<Residual>] Scatter Velocity Residual<Residual>: 0.00396813 - 0.16649% [51]
|   |   |   |   |   |   |   |   Remainder: 0.213544 - 8.95963%
|   |   |   |   |   |   |   Albany Residual Fill: Export: 0.00337391 - 0.124582% [51]
|   |   |   |   |   |   |   Remainder: 0.321411 - 11.8681%
|   |   |   |   |   |   Albany Fill: Jacobian: 8.83079 - 76.5214% [50]
|   |   |   |   |   |   |   Phalanx::SortAndOrderEvaluators: 5.41e-07 - 6.12629e-06% [1]
|   |   |   |   |   |   |   Albany Jacobian Fill: Evaluate: 7.46924 - 84.5817% [50]
|   |   |   |   |   |   |   |   Phalanx: Evaluator 141: [<Jacobian>] Shared Parameter Glen's Law Homotopy Parameter<Jacobian>: 0.000577013 - 0.00772519% [50]
|   |   |   |   |   |   |   |   Phalanx: Evaluator 112: [<Jacobian>] Gather Coordinate Vector<Jacobian>: 0.0642453 - 0.860133% [50]
|   |   |   |   |   |   |   |   Phalanx: Evaluator 135: [<Jacobian>] ComputeBasisFunctions<Jacobian>: 0.020298 - 0.271755% [50]
|   |   |   |   |   |   |   |   Phalanx: Evaluator 110: [<Jacobian>] Gather Solution<Jacobian>: 0.0135228 - 0.181046% [50]
|   |   |   |   |   |   |   |   Phalanx: Evaluator 177: [<Jacobian>] FastSolutionVecGradInterpolationBase<Jacobian>: 0.0528617 - 0.707726% [50]
|   |   |   |   |   |   |   |   Phalanx: Evaluator 117: [<Jacobian>] LoadStateField(temperature)<Jacobian>: 0.786344 - 10.5278% [50]
|   |   |   |   |   |   |   |   Phalanx: Evaluator 187: [<Jacobian>] P0Interpolation[temperature] <Jacobian>: 0.000968235 - 0.012963% [50]
|   |   |   |   |   |   |   |   Phalanx: Evaluator 134: [<Jacobian>] MapToPhysicalFrame<Jacobian>: 0.0164711 - 0.220519% [50]
|   |   |   |   |   |   |   |   Phalanx: Evaluator 136: [<Jacobian>] P0Interpolation[Coord Vec] <Jacobian>: 0.000654823 - 0.00876693% [50]
|   |   |   |   |   |   |   |   Phalanx: Evaluator 115: [<Jacobian>] LoadStateField(surface_height)<Jacobian>: 0.0532762 - 0.713275% [50]
|   |   |   |   |   |   |   |   Phalanx: Evaluator 185: [<Jacobian>] P0Interpolation[surface_height] <Jacobian>: 0.000493691 - 0.00660966% [50]
|   |   |   |   |   |   |   |   Phalanx: Evaluator 113: [<Jacobian>] Pressure Corrected Temperature<Jacobian>: 0.0128444 - 0.171964% [50]
|   |   |   |   |   |   |   |   Phalanx: Evaluator 143: [<Jacobian>] ViscosityFO<Jacobian>: 0.00138714 - 0.0185714% [50]
|   |   |   |   |   |   |   |   Phalanx: Evaluator 184: [<Jacobian>] DOFGradInterpolationBase<Jacobian>: 0.427676 - 5.72583% [50]
|   |   |   |   |   |   |   |   Phalanx: Evaluator 147: [<Jacobian>] StokesFOBodyForce<Jacobian>: 0.00240992 - 0.0322646% [50]
|   |   |   |   |   |   |   |   Phalanx: Evaluator 176: [<Jacobian>] FastSolutionVecInterpolationBase<Jacobian>: 0.00325822 - 0.0436219% [50]
|   |   |   |   |   |   |   |   Phalanx: Evaluator 138: [<Jacobian>] StokesFOResid<Jacobian>: 0.266178 - 3.56366% [50]
|   |   |   |   |   |   |   |   Phalanx: Evaluator 173: [<Jacobian>] DOFCellToSide(Coord Vec -> Coord Vec_extruded_boundary_side_set_1)[Vertex Vector]<Jacobian>: 5.30169 - 70.9804% [50]
|   |   |   |   |   |   |   |   Phalanx: Evaluator 170: [<Jacobian>] ComputeBasisFunctionsSide<Jacobian>: 0.0173866 - 0.232776% [50]
|   |   |   |   |   |   |   |   Phalanx: Evaluator 210: [<Jacobian>] DOFCellToSide(surface_height -> surface_height_extruded_boundary_side_set_1)[Node Scalar]<Jacobian>: 0.000179967 - 0.00240944% [50]
|   |   |   |   |   |   |   |   Phalanx: Evaluator 212: [<Jacobian>] DOFInterpolationSide<Jacobian>: 0.000215524 - 0.00288549% [50]
|   |   |   |   |   |   |   |   Phalanx: Evaluator 114: [<Jacobian>] LoadStateField(ice_thickness)<Jacobian>: 0.0347272 - 0.464936% [50]
|   |   |   |   |   |   |   |   Phalanx: Evaluator 208: [<Jacobian>] DOFCellToSide(ice_thickness -> ice_thickness_extruded_boundary_side_set_1)[Node Scalar]<Jacobian>: 0.000159166 - 0.00213095% [50]
|   |   |   |   |   |   |   |   Phalanx: Evaluator 209: [<Jacobian>] DOFInterpolationSide<Jacobian>: 0.00390178 - 0.052238% [50]
|   |   |   |   |   |   |   |   Phalanx: Evaluator 148: [<Jacobian>] StokesFOLateralResid<Jacobian>: 0.00115906 - 0.0155177% [50]
|   |   |   |   |   |   |   |   Phalanx: Evaluator 169: [<Jacobian>] DOFCellToSide(Coord Vec -> Coord Vec_basalside)[Vertex Vector]<Jacobian>: 0.0785582 - 1.05176% [50]
|   |   |   |   |   |   |   |   Phalanx: Evaluator 166: [<Jacobian>] ComputeBasisFunctionsSide<Jacobian>: 0.010752 - 0.143951% [50]
|   |   |   |   |   |   |   |   Phalanx: Evaluator 159: [<Jacobian>] Shared Parameter Power Exponent<Jacobian>: 0.00198346 - 0.026555% [50]
|   |   |   |   |   |   |   |   Phalanx: Evaluator 128: [<Jacobian>] Load Side Set Field log_basal_friction_basalside from Side Set State log_basal_friction<Jacobian>: 0.0167451 - 0.224187% [50]
|   |   |   |   |   |   |   |   Phalanx: Evaluator 200: [<Jacobian>] DOFInterpolationSide<Jacobian>: 0.000163472 - 0.0021886% [50]
|   |   |   |   |   |   |   |   Phalanx: Evaluator 123: [<Jacobian>] Load Side Set Field ice_thickness_basalside from Side Set State ice_thickness<Jacobian>: 0.0190065 - 0.254464% [50]
|   |   |   |   |   |   |   |   Phalanx: Evaluator 127: [<Jacobian>] Load Side Set Field bed_topography_basalside from Side Set State bed_topography<Jacobian>: 0.0159003 - 0.212877% [50]
|   |   |   |   |   |   |   |   Phalanx: Evaluator 160: [<Jacobian>] BasalFrictionCoefficient<Jacobian>: 0.00133276 - 0.0178434% [50]
|   |   |   |   |   |   |   |   Phalanx: Evaluator 188: [<Jacobian>] DOFCellToSide(Velocity -> Velocity_basalside)[Node Vector]<Jacobian>: 0.00594358 - 0.0795741% [50]
|   |   |   |   |   |   |   |   Phalanx: Evaluator 189: [<Jacobian>] DOFVecInterpolationSide<Jacobian>: 0.0164395 - 0.220096% [50]
|   |   |   |   |   |   |   |   Phalanx: Evaluator 149: [<Jacobian>] StokesFOBasalResid<Jacobian>: 0.0207426 - 0.277707% [50]
|   |   |   |   |   |   |   |   Phalanx: Evaluator 111: [<Jacobian>] Scatter Velocity Residual<Jacobian>: 0.0457529 - 0.612551% [50]
|   |   |   |   |   |   |   |   Remainder: 0.153028 - 2.04878%
|   |   |   |   |   |   |   Albany Jacobian Fill: Export: 0.00276825 - 0.0313477% [50]
|   |   |   |   |   |   |   Remainder: 1.35879 - 15.3869%
|   |   |   |   |   |   Remainder: 0.00130767 - 0.0113314%
|   |   |   |   |   Remainder: 0.00384513 - 0.0333081%
|   |   |   |   NOX Total Preconditioner Construction: 53.7224 - 37.1924% [50]
|   |   |   |   |   ThyraMueLu::initializePrec: 53.2997 - 99.2132% [50]
|   |   |   |   |   |   MueLu: ParameterListInterpreter (ParameterList): 0.0381883 - 0.0716482% [50]
|   |   |   |   |   |   Ifpack2::Relaxation::initialize: 0.553642 - 1.03873% [50]
|   |   |   |   |   |   Ifpack2::Relaxation::compute: 0.0371175 - 0.0696392% [50]
|   |   |   |   |   |   Ifpack2::Chebyshev::compute: 1.4661 - 2.75067% [100]
|   |   |   |   |   |   Utilities_kokkos::GetMatrixDiagonalInverse: 0.00335711 - 0.00629856% [50]
|   |   |   |   |   |   Remainder: 51.2013 - 96.063%
|   |   |   |   |   Remainder: 0.422704 - 0.78683%
|   |   |   |   NOX Total Linear Solve: 79.1363 - 54.7866% [50]
|   |   |   |   |   Stratimikos: BelosLOWS: 79.1362 - 99.9998% [50]
|   |   |   |   |   |   Belos: Operation Op*x: 0.0642924 - 0.0812428% [50]
|   |   |   |   |   |   Belos::MVT::MvAddMv: 0.000710912 - 0.00089834% [50]
|   |   |   |   |   |   Belos: BlockGmresSolMgr total solve time: 78.4735 - 99.1627% [50]
|   |   |   |   |   |   |   Belos: ICGS[2]: Orthogonalization: 27.4486 - 34.9781% [10050]
|   |   |   |   |   |   |   |   Belos: ICGS[2]: Ortho (Norm): 0.377323 - 1.37465% [10050]
|   |   |   |   |   |   |   |   |   Belos::MVT::MvDot: 0.367013 - 97.2677% [10050]
|   |   |   |   |   |   |   |   |   Remainder: 0.0103094 - 2.73226%
|   |   |   |   |   |   |   |   Belos::MVT::MvScale: 0.0526694 - 0.191884% [10050]
|   |   |   |   |   |   |   |   Belos: ICGS[2]: Ortho (Inner Product): 14.887 - 54.236% [20000]
|   |   |   |   |   |   |   |   |   Belos::MVT::MvTransMv: 14.8621 - 99.8326% [20000]
|   |   |   |   |   |   |   |   |   Remainder: 0.0249198 - 0.167393%
|   |   |   |   |   |   |   |   Belos: ICGS[2]: Ortho (Update): 12.0562 - 43.9229% [20000]
|   |   |   |   |   |   |   |   |   Belos::MVT::MvTimesMatAddMv: 12.0341 - 99.8165% [20000]
|   |   |   |   |   |   |   |   |   Remainder: 0.0221253 - 0.183518%
|   |   |   |   |   |   |   |   Remainder: 0.0753593 - 0.274547%
|   |   |   |   |   |   |   Belos::MVT::MvAddMv: 0.000868518 - 0.00110677% [100]
|   |   |   |   |   |   |   Belos::MVT::MvNorm: 0.0575074 - 0.0732825% [50]
|   |   |   |   |   |   |   Belos: Operation Prec*x: 27.7584 - 35.3729% [10050]
|   |   |   |   |   |   |   |   Ifpack2::Relaxation::apply: 0.890742 - 3.20891% [20100]
|   |   |   |   |   |   |   |   Ifpack2::Chebyshev::apply: 1.37202 - 4.94271% [30150]
|   |   |   |   |   |   |   |   Remainder: 25.4956 - 91.8484%
|   |   |   |   |   |   |   Belos: Operation Op*x: 20.7998 - 26.5055% [10000]
|   |   |   |   |   |   |   Belos::MVT::MvTimesMatAddMv: 0.112579 - 0.143461% [50]
|   |   |   |   |   |   |   Remainder: 2.29579 - 2.92557%
|   |   |   |   |   |   Remainder: 0.59764 - 0.755205%
|   |   |   |   |   Remainder: 0.000121899 - 0.000154037%
|   |   |   |   Remainder: 0.0417688 - 0.0289168%
|   |   |   Remainder: 0.000846164 - 0.000585802%
|   |   Piro::SteadyStateSolver::evalConvergedModelResponsesAndSensitivities::calc g, df/dp, dg/dp, dg/dx: 0.00105872 - 0.000732948% [1]
|   |   |   Thyra::DefaultModelEvaluatorWithSolveFactory<double>::evalModel(...): 0.000992647 - 93.7587% [1]
|   |   |   |   Albany: Total Fill Time: 0.000963691 - 97.083% [1]
|   |   |   |   |   Albany Fill: Response: 0.000949674 - 98.5455% [1]
|   |   |   |   |   Remainder: 1.4017e-05 - 1.45451%
|   |   |   |   Remainder: 2.8956e-05 - 2.91705%
|   |   |   Remainder: 6.6078e-05 - 6.24128%
|   |   Remainder: 0.000941347 - 0.000651688%
|   Remainder: 1.0761e-05 - 6.26045e-06%
~PyProblem()
<PyAlbany.Albany_Pybind11.RCPPyParameterList object at 0x14f4a0312df0>
<PyAlbany.Albany_Pybind11.RCPPyParameterList object at 0x14f4a0312e70>
Solve time: 1000000000000.0
~PyParallelEnv()

