*********************************************************************************
**  ______   __  __   ______   __       ______   ______   __   __   __  __     **
** /\  == \ /\ \_\ \ /\  __ \ /\ \     /\  == \ /\  __ \ /\ "-.\ \ /\ \_\ \    **
** \ \  __/ \ \____ \\ \  __ \\ \ \____\ \  __< \ \  __ \\ \ \-.  \\ \____ \   **
**  \ \_\    \/\_____\\ \_\ \_\\ \_____\\ \_____\\ \_\ \_\\ \_\\"\_\\/\_____\  **
**   \/_/     \/_____/ \/_/\/_/ \/_____/ \/_____/ \/_/\/_/ \/_/ \/_/ \/_____/  **
**                                                                             **
*********************************************************************************
** Trilinos git commit id - c70ae3dfa18
** Albany git branch ------ pybind11_PR
** Albany git commit id --- 7a1da3122
** Albany cxx compiler ---- GNU 10.3.0
** Albany cuda compiler --- Cuda 115
** Simulation start time -- 2022-09-27 at 08:01:49
***************************************************************
Albany_IOSS: Loading STKMesh from Exodus file  /global/homes/m/mcarlson/LandIce/ALITune/optimize/data/mesh-pop-wdg/gis_basal_populated.exo
Albany_IOSS: Loading STKMesh from Exodus file  /global/homes/m/mcarlson/LandIce/ALITune/optimize/data/mesh-pop-wdg/gis_upper_populated.exo
IOSS-STK: number of node sets = 3
IOSS-STK: number of side sets = 3
IOSS-STK: number of node sets = 3
IOSS-STK: number of side sets = 3
IOSS-STK: number of node sets = 1
IOSS-STK: number of side sets = 0
Restart Index set, reading solution index : 1
[GenericSTKMeshStruct] Processing field requirements...
  - Skipping field 'ice_thickness' since it's listed as present in the mesh.
  - Skipping field 'observed_ice_thickness' since it's listed as present in the mesh.
  - Skipping field 'observed_ice_thickness_RMS' since it's listed as present in the mesh.
  - Skipping field 'surface_height' since it's listed as present in the mesh.
  - Skipping field 'bed_topography' since it's listed as present in the mesh.
  - Skipping field 'log_basal_friction' since it's listed as present in the mesh.
  - Skipping field 'temperature' since it's listed as present in the mesh.
  - Skipping field 'apparent_mass_balance' since it's listed as present in the mesh.
  - Skipping field 'apparent_mass_balance_RMS' since it's listed as present in the mesh.
[ExtrudedSTKMesh] Adding nodes... done!
[ExtrudedSTKMesh] Adding elements... done!
[ExtrudedSTKMesh] Adding basalside sides... done!
[ExtrudedSTKMesh] Adding upperside sides... done!
[ExtrudedSTKMesh] Adding lateral sides... done!
[ExtrudedSTKMesh] Extruding basal fields...
  - Extruding Scalar Node field ice_thickness...done!
  - Extruding Scalar Node field surface_height...done!
  - Extruding Scalar Node field log_basal_friction...done!
  - Extruding Scalar Node field bed_topography...done!
  - Extruding Scalar Node field apparent_mass_balance...done!
  - Extruding Scalar Node field apparent_mass_balance_RMS...done!
[ExtrudedSTKMesh] Interpolating layered basal fields...
  - Interpolating Scalar field temperature...done!
[GenericSTKMeshStruct] Processing field requirements...
  - Skipping field 'ice_thickness' since it's listed as present in the mesh.
  - Skipping field 'surface_height' since it's listed as present in the mesh.
  - Skipping field 'log_basal_friction' since it's listed as present in the mesh.
  - Skipping field 'temperature' since it's listed as present in the mesh.
  - Skipping field 'bed_topography' since it's listed as present in the mesh.
  - Skipping field 'apparent_mass_balance' since it's listed as present in the mesh.
  - Skipping field 'apparent_mass_balance_RMS' since it's listed as present in the mesh.
  - Skipping field 'bed_topography' since it's listed as output. Make sure there's an evaluator set to save it!
  - Skipping field 'surface_height' since it's listed as output. Make sure there's an evaluator set to save it!
Restart Index set, reading solution index : 1
[GenericSTKMeshStruct] Processing field requirements...
  - Skipping field 'observed_surface_velocity' since it's listed as present in the mesh.
  - Skipping field 'observed_surface_velocity_RMS' since it's listed as present in the mesh.
STKDisc: 725880 elements on Proc 0 
STKDisc: nodeset basal_boundary_node_set_0 has size 0  on Proc 0.
STKDisc: nodeset basal_boundary_node_set_1 has size 6027  on Proc 0.
STKDisc: nodeset basal_node_set has size 39224  on Proc 0.
STKDisc: nodeset bottom has size 39224  on Proc 0.
STKDisc: nodeset extruded_boundary_node_set_0 has size 0  on Proc 0.
STKDisc: nodeset extruded_boundary_node_set_1 has size 66297  on Proc 0.
STKDisc: nodeset extruded_node_set has size 431464  on Proc 0.
STKDisc: nodeset lateral has size 66297  on Proc 0.
STKDisc: nodeset top has size 39224  on Proc 0.
STKDisc: sideset basalside has size 72588  on Proc 0.
STKDisc: sideset extruded_boundary_side_set has size 60460  on Proc 0.
STKDisc: sideset extruded_boundary_side_set_1 has size 57830  on Proc 0.
STKDisc: sideset extruded_boundary_side_set_1_tri3_edge2 has size 57830  on Proc 0.
STKDisc: sideset extruded_boundary_side_set_2 has size 2630  on Proc 0.
STKDisc: sideset extruded_boundary_side_set_2_tri3_edge2 has size 2630  on Proc 0.
STKDisc: sideset extruded_boundary_side_set_tri3_edge2 has size 60460  on Proc 0.
STKDisc: sideset lateralside has size 60460  on Proc 0.
STKDisc: sideset upperside has size 72588  on Proc 0.
STKDisc: 72588 elements on Proc 0 
STKDisc: nodeset boundary_node_set_0 has size 0  on Proc 0.
STKDisc: nodeset boundary_node_set_1 has size 6027  on Proc 0.
STKDisc: nodeset node_set has size 39224  on Proc 0.
STKDisc: sideset boundary_side_set has size 6046  on Proc 0.
STKDisc: sideset boundary_side_set_1 has size 5783  on Proc 0.
STKDisc: sideset boundary_side_set_2 has size 263  on Proc 0.
STKDisc: 72588 elements on Proc 0 
STKDisc: nodeset all_nodes has size 39224  on Proc 0.
StateManager: initializing state:  ice_thickness
StateManager: initializing state:  surface_height
StateManager: initializing state:  log_basal_friction
StateManager: initializing state:  temperature
StateManager: initializing state:  bed_topography
StateManager: initializing state:  apparent_mass_balance
StateManager: initializing state:  apparent_mass_balance_RMS
StateManager: initializing state:  dissipation_heat

StateManager: initializing state:  ice_thickness
StateManager: initializing state:  observed_ice_thickness
StateManager: initializing state:  observed_ice_thickness_RMS
StateManager: initializing state:  surface_height
StateManager: initializing state:  bed_topography
StateManager: initializing state:  log_basal_friction
StateManager: initializing state:  temperature
StateManager: initializing state:  apparent_mass_balance
StateManager: initializing state:  apparent_mass_balance_RMS

StateManager: initializing state:  observed_surface_velocity
StateManager: initializing state:  observed_surface_velocity_RMS

xxxxxxxxxxxxxxxxxxxxxxxxxxxxxxxxxxxxxxxxxxxxxxx
 Sacado ParameterLibrary has been initialized:
 Library of all registered parameters:
xxxxxxxxxxxxxxxxxxxxxxxxxxxxxxxxxxxxxxxxxxxxxxx

Total number of parameters  = 0
Number of non-distributed parameters  = 0
Number of response vectors  = 1
Number of distributed parameters vectors  = 0

************************************************************************
-- Nonlinear Solver Step 0 -- 
||F|| = 5.152e+05  step = 0.000e+00  dx = 0.000e+00
************************************************************************

  
  *******************************************************
  ***** Belos Iterative Solver:  Block Gmres 
  ***** Maximum Iterations: 200
  ***** Block Size: 1
  ***** Residual Test: 
  *****   Test 1 : Belos::StatusTestImpResNorm<>: (2-Norm Res Vec) / (2-Norm Res0), tol = 1e-08
  *******************************************************
  Iter   0, [ 1] :    1.000000e+00
  Iter  20, [ 1] :    2.168197e-05
  Iter  40, [ 1] :    9.618056e-09

************************************************************************
-- Nonlinear Solver Step 1 -- 
||F|| = 5.031e+05  step = 1.250e-01  dx = 1.950e+04
************************************************************************

  
  *******************************************************
  ***** Belos Iterative Solver:  Block Gmres 
  ***** Maximum Iterations: 200
  ***** Block Size: 1
  ***** Residual Test: 
  *****   Test 1 : Belos::StatusTestImpResNorm<>: (2-Norm Res Vec) / (2-Norm Res0), tol = 1e-08
  *******************************************************
  Iter   0, [ 1] :    1.000000e+00
  Iter  20, [ 1] :    1.255216e-05
  Iter  40, [ 1] :    1.605828e-08
  Iter  43, [ 1] :    9.865819e-09

************************************************************************
-- Nonlinear Solver Step 2 -- 
||F|| = 4.947e+05  step = 1.250e-01  dx = 3.054e+04
************************************************************************

  
  *******************************************************
  ***** Belos Iterative Solver:  Block Gmres 
  ***** Maximum Iterations: 200
  ***** Block Size: 1
  ***** Residual Test: 
  *****   Test 1 : Belos::StatusTestImpResNorm<>: (2-Norm Res Vec) / (2-Norm Res0), tol = 1e-08
  *******************************************************
  Iter   0, [ 1] :    1.000000e+00
  Iter  20, [ 1] :    9.333085e-06
  Iter  40, [ 1] :    1.586138e-08
  Iter  44, [ 1] :    8.928126e-09

************************************************************************
-- Nonlinear Solver Step 3 -- 
||F|| = 4.786e+05  step = 1.250e-01  dx = 3.499e+04
************************************************************************

  
  *******************************************************
  ***** Belos Iterative Solver:  Block Gmres 
  ***** Maximum Iterations: 200
  ***** Block Size: 1
  ***** Residual Test: 
  *****   Test 1 : Belos::StatusTestImpResNorm<>: (2-Norm Res Vec) / (2-Norm Res0), tol = 1e-08
  *******************************************************
  Iter   0, [ 1] :    1.000000e+00
  Iter  20, [ 1] :    1.234213e-05
  Iter  40, [ 1] :    2.277885e-08
  Iter  47, [ 1] :    7.449877e-09

************************************************************************
-- Nonlinear Solver Step 4 -- 
||F|| = 4.696e+05  step = 2.500e-01  dx = 3.608e+04
************************************************************************

  
  *******************************************************
  ***** Belos Iterative Solver:  Block Gmres 
  ***** Maximum Iterations: 200
  ***** Block Size: 1
  ***** Residual Test: 
  *****   Test 1 : Belos::StatusTestImpResNorm<>: (2-Norm Res Vec) / (2-Norm Res0), tol = 1e-08
  *******************************************************
  Iter   0, [ 1] :    1.000000e+00
  Iter  20, [ 1] :    1.797772e-05
  Iter  40, [ 1] :    4.702004e-08
  Iter  49, [ 1] :    9.955467e-09

************************************************************************
-- Nonlinear Solver Step 5 -- 
||F|| = 4.639e+05  step = 5.000e-01  dx = 3.324e+04
************************************************************************

  
  *******************************************************
  ***** Belos Iterative Solver:  Block Gmres 
  ***** Maximum Iterations: 200
  ***** Block Size: 1
  ***** Residual Test: 
  *****   Test 1 : Belos::StatusTestImpResNorm<>: (2-Norm Res Vec) / (2-Norm Res0), tol = 1e-08
  *******************************************************
  Iter   0, [ 1] :    1.000000e+00
  Iter  20, [ 1] :    1.823373e-05
  Iter  40, [ 1] :    1.893446e-07
  Iter  55, [ 1] :    9.917133e-09

************************************************************************
-- Nonlinear Solver Step 6 -- 
||F|| = 3.400e+05  step = 1.000e+00  dx = 2.394e+04
************************************************************************

  
  *******************************************************
  ***** Belos Iterative Solver:  Block Gmres 
  ***** Maximum Iterations: 200
  ***** Block Size: 1
  ***** Residual Test: 
  *****   Test 1 : Belos::StatusTestImpResNorm<>: (2-Norm Res Vec) / (2-Norm Res0), tol = 1e-08
  *******************************************************
  Iter   0, [ 1] :    1.000000e+00
  Iter  20, [ 1] :    1.465528e-05
  Iter  40, [ 1] :    2.212041e-07
  Iter  58, [ 1] :    7.731299e-09

************************************************************************
-- Nonlinear Solver Step 7 -- 
||F|| = 7.191e+04  step = 1.000e+00  dx = 8.064e+03
************************************************************************

  
  *******************************************************
  ***** Belos Iterative Solver:  Block Gmres 
  ***** Maximum Iterations: 200
  ***** Block Size: 1
  ***** Residual Test: 
  *****   Test 1 : Belos::StatusTestImpResNorm<>: (2-Norm Res Vec) / (2-Norm Res0), tol = 1e-08
  *******************************************************
  Iter   0, [ 1] :    1.000000e+00
  Iter  20, [ 1] :    1.684197e-05
  Iter  40, [ 1] :    4.136876e-07
  Iter  60, [ 1] :    2.662288e-08
  Iter  64, [ 1] :    9.036785e-09

************************************************************************
-- Nonlinear Solver Step 8 -- 
||F|| = 5.406e+03  step = 1.000e+00  dx = 1.643e+03
************************************************************************

  
  *******************************************************
  ***** Belos Iterative Solver:  Block Gmres 
  ***** Maximum Iterations: 200
  ***** Block Size: 1
  ***** Residual Test: 
  *****   Test 1 : Belos::StatusTestImpResNorm<>: (2-Norm Res Vec) / (2-Norm Res0), tol = 1e-08
  *******************************************************
  Iter   0, [ 1] :    1.000000e+00
  Iter  20, [ 1] :    1.105367e-05
  Iter  40, [ 1] :    1.858156e-07
  Iter  60, [ 1] :    7.589971e-09

************************************************************************
-- Nonlinear Solver Step 9 -- 
||F|| = 1.432e+02  step = 1.000e+00  dx = 6.606e+01
************************************************************************

  
  *******************************************************
  ***** Belos Iterative Solver:  Block Gmres 
  ***** Maximum Iterations: 200
  ***** Block Size: 1
  ***** Residual Test: 
  *****   Test 1 : Belos::StatusTestImpResNorm<>: (2-Norm Res Vec) / (2-Norm Res0), tol = 1e-08
  *******************************************************
  Iter   0, [ 1] :    1.000000e+00
  Iter  20, [ 1] :    2.144154e-06
  Iter  40, [ 1] :    3.223190e-08
  Iter  48, [ 1] :    9.178742e-09

************************************************************************
-- Nonlinear Solver Step 10 -- 
||F|| = 5.913e+00  step = 1.000e+00  dx = 1.770e+00
************************************************************************

  
  *******************************************************
  ***** Belos Iterative Solver:  Block Gmres 
  ***** Maximum Iterations: 200
  ***** Block Size: 1
  ***** Residual Test: 
  *****   Test 1 : Belos::StatusTestImpResNorm<>: (2-Norm Res Vec) / (2-Norm Res0), tol = 1e-08
  *******************************************************
  Iter   0, [ 1] :    1.000000e+00
  Iter  20, [ 1] :    4.020077e-06
  Iter  40, [ 1] :    2.833782e-08
  Iter  48, [ 1] :    8.564780e-09

************************************************************************
-- Nonlinear Solver Step 11 -- 
||F|| = 4.059e+00  step = 1.000e+00  dx = 1.916e+00
************************************************************************

  
  *******************************************************
  ***** Belos Iterative Solver:  Block Gmres 
  ***** Maximum Iterations: 200
  ***** Block Size: 1
  ***** Residual Test: 
  *****   Test 1 : Belos::StatusTestImpResNorm<>: (2-Norm Res Vec) / (2-Norm Res0), tol = 1e-08
  *******************************************************
  Iter   0, [ 1] :    1.000000e+00
  Iter  20, [ 1] :    7.430909e-06
  Iter  32, [ 1] :    7.224919e-09

************************************************************************
-- Nonlinear Solver Step 12 -- 
||F|| = 1.809e+00  step = 5.000e-01  dx = 2.113e+00
************************************************************************

  
  *******************************************************
  ***** Belos Iterative Solver:  Block Gmres 
  ***** Maximum Iterations: 200
  ***** Block Size: 1
  ***** Residual Test: 
  *****   Test 1 : Belos::StatusTestImpResNorm<>: (2-Norm Res Vec) / (2-Norm Res0), tol = 1e-08
  *******************************************************
  Iter   0, [ 1] :    1.000000e+00
  Iter  20, [ 1] :    3.870574e-06
  Iter  31, [ 1] :    8.513020e-09

************************************************************************
-- Nonlinear Solver Step 13 -- 
||F|| = 2.881e-01  step = 5.000e-01  dx = 3.276e-01
************************************************************************

  
  *******************************************************
  ***** Belos Iterative Solver:  Block Gmres 
  ***** Maximum Iterations: 200
  ***** Block Size: 1
  ***** Residual Test: 
  *****   Test 1 : Belos::StatusTestImpResNorm<>: (2-Norm Res Vec) / (2-Norm Res0), tol = 1e-08
  *******************************************************
  Iter   0, [ 1] :    1.000000e+00
  Iter  20, [ 1] :    4.755468e-06
  Iter  40, [ 1] :    1.526792e-08
  Iter  45, [ 1] :    8.887645e-09

************************************************************************
-- Nonlinear Solver Step 14 -- 
||F|| = 3.767e-02  step = 1.000e+00  dx = 2.798e-02
************************************************************************

  
  *******************************************************
  ***** Belos Iterative Solver:  Block Gmres 
  ***** Maximum Iterations: 200
  ***** Block Size: 1
  ***** Residual Test: 
  *****   Test 1 : Belos::StatusTestImpResNorm<>: (2-Norm Res Vec) / (2-Norm Res0), tol = 1e-08
  *******************************************************
  Iter   0, [ 1] :    1.000000e+00
  Iter  20, [ 1] :    2.878601e-06
  Iter  40, [ 1] :    1.316904e-08
  Iter  43, [ 1] :    9.943612e-09

************************************************************************
-- Nonlinear Solver Step 15 -- 
||F|| = 4.437e-04  step = 1.000e+00  dx = 1.457e-03 (Converged!)
************************************************************************

************************************************************************
-- Final Status Test Results --
Converged....OR Combination -> 
  Converged....F-Norm = 4.777e-07 < 1.000e-05
               (Length-Scaled Two-Norm, Absolute Tolerance)
  ??...........Number of Iterations = -1 < 50
************************************************************************
         Response[0] = -7.00550989e+00 
*** Teuchos::StackedTimer::report() - Remainder for a level will be ***
*** incorrect if a timer in the level does not exist on every rank  ***
*** of the MPI Communicator.                                        ***
PyAlbany Total Time: 55.1341 [2]
|   PyAlbany: Setup Time: 27.9051 - 50.6132% [1]
|   PyAlbany: performSolve: 27.2289 - 49.3867% [1]
|   |   Piro::NOXSolver::evalModelImpl::solve: 27.2064 - 99.9174% [1]
|   |   |   Thyra::NOXNonlinearSolver::solve: 27.206 - 99.9985% [1]
|   |   |   |   Thyra::DefaultModelEvaluatorWithSolveFactory<double>::evalModel(...): 5.85697 - 21.5282% [45]
|   |   |   |   |   Albany: Total Fill Time: 5.85542 - 99.9736% [45]
|   |   |   |   |   |   Albany Fill: Residual: 1.96778 - 33.606% [30]
|   |   |   |   |   |   |   Phalanx::SortAndOrderEvaluators: 1.143e-06 - 5.80859e-05% [1]
|   |   |   |   |   |   |   Albany Residual Fill: Evaluate: 1.63731 - 83.2062% [30]
|   |   |   |   |   |   |   |   Phalanx: Evaluator 8: [<Residual>] LoadStateField(bed_topography)<Residual>: 0.0335868 - 2.05133% [30]
|   |   |   |   |   |   |   |   Phalanx: Evaluator 11: [<Residual>] Save Field bed_topography to State bed_topographyResidual: 0.356775 - 21.7903% [30]
|   |   |   |   |   |   |   |   Phalanx: Evaluator 5: [<Residual>] LoadStateField(surface_height)<Residual>: 0.0333673 - 2.03793% [30]
|   |   |   |   |   |   |   |   Phalanx: Evaluator 12: [<Residual>] Save Field surface_height to State surface_heightResidual: 0.358999 - 21.9261% [30]
|   |   |   |   |   |   |   |   Phalanx: Evaluator 31: [<Residual>] Shared Parameter Glen's Law Homotopy Parameter<Residual>: 0.000673002 - 0.0411041% [30]
|   |   |   |   |   |   |   |   Phalanx: Evaluator 2: [<Residual>] Gather Coordinate Vector<Residual>: 0.0656471 - 4.00944% [30]
|   |   |   |   |   |   |   |   Phalanx: Evaluator 25: [<Residual>] ComputeBasisFunctions<Residual>: 0.0202455 - 1.23651% [30]
|   |   |   |   |   |   |   |   Phalanx: Evaluator 0: [<Residual>] Gather Solution<Residual>: 0.0127307 - 0.777536% [30]
|   |   |   |   |   |   |   |   Phalanx: Evaluator 67: [<Residual>] FastSolutionVecGradInterpolationBase<Residual>: 0.0092836 - 0.567002% [30]
|   |   |   |   |   |   |   |   Phalanx: Evaluator 7: [<Residual>] LoadStateField(temperature)<Residual>: 0.172546 - 10.5384% [30]
|   |   |   |   |   |   |   |   Phalanx: Evaluator 78: [<Residual>] P0Interpolation[temperature] <Residual>: 0.000705266 - 0.0430746% [30]
|   |   |   |   |   |   |   |   Phalanx: Evaluator 24: [<Residual>] MapToPhysicalFrame<Residual>: 0.0123172 - 0.752285% [30]
|   |   |   |   |   |   |   |   Phalanx: Evaluator 26: [<Residual>] P0Interpolation[Coord Vec] <Residual>: 0.000378732 - 0.0231313% [30]
|   |   |   |   |   |   |   |   Phalanx: Evaluator 76: [<Residual>] P0Interpolation[surface_height] <Residual>: 0.0136967 - 0.836536% [30]
|   |   |   |   |   |   |   |   Phalanx: Evaluator 3: [<Residual>] Pressure Corrected Temperature<Residual>: 0.0117794 - 0.719433% [30]
|   |   |   |   |   |   |   |   Phalanx: Evaluator 33: [<Residual>] ViscosityFO<Residual>: 0.000681269 - 0.041609% [30]
|   |   |   |   |   |   |   |   Phalanx: Evaluator 34: [<Residual>] Dissipation: 0.0237558 - 1.4509% [30]
|   |   |   |   |   |   |   |   Phalanx: Evaluator 35: [<Residual>] P0Interpolation[LandIce Dissipation] <Residual>: 0.00742617 - 0.453559% [30]
|   |   |   |   |   |   |   |   Phalanx: Evaluator 36: [<Residual>] Save Field LandIce Dissipation to State dissipation_heatResidual: 0.0693722 - 4.23695% [30]
|   |   |   |   |   |   |   |   Phalanx: Evaluator 75: [<Residual>] DOFGradInterpolationBase<Residual>: 0.000280413 - 0.0171264% [30]
|   |   |   |   |   |   |   |   Phalanx: Evaluator 37: [<Residual>] StokesFOBodyForce<Residual>: 0.00228024 - 0.139267% [30]
|   |   |   |   |   |   |   |   Phalanx: Evaluator 66: [<Residual>] FastSolutionVecInterpolationBase<Residual>: 0.0007492 - 0.0457579% [30]
|   |   |   |   |   |   |   |   Phalanx: Evaluator 28: [<Residual>] StokesFOResid<Residual>: 0.0489592 - 2.99021% [30]
|   |   |   |   |   |   |   |   Phalanx: Evaluator 63: [<Residual>] DOFCellToSide(Coord Vec -> Coord Vec_extruded_boundary_side_set_1)[Vertex Vector]<Residual>: 0.121362 - 7.41226% [30]
|   |   |   |   |   |   |   |   Phalanx: Evaluator 60: [<Residual>] ComputeBasisFunctionsSide<Residual>: 0.0212646 - 1.29875% [30]
|   |   |   |   |   |   |   |   Phalanx: Evaluator 101: [<Residual>] DOFCellToSide(surface_height -> surface_height_extruded_boundary_side_set_1)[Node Scalar]<Residual>: 0.000115594 - 0.00705998% [30]
|   |   |   |   |   |   |   |   Phalanx: Evaluator 103: [<Residual>] DOFInterpolationSide<Residual>: 0.000364114 - 0.0222385% [30]
|   |   |   |   |   |   |   |   Phalanx: Evaluator 4: [<Residual>] LoadStateField(ice_thickness)<Residual>: 0.0360604 - 2.20242% [30]
|   |   |   |   |   |   |   |   Phalanx: Evaluator 99: [<Residual>] DOFCellToSide(ice_thickness -> ice_thickness_extruded_boundary_side_set_1)[Node Scalar]<Residual>: 0.000114724 - 0.00700685% [30]
|   |   |   |   |   |   |   |   Phalanx: Evaluator 100: [<Residual>] DOFInterpolationSide<Residual>: 0.00363883 - 0.222244% [30]
|   |   |   |   |   |   |   |   Phalanx: Evaluator 38: [<Residual>] StokesFOLateralResid<Residual>: 0.000724203 - 0.0442312% [30]
|   |   |   |   |   |   |   |   Phalanx: Evaluator 59: [<Residual>] DOFCellToSide(Coord Vec -> Coord Vec_basalside)[Vertex Vector]<Residual>: 0.0022325 - 0.136352% [30]
|   |   |   |   |   |   |   |   Phalanx: Evaluator 56: [<Residual>] ComputeBasisFunctionsSide<Residual>: 0.0120099 - 0.73351% [30]
|   |   |   |   |   |   |   |   Phalanx: Evaluator 49: [<Residual>] Shared Parameter Power Exponent<Residual>: 0.000990506 - 0.0604959% [30]
|   |   |   |   |   |   |   |   Phalanx: Evaluator 18: [<Residual>] Load Side Set Field log_basal_friction_basalside from Side Set State log_basal_friction<Residual>: 0.017664 - 1.07884% [30]
|   |   |   |   |   |   |   |   Phalanx: Evaluator 91: [<Residual>] DOFInterpolationSide<Residual>: 0.000117921 - 0.00720211% [30]
|   |   |   |   |   |   |   |   Phalanx: Evaluator 13: [<Residual>] Load Side Set Field ice_thickness_basalside from Side Set State ice_thickness<Residual>: 0.0194479 - 1.18779% [30]
|   |   |   |   |   |   |   |   Phalanx: Evaluator 17: [<Residual>] Load Side Set Field bed_topography_basalside from Side Set State bed_topography<Residual>: 0.0169195 - 1.03337% [30]
|   |   |   |   |   |   |   |   Phalanx: Evaluator 50: [<Residual>] BasalFrictionCoefficient<Residual>: 0.000734712 - 0.0448731% [30]
|   |   |   |   |   |   |   |   Phalanx: Evaluator 79: [<Residual>] DOFCellToSide(Velocity -> Velocity_basalside)[Node Vector]<Residual>: 0.00218397 - 0.133387% [30]
|   |   |   |   |   |   |   |   Phalanx: Evaluator 80: [<Residual>] DOFVecInterpolationSide<Residual>: 0.00155098 - 0.0947273% [30]
|   |   |   |   |   |   |   |   Phalanx: Evaluator 39: [<Residual>] StokesFOBasalResid<Residual>: 0.00138364 - 0.0845068% [30]
|   |   |   |   |   |   |   |   Phalanx: Evaluator 1: [<Residual>] Scatter Velocity Residual<Residual>: 0.00234185 - 0.14303% [30]
|   |   |   |   |   |   |   |   Remainder: 0.119855 - 7.32024%
|   |   |   |   |   |   |   Albany Residual Fill: Export: 0.00166944 - 0.0848387% [30]
|   |   |   |   |   |   |   Remainder: 0.328793 - 16.7089%
|   |   |   |   |   |   Albany Fill: Jacobian: 3.88712 - 66.385% [15]
|   |   |   |   |   |   |   Phalanx::SortAndOrderEvaluators: 6.42e-07 - 1.65161e-05% [1]
|   |   |   |   |   |   |   Albany Jacobian Fill: Evaluate: 2.47191 - 63.5924% [15]
|   |   |   |   |   |   |   |   Phalanx: Evaluator 141: [<Jacobian>] Shared Parameter Glen's Law Homotopy Parameter<Jacobian>: 0.000171623 - 0.00694292% [15]
|   |   |   |   |   |   |   |   Phalanx: Evaluator 112: [<Jacobian>] Gather Coordinate Vector<Jacobian>: 0.0651433 - 2.63534% [15]
|   |   |   |   |   |   |   |   Phalanx: Evaluator 135: [<Jacobian>] ComputeBasisFunctions<Jacobian>: 0.0194258 - 0.785862% [15]
|   |   |   |   |   |   |   |   Phalanx: Evaluator 110: [<Jacobian>] Gather Solution<Jacobian>: 0.0123204 - 0.498417% [15]
|   |   |   |   |   |   |   |   Phalanx: Evaluator 177: [<Jacobian>] FastSolutionVecGradInterpolationBase<Jacobian>: 0.0158658 - 0.641841% [15]
|   |   |   |   |   |   |   |   Phalanx: Evaluator 117: [<Jacobian>] LoadStateField(temperature)<Jacobian>: 0.259536 - 10.4994% [15]
|   |   |   |   |   |   |   |   Phalanx: Evaluator 187: [<Jacobian>] P0Interpolation[temperature] <Jacobian>: 0.000383205 - 0.0155024% [15]
|   |   |   |   |   |   |   |   Phalanx: Evaluator 134: [<Jacobian>] MapToPhysicalFrame<Jacobian>: 0.0124467 - 0.503524% [15]
|   |   |   |   |   |   |   |   Phalanx: Evaluator 136: [<Jacobian>] P0Interpolation[Coord Vec] <Jacobian>: 0.000210667 - 0.00852243% [15]
|   |   |   |   |   |   |   |   Phalanx: Evaluator 115: [<Jacobian>] LoadStateField(surface_height)<Jacobian>: 0.0408859 - 1.65402% [15]
|   |   |   |   |   |   |   |   Phalanx: Evaluator 185: [<Jacobian>] P0Interpolation[surface_height] <Jacobian>: 0.000174016 - 0.00703973% [15]
|   |   |   |   |   |   |   |   Phalanx: Evaluator 113: [<Jacobian>] Pressure Corrected Temperature<Jacobian>: 0.0113947 - 0.460969% [15]
|   |   |   |   |   |   |   |   Phalanx: Evaluator 143: [<Jacobian>] ViscosityFO<Jacobian>: 0.000421664 - 0.0170582% [15]
|   |   |   |   |   |   |   |   Phalanx: Evaluator 184: [<Jacobian>] DOFGradInterpolationBase<Jacobian>: 0.128999 - 5.21857% [15]
|   |   |   |   |   |   |   |   Phalanx: Evaluator 147: [<Jacobian>] StokesFOBodyForce<Jacobian>: 0.0022564 - 0.0912813% [15]
|   |   |   |   |   |   |   |   Phalanx: Evaluator 176: [<Jacobian>] FastSolutionVecInterpolationBase<Jacobian>: 0.00293239 - 0.118628% [15]
|   |   |   |   |   |   |   |   Phalanx: Evaluator 138: [<Jacobian>] StokesFOResid<Jacobian>: 0.0799083 - 3.23265% [15]
|   |   |   |   |   |   |   |   Phalanx: Evaluator 173: [<Jacobian>] DOFCellToSide(Coord Vec -> Coord Vec_extruded_boundary_side_set_1)[Vertex Vector]<Jacobian>: 1.59084 - 64.3564% [15]
|   |   |   |   |   |   |   |   Phalanx: Evaluator 170: [<Jacobian>] ComputeBasisFunctionsSide<Jacobian>: 0.0169957 - 0.687554% [15]
|   |   |   |   |   |   |   |   Phalanx: Evaluator 210: [<Jacobian>] DOFCellToSide(surface_height -> surface_height_extruded_boundary_side_set_1)[Node Scalar]<Jacobian>: 6.8032e-05 - 0.0027522% [15]
|   |   |   |   |   |   |   |   Phalanx: Evaluator 212: [<Jacobian>] DOFInterpolationSide<Jacobian>: 0.000293608 - 0.0118778% [15]
|   |   |   |   |   |   |   |   Phalanx: Evaluator 114: [<Jacobian>] LoadStateField(ice_thickness)<Jacobian>: 0.0363242 - 1.46948% [15]
|   |   |   |   |   |   |   |   Phalanx: Evaluator 208: [<Jacobian>] DOFCellToSide(ice_thickness -> ice_thickness_extruded_boundary_side_set_1)[Node Scalar]<Jacobian>: 6.647e-05 - 0.00268901% [15]
|   |   |   |   |   |   |   |   Phalanx: Evaluator 209: [<Jacobian>] DOFInterpolationSide<Jacobian>: 0.00355284 - 0.143728% [15]
|   |   |   |   |   |   |   |   Phalanx: Evaluator 148: [<Jacobian>] StokesFOLateralResid<Jacobian>: 0.000452707 - 0.018314% [15]
|   |   |   |   |   |   |   |   Phalanx: Evaluator 169: [<Jacobian>] DOFCellToSide(Coord Vec -> Coord Vec_basalside)[Vertex Vector]<Jacobian>: 0.0234096 - 0.947022% [15]
|   |   |   |   |   |   |   |   Phalanx: Evaluator 166: [<Jacobian>] ComputeBasisFunctionsSide<Jacobian>: 0.0103705 - 0.419533% [15]
|   |   |   |   |   |   |   |   Phalanx: Evaluator 159: [<Jacobian>] Shared Parameter Power Exponent<Jacobian>: 0.000512201 - 0.0207208% [15]
|   |   |   |   |   |   |   |   Phalanx: Evaluator 128: [<Jacobian>] Load Side Set Field log_basal_friction_basalside from Side Set State log_basal_friction<Jacobian>: 0.0174105 - 0.704332% [15]
|   |   |   |   |   |   |   |   Phalanx: Evaluator 200: [<Jacobian>] DOFInterpolationSide<Jacobian>: 6.9774e-05 - 0.00282267% [15]
|   |   |   |   |   |   |   |   Phalanx: Evaluator 123: [<Jacobian>] Load Side Set Field ice_thickness_basalside from Side Set State ice_thickness<Jacobian>: 0.0193842 - 0.784177% [15]
|   |   |   |   |   |   |   |   Phalanx: Evaluator 127: [<Jacobian>] Load Side Set Field bed_topography_basalside from Side Set State bed_topography<Jacobian>: 0.0165591 - 0.66989% [15]
|   |   |   |   |   |   |   |   Phalanx: Evaluator 160: [<Jacobian>] BasalFrictionCoefficient<Jacobian>: 0.000451303 - 0.0182572% [15]
|   |   |   |   |   |   |   |   Phalanx: Evaluator 188: [<Jacobian>] DOFCellToSide(Velocity -> Velocity_basalside)[Node Vector]<Jacobian>: 0.00218005 - 0.0881928% [15]
|   |   |   |   |   |   |   |   Phalanx: Evaluator 189: [<Jacobian>] DOFVecInterpolationSide<Jacobian>: 0.00494905 - 0.200211% [15]
|   |   |   |   |   |   |   |   Phalanx: Evaluator 149: [<Jacobian>] StokesFOBasalResid<Jacobian>: 0.00625007 - 0.252843% [15]
|   |   |   |   |   |   |   |   Phalanx: Evaluator 111: [<Jacobian>] Scatter Velocity Residual<Jacobian>: 0.0140028 - 0.566477% [15]
|   |   |   |   |   |   |   |   Remainder: 0.0553005 - 2.23715%
|   |   |   |   |   |   |   Albany Jacobian Fill: Export: 0.000888418 - 0.0228554% [15]
|   |   |   |   |   |   |   Remainder: 1.41432 - 36.3848%
|   |   |   |   |   |   Remainder: 0.000523905 - 0.00894735%
|   |   |   |   |   Remainder: 0.00154611 - 0.0263977%
|   |   |   |   NOX Total Preconditioner Construction: 16.5306 - 60.7609% [15]
|   |   |   |   |   ThyraMueLu::initializePrec: 16.4674 - 99.6175% [15]
|   |   |   |   |   |   MueLu: ParameterListInterpreter (ParameterList): 0.0118315 - 0.0718479% [15]
|   |   |   |   |   |   Ifpack2::Chebyshev::compute: 1.03845 - 6.30611% [45]
|   |   |   |   |   |   Utilities_kokkos::GetMatrixDiagonalInverse: 0.00103097 - 0.00626069% [15]
|   |   |   |   |   |   Remainder: 15.4161 - 93.6158%
|   |   |   |   |   Remainder: 0.0632353 - 0.382534%
|   |   |   |   NOX Total Linear Solve: 4.78636 - 17.593% [15]
|   |   |   |   |   Stratimikos: BelosLOWS: 4.78631 - 99.9988% [15]
|   |   |   |   |   |   Belos: Operation Op*x: 0.0104132 - 0.217562% [15]
|   |   |   |   |   |   Belos::MVT::MvAddMv: 0.000255704 - 0.00534241% [15]
|   |   |   |   |   |   Belos: BlockGmresSolMgr total solve time: 4.72671 - 98.7548% [15]
|   |   |   |   |   |   |   Belos: ICGS[2]: Orthogonalization: 0.696245 - 14.73% [722]
|   |   |   |   |   |   |   |   Belos: ICGS[2]: Ortho (Norm): 0.0330816 - 4.75144% [722]
|   |   |   |   |   |   |   |   |   Belos::MVT::MvDot: 0.0322596 - 97.5152% [722]
|   |   |   |   |   |   |   |   |   Remainder: 0.00082202 - 2.48482%
|   |   |   |   |   |   |   |   Belos::MVT::MvScale: 0.00397588 - 0.571047% [722]
|   |   |   |   |   |   |   |   Belos: ICGS[2]: Ortho (Inner Product): 0.384688 - 55.2518% [1414]
|   |   |   |   |   |   |   |   |   Belos::MVT::MvTransMv: 0.382734 - 99.492% [1414]
|   |   |   |   |   |   |   |   |   Remainder: 0.00195417 - 0.507988%
|   |   |   |   |   |   |   |   Belos: ICGS[2]: Ortho (Update): 0.269642 - 38.728% [1414]
|   |   |   |   |   |   |   |   |   Belos::MVT::MvTimesMatAddMv: 0.267967 - 99.379% [1414]
|   |   |   |   |   |   |   |   |   Remainder: 0.00167443 - 0.620984%
|   |   |   |   |   |   |   |   Remainder: 0.00485757 - 0.697682%
|   |   |   |   |   |   |   Belos::MVT::MvAddMv: 0.000572581 - 0.0121137% [60]
|   |   |   |   |   |   |   Belos::MVT::MvNorm: 0.0102146 - 0.216103% [30]
|   |   |   |   |   |   |   Belos: Operation Prec*x: 1.99777 - 42.2656% [722]
|   |   |   |   |   |   |   |   Ifpack2::Chebyshev::apply: 0.66811 - 33.4427% [3610]
|   |   |   |   |   |   |   |   Remainder: 1.32966 - 66.5573%
|   |   |   |   |   |   |   Belos: Operation Op*x: 1.89398 - 40.0699% [722]
|   |   |   |   |   |   |   Belos::MVT::MvTimesMatAddMv: 0.0202507 - 0.428431% [15]
|   |   |   |   |   |   |   Remainder: 0.107668 - 2.27786%
|   |   |   |   |   |   Remainder: 0.0489312 - 1.02232%
|   |   |   |   |   Remainder: 5.6922e-05 - 0.00118925%
|   |   |   |   Remainder: 0.0320657 - 0.117862%
|   |   |   Remainder: 0.000398792 - 0.0014658%
|   |   Piro::SteadyStateSolver::evalConvergedModelResponsesAndSensitivities::calc g, df/dp, dg/dp, dg/dx: 0.000968565 - 0.00355712% [1]
|   |   |   Thyra::DefaultModelEvaluatorWithSolveFactory<double>::evalModel(...): 0.000920542 - 95.0418% [1]
|   |   |   |   Albany: Total Fill Time: 0.00089434 - 97.1536% [1]
|   |   |   |   |   Albany Fill: Response: 0.000881536 - 98.5683% [1]
|   |   |   |   |   Remainder: 1.2804e-05 - 1.43167%
|   |   |   |   Remainder: 2.6202e-05 - 2.84637%
|   |   |   Remainder: 4.8023e-05 - 4.95816%
|   |   Albany Fill: State Residual: 0.00302762 - 0.0111191% [1]
|   |   |   Phalanx::SortAndOrderEvaluators: 1.222e-06 - 0.0403617% [5]
|   |   |   Remainder: 0.0030264 - 99.9596%
|   |   Albany: Output to File: 0.0170151 - 0.0624889% [1]
|   |   Thyra::DefaultModelEvaluatorWithSolveFactory<double>::evalModel(...): 0.000138798 - 0.000509745% [1]
|   |   |   Albany: Total Fill Time: 8.1738e-05 - 58.8899% [1]
|   |   |   |   Albany Fill: Response: 7.2921e-05 - 89.2131% [1]
|   |   |   |   Remainder: 8.817e-06 - 10.7869%
|   |   |   Remainder: 5.706e-05 - 41.1101%
|   |   Remainder: 0.00133782 - 0.00491323%
|   Remainder: 1.1582e-05 - 2.1007e-05%
~PyProblem()
<PyAlbany.Albany_Pybind11.RCPPyParameterList object at 0x14a6b82a3ef0>
<PyAlbany.Albany_Pybind11.RCPPyParameterList object at 0x14a6b82a3f70>
Solve time: 27.228918472
~PyParallelEnv()

