*********************************************************************************
**  ______   __  __   ______   __       ______   ______   __   __   __  __     **
** /\  == \ /\ \_\ \ /\  __ \ /\ \     /\  == \ /\  __ \ /\ "-.\ \ /\ \_\ \    **
** \ \  __/ \ \____ \\ \  __ \\ \ \____\ \  __< \ \  __ \\ \ \-.  \\ \____ \   **
**  \ \_\    \/\_____\\ \_\ \_\\ \_____\\ \_____\\ \_\ \_\\ \_\\"\_\\/\_____\  **
**   \/_/     \/_____/ \/_/\/_/ \/_____/ \/_____/ \/_/\/_/ \/_/ \/_/ \/_____/  **
**                                                                             **
*********************************************************************************
** Trilinos git commit id - c70ae3dfa18
** Albany git branch ------ pybind11_PR
** Albany git commit id --- 7a1da3122
** Albany cxx compiler ---- GNU 10.3.0
** Albany cuda compiler --- Cuda 115
** Simulation start time -- 2022-09-25 at 12:45:33
***************************************************************
Albany_IOSS: Loading STKMesh from Exodus file  /global/homes/m/mcarlson/LandIce/ALITune/optimize/data/mesh-pop-wdg/gis_basal_populated.exo
Albany_IOSS: Loading STKMesh from Exodus file  /global/homes/m/mcarlson/LandIce/ALITune/optimize/data/mesh-pop-wdg/gis_upper_populated.exo
IOSS-STK: number of node sets = 3
IOSS-STK: number of side sets = 3
IOSS-STK: number of node sets = 3
IOSS-STK: number of side sets = 3
IOSS-STK: number of node sets = 1
IOSS-STK: number of side sets = 0
Restart Index set, reading solution index : 1
[GenericSTKMeshStruct] Processing field requirements...
  - Skipping field 'ice_thickness' since it's listed as present in the mesh.
  - Skipping field 'observed_ice_thickness' since it's listed as present in the mesh.
  - Skipping field 'observed_ice_thickness_RMS' since it's listed as present in the mesh.
  - Skipping field 'surface_height' since it's listed as present in the mesh.
  - Skipping field 'bed_topography' since it's listed as present in the mesh.
  - Skipping field 'log_basal_friction' since it's listed as present in the mesh.
  - Skipping field 'temperature' since it's listed as present in the mesh.
  - Skipping field 'apparent_mass_balance' since it's listed as present in the mesh.
  - Skipping field 'apparent_mass_balance_RMS' since it's listed as present in the mesh.
[ExtrudedSTKMesh] Adding nodes... done!
[ExtrudedSTKMesh] Adding elements... done!
[ExtrudedSTKMesh] Adding basalside sides... done!
[ExtrudedSTKMesh] Adding upperside sides... done!
[ExtrudedSTKMesh] Adding lateral sides... done!
[ExtrudedSTKMesh] Extruding basal fields...
  - Extruding Scalar Node field ice_thickness...done!
  - Extruding Scalar Node field surface_height...done!
  - Extruding Scalar Node field log_basal_friction...done!
  - Extruding Scalar Node field bed_topography...done!
  - Extruding Scalar Node field apparent_mass_balance...done!
  - Extruding Scalar Node field apparent_mass_balance_RMS...done!
[ExtrudedSTKMesh] Interpolating layered basal fields...
  - Interpolating Scalar field temperature...done!
[GenericSTKMeshStruct] Processing field requirements...
  - Skipping field 'ice_thickness' since it's listed as present in the mesh.
  - Skipping field 'surface_height' since it's listed as present in the mesh.
  - Skipping field 'log_basal_friction' since it's listed as present in the mesh.
  - Skipping field 'temperature' since it's listed as present in the mesh.
  - Skipping field 'bed_topography' since it's listed as present in the mesh.
  - Skipping field 'apparent_mass_balance' since it's listed as present in the mesh.
  - Skipping field 'apparent_mass_balance_RMS' since it's listed as present in the mesh.
  - Skipping field 'bed_topography' since it's listed as output. Make sure there's an evaluator set to save it!
  - Skipping field 'surface_height' since it's listed as output. Make sure there's an evaluator set to save it!
Restart Index set, reading solution index : 1
[GenericSTKMeshStruct] Processing field requirements...
  - Skipping field 'observed_surface_velocity' since it's listed as present in the mesh.
  - Skipping field 'observed_surface_velocity_RMS' since it's listed as present in the mesh.
STKDisc: 725880 elements on Proc 0 
STKDisc: nodeset basal_boundary_node_set_0 has size 0  on Proc 0.
STKDisc: nodeset basal_boundary_node_set_1 has size 6027  on Proc 0.
STKDisc: nodeset basal_node_set has size 39224  on Proc 0.
STKDisc: nodeset bottom has size 39224  on Proc 0.
STKDisc: nodeset extruded_boundary_node_set_0 has size 0  on Proc 0.
STKDisc: nodeset extruded_boundary_node_set_1 has size 66297  on Proc 0.
STKDisc: nodeset extruded_node_set has size 431464  on Proc 0.
STKDisc: nodeset lateral has size 66297  on Proc 0.
STKDisc: nodeset top has size 39224  on Proc 0.
STKDisc: sideset basalside has size 72588  on Proc 0.
STKDisc: sideset extruded_boundary_side_set has size 60460  on Proc 0.
STKDisc: sideset extruded_boundary_side_set_1 has size 57830  on Proc 0.
STKDisc: sideset extruded_boundary_side_set_1_tri3_edge2 has size 57830  on Proc 0.
STKDisc: sideset extruded_boundary_side_set_2 has size 2630  on Proc 0.
STKDisc: sideset extruded_boundary_side_set_2_tri3_edge2 has size 2630  on Proc 0.
STKDisc: sideset extruded_boundary_side_set_tri3_edge2 has size 60460  on Proc 0.
STKDisc: sideset lateralside has size 60460  on Proc 0.
STKDisc: sideset upperside has size 72588  on Proc 0.
STKDisc: 72588 elements on Proc 0 
STKDisc: nodeset boundary_node_set_0 has size 0  on Proc 0.
STKDisc: nodeset boundary_node_set_1 has size 6027  on Proc 0.
STKDisc: nodeset node_set has size 39224  on Proc 0.
STKDisc: sideset boundary_side_set has size 6046  on Proc 0.
STKDisc: sideset boundary_side_set_1 has size 5783  on Proc 0.
STKDisc: sideset boundary_side_set_2 has size 263  on Proc 0.
STKDisc: 72588 elements on Proc 0 
STKDisc: nodeset all_nodes has size 39224  on Proc 0.
StateManager: initializing state:  ice_thickness
StateManager: initializing state:  surface_height
StateManager: initializing state:  log_basal_friction
StateManager: initializing state:  temperature
StateManager: initializing state:  bed_topography
StateManager: initializing state:  apparent_mass_balance
StateManager: initializing state:  apparent_mass_balance_RMS
StateManager: initializing state:  dissipation_heat

StateManager: initializing state:  ice_thickness
StateManager: initializing state:  observed_ice_thickness
StateManager: initializing state:  observed_ice_thickness_RMS
StateManager: initializing state:  surface_height
StateManager: initializing state:  bed_topography
StateManager: initializing state:  log_basal_friction
StateManager: initializing state:  temperature
StateManager: initializing state:  apparent_mass_balance
StateManager: initializing state:  apparent_mass_balance_RMS

StateManager: initializing state:  observed_surface_velocity
StateManager: initializing state:  observed_surface_velocity_RMS

xxxxxxxxxxxxxxxxxxxxxxxxxxxxxxxxxxxxxxxxxxxxxxx
 Sacado ParameterLibrary has been initialized:
 Library of all registered parameters:
xxxxxxxxxxxxxxxxxxxxxxxxxxxxxxxxxxxxxxxxxxxxxxx

Total number of parameters  = 0
Number of non-distributed parameters  = 0
Number of response vectors  = 1
Number of distributed parameters vectors  = 0

************************************************************************
-- Nonlinear Solver Step 0 -- 
||F|| = 5.152e+05  step = 0.000e+00  dx = 0.000e+00
************************************************************************

  
  *******************************************************
  ***** Belos Iterative Solver:  Block Gmres 
  ***** Maximum Iterations: 200
  ***** Block Size: 1
  ***** Residual Test: 
  *****   Test 1 : Belos::StatusTestImpResNorm<>: (2-Norm Res Vec) / (2-Norm Res0), tol = 1e-08
  *******************************************************
  Iter   0, [ 1] :    1.000000e+00
  Iter  20, [ 1] :    1.353611e-05
  Iter  39, [ 1] :    7.772254e-09

************************************************************************
-- Nonlinear Solver Step 1 -- 
||F|| = 5.031e+05  step = 1.250e-01  dx = 1.950e+04
************************************************************************

  
  *******************************************************
  ***** Belos Iterative Solver:  Block Gmres 
  ***** Maximum Iterations: 200
  ***** Block Size: 1
  ***** Residual Test: 
  *****   Test 1 : Belos::StatusTestImpResNorm<>: (2-Norm Res Vec) / (2-Norm Res0), tol = 1e-08
  *******************************************************
  Iter   0, [ 1] :    1.000000e+00
  Iter  20, [ 1] :    2.901626e-06
  Iter  39, [ 1] :    6.020945e-09

************************************************************************
-- Nonlinear Solver Step 2 -- 
||F|| = 4.947e+05  step = 1.250e-01  dx = 3.054e+04
************************************************************************

  
  *******************************************************
  ***** Belos Iterative Solver:  Block Gmres 
  ***** Maximum Iterations: 200
  ***** Block Size: 1
  ***** Residual Test: 
  *****   Test 1 : Belos::StatusTestImpResNorm<>: (2-Norm Res Vec) / (2-Norm Res0), tol = 1e-08
  *******************************************************
  Iter   0, [ 1] :    1.000000e+00
  Iter  20, [ 1] :    9.586356e-07
  Iter  39, [ 1] :    9.823281e-09

************************************************************************
-- Nonlinear Solver Step 3 -- 
||F|| = 4.786e+05  step = 1.250e-01  dx = 3.499e+04
************************************************************************

  
  *******************************************************
  ***** Belos Iterative Solver:  Block Gmres 
  ***** Maximum Iterations: 200
  ***** Block Size: 1
  ***** Residual Test: 
  *****   Test 1 : Belos::StatusTestImpResNorm<>: (2-Norm Res Vec) / (2-Norm Res0), tol = 1e-08
  *******************************************************
  Iter   0, [ 1] :    1.000000e+00
  Iter  20, [ 1] :    1.887160e-06
  Iter  40, [ 1] :    1.120167e-08
  Iter  41, [ 1] :    9.356542e-09

************************************************************************
-- Nonlinear Solver Step 4 -- 
||F|| = 4.696e+05  step = 2.500e-01  dx = 3.608e+04
************************************************************************

  
  *******************************************************
  ***** Belos Iterative Solver:  Block Gmres 
  ***** Maximum Iterations: 200
  ***** Block Size: 1
  ***** Residual Test: 
  *****   Test 1 : Belos::StatusTestImpResNorm<>: (2-Norm Res Vec) / (2-Norm Res0), tol = 1e-08
  *******************************************************
  Iter   0, [ 1] :    1.000000e+00
  Iter  20, [ 1] :    3.401502e-06
  Iter  40, [ 1] :    2.708288e-08
  Iter  44, [ 1] :    6.695476e-09

************************************************************************
-- Nonlinear Solver Step 5 -- 
||F|| = 4.639e+05  step = 5.000e-01  dx = 3.324e+04
************************************************************************

  
  *******************************************************
  ***** Belos Iterative Solver:  Block Gmres 
  ***** Maximum Iterations: 200
  ***** Block Size: 1
  ***** Residual Test: 
  *****   Test 1 : Belos::StatusTestImpResNorm<>: (2-Norm Res Vec) / (2-Norm Res0), tol = 1e-08
  *******************************************************
  Iter   0, [ 1] :    1.000000e+00
  Iter  20, [ 1] :    4.330928e-06
  Iter  40, [ 1] :    5.435012e-08
  Iter  48, [ 1] :    8.541374e-09

************************************************************************
-- Nonlinear Solver Step 6 -- 
||F|| = 3.400e+05  step = 1.000e+00  dx = 2.394e+04
************************************************************************

  
  *******************************************************
  ***** Belos Iterative Solver:  Block Gmres 
  ***** Maximum Iterations: 200
  ***** Block Size: 1
  ***** Residual Test: 
  *****   Test 1 : Belos::StatusTestImpResNorm<>: (2-Norm Res Vec) / (2-Norm Res0), tol = 1e-08
  *******************************************************
  Iter   0, [ 1] :    1.000000e+00
  Iter  20, [ 1] :    3.230315e-06
  Iter  40, [ 1] :    7.284618e-08
  Iter  48, [ 1] :    8.348913e-09

************************************************************************
-- Nonlinear Solver Step 7 -- 
||F|| = 7.191e+04  step = 1.000e+00  dx = 8.064e+03
************************************************************************

  
  *******************************************************
  ***** Belos Iterative Solver:  Block Gmres 
  ***** Maximum Iterations: 200
  ***** Block Size: 1
  ***** Residual Test: 
  *****   Test 1 : Belos::StatusTestImpResNorm<>: (2-Norm Res Vec) / (2-Norm Res0), tol = 1e-08
  *******************************************************
  Iter   0, [ 1] :    1.000000e+00
  Iter  20, [ 1] :    3.238068e-06
  Iter  40, [ 1] :    1.605140e-07
  Iter  51, [ 1] :    8.300630e-09

************************************************************************
-- Nonlinear Solver Step 8 -- 
||F|| = 5.406e+03  step = 1.000e+00  dx = 1.643e+03
************************************************************************

  
  *******************************************************
  ***** Belos Iterative Solver:  Block Gmres 
  ***** Maximum Iterations: 200
  ***** Block Size: 1
  ***** Residual Test: 
  *****   Test 1 : Belos::StatusTestImpResNorm<>: (2-Norm Res Vec) / (2-Norm Res0), tol = 1e-08
  *******************************************************
  Iter   0, [ 1] :    1.000000e+00
  Iter  20, [ 1] :    1.820909e-06
  Iter  40, [ 1] :    9.380273e-08
  Iter  50, [ 1] :    8.798584e-09

************************************************************************
-- Nonlinear Solver Step 9 -- 
||F|| = 1.432e+02  step = 1.000e+00  dx = 6.607e+01
************************************************************************

  
  *******************************************************
  ***** Belos Iterative Solver:  Block Gmres 
  ***** Maximum Iterations: 200
  ***** Block Size: 1
  ***** Residual Test: 
  *****   Test 1 : Belos::StatusTestImpResNorm<>: (2-Norm Res Vec) / (2-Norm Res0), tol = 1e-08
  *******************************************************
  Iter   0, [ 1] :    1.000000e+00
  Iter  20, [ 1] :    2.582297e-07
  Iter  40, [ 1] :    1.951839e-08
  Iter  43, [ 1] :    9.593623e-09

************************************************************************
-- Nonlinear Solver Step 10 -- 
||F|| = 5.913e+00  step = 1.000e+00  dx = 1.770e+00
************************************************************************

  
  *******************************************************
  ***** Belos Iterative Solver:  Block Gmres 
  ***** Maximum Iterations: 200
  ***** Block Size: 1
  ***** Residual Test: 
  *****   Test 1 : Belos::StatusTestImpResNorm<>: (2-Norm Res Vec) / (2-Norm Res0), tol = 1e-08
  *******************************************************
  Iter   0, [ 1] :    1.000000e+00
  Iter  20, [ 1] :    3.592522e-07
  Iter  40, [ 1] :    1.824616e-08
  Iter  42, [ 1] :    5.471708e-09

************************************************************************
-- Nonlinear Solver Step 11 -- 
||F|| = 4.059e+00  step = 1.000e+00  dx = 1.916e+00
************************************************************************

  
  *******************************************************
  ***** Belos Iterative Solver:  Block Gmres 
  ***** Maximum Iterations: 200
  ***** Block Size: 1
  ***** Residual Test: 
  *****   Test 1 : Belos::StatusTestImpResNorm<>: (2-Norm Res Vec) / (2-Norm Res0), tol = 1e-08
  *******************************************************
  Iter   0, [ 1] :    1.000000e+00
  Iter  20, [ 1] :    4.907681e-07
  Iter  26, [ 1] :    4.404535e-09

************************************************************************
-- Nonlinear Solver Step 12 -- 
||F|| = 1.809e+00  step = 5.000e-01  dx = 2.113e+00
************************************************************************

  
  *******************************************************
  ***** Belos Iterative Solver:  Block Gmres 
  ***** Maximum Iterations: 200
  ***** Block Size: 1
  ***** Residual Test: 
  *****   Test 1 : Belos::StatusTestImpResNorm<>: (2-Norm Res Vec) / (2-Norm Res0), tol = 1e-08
  *******************************************************
  Iter   0, [ 1] :    1.000000e+00
  Iter  20, [ 1] :    2.840416e-07
  Iter  26, [ 1] :    5.618255e-09

************************************************************************
-- Nonlinear Solver Step 13 -- 
||F|| = 2.881e-01  step = 5.000e-01  dx = 3.277e-01
************************************************************************

  
  *******************************************************
  ***** Belos Iterative Solver:  Block Gmres 
  ***** Maximum Iterations: 200
  ***** Block Size: 1
  ***** Residual Test: 
  *****   Test 1 : Belos::StatusTestImpResNorm<>: (2-Norm Res Vec) / (2-Norm Res0), tol = 1e-08
  *******************************************************
  Iter   0, [ 1] :    1.000000e+00
  Iter  20, [ 1] :    3.918889e-07
  Iter  32, [ 1] :    7.526032e-09

************************************************************************
-- Nonlinear Solver Step 14 -- 
||F|| = 3.766e-02  step = 1.000e+00  dx = 2.798e-02
************************************************************************

  
  *******************************************************
  ***** Belos Iterative Solver:  Block Gmres 
  ***** Maximum Iterations: 200
  ***** Block Size: 1
  ***** Residual Test: 
  *****   Test 1 : Belos::StatusTestImpResNorm<>: (2-Norm Res Vec) / (2-Norm Res0), tol = 1e-08
  *******************************************************
  Iter   0, [ 1] :    1.000000e+00
  Iter  20, [ 1] :    2.125167e-07
  Iter  33, [ 1] :    8.599384e-09

************************************************************************
-- Nonlinear Solver Step 15 -- 
||F|| = 4.436e-04  step = 1.000e+00  dx = 1.457e-03 (Converged!)
************************************************************************

************************************************************************
-- Final Status Test Results --
Converged....OR Combination -> 
  Converged....F-Norm = 4.775e-07 < 1.000e-05
               (Length-Scaled Two-Norm, Absolute Tolerance)
  ??...........Number of Iterations = -1 < 50
************************************************************************
         Response[0] = -7.00550989e+00 
*** Teuchos::StackedTimer::report() - Remainder for a level will be ***
*** incorrect if a timer in the level does not exist on every rank  ***
*** of the MPI Communicator.                                        ***
PyAlbany Total Time: 54.8385 [2]
|   PyAlbany: Setup Time: 27.0575 - 49.3403% [1]
|   PyAlbany: performSolve: 27.781 - 50.6597% [1]
|   |   Piro::NOXSolver::evalModelImpl::solve: 27.7631 - 99.9355% [1]
|   |   |   Thyra::NOXNonlinearSolver::solve: 27.7627 - 99.9986% [1]
|   |   |   |   Thyra::DefaultModelEvaluatorWithSolveFactory<double>::evalModel(...): 5.67877 - 20.4547% [45]
|   |   |   |   |   Albany: Total Fill Time: 5.67723 - 99.9728% [45]
|   |   |   |   |   |   Albany Fill: Residual: 1.8953 - 33.3842% [30]
|   |   |   |   |   |   |   Phalanx::SortAndOrderEvaluators: 9.92e-07 - 5.23401e-05% [1]
|   |   |   |   |   |   |   Albany Residual Fill: Evaluate: 1.58203 - 83.4714% [30]
|   |   |   |   |   |   |   |   Phalanx: Evaluator 8: [<Residual>] LoadStateField(bed_topography)<Residual>: 0.0334067 - 2.11164% [30]
|   |   |   |   |   |   |   |   Phalanx: Evaluator 11: [<Residual>] Save Field bed_topography to State bed_topographyResidual: 0.338972 - 21.4264% [30]
|   |   |   |   |   |   |   |   Phalanx: Evaluator 5: [<Residual>] LoadStateField(surface_height)<Residual>: 0.032667 - 2.06488% [30]
|   |   |   |   |   |   |   |   Phalanx: Evaluator 12: [<Residual>] Save Field surface_height to State surface_heightResidual: 0.333511 - 21.0812% [30]
|   |   |   |   |   |   |   |   Phalanx: Evaluator 31: [<Residual>] Shared Parameter Glen's Law Homotopy Parameter<Residual>: 0.000706996 - 0.0446892% [30]
|   |   |   |   |   |   |   |   Phalanx: Evaluator 2: [<Residual>] Gather Coordinate Vector<Residual>: 0.0665548 - 4.20692% [30]
|   |   |   |   |   |   |   |   Phalanx: Evaluator 25: [<Residual>] ComputeBasisFunctions<Residual>: 0.0202685 - 1.28117% [30]
|   |   |   |   |   |   |   |   Phalanx: Evaluator 0: [<Residual>] Gather Solution<Residual>: 0.0127314 - 0.804749% [30]
|   |   |   |   |   |   |   |   Phalanx: Evaluator 67: [<Residual>] FastSolutionVecGradInterpolationBase<Residual>: 0.00988448 - 0.624797% [30]
|   |   |   |   |   |   |   |   Phalanx: Evaluator 7: [<Residual>] LoadStateField(temperature)<Residual>: 0.171298 - 10.8277% [30]
|   |   |   |   |   |   |   |   Phalanx: Evaluator 78: [<Residual>] P0Interpolation[temperature] <Residual>: 0.000680086 - 0.0429882% [30]
|   |   |   |   |   |   |   |   Phalanx: Evaluator 24: [<Residual>] MapToPhysicalFrame<Residual>: 0.0120111 - 0.759218% [30]
|   |   |   |   |   |   |   |   Phalanx: Evaluator 26: [<Residual>] P0Interpolation[Coord Vec] <Residual>: 0.000362712 - 0.022927% [30]
|   |   |   |   |   |   |   |   Phalanx: Evaluator 76: [<Residual>] P0Interpolation[surface_height] <Residual>: 0.0135292 - 0.855182% [30]
|   |   |   |   |   |   |   |   Phalanx: Evaluator 3: [<Residual>] Pressure Corrected Temperature<Residual>: 0.0115881 - 0.732482% [30]
|   |   |   |   |   |   |   |   Phalanx: Evaluator 33: [<Residual>] ViscosityFO<Residual>: 0.000700753 - 0.0442945% [30]
|   |   |   |   |   |   |   |   Phalanx: Evaluator 34: [<Residual>] Dissipation: 0.0242493 - 1.5328% [30]
|   |   |   |   |   |   |   |   Phalanx: Evaluator 35: [<Residual>] P0Interpolation[LandIce Dissipation] <Residual>: 0.00740306 - 0.467947% [30]
|   |   |   |   |   |   |   |   Phalanx: Evaluator 36: [<Residual>] Save Field LandIce Dissipation to State dissipation_heatResidual: 0.0701219 - 4.4324% [30]
|   |   |   |   |   |   |   |   Phalanx: Evaluator 75: [<Residual>] DOFGradInterpolationBase<Residual>: 0.000265562 - 0.0167861% [30]
|   |   |   |   |   |   |   |   Phalanx: Evaluator 37: [<Residual>] StokesFOBodyForce<Residual>: 0.00233137 - 0.147366% [30]
|   |   |   |   |   |   |   |   Phalanx: Evaluator 66: [<Residual>] FastSolutionVecInterpolationBase<Residual>: 0.000714413 - 0.045158% [30]
|   |   |   |   |   |   |   |   Phalanx: Evaluator 28: [<Residual>] StokesFOResid<Residual>: 0.048911 - 3.09166% [30]
|   |   |   |   |   |   |   |   Phalanx: Evaluator 63: [<Residual>] DOFCellToSide(Coord Vec -> Coord Vec_extruded_boundary_side_set_1)[Vertex Vector]<Residual>: 0.121266 - 7.66521% [30]
|   |   |   |   |   |   |   |   Phalanx: Evaluator 60: [<Residual>] ComputeBasisFunctionsSide<Residual>: 0.0207698 - 1.31286% [30]
|   |   |   |   |   |   |   |   Phalanx: Evaluator 101: [<Residual>] DOFCellToSide(surface_height -> surface_height_extruded_boundary_side_set_1)[Node Scalar]<Residual>: 0.000110984 - 0.00701529% [30]
|   |   |   |   |   |   |   |   Phalanx: Evaluator 103: [<Residual>] DOFInterpolationSide<Residual>: 0.000162043 - 0.0102427% [30]
|   |   |   |   |   |   |   |   Phalanx: Evaluator 4: [<Residual>] LoadStateField(ice_thickness)<Residual>: 0.0348749 - 2.20444% [30]
|   |   |   |   |   |   |   |   Phalanx: Evaluator 99: [<Residual>] DOFCellToSide(ice_thickness -> ice_thickness_extruded_boundary_side_set_1)[Node Scalar]<Residual>: 0.000132433 - 0.00837108% [30]
|   |   |   |   |   |   |   |   Phalanx: Evaluator 100: [<Residual>] DOFInterpolationSide<Residual>: 0.00317627 - 0.200772% [30]
|   |   |   |   |   |   |   |   Phalanx: Evaluator 38: [<Residual>] StokesFOLateralResid<Residual>: 0.000689394 - 0.0435765% [30]
|   |   |   |   |   |   |   |   Phalanx: Evaluator 59: [<Residual>] DOFCellToSide(Coord Vec -> Coord Vec_basalside)[Vertex Vector]<Residual>: 0.00221068 - 0.139737% [30]
|   |   |   |   |   |   |   |   Phalanx: Evaluator 56: [<Residual>] ComputeBasisFunctionsSide<Residual>: 0.0103618 - 0.654968% [30]
|   |   |   |   |   |   |   |   Phalanx: Evaluator 49: [<Residual>] Shared Parameter Power Exponent<Residual>: 0.000976751 - 0.0617403% [30]
|   |   |   |   |   |   |   |   Phalanx: Evaluator 18: [<Residual>] Load Side Set Field log_basal_friction_basalside from Side Set State log_basal_friction<Residual>: 0.0165478 - 1.04599% [30]
|   |   |   |   |   |   |   |   Phalanx: Evaluator 91: [<Residual>] DOFInterpolationSide<Residual>: 0.000113791 - 0.00719272% [30]
|   |   |   |   |   |   |   |   Phalanx: Evaluator 13: [<Residual>] Load Side Set Field ice_thickness_basalside from Side Set State ice_thickness<Residual>: 0.0176907 - 1.11823% [30]
|   |   |   |   |   |   |   |   Phalanx: Evaluator 17: [<Residual>] Load Side Set Field bed_topography_basalside from Side Set State bed_topography<Residual>: 0.0154164 - 0.974467% [30]
|   |   |   |   |   |   |   |   Phalanx: Evaluator 50: [<Residual>] BasalFrictionCoefficient<Residual>: 0.00068592 - 0.0433569% [30]
|   |   |   |   |   |   |   |   Phalanx: Evaluator 79: [<Residual>] DOFCellToSide(Velocity -> Velocity_basalside)[Node Vector]<Residual>: 0.00239134 - 0.151156% [30]
|   |   |   |   |   |   |   |   Phalanx: Evaluator 80: [<Residual>] DOFVecInterpolationSide<Residual>: 0.00156064 - 0.0986478% [30]
|   |   |   |   |   |   |   |   Phalanx: Evaluator 39: [<Residual>] StokesFOBasalResid<Residual>: 0.00138028 - 0.0872477% [30]
|   |   |   |   |   |   |   |   Phalanx: Evaluator 1: [<Residual>] Scatter Velocity Residual<Residual>: 0.00232577 - 0.147012% [30]
|   |   |   |   |   |   |   |   Remainder: 0.116317 - 7.35241%
|   |   |   |   |   |   |   Albany Residual Fill: Export: 0.00172312 - 0.0909155% [30]
|   |   |   |   |   |   |   Remainder: 0.311541 - 16.4376%
|   |   |   |   |   |   Albany Fill: Jacobian: 3.78142 - 66.6068% [15]
|   |   |   |   |   |   |   Phalanx::SortAndOrderEvaluators: 6.21e-07 - 1.64224e-05% [1]
|   |   |   |   |   |   |   Albany Jacobian Fill: Evaluate: 2.4549 - 64.92% [15]
|   |   |   |   |   |   |   |   Phalanx: Evaluator 141: [<Jacobian>] Shared Parameter Glen's Law Homotopy Parameter<Jacobian>: 0.000180369 - 0.00734731% [15]
|   |   |   |   |   |   |   |   Phalanx: Evaluator 112: [<Jacobian>] Gather Coordinate Vector<Jacobian>: 0.0642667 - 2.6179% [15]
|   |   |   |   |   |   |   |   Phalanx: Evaluator 135: [<Jacobian>] ComputeBasisFunctions<Jacobian>: 0.0194199 - 0.791066% [15]
|   |   |   |   |   |   |   |   Phalanx: Evaluator 110: [<Jacobian>] Gather Solution<Jacobian>: 0.0123597 - 0.503471% [15]
|   |   |   |   |   |   |   |   Phalanx: Evaluator 177: [<Jacobian>] FastSolutionVecGradInterpolationBase<Jacobian>: 0.015801 - 0.643653% [15]
|   |   |   |   |   |   |   |   Phalanx: Evaluator 117: [<Jacobian>] LoadStateField(temperature)<Jacobian>: 0.257898 - 10.5055% [15]
|   |   |   |   |   |   |   |   Phalanx: Evaluator 187: [<Jacobian>] P0Interpolation[temperature] <Jacobian>: 0.00031562 - 0.0128567% [15]
|   |   |   |   |   |   |   |   Phalanx: Evaluator 134: [<Jacobian>] MapToPhysicalFrame<Jacobian>: 0.0128223 - 0.522313% [15]
|   |   |   |   |   |   |   |   Phalanx: Evaluator 136: [<Jacobian>] P0Interpolation[Coord Vec] <Jacobian>: 0.000205153 - 0.00835688% [15]
|   |   |   |   |   |   |   |   Phalanx: Evaluator 115: [<Jacobian>] LoadStateField(surface_height)<Jacobian>: 0.0389105 - 1.58501% [15]
|   |   |   |   |   |   |   |   Phalanx: Evaluator 185: [<Jacobian>] P0Interpolation[surface_height] <Jacobian>: 0.000162232 - 0.0066085% [15]
|   |   |   |   |   |   |   |   Phalanx: Evaluator 113: [<Jacobian>] Pressure Corrected Temperature<Jacobian>: 0.0110388 - 0.449666% [15]
|   |   |   |   |   |   |   |   Phalanx: Evaluator 143: [<Jacobian>] ViscosityFO<Jacobian>: 0.000432858 - 0.0176324% [15]
|   |   |   |   |   |   |   |   Phalanx: Evaluator 184: [<Jacobian>] DOFGradInterpolationBase<Jacobian>: 0.128709 - 5.24295% [15]
|   |   |   |   |   |   |   |   Phalanx: Evaluator 147: [<Jacobian>] StokesFOBodyForce<Jacobian>: 0.00227258 - 0.0925733% [15]
|   |   |   |   |   |   |   |   Phalanx: Evaluator 176: [<Jacobian>] FastSolutionVecInterpolationBase<Jacobian>: 0.00294425 - 0.119934% [15]
|   |   |   |   |   |   |   |   Phalanx: Evaluator 138: [<Jacobian>] StokesFOResid<Jacobian>: 0.0798786 - 3.25385% [15]
|   |   |   |   |   |   |   |   Phalanx: Evaluator 173: [<Jacobian>] DOFCellToSide(Coord Vec -> Coord Vec_extruded_boundary_side_set_1)[Vertex Vector]<Jacobian>: 1.58494 - 64.5623% [15]
|   |   |   |   |   |   |   |   Phalanx: Evaluator 170: [<Jacobian>] ComputeBasisFunctionsSide<Jacobian>: 0.016181 - 0.659132% [15]
|   |   |   |   |   |   |   |   Phalanx: Evaluator 210: [<Jacobian>] DOFCellToSide(surface_height -> surface_height_extruded_boundary_side_set_1)[Node Scalar]<Jacobian>: 6.2501e-05 - 0.00254597% [15]
|   |   |   |   |   |   |   |   Phalanx: Evaluator 212: [<Jacobian>] DOFInterpolationSide<Jacobian>: 8.6844e-05 - 0.00353758% [15]
|   |   |   |   |   |   |   |   Phalanx: Evaluator 114: [<Jacobian>] LoadStateField(ice_thickness)<Jacobian>: 0.0354843 - 1.44545% [15]
|   |   |   |   |   |   |   |   Phalanx: Evaluator 208: [<Jacobian>] DOFCellToSide(ice_thickness -> ice_thickness_extruded_boundary_side_set_1)[Node Scalar]<Jacobian>: 6.6898e-05 - 0.00272508% [15]
|   |   |   |   |   |   |   |   Phalanx: Evaluator 209: [<Jacobian>] DOFInterpolationSide<Jacobian>: 0.00395061 - 0.160928% [15]
|   |   |   |   |   |   |   |   Phalanx: Evaluator 148: [<Jacobian>] StokesFOLateralResid<Jacobian>: 0.000373632 - 0.0152199% [15]
|   |   |   |   |   |   |   |   Phalanx: Evaluator 169: [<Jacobian>] DOFCellToSide(Coord Vec -> Coord Vec_basalside)[Vertex Vector]<Jacobian>: 0.0233552 - 0.951371% [15]
|   |   |   |   |   |   |   |   Phalanx: Evaluator 166: [<Jacobian>] ComputeBasisFunctionsSide<Jacobian>: 0.00983089 - 0.40046% [15]
|   |   |   |   |   |   |   |   Phalanx: Evaluator 159: [<Jacobian>] Shared Parameter Power Exponent<Jacobian>: 0.000547779 - 0.0223137% [15]
|   |   |   |   |   |   |   |   Phalanx: Evaluator 128: [<Jacobian>] Load Side Set Field log_basal_friction_basalside from Side Set State log_basal_friction<Jacobian>: 0.0167157 - 0.680914% [15]
|   |   |   |   |   |   |   |   Phalanx: Evaluator 200: [<Jacobian>] DOFInterpolationSide<Jacobian>: 6.6157e-05 - 0.0026949% [15]
|   |   |   |   |   |   |   |   Phalanx: Evaluator 123: [<Jacobian>] Load Side Set Field ice_thickness_basalside from Side Set State ice_thickness<Jacobian>: 0.0184181 - 0.750261% [15]
|   |   |   |   |   |   |   |   Phalanx: Evaluator 127: [<Jacobian>] Load Side Set Field bed_topography_basalside from Side Set State bed_topography<Jacobian>: 0.0158383 - 0.64517% [15]
|   |   |   |   |   |   |   |   Phalanx: Evaluator 160: [<Jacobian>] BasalFrictionCoefficient<Jacobian>: 0.000382339 - 0.0155745% [15]
|   |   |   |   |   |   |   |   Phalanx: Evaluator 188: [<Jacobian>] DOFCellToSide(Velocity -> Velocity_basalside)[Node Vector]<Jacobian>: 0.00223985 - 0.0912399% [15]
|   |   |   |   |   |   |   |   Phalanx: Evaluator 189: [<Jacobian>] DOFVecInterpolationSide<Jacobian>: 0.00488905 - 0.199155% [15]
|   |   |   |   |   |   |   |   Phalanx: Evaluator 149: [<Jacobian>] StokesFOBasalResid<Jacobian>: 0.00619491 - 0.252349% [15]
|   |   |   |   |   |   |   |   Phalanx: Evaluator 111: [<Jacobian>] Scatter Velocity Residual<Jacobian>: 0.013883 - 0.565522% [15]
|   |   |   |   |   |   |   |   Remainder: 0.0537745 - 2.1905%
|   |   |   |   |   |   |   Albany Jacobian Fill: Export: 0.000812448 - 0.0214853% [15]
|   |   |   |   |   |   |   Remainder: 1.32571 - 35.0585%
|   |   |   |   |   |   Remainder: 0.000512906 - 0.00903444%
|   |   |   |   |   Remainder: 0.00154367 - 0.0271832%
|   |   |   |   NOX Total Preconditioner Construction: 16.0574 - 57.8381% [15]
|   |   |   |   |   ThyraMueLu::initializePrec: 15.9815 - 99.5274% [15]
|   |   |   |   |   |   MueLu: ParameterListInterpreter (ParameterList): 0.0113676 - 0.0711294% [15]
|   |   |   |   |   |   Ifpack2::Chebyshev::compute: 0.96709 - 6.0513% [45]
|   |   |   |   |   |   Utilities_kokkos::GetMatrixDiagonalInverse: 0.00101739 - 0.006366% [15]
|   |   |   |   |   |   Remainder: 15.0021 - 93.8712%
|   |   |   |   |   Remainder: 0.0758832 - 0.472574%
|   |   |   |   NOX Total Linear Solve: 5.99804 - 21.6047% [15]
|   |   |   |   |   Stratimikos: BelosLOWS: 5.99798 - 99.9991% [15]
|   |   |   |   |   |   Belos: Operation Op*x: 0.0104783 - 0.174697% [15]
|   |   |   |   |   |   Belos::MVT::MvAddMv: 0.000234361 - 0.00390733% [15]
|   |   |   |   |   |   Belos: BlockGmresSolMgr total solve time: 5.94547 - 99.1244% [15]
|   |   |   |   |   |   |   Belos: ICGS[2]: Orthogonalization: 0.53753 - 9.04101% [616]
|   |   |   |   |   |   |   |   Belos: ICGS[2]: Ortho (Norm): 0.0286282 - 5.32588% [616]
|   |   |   |   |   |   |   |   |   Belos::MVT::MvDot: 0.0279855 - 97.7551% [616]
|   |   |   |   |   |   |   |   |   Remainder: 0.000642685 - 2.24494%
|   |   |   |   |   |   |   |   Belos::MVT::MvScale: 0.00324919 - 0.604466% [616]
|   |   |   |   |   |   |   |   Belos: ICGS[2]: Ortho (Inner Product): 0.295898 - 55.0476% [1202]
|   |   |   |   |   |   |   |   |   Belos::MVT::MvTransMv: 0.294417 - 99.4995% [1202]
|   |   |   |   |   |   |   |   |   Remainder: 0.0014811 - 0.500545%
|   |   |   |   |   |   |   |   Belos: ICGS[2]: Ortho (Update): 0.205539 - 38.2376% [1202]
|   |   |   |   |   |   |   |   |   Belos::MVT::MvTimesMatAddMv: 0.204236 - 99.366% [1202]
|   |   |   |   |   |   |   |   |   Remainder: 0.0013031 - 0.633993%
|   |   |   |   |   |   |   |   Remainder: 0.00421654 - 0.784429%
|   |   |   |   |   |   |   Belos::MVT::MvAddMv: 0.000540804 - 0.00909607% [60]
|   |   |   |   |   |   |   Belos::MVT::MvNorm: 0.00989027 - 0.16635% [30]
|   |   |   |   |   |   |   Belos: Operation Prec*x: 2.68149 - 45.1014% [616]
|   |   |   |   |   |   |   |   Ifpack2::Chebyshev::apply: 0.609001 - 22.7113% [3080]
|   |   |   |   |   |   |   |   Remainder: 2.07249 - 77.2887%
|   |   |   |   |   |   |   Belos: Operation Op*x: 2.57674 - 43.3395% [616]
|   |   |   |   |   |   |   Belos::MVT::MvTimesMatAddMv: 0.0195112 - 0.328169% [15]
|   |   |   |   |   |   |   Remainder: 0.119769 - 2.01446%
|   |   |   |   |   |   Remainder: 0.0418043 - 0.696972%
|   |   |   |   |   Remainder: 5.2572e-05 - 0.000876487%
|   |   |   |   Remainder: 0.0284554 - 0.102495%
|   |   |   Remainder: 0.000383682 - 0.00138199%
|   |   Piro::SteadyStateSolver::evalConvergedModelResponsesAndSensitivities::calc g, df/dp, dg/dp, dg/dx: 0.000973159 - 0.00350297% [1]
|   |   |   Thyra::DefaultModelEvaluatorWithSolveFactory<double>::evalModel(...): 0.000917331 - 94.2632% [1]
|   |   |   |   Albany: Total Fill Time: 0.000891311 - 97.1635% [1]
|   |   |   |   |   Albany Fill: Response: 0.000877675 - 98.4701% [1]
|   |   |   |   |   Remainder: 1.3636e-05 - 1.52988%
|   |   |   |   Remainder: 2.602e-05 - 2.83649%
|   |   |   Remainder: 5.5828e-05 - 5.73678%
|   |   Albany Fill: State Residual: 0.00295772 - 0.0106466% [1]
|   |   |   Phalanx::SortAndOrderEvaluators: 1.25e-06 - 0.0422623% [5]
|   |   |   Remainder: 0.00295647 - 99.9577%
|   |   Albany: Output to File: 0.0126532 - 0.0455464% [1]
|   |   Thyra::DefaultModelEvaluatorWithSolveFactory<double>::evalModel(...): 0.000136022 - 0.000489623% [1]
|   |   |   Albany: Total Fill Time: 7.9684e-05 - 58.5817% [1]
|   |   |   |   Albany Fill: Response: 7.0296e-05 - 88.2185% [1]
|   |   |   |   Remainder: 9.388e-06 - 11.7815%
|   |   |   Remainder: 5.6338e-05 - 41.4183%
|   |   Remainder: 0.00119275 - 0.00429342%
|   Remainder: 1.1261e-05 - 2.05349e-05%
~PyProblem()
<PyAlbany.Albany_Pybind11.RCPPyParameterList object at 0x14a27c0b9fb0>
<PyAlbany.Albany_Pybind11.RCPPyParameterList object at 0x14a27c0be070>
Solve time: 27.780980324
~PyParallelEnv()

