*********************************************************************************
**  ______   __  __   ______   __       ______   ______   __   __   __  __     **
** /\  == \ /\ \_\ \ /\  __ \ /\ \     /\  == \ /\  __ \ /\ "-.\ \ /\ \_\ \    **
** \ \  __/ \ \____ \\ \  __ \\ \ \____\ \  __< \ \  __ \\ \ \-.  \\ \____ \   **
**  \ \_\    \/\_____\\ \_\ \_\\ \_____\\ \_____\\ \_\ \_\\ \_\\"\_\\/\_____\  **
**   \/_/     \/_____/ \/_/\/_/ \/_____/ \/_____/ \/_/\/_/ \/_/ \/_/ \/_____/  **
**                                                                             **
*********************************************************************************
** Trilinos git commit id - c70ae3dfa18
** Albany git branch ------ pybind11_PR
** Albany git commit id --- 7a1da3122
** Albany cxx compiler ---- GNU 10.3.0
** Albany cuda compiler --- Cuda 115
** Simulation start time -- 2022-09-25 at 12:58:23
***************************************************************
Albany_IOSS: Loading STKMesh from Exodus file  /global/homes/m/mcarlson/LandIce/ALITune/optimize/data/mesh-pop-wdg/gis_basal_populated.exo
Albany_IOSS: Loading STKMesh from Exodus file  /global/homes/m/mcarlson/LandIce/ALITune/optimize/data/mesh-pop-wdg/gis_upper_populated.exo
IOSS-STK: number of node sets = 3
IOSS-STK: number of side sets = 3
IOSS-STK: number of node sets = 3
IOSS-STK: number of side sets = 3
IOSS-STK: number of node sets = 1
IOSS-STK: number of side sets = 0
Restart Index set, reading solution index : 1
[GenericSTKMeshStruct] Processing field requirements...
  - Skipping field 'ice_thickness' since it's listed as present in the mesh.
  - Skipping field 'observed_ice_thickness' since it's listed as present in the mesh.
  - Skipping field 'observed_ice_thickness_RMS' since it's listed as present in the mesh.
  - Skipping field 'surface_height' since it's listed as present in the mesh.
  - Skipping field 'bed_topography' since it's listed as present in the mesh.
  - Skipping field 'log_basal_friction' since it's listed as present in the mesh.
  - Skipping field 'temperature' since it's listed as present in the mesh.
  - Skipping field 'apparent_mass_balance' since it's listed as present in the mesh.
  - Skipping field 'apparent_mass_balance_RMS' since it's listed as present in the mesh.
[ExtrudedSTKMesh] Adding nodes... done!
[ExtrudedSTKMesh] Adding elements... done!
[ExtrudedSTKMesh] Adding basalside sides... done!
[ExtrudedSTKMesh] Adding upperside sides... done!
[ExtrudedSTKMesh] Adding lateral sides... done!
[ExtrudedSTKMesh] Extruding basal fields...
  - Extruding Scalar Node field ice_thickness...done!
  - Extruding Scalar Node field surface_height...done!
  - Extruding Scalar Node field log_basal_friction...done!
  - Extruding Scalar Node field bed_topography...done!
  - Extruding Scalar Node field apparent_mass_balance...done!
  - Extruding Scalar Node field apparent_mass_balance_RMS...done!
[ExtrudedSTKMesh] Interpolating layered basal fields...
  - Interpolating Scalar field temperature...done!
[GenericSTKMeshStruct] Processing field requirements...
  - Skipping field 'ice_thickness' since it's listed as present in the mesh.
  - Skipping field 'surface_height' since it's listed as present in the mesh.
  - Skipping field 'log_basal_friction' since it's listed as present in the mesh.
  - Skipping field 'temperature' since it's listed as present in the mesh.
  - Skipping field 'bed_topography' since it's listed as present in the mesh.
  - Skipping field 'apparent_mass_balance' since it's listed as present in the mesh.
  - Skipping field 'apparent_mass_balance_RMS' since it's listed as present in the mesh.
  - Skipping field 'bed_topography' since it's listed as output. Make sure there's an evaluator set to save it!
  - Skipping field 'surface_height' since it's listed as output. Make sure there's an evaluator set to save it!
Restart Index set, reading solution index : 1
[GenericSTKMeshStruct] Processing field requirements...
  - Skipping field 'observed_surface_velocity' since it's listed as present in the mesh.
  - Skipping field 'observed_surface_velocity_RMS' since it's listed as present in the mesh.
STKDisc: 725880 elements on Proc 0 
STKDisc: nodeset basal_boundary_node_set_0 has size 0  on Proc 0.
STKDisc: nodeset basal_boundary_node_set_1 has size 6027  on Proc 0.
STKDisc: nodeset basal_node_set has size 39224  on Proc 0.
STKDisc: nodeset bottom has size 39224  on Proc 0.
STKDisc: nodeset extruded_boundary_node_set_0 has size 0  on Proc 0.
STKDisc: nodeset extruded_boundary_node_set_1 has size 66297  on Proc 0.
STKDisc: nodeset extruded_node_set has size 431464  on Proc 0.
STKDisc: nodeset lateral has size 66297  on Proc 0.
STKDisc: nodeset top has size 39224  on Proc 0.
STKDisc: sideset basalside has size 72588  on Proc 0.
STKDisc: sideset extruded_boundary_side_set has size 60460  on Proc 0.
STKDisc: sideset extruded_boundary_side_set_1 has size 57830  on Proc 0.
STKDisc: sideset extruded_boundary_side_set_1_tri3_edge2 has size 57830  on Proc 0.
STKDisc: sideset extruded_boundary_side_set_2 has size 2630  on Proc 0.
STKDisc: sideset extruded_boundary_side_set_2_tri3_edge2 has size 2630  on Proc 0.
STKDisc: sideset extruded_boundary_side_set_tri3_edge2 has size 60460  on Proc 0.
STKDisc: sideset lateralside has size 60460  on Proc 0.
STKDisc: sideset upperside has size 72588  on Proc 0.
STKDisc: 72588 elements on Proc 0 
STKDisc: nodeset boundary_node_set_0 has size 0  on Proc 0.
STKDisc: nodeset boundary_node_set_1 has size 6027  on Proc 0.
STKDisc: nodeset node_set has size 39224  on Proc 0.
STKDisc: sideset boundary_side_set has size 6046  on Proc 0.
STKDisc: sideset boundary_side_set_1 has size 5783  on Proc 0.
STKDisc: sideset boundary_side_set_2 has size 263  on Proc 0.
STKDisc: 72588 elements on Proc 0 
STKDisc: nodeset all_nodes has size 39224  on Proc 0.
StateManager: initializing state:  ice_thickness
StateManager: initializing state:  surface_height
StateManager: initializing state:  log_basal_friction
StateManager: initializing state:  temperature
StateManager: initializing state:  bed_topography
StateManager: initializing state:  apparent_mass_balance
StateManager: initializing state:  apparent_mass_balance_RMS
StateManager: initializing state:  dissipation_heat

StateManager: initializing state:  ice_thickness
StateManager: initializing state:  observed_ice_thickness
StateManager: initializing state:  observed_ice_thickness_RMS
StateManager: initializing state:  surface_height
StateManager: initializing state:  bed_topography
StateManager: initializing state:  log_basal_friction
StateManager: initializing state:  temperature
StateManager: initializing state:  apparent_mass_balance
StateManager: initializing state:  apparent_mass_balance_RMS

StateManager: initializing state:  observed_surface_velocity
StateManager: initializing state:  observed_surface_velocity_RMS

xxxxxxxxxxxxxxxxxxxxxxxxxxxxxxxxxxxxxxxxxxxxxxx
 Sacado ParameterLibrary has been initialized:
 Library of all registered parameters:
xxxxxxxxxxxxxxxxxxxxxxxxxxxxxxxxxxxxxxxxxxxxxxx

Total number of parameters  = 0
Number of non-distributed parameters  = 0
Number of response vectors  = 1
Number of distributed parameters vectors  = 0

************************************************************************
-- Nonlinear Solver Step 0 -- 
||F|| = 5.152e+05  step = 0.000e+00  dx = 0.000e+00
************************************************************************

  
  *******************************************************
  ***** Belos Iterative Solver:  Block Gmres 
  ***** Maximum Iterations: 200
  ***** Block Size: 1
  ***** Residual Test: 
  *****   Test 1 : Belos::StatusTestImpResNorm<>: (2-Norm Res Vec) / (2-Norm Res0), tol = 1e-08
  *******************************************************
  Iter   0, [ 1] :    1.000000e+00
  Iter  20, [ 1] :    9.784393e-01
  Iter  40, [ 1] :    9.770799e-01
  Iter  60, [ 1] :    9.764125e-01
  Iter  80, [ 1] :    9.760377e-01
  Iter 100, [ 1] :    9.757447e-01
  Iter 120, [ 1] :    9.755963e-01
  Iter 140, [ 1] :    9.753627e-01
  Iter 160, [ 1] :    9.750910e-01
  Iter 180, [ 1] :    9.749790e-01
  Iter 200, [ 1] :    9.748387e-01
WARNING: NOX::Direction::Newton::compute() - Linear solve failed to achieve convergence - using the step anyway since "Rescue Bad Newton Solve" is true 

************************************************************************
-- Nonlinear Solver Step 1 -- 
||F|| = 5.030e+05  step = 1.000e+00  dx = 2.311e+02
************************************************************************

  
  *******************************************************
  ***** Belos Iterative Solver:  Block Gmres 
  ***** Maximum Iterations: 200
  ***** Block Size: 1
  ***** Residual Test: 
  *****   Test 1 : Belos::StatusTestImpResNorm<>: (2-Norm Res Vec) / (2-Norm Res0), tol = 1e-08
  *******************************************************
  Iter   0, [ 1] :    1.000000e+00
  Iter  20, [ 1] :    9.941783e-01
  Iter  40, [ 1] :    9.940381e-01
  Iter  60, [ 1] :    9.939773e-01
  Iter  80, [ 1] :    9.939164e-01
  Iter 100, [ 1] :    9.938496e-01
  Iter 120, [ 1] :    9.937803e-01
  Iter 140, [ 1] :    9.937240e-01
  Iter 160, [ 1] :    9.936543e-01
  Iter 180, [ 1] :    9.936182e-01
  Iter 200, [ 1] :    9.935840e-01
WARNING: NOX::Direction::Newton::compute() - Linear solve failed to achieve convergence - using the step anyway since "Rescue Bad Newton Solve" is true 

************************************************************************
-- Nonlinear Solver Step 2 -- 
||F|| = 5.000e+05  step = 1.000e+00  dx = 2.337e+02
************************************************************************

  
  *******************************************************
  ***** Belos Iterative Solver:  Block Gmres 
  ***** Maximum Iterations: 200
  ***** Block Size: 1
  ***** Residual Test: 
  *****   Test 1 : Belos::StatusTestImpResNorm<>: (2-Norm Res Vec) / (2-Norm Res0), tol = 1e-08
  *******************************************************
  Iter   0, [ 1] :    1.000000e+00
  Iter  20, [ 1] :    9.993156e-01
  Iter  40, [ 1] :    9.992262e-01
  Iter  60, [ 1] :    9.991569e-01
  Iter  80, [ 1] :    9.990999e-01
  Iter 100, [ 1] :    9.990730e-01
  Iter 120, [ 1] :    9.990284e-01
  Iter 140, [ 1] :    9.989843e-01
  Iter 160, [ 1] :    9.989231e-01
  Iter 180, [ 1] :    9.988227e-01
  Iter 200, [ 1] :    9.987885e-01
WARNING: NOX::Direction::Newton::compute() - Linear solve failed to achieve convergence - using the step anyway since "Rescue Bad Newton Solve" is true 

************************************************************************
-- Nonlinear Solver Step 3 -- 
||F|| = 4.994e+05  step = 1.000e+00  dx = 1.127e+02
************************************************************************

  
  *******************************************************
  ***** Belos Iterative Solver:  Block Gmres 
  ***** Maximum Iterations: 200
  ***** Block Size: 1
  ***** Residual Test: 
  *****   Test 1 : Belos::StatusTestImpResNorm<>: (2-Norm Res Vec) / (2-Norm Res0), tol = 1e-08
  *******************************************************
  Iter   0, [ 1] :    1.000000e+00
  Iter  20, [ 1] :    9.998784e-01
  Iter  40, [ 1] :    9.998138e-01
  Iter  60, [ 1] :    9.997910e-01
  Iter  80, [ 1] :    9.997655e-01
  Iter 100, [ 1] :    9.997426e-01
  Iter 120, [ 1] :    9.997201e-01
  Iter 140, [ 1] :    9.996840e-01
  Iter 160, [ 1] :    9.996478e-01
  Iter 180, [ 1] :    9.996335e-01
  Iter 200, [ 1] :    9.996038e-01
WARNING: NOX::Direction::Newton::compute() - Linear solve failed to achieve convergence - using the step anyway since "Rescue Bad Newton Solve" is true 

************************************************************************
-- Nonlinear Solver Step 4 -- 
||F|| = 4.992e+05  step = 1.000e+00  dx = 4.856e+01
************************************************************************

  
  *******************************************************
  ***** Belos Iterative Solver:  Block Gmres 
  ***** Maximum Iterations: 200
  ***** Block Size: 1
  ***** Residual Test: 
  *****   Test 1 : Belos::StatusTestImpResNorm<>: (2-Norm Res Vec) / (2-Norm Res0), tol = 1e-08
  *******************************************************
  Iter   0, [ 1] :    1.000000e+00
  Iter  20, [ 1] :    9.999682e-01
  Iter  40, [ 1] :    9.999339e-01
  Iter  60, [ 1] :    9.999139e-01
  Iter  80, [ 1] :    9.998992e-01
  Iter 100, [ 1] :    9.998894e-01
  Iter 120, [ 1] :    9.998806e-01
  Iter 140, [ 1] :    9.998699e-01
  Iter 160, [ 1] :    9.998546e-01
  Iter 180, [ 1] :    9.998412e-01
  Iter 200, [ 1] :    9.998328e-01
WARNING: NOX::Direction::Newton::compute() - Linear solve failed to achieve convergence - using the step anyway since "Rescue Bad Newton Solve" is true 

************************************************************************
-- Nonlinear Solver Step 5 -- 
||F|| = 4.991e+05  step = 1.000e+00  dx = 3.321e+01
************************************************************************

  
  *******************************************************
  ***** Belos Iterative Solver:  Block Gmres 
  ***** Maximum Iterations: 200
  ***** Block Size: 1
  ***** Residual Test: 
  *****   Test 1 : Belos::StatusTestImpResNorm<>: (2-Norm Res Vec) / (2-Norm Res0), tol = 1e-08
  *******************************************************
  Iter   0, [ 1] :    1.000000e+00
  Iter  20, [ 1] :    9.999905e-01
  Iter  40, [ 1] :    9.999815e-01
  Iter  60, [ 1] :    9.999726e-01
  Iter  80, [ 1] :    9.999652e-01
  Iter 100, [ 1] :    9.999587e-01
  Iter 120, [ 1] :    9.999538e-01
  Iter 140, [ 1] :    9.999484e-01
  Iter 160, [ 1] :    9.999414e-01
  Iter 180, [ 1] :    9.999355e-01
  Iter 200, [ 1] :    9.999188e-01
WARNING: NOX::Direction::Newton::compute() - Linear solve failed to achieve convergence - using the step anyway since "Rescue Bad Newton Solve" is true 

************************************************************************
-- Nonlinear Solver Step 6 -- 
||F|| = 4.991e+05  step = 1.000e+00  dx = 2.409e+01
************************************************************************

  
  *******************************************************
  ***** Belos Iterative Solver:  Block Gmres 
  ***** Maximum Iterations: 200
  ***** Block Size: 1
  ***** Residual Test: 
  *****   Test 1 : Belos::StatusTestImpResNorm<>: (2-Norm Res Vec) / (2-Norm Res0), tol = 1e-08
  *******************************************************
  Iter   0, [ 1] :    1.000000e+00
  Iter  20, [ 1] :    9.999973e-01
  Iter  40, [ 1] :    9.999955e-01
  Iter  60, [ 1] :    9.999929e-01
  Iter  80, [ 1] :    9.999904e-01
  Iter 100, [ 1] :    9.999877e-01
  Iter 120, [ 1] :    9.999859e-01
  Iter 140, [ 1] :    9.999844e-01
  Iter 160, [ 1] :    9.999825e-01
  Iter 180, [ 1] :    9.999811e-01
  Iter 200, [ 1] :    9.999770e-01
WARNING: NOX::Direction::Newton::compute() - Linear solve failed to achieve convergence - using the step anyway since "Rescue Bad Newton Solve" is true 

************************************************************************
-- Nonlinear Solver Step 7 -- 
||F|| = 4.991e+05  step = 1.000e+00  dx = 1.494e+01
************************************************************************

  
  *******************************************************
  ***** Belos Iterative Solver:  Block Gmres 
  ***** Maximum Iterations: 200
  ***** Block Size: 1
  ***** Residual Test: 
  *****   Test 1 : Belos::StatusTestImpResNorm<>: (2-Norm Res Vec) / (2-Norm Res0), tol = 1e-08
  *******************************************************
  Iter   0, [ 1] :    1.000000e+00
  Iter  20, [ 1] :    9.999994e-01
  Iter  40, [ 1] :    9.999989e-01
  Iter  60, [ 1] :    9.999983e-01
  Iter  80, [ 1] :    9.999978e-01
  Iter 100, [ 1] :    9.999972e-01
  Iter 120, [ 1] :    9.999965e-01
  Iter 140, [ 1] :    9.999958e-01
  Iter 160, [ 1] :    9.999949e-01
  Iter 180, [ 1] :    9.999944e-01
  Iter 200, [ 1] :    9.999899e-01
WARNING: NOX::Direction::Newton::compute() - Linear solve failed to achieve convergence - using the step anyway since "Rescue Bad Newton Solve" is true 

************************************************************************
-- Nonlinear Solver Step 8 -- 
||F|| = 4.991e+05  step = 1.000e+00  dx = 8.449e+00
************************************************************************

  
  *******************************************************
  ***** Belos Iterative Solver:  Block Gmres 
  ***** Maximum Iterations: 200
  ***** Block Size: 1
  ***** Residual Test: 
  *****   Test 1 : Belos::StatusTestImpResNorm<>: (2-Norm Res Vec) / (2-Norm Res0), tol = 1e-08
  *******************************************************
  Iter   0, [ 1] :    1.000000e+00
  Iter  20, [ 1] :    9.999998e-01
  Iter  40, [ 1] :    9.999996e-01
  Iter  60, [ 1] :    9.999995e-01
  Iter  80, [ 1] :    9.999993e-01
  Iter 100, [ 1] :    9.999991e-01
  Iter 120, [ 1] :    9.999990e-01
  Iter 140, [ 1] :    9.999989e-01
  Iter 160, [ 1] :    9.999987e-01
  Iter 180, [ 1] :    9.999985e-01
  Iter 200, [ 1] :    9.999981e-01
WARNING: NOX::Direction::Newton::compute() - Linear solve failed to achieve convergence - using the step anyway since "Rescue Bad Newton Solve" is true 

************************************************************************
-- Nonlinear Solver Step 9 -- 
||F|| = 4.991e+05  step = 1.000e+00  dx = 4.355e+00
************************************************************************

  
  *******************************************************
  ***** Belos Iterative Solver:  Block Gmres 
  ***** Maximum Iterations: 200
  ***** Block Size: 1
  ***** Residual Test: 
  *****   Test 1 : Belos::StatusTestImpResNorm<>: (2-Norm Res Vec) / (2-Norm Res0), tol = 1e-08
  *******************************************************
  Iter   0, [ 1] :    1.000000e+00
  Iter  20, [ 1] :    1.000000e+00
  Iter  40, [ 1] :    9.999999e-01
  Iter  60, [ 1] :    9.999999e-01
  Iter  80, [ 1] :    9.999999e-01
  Iter 100, [ 1] :    9.999998e-01
  Iter 120, [ 1] :    9.999998e-01
  Iter 140, [ 1] :    9.999998e-01
  Iter 160, [ 1] :    9.999997e-01
  Iter 180, [ 1] :    9.999997e-01
  Iter 200, [ 1] :    9.999993e-01
WARNING: NOX::Direction::Newton::compute() - Linear solve failed to achieve convergence - using the step anyway since "Rescue Bad Newton Solve" is true 

************************************************************************
-- Nonlinear Solver Step 10 -- 
||F|| = 4.991e+05  step = 1.000e+00  dx = 1.960e+00
************************************************************************

  
  *******************************************************
  ***** Belos Iterative Solver:  Block Gmres 
  ***** Maximum Iterations: 200
  ***** Block Size: 1
  ***** Residual Test: 
  *****   Test 1 : Belos::StatusTestImpResNorm<>: (2-Norm Res Vec) / (2-Norm Res0), tol = 1e-08
  *******************************************************
  Iter   0, [ 1] :    1.000000e+00
  Iter  20, [ 1] :    1.000000e+00
  Iter  40, [ 1] :    1.000000e+00
  Iter  60, [ 1] :    1.000000e+00
  Iter  80, [ 1] :    1.000000e+00
  Iter 100, [ 1] :    1.000000e+00
  Iter 120, [ 1] :    9.999999e-01
  Iter 140, [ 1] :    9.999998e-01
  Iter 160, [ 1] :    9.999998e-01
  Iter 180, [ 1] :    9.999998e-01
  Iter 200, [ 1] :    9.999996e-01
WARNING: NOX::Direction::Newton::compute() - Linear solve failed to achieve convergence - using the step anyway since "Rescue Bad Newton Solve" is true 

************************************************************************
-- Nonlinear Solver Step 11 -- 
||F|| = 4.991e+05  step = 1.000e+00  dx = 9.599e-01
************************************************************************

  
  *******************************************************
  ***** Belos Iterative Solver:  Block Gmres 
  ***** Maximum Iterations: 200
  ***** Block Size: 1
  ***** Residual Test: 
  *****   Test 1 : Belos::StatusTestImpResNorm<>: (2-Norm Res Vec) / (2-Norm Res0), tol = 1e-08
  *******************************************************
  Iter   0, [ 1] :    1.000000e+00
  Iter  20, [ 1] :    1.000000e+00
  Iter  40, [ 1] :    1.000000e+00
  Iter  60, [ 1] :    1.000000e+00
  Iter  80, [ 1] :    1.000000e+00
  Iter 100, [ 1] :    1.000000e+00
  Iter 120, [ 1] :    9.999999e-01
  Iter 140, [ 1] :    9.999999e-01
  Iter 160, [ 1] :    9.999999e-01
  Iter 180, [ 1] :    9.999999e-01
  Iter 200, [ 1] :    9.999993e-01
WARNING: NOX::Direction::Newton::compute() - Linear solve failed to achieve convergence - using the step anyway since "Rescue Bad Newton Solve" is true 

************************************************************************
-- Nonlinear Solver Step 12 -- 
||F|| = 4.991e+05  step = 1.000e+00  dx = 2.633e-01
************************************************************************

  
  *******************************************************
  ***** Belos Iterative Solver:  Block Gmres 
  ***** Maximum Iterations: 200
  ***** Block Size: 1
  ***** Residual Test: 
  *****   Test 1 : Belos::StatusTestImpResNorm<>: (2-Norm Res Vec) / (2-Norm Res0), tol = 1e-08
  *******************************************************
  Iter   0, [ 1] :    1.000000e+00
  Iter  20, [ 1] :    1.000000e+00
  Iter  40, [ 1] :    1.000000e+00
  Iter  60, [ 1] :    1.000000e+00
  Iter  80, [ 1] :    1.000000e+00
  Iter 100, [ 1] :    1.000000e+00
  Iter 120, [ 1] :    1.000000e+00
  Iter 140, [ 1] :    9.999999e-01
  Iter 160, [ 1] :    9.999999e-01
  Iter 180, [ 1] :    9.999998e-01
  Iter 200, [ 1] :    9.999996e-01
WARNING: NOX::Direction::Newton::compute() - Linear solve failed to achieve convergence - using the step anyway since "Rescue Bad Newton Solve" is true 

************************************************************************
-- Nonlinear Solver Step 13 -- 
||F|| = 4.991e+05  step = 1.000e+00  dx = 2.028e-01
************************************************************************

  
  *******************************************************
  ***** Belos Iterative Solver:  Block Gmres 
  ***** Maximum Iterations: 200
  ***** Block Size: 1
  ***** Residual Test: 
  *****   Test 1 : Belos::StatusTestImpResNorm<>: (2-Norm Res Vec) / (2-Norm Res0), tol = 1e-08
  *******************************************************
  Iter   0, [ 1] :    1.000000e+00
  Iter  20, [ 1] :    1.000000e+00
  Iter  40, [ 1] :    1.000000e+00
  Iter  60, [ 1] :    1.000000e+00
  Iter  80, [ 1] :    1.000000e+00
  Iter 100, [ 1] :    1.000000e+00
  Iter 120, [ 1] :    1.000000e+00
  Iter 140, [ 1] :    1.000000e+00
  Iter 160, [ 1] :    9.999999e-01
  Iter 180, [ 1] :    9.999999e-01
  Iter 200, [ 1] :    9.999999e-01
WARNING: NOX::Direction::Newton::compute() - Linear solve failed to achieve convergence - using the step anyway since "Rescue Bad Newton Solve" is true 

************************************************************************
-- Nonlinear Solver Step 14 -- 
||F|| = 4.991e+05  step = 1.000e+00  dx = 2.610e-01
************************************************************************

  
  *******************************************************
  ***** Belos Iterative Solver:  Block Gmres 
  ***** Maximum Iterations: 200
  ***** Block Size: 1
  ***** Residual Test: 
  *****   Test 1 : Belos::StatusTestImpResNorm<>: (2-Norm Res Vec) / (2-Norm Res0), tol = 1e-08
  *******************************************************
  Iter   0, [ 1] :    1.000000e+00
  Iter  20, [ 1] :    1.000000e+00
  Iter  40, [ 1] :    1.000000e+00
  Iter  60, [ 1] :    1.000000e+00
  Iter  80, [ 1] :    1.000000e+00
  Iter 100, [ 1] :    1.000000e+00
  Iter 120, [ 1] :    1.000000e+00
  Iter 140, [ 1] :    1.000000e+00
  Iter 160, [ 1] :    9.999999e-01
  Iter 180, [ 1] :    9.999999e-01
  Iter 200, [ 1] :    9.999998e-01
WARNING: NOX::Direction::Newton::compute() - Linear solve failed to achieve convergence - using the step anyway since "Rescue Bad Newton Solve" is true 

************************************************************************
-- Nonlinear Solver Step 15 -- 
||F|| = 4.991e+05  step = 1.000e+00  dx = 1.837e-01
************************************************************************

  
  *******************************************************
  ***** Belos Iterative Solver:  Block Gmres 
  ***** Maximum Iterations: 200
  ***** Block Size: 1
  ***** Residual Test: 
  *****   Test 1 : Belos::StatusTestImpResNorm<>: (2-Norm Res Vec) / (2-Norm Res0), tol = 1e-08
  *******************************************************
  Iter   0, [ 1] :    1.000000e+00
  Iter  20, [ 1] :    1.000000e+00
  Iter  40, [ 1] :    1.000000e+00
  Iter  60, [ 1] :    1.000000e+00
  Iter  80, [ 1] :    1.000000e+00
  Iter 100, [ 1] :    1.000000e+00
  Iter 120, [ 1] :    1.000000e+00
  Iter 140, [ 1] :    1.000000e+00
  Iter 160, [ 1] :    1.000000e+00
  Iter 180, [ 1] :    9.999999e-01
  Iter 200, [ 1] :    9.999998e-01
WARNING: NOX::Direction::Newton::compute() - Linear solve failed to achieve convergence - using the step anyway since "Rescue Bad Newton Solve" is true 

************************************************************************
-- Nonlinear Solver Step 16 -- 
||F|| = 4.991e+05  step = 1.000e+00  dx = 2.738e-01
************************************************************************

  
  *******************************************************
  ***** Belos Iterative Solver:  Block Gmres 
  ***** Maximum Iterations: 200
  ***** Block Size: 1
  ***** Residual Test: 
  *****   Test 1 : Belos::StatusTestImpResNorm<>: (2-Norm Res Vec) / (2-Norm Res0), tol = 1e-08
  *******************************************************
  Iter   0, [ 1] :    1.000000e+00
  Iter  20, [ 1] :    1.000000e+00
  Iter  40, [ 1] :    1.000000e+00
  Iter  60, [ 1] :    1.000000e+00
  Iter  80, [ 1] :    1.000000e+00
  Iter 100, [ 1] :    1.000000e+00
  Iter 120, [ 1] :    1.000000e+00
  Iter 140, [ 1] :    9.999999e-01
  Iter 160, [ 1] :    9.999999e-01
  Iter 180, [ 1] :    9.999999e-01
  Iter 200, [ 1] :    9.999999e-01
WARNING: NOX::Direction::Newton::compute() - Linear solve failed to achieve convergence - using the step anyway since "Rescue Bad Newton Solve" is true 

************************************************************************
-- Nonlinear Solver Step 17 -- 
||F|| = 4.991e+05  step = 1.000e+00  dx = 2.097e-01
************************************************************************

  
  *******************************************************
  ***** Belos Iterative Solver:  Block Gmres 
  ***** Maximum Iterations: 200
  ***** Block Size: 1
  ***** Residual Test: 
  *****   Test 1 : Belos::StatusTestImpResNorm<>: (2-Norm Res Vec) / (2-Norm Res0), tol = 1e-08
  *******************************************************
  Iter   0, [ 1] :    1.000000e+00
  Iter  20, [ 1] :    1.000000e+00
  Iter  40, [ 1] :    1.000000e+00
  Iter  60, [ 1] :    1.000000e+00
  Iter  80, [ 1] :    1.000000e+00
  Iter 100, [ 1] :    1.000000e+00
  Iter 120, [ 1] :    1.000000e+00
  Iter 140, [ 1] :    1.000000e+00
  Iter 160, [ 1] :    9.999999e-01
  Iter 180, [ 1] :    9.999999e-01
  Iter 200, [ 1] :    9.999998e-01
WARNING: NOX::Direction::Newton::compute() - Linear solve failed to achieve convergence - using the step anyway since "Rescue Bad Newton Solve" is true 

************************************************************************
-- Nonlinear Solver Step 18 -- 
||F|| = 4.991e+05  step = 1.000e+00  dx = 5.911e-02
************************************************************************

  
  *******************************************************
  ***** Belos Iterative Solver:  Block Gmres 
  ***** Maximum Iterations: 200
  ***** Block Size: 1
  ***** Residual Test: 
  *****   Test 1 : Belos::StatusTestImpResNorm<>: (2-Norm Res Vec) / (2-Norm Res0), tol = 1e-08
  *******************************************************
  Iter   0, [ 1] :    1.000000e+00
  Iter  20, [ 1] :    1.000000e+00
  Iter  40, [ 1] :    1.000000e+00
  Iter  60, [ 1] :    1.000000e+00
  Iter  80, [ 1] :    1.000000e+00
  Iter 100, [ 1] :    1.000000e+00
  Iter 120, [ 1] :    1.000000e+00
  Iter 140, [ 1] :    1.000000e+00
  Iter 160, [ 1] :    9.999999e-01
  Iter 180, [ 1] :    9.999999e-01
  Iter 200, [ 1] :    9.999998e-01
WARNING: NOX::Direction::Newton::compute() - Linear solve failed to achieve convergence - using the step anyway since "Rescue Bad Newton Solve" is true 

************************************************************************
-- Nonlinear Solver Step 19 -- 
||F|| = 4.991e+05  step = 1.000e+00  dx = 1.133e-02
************************************************************************

  
  *******************************************************
  ***** Belos Iterative Solver:  Block Gmres 
  ***** Maximum Iterations: 200
  ***** Block Size: 1
  ***** Residual Test: 
  *****   Test 1 : Belos::StatusTestImpResNorm<>: (2-Norm Res Vec) / (2-Norm Res0), tol = 1e-08
  *******************************************************
  Iter   0, [ 1] :    1.000000e+00
  Iter  20, [ 1] :    1.000000e+00
  Iter  40, [ 1] :    1.000000e+00
  Iter  60, [ 1] :    1.000000e+00
  Iter  80, [ 1] :    1.000000e+00
  Iter 100, [ 1] :    1.000000e+00
  Iter 120, [ 1] :    9.999999e-01
  Iter 140, [ 1] :    9.999999e-01
  Iter 160, [ 1] :    9.999999e-01
  Iter 180, [ 1] :    9.999999e-01
  Iter 200, [ 1] :    9.999998e-01
WARNING: NOX::Direction::Newton::compute() - Linear solve failed to achieve convergence - using the step anyway since "Rescue Bad Newton Solve" is true 

************************************************************************
-- Nonlinear Solver Step 20 -- 
||F|| = 4.991e+05  step = 1.000e+00  dx = 5.722e-01
************************************************************************

  
  *******************************************************
  ***** Belos Iterative Solver:  Block Gmres 
  ***** Maximum Iterations: 200
  ***** Block Size: 1
  ***** Residual Test: 
  *****   Test 1 : Belos::StatusTestImpResNorm<>: (2-Norm Res Vec) / (2-Norm Res0), tol = 1e-08
  *******************************************************
  Iter   0, [ 1] :    1.000000e+00
  Iter  20, [ 1] :    1.000000e+00
  Iter  40, [ 1] :    1.000000e+00
  Iter  60, [ 1] :    1.000000e+00
  Iter  80, [ 1] :    1.000000e+00
  Iter 100, [ 1] :    1.000000e+00
  Iter 120, [ 1] :    1.000000e+00
  Iter 140, [ 1] :    1.000000e+00
  Iter 160, [ 1] :    9.999999e-01
  Iter 180, [ 1] :    9.999999e-01
  Iter 200, [ 1] :    9.999998e-01
WARNING: NOX::Direction::Newton::compute() - Linear solve failed to achieve convergence - using the step anyway since "Rescue Bad Newton Solve" is true 

************************************************************************
-- Nonlinear Solver Step 21 -- 
||F|| = 4.991e+05  step = 1.000e+00  dx = 1.369e-01
************************************************************************

  
  *******************************************************
  ***** Belos Iterative Solver:  Block Gmres 
  ***** Maximum Iterations: 200
  ***** Block Size: 1
  ***** Residual Test: 
  *****   Test 1 : Belos::StatusTestImpResNorm<>: (2-Norm Res Vec) / (2-Norm Res0), tol = 1e-08
  *******************************************************
  Iter   0, [ 1] :    1.000000e+00
  Iter  20, [ 1] :    1.000000e+00
  Iter  40, [ 1] :    1.000000e+00
  Iter  60, [ 1] :    1.000000e+00
  Iter  80, [ 1] :    1.000000e+00
  Iter 100, [ 1] :    1.000000e+00
  Iter 120, [ 1] :    1.000000e+00
  Iter 140, [ 1] :    1.000000e+00
  Iter 160, [ 1] :    1.000000e+00
  Iter 180, [ 1] :    9.999999e-01
  Iter 200, [ 1] :    9.999998e-01
WARNING: NOX::Direction::Newton::compute() - Linear solve failed to achieve convergence - using the step anyway since "Rescue Bad Newton Solve" is true 

************************************************************************
-- Nonlinear Solver Step 22 -- 
||F|| = 4.991e+05  step = 1.000e+00  dx = 2.731e-01
************************************************************************

  
  *******************************************************
  ***** Belos Iterative Solver:  Block Gmres 
  ***** Maximum Iterations: 200
  ***** Block Size: 1
  ***** Residual Test: 
  *****   Test 1 : Belos::StatusTestImpResNorm<>: (2-Norm Res Vec) / (2-Norm Res0), tol = 1e-08
  *******************************************************
  Iter   0, [ 1] :    1.000000e+00
  Iter  20, [ 1] :    1.000000e+00
  Iter  40, [ 1] :    1.000000e+00
  Iter  60, [ 1] :    1.000000e+00
  Iter  80, [ 1] :    1.000000e+00
  Iter 100, [ 1] :    1.000000e+00
  Iter 120, [ 1] :    1.000000e+00
  Iter 140, [ 1] :    1.000000e+00
  Iter 160, [ 1] :    1.000000e+00
  Iter 180, [ 1] :    1.000000e+00
  Iter 200, [ 1] :    9.999999e-01
WARNING: NOX::Direction::Newton::compute() - Linear solve failed to achieve convergence - using the step anyway since "Rescue Bad Newton Solve" is true 

************************************************************************
-- Nonlinear Solver Step 23 -- 
||F|| = 4.991e+05  step = 1.000e+00  dx = 7.950e-02
************************************************************************

  
  *******************************************************
  ***** Belos Iterative Solver:  Block Gmres 
  ***** Maximum Iterations: 200
  ***** Block Size: 1
  ***** Residual Test: 
  *****   Test 1 : Belos::StatusTestImpResNorm<>: (2-Norm Res Vec) / (2-Norm Res0), tol = 1e-08
  *******************************************************
  Iter   0, [ 1] :    1.000000e+00
  Iter  20, [ 1] :    1.000000e+00
  Iter  40, [ 1] :    1.000000e+00
  Iter  60, [ 1] :    1.000000e+00
  Iter  80, [ 1] :    1.000000e+00
  Iter 100, [ 1] :    1.000000e+00
  Iter 120, [ 1] :    1.000000e+00
  Iter 140, [ 1] :    1.000000e+00
  Iter 160, [ 1] :    1.000000e+00
  Iter 180, [ 1] :    9.999999e-01
  Iter 200, [ 1] :    9.999998e-01
WARNING: NOX::Direction::Newton::compute() - Linear solve failed to achieve convergence - using the step anyway since "Rescue Bad Newton Solve" is true 

************************************************************************
-- Nonlinear Solver Step 24 -- 
||F|| = 4.991e+05  step = 1.000e+00  dx = 1.623e-01
************************************************************************

  
  *******************************************************
  ***** Belos Iterative Solver:  Block Gmres 
  ***** Maximum Iterations: 200
  ***** Block Size: 1
  ***** Residual Test: 
  *****   Test 1 : Belos::StatusTestImpResNorm<>: (2-Norm Res Vec) / (2-Norm Res0), tol = 1e-08
  *******************************************************
  Iter   0, [ 1] :    1.000000e+00
  Iter  20, [ 1] :    1.000000e+00
  Iter  40, [ 1] :    1.000000e+00
  Iter  60, [ 1] :    1.000000e+00
  Iter  80, [ 1] :    1.000000e+00
  Iter 100, [ 1] :    1.000000e+00
  Iter 120, [ 1] :    1.000000e+00
  Iter 140, [ 1] :    1.000000e+00
  Iter 160, [ 1] :    9.999999e-01
  Iter 180, [ 1] :    9.999998e-01
  Iter 200, [ 1] :    9.999951e-01
WARNING: NOX::Direction::Newton::compute() - Linear solve failed to achieve convergence - using the step anyway since "Rescue Bad Newton Solve" is true 

************************************************************************
-- Nonlinear Solver Step 25 -- 
||F|| = 4.991e+05  step = 1.000e+00  dx = 7.907e-01
************************************************************************

  
  *******************************************************
  ***** Belos Iterative Solver:  Block Gmres 
  ***** Maximum Iterations: 200
  ***** Block Size: 1
  ***** Residual Test: 
  *****   Test 1 : Belos::StatusTestImpResNorm<>: (2-Norm Res Vec) / (2-Norm Res0), tol = 1e-08
  *******************************************************
  Iter   0, [ 1] :    1.000000e+00
  Iter  20, [ 1] :    1.000000e+00
  Iter  40, [ 1] :    1.000000e+00
  Iter  60, [ 1] :    1.000000e+00
  Iter  80, [ 1] :    1.000000e+00
  Iter 100, [ 1] :    1.000000e+00
  Iter 120, [ 1] :    1.000000e+00
  Iter 140, [ 1] :    9.999999e-01
  Iter 160, [ 1] :    9.999999e-01
  Iter 180, [ 1] :    9.999999e-01
  Iter 200, [ 1] :    9.999998e-01
WARNING: NOX::Direction::Newton::compute() - Linear solve failed to achieve convergence - using the step anyway since "Rescue Bad Newton Solve" is true 

************************************************************************
-- Nonlinear Solver Step 26 -- 
||F|| = 4.991e+05  step = 1.000e+00  dx = 1.599e-01
************************************************************************

  
  *******************************************************
  ***** Belos Iterative Solver:  Block Gmres 
  ***** Maximum Iterations: 200
  ***** Block Size: 1
  ***** Residual Test: 
  *****   Test 1 : Belos::StatusTestImpResNorm<>: (2-Norm Res Vec) / (2-Norm Res0), tol = 1e-08
  *******************************************************
  Iter   0, [ 1] :    1.000000e+00
  Iter  20, [ 1] :    1.000000e+00
  Iter  40, [ 1] :    1.000000e+00
  Iter  60, [ 1] :    1.000000e+00
  Iter  80, [ 1] :    1.000000e+00
  Iter 100, [ 1] :    1.000000e+00
  Iter 120, [ 1] :    1.000000e+00
  Iter 140, [ 1] :    9.999999e-01
  Iter 160, [ 1] :    9.999999e-01
  Iter 180, [ 1] :    9.999999e-01
  Iter 200, [ 1] :    9.999998e-01
WARNING: NOX::Direction::Newton::compute() - Linear solve failed to achieve convergence - using the step anyway since "Rescue Bad Newton Solve" is true 

************************************************************************
-- Nonlinear Solver Step 27 -- 
||F|| = 4.991e+05  step = 1.000e+00  dx = 2.110e-02
************************************************************************

  
  *******************************************************
  ***** Belos Iterative Solver:  Block Gmres 
  ***** Maximum Iterations: 200
  ***** Block Size: 1
  ***** Residual Test: 
  *****   Test 1 : Belos::StatusTestImpResNorm<>: (2-Norm Res Vec) / (2-Norm Res0), tol = 1e-08
  *******************************************************
  Iter   0, [ 1] :    1.000000e+00
  Iter  20, [ 1] :    1.000000e+00
  Iter  40, [ 1] :    1.000000e+00
  Iter  60, [ 1] :    1.000000e+00
  Iter  80, [ 1] :    1.000000e+00
  Iter 100, [ 1] :    1.000000e+00
  Iter 120, [ 1] :    1.000000e+00
  Iter 140, [ 1] :    1.000000e+00
  Iter 160, [ 1] :    1.000000e+00
  Iter 180, [ 1] :    1.000000e+00
  Iter 200, [ 1] :    9.999999e-01
WARNING: NOX::Direction::Newton::compute() - Linear solve failed to achieve convergence - using the step anyway since "Rescue Bad Newton Solve" is true 

************************************************************************
-- Nonlinear Solver Step 28 -- 
||F|| = 4.991e+05  step = 1.000e+00  dx = 7.520e-01
************************************************************************

  
  *******************************************************
  ***** Belos Iterative Solver:  Block Gmres 
  ***** Maximum Iterations: 200
  ***** Block Size: 1
  ***** Residual Test: 
  *****   Test 1 : Belos::StatusTestImpResNorm<>: (2-Norm Res Vec) / (2-Norm Res0), tol = 1e-08
  *******************************************************
  Iter   0, [ 1] :    1.000000e+00
  Iter  20, [ 1] :    1.000000e+00
  Iter  40, [ 1] :    1.000000e+00
  Iter  60, [ 1] :    1.000000e+00
  Iter  80, [ 1] :    1.000000e+00
  Iter 100, [ 1] :    1.000000e+00
  Iter 120, [ 1] :    1.000000e+00
  Iter 140, [ 1] :    9.999999e-01
  Iter 160, [ 1] :    9.999999e-01
  Iter 180, [ 1] :    9.999999e-01
  Iter 200, [ 1] :    9.999998e-01
WARNING: NOX::Direction::Newton::compute() - Linear solve failed to achieve convergence - using the step anyway since "Rescue Bad Newton Solve" is true 

************************************************************************
-- Nonlinear Solver Step 29 -- 
||F|| = 4.991e+05  step = 1.000e+00  dx = 7.184e-01
************************************************************************

  
  *******************************************************
  ***** Belos Iterative Solver:  Block Gmres 
  ***** Maximum Iterations: 200
  ***** Block Size: 1
  ***** Residual Test: 
  *****   Test 1 : Belos::StatusTestImpResNorm<>: (2-Norm Res Vec) / (2-Norm Res0), tol = 1e-08
  *******************************************************
  Iter   0, [ 1] :    1.000000e+00
  Iter  20, [ 1] :    1.000000e+00
  Iter  40, [ 1] :    1.000000e+00
  Iter  60, [ 1] :    1.000000e+00
  Iter  80, [ 1] :    1.000000e+00
  Iter 100, [ 1] :    9.999999e-01
  Iter 120, [ 1] :    9.999999e-01
  Iter 140, [ 1] :    9.999999e-01
  Iter 160, [ 1] :    9.999999e-01
  Iter 180, [ 1] :    9.999998e-01
  Iter 200, [ 1] :    9.999998e-01
WARNING: NOX::Direction::Newton::compute() - Linear solve failed to achieve convergence - using the step anyway since "Rescue Bad Newton Solve" is true 

************************************************************************
-- Nonlinear Solver Step 30 -- 
||F|| = 4.991e+05  step = 1.000e+00  dx = 1.008e+00
************************************************************************

  
  *******************************************************
  ***** Belos Iterative Solver:  Block Gmres 
  ***** Maximum Iterations: 200
  ***** Block Size: 1
  ***** Residual Test: 
  *****   Test 1 : Belos::StatusTestImpResNorm<>: (2-Norm Res Vec) / (2-Norm Res0), tol = 1e-08
  *******************************************************
  Iter   0, [ 1] :    1.000000e+00
  Iter  20, [ 1] :    1.000000e+00
  Iter  40, [ 1] :    1.000000e+00
  Iter  60, [ 1] :    1.000000e+00
  Iter  80, [ 1] :    1.000000e+00
  Iter 100, [ 1] :    1.000000e+00
  Iter 120, [ 1] :    1.000000e+00
  Iter 140, [ 1] :    1.000000e+00
  Iter 160, [ 1] :    9.999999e-01
  Iter 180, [ 1] :    9.999999e-01
  Iter 200, [ 1] :    9.999999e-01
WARNING: NOX::Direction::Newton::compute() - Linear solve failed to achieve convergence - using the step anyway since "Rescue Bad Newton Solve" is true 

************************************************************************
-- Nonlinear Solver Step 31 -- 
||F|| = 4.991e+05  step = 1.000e+00  dx = 3.852e-01
************************************************************************

  
  *******************************************************
  ***** Belos Iterative Solver:  Block Gmres 
  ***** Maximum Iterations: 200
  ***** Block Size: 1
  ***** Residual Test: 
  *****   Test 1 : Belos::StatusTestImpResNorm<>: (2-Norm Res Vec) / (2-Norm Res0), tol = 1e-08
  *******************************************************
  Iter   0, [ 1] :    1.000000e+00
  Iter  20, [ 1] :    1.000000e+00
  Iter  40, [ 1] :    1.000000e+00
  Iter  60, [ 1] :    1.000000e+00
  Iter  80, [ 1] :    1.000000e+00
  Iter 100, [ 1] :    1.000000e+00
  Iter 120, [ 1] :    9.999999e-01
  Iter 140, [ 1] :    9.999999e-01
  Iter 160, [ 1] :    9.999999e-01
  Iter 180, [ 1] :    9.999999e-01
  Iter 200, [ 1] :    9.999999e-01
WARNING: NOX::Direction::Newton::compute() - Linear solve failed to achieve convergence - using the step anyway since "Rescue Bad Newton Solve" is true 

************************************************************************
-- Nonlinear Solver Step 32 -- 
||F|| = 4.991e+05  step = 1.000e+00  dx = 4.938e-02
************************************************************************

  
  *******************************************************
  ***** Belos Iterative Solver:  Block Gmres 
  ***** Maximum Iterations: 200
  ***** Block Size: 1
  ***** Residual Test: 
  *****   Test 1 : Belos::StatusTestImpResNorm<>: (2-Norm Res Vec) / (2-Norm Res0), tol = 1e-08
  *******************************************************
  Iter   0, [ 1] :    1.000000e+00
  Iter  20, [ 1] :    1.000000e+00
  Iter  40, [ 1] :    1.000000e+00
  Iter  60, [ 1] :    1.000000e+00
  Iter  80, [ 1] :    1.000000e+00
  Iter 100, [ 1] :    1.000000e+00
  Iter 120, [ 1] :    1.000000e+00
  Iter 140, [ 1] :    9.999999e-01
  Iter 160, [ 1] :    9.999999e-01
  Iter 180, [ 1] :    9.999999e-01
  Iter 200, [ 1] :    9.999999e-01
WARNING: NOX::Direction::Newton::compute() - Linear solve failed to achieve convergence - using the step anyway since "Rescue Bad Newton Solve" is true 

************************************************************************
-- Nonlinear Solver Step 33 -- 
||F|| = 4.991e+05  step = 1.000e+00  dx = 2.468e-01
************************************************************************

  
  *******************************************************
  ***** Belos Iterative Solver:  Block Gmres 
  ***** Maximum Iterations: 200
  ***** Block Size: 1
  ***** Residual Test: 
  *****   Test 1 : Belos::StatusTestImpResNorm<>: (2-Norm Res Vec) / (2-Norm Res0), tol = 1e-08
  *******************************************************
  Iter   0, [ 1] :    1.000000e+00
  Iter  20, [ 1] :    1.000000e+00
  Iter  40, [ 1] :    1.000000e+00
  Iter  60, [ 1] :    1.000000e+00
  Iter  80, [ 1] :    1.000000e+00
  Iter 100, [ 1] :    1.000000e+00
  Iter 120, [ 1] :    1.000000e+00
  Iter 140, [ 1] :    1.000000e+00
  Iter 160, [ 1] :    9.999999e-01
  Iter 180, [ 1] :    9.999999e-01
  Iter 200, [ 1] :    9.999999e-01
WARNING: NOX::Direction::Newton::compute() - Linear solve failed to achieve convergence - using the step anyway since "Rescue Bad Newton Solve" is true 

************************************************************************
-- Nonlinear Solver Step 34 -- 
||F|| = 4.991e+05  step = 1.000e+00  dx = 1.286e-01
************************************************************************

  
  *******************************************************
  ***** Belos Iterative Solver:  Block Gmres 
  ***** Maximum Iterations: 200
  ***** Block Size: 1
  ***** Residual Test: 
  *****   Test 1 : Belos::StatusTestImpResNorm<>: (2-Norm Res Vec) / (2-Norm Res0), tol = 1e-08
  *******************************************************
  Iter   0, [ 1] :    1.000000e+00
  Iter  20, [ 1] :    1.000000e+00
  Iter  40, [ 1] :    1.000000e+00
  Iter  60, [ 1] :    1.000000e+00
  Iter  80, [ 1] :    1.000000e+00
  Iter 100, [ 1] :    1.000000e+00
  Iter 120, [ 1] :    1.000000e+00
  Iter 140, [ 1] :    9.999999e-01
  Iter 160, [ 1] :    9.999999e-01
  Iter 180, [ 1] :    9.999999e-01
  Iter 200, [ 1] :    9.999998e-01
WARNING: NOX::Direction::Newton::compute() - Linear solve failed to achieve convergence - using the step anyway since "Rescue Bad Newton Solve" is true 

************************************************************************
-- Nonlinear Solver Step 35 -- 
||F|| = 4.991e+05  step = 1.000e+00  dx = 5.271e-01
************************************************************************

  
  *******************************************************
  ***** Belos Iterative Solver:  Block Gmres 
  ***** Maximum Iterations: 200
  ***** Block Size: 1
  ***** Residual Test: 
  *****   Test 1 : Belos::StatusTestImpResNorm<>: (2-Norm Res Vec) / (2-Norm Res0), tol = 1e-08
  *******************************************************
  Iter   0, [ 1] :    1.000000e+00
  Iter  20, [ 1] :    1.000000e+00
  Iter  40, [ 1] :    1.000000e+00
  Iter  60, [ 1] :    1.000000e+00
  Iter  80, [ 1] :    1.000000e+00
  Iter 100, [ 1] :    1.000000e+00
  Iter 120, [ 1] :    1.000000e+00
  Iter 140, [ 1] :    1.000000e+00
  Iter 160, [ 1] :    1.000000e+00
  Iter 180, [ 1] :    9.999999e-01
  Iter 200, [ 1] :    9.999999e-01
WARNING: NOX::Direction::Newton::compute() - Linear solve failed to achieve convergence - using the step anyway since "Rescue Bad Newton Solve" is true 

************************************************************************
-- Nonlinear Solver Step 36 -- 
||F|| = 4.991e+05  step = 1.000e+00  dx = 2.701e-01
************************************************************************

  
  *******************************************************
  ***** Belos Iterative Solver:  Block Gmres 
  ***** Maximum Iterations: 200
  ***** Block Size: 1
  ***** Residual Test: 
  *****   Test 1 : Belos::StatusTestImpResNorm<>: (2-Norm Res Vec) / (2-Norm Res0), tol = 1e-08
  *******************************************************
  Iter   0, [ 1] :    1.000000e+00
  Iter  20, [ 1] :    1.000000e+00
  Iter  40, [ 1] :    1.000000e+00
  Iter  60, [ 1] :    1.000000e+00
  Iter  80, [ 1] :    1.000000e+00
  Iter 100, [ 1] :    1.000000e+00
  Iter 120, [ 1] :    1.000000e+00
  Iter 140, [ 1] :    1.000000e+00
  Iter 160, [ 1] :    9.999999e-01
  Iter 180, [ 1] :    9.999999e-01
  Iter 200, [ 1] :    9.999999e-01
WARNING: NOX::Direction::Newton::compute() - Linear solve failed to achieve convergence - using the step anyway since "Rescue Bad Newton Solve" is true 

************************************************************************
-- Nonlinear Solver Step 37 -- 
||F|| = 4.991e+05  step = 1.000e+00  dx = 2.689e-01
************************************************************************

  
  *******************************************************
  ***** Belos Iterative Solver:  Block Gmres 
  ***** Maximum Iterations: 200
  ***** Block Size: 1
  ***** Residual Test: 
  *****   Test 1 : Belos::StatusTestImpResNorm<>: (2-Norm Res Vec) / (2-Norm Res0), tol = 1e-08
  *******************************************************
  Iter   0, [ 1] :    1.000000e+00
  Iter  20, [ 1] :    1.000000e+00
  Iter  40, [ 1] :    1.000000e+00
  Iter  60, [ 1] :    1.000000e+00
  Iter  80, [ 1] :    1.000000e+00
  Iter 100, [ 1] :    1.000000e+00
  Iter 120, [ 1] :    1.000000e+00
  Iter 140, [ 1] :    9.999999e-01
  Iter 160, [ 1] :    9.999999e-01
  Iter 180, [ 1] :    9.999999e-01
  Iter 200, [ 1] :    9.999998e-01
WARNING: NOX::Direction::Newton::compute() - Linear solve failed to achieve convergence - using the step anyway since "Rescue Bad Newton Solve" is true 

************************************************************************
-- Nonlinear Solver Step 38 -- 
||F|| = 4.991e+05  step = 1.000e+00  dx = 2.715e-01
************************************************************************

  
  *******************************************************
  ***** Belos Iterative Solver:  Block Gmres 
  ***** Maximum Iterations: 200
  ***** Block Size: 1
  ***** Residual Test: 
  *****   Test 1 : Belos::StatusTestImpResNorm<>: (2-Norm Res Vec) / (2-Norm Res0), tol = 1e-08
  *******************************************************
  Iter   0, [ 1] :    1.000000e+00
  Iter  20, [ 1] :    1.000000e+00
  Iter  40, [ 1] :    1.000000e+00
  Iter  60, [ 1] :    1.000000e+00
  Iter  80, [ 1] :    1.000000e+00
  Iter 100, [ 1] :    1.000000e+00
  Iter 120, [ 1] :    1.000000e+00
  Iter 140, [ 1] :    9.999999e-01
  Iter 160, [ 1] :    9.999999e-01
  Iter 180, [ 1] :    9.999998e-01
  Iter 200, [ 1] :    9.999998e-01
WARNING: NOX::Direction::Newton::compute() - Linear solve failed to achieve convergence - using the step anyway since "Rescue Bad Newton Solve" is true 

************************************************************************
-- Nonlinear Solver Step 39 -- 
||F|| = 4.991e+05  step = 1.000e+00  dx = 1.736e-01
************************************************************************

  
  *******************************************************
  ***** Belos Iterative Solver:  Block Gmres 
  ***** Maximum Iterations: 200
  ***** Block Size: 1
  ***** Residual Test: 
  *****   Test 1 : Belos::StatusTestImpResNorm<>: (2-Norm Res Vec) / (2-Norm Res0), tol = 1e-08
  *******************************************************
  Iter   0, [ 1] :    1.000000e+00
  Iter  20, [ 1] :    1.000000e+00
  Iter  40, [ 1] :    1.000000e+00
  Iter  60, [ 1] :    1.000000e+00
  Iter  80, [ 1] :    1.000000e+00
  Iter 100, [ 1] :    1.000000e+00
  Iter 120, [ 1] :    1.000000e+00
  Iter 140, [ 1] :    9.999999e-01
  Iter 160, [ 1] :    9.999999e-01
  Iter 180, [ 1] :    9.999999e-01
  Iter 200, [ 1] :    9.999998e-01
WARNING: NOX::Direction::Newton::compute() - Linear solve failed to achieve convergence - using the step anyway since "Rescue Bad Newton Solve" is true 

************************************************************************
-- Nonlinear Solver Step 40 -- 
||F|| = 4.991e+05  step = 1.000e+00  dx = 9.740e-02
************************************************************************

  
  *******************************************************
  ***** Belos Iterative Solver:  Block Gmres 
  ***** Maximum Iterations: 200
  ***** Block Size: 1
  ***** Residual Test: 
  *****   Test 1 : Belos::StatusTestImpResNorm<>: (2-Norm Res Vec) / (2-Norm Res0), tol = 1e-08
  *******************************************************
  Iter   0, [ 1] :    1.000000e+00
  Iter  20, [ 1] :    1.000000e+00
  Iter  40, [ 1] :    1.000000e+00
  Iter  60, [ 1] :    1.000000e+00
  Iter  80, [ 1] :    1.000000e+00
  Iter 100, [ 1] :    1.000000e+00
  Iter 120, [ 1] :    1.000000e+00
  Iter 140, [ 1] :    1.000000e+00
  Iter 160, [ 1] :    1.000000e+00
  Iter 180, [ 1] :    9.999999e-01
  Iter 200, [ 1] :    9.999999e-01
WARNING: NOX::Direction::Newton::compute() - Linear solve failed to achieve convergence - using the step anyway since "Rescue Bad Newton Solve" is true 

************************************************************************
-- Nonlinear Solver Step 41 -- 
||F|| = 4.991e+05  step = 1.000e+00  dx = 4.396e-02
************************************************************************

  
  *******************************************************
  ***** Belos Iterative Solver:  Block Gmres 
  ***** Maximum Iterations: 200
  ***** Block Size: 1
  ***** Residual Test: 
  *****   Test 1 : Belos::StatusTestImpResNorm<>: (2-Norm Res Vec) / (2-Norm Res0), tol = 1e-08
  *******************************************************
  Iter   0, [ 1] :    1.000000e+00
  Iter  20, [ 1] :    1.000000e+00
  Iter  40, [ 1] :    1.000000e+00
  Iter  60, [ 1] :    1.000000e+00
  Iter  80, [ 1] :    1.000000e+00
  Iter 100, [ 1] :    1.000000e+00
  Iter 120, [ 1] :    1.000000e+00
  Iter 140, [ 1] :    1.000000e+00
  Iter 160, [ 1] :    1.000000e+00
  Iter 180, [ 1] :    1.000000e+00
  Iter 200, [ 1] :    9.999999e-01
WARNING: NOX::Direction::Newton::compute() - Linear solve failed to achieve convergence - using the step anyway since "Rescue Bad Newton Solve" is true 

************************************************************************
-- Nonlinear Solver Step 42 -- 
||F|| = 4.991e+05  step = 1.000e+00  dx = 1.389e-01
************************************************************************

  
  *******************************************************
  ***** Belos Iterative Solver:  Block Gmres 
  ***** Maximum Iterations: 200
  ***** Block Size: 1
  ***** Residual Test: 
  *****   Test 1 : Belos::StatusTestImpResNorm<>: (2-Norm Res Vec) / (2-Norm Res0), tol = 1e-08
  *******************************************************
  Iter   0, [ 1] :    1.000000e+00
  Iter  20, [ 1] :    1.000000e+00
  Iter  40, [ 1] :    1.000000e+00
  Iter  60, [ 1] :    1.000000e+00
  Iter  80, [ 1] :    1.000000e+00
  Iter 100, [ 1] :    1.000000e+00
  Iter 120, [ 1] :    1.000000e+00
  Iter 140, [ 1] :    1.000000e+00
  Iter 160, [ 1] :    1.000000e+00
  Iter 180, [ 1] :    1.000000e+00
  Iter 200, [ 1] :    9.999999e-01
WARNING: NOX::Direction::Newton::compute() - Linear solve failed to achieve convergence - using the step anyway since "Rescue Bad Newton Solve" is true 

************************************************************************
-- Nonlinear Solver Step 43 -- 
||F|| = 4.991e+05  step = 1.000e+00  dx = 2.119e-01
************************************************************************

  
  *******************************************************
  ***** Belos Iterative Solver:  Block Gmres 
  ***** Maximum Iterations: 200
  ***** Block Size: 1
  ***** Residual Test: 
  *****   Test 1 : Belos::StatusTestImpResNorm<>: (2-Norm Res Vec) / (2-Norm Res0), tol = 1e-08
  *******************************************************
  Iter   0, [ 1] :    1.000000e+00
  Iter  20, [ 1] :    1.000000e+00
  Iter  40, [ 1] :    1.000000e+00
  Iter  60, [ 1] :    1.000000e+00
  Iter  80, [ 1] :    1.000000e+00
  Iter 100, [ 1] :    1.000000e+00
  Iter 120, [ 1] :    9.999999e-01
  Iter 140, [ 1] :    9.999999e-01
  Iter 160, [ 1] :    9.999999e-01
  Iter 180, [ 1] :    9.999999e-01
  Iter 200, [ 1] :    9.999999e-01
WARNING: NOX::Direction::Newton::compute() - Linear solve failed to achieve convergence - using the step anyway since "Rescue Bad Newton Solve" is true 

************************************************************************
-- Nonlinear Solver Step 44 -- 
||F|| = 4.991e+05  step = 1.000e+00  dx = 5.167e-01
************************************************************************

  
  *******************************************************
  ***** Belos Iterative Solver:  Block Gmres 
  ***** Maximum Iterations: 200
  ***** Block Size: 1
  ***** Residual Test: 
  *****   Test 1 : Belos::StatusTestImpResNorm<>: (2-Norm Res Vec) / (2-Norm Res0), tol = 1e-08
  *******************************************************
  Iter   0, [ 1] :    1.000000e+00
  Iter  20, [ 1] :    1.000000e+00
  Iter  40, [ 1] :    1.000000e+00
  Iter  60, [ 1] :    1.000000e+00
  Iter  80, [ 1] :    1.000000e+00
  Iter 100, [ 1] :    1.000000e+00
  Iter 120, [ 1] :    1.000000e+00
  Iter 140, [ 1] :    1.000000e+00
  Iter 160, [ 1] :    9.999999e-01
  Iter 180, [ 1] :    9.999999e-01
  Iter 200, [ 1] :    9.999999e-01
WARNING: NOX::Direction::Newton::compute() - Linear solve failed to achieve convergence - using the step anyway since "Rescue Bad Newton Solve" is true 

************************************************************************
-- Nonlinear Solver Step 45 -- 
||F|| = 4.991e+05  step = 1.000e+00  dx = 4.186e-01
************************************************************************

  
  *******************************************************
  ***** Belos Iterative Solver:  Block Gmres 
  ***** Maximum Iterations: 200
  ***** Block Size: 1
  ***** Residual Test: 
  *****   Test 1 : Belos::StatusTestImpResNorm<>: (2-Norm Res Vec) / (2-Norm Res0), tol = 1e-08
  *******************************************************
  Iter   0, [ 1] :    1.000000e+00
  Iter  20, [ 1] :    1.000000e+00
  Iter  40, [ 1] :    1.000000e+00
  Iter  60, [ 1] :    1.000000e+00
  Iter  80, [ 1] :    1.000000e+00
  Iter 100, [ 1] :    1.000000e+00
  Iter 120, [ 1] :    1.000000e+00
  Iter 140, [ 1] :    1.000000e+00
  Iter 160, [ 1] :    1.000000e+00
  Iter 180, [ 1] :    9.999999e-01
  Iter 200, [ 1] :    9.999999e-01
WARNING: NOX::Direction::Newton::compute() - Linear solve failed to achieve convergence - using the step anyway since "Rescue Bad Newton Solve" is true 

************************************************************************
-- Nonlinear Solver Step 46 -- 
||F|| = 4.991e+05  step = 1.000e+00  dx = 4.532e-01
************************************************************************

  
  *******************************************************
  ***** Belos Iterative Solver:  Block Gmres 
  ***** Maximum Iterations: 200
  ***** Block Size: 1
  ***** Residual Test: 
  *****   Test 1 : Belos::StatusTestImpResNorm<>: (2-Norm Res Vec) / (2-Norm Res0), tol = 1e-08
  *******************************************************
  Iter   0, [ 1] :    1.000000e+00
  Iter  20, [ 1] :    1.000000e+00
  Iter  40, [ 1] :    1.000000e+00
  Iter  60, [ 1] :    1.000000e+00
  Iter  80, [ 1] :    1.000000e+00
  Iter 100, [ 1] :    1.000000e+00
  Iter 120, [ 1] :    9.999999e-01
  Iter 140, [ 1] :    9.999999e-01
  Iter 160, [ 1] :    9.999999e-01
  Iter 180, [ 1] :    9.999999e-01
  Iter 200, [ 1] :    9.999998e-01
WARNING: NOX::Direction::Newton::compute() - Linear solve failed to achieve convergence - using the step anyway since "Rescue Bad Newton Solve" is true 

************************************************************************
-- Nonlinear Solver Step 47 -- 
||F|| = 4.991e+05  step = 1.000e+00  dx = 2.038e-01
************************************************************************

  
  *******************************************************
  ***** Belos Iterative Solver:  Block Gmres 
  ***** Maximum Iterations: 200
  ***** Block Size: 1
  ***** Residual Test: 
  *****   Test 1 : Belos::StatusTestImpResNorm<>: (2-Norm Res Vec) / (2-Norm Res0), tol = 1e-08
  *******************************************************
  Iter   0, [ 1] :    1.000000e+00
  Iter  20, [ 1] :    1.000000e+00
  Iter  40, [ 1] :    1.000000e+00
  Iter  60, [ 1] :    1.000000e+00
  Iter  80, [ 1] :    1.000000e+00
  Iter 100, [ 1] :    9.999999e-01
  Iter 120, [ 1] :    9.999999e-01
  Iter 140, [ 1] :    9.999999e-01
  Iter 160, [ 1] :    9.999999e-01
  Iter 180, [ 1] :    9.999999e-01
  Iter 200, [ 1] :    9.999998e-01
WARNING: NOX::Direction::Newton::compute() - Linear solve failed to achieve convergence - using the step anyway since "Rescue Bad Newton Solve" is true 

************************************************************************
-- Nonlinear Solver Step 48 -- 
||F|| = 4.991e+05  step = 1.000e+00  dx = 2.593e-01
************************************************************************

  
  *******************************************************
  ***** Belos Iterative Solver:  Block Gmres 
  ***** Maximum Iterations: 200
  ***** Block Size: 1
  ***** Residual Test: 
  *****   Test 1 : Belos::StatusTestImpResNorm<>: (2-Norm Res Vec) / (2-Norm Res0), tol = 1e-08
  *******************************************************
  Iter   0, [ 1] :    1.000000e+00
  Iter  20, [ 1] :    1.000000e+00
  Iter  40, [ 1] :    1.000000e+00
  Iter  60, [ 1] :    1.000000e+00
  Iter  80, [ 1] :    1.000000e+00
  Iter 100, [ 1] :    1.000000e+00
  Iter 120, [ 1] :    9.999999e-01
  Iter 140, [ 1] :    9.999999e-01
  Iter 160, [ 1] :    9.999999e-01
  Iter 180, [ 1] :    9.999999e-01
  Iter 200, [ 1] :    9.999998e-01
WARNING: NOX::Direction::Newton::compute() - Linear solve failed to achieve convergence - using the step anyway since "Rescue Bad Newton Solve" is true 

************************************************************************
-- Nonlinear Solver Step 49 -- 
||F|| = 4.991e+05  step = 1.000e+00  dx = 2.239e-01
************************************************************************

  
  *******************************************************
  ***** Belos Iterative Solver:  Block Gmres 
  ***** Maximum Iterations: 200
  ***** Block Size: 1
  ***** Residual Test: 
  *****   Test 1 : Belos::StatusTestImpResNorm<>: (2-Norm Res Vec) / (2-Norm Res0), tol = 1e-08
  *******************************************************
  Iter   0, [ 1] :    1.000000e+00
  Iter  20, [ 1] :    1.000000e+00
  Iter  40, [ 1] :    1.000000e+00
  Iter  60, [ 1] :    1.000000e+00
  Iter  80, [ 1] :    1.000000e+00
  Iter 100, [ 1] :    1.000000e+00
  Iter 120, [ 1] :    1.000000e+00
  Iter 140, [ 1] :    1.000000e+00
  Iter 160, [ 1] :    1.000000e+00
  Iter 180, [ 1] :    9.999999e-01
  Iter 200, [ 1] :    9.999999e-01
WARNING: NOX::Direction::Newton::compute() - Linear solve failed to achieve convergence - using the step anyway since "Rescue Bad Newton Solve" is true 

************************************************************************
-- Nonlinear Solver Step 50 -- 
||F|| = 4.991e+05  step = 1.000e+00  dx = 8.653e-02 (Failed!)
************************************************************************

************************************************************************
-- Final Status Test Results --
Failed.......OR Combination -> 
  **...........F-Norm = 5.372e+02 < 1.000e-05
               (Length-Scaled Two-Norm, Absolute Tolerance)
  Failed.......Number of Iterations = 50 < 50
************************************************************************
*** Teuchos::StackedTimer::report() - Remainder for a level will be ***
*** incorrect if a timer in the level does not exist on every rank  ***
*** of the MPI Communicator.                                        ***
PyAlbany Total Time: 175.718 [2]
|   PyAlbany: Setup Time: 27.3673 - 15.5745% [1]
|   PyAlbany: performSolve: 148.351 - 84.4255% [1]
|   |   Piro::NOXSolver::evalModelImpl::solve: 148.349 - 99.9985% [1]
|   |   |   Thyra::NOXNonlinearSolver::solve: 148.348 - 99.9995% [1]
|   |   |   |   Thyra::DefaultModelEvaluatorWithSolveFactory<double>::evalModel(...): 11.6028 - 7.82134% [101]
|   |   |   |   |   Albany: Total Fill Time: 11.599 - 99.9671% [101]
|   |   |   |   |   |   Albany Fill: Residual: 2.69198 - 23.2088% [51]
|   |   |   |   |   |   |   Phalanx::SortAndOrderEvaluators: 1.122e-06 - 4.16793e-05% [1]
|   |   |   |   |   |   |   Albany Residual Fill: Evaluate: 2.354 - 87.4447% [51]
|   |   |   |   |   |   |   |   Phalanx: Evaluator 8: [<Residual>] LoadStateField(bed_topography)<Residual>: 0.0335577 - 1.42556% [51]
|   |   |   |   |   |   |   |   Phalanx: Evaluator 11: [<Residual>] Save Field bed_topography to State bed_topographyResidual: 0.323801 - 13.7554% [51]
|   |   |   |   |   |   |   |   Phalanx: Evaluator 5: [<Residual>] LoadStateField(surface_height)<Residual>: 0.0312267 - 1.32654% [51]
|   |   |   |   |   |   |   |   Phalanx: Evaluator 12: [<Residual>] Save Field surface_height to State surface_heightResidual: 0.323026 - 13.7224% [51]
|   |   |   |   |   |   |   |   Phalanx: Evaluator 31: [<Residual>] Shared Parameter Glen's Law Homotopy Parameter<Residual>: 0.00235029 - 0.0998423% [51]
|   |   |   |   |   |   |   |   Phalanx: Evaluator 2: [<Residual>] Gather Coordinate Vector<Residual>: 0.0638807 - 2.71371% [51]
|   |   |   |   |   |   |   |   Phalanx: Evaluator 25: [<Residual>] ComputeBasisFunctions<Residual>: 0.0225069 - 0.956112% [51]
|   |   |   |   |   |   |   |   Phalanx: Evaluator 0: [<Residual>] Gather Solution<Residual>: 0.0137982 - 0.586159% [51]
|   |   |   |   |   |   |   |   Phalanx: Evaluator 67: [<Residual>] FastSolutionVecGradInterpolationBase<Residual>: 0.0125793 - 0.534382% [51]
|   |   |   |   |   |   |   |   Phalanx: Evaluator 7: [<Residual>] LoadStateField(temperature)<Residual>: 0.27349 - 11.6181% [51]
|   |   |   |   |   |   |   |   Phalanx: Evaluator 78: [<Residual>] P0Interpolation[temperature] <Residual>: 0.0012737 - 0.0541081% [51]
|   |   |   |   |   |   |   |   Phalanx: Evaluator 24: [<Residual>] MapToPhysicalFrame<Residual>: 0.0208295 - 0.884856% [51]
|   |   |   |   |   |   |   |   Phalanx: Evaluator 26: [<Residual>] P0Interpolation[Coord Vec] <Residual>: 0.000662165 - 0.0281294% [51]
|   |   |   |   |   |   |   |   Phalanx: Evaluator 76: [<Residual>] P0Interpolation[surface_height] <Residual>: 0.0305902 - 1.2995% [51]
|   |   |   |   |   |   |   |   Phalanx: Evaluator 3: [<Residual>] Pressure Corrected Temperature<Residual>: 0.0135736 - 0.576617% [51]
|   |   |   |   |   |   |   |   Phalanx: Evaluator 33: [<Residual>] ViscosityFO<Residual>: 0.00125199 - 0.0531856% [51]
|   |   |   |   |   |   |   |   Phalanx: Evaluator 34: [<Residual>] Dissipation: 0.0637609 - 2.70862% [51]
|   |   |   |   |   |   |   |   Phalanx: Evaluator 35: [<Residual>] P0Interpolation[LandIce Dissipation] <Residual>: 0.0129482 - 0.55005% [51]
|   |   |   |   |   |   |   |   Phalanx: Evaluator 36: [<Residual>] Save Field LandIce Dissipation to State dissipation_heatResidual: 0.448547 - 19.0547% [51]
|   |   |   |   |   |   |   |   Phalanx: Evaluator 75: [<Residual>] DOFGradInterpolationBase<Residual>: 0.000416632 - 0.0176989% [51]
|   |   |   |   |   |   |   |   Phalanx: Evaluator 37: [<Residual>] StokesFOBodyForce<Residual>: 0.00238893 - 0.101484% [51]
|   |   |   |   |   |   |   |   Phalanx: Evaluator 66: [<Residual>] FastSolutionVecInterpolationBase<Residual>: 0.00106364 - 0.0451845% [51]
|   |   |   |   |   |   |   |   Phalanx: Evaluator 28: [<Residual>] StokesFOResid<Residual>: 0.0865959 - 3.67867% [51]
|   |   |   |   |   |   |   |   Phalanx: Evaluator 63: [<Residual>] DOFCellToSide(Coord Vec -> Coord Vec_extruded_boundary_side_set_1)[Vertex Vector]<Residual>: 0.209762 - 8.91088% [51]
|   |   |   |   |   |   |   |   Phalanx: Evaluator 60: [<Residual>] ComputeBasisFunctionsSide<Residual>: 0.022944 - 0.974683% [51]
|   |   |   |   |   |   |   |   Phalanx: Evaluator 101: [<Residual>] DOFCellToSide(surface_height -> surface_height_extruded_boundary_side_set_1)[Node Scalar]<Residual>: 0.000186341 - 0.00791594% [51]
|   |   |   |   |   |   |   |   Phalanx: Evaluator 103: [<Residual>] DOFInterpolationSide<Residual>: 0.000458763 - 0.0194887% [51]
|   |   |   |   |   |   |   |   Phalanx: Evaluator 4: [<Residual>] LoadStateField(ice_thickness)<Residual>: 0.0360474 - 1.53133% [51]
|   |   |   |   |   |   |   |   Phalanx: Evaluator 99: [<Residual>] DOFCellToSide(ice_thickness -> ice_thickness_extruded_boundary_side_set_1)[Node Scalar]<Residual>: 0.000188536 - 0.00800919% [51]
|   |   |   |   |   |   |   |   Phalanx: Evaluator 100: [<Residual>] DOFInterpolationSide<Residual>: 0.00367162 - 0.155974% [51]
|   |   |   |   |   |   |   |   Phalanx: Evaluator 38: [<Residual>] StokesFOLateralResid<Residual>: 0.00130105 - 0.05527% [51]
|   |   |   |   |   |   |   |   Phalanx: Evaluator 59: [<Residual>] DOFCellToSide(Coord Vec -> Coord Vec_basalside)[Vertex Vector]<Residual>: 0.00374349 - 0.159027% [51]
|   |   |   |   |   |   |   |   Phalanx: Evaluator 56: [<Residual>] ComputeBasisFunctionsSide<Residual>: 0.0115342 - 0.489984% [51]
|   |   |   |   |   |   |   |   Phalanx: Evaluator 49: [<Residual>] Shared Parameter Power Exponent<Residual>: 0.00167903 - 0.0713269% [51]
|   |   |   |   |   |   |   |   Phalanx: Evaluator 18: [<Residual>] Load Side Set Field log_basal_friction_basalside from Side Set State log_basal_friction<Residual>: 0.0172792 - 0.734037% [51]
|   |   |   |   |   |   |   |   Phalanx: Evaluator 91: [<Residual>] DOFInterpolationSide<Residual>: 0.00018445 - 0.00783561% [51]
|   |   |   |   |   |   |   |   Phalanx: Evaluator 13: [<Residual>] Load Side Set Field ice_thickness_basalside from Side Set State ice_thickness<Residual>: 0.0190774 - 0.810427% [51]
|   |   |   |   |   |   |   |   Phalanx: Evaluator 17: [<Residual>] Load Side Set Field bed_topography_basalside from Side Set State bed_topography<Residual>: 0.0160448 - 0.681599% [51]
|   |   |   |   |   |   |   |   Phalanx: Evaluator 50: [<Residual>] BasalFrictionCoefficient<Residual>: 0.00123104 - 0.0522956% [51]
|   |   |   |   |   |   |   |   Phalanx: Evaluator 79: [<Residual>] DOFCellToSide(Velocity -> Velocity_basalside)[Node Vector]<Residual>: 0.00321318 - 0.136499% [51]
|   |   |   |   |   |   |   |   Phalanx: Evaluator 80: [<Residual>] DOFVecInterpolationSide<Residual>: 0.0026602 - 0.113008% [51]
|   |   |   |   |   |   |   |   Phalanx: Evaluator 39: [<Residual>] StokesFOBasalResid<Residual>: 0.00233055 - 0.0990038% [51]
|   |   |   |   |   |   |   |   Phalanx: Evaluator 1: [<Residual>] Scatter Velocity Residual<Residual>: 0.00405339 - 0.172192% [51]
|   |   |   |   |   |   |   |   Remainder: 0.212288 - 9.01818%
|   |   |   |   |   |   |   Albany Residual Fill: Export: 0.00323493 - 0.120169% [51]
|   |   |   |   |   |   |   Remainder: 0.334751 - 12.4351%
|   |   |   |   |   |   Albany Fill: Jacobian: 8.90574 - 76.7804% [50]
|   |   |   |   |   |   |   Phalanx::SortAndOrderEvaluators: 5.11e-07 - 5.73787e-06% [1]
|   |   |   |   |   |   |   Albany Jacobian Fill: Evaluate: 7.45736 - 83.7365% [50]
|   |   |   |   |   |   |   |   Phalanx: Evaluator 141: [<Jacobian>] Shared Parameter Glen's Law Homotopy Parameter<Jacobian>: 0.000648148 - 0.00869139% [50]
|   |   |   |   |   |   |   |   Phalanx: Evaluator 112: [<Jacobian>] Gather Coordinate Vector<Jacobian>: 0.063451 - 0.85085% [50]
|   |   |   |   |   |   |   |   Phalanx: Evaluator 135: [<Jacobian>] ComputeBasisFunctions<Jacobian>: 0.0205888 - 0.276087% [50]
|   |   |   |   |   |   |   |   Phalanx: Evaluator 110: [<Jacobian>] Gather Solution<Jacobian>: 0.0135952 - 0.182306% [50]
|   |   |   |   |   |   |   |   Phalanx: Evaluator 177: [<Jacobian>] FastSolutionVecGradInterpolationBase<Jacobian>: 0.0528827 - 0.709134% [50]
|   |   |   |   |   |   |   |   Phalanx: Evaluator 117: [<Jacobian>] LoadStateField(temperature)<Jacobian>: 0.787142 - 10.5552% [50]
|   |   |   |   |   |   |   |   Phalanx: Evaluator 187: [<Jacobian>] P0Interpolation[temperature] <Jacobian>: 0.000991548 - 0.0132962% [50]
|   |   |   |   |   |   |   |   Phalanx: Evaluator 134: [<Jacobian>] MapToPhysicalFrame<Jacobian>: 0.0197131 - 0.264344% [50]
|   |   |   |   |   |   |   |   Phalanx: Evaluator 136: [<Jacobian>] P0Interpolation[Coord Vec] <Jacobian>: 0.000674161 - 0.00904021% [50]
|   |   |   |   |   |   |   |   Phalanx: Evaluator 115: [<Jacobian>] LoadStateField(surface_height)<Jacobian>: 0.0534904 - 0.717284% [50]
|   |   |   |   |   |   |   |   Phalanx: Evaluator 185: [<Jacobian>] P0Interpolation[surface_height] <Jacobian>: 0.000518187 - 0.00694867% [50]
|   |   |   |   |   |   |   |   Phalanx: Evaluator 113: [<Jacobian>] Pressure Corrected Temperature<Jacobian>: 0.0130844 - 0.175456% [50]
|   |   |   |   |   |   |   |   Phalanx: Evaluator 143: [<Jacobian>] ViscosityFO<Jacobian>: 0.00144467 - 0.0193724% [50]
|   |   |   |   |   |   |   |   Phalanx: Evaluator 184: [<Jacobian>] DOFGradInterpolationBase<Jacobian>: 0.42845 - 5.74533% [50]
|   |   |   |   |   |   |   |   Phalanx: Evaluator 147: [<Jacobian>] StokesFOBodyForce<Jacobian>: 0.00244303 - 0.0327599% [50]
|   |   |   |   |   |   |   |   Phalanx: Evaluator 176: [<Jacobian>] FastSolutionVecInterpolationBase<Jacobian>: 0.00328752 - 0.0440842% [50]
|   |   |   |   |   |   |   |   Phalanx: Evaluator 138: [<Jacobian>] StokesFOResid<Jacobian>: 0.266086 - 3.5681% [50]
|   |   |   |   |   |   |   |   Phalanx: Evaluator 173: [<Jacobian>] DOFCellToSide(Coord Vec -> Coord Vec_extruded_boundary_side_set_1)[Vertex Vector]<Jacobian>: 5.2799 - 70.8012% [50]
|   |   |   |   |   |   |   |   Phalanx: Evaluator 170: [<Jacobian>] ComputeBasisFunctionsSide<Jacobian>: 0.0172588 - 0.231433% [50]
|   |   |   |   |   |   |   |   Phalanx: Evaluator 210: [<Jacobian>] DOFCellToSide(surface_height -> surface_height_extruded_boundary_side_set_1)[Node Scalar]<Jacobian>: 0.000180929 - 0.00242618% [50]
|   |   |   |   |   |   |   |   Phalanx: Evaluator 212: [<Jacobian>] DOFInterpolationSide<Jacobian>: 0.000424114 - 0.00568719% [50]
|   |   |   |   |   |   |   |   Phalanx: Evaluator 114: [<Jacobian>] LoadStateField(ice_thickness)<Jacobian>: 0.0356548 - 0.478115% [50]
|   |   |   |   |   |   |   |   Phalanx: Evaluator 208: [<Jacobian>] DOFCellToSide(ice_thickness -> ice_thickness_extruded_boundary_side_set_1)[Node Scalar]<Jacobian>: 0.000164341 - 0.00220374% [50]
|   |   |   |   |   |   |   |   Phalanx: Evaluator 209: [<Jacobian>] DOFInterpolationSide<Jacobian>: 0.0038327 - 0.0513949% [50]
|   |   |   |   |   |   |   |   Phalanx: Evaluator 148: [<Jacobian>] StokesFOLateralResid<Jacobian>: 0.00124793 - 0.0167343% [50]
|   |   |   |   |   |   |   |   Phalanx: Evaluator 169: [<Jacobian>] DOFCellToSide(Coord Vec -> Coord Vec_basalside)[Vertex Vector]<Jacobian>: 0.0786413 - 1.05455% [50]
|   |   |   |   |   |   |   |   Phalanx: Evaluator 166: [<Jacobian>] ComputeBasisFunctionsSide<Jacobian>: 0.011362 - 0.152359% [50]
|   |   |   |   |   |   |   |   Phalanx: Evaluator 159: [<Jacobian>] Shared Parameter Power Exponent<Jacobian>: 0.00208482 - 0.0279565% [50]
|   |   |   |   |   |   |   |   Phalanx: Evaluator 128: [<Jacobian>] Load Side Set Field log_basal_friction_basalside from Side Set State log_basal_friction<Jacobian>: 0.0169705 - 0.227568% [50]
|   |   |   |   |   |   |   |   Phalanx: Evaluator 200: [<Jacobian>] DOFInterpolationSide<Jacobian>: 0.000162544 - 0.00217965% [50]
|   |   |   |   |   |   |   |   Phalanx: Evaluator 123: [<Jacobian>] Load Side Set Field ice_thickness_basalside from Side Set State ice_thickness<Jacobian>: 0.0193091 - 0.258927% [50]
|   |   |   |   |   |   |   |   Phalanx: Evaluator 127: [<Jacobian>] Load Side Set Field bed_topography_basalside from Side Set State bed_topography<Jacobian>: 0.016151 - 0.216578% [50]
|   |   |   |   |   |   |   |   Phalanx: Evaluator 160: [<Jacobian>] BasalFrictionCoefficient<Jacobian>: 0.00131503 - 0.017634% [50]
|   |   |   |   |   |   |   |   Phalanx: Evaluator 188: [<Jacobian>] DOFCellToSide(Velocity -> Velocity_basalside)[Node Vector]<Jacobian>: 0.00581092 - 0.077922% [50]
|   |   |   |   |   |   |   |   Phalanx: Evaluator 189: [<Jacobian>] DOFVecInterpolationSide<Jacobian>: 0.0163575 - 0.219347% [50]
|   |   |   |   |   |   |   |   Phalanx: Evaluator 149: [<Jacobian>] StokesFOBasalResid<Jacobian>: 0.0206669 - 0.277134% [50]
|   |   |   |   |   |   |   |   Phalanx: Evaluator 111: [<Jacobian>] Scatter Velocity Residual<Jacobian>: 0.0430467 - 0.577239% [50]
|   |   |   |   |   |   |   |   Remainder: 0.158326 - 2.12308%
|   |   |   |   |   |   |   Albany Jacobian Fill: Export: 0.00287676 - 0.0323023% [50]
|   |   |   |   |   |   |   Remainder: 1.44551 - 16.2312%
|   |   |   |   |   |   Remainder: 0.00125496 - 0.0108196%
|   |   |   |   |   Remainder: 0.00381188 - 0.0328531%
|   |   |   |   NOX Total Preconditioner Construction: 53.2366 - 35.8864% [50]
|   |   |   |   |   ThyraMueLu::initializePrec: 52.7634 - 99.1111% [50]
|   |   |   |   |   |   MueLu: ParameterListInterpreter (ParameterList): 0.037881 - 0.0717941% [50]
|   |   |   |   |   |   Ifpack2::Relaxation::initialize: 0.6872 - 1.30242% [150]
|   |   |   |   |   |   Ifpack2::Relaxation::compute: 0.0556376 - 0.105447% [150]
|   |   |   |   |   |   Utilities_kokkos::GetMatrixDiagonalInverse: 0.00313873 - 0.00594869% [50]
|   |   |   |   |   |   Remainder: 51.9795 - 98.5144%
|   |   |   |   |   Remainder: 0.473241 - 0.888938%
|   |   |   |   NOX Total Linear Solve: 83.4655 - 56.2634% [50]
|   |   |   |   |   Stratimikos: BelosLOWS: 83.4654 - 99.9998% [50]
|   |   |   |   |   |   Belos: Operation Op*x: 0.0616006 - 0.0738038% [50]
|   |   |   |   |   |   Belos::MVT::MvAddMv: 0.000499172 - 0.000598059% [50]
|   |   |   |   |   |   Belos: BlockGmresSolMgr total solve time: 82.7775 - 99.1759% [50]
|   |   |   |   |   |   |   Belos: ICGS[2]: Orthogonalization: 27.4385 - 33.1472% [10050]
|   |   |   |   |   |   |   |   Belos: ICGS[2]: Ortho (Norm): 0.382669 - 1.39464% [10050]
|   |   |   |   |   |   |   |   |   Belos::MVT::MvDot: 0.371871 - 97.1783% [10050]
|   |   |   |   |   |   |   |   |   Remainder: 0.0107979 - 2.82174%
|   |   |   |   |   |   |   |   Belos::MVT::MvScale: 0.0539323 - 0.196557% [10050]
|   |   |   |   |   |   |   |   Belos: ICGS[2]: Ortho (Inner Product): 14.8701 - 54.1942% [20000]
|   |   |   |   |   |   |   |   |   Belos::MVT::MvTransMv: 14.8442 - 99.8258% [20000]
|   |   |   |   |   |   |   |   |   Remainder: 0.0258994 - 0.174171%
|   |   |   |   |   |   |   |   Belos: ICGS[2]: Ortho (Update): 12.0516 - 43.9224% [20000]
|   |   |   |   |   |   |   |   |   Belos::MVT::MvTimesMatAddMv: 12.03 - 99.8207% [20000]
|   |   |   |   |   |   |   |   |   Remainder: 0.0216027 - 0.179251%
|   |   |   |   |   |   |   |   Remainder: 0.0801729 - 0.292192%
|   |   |   |   |   |   |   Belos::MVT::MvAddMv: 0.000909205 - 0.00109837% [100]
|   |   |   |   |   |   |   Belos::MVT::MvNorm: 0.0589086 - 0.0711649% [50]
|   |   |   |   |   |   |   Belos: Operation Prec*x: 31.1385 - 37.6171% [10050]
|   |   |   |   |   |   |   |   Ifpack2::Relaxation::apply: 8.32349 - 26.7305% [50250]
|   |   |   |   |   |   |   |   Remainder: 22.815 - 73.2695%
|   |   |   |   |   |   |   Belos: Operation Op*x: 21.6549 - 26.1604% [10000]
|   |   |   |   |   |   |   Belos::MVT::MvTimesMatAddMv: 0.117895 - 0.142424% [50]
|   |   |   |   |   |   |   Remainder: 2.36794 - 2.86061%
|   |   |   |   |   |   Remainder: 0.625732 - 0.749691%
|   |   |   |   |   Remainder: 0.000130653 - 0.000156535%
|   |   |   |   Remainder: 0.0429288 - 0.028938%
|   |   |   Remainder: 0.000730867 - 0.000492669%
|   |   Piro::SteadyStateSolver::evalConvergedModelResponsesAndSensitivities::calc g, df/dp, dg/dp, dg/dx: 0.00109035 - 0.000734981% [1]
|   |   |   Thyra::DefaultModelEvaluatorWithSolveFactory<double>::evalModel(...): 0.00103461 - 94.8882% [1]
|   |   |   |   Albany: Total Fill Time: 0.00100886 - 97.5111% [1]
|   |   |   |   |   Albany Fill: Response: 0.000994916 - 98.6177% [1]
|   |   |   |   |   Remainder: 1.3946e-05 - 1.38235%
|   |   |   |   Remainder: 2.575e-05 - 2.48886%
|   |   |   Remainder: 5.5737e-05 - 5.11185%
|   |   Remainder: 0.0010797 - 0.000727802%
|   Remainder: 1.1923e-05 - 6.7853e-06%
~PyProblem()
<PyAlbany.Albany_Pybind11.RCPPyParameterList object at 0x14ab402af0f0>
<PyAlbany.Albany_Pybind11.RCPPyParameterList object at 0x14ab402af130>
Solve time: 1000000000000.0
~PyParallelEnv()

