*********************************************************************************
**  ______   __  __   ______   __       ______   ______   __   __   __  __     **
** /\  == \ /\ \_\ \ /\  __ \ /\ \     /\  == \ /\  __ \ /\ "-.\ \ /\ \_\ \    **
** \ \  __/ \ \____ \\ \  __ \\ \ \____\ \  __< \ \  __ \\ \ \-.  \\ \____ \   **
**  \ \_\    \/\_____\\ \_\ \_\\ \_____\\ \_____\\ \_\ \_\\ \_\\"\_\\/\_____\  **
**   \/_/     \/_____/ \/_/\/_/ \/_____/ \/_____/ \/_/\/_/ \/_/ \/_/ \/_____/  **
**                                                                             **
*********************************************************************************
** Trilinos git commit id - c70ae3dfa18
** Albany git branch ------ pybind11_PR
** Albany git commit id --- 7a1da3122
** Albany cxx compiler ---- GNU 10.3.0
** Albany cuda compiler --- Cuda 115
** Simulation start time -- 2022-09-26 at 08:38:31
***************************************************************
Albany_IOSS: Loading STKMesh from Exodus file  /global/homes/m/mcarlson/LandIce/ALITune/optimize/data/mesh-pop-wdg/gis_basal_populated.exo
Albany_IOSS: Loading STKMesh from Exodus file  /global/homes/m/mcarlson/LandIce/ALITune/optimize/data/mesh-pop-wdg/gis_upper_populated.exo
IOSS-STK: number of node sets = 3
IOSS-STK: number of side sets = 3
IOSS-STK: number of node sets = 3
IOSS-STK: number of side sets = 3
IOSS-STK: number of node sets = 1
IOSS-STK: number of side sets = 0
Restart Index set, reading solution index : 1
[GenericSTKMeshStruct] Processing field requirements...
  - Skipping field 'ice_thickness' since it's listed as present in the mesh.
  - Skipping field 'observed_ice_thickness' since it's listed as present in the mesh.
  - Skipping field 'observed_ice_thickness_RMS' since it's listed as present in the mesh.
  - Skipping field 'surface_height' since it's listed as present in the mesh.
  - Skipping field 'bed_topography' since it's listed as present in the mesh.
  - Skipping field 'log_basal_friction' since it's listed as present in the mesh.
  - Skipping field 'temperature' since it's listed as present in the mesh.
  - Skipping field 'apparent_mass_balance' since it's listed as present in the mesh.
  - Skipping field 'apparent_mass_balance_RMS' since it's listed as present in the mesh.
[ExtrudedSTKMesh] Adding nodes... done!
[ExtrudedSTKMesh] Adding elements... done!
[ExtrudedSTKMesh] Adding basalside sides... done!
[ExtrudedSTKMesh] Adding upperside sides... done!
[ExtrudedSTKMesh] Adding lateral sides... done!
[ExtrudedSTKMesh] Extruding basal fields...
  - Extruding Scalar Node field ice_thickness...done!
  - Extruding Scalar Node field surface_height...done!
  - Extruding Scalar Node field log_basal_friction...done!
  - Extruding Scalar Node field bed_topography...done!
  - Extruding Scalar Node field apparent_mass_balance...done!
  - Extruding Scalar Node field apparent_mass_balance_RMS...done!
[ExtrudedSTKMesh] Interpolating layered basal fields...
  - Interpolating Scalar field temperature...done!
[GenericSTKMeshStruct] Processing field requirements...
  - Skipping field 'ice_thickness' since it's listed as present in the mesh.
  - Skipping field 'surface_height' since it's listed as present in the mesh.
  - Skipping field 'log_basal_friction' since it's listed as present in the mesh.
  - Skipping field 'temperature' since it's listed as present in the mesh.
  - Skipping field 'bed_topography' since it's listed as present in the mesh.
  - Skipping field 'apparent_mass_balance' since it's listed as present in the mesh.
  - Skipping field 'apparent_mass_balance_RMS' since it's listed as present in the mesh.
  - Skipping field 'bed_topography' since it's listed as output. Make sure there's an evaluator set to save it!
  - Skipping field 'surface_height' since it's listed as output. Make sure there's an evaluator set to save it!
Restart Index set, reading solution index : 1
[GenericSTKMeshStruct] Processing field requirements...
  - Skipping field 'observed_surface_velocity' since it's listed as present in the mesh.
  - Skipping field 'observed_surface_velocity_RMS' since it's listed as present in the mesh.
STKDisc: 725880 elements on Proc 0 
STKDisc: nodeset basal_boundary_node_set_0 has size 0  on Proc 0.
STKDisc: nodeset basal_boundary_node_set_1 has size 6027  on Proc 0.
STKDisc: nodeset basal_node_set has size 39224  on Proc 0.
STKDisc: nodeset bottom has size 39224  on Proc 0.
STKDisc: nodeset extruded_boundary_node_set_0 has size 0  on Proc 0.
STKDisc: nodeset extruded_boundary_node_set_1 has size 66297  on Proc 0.
STKDisc: nodeset extruded_node_set has size 431464  on Proc 0.
STKDisc: nodeset lateral has size 66297  on Proc 0.
STKDisc: nodeset top has size 39224  on Proc 0.
STKDisc: sideset basalside has size 72588  on Proc 0.
STKDisc: sideset extruded_boundary_side_set has size 60460  on Proc 0.
STKDisc: sideset extruded_boundary_side_set_1 has size 57830  on Proc 0.
STKDisc: sideset extruded_boundary_side_set_1_tri3_edge2 has size 57830  on Proc 0.
STKDisc: sideset extruded_boundary_side_set_2 has size 2630  on Proc 0.
STKDisc: sideset extruded_boundary_side_set_2_tri3_edge2 has size 2630  on Proc 0.
STKDisc: sideset extruded_boundary_side_set_tri3_edge2 has size 60460  on Proc 0.
STKDisc: sideset lateralside has size 60460  on Proc 0.
STKDisc: sideset upperside has size 72588  on Proc 0.
STKDisc: 72588 elements on Proc 0 
STKDisc: nodeset boundary_node_set_0 has size 0  on Proc 0.
STKDisc: nodeset boundary_node_set_1 has size 6027  on Proc 0.
STKDisc: nodeset node_set has size 39224  on Proc 0.
STKDisc: sideset boundary_side_set has size 6046  on Proc 0.
STKDisc: sideset boundary_side_set_1 has size 5783  on Proc 0.
STKDisc: sideset boundary_side_set_2 has size 263  on Proc 0.
STKDisc: 72588 elements on Proc 0 
STKDisc: nodeset all_nodes has size 39224  on Proc 0.
StateManager: initializing state:  ice_thickness
StateManager: initializing state:  surface_height
StateManager: initializing state:  log_basal_friction
StateManager: initializing state:  temperature
StateManager: initializing state:  bed_topography
StateManager: initializing state:  apparent_mass_balance
StateManager: initializing state:  apparent_mass_balance_RMS
StateManager: initializing state:  dissipation_heat

StateManager: initializing state:  ice_thickness
StateManager: initializing state:  observed_ice_thickness
StateManager: initializing state:  observed_ice_thickness_RMS
StateManager: initializing state:  surface_height
StateManager: initializing state:  bed_topography
StateManager: initializing state:  log_basal_friction
StateManager: initializing state:  temperature
StateManager: initializing state:  apparent_mass_balance
StateManager: initializing state:  apparent_mass_balance_RMS

StateManager: initializing state:  observed_surface_velocity
StateManager: initializing state:  observed_surface_velocity_RMS

xxxxxxxxxxxxxxxxxxxxxxxxxxxxxxxxxxxxxxxxxxxxxxx
 Sacado ParameterLibrary has been initialized:
 Library of all registered parameters:
xxxxxxxxxxxxxxxxxxxxxxxxxxxxxxxxxxxxxxxxxxxxxxx

Total number of parameters  = 0
Number of non-distributed parameters  = 0
Number of response vectors  = 1
Number of distributed parameters vectors  = 0

************************************************************************
-- Nonlinear Solver Step 0 -- 
||F|| = 5.152e+05  step = 0.000e+00  dx = 0.000e+00
************************************************************************

  
  *******************************************************
  ***** Belos Iterative Solver:  Block Gmres 
  ***** Maximum Iterations: 200
  ***** Block Size: 1
  ***** Residual Test: 
  *****   Test 1 : Belos::StatusTestImpResNorm<>: (2-Norm Res Vec) / (2-Norm Res0), tol = 1e-08
  *******************************************************
  Iter   0, [ 1] :    1.000000e+00
  Iter  20, [ 1] :    9.787839e-01
  Iter  40, [ 1] :    9.775895e-01
  Iter  60, [ 1] :    9.771280e-01
  Iter  80, [ 1] :    9.767659e-01
  Iter 100, [ 1] :    9.765763e-01
  Iter 120, [ 1] :    9.764444e-01
  Iter 140, [ 1] :    9.763606e-01
  Iter 160, [ 1] :    9.762868e-01
  Iter 180, [ 1] :    9.762198e-01
  Iter 200, [ 1] :    9.761582e-01
WARNING: NOX::Direction::Newton::compute() - Linear solve failed to achieve convergence - using the step anyway since "Rescue Bad Newton Solve" is true 

************************************************************************
-- Nonlinear Solver Step 1 -- 
||F|| = 5.037e+05  step = 1.000e+00  dx = 5.080e+02
************************************************************************

  
  *******************************************************
  ***** Belos Iterative Solver:  Block Gmres 
  ***** Maximum Iterations: 200
  ***** Block Size: 1
  ***** Residual Test: 
  *****   Test 1 : Belos::StatusTestImpResNorm<>: (2-Norm Res Vec) / (2-Norm Res0), tol = 1e-08
  *******************************************************
  Iter   0, [ 1] :    1.000000e+00
  Iter  20, [ 1] :    9.971096e-01
  Iter  40, [ 1] :    9.968776e-01
  Iter  60, [ 1] :    9.968073e-01
  Iter  80, [ 1] :    9.967391e-01
  Iter 100, [ 1] :    9.967093e-01
  Iter 120, [ 1] :    9.966746e-01
  Iter 140, [ 1] :    9.966517e-01
  Iter 160, [ 1] :    9.966181e-01
  Iter 180, [ 1] :    9.965806e-01
  Iter 200, [ 1] :    9.965697e-01
WARNING: NOX::Direction::Newton::compute() - Linear solve failed to achieve convergence - using the step anyway since "Rescue Bad Newton Solve" is true 

************************************************************************
-- Nonlinear Solver Step 2 -- 
||F|| = 5.020e+05  step = 1.000e+00  dx = 3.400e+02
************************************************************************

  
  *******************************************************
  ***** Belos Iterative Solver:  Block Gmres 
  ***** Maximum Iterations: 200
  ***** Block Size: 1
  ***** Residual Test: 
  *****   Test 1 : Belos::StatusTestImpResNorm<>: (2-Norm Res Vec) / (2-Norm Res0), tol = 1e-08
  *******************************************************
  Iter   0, [ 1] :    1.000000e+00
  Iter  20, [ 1] :    9.989654e-01
  Iter  40, [ 1] :    9.988977e-01
  Iter  60, [ 1] :    9.988781e-01
  Iter  80, [ 1] :    9.988685e-01
  Iter 100, [ 1] :    9.988565e-01
  Iter 120, [ 1] :    9.988441e-01
  Iter 140, [ 1] :    9.988226e-01
  Iter 160, [ 1] :    9.988134e-01
  Iter 180, [ 1] :    9.988037e-01
  Iter 200, [ 1] :    9.987961e-01
WARNING: NOX::Direction::Newton::compute() - Linear solve failed to achieve convergence - using the step anyway since "Rescue Bad Newton Solve" is true 

************************************************************************
-- Nonlinear Solver Step 3 -- 
||F|| = 5.015e+05  step = 1.000e+00  dx = 3.343e+02
************************************************************************

  
  *******************************************************
  ***** Belos Iterative Solver:  Block Gmres 
  ***** Maximum Iterations: 200
  ***** Block Size: 1
  ***** Residual Test: 
  *****   Test 1 : Belos::StatusTestImpResNorm<>: (2-Norm Res Vec) / (2-Norm Res0), tol = 1e-08
  *******************************************************
  Iter   0, [ 1] :    1.000000e+00
  Iter  20, [ 1] :    9.997097e-01
  Iter  40, [ 1] :    9.996836e-01
  Iter  60, [ 1] :    9.996763e-01
  Iter  80, [ 1] :    9.996672e-01
  Iter 100, [ 1] :    9.996635e-01
  Iter 120, [ 1] :    9.996573e-01
  Iter 140, [ 1] :    9.996496e-01
  Iter 160, [ 1] :    9.996370e-01
  Iter 180, [ 1] :    9.996232e-01
  Iter 200, [ 1] :    9.996038e-01
WARNING: NOX::Direction::Newton::compute() - Linear solve failed to achieve convergence - using the step anyway since "Rescue Bad Newton Solve" is true 

************************************************************************
-- Nonlinear Solver Step 4 -- 
||F|| = 5.013e+05  step = 1.000e+00  dx = 2.122e+02
************************************************************************

  
  *******************************************************
  ***** Belos Iterative Solver:  Block Gmres 
  ***** Maximum Iterations: 200
  ***** Block Size: 1
  ***** Residual Test: 
  *****   Test 1 : Belos::StatusTestImpResNorm<>: (2-Norm Res Vec) / (2-Norm Res0), tol = 1e-08
  *******************************************************
  Iter   0, [ 1] :    1.000000e+00
  Iter  20, [ 1] :    9.999592e-01
  Iter  40, [ 1] :    9.999513e-01
  Iter  60, [ 1] :    9.999501e-01
  Iter  80, [ 1] :    9.999484e-01
  Iter 100, [ 1] :    9.999453e-01
  Iter 120, [ 1] :    9.999439e-01
  Iter 140, [ 1] :    9.999397e-01
  Iter 160, [ 1] :    9.999340e-01
  Iter 180, [ 1] :    9.999267e-01
  Iter 200, [ 1] :    9.999142e-01
WARNING: NOX::Direction::Newton::compute() - Linear solve failed to achieve convergence - using the step anyway since "Rescue Bad Newton Solve" is true 

************************************************************************
-- Nonlinear Solver Step 5 -- 
||F|| = 5.013e+05  step = 1.000e+00  dx = 9.078e+01
************************************************************************

  
  *******************************************************
  ***** Belos Iterative Solver:  Block Gmres 
  ***** Maximum Iterations: 200
  ***** Block Size: 1
  ***** Residual Test: 
  *****   Test 1 : Belos::StatusTestImpResNorm<>: (2-Norm Res Vec) / (2-Norm Res0), tol = 1e-08
  *******************************************************
  Iter   0, [ 1] :    1.000000e+00
  Iter  20, [ 1] :    9.999937e-01
  Iter  40, [ 1] :    9.999926e-01
  Iter  60, [ 1] :    9.999922e-01
  Iter  80, [ 1] :    9.999920e-01
  Iter 100, [ 1] :    9.999914e-01
  Iter 120, [ 1] :    9.999912e-01
  Iter 140, [ 1] :    9.999905e-01
  Iter 160, [ 1] :    9.999894e-01
  Iter 180, [ 1] :    9.999864e-01
  Iter 200, [ 1] :    9.999828e-01
WARNING: NOX::Direction::Newton::compute() - Linear solve failed to achieve convergence - using the step anyway since "Rescue Bad Newton Solve" is true 

************************************************************************
-- Nonlinear Solver Step 6 -- 
||F|| = 5.013e+05  step = 1.000e+00  dx = 3.847e+01
************************************************************************

  
  *******************************************************
  ***** Belos Iterative Solver:  Block Gmres 
  ***** Maximum Iterations: 200
  ***** Block Size: 1
  ***** Residual Test: 
  *****   Test 1 : Belos::StatusTestImpResNorm<>: (2-Norm Res Vec) / (2-Norm Res0), tol = 1e-08
  *******************************************************
  Iter   0, [ 1] :    1.000000e+00
  Iter  20, [ 1] :    9.999997e-01
  Iter  40, [ 1] :    9.999996e-01
  Iter  60, [ 1] :    9.999995e-01
  Iter  80, [ 1] :    9.999994e-01
  Iter 100, [ 1] :    9.999993e-01
  Iter 120, [ 1] :    9.999993e-01
  Iter 140, [ 1] :    9.999989e-01
  Iter 160, [ 1] :    9.999987e-01
  Iter 180, [ 1] :    9.999985e-01
  Iter 200, [ 1] :    9.999976e-01
WARNING: NOX::Direction::Newton::compute() - Linear solve failed to achieve convergence - using the step anyway since "Rescue Bad Newton Solve" is true 

************************************************************************
-- Nonlinear Solver Step 7 -- 
||F|| = 5.013e+05  step = 1.000e+00  dx = 9.181e+00
************************************************************************

  
  *******************************************************
  ***** Belos Iterative Solver:  Block Gmres 
  ***** Maximum Iterations: 200
  ***** Block Size: 1
  ***** Residual Test: 
  *****   Test 1 : Belos::StatusTestImpResNorm<>: (2-Norm Res Vec) / (2-Norm Res0), tol = 1e-08
  *******************************************************
  Iter   0, [ 1] :    1.000000e+00
  Iter  20, [ 1] :    1.000000e+00
  Iter  40, [ 1] :    9.999999e-01
  Iter  60, [ 1] :    9.999999e-01
  Iter  80, [ 1] :    9.999999e-01
  Iter 100, [ 1] :    9.999998e-01
  Iter 120, [ 1] :    9.999995e-01
  Iter 140, [ 1] :    9.999993e-01
  Iter 160, [ 1] :    9.999993e-01
  Iter 180, [ 1] :    9.999990e-01
  Iter 200, [ 1] :    9.999982e-01
WARNING: NOX::Direction::Newton::compute() - Linear solve failed to achieve convergence - using the step anyway since "Rescue Bad Newton Solve" is true 

************************************************************************
-- Nonlinear Solver Step 8 -- 
||F|| = 5.013e+05  step = 1.000e+00  dx = 2.922e+00
************************************************************************

  
  *******************************************************
  ***** Belos Iterative Solver:  Block Gmres 
  ***** Maximum Iterations: 200
  ***** Block Size: 1
  ***** Residual Test: 
  *****   Test 1 : Belos::StatusTestImpResNorm<>: (2-Norm Res Vec) / (2-Norm Res0), tol = 1e-08
  *******************************************************
  Iter   0, [ 1] :    1.000000e+00
  Iter  20, [ 1] :    9.999996e-01
  Iter  40, [ 1] :    9.999996e-01
  Iter  60, [ 1] :    9.999996e-01
  Iter  80, [ 1] :    9.999995e-01
  Iter 100, [ 1] :    9.999995e-01
  Iter 120, [ 1] :    9.999995e-01
  Iter 140, [ 1] :    9.999994e-01
  Iter 160, [ 1] :    9.999994e-01
  Iter 180, [ 1] :    9.999993e-01
  Iter 200, [ 1] :    9.999988e-01
WARNING: NOX::Direction::Newton::compute() - Linear solve failed to achieve convergence - using the step anyway since "Rescue Bad Newton Solve" is true 

************************************************************************
-- Nonlinear Solver Step 9 -- 
||F|| = 5.013e+05  step = 1.000e+00  dx = 7.890e+00
************************************************************************

  
  *******************************************************
  ***** Belos Iterative Solver:  Block Gmres 
  ***** Maximum Iterations: 200
  ***** Block Size: 1
  ***** Residual Test: 
  *****   Test 1 : Belos::StatusTestImpResNorm<>: (2-Norm Res Vec) / (2-Norm Res0), tol = 1e-08
  *******************************************************
  Iter   0, [ 1] :    1.000000e+00
  Iter  20, [ 1] :    9.999999e-01
  Iter  40, [ 1] :    9.999999e-01
  Iter  60, [ 1] :    9.999999e-01
  Iter  80, [ 1] :    9.999998e-01
  Iter 100, [ 1] :    9.999998e-01
  Iter 120, [ 1] :    9.999997e-01
  Iter 140, [ 1] :    9.999997e-01
  Iter 160, [ 1] :    9.999997e-01
  Iter 180, [ 1] :    9.999996e-01
  Iter 200, [ 1] :    9.999995e-01
WARNING: NOX::Direction::Newton::compute() - Linear solve failed to achieve convergence - using the step anyway since "Rescue Bad Newton Solve" is true 

************************************************************************
-- Nonlinear Solver Step 10 -- 
||F|| = 5.013e+05  step = 1.000e+00  dx = 2.167e+00
************************************************************************

  
  *******************************************************
  ***** Belos Iterative Solver:  Block Gmres 
  ***** Maximum Iterations: 200
  ***** Block Size: 1
  ***** Residual Test: 
  *****   Test 1 : Belos::StatusTestImpResNorm<>: (2-Norm Res Vec) / (2-Norm Res0), tol = 1e-08
  *******************************************************
  Iter   0, [ 1] :    1.000000e+00
  Iter  20, [ 1] :    1.000000e+00
  Iter  40, [ 1] :    9.999999e-01
  Iter  60, [ 1] :    9.999999e-01
  Iter  80, [ 1] :    9.999998e-01
  Iter 100, [ 1] :    9.999998e-01
  Iter 120, [ 1] :    9.999998e-01
  Iter 140, [ 1] :    9.999998e-01
  Iter 160, [ 1] :    9.999998e-01
  Iter 180, [ 1] :    9.999997e-01
  Iter 200, [ 1] :    9.999997e-01
WARNING: NOX::Direction::Newton::compute() - Linear solve failed to achieve convergence - using the step anyway since "Rescue Bad Newton Solve" is true 

************************************************************************
-- Nonlinear Solver Step 11 -- 
||F|| = 5.013e+05  step = 1.000e+00  dx = 2.856e+00
************************************************************************

  
  *******************************************************
  ***** Belos Iterative Solver:  Block Gmres 
  ***** Maximum Iterations: 200
  ***** Block Size: 1
  ***** Residual Test: 
  *****   Test 1 : Belos::StatusTestImpResNorm<>: (2-Norm Res Vec) / (2-Norm Res0), tol = 1e-08
  *******************************************************
  Iter   0, [ 1] :    1.000000e+00
  Iter  20, [ 1] :    1.000000e+00
  Iter  40, [ 1] :    1.000000e+00
  Iter  60, [ 1] :    9.999999e-01
  Iter  80, [ 1] :    9.999999e-01
  Iter 100, [ 1] :    9.999998e-01
  Iter 120, [ 1] :    9.999997e-01
  Iter 140, [ 1] :    9.999997e-01
  Iter 160, [ 1] :    9.999996e-01
  Iter 180, [ 1] :    9.999996e-01
  Iter 200, [ 1] :    9.999995e-01
WARNING: NOX::Direction::Newton::compute() - Linear solve failed to achieve convergence - using the step anyway since "Rescue Bad Newton Solve" is true 

************************************************************************
-- Nonlinear Solver Step 12 -- 
||F|| = 5.013e+05  step = 1.000e+00  dx = 2.392e-01
************************************************************************

  
  *******************************************************
  ***** Belos Iterative Solver:  Block Gmres 
  ***** Maximum Iterations: 200
  ***** Block Size: 1
  ***** Residual Test: 
  *****   Test 1 : Belos::StatusTestImpResNorm<>: (2-Norm Res Vec) / (2-Norm Res0), tol = 1e-08
  *******************************************************
  Iter   0, [ 1] :    1.000000e+00
  Iter  20, [ 1] :    9.999999e-01
  Iter  40, [ 1] :    9.999999e-01
  Iter  60, [ 1] :    9.999998e-01
  Iter  80, [ 1] :    9.999998e-01
  Iter 100, [ 1] :    9.999998e-01
  Iter 120, [ 1] :    9.999998e-01
  Iter 140, [ 1] :    9.999998e-01
  Iter 160, [ 1] :    9.999998e-01
  Iter 180, [ 1] :    9.999997e-01
  Iter 200, [ 1] :    9.999996e-01
WARNING: NOX::Direction::Newton::compute() - Linear solve failed to achieve convergence - using the step anyway since "Rescue Bad Newton Solve" is true 

************************************************************************
-- Nonlinear Solver Step 13 -- 
||F|| = 5.013e+05  step = 1.000e+00  dx = 4.445e+00
************************************************************************

  
  *******************************************************
  ***** Belos Iterative Solver:  Block Gmres 
  ***** Maximum Iterations: 200
  ***** Block Size: 1
  ***** Residual Test: 
  *****   Test 1 : Belos::StatusTestImpResNorm<>: (2-Norm Res Vec) / (2-Norm Res0), tol = 1e-08
  *******************************************************
  Iter   0, [ 1] :    1.000000e+00
  Iter  20, [ 1] :    1.000000e+00
  Iter  40, [ 1] :    9.999999e-01
  Iter  60, [ 1] :    9.999999e-01
  Iter  80, [ 1] :    9.999998e-01
  Iter 100, [ 1] :    9.999998e-01
  Iter 120, [ 1] :    9.999998e-01
  Iter 140, [ 1] :    9.999998e-01
  Iter 160, [ 1] :    9.999998e-01
  Iter 180, [ 1] :    9.999997e-01
  Iter 200, [ 1] :    9.999997e-01
WARNING: NOX::Direction::Newton::compute() - Linear solve failed to achieve convergence - using the step anyway since "Rescue Bad Newton Solve" is true 

************************************************************************
-- Nonlinear Solver Step 14 -- 
||F|| = 5.013e+05  step = 1.000e+00  dx = 1.225e+00
************************************************************************

  
  *******************************************************
  ***** Belos Iterative Solver:  Block Gmres 
  ***** Maximum Iterations: 200
  ***** Block Size: 1
  ***** Residual Test: 
  *****   Test 1 : Belos::StatusTestImpResNorm<>: (2-Norm Res Vec) / (2-Norm Res0), tol = 1e-08
  *******************************************************
  Iter   0, [ 1] :    1.000000e+00
  Iter  20, [ 1] :    1.000000e+00
  Iter  40, [ 1] :    9.999999e-01
  Iter  60, [ 1] :    9.999999e-01
  Iter  80, [ 1] :    9.999998e-01
  Iter 100, [ 1] :    9.999998e-01
  Iter 120, [ 1] :    9.999998e-01
  Iter 140, [ 1] :    9.999997e-01
  Iter 160, [ 1] :    9.999997e-01
  Iter 180, [ 1] :    9.999996e-01
  Iter 200, [ 1] :    9.999996e-01
WARNING: NOX::Direction::Newton::compute() - Linear solve failed to achieve convergence - using the step anyway since "Rescue Bad Newton Solve" is true 

************************************************************************
-- Nonlinear Solver Step 15 -- 
||F|| = 5.013e+05  step = 1.000e+00  dx = 2.295e+00
************************************************************************

  
  *******************************************************
  ***** Belos Iterative Solver:  Block Gmres 
  ***** Maximum Iterations: 200
  ***** Block Size: 1
  ***** Residual Test: 
  *****   Test 1 : Belos::StatusTestImpResNorm<>: (2-Norm Res Vec) / (2-Norm Res0), tol = 1e-08
  *******************************************************
  Iter   0, [ 1] :    1.000000e+00
  Iter  20, [ 1] :    9.999999e-01
  Iter  40, [ 1] :    9.999998e-01
  Iter  60, [ 1] :    9.999998e-01
  Iter  80, [ 1] :    9.999998e-01
  Iter 100, [ 1] :    9.999997e-01
  Iter 120, [ 1] :    9.999997e-01
  Iter 140, [ 1] :    9.999997e-01
  Iter 160, [ 1] :    9.999996e-01
  Iter 180, [ 1] :    9.999996e-01
  Iter 200, [ 1] :    9.999996e-01
WARNING: NOX::Direction::Newton::compute() - Linear solve failed to achieve convergence - using the step anyway since "Rescue Bad Newton Solve" is true 

************************************************************************
-- Nonlinear Solver Step 16 -- 
||F|| = 5.013e+05  step = 1.000e+00  dx = 5.274e+00
************************************************************************

  
  *******************************************************
  ***** Belos Iterative Solver:  Block Gmres 
  ***** Maximum Iterations: 200
  ***** Block Size: 1
  ***** Residual Test: 
  *****   Test 1 : Belos::StatusTestImpResNorm<>: (2-Norm Res Vec) / (2-Norm Res0), tol = 1e-08
  *******************************************************
  Iter   0, [ 1] :    1.000000e+00
  Iter  20, [ 1] :    9.999999e-01
  Iter  40, [ 1] :    9.999998e-01
  Iter  60, [ 1] :    9.999998e-01
  Iter  80, [ 1] :    9.999997e-01
  Iter 100, [ 1] :    9.999997e-01
  Iter 120, [ 1] :    9.999997e-01
  Iter 140, [ 1] :    9.999997e-01
  Iter 160, [ 1] :    9.999997e-01
  Iter 180, [ 1] :    9.999997e-01
  Iter 200, [ 1] :    9.999996e-01
WARNING: NOX::Direction::Newton::compute() - Linear solve failed to achieve convergence - using the step anyway since "Rescue Bad Newton Solve" is true 

************************************************************************
-- Nonlinear Solver Step 17 -- 
||F|| = 5.013e+05  step = 1.000e+00  dx = 5.335e+00
************************************************************************

  
  *******************************************************
  ***** Belos Iterative Solver:  Block Gmres 
  ***** Maximum Iterations: 200
  ***** Block Size: 1
  ***** Residual Test: 
  *****   Test 1 : Belos::StatusTestImpResNorm<>: (2-Norm Res Vec) / (2-Norm Res0), tol = 1e-08
  *******************************************************
  Iter   0, [ 1] :    1.000000e+00
  Iter  20, [ 1] :    1.000000e+00
  Iter  40, [ 1] :    1.000000e+00
  Iter  60, [ 1] :    9.999998e-01
  Iter  80, [ 1] :    9.999998e-01
  Iter 100, [ 1] :    9.999998e-01
  Iter 120, [ 1] :    9.999997e-01
  Iter 140, [ 1] :    9.999997e-01
  Iter 160, [ 1] :    9.999997e-01
  Iter 180, [ 1] :    9.999997e-01
  Iter 200, [ 1] :    9.999996e-01
WARNING: NOX::Direction::Newton::compute() - Linear solve failed to achieve convergence - using the step anyway since "Rescue Bad Newton Solve" is true 

************************************************************************
-- Nonlinear Solver Step 18 -- 
||F|| = 5.013e+05  step = 1.000e+00  dx = 7.846e-01
************************************************************************

  
  *******************************************************
  ***** Belos Iterative Solver:  Block Gmres 
  ***** Maximum Iterations: 200
  ***** Block Size: 1
  ***** Residual Test: 
  *****   Test 1 : Belos::StatusTestImpResNorm<>: (2-Norm Res Vec) / (2-Norm Res0), tol = 1e-08
  *******************************************************
  Iter   0, [ 1] :    1.000000e+00
  Iter  20, [ 1] :    1.000000e+00
  Iter  40, [ 1] :    1.000000e+00
  Iter  60, [ 1] :    1.000000e+00
  Iter  80, [ 1] :    9.999999e-01
  Iter 100, [ 1] :    9.999999e-01
  Iter 120, [ 1] :    9.999999e-01
  Iter 140, [ 1] :    9.999999e-01
  Iter 160, [ 1] :    9.999999e-01
  Iter 180, [ 1] :    9.999999e-01
  Iter 200, [ 1] :    9.999998e-01
WARNING: NOX::Direction::Newton::compute() - Linear solve failed to achieve convergence - using the step anyway since "Rescue Bad Newton Solve" is true 

************************************************************************
-- Nonlinear Solver Step 19 -- 
||F|| = 5.013e+05  step = 1.000e+00  dx = 1.035e+00
************************************************************************

  
  *******************************************************
  ***** Belos Iterative Solver:  Block Gmres 
  ***** Maximum Iterations: 200
  ***** Block Size: 1
  ***** Residual Test: 
  *****   Test 1 : Belos::StatusTestImpResNorm<>: (2-Norm Res Vec) / (2-Norm Res0), tol = 1e-08
  *******************************************************
  Iter   0, [ 1] :    1.000000e+00
  Iter  20, [ 1] :    1.000000e+00
  Iter  40, [ 1] :    9.999999e-01
  Iter  60, [ 1] :    9.999999e-01
  Iter  80, [ 1] :    9.999999e-01
  Iter 100, [ 1] :    9.999998e-01
  Iter 120, [ 1] :    9.999998e-01
  Iter 140, [ 1] :    9.999998e-01
  Iter 160, [ 1] :    9.999998e-01
  Iter 180, [ 1] :    9.999997e-01
  Iter 200, [ 1] :    9.999996e-01
WARNING: NOX::Direction::Newton::compute() - Linear solve failed to achieve convergence - using the step anyway since "Rescue Bad Newton Solve" is true 

************************************************************************
-- Nonlinear Solver Step 20 -- 
||F|| = 5.013e+05  step = 1.000e+00  dx = 2.247e+00
************************************************************************

  
  *******************************************************
  ***** Belos Iterative Solver:  Block Gmres 
  ***** Maximum Iterations: 200
  ***** Block Size: 1
  ***** Residual Test: 
  *****   Test 1 : Belos::StatusTestImpResNorm<>: (2-Norm Res Vec) / (2-Norm Res0), tol = 1e-08
  *******************************************************
  Iter   0, [ 1] :    1.000000e+00
  Iter  20, [ 1] :    9.999996e-01
  Iter  40, [ 1] :    9.999995e-01
  Iter  60, [ 1] :    9.999995e-01
  Iter  80, [ 1] :    9.999995e-01
  Iter 100, [ 1] :    9.999995e-01
  Iter 120, [ 1] :    9.999995e-01
  Iter 140, [ 1] :    9.999994e-01
  Iter 160, [ 1] :    9.999994e-01
  Iter 180, [ 1] :    9.999994e-01
  Iter 200, [ 1] :    9.999994e-01
WARNING: NOX::Direction::Newton::compute() - Linear solve failed to achieve convergence - using the step anyway since "Rescue Bad Newton Solve" is true 

************************************************************************
-- Nonlinear Solver Step 21 -- 
||F|| = 5.013e+05  step = 1.000e+00  dx = 8.557e+00
************************************************************************

  
  *******************************************************
  ***** Belos Iterative Solver:  Block Gmres 
  ***** Maximum Iterations: 200
  ***** Block Size: 1
  ***** Residual Test: 
  *****   Test 1 : Belos::StatusTestImpResNorm<>: (2-Norm Res Vec) / (2-Norm Res0), tol = 1e-08
  *******************************************************
  Iter   0, [ 1] :    1.000000e+00
  Iter  20, [ 1] :    1.000000e+00
  Iter  40, [ 1] :    9.999999e-01
  Iter  60, [ 1] :    9.999999e-01
  Iter  80, [ 1] :    9.999999e-01
  Iter 100, [ 1] :    9.999998e-01
  Iter 120, [ 1] :    9.999998e-01
  Iter 140, [ 1] :    9.999998e-01
  Iter 160, [ 1] :    9.999998e-01
  Iter 180, [ 1] :    9.999998e-01
  Iter 200, [ 1] :    9.999998e-01
WARNING: NOX::Direction::Newton::compute() - Linear solve failed to achieve convergence - using the step anyway since "Rescue Bad Newton Solve" is true 

************************************************************************
-- Nonlinear Solver Step 22 -- 
||F|| = 5.013e+05  step = 1.000e+00  dx = 1.915e+00
************************************************************************

  
  *******************************************************
  ***** Belos Iterative Solver:  Block Gmres 
  ***** Maximum Iterations: 200
  ***** Block Size: 1
  ***** Residual Test: 
  *****   Test 1 : Belos::StatusTestImpResNorm<>: (2-Norm Res Vec) / (2-Norm Res0), tol = 1e-08
  *******************************************************
  Iter   0, [ 1] :    1.000000e+00
  Iter  20, [ 1] :    9.999997e-01
  Iter  40, [ 1] :    9.999996e-01
  Iter  60, [ 1] :    9.999996e-01
  Iter  80, [ 1] :    9.999995e-01
  Iter 100, [ 1] :    9.999995e-01
  Iter 120, [ 1] :    9.999995e-01
  Iter 140, [ 1] :    9.999995e-01
  Iter 160, [ 1] :    9.999995e-01
  Iter 180, [ 1] :    9.999994e-01
  Iter 200, [ 1] :    9.999994e-01
WARNING: NOX::Direction::Newton::compute() - Linear solve failed to achieve convergence - using the step anyway since "Rescue Bad Newton Solve" is true 

************************************************************************
-- Nonlinear Solver Step 23 -- 
||F|| = 5.013e+05  step = 1.000e+00  dx = 8.265e+00
************************************************************************

  
  *******************************************************
  ***** Belos Iterative Solver:  Block Gmres 
  ***** Maximum Iterations: 200
  ***** Block Size: 1
  ***** Residual Test: 
  *****   Test 1 : Belos::StatusTestImpResNorm<>: (2-Norm Res Vec) / (2-Norm Res0), tol = 1e-08
  *******************************************************
  Iter   0, [ 1] :    1.000000e+00
  Iter  20, [ 1] :    1.000000e+00
  Iter  40, [ 1] :    1.000000e+00
  Iter  60, [ 1] :    9.999999e-01
  Iter  80, [ 1] :    9.999999e-01
  Iter 100, [ 1] :    9.999999e-01
  Iter 120, [ 1] :    9.999999e-01
  Iter 140, [ 1] :    9.999999e-01
  Iter 160, [ 1] :    9.999998e-01
  Iter 180, [ 1] :    9.999998e-01
  Iter 200, [ 1] :    9.999998e-01
WARNING: NOX::Direction::Newton::compute() - Linear solve failed to achieve convergence - using the step anyway since "Rescue Bad Newton Solve" is true 

************************************************************************
-- Nonlinear Solver Step 24 -- 
||F|| = 5.013e+05  step = 1.000e+00  dx = 1.713e+00
************************************************************************

  
  *******************************************************
  ***** Belos Iterative Solver:  Block Gmres 
  ***** Maximum Iterations: 200
  ***** Block Size: 1
  ***** Residual Test: 
  *****   Test 1 : Belos::StatusTestImpResNorm<>: (2-Norm Res Vec) / (2-Norm Res0), tol = 1e-08
  *******************************************************
  Iter   0, [ 1] :    1.000000e+00
  Iter  20, [ 1] :    9.999998e-01
  Iter  40, [ 1] :    9.999998e-01
  Iter  60, [ 1] :    9.999998e-01
  Iter  80, [ 1] :    9.999997e-01
  Iter 100, [ 1] :    9.999997e-01
  Iter 120, [ 1] :    9.999997e-01
  Iter 140, [ 1] :    9.999997e-01
  Iter 160, [ 1] :    9.999997e-01
  Iter 180, [ 1] :    9.999997e-01
  Iter 200, [ 1] :    9.999996e-01
WARNING: NOX::Direction::Newton::compute() - Linear solve failed to achieve convergence - using the step anyway since "Rescue Bad Newton Solve" is true 

************************************************************************
-- Nonlinear Solver Step 25 -- 
||F|| = 5.013e+05  step = 1.000e+00  dx = 5.852e+00
************************************************************************

  
  *******************************************************
  ***** Belos Iterative Solver:  Block Gmres 
  ***** Maximum Iterations: 200
  ***** Block Size: 1
  ***** Residual Test: 
  *****   Test 1 : Belos::StatusTestImpResNorm<>: (2-Norm Res Vec) / (2-Norm Res0), tol = 1e-08
  *******************************************************
  Iter   0, [ 1] :    1.000000e+00
  Iter  20, [ 1] :    1.000000e+00
  Iter  40, [ 1] :    1.000000e+00
  Iter  60, [ 1] :    9.999999e-01
  Iter  80, [ 1] :    9.999999e-01
  Iter 100, [ 1] :    9.999999e-01
  Iter 120, [ 1] :    9.999999e-01
  Iter 140, [ 1] :    9.999998e-01
  Iter 160, [ 1] :    9.999998e-01
  Iter 180, [ 1] :    9.999998e-01
  Iter 200, [ 1] :    9.999998e-01
WARNING: NOX::Direction::Newton::compute() - Linear solve failed to achieve convergence - using the step anyway since "Rescue Bad Newton Solve" is true 

************************************************************************
-- Nonlinear Solver Step 26 -- 
||F|| = 5.013e+05  step = 1.000e+00  dx = 2.180e+00
************************************************************************

  
  *******************************************************
  ***** Belos Iterative Solver:  Block Gmres 
  ***** Maximum Iterations: 200
  ***** Block Size: 1
  ***** Residual Test: 
  *****   Test 1 : Belos::StatusTestImpResNorm<>: (2-Norm Res Vec) / (2-Norm Res0), tol = 1e-08
  *******************************************************
  Iter   0, [ 1] :    1.000000e+00
  Iter  20, [ 1] :    9.999998e-01
  Iter  40, [ 1] :    9.999998e-01
  Iter  60, [ 1] :    9.999997e-01
  Iter  80, [ 1] :    9.999997e-01
  Iter 100, [ 1] :    9.999996e-01
  Iter 120, [ 1] :    9.999996e-01
  Iter 140, [ 1] :    9.999996e-01
  Iter 160, [ 1] :    9.999996e-01
  Iter 180, [ 1] :    9.999996e-01
  Iter 200, [ 1] :    9.999995e-01
WARNING: NOX::Direction::Newton::compute() - Linear solve failed to achieve convergence - using the step anyway since "Rescue Bad Newton Solve" is true 

************************************************************************
-- Nonlinear Solver Step 27 -- 
||F|| = 5.013e+05  step = 1.000e+00  dx = 5.880e+00
************************************************************************

  
  *******************************************************
  ***** Belos Iterative Solver:  Block Gmres 
  ***** Maximum Iterations: 200
  ***** Block Size: 1
  ***** Residual Test: 
  *****   Test 1 : Belos::StatusTestImpResNorm<>: (2-Norm Res Vec) / (2-Norm Res0), tol = 1e-08
  *******************************************************
  Iter   0, [ 1] :    1.000000e+00
  Iter  20, [ 1] :    9.999998e-01
  Iter  40, [ 1] :    9.999998e-01
  Iter  60, [ 1] :    9.999998e-01
  Iter  80, [ 1] :    9.999998e-01
  Iter 100, [ 1] :    9.999998e-01
  Iter 120, [ 1] :    9.999998e-01
  Iter 140, [ 1] :    9.999997e-01
  Iter 160, [ 1] :    9.999997e-01
  Iter 180, [ 1] :    9.999997e-01
  Iter 200, [ 1] :    9.999997e-01
WARNING: NOX::Direction::Newton::compute() - Linear solve failed to achieve convergence - using the step anyway since "Rescue Bad Newton Solve" is true 

************************************************************************
-- Nonlinear Solver Step 28 -- 
||F|| = 5.013e+05  step = 1.000e+00  dx = 5.192e+00
************************************************************************

  
  *******************************************************
  ***** Belos Iterative Solver:  Block Gmres 
  ***** Maximum Iterations: 200
  ***** Block Size: 1
  ***** Residual Test: 
  *****   Test 1 : Belos::StatusTestImpResNorm<>: (2-Norm Res Vec) / (2-Norm Res0), tol = 1e-08
  *******************************************************
  Iter   0, [ 1] :    1.000000e+00
  Iter  20, [ 1] :    9.999999e-01
  Iter  40, [ 1] :    9.999999e-01
  Iter  60, [ 1] :    9.999998e-01
  Iter  80, [ 1] :    9.999997e-01
  Iter 100, [ 1] :    9.999997e-01
  Iter 120, [ 1] :    9.999997e-01
  Iter 140, [ 1] :    9.999997e-01
  Iter 160, [ 1] :    9.999997e-01
  Iter 180, [ 1] :    9.999997e-01
  Iter 200, [ 1] :    9.999997e-01
WARNING: NOX::Direction::Newton::compute() - Linear solve failed to achieve convergence - using the step anyway since "Rescue Bad Newton Solve" is true 

************************************************************************
-- Nonlinear Solver Step 29 -- 
||F|| = 5.013e+05  step = 1.000e+00  dx = 1.828e+00
************************************************************************

  
  *******************************************************
  ***** Belos Iterative Solver:  Block Gmres 
  ***** Maximum Iterations: 200
  ***** Block Size: 1
  ***** Residual Test: 
  *****   Test 1 : Belos::StatusTestImpResNorm<>: (2-Norm Res Vec) / (2-Norm Res0), tol = 1e-08
  *******************************************************
  Iter   0, [ 1] :    1.000000e+00
  Iter  20, [ 1] :    9.999999e-01
  Iter  40, [ 1] :    9.999999e-01
  Iter  60, [ 1] :    9.999999e-01
  Iter  80, [ 1] :    9.999998e-01
  Iter 100, [ 1] :    9.999998e-01
  Iter 120, [ 1] :    9.999998e-01
  Iter 140, [ 1] :    9.999998e-01
  Iter 160, [ 1] :    9.999998e-01
  Iter 180, [ 1] :    9.999997e-01
  Iter 200, [ 1] :    9.999997e-01
WARNING: NOX::Direction::Newton::compute() - Linear solve failed to achieve convergence - using the step anyway since "Rescue Bad Newton Solve" is true 

************************************************************************
-- Nonlinear Solver Step 30 -- 
||F|| = 5.013e+05  step = 1.000e+00  dx = 4.015e+00
************************************************************************

  
  *******************************************************
  ***** Belos Iterative Solver:  Block Gmres 
  ***** Maximum Iterations: 200
  ***** Block Size: 1
  ***** Residual Test: 
  *****   Test 1 : Belos::StatusTestImpResNorm<>: (2-Norm Res Vec) / (2-Norm Res0), tol = 1e-08
  *******************************************************
  Iter   0, [ 1] :    1.000000e+00
  Iter  20, [ 1] :    1.000000e+00
  Iter  40, [ 1] :    1.000000e+00
  Iter  60, [ 1] :    1.000000e+00
  Iter  80, [ 1] :    1.000000e+00
  Iter 100, [ 1] :    9.999999e-01
  Iter 120, [ 1] :    9.999999e-01
  Iter 140, [ 1] :    9.999999e-01
  Iter 160, [ 1] :    9.999999e-01
  Iter 180, [ 1] :    9.999999e-01
  Iter 200, [ 1] :    9.999998e-01
WARNING: NOX::Direction::Newton::compute() - Linear solve failed to achieve convergence - using the step anyway since "Rescue Bad Newton Solve" is true 

************************************************************************
-- Nonlinear Solver Step 31 -- 
||F|| = 5.013e+05  step = 1.000e+00  dx = 2.230e-01
************************************************************************

  
  *******************************************************
  ***** Belos Iterative Solver:  Block Gmres 
  ***** Maximum Iterations: 200
  ***** Block Size: 1
  ***** Residual Test: 
  *****   Test 1 : Belos::StatusTestImpResNorm<>: (2-Norm Res Vec) / (2-Norm Res0), tol = 1e-08
  *******************************************************
  Iter   0, [ 1] :    1.000000e+00
  Iter  20, [ 1] :    1.000000e+00
  Iter  40, [ 1] :    1.000000e+00
  Iter  60, [ 1] :    9.999998e-01
  Iter  80, [ 1] :    9.999998e-01
  Iter 100, [ 1] :    9.999998e-01
  Iter 120, [ 1] :    9.999998e-01
  Iter 140, [ 1] :    9.999998e-01
  Iter 160, [ 1] :    9.999998e-01
  Iter 180, [ 1] :    9.999998e-01
  Iter 200, [ 1] :    9.999998e-01
WARNING: NOX::Direction::Newton::compute() - Linear solve failed to achieve convergence - using the step anyway since "Rescue Bad Newton Solve" is true 

************************************************************************
-- Nonlinear Solver Step 32 -- 
||F|| = 5.013e+05  step = 1.000e+00  dx = 1.489e+00
************************************************************************

  
  *******************************************************
  ***** Belos Iterative Solver:  Block Gmres 
  ***** Maximum Iterations: 200
  ***** Block Size: 1
  ***** Residual Test: 
  *****   Test 1 : Belos::StatusTestImpResNorm<>: (2-Norm Res Vec) / (2-Norm Res0), tol = 1e-08
  *******************************************************
  Iter   0, [ 1] :    1.000000e+00
  Iter  20, [ 1] :    1.000000e+00
  Iter  40, [ 1] :    1.000000e+00
  Iter  60, [ 1] :    9.999998e-01
  Iter  80, [ 1] :    9.999998e-01
  Iter 100, [ 1] :    9.999997e-01
  Iter 120, [ 1] :    9.999997e-01
  Iter 140, [ 1] :    9.999996e-01
  Iter 160, [ 1] :    9.999996e-01
  Iter 180, [ 1] :    9.999995e-01
  Iter 200, [ 1] :    9.999995e-01
WARNING: NOX::Direction::Newton::compute() - Linear solve failed to achieve convergence - using the step anyway since "Rescue Bad Newton Solve" is true 

************************************************************************
-- Nonlinear Solver Step 33 -- 
||F|| = 5.013e+05  step = 1.000e+00  dx = 8.448e-01
************************************************************************

  
  *******************************************************
  ***** Belos Iterative Solver:  Block Gmres 
  ***** Maximum Iterations: 200
  ***** Block Size: 1
  ***** Residual Test: 
  *****   Test 1 : Belos::StatusTestImpResNorm<>: (2-Norm Res Vec) / (2-Norm Res0), tol = 1e-08
  *******************************************************
  Iter   0, [ 1] :    1.000000e+00
  Iter  20, [ 1] :    9.999997e-01
  Iter  40, [ 1] :    9.999996e-01
  Iter  60, [ 1] :    9.999996e-01
  Iter  80, [ 1] :    9.999996e-01
  Iter 100, [ 1] :    9.999996e-01
  Iter 120, [ 1] :    9.999995e-01
  Iter 140, [ 1] :    9.999995e-01
  Iter 160, [ 1] :    9.999995e-01
  Iter 180, [ 1] :    9.999995e-01
  Iter 200, [ 1] :    9.999994e-01
WARNING: NOX::Direction::Newton::compute() - Linear solve failed to achieve convergence - using the step anyway since "Rescue Bad Newton Solve" is true 

************************************************************************
-- Nonlinear Solver Step 34 -- 
||F|| = 5.013e+05  step = 1.000e+00  dx = 9.153e+00
************************************************************************

  
  *******************************************************
  ***** Belos Iterative Solver:  Block Gmres 
  ***** Maximum Iterations: 200
  ***** Block Size: 1
  ***** Residual Test: 
  *****   Test 1 : Belos::StatusTestImpResNorm<>: (2-Norm Res Vec) / (2-Norm Res0), tol = 1e-08
  *******************************************************
  Iter   0, [ 1] :    1.000000e+00
  Iter  20, [ 1] :    1.000000e+00
  Iter  40, [ 1] :    1.000000e+00
  Iter  60, [ 1] :    1.000000e+00
  Iter  80, [ 1] :    9.999999e-01
  Iter 100, [ 1] :    9.999999e-01
  Iter 120, [ 1] :    9.999999e-01
  Iter 140, [ 1] :    9.999998e-01
  Iter 160, [ 1] :    9.999998e-01
  Iter 180, [ 1] :    9.999998e-01
  Iter 200, [ 1] :    9.999997e-01
WARNING: NOX::Direction::Newton::compute() - Linear solve failed to achieve convergence - using the step anyway since "Rescue Bad Newton Solve" is true 

************************************************************************
-- Nonlinear Solver Step 35 -- 
||F|| = 5.013e+05  step = 1.000e+00  dx = 1.356e-01
************************************************************************

  
  *******************************************************
  ***** Belos Iterative Solver:  Block Gmres 
  ***** Maximum Iterations: 200
  ***** Block Size: 1
  ***** Residual Test: 
  *****   Test 1 : Belos::StatusTestImpResNorm<>: (2-Norm Res Vec) / (2-Norm Res0), tol = 1e-08
  *******************************************************
  Iter   0, [ 1] :    1.000000e+00
  Iter  20, [ 1] :    9.999999e-01
  Iter  40, [ 1] :    9.999999e-01
  Iter  60, [ 1] :    9.999999e-01
  Iter  80, [ 1] :    9.999999e-01
  Iter 100, [ 1] :    9.999999e-01
  Iter 120, [ 1] :    9.999999e-01
  Iter 140, [ 1] :    9.999999e-01
  Iter 160, [ 1] :    9.999998e-01
  Iter 180, [ 1] :    9.999998e-01
  Iter 200, [ 1] :    9.999998e-01
WARNING: NOX::Direction::Newton::compute() - Linear solve failed to achieve convergence - using the step anyway since "Rescue Bad Newton Solve" is true 

************************************************************************
-- Nonlinear Solver Step 36 -- 
||F|| = 5.013e+05  step = 1.000e+00  dx = 3.146e+00
************************************************************************

  
  *******************************************************
  ***** Belos Iterative Solver:  Block Gmres 
  ***** Maximum Iterations: 200
  ***** Block Size: 1
  ***** Residual Test: 
  *****   Test 1 : Belos::StatusTestImpResNorm<>: (2-Norm Res Vec) / (2-Norm Res0), tol = 1e-08
  *******************************************************
  Iter   0, [ 1] :    1.000000e+00
  Iter  20, [ 1] :    9.999999e-01
  Iter  40, [ 1] :    9.999997e-01
  Iter  60, [ 1] :    9.999997e-01
  Iter  80, [ 1] :    9.999997e-01
  Iter 100, [ 1] :    9.999997e-01
  Iter 120, [ 1] :    9.999996e-01
  Iter 140, [ 1] :    9.999996e-01
  Iter 160, [ 1] :    9.999996e-01
  Iter 180, [ 1] :    9.999996e-01
  Iter 200, [ 1] :    9.999996e-01
WARNING: NOX::Direction::Newton::compute() - Linear solve failed to achieve convergence - using the step anyway since "Rescue Bad Newton Solve" is true 

************************************************************************
-- Nonlinear Solver Step 37 -- 
||F|| = 5.013e+05  step = 1.000e+00  dx = 5.103e+00
************************************************************************

  
  *******************************************************
  ***** Belos Iterative Solver:  Block Gmres 
  ***** Maximum Iterations: 200
  ***** Block Size: 1
  ***** Residual Test: 
  *****   Test 1 : Belos::StatusTestImpResNorm<>: (2-Norm Res Vec) / (2-Norm Res0), tol = 1e-08
  *******************************************************
  Iter   0, [ 1] :    1.000000e+00
  Iter  20, [ 1] :    9.999999e-01
  Iter  40, [ 1] :    9.999999e-01
  Iter  60, [ 1] :    9.999999e-01
  Iter  80, [ 1] :    9.999999e-01
  Iter 100, [ 1] :    9.999998e-01
  Iter 120, [ 1] :    9.999998e-01
  Iter 140, [ 1] :    9.999998e-01
  Iter 160, [ 1] :    9.999998e-01
  Iter 180, [ 1] :    9.999998e-01
  Iter 200, [ 1] :    9.999997e-01
WARNING: NOX::Direction::Newton::compute() - Linear solve failed to achieve convergence - using the step anyway since "Rescue Bad Newton Solve" is true 

************************************************************************
-- Nonlinear Solver Step 38 -- 
||F|| = 5.013e+05  step = 1.000e+00  dx = 2.004e+00
************************************************************************

  
  *******************************************************
  ***** Belos Iterative Solver:  Block Gmres 
  ***** Maximum Iterations: 200
  ***** Block Size: 1
  ***** Residual Test: 
  *****   Test 1 : Belos::StatusTestImpResNorm<>: (2-Norm Res Vec) / (2-Norm Res0), tol = 1e-08
  *******************************************************
  Iter   0, [ 1] :    1.000000e+00
  Iter  20, [ 1] :    1.000000e+00
  Iter  40, [ 1] :    9.999999e-01
  Iter  60, [ 1] :    9.999999e-01
  Iter  80, [ 1] :    9.999999e-01
  Iter 100, [ 1] :    9.999999e-01
  Iter 120, [ 1] :    9.999999e-01
  Iter 140, [ 1] :    9.999999e-01
  Iter 160, [ 1] :    9.999999e-01
  Iter 180, [ 1] :    9.999999e-01
  Iter 200, [ 1] :    9.999998e-01
WARNING: NOX::Direction::Newton::compute() - Linear solve failed to achieve convergence - using the step anyway since "Rescue Bad Newton Solve" is true 

************************************************************************
-- Nonlinear Solver Step 39 -- 
||F|| = 5.013e+05  step = 1.000e+00  dx = 5.545e-01
************************************************************************

  
  *******************************************************
  ***** Belos Iterative Solver:  Block Gmres 
  ***** Maximum Iterations: 200
  ***** Block Size: 1
  ***** Residual Test: 
  *****   Test 1 : Belos::StatusTestImpResNorm<>: (2-Norm Res Vec) / (2-Norm Res0), tol = 1e-08
  *******************************************************
  Iter   0, [ 1] :    1.000000e+00
  Iter  20, [ 1] :    1.000000e+00
  Iter  40, [ 1] :    9.999999e-01
  Iter  60, [ 1] :    9.999998e-01
  Iter  80, [ 1] :    9.999998e-01
  Iter 100, [ 1] :    9.999998e-01
  Iter 120, [ 1] :    9.999998e-01
  Iter 140, [ 1] :    9.999998e-01
  Iter 160, [ 1] :    9.999998e-01
  Iter 180, [ 1] :    9.999998e-01
  Iter 200, [ 1] :    9.999997e-01
WARNING: NOX::Direction::Newton::compute() - Linear solve failed to achieve convergence - using the step anyway since "Rescue Bad Newton Solve" is true 

************************************************************************
-- Nonlinear Solver Step 40 -- 
||F|| = 5.013e+05  step = 1.000e+00  dx = 3.423e+00
************************************************************************

  
  *******************************************************
  ***** Belos Iterative Solver:  Block Gmres 
  ***** Maximum Iterations: 200
  ***** Block Size: 1
  ***** Residual Test: 
  *****   Test 1 : Belos::StatusTestImpResNorm<>: (2-Norm Res Vec) / (2-Norm Res0), tol = 1e-08
  *******************************************************
  Iter   0, [ 1] :    1.000000e+00
  Iter  20, [ 1] :    9.999999e-01
  Iter  40, [ 1] :    9.999999e-01
  Iter  60, [ 1] :    9.999998e-01
  Iter  80, [ 1] :    9.999998e-01
  Iter 100, [ 1] :    9.999998e-01
  Iter 120, [ 1] :    9.999997e-01
  Iter 140, [ 1] :    9.999997e-01
  Iter 160, [ 1] :    9.999997e-01
  Iter 180, [ 1] :    9.999997e-01
  Iter 200, [ 1] :    9.999996e-01
WARNING: NOX::Direction::Newton::compute() - Linear solve failed to achieve convergence - using the step anyway since "Rescue Bad Newton Solve" is true 

************************************************************************
-- Nonlinear Solver Step 41 -- 
||F|| = 5.013e+05  step = 1.000e+00  dx = 5.036e+00
************************************************************************

  
  *******************************************************
  ***** Belos Iterative Solver:  Block Gmres 
  ***** Maximum Iterations: 200
  ***** Block Size: 1
  ***** Residual Test: 
  *****   Test 1 : Belos::StatusTestImpResNorm<>: (2-Norm Res Vec) / (2-Norm Res0), tol = 1e-08
  *******************************************************
  Iter   0, [ 1] :    1.000000e+00
  Iter  20, [ 1] :    9.999999e-01
  Iter  40, [ 1] :    9.999998e-01
  Iter  60, [ 1] :    9.999997e-01
  Iter  80, [ 1] :    9.999997e-01
  Iter 100, [ 1] :    9.999997e-01
  Iter 120, [ 1] :    9.999996e-01
  Iter 140, [ 1] :    9.999996e-01
  Iter 160, [ 1] :    9.999996e-01
  Iter 180, [ 1] :    9.999996e-01
  Iter 200, [ 1] :    9.999996e-01
WARNING: NOX::Direction::Newton::compute() - Linear solve failed to achieve convergence - using the step anyway since "Rescue Bad Newton Solve" is true 

************************************************************************
-- Nonlinear Solver Step 42 -- 
||F|| = 5.013e+05  step = 1.000e+00  dx = 5.468e+00
************************************************************************

  
  *******************************************************
  ***** Belos Iterative Solver:  Block Gmres 
  ***** Maximum Iterations: 200
  ***** Block Size: 1
  ***** Residual Test: 
  *****   Test 1 : Belos::StatusTestImpResNorm<>: (2-Norm Res Vec) / (2-Norm Res0), tol = 1e-08
  *******************************************************
  Iter   0, [ 1] :    1.000000e+00
  Iter  20, [ 1] :    1.000000e+00
  Iter  40, [ 1] :    9.999999e-01
  Iter  60, [ 1] :    9.999999e-01
  Iter  80, [ 1] :    9.999999e-01
  Iter 100, [ 1] :    9.999998e-01
  Iter 120, [ 1] :    9.999998e-01
  Iter 140, [ 1] :    9.999998e-01
  Iter 160, [ 1] :    9.999998e-01
  Iter 180, [ 1] :    9.999998e-01
  Iter 200, [ 1] :    9.999997e-01
WARNING: NOX::Direction::Newton::compute() - Linear solve failed to achieve convergence - using the step anyway since "Rescue Bad Newton Solve" is true 

************************************************************************
-- Nonlinear Solver Step 43 -- 
||F|| = 5.013e+05  step = 1.000e+00  dx = 5.384e-01
************************************************************************

  
  *******************************************************
  ***** Belos Iterative Solver:  Block Gmres 
  ***** Maximum Iterations: 200
  ***** Block Size: 1
  ***** Residual Test: 
  *****   Test 1 : Belos::StatusTestImpResNorm<>: (2-Norm Res Vec) / (2-Norm Res0), tol = 1e-08
  *******************************************************
  Iter   0, [ 1] :    1.000000e+00
  Iter  20, [ 1] :    9.999999e-01
  Iter  40, [ 1] :    9.999999e-01
  Iter  60, [ 1] :    9.999999e-01
  Iter  80, [ 1] :    9.999999e-01
  Iter 100, [ 1] :    9.999998e-01
  Iter 120, [ 1] :    9.999998e-01
  Iter 140, [ 1] :    9.999998e-01
  Iter 160, [ 1] :    9.999998e-01
  Iter 180, [ 1] :    9.999998e-01
  Iter 200, [ 1] :    9.999998e-01
WARNING: NOX::Direction::Newton::compute() - Linear solve failed to achieve convergence - using the step anyway since "Rescue Bad Newton Solve" is true 

************************************************************************
-- Nonlinear Solver Step 44 -- 
||F|| = 5.013e+05  step = 1.000e+00  dx = 4.583e+00
************************************************************************

  
  *******************************************************
  ***** Belos Iterative Solver:  Block Gmres 
  ***** Maximum Iterations: 200
  ***** Block Size: 1
  ***** Residual Test: 
  *****   Test 1 : Belos::StatusTestImpResNorm<>: (2-Norm Res Vec) / (2-Norm Res0), tol = 1e-08
  *******************************************************
  Iter   0, [ 1] :    1.000000e+00
  Iter  20, [ 1] :    9.999999e-01
  Iter  40, [ 1] :    9.999998e-01
  Iter  60, [ 1] :    9.999998e-01
  Iter  80, [ 1] :    9.999997e-01
  Iter 100, [ 1] :    9.999997e-01
  Iter 120, [ 1] :    9.999997e-01
  Iter 140, [ 1] :    9.999997e-01
  Iter 160, [ 1] :    9.999997e-01
  Iter 180, [ 1] :    9.999996e-01
  Iter 200, [ 1] :    9.999996e-01
WARNING: NOX::Direction::Newton::compute() - Linear solve failed to achieve convergence - using the step anyway since "Rescue Bad Newton Solve" is true 

************************************************************************
-- Nonlinear Solver Step 45 -- 
||F|| = 5.013e+05  step = 1.000e+00  dx = 5.947e+00
************************************************************************

  
  *******************************************************
  ***** Belos Iterative Solver:  Block Gmres 
  ***** Maximum Iterations: 200
  ***** Block Size: 1
  ***** Residual Test: 
  *****   Test 1 : Belos::StatusTestImpResNorm<>: (2-Norm Res Vec) / (2-Norm Res0), tol = 1e-08
  *******************************************************
  Iter   0, [ 1] :    1.000000e+00
  Iter  20, [ 1] :    1.000000e+00
  Iter  40, [ 1] :    9.999999e-01
  Iter  60, [ 1] :    9.999999e-01
  Iter  80, [ 1] :    9.999998e-01
  Iter 100, [ 1] :    9.999998e-01
  Iter 120, [ 1] :    9.999998e-01
  Iter 140, [ 1] :    9.999998e-01
  Iter 160, [ 1] :    9.999998e-01
  Iter 180, [ 1] :    9.999998e-01
  Iter 200, [ 1] :    9.999997e-01
WARNING: NOX::Direction::Newton::compute() - Linear solve failed to achieve convergence - using the step anyway since "Rescue Bad Newton Solve" is true 

************************************************************************
-- Nonlinear Solver Step 46 -- 
||F|| = 5.013e+05  step = 1.000e+00  dx = 2.741e+00
************************************************************************

  
  *******************************************************
  ***** Belos Iterative Solver:  Block Gmres 
  ***** Maximum Iterations: 200
  ***** Block Size: 1
  ***** Residual Test: 
  *****   Test 1 : Belos::StatusTestImpResNorm<>: (2-Norm Res Vec) / (2-Norm Res0), tol = 1e-08
  *******************************************************
  Iter   0, [ 1] :    1.000000e+00
  Iter  20, [ 1] :    9.999998e-01
  Iter  40, [ 1] :    9.999998e-01
  Iter  60, [ 1] :    9.999998e-01
  Iter  80, [ 1] :    9.999998e-01
  Iter 100, [ 1] :    9.999998e-01
  Iter 120, [ 1] :    9.999997e-01
  Iter 140, [ 1] :    9.999997e-01
  Iter 160, [ 1] :    9.999997e-01
  Iter 180, [ 1] :    9.999997e-01
  Iter 200, [ 1] :    9.999997e-01
WARNING: NOX::Direction::Newton::compute() - Linear solve failed to achieve convergence - using the step anyway since "Rescue Bad Newton Solve" is true 

************************************************************************
-- Nonlinear Solver Step 47 -- 
||F|| = 5.013e+05  step = 1.000e+00  dx = 3.577e+00
************************************************************************

  
  *******************************************************
  ***** Belos Iterative Solver:  Block Gmres 
  ***** Maximum Iterations: 200
  ***** Block Size: 1
  ***** Residual Test: 
  *****   Test 1 : Belos::StatusTestImpResNorm<>: (2-Norm Res Vec) / (2-Norm Res0), tol = 1e-08
  *******************************************************
  Iter   0, [ 1] :    1.000000e+00
  Iter  20, [ 1] :    9.999999e-01
  Iter  40, [ 1] :    9.999999e-01
  Iter  60, [ 1] :    9.999998e-01
  Iter  80, [ 1] :    9.999998e-01
  Iter 100, [ 1] :    9.999998e-01
  Iter 120, [ 1] :    9.999998e-01
  Iter 140, [ 1] :    9.999998e-01
  Iter 160, [ 1] :    9.999998e-01
  Iter 180, [ 1] :    9.999998e-01
  Iter 200, [ 1] :    9.999998e-01
WARNING: NOX::Direction::Newton::compute() - Linear solve failed to achieve convergence - using the step anyway since "Rescue Bad Newton Solve" is true 

************************************************************************
-- Nonlinear Solver Step 48 -- 
||F|| = 5.013e+05  step = 1.000e+00  dx = 8.940e-01
************************************************************************

  
  *******************************************************
  ***** Belos Iterative Solver:  Block Gmres 
  ***** Maximum Iterations: 200
  ***** Block Size: 1
  ***** Residual Test: 
  *****   Test 1 : Belos::StatusTestImpResNorm<>: (2-Norm Res Vec) / (2-Norm Res0), tol = 1e-08
  *******************************************************
  Iter   0, [ 1] :    1.000000e+00
  Iter  20, [ 1] :    9.999999e-01
  Iter  40, [ 1] :    9.999999e-01
  Iter  60, [ 1] :    9.999999e-01
  Iter  80, [ 1] :    9.999999e-01
  Iter 100, [ 1] :    9.999999e-01
  Iter 120, [ 1] :    9.999998e-01
  Iter 140, [ 1] :    9.999998e-01
  Iter 160, [ 1] :    9.999998e-01
  Iter 180, [ 1] :    9.999997e-01
  Iter 200, [ 1] :    9.999997e-01
WARNING: NOX::Direction::Newton::compute() - Linear solve failed to achieve convergence - using the step anyway since "Rescue Bad Newton Solve" is true 

************************************************************************
-- Nonlinear Solver Step 49 -- 
||F|| = 5.013e+05  step = 1.000e+00  dx = 2.509e+00
************************************************************************

  
  *******************************************************
  ***** Belos Iterative Solver:  Block Gmres 
  ***** Maximum Iterations: 200
  ***** Block Size: 1
  ***** Residual Test: 
  *****   Test 1 : Belos::StatusTestImpResNorm<>: (2-Norm Res Vec) / (2-Norm Res0), tol = 1e-08
  *******************************************************
  Iter   0, [ 1] :    1.000000e+00
  Iter  20, [ 1] :    9.999999e-01
  Iter  40, [ 1] :    9.999999e-01
  Iter  60, [ 1] :    9.999998e-01
  Iter  80, [ 1] :    9.999998e-01
  Iter 100, [ 1] :    9.999997e-01
  Iter 120, [ 1] :    9.999997e-01
  Iter 140, [ 1] :    9.999997e-01
  Iter 160, [ 1] :    9.999996e-01
  Iter 180, [ 1] :    9.999996e-01
  Iter 200, [ 1] :    9.999995e-01
WARNING: NOX::Direction::Newton::compute() - Linear solve failed to achieve convergence - using the step anyway since "Rescue Bad Newton Solve" is true 

************************************************************************
-- Nonlinear Solver Step 50 -- 
||F|| = 5.013e+05  step = 1.000e+00  dx = 4.459e+00 (Failed!)
************************************************************************

************************************************************************
-- Final Status Test Results --
Failed.......OR Combination -> 
  **...........F-Norm = 5.396e+02 < 1.000e-05
               (Length-Scaled Two-Norm, Absolute Tolerance)
  Failed.......Number of Iterations = 50 < 50
************************************************************************
*** Teuchos::StackedTimer::report() - Remainder for a level will be ***
*** incorrect if a timer in the level does not exist on every rank  ***
*** of the MPI Communicator.                                        ***
PyAlbany Total Time: 174.273 [2]
|   PyAlbany: Setup Time: 27.3497 - 15.6936% [1]
|   PyAlbany: performSolve: 146.923 - 84.3064% [1]
|   |   Piro::NOXSolver::evalModelImpl::solve: 146.921 - 99.9986% [1]
|   |   |   Thyra::NOXNonlinearSolver::solve: 146.92 - 99.9995% [1]
|   |   |   |   Thyra::DefaultModelEvaluatorWithSolveFactory<double>::evalModel(...): 11.5846 - 7.88498% [101]
|   |   |   |   |   Albany: Total Fill Time: 11.5808 - 99.9666% [101]
|   |   |   |   |   |   Albany Fill: Residual: 2.72884 - 23.5635% [51]
|   |   |   |   |   |   |   Phalanx::SortAndOrderEvaluators: 1.092e-06 - 4.0017e-05% [1]
|   |   |   |   |   |   |   Albany Residual Fill: Evaluate: 2.40167 - 88.0107% [51]
|   |   |   |   |   |   |   |   Phalanx: Evaluator 8: [<Residual>] LoadStateField(bed_topography)<Residual>: 0.0323569 - 1.34727% [51]
|   |   |   |   |   |   |   |   Phalanx: Evaluator 11: [<Residual>] Save Field bed_topography to State bed_topographyResidual: 0.34569 - 14.3938% [51]
|   |   |   |   |   |   |   |   Phalanx: Evaluator 5: [<Residual>] LoadStateField(surface_height)<Residual>: 0.0326648 - 1.36009% [51]
|   |   |   |   |   |   |   |   Phalanx: Evaluator 12: [<Residual>] Save Field surface_height to State surface_heightResidual: 0.353299 - 14.7106% [51]
|   |   |   |   |   |   |   |   Phalanx: Evaluator 31: [<Residual>] Shared Parameter Glen's Law Homotopy Parameter<Residual>: 0.00254137 - 0.105817% [51]
|   |   |   |   |   |   |   |   Phalanx: Evaluator 2: [<Residual>] Gather Coordinate Vector<Residual>: 0.0662337 - 2.75782% [51]
|   |   |   |   |   |   |   |   Phalanx: Evaluator 25: [<Residual>] ComputeBasisFunctions<Residual>: 0.0199482 - 0.830599% [51]
|   |   |   |   |   |   |   |   Phalanx: Evaluator 0: [<Residual>] Gather Solution<Residual>: 0.0140835 - 0.586406% [51]
|   |   |   |   |   |   |   |   Phalanx: Evaluator 67: [<Residual>] FastSolutionVecGradInterpolationBase<Residual>: 0.0118316 - 0.492639% [51]
|   |   |   |   |   |   |   |   Phalanx: Evaluator 7: [<Residual>] LoadStateField(temperature)<Residual>: 0.272651 - 11.3526% [51]
|   |   |   |   |   |   |   |   Phalanx: Evaluator 78: [<Residual>] P0Interpolation[temperature] <Residual>: 0.00125975 - 0.0524533% [51]
|   |   |   |   |   |   |   |   Phalanx: Evaluator 24: [<Residual>] MapToPhysicalFrame<Residual>: 0.0204124 - 0.849926% [51]
|   |   |   |   |   |   |   |   Phalanx: Evaluator 26: [<Residual>] P0Interpolation[Coord Vec] <Residual>: 0.000657888 - 0.027393% [51]
|   |   |   |   |   |   |   |   Phalanx: Evaluator 76: [<Residual>] P0Interpolation[surface_height] <Residual>: 0.0305275 - 1.2711% [51]
|   |   |   |   |   |   |   |   Phalanx: Evaluator 3: [<Residual>] Pressure Corrected Temperature<Residual>: 0.0125474 - 0.522447% [51]
|   |   |   |   |   |   |   |   Phalanx: Evaluator 33: [<Residual>] ViscosityFO<Residual>: 0.00121101 - 0.0504237% [51]
|   |   |   |   |   |   |   |   Phalanx: Evaluator 34: [<Residual>] Dissipation: 0.0651991 - 2.71474% [51]
|   |   |   |   |   |   |   |   Phalanx: Evaluator 35: [<Residual>] P0Interpolation[LandIce Dissipation] <Residual>: 0.0130045 - 0.541477% [51]
|   |   |   |   |   |   |   |   Phalanx: Evaluator 36: [<Residual>] Save Field LandIce Dissipation to State dissipation_heatResidual: 0.439784 - 18.3116% [51]
|   |   |   |   |   |   |   |   Phalanx: Evaluator 75: [<Residual>] DOFGradInterpolationBase<Residual>: 0.000416282 - 0.017333% [51]
|   |   |   |   |   |   |   |   Phalanx: Evaluator 37: [<Residual>] StokesFOBodyForce<Residual>: 0.00235575 - 0.0980881% [51]
|   |   |   |   |   |   |   |   Phalanx: Evaluator 66: [<Residual>] FastSolutionVecInterpolationBase<Residual>: 0.00105437 - 0.0439014% [51]
|   |   |   |   |   |   |   |   Phalanx: Evaluator 28: [<Residual>] StokesFOResid<Residual>: 0.0861397 - 3.58666% [51]
|   |   |   |   |   |   |   |   Phalanx: Evaluator 63: [<Residual>] DOFCellToSide(Coord Vec -> Coord Vec_extruded_boundary_side_set_1)[Vertex Vector]<Residual>: 0.209771 - 8.73438% [51]
|   |   |   |   |   |   |   |   Phalanx: Evaluator 60: [<Residual>] ComputeBasisFunctionsSide<Residual>: 0.0211812 - 0.881939% [51]
|   |   |   |   |   |   |   |   Phalanx: Evaluator 101: [<Residual>] DOFCellToSide(surface_height -> surface_height_extruded_boundary_side_set_1)[Node Scalar]<Residual>: 0.000184712 - 0.00769099% [51]
|   |   |   |   |   |   |   |   Phalanx: Evaluator 103: [<Residual>] DOFInterpolationSide<Residual>: 0.000263569 - 0.0109744% [51]
|   |   |   |   |   |   |   |   Phalanx: Evaluator 4: [<Residual>] LoadStateField(ice_thickness)<Residual>: 0.0357803 - 1.48981% [51]
|   |   |   |   |   |   |   |   Phalanx: Evaluator 99: [<Residual>] DOFCellToSide(ice_thickness -> ice_thickness_extruded_boundary_side_set_1)[Node Scalar]<Residual>: 0.000176269 - 0.00733944% [51]
|   |   |   |   |   |   |   |   Phalanx: Evaluator 100: [<Residual>] DOFInterpolationSide<Residual>: 0.00326362 - 0.13589% [51]
|   |   |   |   |   |   |   |   Phalanx: Evaluator 38: [<Residual>] StokesFOLateralResid<Residual>: 0.00131424 - 0.0547219% [51]
|   |   |   |   |   |   |   |   Phalanx: Evaluator 59: [<Residual>] DOFCellToSide(Coord Vec -> Coord Vec_basalside)[Vertex Vector]<Residual>: 0.0037907 - 0.157836% [51]
|   |   |   |   |   |   |   |   Phalanx: Evaluator 56: [<Residual>] ComputeBasisFunctionsSide<Residual>: 0.011404 - 0.474838% [51]
|   |   |   |   |   |   |   |   Phalanx: Evaluator 49: [<Residual>] Shared Parameter Power Exponent<Residual>: 0.00163127 - 0.0679225% [51]
|   |   |   |   |   |   |   |   Phalanx: Evaluator 18: [<Residual>] Load Side Set Field log_basal_friction_basalside from Side Set State log_basal_friction<Residual>: 0.0167119 - 0.695844% [51]
|   |   |   |   |   |   |   |   Phalanx: Evaluator 91: [<Residual>] DOFInterpolationSide<Residual>: 0.000182721 - 0.00760809% [51]
|   |   |   |   |   |   |   |   Phalanx: Evaluator 13: [<Residual>] Load Side Set Field ice_thickness_basalside from Side Set State ice_thickness<Residual>: 0.0183581 - 0.764388% [51]
|   |   |   |   |   |   |   |   Phalanx: Evaluator 17: [<Residual>] Load Side Set Field bed_topography_basalside from Side Set State bed_topography<Residual>: 0.0159227 - 0.662984% [51]
|   |   |   |   |   |   |   |   Phalanx: Evaluator 50: [<Residual>] BasalFrictionCoefficient<Residual>: 0.00128122 - 0.0533471% [51]
|   |   |   |   |   |   |   |   Phalanx: Evaluator 79: [<Residual>] DOFCellToSide(Velocity -> Velocity_basalside)[Node Vector]<Residual>: 0.00322369 - 0.134227% [51]
|   |   |   |   |   |   |   |   Phalanx: Evaluator 80: [<Residual>] DOFVecInterpolationSide<Residual>: 0.00261633 - 0.108938% [51]
|   |   |   |   |   |   |   |   Phalanx: Evaluator 39: [<Residual>] StokesFOBasalResid<Residual>: 0.00232034 - 0.0966135% [51]
|   |   |   |   |   |   |   |   Phalanx: Evaluator 1: [<Residual>] Scatter Velocity Residual<Residual>: 0.00400321 - 0.166685% [51]
|   |   |   |   |   |   |   |   Remainder: 0.222417 - 9.26095%
|   |   |   |   |   |   |   Albany Residual Fill: Export: 0.00334602 - 0.122617% [51]
|   |   |   |   |   |   |   Remainder: 0.323822 - 11.8667%
|   |   |   |   |   |   Albany Fill: Jacobian: 8.85067 - 76.4256% [50]
|   |   |   |   |   |   |   Phalanx::SortAndOrderEvaluators: 5.81e-07 - 6.56447e-06% [1]
|   |   |   |   |   |   |   Albany Jacobian Fill: Evaluate: 7.45646 - 84.2474% [50]
|   |   |   |   |   |   |   |   Phalanx: Evaluator 141: [<Jacobian>] Shared Parameter Glen's Law Homotopy Parameter<Jacobian>: 0.000597679 - 0.00801559% [50]
|   |   |   |   |   |   |   |   Phalanx: Evaluator 112: [<Jacobian>] Gather Coordinate Vector<Jacobian>: 0.0654965 - 0.878385% [50]
|   |   |   |   |   |   |   |   Phalanx: Evaluator 135: [<Jacobian>] ComputeBasisFunctions<Jacobian>: 0.0194404 - 0.260719% [50]
|   |   |   |   |   |   |   |   Phalanx: Evaluator 110: [<Jacobian>] Gather Solution<Jacobian>: 0.0136586 - 0.183178% [50]
|   |   |   |   |   |   |   |   Phalanx: Evaluator 177: [<Jacobian>] FastSolutionVecGradInterpolationBase<Jacobian>: 0.0528431 - 0.708689% [50]
|   |   |   |   |   |   |   |   Phalanx: Evaluator 117: [<Jacobian>] LoadStateField(temperature)<Jacobian>: 0.78525 - 10.5311% [50]
|   |   |   |   |   |   |   |   Phalanx: Evaluator 187: [<Jacobian>] P0Interpolation[temperature] <Jacobian>: 0.000963466 - 0.0129212% [50]
|   |   |   |   |   |   |   |   Phalanx: Evaluator 134: [<Jacobian>] MapToPhysicalFrame<Jacobian>: 0.0169097 - 0.22678% [50]
|   |   |   |   |   |   |   |   Phalanx: Evaluator 136: [<Jacobian>] P0Interpolation[Coord Vec] <Jacobian>: 0.000646136 - 0.00866545% [50]
|   |   |   |   |   |   |   |   Phalanx: Evaluator 115: [<Jacobian>] LoadStateField(surface_height)<Jacobian>: 0.0535993 - 0.71883% [50]
|   |   |   |   |   |   |   |   Phalanx: Evaluator 185: [<Jacobian>] P0Interpolation[surface_height] <Jacobian>: 0.000505218 - 0.00677557% [50]
|   |   |   |   |   |   |   |   Phalanx: Evaluator 113: [<Jacobian>] Pressure Corrected Temperature<Jacobian>: 0.0125436 - 0.168224% [50]
|   |   |   |   |   |   |   |   Phalanx: Evaluator 143: [<Jacobian>] ViscosityFO<Jacobian>: 0.00133138 - 0.0178554% [50]
|   |   |   |   |   |   |   |   Phalanx: Evaluator 184: [<Jacobian>] DOFGradInterpolationBase<Jacobian>: 0.427736 - 5.73645% [50]
|   |   |   |   |   |   |   |   Phalanx: Evaluator 147: [<Jacobian>] StokesFOBodyForce<Jacobian>: 0.00241765 - 0.0324236% [50]
|   |   |   |   |   |   |   |   Phalanx: Evaluator 176: [<Jacobian>] FastSolutionVecInterpolationBase<Jacobian>: 0.00324029 - 0.0434561% [50]
|   |   |   |   |   |   |   |   Phalanx: Evaluator 138: [<Jacobian>] StokesFOResid<Jacobian>: 0.266051 - 3.56806% [50]
|   |   |   |   |   |   |   |   Phalanx: Evaluator 173: [<Jacobian>] DOFCellToSide(Coord Vec -> Coord Vec_extruded_boundary_side_set_1)[Vertex Vector]<Jacobian>: 5.2795 - 70.8043% [50]
|   |   |   |   |   |   |   |   Phalanx: Evaluator 170: [<Jacobian>] ComputeBasisFunctionsSide<Jacobian>: 0.0168072 - 0.225405% [50]
|   |   |   |   |   |   |   |   Phalanx: Evaluator 210: [<Jacobian>] DOFCellToSide(surface_height -> surface_height_extruded_boundary_side_set_1)[Node Scalar]<Jacobian>: 0.000166369 - 0.00223121% [50]
|   |   |   |   |   |   |   |   Phalanx: Evaluator 212: [<Jacobian>] DOFInterpolationSide<Jacobian>: 0.000206224 - 0.00276571% [50]
|   |   |   |   |   |   |   |   Phalanx: Evaluator 114: [<Jacobian>] LoadStateField(ice_thickness)<Jacobian>: 0.0353639 - 0.474273% [50]
|   |   |   |   |   |   |   |   Phalanx: Evaluator 208: [<Jacobian>] DOFCellToSide(ice_thickness -> ice_thickness_extruded_boundary_side_set_1)[Node Scalar]<Jacobian>: 0.000155529 - 0.00208583% [50]
|   |   |   |   |   |   |   |   Phalanx: Evaluator 209: [<Jacobian>] DOFInterpolationSide<Jacobian>: 0.00339377 - 0.0455145% [50]
|   |   |   |   |   |   |   |   Phalanx: Evaluator 148: [<Jacobian>] StokesFOLateralResid<Jacobian>: 0.00122919 - 0.0164848% [50]
|   |   |   |   |   |   |   |   Phalanx: Evaluator 169: [<Jacobian>] DOFCellToSide(Coord Vec -> Coord Vec_basalside)[Vertex Vector]<Jacobian>: 0.0784745 - 1.05244% [50]
|   |   |   |   |   |   |   |   Phalanx: Evaluator 166: [<Jacobian>] ComputeBasisFunctionsSide<Jacobian>: 0.0110635 - 0.148374% [50]
|   |   |   |   |   |   |   |   Phalanx: Evaluator 159: [<Jacobian>] Shared Parameter Power Exponent<Jacobian>: 0.00214506 - 0.0287678% [50]
|   |   |   |   |   |   |   |   Phalanx: Evaluator 128: [<Jacobian>] Load Side Set Field log_basal_friction_basalside from Side Set State log_basal_friction<Jacobian>: 0.0165024 - 0.221317% [50]
|   |   |   |   |   |   |   |   Phalanx: Evaluator 200: [<Jacobian>] DOFInterpolationSide<Jacobian>: 0.000160813 - 0.00215669% [50]
|   |   |   |   |   |   |   |   Phalanx: Evaluator 123: [<Jacobian>] Load Side Set Field ice_thickness_basalside from Side Set State ice_thickness<Jacobian>: 0.018641 - 0.249998% [50]
|   |   |   |   |   |   |   |   Phalanx: Evaluator 127: [<Jacobian>] Load Side Set Field bed_topography_basalside from Side Set State bed_topography<Jacobian>: 0.01642 - 0.220211% [50]
|   |   |   |   |   |   |   |   Phalanx: Evaluator 160: [<Jacobian>] BasalFrictionCoefficient<Jacobian>: 0.00127871 - 0.017149% [50]
|   |   |   |   |   |   |   |   Phalanx: Evaluator 188: [<Jacobian>] DOFCellToSide(Velocity -> Velocity_basalside)[Node Vector]<Jacobian>: 0.00536547 - 0.0719573% [50]
|   |   |   |   |   |   |   |   Phalanx: Evaluator 189: [<Jacobian>] DOFVecInterpolationSide<Jacobian>: 0.0163666 - 0.219496% [50]
|   |   |   |   |   |   |   |   Phalanx: Evaluator 149: [<Jacobian>] StokesFOBasalResid<Jacobian>: 0.0206415 - 0.276827% [50]
|   |   |   |   |   |   |   |   Phalanx: Evaluator 111: [<Jacobian>] Scatter Velocity Residual<Jacobian>: 0.0434349 - 0.582513% [50]
|   |   |   |   |   |   |   |   Remainder: 0.165918 - 2.22516%
|   |   |   |   |   |   |   Albany Jacobian Fill: Export: 0.00279304 - 0.0315574% [50]
|   |   |   |   |   |   |   Remainder: 1.39142 - 15.721%
|   |   |   |   |   |   Remainder: 0.00125706 - 0.0108547%
|   |   |   |   |   Remainder: 0.00386631 - 0.0333745%
|   |   |   |   NOX Total Preconditioner Construction: 53.871 - 36.6668% [50]
|   |   |   |   |   ThyraMueLu::initializePrec: 53.4491 - 99.2168% [50]
|   |   |   |   |   |   MueLu: ParameterListInterpreter (ParameterList): 0.0382018 - 0.0714732% [50]
|   |   |   |   |   |   Ifpack2::Relaxation::initialize: 0.549609 - 1.02828% [50]
|   |   |   |   |   |   Ifpack2::Relaxation::compute: 0.0383473 - 0.0717456% [50]
|   |   |   |   |   |   Ifpack2::Chebyshev::compute: 1.29153 - 2.41638% [100]
|   |   |   |   |   |   Utilities_kokkos::GetMatrixDiagonalInverse: 0.00327004 - 0.00611805% [50]
|   |   |   |   |   |   Remainder: 51.5281 - 96.406%
|   |   |   |   |   Remainder: 0.421896 - 0.78316%
|   |   |   |   NOX Total Linear Solve: 81.4235 - 55.4202% [50]
|   |   |   |   |   Stratimikos: BelosLOWS: 81.4234 - 99.9998% [50]
|   |   |   |   |   |   Belos: Operation Op*x: 0.0597425 - 0.0733727% [50]
|   |   |   |   |   |   Belos::MVT::MvAddMv: 0.000687228 - 0.000844018% [50]
|   |   |   |   |   |   Belos: BlockGmresSolMgr total solve time: 80.7593 - 99.1844% [50]
|   |   |   |   |   |   |   Belos: ICGS[2]: Orthogonalization: 27.4121 - 33.943% [10050]
|   |   |   |   |   |   |   |   Belos: ICGS[2]: Ortho (Norm): 0.37512 - 1.36845% [10050]
|   |   |   |   |   |   |   |   |   Belos::MVT::MvDot: 0.364871 - 97.2677% [10050]
|   |   |   |   |   |   |   |   |   Remainder: 0.0102494 - 2.73229%
|   |   |   |   |   |   |   |   Belos::MVT::MvScale: 0.0523306 - 0.190903% [10050]
|   |   |   |   |   |   |   |   Belos: ICGS[2]: Ortho (Inner Product): 14.8678 - 54.2381% [20000]
|   |   |   |   |   |   |   |   |   Belos::MVT::MvTransMv: 14.842 - 99.8265% [20000]
|   |   |   |   |   |   |   |   |   Remainder: 0.0257944 - 0.173492%
|   |   |   |   |   |   |   |   Belos: ICGS[2]: Ortho (Update): 12.0434 - 43.9345% [20000]
|   |   |   |   |   |   |   |   |   Belos::MVT::MvTimesMatAddMv: 12.02 - 99.8064% [20000]
|   |   |   |   |   |   |   |   |   Remainder: 0.0233105 - 0.193555%
|   |   |   |   |   |   |   |   Remainder: 0.0734796 - 0.268055%
|   |   |   |   |   |   |   Belos::MVT::MvAddMv: 0.000911029 - 0.00112808% [100]
|   |   |   |   |   |   |   Belos::MVT::MvNorm: 0.0568303 - 0.07037% [50]
|   |   |   |   |   |   |   Belos: Operation Prec*x: 29.583 - 36.6311% [10050]
|   |   |   |   |   |   |   |   Ifpack2::Relaxation::apply: 1.05596 - 3.56949% [20100]
|   |   |   |   |   |   |   |   Ifpack2::Chebyshev::apply: 2.25406 - 7.61944% [30150]
|   |   |   |   |   |   |   |   Remainder: 26.2729 - 88.8111%
|   |   |   |   |   |   |   Belos: Operation Op*x: 21.2741 - 26.3426% [10000]
|   |   |   |   |   |   |   Belos::MVT::MvTimesMatAddMv: 0.115402 - 0.142896% [50]
|   |   |   |   |   |   |   Remainder: 2.31698 - 2.869%
|   |   |   |   |   |   Remainder: 0.603688 - 0.741418%
|   |   |   |   |   Remainder: 0.000127517 - 0.00015661%
|   |   |   |   Remainder: 0.0411104 - 0.0279815%
|   |   |   Remainder: 0.000763222 - 0.000519478%
|   |   Piro::SteadyStateSolver::evalConvergedModelResponsesAndSensitivities::calc g, df/dp, dg/dp, dg/dx: 0.00109805 - 0.000747362% [1]
|   |   |   Thyra::DefaultModelEvaluatorWithSolveFactory<double>::evalModel(...): 0.00103255 - 94.0351% [1]
|   |   |   |   Albany: Total Fill Time: 0.0010045 - 97.283% [1]
|   |   |   |   |   Albany Fill: Response: 0.000989718 - 98.5288% [1]
|   |   |   |   |   Remainder: 1.4778e-05 - 1.47119%
|   |   |   |   Remainder: 2.8054e-05 - 2.71696%
|   |   |   Remainder: 6.5497e-05 - 5.96486%
|   |   Remainder: 0.000986251 - 0.00067127%
|   Remainder: 1.1522e-05 - 6.61147e-06%
~PyProblem()
<PyAlbany.Albany_Pybind11.RCPPyParameterList object at 0x14a1fc0ed030>
<PyAlbany.Albany_Pybind11.RCPPyParameterList object at 0x14a1fc0ed0b0>
Solve time: 1000000000000.0
~PyParallelEnv()

