*********************************************************************************
**  ______   __  __   ______   __       ______   ______   __   __   __  __     **
** /\  == \ /\ \_\ \ /\  __ \ /\ \     /\  == \ /\  __ \ /\ "-.\ \ /\ \_\ \    **
** \ \  __/ \ \____ \\ \  __ \\ \ \____\ \  __< \ \  __ \\ \ \-.  \\ \____ \   **
**  \ \_\    \/\_____\\ \_\ \_\\ \_____\\ \_____\\ \_\ \_\\ \_\\"\_\\/\_____\  **
**   \/_/     \/_____/ \/_/\/_/ \/_____/ \/_____/ \/_/\/_/ \/_/ \/_/ \/_____/  **
**                                                                             **
*********************************************************************************
** Trilinos git commit id - c70ae3dfa18
** Albany git branch ------ pybind11_PR
** Albany git commit id --- 7a1da3122
** Albany cxx compiler ---- GNU 10.3.0
** Albany cuda compiler --- Cuda 115
** Simulation start time -- 2022-09-25 at 14:18:48
***************************************************************
Albany_IOSS: Loading STKMesh from Exodus file  /global/homes/m/mcarlson/LandIce/ALITune/optimize/data/mesh-pop-wdg/gis_basal_populated.exo
Albany_IOSS: Loading STKMesh from Exodus file  /global/homes/m/mcarlson/LandIce/ALITune/optimize/data/mesh-pop-wdg/gis_upper_populated.exo
IOSS-STK: number of node sets = 3
IOSS-STK: number of side sets = 3
IOSS-STK: number of node sets = 3
IOSS-STK: number of side sets = 3
IOSS-STK: number of node sets = 1
IOSS-STK: number of side sets = 0
Restart Index set, reading solution index : 1
[GenericSTKMeshStruct] Processing field requirements...
  - Skipping field 'ice_thickness' since it's listed as present in the mesh.
  - Skipping field 'observed_ice_thickness' since it's listed as present in the mesh.
  - Skipping field 'observed_ice_thickness_RMS' since it's listed as present in the mesh.
  - Skipping field 'surface_height' since it's listed as present in the mesh.
  - Skipping field 'bed_topography' since it's listed as present in the mesh.
  - Skipping field 'log_basal_friction' since it's listed as present in the mesh.
  - Skipping field 'temperature' since it's listed as present in the mesh.
  - Skipping field 'apparent_mass_balance' since it's listed as present in the mesh.
  - Skipping field 'apparent_mass_balance_RMS' since it's listed as present in the mesh.
[ExtrudedSTKMesh] Adding nodes... done!
[ExtrudedSTKMesh] Adding elements... done!
[ExtrudedSTKMesh] Adding basalside sides... done!
[ExtrudedSTKMesh] Adding upperside sides... done!
[ExtrudedSTKMesh] Adding lateral sides... done!
[ExtrudedSTKMesh] Extruding basal fields...
  - Extruding Scalar Node field ice_thickness...done!
  - Extruding Scalar Node field surface_height...done!
  - Extruding Scalar Node field log_basal_friction...done!
  - Extruding Scalar Node field bed_topography...done!
  - Extruding Scalar Node field apparent_mass_balance...done!
  - Extruding Scalar Node field apparent_mass_balance_RMS...done!
[ExtrudedSTKMesh] Interpolating layered basal fields...
  - Interpolating Scalar field temperature...done!
[GenericSTKMeshStruct] Processing field requirements...
  - Skipping field 'ice_thickness' since it's listed as present in the mesh.
  - Skipping field 'surface_height' since it's listed as present in the mesh.
  - Skipping field 'log_basal_friction' since it's listed as present in the mesh.
  - Skipping field 'temperature' since it's listed as present in the mesh.
  - Skipping field 'bed_topography' since it's listed as present in the mesh.
  - Skipping field 'apparent_mass_balance' since it's listed as present in the mesh.
  - Skipping field 'apparent_mass_balance_RMS' since it's listed as present in the mesh.
  - Skipping field 'bed_topography' since it's listed as output. Make sure there's an evaluator set to save it!
  - Skipping field 'surface_height' since it's listed as output. Make sure there's an evaluator set to save it!
Restart Index set, reading solution index : 1
[GenericSTKMeshStruct] Processing field requirements...
  - Skipping field 'observed_surface_velocity' since it's listed as present in the mesh.
  - Skipping field 'observed_surface_velocity_RMS' since it's listed as present in the mesh.
STKDisc: 725880 elements on Proc 0 
STKDisc: nodeset basal_boundary_node_set_0 has size 0  on Proc 0.
STKDisc: nodeset basal_boundary_node_set_1 has size 6027  on Proc 0.
STKDisc: nodeset basal_node_set has size 39224  on Proc 0.
STKDisc: nodeset bottom has size 39224  on Proc 0.
STKDisc: nodeset extruded_boundary_node_set_0 has size 0  on Proc 0.
STKDisc: nodeset extruded_boundary_node_set_1 has size 66297  on Proc 0.
STKDisc: nodeset extruded_node_set has size 431464  on Proc 0.
STKDisc: nodeset lateral has size 66297  on Proc 0.
STKDisc: nodeset top has size 39224  on Proc 0.
STKDisc: sideset basalside has size 72588  on Proc 0.
STKDisc: sideset extruded_boundary_side_set has size 60460  on Proc 0.
STKDisc: sideset extruded_boundary_side_set_1 has size 57830  on Proc 0.
STKDisc: sideset extruded_boundary_side_set_1_tri3_edge2 has size 57830  on Proc 0.
STKDisc: sideset extruded_boundary_side_set_2 has size 2630  on Proc 0.
STKDisc: sideset extruded_boundary_side_set_2_tri3_edge2 has size 2630  on Proc 0.
STKDisc: sideset extruded_boundary_side_set_tri3_edge2 has size 60460  on Proc 0.
STKDisc: sideset lateralside has size 60460  on Proc 0.
STKDisc: sideset upperside has size 72588  on Proc 0.
STKDisc: 72588 elements on Proc 0 
STKDisc: nodeset boundary_node_set_0 has size 0  on Proc 0.
STKDisc: nodeset boundary_node_set_1 has size 6027  on Proc 0.
STKDisc: nodeset node_set has size 39224  on Proc 0.
STKDisc: sideset boundary_side_set has size 6046  on Proc 0.
STKDisc: sideset boundary_side_set_1 has size 5783  on Proc 0.
STKDisc: sideset boundary_side_set_2 has size 263  on Proc 0.
STKDisc: 72588 elements on Proc 0 
STKDisc: nodeset all_nodes has size 39224  on Proc 0.
StateManager: initializing state:  ice_thickness
StateManager: initializing state:  surface_height
StateManager: initializing state:  log_basal_friction
StateManager: initializing state:  temperature
StateManager: initializing state:  bed_topography
StateManager: initializing state:  apparent_mass_balance
StateManager: initializing state:  apparent_mass_balance_RMS
StateManager: initializing state:  dissipation_heat

StateManager: initializing state:  ice_thickness
StateManager: initializing state:  observed_ice_thickness
StateManager: initializing state:  observed_ice_thickness_RMS
StateManager: initializing state:  surface_height
StateManager: initializing state:  bed_topography
StateManager: initializing state:  log_basal_friction
StateManager: initializing state:  temperature
StateManager: initializing state:  apparent_mass_balance
StateManager: initializing state:  apparent_mass_balance_RMS

StateManager: initializing state:  observed_surface_velocity
StateManager: initializing state:  observed_surface_velocity_RMS

xxxxxxxxxxxxxxxxxxxxxxxxxxxxxxxxxxxxxxxxxxxxxxx
 Sacado ParameterLibrary has been initialized:
 Library of all registered parameters:
xxxxxxxxxxxxxxxxxxxxxxxxxxxxxxxxxxxxxxxxxxxxxxx

Total number of parameters  = 0
Number of non-distributed parameters  = 0
Number of response vectors  = 1
Number of distributed parameters vectors  = 0

************************************************************************
-- Nonlinear Solver Step 0 -- 
||F|| = 5.152e+05  step = 0.000e+00  dx = 0.000e+00
************************************************************************

  
  *******************************************************
  ***** Belos Iterative Solver:  Block Gmres 
  ***** Maximum Iterations: 200
  ***** Block Size: 1
  ***** Residual Test: 
  *****   Test 1 : Belos::StatusTestImpResNorm<>: (2-Norm Res Vec) / (2-Norm Res0), tol = 1e-08
  *******************************************************
  Iter   0, [ 1] :    1.000000e+00
  Iter  20, [ 1] :    2.178284e-01
  Iter  40, [ 1] :    9.048598e-03
  Iter  60, [ 1] :    2.500608e-03
  Iter  80, [ 1] :    2.116216e-04
  Iter 100, [ 1] :    5.409628e-06
  Iter 120, [ 1] :    1.077648e-07
  Iter 133, [ 1] :    9.046408e-09

************************************************************************
-- Nonlinear Solver Step 1 -- 
||F|| = 5.031e+05  step = 1.250e-01  dx = 1.950e+04
************************************************************************

  
  *******************************************************
  ***** Belos Iterative Solver:  Block Gmres 
  ***** Maximum Iterations: 200
  ***** Block Size: 1
  ***** Residual Test: 
  *****   Test 1 : Belos::StatusTestImpResNorm<>: (2-Norm Res Vec) / (2-Norm Res0), tol = 1e-08
  *******************************************************
  Iter   0, [ 1] :    1.000000e+00
  Iter  20, [ 1] :    2.898164e-01
  Iter  40, [ 1] :    4.657152e-02
  Iter  60, [ 1] :    1.097230e-02
  Iter  80, [ 1] :    4.220698e-04
  Iter 100, [ 1] :    8.326747e-06
  Iter 120, [ 1] :    5.468468e-07
  Iter 140, [ 1] :    1.062363e-08
  Iter 141, [ 1] :    8.589234e-09

************************************************************************
-- Nonlinear Solver Step 2 -- 
||F|| = 4.947e+05  step = 1.250e-01  dx = 3.054e+04
************************************************************************

  
  *******************************************************
  ***** Belos Iterative Solver:  Block Gmres 
  ***** Maximum Iterations: 200
  ***** Block Size: 1
  ***** Residual Test: 
  *****   Test 1 : Belos::StatusTestImpResNorm<>: (2-Norm Res Vec) / (2-Norm Res0), tol = 1e-08
  *******************************************************
  Iter   0, [ 1] :    1.000000e+00
  Iter  20, [ 1] :    2.351159e-01
  Iter  40, [ 1] :    4.779251e-02
  Iter  60, [ 1] :    1.442436e-02
  Iter  80, [ 1] :    1.309509e-03
  Iter 100, [ 1] :    1.865771e-04
  Iter 120, [ 1] :    9.057356e-06
  Iter 140, [ 1] :    2.519413e-07
  Iter 158, [ 1] :    9.853340e-09

************************************************************************
-- Nonlinear Solver Step 3 -- 
||F|| = 4.786e+05  step = 1.250e-01  dx = 3.499e+04
************************************************************************

  
  *******************************************************
  ***** Belos Iterative Solver:  Block Gmres 
  ***** Maximum Iterations: 200
  ***** Block Size: 1
  ***** Residual Test: 
  *****   Test 1 : Belos::StatusTestImpResNorm<>: (2-Norm Res Vec) / (2-Norm Res0), tol = 1e-08
  *******************************************************
  Iter   0, [ 1] :    1.000000e+00
  Iter  20, [ 1] :    4.456260e-01
  Iter  40, [ 1] :    1.098838e-01
  Iter  60, [ 1] :    4.096977e-02
  Iter  80, [ 1] :    1.019059e-02
  Iter 100, [ 1] :    1.451872e-03
  Iter 120, [ 1] :    1.338110e-04
  Iter 140, [ 1] :    7.070218e-06
  Iter 160, [ 1] :    3.753778e-07
  Iter 180, [ 1] :    1.910095e-08
  Iter 185, [ 1] :    9.678281e-09

************************************************************************
-- Nonlinear Solver Step 4 -- 
||F|| = 4.696e+05  step = 2.500e-01  dx = 3.608e+04
************************************************************************

  
  *******************************************************
  ***** Belos Iterative Solver:  Block Gmres 
  ***** Maximum Iterations: 200
  ***** Block Size: 1
  ***** Residual Test: 
  *****   Test 1 : Belos::StatusTestImpResNorm<>: (2-Norm Res Vec) / (2-Norm Res0), tol = 1e-08
  *******************************************************
  Iter   0, [ 1] :    1.000000e+00
  Iter  20, [ 1] :    8.598214e-01
  Iter  40, [ 1] :    2.377134e-01
  Iter  60, [ 1] :    1.251224e-01
  Iter  80, [ 1] :    4.381297e-02
  Iter 100, [ 1] :    1.362522e-02
  Iter 120, [ 1] :    4.075278e-03
  Iter 140, [ 1] :    8.390954e-04
  Iter 160, [ 1] :    8.582415e-05
  Iter 180, [ 1] :    9.522980e-06
  Iter 200, [ 1] :    9.970577e-07
WARNING: NOX::Direction::Newton::compute() - Linear solve failed to achieve convergence - using the step anyway since "Rescue Bad Newton Solve" is true 

************************************************************************
-- Nonlinear Solver Step 5 -- 
||F|| = 4.639e+05  step = 5.000e-01  dx = 3.324e+04
************************************************************************

  
  *******************************************************
  ***** Belos Iterative Solver:  Block Gmres 
  ***** Maximum Iterations: 200
  ***** Block Size: 1
  ***** Residual Test: 
  *****   Test 1 : Belos::StatusTestImpResNorm<>: (2-Norm Res Vec) / (2-Norm Res0), tol = 1e-08
  *******************************************************
  Iter   0, [ 1] :    1.000000e+00
  Iter  20, [ 1] :    9.498260e-01
  Iter  40, [ 1] :    2.918464e-01
  Iter  60, [ 1] :    1.332336e-01
  Iter  80, [ 1] :    7.032418e-02
  Iter 100, [ 1] :    1.356291e-02
  Iter 120, [ 1] :    1.853912e-03
  Iter 140, [ 1] :    3.212306e-04
  Iter 160, [ 1] :    6.144563e-05
  Iter 180, [ 1] :    1.370979e-05
  Iter 200, [ 1] :    3.553945e-06
WARNING: NOX::Direction::Newton::compute() - Linear solve failed to achieve convergence - using the step anyway since "Rescue Bad Newton Solve" is true 

************************************************************************
-- Nonlinear Solver Step 6 -- 
||F|| = 3.400e+05  step = 1.000e+00  dx = 2.394e+04
************************************************************************

  
  *******************************************************
  ***** Belos Iterative Solver:  Block Gmres 
  ***** Maximum Iterations: 200
  ***** Block Size: 1
  ***** Residual Test: 
  *****   Test 1 : Belos::StatusTestImpResNorm<>: (2-Norm Res Vec) / (2-Norm Res0), tol = 1e-08
  *******************************************************
  Iter   0, [ 1] :    1.000000e+00
  Iter  20, [ 1] :    9.480515e-01
  Iter  40, [ 1] :    8.013757e-01
  Iter  60, [ 1] :    3.358150e-01
  Iter  80, [ 1] :    5.062246e-02
  Iter 100, [ 1] :    8.901028e-03
  Iter 120, [ 1] :    2.041855e-03
  Iter 140, [ 1] :    5.018241e-04
  Iter 160, [ 1] :    1.467995e-04
  Iter 180, [ 1] :    3.329794e-05
  Iter 200, [ 1] :    1.027368e-05
WARNING: NOX::Direction::Newton::compute() - Linear solve failed to achieve convergence - using the step anyway since "Rescue Bad Newton Solve" is true 

************************************************************************
-- Nonlinear Solver Step 7 -- 
||F|| = 7.191e+04  step = 1.000e+00  dx = 8.063e+03
************************************************************************

  
  *******************************************************
  ***** Belos Iterative Solver:  Block Gmres 
  ***** Maximum Iterations: 200
  ***** Block Size: 1
  ***** Residual Test: 
  *****   Test 1 : Belos::StatusTestImpResNorm<>: (2-Norm Res Vec) / (2-Norm Res0), tol = 1e-08
  *******************************************************
  Iter   0, [ 1] :    1.000000e+00
  Iter  20, [ 1] :    9.368273e-01
  Iter  40, [ 1] :    8.938519e-01
  Iter  60, [ 1] :    4.727520e-01
  Iter  80, [ 1] :    6.951449e-02
  Iter 100, [ 1] :    2.169394e-02
  Iter 120, [ 1] :    4.755229e-03
  Iter 140, [ 1] :    1.235260e-03
  Iter 160, [ 1] :    3.399696e-04
  Iter 180, [ 1] :    1.419368e-04
  Iter 200, [ 1] :    4.047741e-05
WARNING: NOX::Direction::Newton::compute() - Linear solve failed to achieve convergence - using the step anyway since "Rescue Bad Newton Solve" is true 

************************************************************************
-- Nonlinear Solver Step 8 -- 
||F|| = 5.406e+03  step = 1.000e+00  dx = 1.644e+03
************************************************************************

  
  *******************************************************
  ***** Belos Iterative Solver:  Block Gmres 
  ***** Maximum Iterations: 200
  ***** Block Size: 1
  ***** Residual Test: 
  *****   Test 1 : Belos::StatusTestImpResNorm<>: (2-Norm Res Vec) / (2-Norm Res0), tol = 1e-08
  *******************************************************
  Iter   0, [ 1] :    1.000000e+00
  Iter  20, [ 1] :    9.058664e-01
  Iter  40, [ 1] :    8.935910e-01
  Iter  60, [ 1] :    3.148344e-01
  Iter  80, [ 1] :    7.182459e-02
  Iter 100, [ 1] :    1.163703e-02
  Iter 120, [ 1] :    2.414564e-03
  Iter 140, [ 1] :    6.663657e-04
  Iter 160, [ 1] :    1.935751e-04
  Iter 180, [ 1] :    7.676877e-05
  Iter 200, [ 1] :    2.767321e-05
WARNING: NOX::Direction::Newton::compute() - Linear solve failed to achieve convergence - using the step anyway since "Rescue Bad Newton Solve" is true 

************************************************************************
-- Nonlinear Solver Step 9 -- 
||F|| = 1.432e+02  step = 1.000e+00  dx = 6.698e+01
************************************************************************

  
  *******************************************************
  ***** Belos Iterative Solver:  Block Gmres 
  ***** Maximum Iterations: 200
  ***** Block Size: 1
  ***** Residual Test: 
  *****   Test 1 : Belos::StatusTestImpResNorm<>: (2-Norm Res Vec) / (2-Norm Res0), tol = 1e-08
  *******************************************************
  Iter   0, [ 1] :    1.000000e+00
  Iter  20, [ 1] :    7.739061e-01
  Iter  40, [ 1] :    5.355182e-01
  Iter  60, [ 1] :    1.218733e-01
  Iter  80, [ 1] :    3.630101e-02
  Iter 100, [ 1] :    7.010090e-03
  Iter 120, [ 1] :    1.512941e-03
  Iter 140, [ 1] :    3.405846e-04
  Iter 160, [ 1] :    1.231775e-04
  Iter 180, [ 1] :    5.936224e-05
  Iter 200, [ 1] :    2.472754e-05
WARNING: NOX::Direction::Newton::compute() - Linear solve failed to achieve convergence - using the step anyway since "Rescue Bad Newton Solve" is true 

************************************************************************
-- Nonlinear Solver Step 10 -- 
||F|| = 5.912e+00  step = 1.000e+00  dx = 3.392e+00
************************************************************************

  
  *******************************************************
  ***** Belos Iterative Solver:  Block Gmres 
  ***** Maximum Iterations: 200
  ***** Block Size: 1
  ***** Residual Test: 
  *****   Test 1 : Belos::StatusTestImpResNorm<>: (2-Norm Res Vec) / (2-Norm Res0), tol = 1e-08
  *******************************************************
  Iter   0, [ 1] :    1.000000e+00
  Iter  20, [ 1] :    2.742354e-01
  Iter  40, [ 1] :    1.063125e-01
  Iter  60, [ 1] :    5.534008e-02
  Iter  80, [ 1] :    7.938189e-03
  Iter 100, [ 1] :    2.895804e-03
  Iter 120, [ 1] :    5.523482e-04
  Iter 140, [ 1] :    1.915798e-04
  Iter 160, [ 1] :    1.283456e-04
  Iter 180, [ 1] :    5.639427e-05
  Iter 200, [ 1] :    2.072039e-05
WARNING: NOX::Direction::Newton::compute() - Linear solve failed to achieve convergence - using the step anyway since "Rescue Bad Newton Solve" is true 

************************************************************************
-- Nonlinear Solver Step 11 -- 
||F|| = 4.059e+00  step = 1.000e+00  dx = 2.166e+00
************************************************************************

  
  *******************************************************
  ***** Belos Iterative Solver:  Block Gmres 
  ***** Maximum Iterations: 200
  ***** Block Size: 1
  ***** Residual Test: 
  *****   Test 1 : Belos::StatusTestImpResNorm<>: (2-Norm Res Vec) / (2-Norm Res0), tol = 1e-08
  *******************************************************
  Iter   0, [ 1] :    1.000000e+00
  Iter  20, [ 1] :    1.525156e-01
  Iter  40, [ 1] :    7.985950e-02
  Iter  60, [ 1] :    1.671872e-02
  Iter  80, [ 1] :    3.277572e-03
  Iter 100, [ 1] :    1.149088e-03
  Iter 120, [ 1] :    2.357595e-04
  Iter 140, [ 1] :    3.175916e-05
  Iter 160, [ 1] :    5.682156e-06
  Iter 180, [ 1] :    3.156973e-06
  Iter 200, [ 1] :    1.890066e-06
WARNING: NOX::Direction::Newton::compute() - Linear solve failed to achieve convergence - using the step anyway since "Rescue Bad Newton Solve" is true 

************************************************************************
-- Nonlinear Solver Step 12 -- 
||F|| = 1.808e+00  step = 5.000e-01  dx = 2.113e+00
************************************************************************

  
  *******************************************************
  ***** Belos Iterative Solver:  Block Gmres 
  ***** Maximum Iterations: 200
  ***** Block Size: 1
  ***** Residual Test: 
  *****   Test 1 : Belos::StatusTestImpResNorm<>: (2-Norm Res Vec) / (2-Norm Res0), tol = 1e-08
  *******************************************************
  Iter   0, [ 1] :    1.000000e+00
  Iter  20, [ 1] :    1.037359e-01
  Iter  40, [ 1] :    2.683720e-02
  Iter  60, [ 1] :    9.156033e-03
  Iter  80, [ 1] :    1.819417e-03
  Iter 100, [ 1] :    4.750716e-04
  Iter 120, [ 1] :    7.646588e-05
  Iter 140, [ 1] :    1.504074e-05
  Iter 160, [ 1] :    5.149696e-06
  Iter 180, [ 1] :    3.343939e-06
  Iter 200, [ 1] :    1.615454e-06
WARNING: NOX::Direction::Newton::compute() - Linear solve failed to achieve convergence - using the step anyway since "Rescue Bad Newton Solve" is true 

************************************************************************
-- Nonlinear Solver Step 13 -- 
||F|| = 2.881e-01  step = 5.000e-01  dx = 3.278e-01
************************************************************************

  
  *******************************************************
  ***** Belos Iterative Solver:  Block Gmres 
  ***** Maximum Iterations: 200
  ***** Block Size: 1
  ***** Residual Test: 
  *****   Test 1 : Belos::StatusTestImpResNorm<>: (2-Norm Res Vec) / (2-Norm Res0), tol = 1e-08
  *******************************************************
  Iter   0, [ 1] :    1.000000e+00
  Iter  20, [ 1] :    1.453782e-01
  Iter  40, [ 1] :    6.087232e-02
  Iter  60, [ 1] :    2.066231e-02
  Iter  80, [ 1] :    1.715673e-03
  Iter 100, [ 1] :    5.383032e-04
  Iter 120, [ 1] :    8.769303e-05
  Iter 140, [ 1] :    2.404333e-05
  Iter 160, [ 1] :    1.566190e-05
  Iter 180, [ 1] :    8.992387e-06
  Iter 200, [ 1] :    4.928194e-06
WARNING: NOX::Direction::Newton::compute() - Linear solve failed to achieve convergence - using the step anyway since "Rescue Bad Newton Solve" is true 

************************************************************************
-- Nonlinear Solver Step 14 -- 
||F|| = 3.766e-02  step = 1.000e+00  dx = 2.858e-02
************************************************************************

  
  *******************************************************
  ***** Belos Iterative Solver:  Block Gmres 
  ***** Maximum Iterations: 200
  ***** Block Size: 1
  ***** Residual Test: 
  *****   Test 1 : Belos::StatusTestImpResNorm<>: (2-Norm Res Vec) / (2-Norm Res0), tol = 1e-08
  *******************************************************
  Iter   0, [ 1] :    1.000000e+00
  Iter  20, [ 1] :    1.505735e-01
  Iter  40, [ 1] :    5.197849e-02
  Iter  60, [ 1] :    1.011497e-02
  Iter  80, [ 1] :    1.343195e-03
  Iter 100, [ 1] :    4.241516e-04
  Iter 120, [ 1] :    8.207248e-05
  Iter 140, [ 1] :    1.692329e-05
  Iter 160, [ 1] :    1.056613e-05
  Iter 180, [ 1] :    7.134591e-06
  Iter 200, [ 1] :    3.101597e-06
WARNING: NOX::Direction::Newton::compute() - Linear solve failed to achieve convergence - using the step anyway since "Rescue Bad Newton Solve" is true 

************************************************************************
-- Nonlinear Solver Step 15 -- 
||F|| = 4.434e-04  step = 1.000e+00  dx = 1.537e-03 (Converged!)
************************************************************************

************************************************************************
-- Final Status Test Results --
Converged....OR Combination -> 
  Converged....F-Norm = 4.773e-07 < 1.000e-05
               (Length-Scaled Two-Norm, Absolute Tolerance)
  ??...........Number of Iterations = -1 < 50
************************************************************************
         Response[0] = -7.00550989e+00 
*** Teuchos::StackedTimer::report() - Remainder for a level will be ***
*** incorrect if a timer in the level does not exist on every rank  ***
*** of the MPI Communicator.                                        ***
PyAlbany Total Time: 72.1415 [2]
|   PyAlbany: Setup Time: 27.5154 - 38.1409% [1]
|   PyAlbany: performSolve: 44.6261 - 61.8591% [1]
|   |   Piro::NOXSolver::evalModelImpl::solve: 44.6078 - 99.9591% [1]
|   |   |   Thyra::NOXNonlinearSolver::solve: 44.6071 - 99.9983% [1]
|   |   |   |   Thyra::DefaultModelEvaluatorWithSolveFactory<double>::evalModel(...): 5.85106 - 13.1169% [45]
|   |   |   |   |   Albany: Total Fill Time: 5.84948 - 99.9731% [45]
|   |   |   |   |   |   Albany Fill: Residual: 2.02191 - 34.5657% [30]
|   |   |   |   |   |   |   Phalanx::SortAndOrderEvaluators: 1.283e-06 - 6.34548e-05% [1]
|   |   |   |   |   |   |   Albany Residual Fill: Evaluate: 1.70567 - 84.3595% [30]
|   |   |   |   |   |   |   |   Phalanx: Evaluator 8: [<Residual>] LoadStateField(bed_topography)<Residual>: 0.031255 - 1.83242% [30]
|   |   |   |   |   |   |   |   Phalanx: Evaluator 11: [<Residual>] Save Field bed_topography to State bed_topographyResidual: 0.340502 - 19.9629% [30]
|   |   |   |   |   |   |   |   Phalanx: Evaluator 5: [<Residual>] LoadStateField(surface_height)<Residual>: 0.0307911 - 1.80522% [30]
|   |   |   |   |   |   |   |   Phalanx: Evaluator 12: [<Residual>] Save Field surface_height to State surface_heightResidual: 0.343981 - 20.1669% [30]
|   |   |   |   |   |   |   |   Phalanx: Evaluator 31: [<Residual>] Shared Parameter Glen's Law Homotopy Parameter<Residual>: 0.000680714 - 0.0399088% [30]
|   |   |   |   |   |   |   |   Phalanx: Evaluator 2: [<Residual>] Gather Coordinate Vector<Residual>: 0.0661822 - 3.88012% [30]
|   |   |   |   |   |   |   |   Phalanx: Evaluator 25: [<Residual>] ComputeBasisFunctions<Residual>: 0.0195275 - 1.14486% [30]
|   |   |   |   |   |   |   |   Phalanx: Evaluator 0: [<Residual>] Gather Solution<Residual>: 0.0128072 - 0.750857% [30]
|   |   |   |   |   |   |   |   Phalanx: Evaluator 67: [<Residual>] FastSolutionVecGradInterpolationBase<Residual>: 0.00934975 - 0.548156% [30]
|   |   |   |   |   |   |   |   Phalanx: Evaluator 7: [<Residual>] LoadStateField(temperature)<Residual>: 0.171595 - 10.0602% [30]
|   |   |   |   |   |   |   |   Phalanx: Evaluator 78: [<Residual>] P0Interpolation[temperature] <Residual>: 0.000708921 - 0.0415625% [30]
|   |   |   |   |   |   |   |   Phalanx: Evaluator 24: [<Residual>] MapToPhysicalFrame<Residual>: 0.0189304 - 1.10985% [30]
|   |   |   |   |   |   |   |   Phalanx: Evaluator 26: [<Residual>] P0Interpolation[Coord Vec] <Residual>: 0.000372415 - 0.0218339% [30]
|   |   |   |   |   |   |   |   Phalanx: Evaluator 76: [<Residual>] P0Interpolation[surface_height] <Residual>: 0.0139564 - 0.818233% [30]
|   |   |   |   |   |   |   |   Phalanx: Evaluator 3: [<Residual>] Pressure Corrected Temperature<Residual>: 0.0118859 - 0.696845% [30]
|   |   |   |   |   |   |   |   Phalanx: Evaluator 33: [<Residual>] ViscosityFO<Residual>: 0.000682113 - 0.0399908% [30]
|   |   |   |   |   |   |   |   Phalanx: Evaluator 34: [<Residual>] Dissipation: 0.0304066 - 1.78267% [30]
|   |   |   |   |   |   |   |   Phalanx: Evaluator 35: [<Residual>] P0Interpolation[LandIce Dissipation] <Residual>: 0.00751056 - 0.440328% [30]
|   |   |   |   |   |   |   |   Phalanx: Evaluator 36: [<Residual>] Save Field LandIce Dissipation to State dissipation_heatResidual: 0.163977 - 9.61365% [30]
|   |   |   |   |   |   |   |   Phalanx: Evaluator 75: [<Residual>] DOFGradInterpolationBase<Residual>: 0.000283795 - 0.0166383% [30]
|   |   |   |   |   |   |   |   Phalanx: Evaluator 37: [<Residual>] StokesFOBodyForce<Residual>: 0.00231843 - 0.135924% [30]
|   |   |   |   |   |   |   |   Phalanx: Evaluator 66: [<Residual>] FastSolutionVecInterpolationBase<Residual>: 0.000738685 - 0.0433075% [30]
|   |   |   |   |   |   |   |   Phalanx: Evaluator 28: [<Residual>] StokesFOResid<Residual>: 0.0495055 - 2.9024% [30]
|   |   |   |   |   |   |   |   Phalanx: Evaluator 63: [<Residual>] DOFCellToSide(Coord Vec -> Coord Vec_extruded_boundary_side_set_1)[Vertex Vector]<Residual>: 0.122271 - 7.16851% [30]
|   |   |   |   |   |   |   |   Phalanx: Evaluator 60: [<Residual>] ComputeBasisFunctionsSide<Residual>: 0.0219388 - 1.28622% [30]
|   |   |   |   |   |   |   |   Phalanx: Evaluator 101: [<Residual>] DOFCellToSide(surface_height -> surface_height_extruded_boundary_side_set_1)[Node Scalar]<Residual>: 0.000117438 - 0.00688514% [30]
|   |   |   |   |   |   |   |   Phalanx: Evaluator 103: [<Residual>] DOFInterpolationSide<Residual>: 0.000167048 - 0.00979367% [30]
|   |   |   |   |   |   |   |   Phalanx: Evaluator 4: [<Residual>] LoadStateField(ice_thickness)<Residual>: 0.0346335 - 2.03049% [30]
|   |   |   |   |   |   |   |   Phalanx: Evaluator 99: [<Residual>] DOFCellToSide(ice_thickness -> ice_thickness_extruded_boundary_side_set_1)[Node Scalar]<Residual>: 0.000103909 - 0.00609196% [30]
|   |   |   |   |   |   |   |   Phalanx: Evaluator 100: [<Residual>] DOFInterpolationSide<Residual>: 0.00363133 - 0.212897% [30]
|   |   |   |   |   |   |   |   Phalanx: Evaluator 38: [<Residual>] StokesFOLateralResid<Residual>: 0.000754252 - 0.0442202% [30]
|   |   |   |   |   |   |   |   Phalanx: Evaluator 59: [<Residual>] DOFCellToSide(Coord Vec -> Coord Vec_basalside)[Vertex Vector]<Residual>: 0.00221132 - 0.129645% [30]
|   |   |   |   |   |   |   |   Phalanx: Evaluator 56: [<Residual>] ComputeBasisFunctionsSide<Residual>: 0.0108997 - 0.639027% [30]
|   |   |   |   |   |   |   |   Phalanx: Evaluator 49: [<Residual>] Shared Parameter Power Exponent<Residual>: 0.00102653 - 0.0601831% [30]
|   |   |   |   |   |   |   |   Phalanx: Evaluator 18: [<Residual>] Load Side Set Field log_basal_friction_basalside from Side Set State log_basal_friction<Residual>: 0.0180073 - 1.05573% [30]
|   |   |   |   |   |   |   |   Phalanx: Evaluator 91: [<Residual>] DOFInterpolationSide<Residual>: 0.000116234 - 0.00681455% [30]
|   |   |   |   |   |   |   |   Phalanx: Evaluator 13: [<Residual>] Load Side Set Field ice_thickness_basalside from Side Set State ice_thickness<Residual>: 0.0201599 - 1.18193% [30]
|   |   |   |   |   |   |   |   Phalanx: Evaluator 17: [<Residual>] Load Side Set Field bed_topography_basalside from Side Set State bed_topography<Residual>: 0.0169477 - 0.993608% [30]
|   |   |   |   |   |   |   |   Phalanx: Evaluator 50: [<Residual>] BasalFrictionCoefficient<Residual>: 0.000735688 - 0.0431318% [30]
|   |   |   |   |   |   |   |   Phalanx: Evaluator 79: [<Residual>] DOFCellToSide(Velocity -> Velocity_basalside)[Node Vector]<Residual>: 0.00229821 - 0.134739% [30]
|   |   |   |   |   |   |   |   Phalanx: Evaluator 80: [<Residual>] DOFVecInterpolationSide<Residual>: 0.00156436 - 0.0917151% [30]
|   |   |   |   |   |   |   |   Phalanx: Evaluator 39: [<Residual>] StokesFOBasalResid<Residual>: 0.00137197 - 0.0804359% [30]
|   |   |   |   |   |   |   |   Phalanx: Evaluator 1: [<Residual>] Scatter Velocity Residual<Residual>: 0.00235887 - 0.138296% [30]
|   |   |   |   |   |   |   |   Remainder: 0.11641 - 6.82484%
|   |   |   |   |   |   |   Albany Residual Fill: Export: 0.0016277 - 0.0805031% [30]
|   |   |   |   |   |   |   Remainder: 0.314609 - 15.56%
|   |   |   |   |   |   Albany Fill: Jacobian: 3.82705 - 65.4255% [15]
|   |   |   |   |   |   |   Phalanx::SortAndOrderEvaluators: 5.91e-07 - 1.54427e-05% [1]
|   |   |   |   |   |   |   Albany Jacobian Fill: Evaluate: 2.46329 - 64.3653% [15]
|   |   |   |   |   |   |   |   Phalanx: Evaluator 141: [<Jacobian>] Shared Parameter Glen's Law Homotopy Parameter<Jacobian>: 0.000205726 - 0.00835166% [15]
|   |   |   |   |   |   |   |   Phalanx: Evaluator 112: [<Jacobian>] Gather Coordinate Vector<Jacobian>: 0.0657265 - 2.66823% [15]
|   |   |   |   |   |   |   |   Phalanx: Evaluator 135: [<Jacobian>] ComputeBasisFunctions<Jacobian>: 0.0194537 - 0.789743% [15]
|   |   |   |   |   |   |   |   Phalanx: Evaluator 110: [<Jacobian>] Gather Solution<Jacobian>: 0.0123873 - 0.502874% [15]
|   |   |   |   |   |   |   |   Phalanx: Evaluator 177: [<Jacobian>] FastSolutionVecGradInterpolationBase<Jacobian>: 0.015837 - 0.642919% [15]
|   |   |   |   |   |   |   |   Phalanx: Evaluator 117: [<Jacobian>] LoadStateField(temperature)<Jacobian>: 0.258056 - 10.4761% [15]
|   |   |   |   |   |   |   |   Phalanx: Evaluator 187: [<Jacobian>] P0Interpolation[temperature] <Jacobian>: 0.00032223 - 0.0130813% [15]
|   |   |   |   |   |   |   |   Phalanx: Evaluator 134: [<Jacobian>] MapToPhysicalFrame<Jacobian>: 0.0125302 - 0.508676% [15]
|   |   |   |   |   |   |   |   Phalanx: Evaluator 136: [<Jacobian>] P0Interpolation[Coord Vec] <Jacobian>: 0.000226948 - 0.00921319% [15]
|   |   |   |   |   |   |   |   Phalanx: Evaluator 115: [<Jacobian>] LoadStateField(surface_height)<Jacobian>: 0.0389249 - 1.5802% [15]
|   |   |   |   |   |   |   |   Phalanx: Evaluator 185: [<Jacobian>] P0Interpolation[surface_height] <Jacobian>: 0.000162423 - 0.00659373% [15]
|   |   |   |   |   |   |   |   Phalanx: Evaluator 113: [<Jacobian>] Pressure Corrected Temperature<Jacobian>: 0.011083 - 0.449924% [15]
|   |   |   |   |   |   |   |   Phalanx: Evaluator 143: [<Jacobian>] ViscosityFO<Jacobian>: 0.000425959 - 0.0172922% [15]
|   |   |   |   |   |   |   |   Phalanx: Evaluator 184: [<Jacobian>] DOFGradInterpolationBase<Jacobian>: 0.128679 - 5.22384% [15]
|   |   |   |   |   |   |   |   Phalanx: Evaluator 147: [<Jacobian>] StokesFOBodyForce<Jacobian>: 0.0022616 - 0.0918121% [15]
|   |   |   |   |   |   |   |   Phalanx: Evaluator 176: [<Jacobian>] FastSolutionVecInterpolationBase<Jacobian>: 0.00293856 - 0.119294% [15]
|   |   |   |   |   |   |   |   Phalanx: Evaluator 138: [<Jacobian>] StokesFOResid<Jacobian>: 0.0798267 - 3.24065% [15]
|   |   |   |   |   |   |   |   Phalanx: Evaluator 173: [<Jacobian>] DOFCellToSide(Coord Vec -> Coord Vec_extruded_boundary_side_set_1)[Vertex Vector]<Jacobian>: 1.58983 - 64.541% [15]
|   |   |   |   |   |   |   |   Phalanx: Evaluator 170: [<Jacobian>] ComputeBasisFunctionsSide<Jacobian>: 0.016665 - 0.676531% [15]
|   |   |   |   |   |   |   |   Phalanx: Evaluator 210: [<Jacobian>] DOFCellToSide(surface_height -> surface_height_extruded_boundary_side_set_1)[Node Scalar]<Jacobian>: 6.29e-05 - 0.00255349% [15]
|   |   |   |   |   |   |   |   Phalanx: Evaluator 212: [<Jacobian>] DOFInterpolationSide<Jacobian>: 9.0065e-05 - 0.00365628% [15]
|   |   |   |   |   |   |   |   Phalanx: Evaluator 114: [<Jacobian>] LoadStateField(ice_thickness)<Jacobian>: 0.0344184 - 1.39725% [15]
|   |   |   |   |   |   |   |   Phalanx: Evaluator 208: [<Jacobian>] DOFCellToSide(ice_thickness -> ice_thickness_extruded_boundary_side_set_1)[Node Scalar]<Jacobian>: 6.2093e-05 - 0.00252073% [15]
|   |   |   |   |   |   |   |   Phalanx: Evaluator 209: [<Jacobian>] DOFInterpolationSide<Jacobian>: 0.00347576 - 0.141102% [15]
|   |   |   |   |   |   |   |   Phalanx: Evaluator 148: [<Jacobian>] StokesFOLateralResid<Jacobian>: 0.000406293 - 0.0164939% [15]
|   |   |   |   |   |   |   |   Phalanx: Evaluator 169: [<Jacobian>] DOFCellToSide(Coord Vec -> Coord Vec_basalside)[Vertex Vector]<Jacobian>: 0.023521 - 0.954859% [15]
|   |   |   |   |   |   |   |   Phalanx: Evaluator 166: [<Jacobian>] ComputeBasisFunctionsSide<Jacobian>: 0.0105616 - 0.428758% [15]
|   |   |   |   |   |   |   |   Phalanx: Evaluator 159: [<Jacobian>] Shared Parameter Power Exponent<Jacobian>: 0.000586372 - 0.0238044% [15]
|   |   |   |   |   |   |   |   Phalanx: Evaluator 128: [<Jacobian>] Load Side Set Field log_basal_friction_basalside from Side Set State log_basal_friction<Jacobian>: 0.0179773 - 0.729808% [15]
|   |   |   |   |   |   |   |   Phalanx: Evaluator 200: [<Jacobian>] DOFInterpolationSide<Jacobian>: 6.4937e-05 - 0.00263619% [15]
|   |   |   |   |   |   |   |   Phalanx: Evaluator 123: [<Jacobian>] Load Side Set Field ice_thickness_basalside from Side Set State ice_thickness<Jacobian>: 0.019728 - 0.800881% [15]
|   |   |   |   |   |   |   |   Phalanx: Evaluator 127: [<Jacobian>] Load Side Set Field bed_topography_basalside from Side Set State bed_topography<Jacobian>: 0.0163812 - 0.665012% [15]
|   |   |   |   |   |   |   |   Phalanx: Evaluator 160: [<Jacobian>] BasalFrictionCoefficient<Jacobian>: 0.000418064 - 0.0169717% [15]
|   |   |   |   |   |   |   |   Phalanx: Evaluator 188: [<Jacobian>] DOFCellToSide(Velocity -> Velocity_basalside)[Node Vector]<Jacobian>: 0.00222512 - 0.0903312% [15]
|   |   |   |   |   |   |   |   Phalanx: Evaluator 189: [<Jacobian>] DOFVecInterpolationSide<Jacobian>: 0.00493512 - 0.200346% [15]
|   |   |   |   |   |   |   |   Phalanx: Evaluator 149: [<Jacobian>] StokesFOBasalResid<Jacobian>: 0.00618088 - 0.250919% [15]
|   |   |   |   |   |   |   |   Phalanx: Evaluator 111: [<Jacobian>] Scatter Velocity Residual<Jacobian>: 0.0138933 - 0.564013% [15]
|   |   |   |   |   |   |   |   Remainder: 0.0527586 - 2.14179%
|   |   |   |   |   |   |   Albany Jacobian Fill: Export: 0.000853701 - 0.022307% [15]
|   |   |   |   |   |   |   Remainder: 1.3629 - 35.6124%
|   |   |   |   |   |   Remainder: 0.000516084 - 0.00882273%
|   |   |   |   |   Remainder: 0.00157614 - 0.0269376%
|   |   |   |   NOX Total Preconditioner Construction: 15.9131 - 35.674% [15]
|   |   |   |   |   ThyraMueLu::initializePrec: 15.7893 - 99.2222% [15]
|   |   |   |   |   |   MueLu: ParameterListInterpreter (ParameterList): 0.0114617 - 0.0725913% [15]
|   |   |   |   |   |   Ifpack2::Relaxation::initialize: 0.167275 - 1.05942% [15]
|   |   |   |   |   |   Ifpack2::Relaxation::compute: 0.0113232 - 0.0717145% [15]
|   |   |   |   |   |   Ifpack2::Chebyshev::compute: 0.201999 - 1.27934% [30]
|   |   |   |   |   |   Utilities_kokkos::GetMatrixDiagonalInverse: 0.00104272 - 0.00660395% [15]
|   |   |   |   |   |   Remainder: 15.3962 - 97.5103%
|   |   |   |   |   Remainder: 0.12377 - 0.777789%
|   |   |   |   NOX Total Linear Solve: 22.8143 - 51.145% [15]
|   |   |   |   |   Stratimikos: BelosLOWS: 22.8142 - 99.9998% [15]
|   |   |   |   |   |   Belos: Operation Op*x: 0.017485 - 0.0766409% [15]
|   |   |   |   |   |   Belos::MVT::MvAddMv: 0.00023782 - 0.00104242% [15]
|   |   |   |   |   |   Belos: BlockGmresSolMgr total solve time: 22.622 - 99.1575% [15]
|   |   |   |   |   |   |   Belos: ICGS[2]: Orthogonalization: 7.42784 - 32.8346% [2832]
|   |   |   |   |   |   |   |   Belos: ICGS[2]: Ortho (Norm): 0.105758 - 1.4238% [2832]
|   |   |   |   |   |   |   |   |   Belos::MVT::MvDot: 0.102845 - 97.2462% [2832]
|   |   |   |   |   |   |   |   |   Remainder: 0.0029124 - 2.75384%
|   |   |   |   |   |   |   |   Belos::MVT::MvScale: 0.014638 - 0.197069% [2832]
|   |   |   |   |   |   |   |   Belos: ICGS[2]: Ortho (Inner Product): 4.03449 - 54.3158% [5634]
|   |   |   |   |   |   |   |   |   Belos::MVT::MvTransMv: 4.0274 - 99.8242% [5634]
|   |   |   |   |   |   |   |   |   Remainder: 0.00709243 - 0.175795%
|   |   |   |   |   |   |   |   Belos: ICGS[2]: Ortho (Update): 3.2509 - 43.7664% [5634]
|   |   |   |   |   |   |   |   |   Belos::MVT::MvTimesMatAddMv: 3.24451 - 99.8035% [5634]
|   |   |   |   |   |   |   |   |   Remainder: 0.00638912 - 0.196534%
|   |   |   |   |   |   |   |   Remainder: 0.0220594 - 0.296983%
|   |   |   |   |   |   |   Belos::MVT::MvAddMv: 0.000351948 - 0.00155578% [38]
|   |   |   |   |   |   |   Belos::MVT::MvNorm: 0.0162676 - 0.0719106% [19]
|   |   |   |   |   |   |   Belos: Operation Prec*x: 8.47007 - 37.4417% [2832]
|   |   |   |   |   |   |   |   Ifpack2::Relaxation::apply: 0.3 - 3.54188% [5664]
|   |   |   |   |   |   |   |   Ifpack2::Chebyshev::apply: 0.717088 - 8.46614% [8496]
|   |   |   |   |   |   |   |   Remainder: 7.45298 - 87.992%
|   |   |   |   |   |   |   Belos: Operation Op*x: 6.02281 - 26.6237% [2821]
|   |   |   |   |   |   |   Belos::MVT::MvTimesMatAddMv: 0.0339706 - 0.150166% [15]
|   |   |   |   |   |   |   Remainder: 0.650704 - 2.87642%
|   |   |   |   |   |   Remainder: 0.174496 - 0.764858%
|   |   |   |   |   Remainder: 5.3698e-05 - 0.00023537%
|   |   |   |   Remainder: 0.0286081 - 0.0641336%
|   |   |   Remainder: 0.000744072 - 0.00166803%
|   |   Piro::SteadyStateSolver::evalConvergedModelResponsesAndSensitivities::calc g, df/dp, dg/dp, dg/dx: 0.00101332 - 0.00227069% [1]
|   |   |   Thyra::DefaultModelEvaluatorWithSolveFactory<double>::evalModel(...): 0.00096102 - 94.8387% [1]
|   |   |   |   Albany: Total Fill Time: 0.000935721 - 97.3675% [1]
|   |   |   |   |   Albany Fill: Response: 0.000923919 - 98.7387% [1]
|   |   |   |   |   Remainder: 1.1802e-05 - 1.26127%
|   |   |   |   Remainder: 2.5299e-05 - 2.63252%
|   |   |   Remainder: 5.2301e-05 - 5.16135%
|   |   Albany Fill: State Residual: 0.00296248 - 0.00663846% [1]
|   |   |   Phalanx::SortAndOrderEvaluators: 1.341e-06 - 0.0452661% [5]
|   |   |   Remainder: 0.00296114 - 99.9547%
|   |   Albany: Output to File: 0.0129602 - 0.0290418% [1]
|   |   Thyra::DefaultModelEvaluatorWithSolveFactory<double>::evalModel(...): 0.000137255 - 0.000307567% [1]
|   |   |   Albany: Total Fill Time: 7.8451e-05 - 57.1571% [1]
|   |   |   |   Albany Fill: Response: 6.9564e-05 - 88.6719% [1]
|   |   |   |   Remainder: 8.887e-06 - 11.3281%
|   |   |   Remainder: 5.8804e-05 - 42.8429%
|   |   Remainder: 0.00119094 - 0.00266871%
|   Remainder: 1.1231e-05 - 1.5568e-05%
~PyProblem()
<PyAlbany.Albany_Pybind11.RCPPyParameterList object at 0x14d8dd087ef0>
<PyAlbany.Albany_Pybind11.RCPPyParameterList object at 0x14d8dd087f70>
Solve time: 44.626070806
~PyParallelEnv()

