*********************************************************************************
**  ______   __  __   ______   __       ______   ______   __   __   __  __     **
** /\  == \ /\ \_\ \ /\  __ \ /\ \     /\  == \ /\  __ \ /\ "-.\ \ /\ \_\ \    **
** \ \  __/ \ \____ \\ \  __ \\ \ \____\ \  __< \ \  __ \\ \ \-.  \\ \____ \   **
**  \ \_\    \/\_____\\ \_\ \_\\ \_____\\ \_____\\ \_\ \_\\ \_\\"\_\\/\_____\  **
**   \/_/     \/_____/ \/_/\/_/ \/_____/ \/_____/ \/_/\/_/ \/_/ \/_/ \/_____/  **
**                                                                             **
*********************************************************************************
** Trilinos git commit id - c70ae3dfa18
** Albany git branch ------ pybind11_PR
** Albany git commit id --- 7a1da3122
** Albany cxx compiler ---- GNU 10.3.0
** Albany cuda compiler --- Cuda 115
** Simulation start time -- 2022-09-25 at 14:44:40
***************************************************************
Albany_IOSS: Loading STKMesh from Exodus file  /global/homes/m/mcarlson/LandIce/ALITune/optimize/data/mesh-pop-wdg/gis_basal_populated.exo
Albany_IOSS: Loading STKMesh from Exodus file  /global/homes/m/mcarlson/LandIce/ALITune/optimize/data/mesh-pop-wdg/gis_upper_populated.exo
IOSS-STK: number of node sets = 3
IOSS-STK: number of side sets = 3
IOSS-STK: number of node sets = 3
IOSS-STK: number of side sets = 3
IOSS-STK: number of node sets = 1
IOSS-STK: number of side sets = 0
Restart Index set, reading solution index : 1
[GenericSTKMeshStruct] Processing field requirements...
  - Skipping field 'ice_thickness' since it's listed as present in the mesh.
  - Skipping field 'observed_ice_thickness' since it's listed as present in the mesh.
  - Skipping field 'observed_ice_thickness_RMS' since it's listed as present in the mesh.
  - Skipping field 'surface_height' since it's listed as present in the mesh.
  - Skipping field 'bed_topography' since it's listed as present in the mesh.
  - Skipping field 'log_basal_friction' since it's listed as present in the mesh.
  - Skipping field 'temperature' since it's listed as present in the mesh.
  - Skipping field 'apparent_mass_balance' since it's listed as present in the mesh.
  - Skipping field 'apparent_mass_balance_RMS' since it's listed as present in the mesh.
[ExtrudedSTKMesh] Adding nodes... done!
[ExtrudedSTKMesh] Adding elements... done!
[ExtrudedSTKMesh] Adding basalside sides... done!
[ExtrudedSTKMesh] Adding upperside sides... done!
[ExtrudedSTKMesh] Adding lateral sides... done!
[ExtrudedSTKMesh] Extruding basal fields...
  - Extruding Scalar Node field ice_thickness...done!
  - Extruding Scalar Node field surface_height...done!
  - Extruding Scalar Node field log_basal_friction...done!
  - Extruding Scalar Node field bed_topography...done!
  - Extruding Scalar Node field apparent_mass_balance...done!
  - Extruding Scalar Node field apparent_mass_balance_RMS...done!
[ExtrudedSTKMesh] Interpolating layered basal fields...
  - Interpolating Scalar field temperature...done!
[GenericSTKMeshStruct] Processing field requirements...
  - Skipping field 'ice_thickness' since it's listed as present in the mesh.
  - Skipping field 'surface_height' since it's listed as present in the mesh.
  - Skipping field 'log_basal_friction' since it's listed as present in the mesh.
  - Skipping field 'temperature' since it's listed as present in the mesh.
  - Skipping field 'bed_topography' since it's listed as present in the mesh.
  - Skipping field 'apparent_mass_balance' since it's listed as present in the mesh.
  - Skipping field 'apparent_mass_balance_RMS' since it's listed as present in the mesh.
  - Skipping field 'bed_topography' since it's listed as output. Make sure there's an evaluator set to save it!
  - Skipping field 'surface_height' since it's listed as output. Make sure there's an evaluator set to save it!
Restart Index set, reading solution index : 1
[GenericSTKMeshStruct] Processing field requirements...
  - Skipping field 'observed_surface_velocity' since it's listed as present in the mesh.
  - Skipping field 'observed_surface_velocity_RMS' since it's listed as present in the mesh.
STKDisc: 725880 elements on Proc 0 
STKDisc: nodeset basal_boundary_node_set_0 has size 0  on Proc 0.
STKDisc: nodeset basal_boundary_node_set_1 has size 6027  on Proc 0.
STKDisc: nodeset basal_node_set has size 39224  on Proc 0.
STKDisc: nodeset bottom has size 39224  on Proc 0.
STKDisc: nodeset extruded_boundary_node_set_0 has size 0  on Proc 0.
STKDisc: nodeset extruded_boundary_node_set_1 has size 66297  on Proc 0.
STKDisc: nodeset extruded_node_set has size 431464  on Proc 0.
STKDisc: nodeset lateral has size 66297  on Proc 0.
STKDisc: nodeset top has size 39224  on Proc 0.
STKDisc: sideset basalside has size 72588  on Proc 0.
STKDisc: sideset extruded_boundary_side_set has size 60460  on Proc 0.
STKDisc: sideset extruded_boundary_side_set_1 has size 57830  on Proc 0.
STKDisc: sideset extruded_boundary_side_set_1_tri3_edge2 has size 57830  on Proc 0.
STKDisc: sideset extruded_boundary_side_set_2 has size 2630  on Proc 0.
STKDisc: sideset extruded_boundary_side_set_2_tri3_edge2 has size 2630  on Proc 0.
STKDisc: sideset extruded_boundary_side_set_tri3_edge2 has size 60460  on Proc 0.
STKDisc: sideset lateralside has size 60460  on Proc 0.
STKDisc: sideset upperside has size 72588  on Proc 0.
STKDisc: 72588 elements on Proc 0 
STKDisc: nodeset boundary_node_set_0 has size 0  on Proc 0.
STKDisc: nodeset boundary_node_set_1 has size 6027  on Proc 0.
STKDisc: nodeset node_set has size 39224  on Proc 0.
STKDisc: sideset boundary_side_set has size 6046  on Proc 0.
STKDisc: sideset boundary_side_set_1 has size 5783  on Proc 0.
STKDisc: sideset boundary_side_set_2 has size 263  on Proc 0.
STKDisc: 72588 elements on Proc 0 
STKDisc: nodeset all_nodes has size 39224  on Proc 0.
StateManager: initializing state:  ice_thickness
StateManager: initializing state:  surface_height
StateManager: initializing state:  log_basal_friction
StateManager: initializing state:  temperature
StateManager: initializing state:  bed_topography
StateManager: initializing state:  apparent_mass_balance
StateManager: initializing state:  apparent_mass_balance_RMS
StateManager: initializing state:  dissipation_heat

StateManager: initializing state:  ice_thickness
StateManager: initializing state:  observed_ice_thickness
StateManager: initializing state:  observed_ice_thickness_RMS
StateManager: initializing state:  surface_height
StateManager: initializing state:  bed_topography
StateManager: initializing state:  log_basal_friction
StateManager: initializing state:  temperature
StateManager: initializing state:  apparent_mass_balance
StateManager: initializing state:  apparent_mass_balance_RMS

StateManager: initializing state:  observed_surface_velocity
StateManager: initializing state:  observed_surface_velocity_RMS

xxxxxxxxxxxxxxxxxxxxxxxxxxxxxxxxxxxxxxxxxxxxxxx
 Sacado ParameterLibrary has been initialized:
 Library of all registered parameters:
xxxxxxxxxxxxxxxxxxxxxxxxxxxxxxxxxxxxxxxxxxxxxxx

Total number of parameters  = 0
Number of non-distributed parameters  = 0
Number of response vectors  = 1
Number of distributed parameters vectors  = 0

************************************************************************
-- Nonlinear Solver Step 0 -- 
||F|| = 5.152e+05  step = 0.000e+00  dx = 0.000e+00
************************************************************************

  
  *******************************************************
  ***** Belos Iterative Solver:  Block Gmres 
  ***** Maximum Iterations: 200
  ***** Block Size: 1
  ***** Residual Test: 
  *****   Test 1 : Belos::StatusTestImpResNorm<>: (2-Norm Res Vec) / (2-Norm Res0), tol = 1e-08
  *******************************************************
  Iter   0, [ 1] :    1.000000e+00
  Iter  20, [ 1] :    1.663967e-01
  Iter  40, [ 1] :    1.085363e-02
  Iter  60, [ 1] :    1.043579e-03
  Iter  80, [ 1] :    9.120280e-05
  Iter 100, [ 1] :    1.724889e-05
  Iter 120, [ 1] :    6.633031e-06
  Iter 140, [ 1] :    7.812058e-07
  Iter 160, [ 1] :    1.237558e-07
  Iter 180, [ 1] :    1.271149e-08
  Iter 183, [ 1] :    9.019478e-09

************************************************************************
-- Nonlinear Solver Step 1 -- 
||F|| = 5.031e+05  step = 1.250e-01  dx = 1.950e+04
************************************************************************

  
  *******************************************************
  ***** Belos Iterative Solver:  Block Gmres 
  ***** Maximum Iterations: 200
  ***** Block Size: 1
  ***** Residual Test: 
  *****   Test 1 : Belos::StatusTestImpResNorm<>: (2-Norm Res Vec) / (2-Norm Res0), tol = 1e-08
  *******************************************************
  Iter   0, [ 1] :    1.000000e+00
  Iter  20, [ 1] :    1.135303e-01
  Iter  40, [ 1] :    3.696572e-03
  Iter  60, [ 1] :    1.675834e-04
  Iter  80, [ 1] :    2.299441e-05
  Iter 100, [ 1] :    3.347098e-06
  Iter 120, [ 1] :    1.598211e-06
  Iter 140, [ 1] :    1.016680e-07
  Iter 160, [ 1] :    2.812645e-08
  Iter 179, [ 1] :    8.902146e-09

************************************************************************
-- Nonlinear Solver Step 2 -- 
||F|| = 4.947e+05  step = 1.250e-01  dx = 3.054e+04
************************************************************************

  
  *******************************************************
  ***** Belos Iterative Solver:  Block Gmres 
  ***** Maximum Iterations: 200
  ***** Block Size: 1
  ***** Residual Test: 
  *****   Test 1 : Belos::StatusTestImpResNorm<>: (2-Norm Res Vec) / (2-Norm Res0), tol = 1e-08
  *******************************************************
  Iter   0, [ 1] :    1.000000e+00
  Iter  20, [ 1] :    1.796110e-01
  Iter  40, [ 1] :    1.360244e-02
  Iter  60, [ 1] :    6.816780e-04
  Iter  80, [ 1] :    5.506282e-05
  Iter 100, [ 1] :    1.153831e-05
  Iter 120, [ 1] :    1.122021e-06
  Iter 140, [ 1] :    2.734996e-07
  Iter 160, [ 1] :    1.627004e-07
  Iter 180, [ 1] :    5.586489e-08
  Iter 200, [ 1] :    1.347421e-08
WARNING: NOX::Direction::Newton::compute() - Linear solve failed to achieve convergence - using the step anyway since "Rescue Bad Newton Solve" is true 

************************************************************************
-- Nonlinear Solver Step 3 -- 
||F|| = 4.786e+05  step = 1.250e-01  dx = 3.499e+04
************************************************************************

  
  *******************************************************
  ***** Belos Iterative Solver:  Block Gmres 
  ***** Maximum Iterations: 200
  ***** Block Size: 1
  ***** Residual Test: 
  *****   Test 1 : Belos::StatusTestImpResNorm<>: (2-Norm Res Vec) / (2-Norm Res0), tol = 1e-08
  *******************************************************
  Iter   0, [ 1] :    1.000000e+00
  Iter  20, [ 1] :    3.237915e-01
  Iter  40, [ 1] :    7.421161e-02
  Iter  60, [ 1] :    7.963931e-03
  Iter  80, [ 1] :    9.785323e-04
  Iter 100, [ 1] :    1.032138e-04
  Iter 120, [ 1] :    2.190854e-05
  Iter 140, [ 1] :    6.461024e-06
  Iter 160, [ 1] :    1.764962e-06
  Iter 180, [ 1] :    1.324701e-06
  Iter 200, [ 1] :    6.547807e-07
WARNING: NOX::Direction::Newton::compute() - Linear solve failed to achieve convergence - using the step anyway since "Rescue Bad Newton Solve" is true 

************************************************************************
-- Nonlinear Solver Step 4 -- 
||F|| = 4.696e+05  step = 2.500e-01  dx = 3.608e+04
************************************************************************

  
  *******************************************************
  ***** Belos Iterative Solver:  Block Gmres 
  ***** Maximum Iterations: 200
  ***** Block Size: 1
  ***** Residual Test: 
  *****   Test 1 : Belos::StatusTestImpResNorm<>: (2-Norm Res Vec) / (2-Norm Res0), tol = 1e-08
  *******************************************************
  Iter   0, [ 1] :    1.000000e+00
  Iter  20, [ 1] :    9.742585e-01
  Iter  40, [ 1] :    6.382619e-01
  Iter  60, [ 1] :    1.089349e-01
  Iter  80, [ 1] :    3.042298e-02
  Iter 100, [ 1] :    5.399672e-03
  Iter 120, [ 1] :    9.599663e-04
  Iter 140, [ 1] :    1.637757e-04
  Iter 160, [ 1] :    4.121692e-05
  Iter 180, [ 1] :    1.430937e-05
  Iter 200, [ 1] :    6.472062e-06
WARNING: NOX::Direction::Newton::compute() - Linear solve failed to achieve convergence - using the step anyway since "Rescue Bad Newton Solve" is true 

************************************************************************
-- Nonlinear Solver Step 5 -- 
||F|| = 4.639e+05  step = 5.000e-01  dx = 3.323e+04
************************************************************************

  
  *******************************************************
  ***** Belos Iterative Solver:  Block Gmres 
  ***** Maximum Iterations: 200
  ***** Block Size: 1
  ***** Residual Test: 
  *****   Test 1 : Belos::StatusTestImpResNorm<>: (2-Norm Res Vec) / (2-Norm Res0), tol = 1e-08
  *******************************************************
  Iter   0, [ 1] :    1.000000e+00
  Iter  20, [ 1] :    9.759181e-01
  Iter  40, [ 1] :    9.715137e-01
  Iter  60, [ 1] :    9.046550e-01
  Iter  80, [ 1] :    4.905293e-01
  Iter 100, [ 1] :    1.753910e-01
  Iter 120, [ 1] :    4.457629e-02
  Iter 140, [ 1] :    1.473773e-02
  Iter 160, [ 1] :    5.160281e-03
  Iter 180, [ 1] :    2.500553e-03
  Iter 200, [ 1] :    6.991631e-04
WARNING: NOX::Direction::Newton::compute() - Linear solve failed to achieve convergence - using the step anyway since "Rescue Bad Newton Solve" is true 

************************************************************************
-- Nonlinear Solver Step 6 -- 
||F|| = 3.400e+05  step = 1.000e+00  dx = 2.389e+04
************************************************************************

  
  *******************************************************
  ***** Belos Iterative Solver:  Block Gmres 
  ***** Maximum Iterations: 200
  ***** Block Size: 1
  ***** Residual Test: 
  *****   Test 1 : Belos::StatusTestImpResNorm<>: (2-Norm Res Vec) / (2-Norm Res0), tol = 1e-08
  *******************************************************
  Iter   0, [ 1] :    1.000000e+00
  Iter  20, [ 1] :    9.674571e-01
  Iter  40, [ 1] :    9.666713e-01
  Iter  60, [ 1] :    9.658120e-01
  Iter  80, [ 1] :    9.638921e-01
  Iter 100, [ 1] :    9.598269e-01
  Iter 120, [ 1] :    9.457021e-01
  Iter 140, [ 1] :    7.625808e-01
  Iter 160, [ 1] :    4.352257e-01
  Iter 180, [ 1] :    2.830892e-01
  Iter 200, [ 1] :    2.770025e-01
WARNING: NOX::Direction::Newton::compute() - Linear solve failed to achieve convergence - using the step anyway since "Rescue Bad Newton Solve" is true 

************************************************************************
-- Nonlinear Solver Step 7 -- 
||F|| = 1.124e+05  step = 1.000e+00  dx = 7.343e+03
************************************************************************

  
  *******************************************************
  ***** Belos Iterative Solver:  Block Gmres 
  ***** Maximum Iterations: 200
  ***** Block Size: 1
  ***** Residual Test: 
  *****   Test 1 : Belos::StatusTestImpResNorm<>: (2-Norm Res Vec) / (2-Norm Res0), tol = 1e-08
  *******************************************************
  Iter   0, [ 1] :    1.000000e+00
  Iter  20, [ 1] :    9.751295e-01
  Iter  40, [ 1] :    9.717428e-01
  Iter  60, [ 1] :    9.679828e-01
  Iter  80, [ 1] :    9.661554e-01
  Iter 100, [ 1] :    9.652975e-01
  Iter 120, [ 1] :    9.643660e-01
  Iter 140, [ 1] :    9.599089e-01
  Iter 160, [ 1] :    9.582028e-01
  Iter 180, [ 1] :    9.249492e-01
  Iter 200, [ 1] :    7.084481e-01
WARNING: NOX::Direction::Newton::compute() - Linear solve failed to achieve convergence - using the step anyway since "Rescue Bad Newton Solve" is true 

************************************************************************
-- Nonlinear Solver Step 8 -- 
||F|| = 7.243e+04  step = 1.000e+00  dx = 1.304e+03
************************************************************************

  
  *******************************************************
  ***** Belos Iterative Solver:  Block Gmres 
  ***** Maximum Iterations: 200
  ***** Block Size: 1
  ***** Residual Test: 
  *****   Test 1 : Belos::StatusTestImpResNorm<>: (2-Norm Res Vec) / (2-Norm Res0), tol = 1e-08
  *******************************************************
  Iter   0, [ 1] :    1.000000e+00
  Iter  20, [ 1] :    9.984082e-01
  Iter  40, [ 1] :    9.975627e-01
  Iter  60, [ 1] :    9.970941e-01
  Iter  80, [ 1] :    9.927905e-01
  Iter 100, [ 1] :    9.855621e-01
  Iter 120, [ 1] :    9.802505e-01
  Iter 140, [ 1] :    9.608708e-01
  Iter 160, [ 1] :    9.498315e-01
  Iter 180, [ 1] :    7.673005e-01
  Iter 200, [ 1] :    4.567435e-01
WARNING: NOX::Direction::Newton::compute() - Linear solve failed to achieve convergence - using the step anyway since "Rescue Bad Newton Solve" is true 

************************************************************************
-- Nonlinear Solver Step 9 -- 
||F|| = 3.714e+04  step = 1.000e+00  dx = 1.345e+03
************************************************************************

  
  *******************************************************
  ***** Belos Iterative Solver:  Block Gmres 
  ***** Maximum Iterations: 200
  ***** Block Size: 1
  ***** Residual Test: 
  *****   Test 1 : Belos::StatusTestImpResNorm<>: (2-Norm Res Vec) / (2-Norm Res0), tol = 1e-08
  *******************************************************
  Iter   0, [ 1] :    1.000000e+00
  Iter  20, [ 1] :    9.759970e-01
  Iter  40, [ 1] :    9.722435e-01
  Iter  60, [ 1] :    9.686700e-01
  Iter  80, [ 1] :    9.571000e-01
  Iter 100, [ 1] :    8.740368e-01
  Iter 120, [ 1] :    7.566084e-01
  Iter 140, [ 1] :    5.941258e-01
  Iter 160, [ 1] :    3.829168e-01
  Iter 180, [ 1] :    1.211673e-01
  Iter 200, [ 1] :    7.077054e-02
WARNING: NOX::Direction::Newton::compute() - Linear solve failed to achieve convergence - using the step anyway since "Rescue Bad Newton Solve" is true 

************************************************************************
-- Nonlinear Solver Step 10 -- 
||F|| = 2.881e+04  step = 1.000e+00  dx = 6.983e+02
************************************************************************

  
  *******************************************************
  ***** Belos Iterative Solver:  Block Gmres 
  ***** Maximum Iterations: 200
  ***** Block Size: 1
  ***** Residual Test: 
  *****   Test 1 : Belos::StatusTestImpResNorm<>: (2-Norm Res Vec) / (2-Norm Res0), tol = 1e-08
  *******************************************************
  Iter   0, [ 1] :    1.000000e+00
  Iter  20, [ 1] :    6.220976e-01
  Iter  40, [ 1] :    5.096765e-01
  Iter  60, [ 1] :    4.154885e-01
  Iter  80, [ 1] :    3.831865e-01
  Iter 100, [ 1] :    2.133489e-01
  Iter 120, [ 1] :    1.542994e-01
  Iter 140, [ 1] :    8.586155e-02
  Iter 160, [ 1] :    7.293027e-02
  Iter 180, [ 1] :    4.699600e-02
  Iter 200, [ 1] :    2.687908e-02
WARNING: NOX::Direction::Newton::compute() - Linear solve failed to achieve convergence - using the step anyway since "Rescue Bad Newton Solve" is true 

************************************************************************
-- Nonlinear Solver Step 11 -- 
||F|| = 2.368e+04  step = 1.000e+00  dx = 7.361e+02
************************************************************************

  
  *******************************************************
  ***** Belos Iterative Solver:  Block Gmres 
  ***** Maximum Iterations: 200
  ***** Block Size: 1
  ***** Residual Test: 
  *****   Test 1 : Belos::StatusTestImpResNorm<>: (2-Norm Res Vec) / (2-Norm Res0), tol = 1e-08
  *******************************************************
  Iter   0, [ 1] :    1.000000e+00
  Iter  20, [ 1] :    4.605770e-01
  Iter  40, [ 1] :    3.603921e-01
  Iter  60, [ 1] :    2.876095e-01
  Iter  80, [ 1] :    2.172935e-01
  Iter 100, [ 1] :    1.452458e-01
  Iter 120, [ 1] :    1.216512e-01
  Iter 140, [ 1] :    7.641593e-02
  Iter 160, [ 1] :    5.653314e-02
  Iter 180, [ 1] :    3.385286e-02
  Iter 200, [ 1] :    2.664856e-02
WARNING: NOX::Direction::Newton::compute() - Linear solve failed to achieve convergence - using the step anyway since "Rescue Bad Newton Solve" is true 

************************************************************************
-- Nonlinear Solver Step 12 -- 
||F|| = 1.160e+04  step = 5.000e-01  dx = 9.852e+02
************************************************************************

  
  *******************************************************
  ***** Belos Iterative Solver:  Block Gmres 
  ***** Maximum Iterations: 200
  ***** Block Size: 1
  ***** Residual Test: 
  *****   Test 1 : Belos::StatusTestImpResNorm<>: (2-Norm Res Vec) / (2-Norm Res0), tol = 1e-08
  *******************************************************
  Iter   0, [ 1] :    1.000000e+00
  Iter  20, [ 1] :    4.290469e-01
  Iter  40, [ 1] :    3.312295e-01
  Iter  60, [ 1] :    1.884642e-01
  Iter  80, [ 1] :    1.373467e-01
  Iter 100, [ 1] :    1.096724e-01
  Iter 120, [ 1] :    9.329078e-02
  Iter 140, [ 1] :    6.745826e-02
  Iter 160, [ 1] :    4.462977e-02
  Iter 180, [ 1] :    2.075211e-02
  Iter 200, [ 1] :    1.554924e-02
WARNING: NOX::Direction::Newton::compute() - Linear solve failed to achieve convergence - using the step anyway since "Rescue Bad Newton Solve" is true 

************************************************************************
-- Nonlinear Solver Step 13 -- 
||F|| = 1.123e+04  step = 1.000e+00  dx = 2.497e+02
************************************************************************

  
  *******************************************************
  ***** Belos Iterative Solver:  Block Gmres 
  ***** Maximum Iterations: 200
  ***** Block Size: 1
  ***** Residual Test: 
  *****   Test 1 : Belos::StatusTestImpResNorm<>: (2-Norm Res Vec) / (2-Norm Res0), tol = 1e-08
  *******************************************************
  Iter   0, [ 1] :    1.000000e+00
  Iter  20, [ 1] :    3.331774e-01
  Iter  40, [ 1] :    3.148618e-01
  Iter  60, [ 1] :    2.107083e-01
  Iter  80, [ 1] :    1.134569e-01
  Iter 100, [ 1] :    7.477044e-02
  Iter 120, [ 1] :    6.348407e-02
  Iter 140, [ 1] :    5.887272e-02
  Iter 160, [ 1] :    3.967954e-02
  Iter 180, [ 1] :    2.956688e-02
  Iter 200, [ 1] :    1.604542e-02
WARNING: NOX::Direction::Newton::compute() - Linear solve failed to achieve convergence - using the step anyway since "Rescue Bad Newton Solve" is true 

************************************************************************
-- Nonlinear Solver Step 14 -- 
||F|| = 6.149e+03  step = 5.000e-01  dx = 2.857e+02
************************************************************************

  
  *******************************************************
  ***** Belos Iterative Solver:  Block Gmres 
  ***** Maximum Iterations: 200
  ***** Block Size: 1
  ***** Residual Test: 
  *****   Test 1 : Belos::StatusTestImpResNorm<>: (2-Norm Res Vec) / (2-Norm Res0), tol = 1e-08
  *******************************************************
  Iter   0, [ 1] :    1.000000e+00
  Iter  20, [ 1] :    2.007886e-01
  Iter  40, [ 1] :    1.758151e-01
  Iter  60, [ 1] :    9.058981e-02
  Iter  80, [ 1] :    6.533333e-02
  Iter 100, [ 1] :    5.032367e-02
  Iter 120, [ 1] :    3.295717e-02
  Iter 140, [ 1] :    2.636485e-02
  Iter 160, [ 1] :    1.508504e-02
  Iter 180, [ 1] :    1.039839e-02
  Iter 200, [ 1] :    8.844694e-03
WARNING: NOX::Direction::Newton::compute() - Linear solve failed to achieve convergence - using the step anyway since "Rescue Bad Newton Solve" is true 

************************************************************************
-- Nonlinear Solver Step 15 -- 
||F|| = 2.645e+03  step = 5.000e-01  dx = 1.172e+02
************************************************************************

  
  *******************************************************
  ***** Belos Iterative Solver:  Block Gmres 
  ***** Maximum Iterations: 200
  ***** Block Size: 1
  ***** Residual Test: 
  *****   Test 1 : Belos::StatusTestImpResNorm<>: (2-Norm Res Vec) / (2-Norm Res0), tol = 1e-08
  *******************************************************
  Iter   0, [ 1] :    1.000000e+00
  Iter  20, [ 1] :    1.987275e-01
  Iter  40, [ 1] :    9.973812e-02
  Iter  60, [ 1] :    4.366127e-02
  Iter  80, [ 1] :    3.345842e-02
  Iter 100, [ 1] :    2.551868e-02
  Iter 120, [ 1] :    2.142389e-02
  Iter 140, [ 1] :    1.469255e-02
  Iter 160, [ 1] :    1.011689e-02
  Iter 180, [ 1] :    7.869687e-03
  Iter 200, [ 1] :    5.669041e-03
WARNING: NOX::Direction::Newton::compute() - Linear solve failed to achieve convergence - using the step anyway since "Rescue Bad Newton Solve" is true 

************************************************************************
-- Nonlinear Solver Step 16 -- 
||F|| = 2.377e+03  step = 1.000e+00  dx = 1.026e+02
************************************************************************

  
  *******************************************************
  ***** Belos Iterative Solver:  Block Gmres 
  ***** Maximum Iterations: 200
  ***** Block Size: 1
  ***** Residual Test: 
  *****   Test 1 : Belos::StatusTestImpResNorm<>: (2-Norm Res Vec) / (2-Norm Res0), tol = 1e-08
  *******************************************************
  Iter   0, [ 1] :    1.000000e+00
  Iter  20, [ 1] :    1.193727e-01
  Iter  40, [ 1] :    7.034252e-02
  Iter  60, [ 1] :    3.312853e-02
  Iter  80, [ 1] :    1.856154e-02
  Iter 100, [ 1] :    1.377922e-02
  Iter 120, [ 1] :    1.151999e-02
  Iter 140, [ 1] :    7.742435e-03
  Iter 160, [ 1] :    6.812299e-03
  Iter 180, [ 1] :    5.493236e-03
  Iter 200, [ 1] :    3.504594e-03
WARNING: NOX::Direction::Newton::compute() - Linear solve failed to achieve convergence - using the step anyway since "Rescue Bad Newton Solve" is true 

************************************************************************
-- Nonlinear Solver Step 17 -- 
||F|| = 1.015e+03  step = 5.000e-01  dx = 9.352e+01
************************************************************************

  
  *******************************************************
  ***** Belos Iterative Solver:  Block Gmres 
  ***** Maximum Iterations: 200
  ***** Block Size: 1
  ***** Residual Test: 
  *****   Test 1 : Belos::StatusTestImpResNorm<>: (2-Norm Res Vec) / (2-Norm Res0), tol = 1e-08
  *******************************************************
  Iter   0, [ 1] :    1.000000e+00
  Iter  20, [ 1] :    8.603597e-02
  Iter  40, [ 1] :    7.169820e-02
  Iter  60, [ 1] :    1.906728e-02
  Iter  80, [ 1] :    9.633370e-03
  Iter 100, [ 1] :    7.980914e-03
  Iter 120, [ 1] :    6.380918e-03
  Iter 140, [ 1] :    5.862862e-03
  Iter 160, [ 1] :    5.245783e-03
  Iter 180, [ 1] :    3.679799e-03
  Iter 200, [ 1] :    2.010425e-03
WARNING: NOX::Direction::Newton::compute() - Linear solve failed to achieve convergence - using the step anyway since "Rescue Bad Newton Solve" is true 

************************************************************************
-- Nonlinear Solver Step 18 -- 
||F|| = 8.837e+02  step = 1.000e+00  dx = 7.115e+01
************************************************************************

  
  *******************************************************
  ***** Belos Iterative Solver:  Block Gmres 
  ***** Maximum Iterations: 200
  ***** Block Size: 1
  ***** Residual Test: 
  *****   Test 1 : Belos::StatusTestImpResNorm<>: (2-Norm Res Vec) / (2-Norm Res0), tol = 1e-08
  *******************************************************
  Iter   0, [ 1] :    1.000000e+00
  Iter  20, [ 1] :    8.723011e-02
  Iter  40, [ 1] :    4.190028e-02
  Iter  60, [ 1] :    1.092979e-02
  Iter  80, [ 1] :    8.429570e-03
  Iter 100, [ 1] :    7.653246e-03
  Iter 120, [ 1] :    6.738103e-03
  Iter 140, [ 1] :    5.784551e-03
  Iter 160, [ 1] :    3.738328e-03
  Iter 180, [ 1] :    2.394442e-03
  Iter 200, [ 1] :    2.248350e-03
WARNING: NOX::Direction::Newton::compute() - Linear solve failed to achieve convergence - using the step anyway since "Rescue Bad Newton Solve" is true 

************************************************************************
-- Nonlinear Solver Step 19 -- 
||F|| = 3.781e+02  step = 5.000e-01  dx = 5.408e+01
************************************************************************

  
  *******************************************************
  ***** Belos Iterative Solver:  Block Gmres 
  ***** Maximum Iterations: 200
  ***** Block Size: 1
  ***** Residual Test: 
  *****   Test 1 : Belos::StatusTestImpResNorm<>: (2-Norm Res Vec) / (2-Norm Res0), tol = 1e-08
  *******************************************************
  Iter   0, [ 1] :    1.000000e+00
  Iter  20, [ 1] :    7.212724e-02
  Iter  40, [ 1] :    2.985122e-02
  Iter  60, [ 1] :    1.136673e-02
  Iter  80, [ 1] :    7.622806e-03
  Iter 100, [ 1] :    7.264827e-03
  Iter 120, [ 1] :    6.829038e-03
  Iter 140, [ 1] :    6.145587e-03
  Iter 160, [ 1] :    5.126426e-03
  Iter 180, [ 1] :    4.805720e-03
  Iter 200, [ 1] :    3.359587e-03
WARNING: NOX::Direction::Newton::compute() - Linear solve failed to achieve convergence - using the step anyway since "Rescue Bad Newton Solve" is true 

************************************************************************
-- Nonlinear Solver Step 20 -- 
||F|| = 2.956e+02  step = 1.000e+00  dx = 7.803e+01
************************************************************************

  
  *******************************************************
  ***** Belos Iterative Solver:  Block Gmres 
  ***** Maximum Iterations: 200
  ***** Block Size: 1
  ***** Residual Test: 
  *****   Test 1 : Belos::StatusTestImpResNorm<>: (2-Norm Res Vec) / (2-Norm Res0), tol = 1e-08
  *******************************************************
  Iter   0, [ 1] :    1.000000e+00
  Iter  20, [ 1] :    9.430335e-02
  Iter  40, [ 1] :    2.422259e-02
  Iter  60, [ 1] :    1.098536e-02
  Iter  80, [ 1] :    9.349191e-03
  Iter 100, [ 1] :    8.775328e-03
  Iter 120, [ 1] :    8.321986e-03
  Iter 140, [ 1] :    7.006572e-03
  Iter 160, [ 1] :    4.589455e-03
  Iter 180, [ 1] :    2.849810e-03
  Iter 200, [ 1] :    2.793644e-03
WARNING: NOX::Direction::Newton::compute() - Linear solve failed to achieve convergence - using the step anyway since "Rescue Bad Newton Solve" is true 

************************************************************************
-- Nonlinear Solver Step 21 -- 
||F|| = 1.570e+01  step = 5.000e-01  dx = 5.366e+01
************************************************************************

  
  *******************************************************
  ***** Belos Iterative Solver:  Block Gmres 
  ***** Maximum Iterations: 200
  ***** Block Size: 1
  ***** Residual Test: 
  *****   Test 1 : Belos::StatusTestImpResNorm<>: (2-Norm Res Vec) / (2-Norm Res0), tol = 1e-08
  *******************************************************
  Iter   0, [ 1] :    1.000000e+00
  Iter  20, [ 1] :    1.717392e-01
  Iter  40, [ 1] :    1.082375e-01
  Iter  60, [ 1] :    6.364255e-02
  Iter  80, [ 1] :    5.640344e-02
  Iter 100, [ 1] :    5.235705e-02
  Iter 120, [ 1] :    5.160996e-02
  Iter 140, [ 1] :    4.785309e-02
  Iter 160, [ 1] :    4.528878e-02
  Iter 180, [ 1] :    4.067453e-02
  Iter 200, [ 1] :    4.025940e-02
WARNING: NOX::Direction::Newton::compute() - Linear solve failed to achieve convergence - using the step anyway since "Rescue Bad Newton Solve" is true 

************************************************************************
-- Nonlinear Solver Step 22 -- 
||F|| = 8.240e-01  step = 1.000e+00  dx = 6.664e+01
************************************************************************

  
  *******************************************************
  ***** Belos Iterative Solver:  Block Gmres 
  ***** Maximum Iterations: 200
  ***** Block Size: 1
  ***** Residual Test: 
  *****   Test 1 : Belos::StatusTestImpResNorm<>: (2-Norm Res Vec) / (2-Norm Res0), tol = 1e-08
  *******************************************************
  Iter   0, [ 1] :    1.000000e+00
  Iter  20, [ 1] :    8.168118e-01
  Iter  40, [ 1] :    8.071563e-01
  Iter  60, [ 1] :    8.046477e-01
  Iter  80, [ 1] :    8.035828e-01
  Iter 100, [ 1] :    7.813166e-01
  Iter 120, [ 1] :    7.735556e-01
  Iter 140, [ 1] :    6.935435e-01
  Iter 160, [ 1] :    6.658428e-01
  Iter 180, [ 1] :    6.378063e-01
  Iter 200, [ 1] :    6.041942e-01
WARNING: NOX::Direction::Newton::compute() - Linear solve failed to achieve convergence - using the step anyway since "Rescue Bad Newton Solve" is true 

************************************************************************
-- Nonlinear Solver Step 23 -- 
||F|| = 5.405e-01  step = 1.000e+00  dx = 7.198e+01
************************************************************************

  
  *******************************************************
  ***** Belos Iterative Solver:  Block Gmres 
  ***** Maximum Iterations: 200
  ***** Block Size: 1
  ***** Residual Test: 
  *****   Test 1 : Belos::StatusTestImpResNorm<>: (2-Norm Res Vec) / (2-Norm Res0), tol = 1e-08
  *******************************************************
  Iter   0, [ 1] :    1.000000e+00
  Iter  20, [ 1] :    9.430064e-01
  Iter  40, [ 1] :    8.905826e-01
  Iter  60, [ 1] :    8.672518e-01
  Iter  80, [ 1] :    8.582276e-01
  Iter 100, [ 1] :    8.358429e-01
  Iter 120, [ 1] :    8.330695e-01
  Iter 140, [ 1] :    8.182597e-01
  Iter 160, [ 1] :    8.064608e-01
  Iter 180, [ 1] :    7.787105e-01
  Iter 200, [ 1] :    6.740125e-01
WARNING: NOX::Direction::Newton::compute() - Linear solve failed to achieve convergence - using the step anyway since "Rescue Bad Newton Solve" is true 

************************************************************************
-- Nonlinear Solver Step 24 -- 
||F|| = 4.210e-01  step = 1.000e+00  dx = 8.940e+01
************************************************************************

  
  *******************************************************
  ***** Belos Iterative Solver:  Block Gmres 
  ***** Maximum Iterations: 200
  ***** Block Size: 1
  ***** Residual Test: 
  *****   Test 1 : Belos::StatusTestImpResNorm<>: (2-Norm Res Vec) / (2-Norm Res0), tol = 1e-08
  *******************************************************
  Iter   0, [ 1] :    1.000000e+00
  Iter  20, [ 1] :    9.586601e-01
  Iter  40, [ 1] :    9.328927e-01
  Iter  60, [ 1] :    9.256271e-01
  Iter  80, [ 1] :    9.209541e-01
  Iter 100, [ 1] :    9.137489e-01
  Iter 120, [ 1] :    8.975004e-01
  Iter 140, [ 1] :    7.864940e-01
  Iter 160, [ 1] :    7.206649e-01
  Iter 180, [ 1] :    6.713055e-01
  Iter 200, [ 1] :    6.548012e-01
WARNING: NOX::Direction::Newton::compute() - Linear solve failed to achieve convergence - using the step anyway since "Rescue Bad Newton Solve" is true 

************************************************************************
-- Nonlinear Solver Step 25 -- 
||F|| = 2.761e-01  step = 1.000e+00  dx = 1.834e+01
************************************************************************

  
  *******************************************************
  ***** Belos Iterative Solver:  Block Gmres 
  ***** Maximum Iterations: 200
  ***** Block Size: 1
  ***** Residual Test: 
  *****   Test 1 : Belos::StatusTestImpResNorm<>: (2-Norm Res Vec) / (2-Norm Res0), tol = 1e-08
  *******************************************************
  Iter   0, [ 1] :    1.000000e+00
  Iter  20, [ 1] :    9.961269e-01
  Iter  40, [ 1] :    9.878236e-01
  Iter  60, [ 1] :    9.683317e-01
  Iter  80, [ 1] :    9.569751e-01
  Iter 100, [ 1] :    9.486010e-01
  Iter 120, [ 1] :    9.288018e-01
  Iter 140, [ 1] :    8.979548e-01
  Iter 160, [ 1] :    8.878551e-01
  Iter 180, [ 1] :    8.827612e-01
  Iter 200, [ 1] :    8.715327e-01
WARNING: NOX::Direction::Newton::compute() - Linear solve failed to achieve convergence - using the step anyway since "Rescue Bad Newton Solve" is true 

************************************************************************
-- Nonlinear Solver Step 26 -- 
||F|| = 2.401e-01  step = 1.000e+00  dx = 1.778e+01
************************************************************************

  
  *******************************************************
  ***** Belos Iterative Solver:  Block Gmres 
  ***** Maximum Iterations: 200
  ***** Block Size: 1
  ***** Residual Test: 
  *****   Test 1 : Belos::StatusTestImpResNorm<>: (2-Norm Res Vec) / (2-Norm Res0), tol = 1e-08
  *******************************************************
  Iter   0, [ 1] :    1.000000e+00
  Iter  20, [ 1] :    9.763958e-01
  Iter  40, [ 1] :    9.628241e-01
  Iter  60, [ 1] :    9.412188e-01
  Iter  80, [ 1] :    9.168150e-01
  Iter 100, [ 1] :    8.887244e-01
  Iter 120, [ 1] :    8.832619e-01
  Iter 140, [ 1] :    8.618261e-01
  Iter 160, [ 1] :    8.353590e-01
  Iter 180, [ 1] :    8.219531e-01
  Iter 200, [ 1] :    7.914521e-01
WARNING: NOX::Direction::Newton::compute() - Linear solve failed to achieve convergence - using the step anyway since "Rescue Bad Newton Solve" is true 

************************************************************************
-- Nonlinear Solver Step 27 -- 
||F|| = 1.928e-01  step = 1.000e+00  dx = 2.159e+01
************************************************************************

  
  *******************************************************
  ***** Belos Iterative Solver:  Block Gmres 
  ***** Maximum Iterations: 200
  ***** Block Size: 1
  ***** Residual Test: 
  *****   Test 1 : Belos::StatusTestImpResNorm<>: (2-Norm Res Vec) / (2-Norm Res0), tol = 1e-08
  *******************************************************
  Iter   0, [ 1] :    1.000000e+00
  Iter  20, [ 1] :    9.886026e-01
  Iter  40, [ 1] :    9.677829e-01
  Iter  60, [ 1] :    9.527895e-01
  Iter  80, [ 1] :    9.422023e-01
  Iter 100, [ 1] :    9.257838e-01
  Iter 120, [ 1] :    9.241589e-01
  Iter 140, [ 1] :    9.033705e-01
  Iter 160, [ 1] :    8.630115e-01
  Iter 180, [ 1] :    8.487418e-01
  Iter 200, [ 1] :    8.374976e-01
WARNING: NOX::Direction::Newton::compute() - Linear solve failed to achieve convergence - using the step anyway since "Rescue Bad Newton Solve" is true 

************************************************************************
-- Nonlinear Solver Step 28 -- 
||F|| = 1.616e-01  step = 1.000e+00  dx = 1.377e+01
************************************************************************

  
  *******************************************************
  ***** Belos Iterative Solver:  Block Gmres 
  ***** Maximum Iterations: 200
  ***** Block Size: 1
  ***** Residual Test: 
  *****   Test 1 : Belos::StatusTestImpResNorm<>: (2-Norm Res Vec) / (2-Norm Res0), tol = 1e-08
  *******************************************************
  Iter   0, [ 1] :    1.000000e+00
  Iter  20, [ 1] :    9.985180e-01
  Iter  40, [ 1] :    9.972323e-01
  Iter  60, [ 1] :    9.965499e-01
  Iter  80, [ 1] :    9.957628e-01
  Iter 100, [ 1] :    9.850296e-01
  Iter 120, [ 1] :    9.712171e-01
  Iter 140, [ 1] :    9.309734e-01
  Iter 160, [ 1] :    9.167766e-01
  Iter 180, [ 1] :    9.089961e-01
  Iter 200, [ 1] :    8.820797e-01
WARNING: NOX::Direction::Newton::compute() - Linear solve failed to achieve convergence - using the step anyway since "Rescue Bad Newton Solve" is true 

************************************************************************
-- Nonlinear Solver Step 29 -- 
||F|| = 1.427e-01  step = 1.000e+00  dx = 1.328e+01
************************************************************************

  
  *******************************************************
  ***** Belos Iterative Solver:  Block Gmres 
  ***** Maximum Iterations: 200
  ***** Block Size: 1
  ***** Residual Test: 
  *****   Test 1 : Belos::StatusTestImpResNorm<>: (2-Norm Res Vec) / (2-Norm Res0), tol = 1e-08
  *******************************************************
  Iter   0, [ 1] :    1.000000e+00
  Iter  20, [ 1] :    9.990664e-01
  Iter  40, [ 1] :    9.870564e-01
  Iter  60, [ 1] :    9.695515e-01
  Iter  80, [ 1] :    9.612185e-01
  Iter 100, [ 1] :    9.463741e-01
  Iter 120, [ 1] :    9.446875e-01
  Iter 140, [ 1] :    9.026312e-01
  Iter 160, [ 1] :    8.643482e-01
  Iter 180, [ 1] :    8.586513e-01
  Iter 200, [ 1] :    8.491260e-01
WARNING: NOX::Direction::Newton::compute() - Linear solve failed to achieve convergence - using the step anyway since "Rescue Bad Newton Solve" is true 

************************************************************************
-- Nonlinear Solver Step 30 -- 
||F|| = 1.211e-01  step = 1.000e+00  dx = 9.394e+00
************************************************************************

  
  *******************************************************
  ***** Belos Iterative Solver:  Block Gmres 
  ***** Maximum Iterations: 200
  ***** Block Size: 1
  ***** Residual Test: 
  *****   Test 1 : Belos::StatusTestImpResNorm<>: (2-Norm Res Vec) / (2-Norm Res0), tol = 1e-08
  *******************************************************
  Iter   0, [ 1] :    1.000000e+00
  Iter  20, [ 1] :    9.958032e-01
  Iter  40, [ 1] :    9.841975e-01
  Iter  60, [ 1] :    9.750984e-01
  Iter  80, [ 1] :    9.685856e-01
  Iter 100, [ 1] :    9.330330e-01
  Iter 120, [ 1] :    9.220002e-01
  Iter 140, [ 1] :    8.626823e-01
  Iter 160, [ 1] :    8.575971e-01
  Iter 180, [ 1] :    8.546021e-01
  Iter 200, [ 1] :    8.241803e-01
WARNING: NOX::Direction::Newton::compute() - Linear solve failed to achieve convergence - using the step anyway since "Rescue Bad Newton Solve" is true 

************************************************************************
-- Nonlinear Solver Step 31 -- 
||F|| = 9.992e-02  step = 1.000e+00  dx = 1.101e+01
************************************************************************

  
  *******************************************************
  ***** Belos Iterative Solver:  Block Gmres 
  ***** Maximum Iterations: 200
  ***** Block Size: 1
  ***** Residual Test: 
  *****   Test 1 : Belos::StatusTestImpResNorm<>: (2-Norm Res Vec) / (2-Norm Res0), tol = 1e-08
  *******************************************************
  Iter   0, [ 1] :    1.000000e+00
  Iter  20, [ 1] :    9.995963e-01
  Iter  40, [ 1] :    9.911476e-01
  Iter  60, [ 1] :    9.760970e-01
  Iter  80, [ 1] :    9.487195e-01
  Iter 100, [ 1] :    9.262781e-01
  Iter 120, [ 1] :    9.193360e-01
  Iter 140, [ 1] :    8.995232e-01
  Iter 160, [ 1] :    8.901139e-01
  Iter 180, [ 1] :    8.083129e-01
  Iter 200, [ 1] :    7.046478e-01
WARNING: NOX::Direction::Newton::compute() - Linear solve failed to achieve convergence - using the step anyway since "Rescue Bad Newton Solve" is true 

************************************************************************
-- Nonlinear Solver Step 32 -- 
||F|| = 7.068e-02  step = 1.000e+00  dx = 1.966e+01
************************************************************************

  
  *******************************************************
  ***** Belos Iterative Solver:  Block Gmres 
  ***** Maximum Iterations: 200
  ***** Block Size: 1
  ***** Residual Test: 
  *****   Test 1 : Belos::StatusTestImpResNorm<>: (2-Norm Res Vec) / (2-Norm Res0), tol = 1e-08
  *******************************************************
  Iter   0, [ 1] :    1.000000e+00
  Iter  20, [ 1] :    9.808647e-01
  Iter  40, [ 1] :    9.683115e-01
  Iter  60, [ 1] :    9.641680e-01
  Iter  80, [ 1] :    9.569756e-01
  Iter 100, [ 1] :    9.367380e-01
  Iter 120, [ 1] :    9.167361e-01
  Iter 140, [ 1] :    7.922979e-01
  Iter 160, [ 1] :    7.331781e-01
  Iter 180, [ 1] :    7.296613e-01
  Iter 200, [ 1] :    7.237984e-01
WARNING: NOX::Direction::Newton::compute() - Linear solve failed to achieve convergence - using the step anyway since "Rescue Bad Newton Solve" is true 

************************************************************************
-- Nonlinear Solver Step 33 -- 
||F|| = 5.120e-02  step = 1.000e+00  dx = 1.830e+00
************************************************************************

  
  *******************************************************
  ***** Belos Iterative Solver:  Block Gmres 
  ***** Maximum Iterations: 200
  ***** Block Size: 1
  ***** Residual Test: 
  *****   Test 1 : Belos::StatusTestImpResNorm<>: (2-Norm Res Vec) / (2-Norm Res0), tol = 1e-08
  *******************************************************
  Iter   0, [ 1] :    1.000000e+00
  Iter  20, [ 1] :    9.959713e-01
  Iter  40, [ 1] :    9.852585e-01
  Iter  60, [ 1] :    9.684802e-01
  Iter  80, [ 1] :    9.596361e-01
  Iter 100, [ 1] :    9.420718e-01
  Iter 120, [ 1] :    9.280091e-01
  Iter 140, [ 1] :    9.015410e-01
  Iter 160, [ 1] :    8.567816e-01
  Iter 180, [ 1] :    8.203587e-01
  Iter 200, [ 1] :    8.124001e-01
WARNING: NOX::Direction::Newton::compute() - Linear solve failed to achieve convergence - using the step anyway since "Rescue Bad Newton Solve" is true 

************************************************************************
-- Nonlinear Solver Step 34 -- 
||F|| = 4.164e-02  step = 1.000e+00  dx = 6.667e+00
************************************************************************

  
  *******************************************************
  ***** Belos Iterative Solver:  Block Gmres 
  ***** Maximum Iterations: 200
  ***** Block Size: 1
  ***** Residual Test: 
  *****   Test 1 : Belos::StatusTestImpResNorm<>: (2-Norm Res Vec) / (2-Norm Res0), tol = 1e-08
  *******************************************************
  Iter   0, [ 1] :    1.000000e+00
  Iter  20, [ 1] :    9.982612e-01
  Iter  40, [ 1] :    9.961666e-01
  Iter  60, [ 1] :    9.906129e-01
  Iter  80, [ 1] :    9.641254e-01
  Iter 100, [ 1] :    8.873063e-01
  Iter 120, [ 1] :    8.834110e-01
  Iter 140, [ 1] :    8.497936e-01
  Iter 160, [ 1] :    8.449195e-01
  Iter 180, [ 1] :    8.416580e-01
  Iter 200, [ 1] :    8.135181e-01
WARNING: NOX::Direction::Newton::compute() - Linear solve failed to achieve convergence - using the step anyway since "Rescue Bad Newton Solve" is true 

************************************************************************
-- Nonlinear Solver Step 35 -- 
||F|| = 3.388e-02  step = 1.000e+00  dx = 2.340e+00
************************************************************************

  
  *******************************************************
  ***** Belos Iterative Solver:  Block Gmres 
  ***** Maximum Iterations: 200
  ***** Block Size: 1
  ***** Residual Test: 
  *****   Test 1 : Belos::StatusTestImpResNorm<>: (2-Norm Res Vec) / (2-Norm Res0), tol = 1e-08
  *******************************************************
  Iter   0, [ 1] :    1.000000e+00
  Iter  20, [ 1] :    9.977288e-01
  Iter  40, [ 1] :    9.929623e-01
  Iter  60, [ 1] :    9.850725e-01
  Iter  80, [ 1] :    9.779587e-01
  Iter 100, [ 1] :    9.699682e-01
  Iter 120, [ 1] :    9.490340e-01
  Iter 140, [ 1] :    9.342250e-01
  Iter 160, [ 1] :    9.174738e-01
  Iter 180, [ 1] :    9.049403e-01
  Iter 200, [ 1] :    9.006958e-01
WARNING: NOX::Direction::Newton::compute() - Linear solve failed to achieve convergence - using the step anyway since "Rescue Bad Newton Solve" is true 

************************************************************************
-- Nonlinear Solver Step 36 -- 
||F|| = 3.052e-02  step = 1.000e+00  dx = 1.710e+00
************************************************************************

  
  *******************************************************
  ***** Belos Iterative Solver:  Block Gmres 
  ***** Maximum Iterations: 200
  ***** Block Size: 1
  ***** Residual Test: 
  *****   Test 1 : Belos::StatusTestImpResNorm<>: (2-Norm Res Vec) / (2-Norm Res0), tol = 1e-08
  *******************************************************
  Iter   0, [ 1] :    1.000000e+00
  Iter  20, [ 1] :    9.986601e-01
  Iter  40, [ 1] :    9.959921e-01
  Iter  60, [ 1] :    9.909059e-01
  Iter  80, [ 1] :    9.815747e-01
  Iter 100, [ 1] :    9.667776e-01
  Iter 120, [ 1] :    9.471114e-01
  Iter 140, [ 1] :    8.914500e-01
  Iter 160, [ 1] :    8.699631e-01
  Iter 180, [ 1] :    8.677188e-01
  Iter 200, [ 1] :    8.461974e-01
WARNING: NOX::Direction::Newton::compute() - Linear solve failed to achieve convergence - using the step anyway since "Rescue Bad Newton Solve" is true 

************************************************************************
-- Nonlinear Solver Step 37 -- 
||F|| = 2.583e-02  step = 1.000e+00  dx = 3.561e+00
************************************************************************

  
  *******************************************************
  ***** Belos Iterative Solver:  Block Gmres 
  ***** Maximum Iterations: 200
  ***** Block Size: 1
  ***** Residual Test: 
  *****   Test 1 : Belos::StatusTestImpResNorm<>: (2-Norm Res Vec) / (2-Norm Res0), tol = 1e-08
  *******************************************************
  Iter   0, [ 1] :    1.000000e+00
  Iter  20, [ 1] :    9.983437e-01
  Iter  40, [ 1] :    9.953658e-01
  Iter  60, [ 1] :    9.932263e-01
  Iter  80, [ 1] :    9.915212e-01
  Iter 100, [ 1] :    9.816577e-01
  Iter 120, [ 1] :    9.780555e-01
  Iter 140, [ 1] :    9.103823e-01
  Iter 160, [ 1] :    8.911261e-01
  Iter 180, [ 1] :    8.783808e-01
  Iter 200, [ 1] :    8.676856e-01
WARNING: NOX::Direction::Newton::compute() - Linear solve failed to achieve convergence - using the step anyway since "Rescue Bad Newton Solve" is true 

************************************************************************
-- Nonlinear Solver Step 38 -- 
||F|| = 2.241e-02  step = 1.000e+00  dx = 1.339e+00
************************************************************************

  
  *******************************************************
  ***** Belos Iterative Solver:  Block Gmres 
  ***** Maximum Iterations: 200
  ***** Block Size: 1
  ***** Residual Test: 
  *****   Test 1 : Belos::StatusTestImpResNorm<>: (2-Norm Res Vec) / (2-Norm Res0), tol = 1e-08
  *******************************************************
  Iter   0, [ 1] :    1.000000e+00
  Iter  20, [ 1] :    9.959522e-01
  Iter  40, [ 1] :    9.871326e-01
  Iter  60, [ 1] :    9.773898e-01
  Iter  80, [ 1] :    9.654745e-01
  Iter 100, [ 1] :    9.263449e-01
  Iter 120, [ 1] :    8.928591e-01
  Iter 140, [ 1] :    8.610802e-01
  Iter 160, [ 1] :    8.598550e-01
  Iter 180, [ 1] :    8.584627e-01
  Iter 200, [ 1] :    8.454222e-01
WARNING: NOX::Direction::Newton::compute() - Linear solve failed to achieve convergence - using the step anyway since "Rescue Bad Newton Solve" is true 

************************************************************************
-- Nonlinear Solver Step 39 -- 
||F|| = 1.895e-02  step = 1.000e+00  dx = 2.146e+00
************************************************************************

  
  *******************************************************
  ***** Belos Iterative Solver:  Block Gmres 
  ***** Maximum Iterations: 200
  ***** Block Size: 1
  ***** Residual Test: 
  *****   Test 1 : Belos::StatusTestImpResNorm<>: (2-Norm Res Vec) / (2-Norm Res0), tol = 1e-08
  *******************************************************
  Iter   0, [ 1] :    1.000000e+00
  Iter  20, [ 1] :    9.992909e-01
  Iter  40, [ 1] :    9.952775e-01
  Iter  60, [ 1] :    9.788376e-01
  Iter  80, [ 1] :    9.714644e-01
  Iter 100, [ 1] :    9.540992e-01
  Iter 120, [ 1] :    9.137890e-01
  Iter 140, [ 1] :    8.932623e-01
  Iter 160, [ 1] :    8.879012e-01
  Iter 180, [ 1] :    8.568144e-01
  Iter 200, [ 1] :    7.758517e-01
WARNING: NOX::Direction::Newton::compute() - Linear solve failed to achieve convergence - using the step anyway since "Rescue Bad Newton Solve" is true 

************************************************************************
-- Nonlinear Solver Step 40 -- 
||F|| = 1.470e-02  step = 1.000e+00  dx = 2.598e+00
************************************************************************

  
  *******************************************************
  ***** Belos Iterative Solver:  Block Gmres 
  ***** Maximum Iterations: 200
  ***** Block Size: 1
  ***** Residual Test: 
  *****   Test 1 : Belos::StatusTestImpResNorm<>: (2-Norm Res Vec) / (2-Norm Res0), tol = 1e-08
  *******************************************************
  Iter   0, [ 1] :    1.000000e+00
  Iter  20, [ 1] :    9.948649e-01
  Iter  40, [ 1] :    9.728591e-01
  Iter  60, [ 1] :    9.654766e-01
  Iter  80, [ 1] :    9.619211e-01
  Iter 100, [ 1] :    9.500881e-01
  Iter 120, [ 1] :    9.156076e-01
  Iter 140, [ 1] :    8.383379e-01
  Iter 160, [ 1] :    8.178369e-01
  Iter 180, [ 1] :    8.051891e-01
  Iter 200, [ 1] :    7.814489e-01
WARNING: NOX::Direction::Newton::compute() - Linear solve failed to achieve convergence - using the step anyway since "Rescue Bad Newton Solve" is true 

************************************************************************
-- Nonlinear Solver Step 41 -- 
||F|| = 1.149e-02  step = 1.000e+00  dx = 8.356e-01
************************************************************************

  
  *******************************************************
  ***** Belos Iterative Solver:  Block Gmres 
  ***** Maximum Iterations: 200
  ***** Block Size: 1
  ***** Residual Test: 
  *****   Test 1 : Belos::StatusTestImpResNorm<>: (2-Norm Res Vec) / (2-Norm Res0), tol = 1e-08
  *******************************************************
  Iter   0, [ 1] :    1.000000e+00
  Iter  20, [ 1] :    9.990039e-01
  Iter  40, [ 1] :    9.809464e-01
  Iter  60, [ 1] :    9.699385e-01
  Iter  80, [ 1] :    9.672789e-01
  Iter 100, [ 1] :    9.560244e-01
  Iter 120, [ 1] :    9.527363e-01
  Iter 140, [ 1] :    9.148153e-01
  Iter 160, [ 1] :    8.795469e-01
  Iter 180, [ 1] :    8.722891e-01
  Iter 200, [ 1] :    8.655050e-01
WARNING: NOX::Direction::Newton::compute() - Linear solve failed to achieve convergence - using the step anyway since "Rescue Bad Newton Solve" is true 

************************************************************************
-- Nonlinear Solver Step 42 -- 
||F|| = 9.945e-03  step = 1.000e+00  dx = 8.130e-01
************************************************************************

  
  *******************************************************
  ***** Belos Iterative Solver:  Block Gmres 
  ***** Maximum Iterations: 200
  ***** Block Size: 1
  ***** Residual Test: 
  *****   Test 1 : Belos::StatusTestImpResNorm<>: (2-Norm Res Vec) / (2-Norm Res0), tol = 1e-08
  *******************************************************
  Iter   0, [ 1] :    1.000000e+00
  Iter  20, [ 1] :    9.983714e-01
  Iter  40, [ 1] :    9.942941e-01
  Iter  60, [ 1] :    9.870930e-01
  Iter  80, [ 1] :    9.792656e-01
  Iter 100, [ 1] :    9.539865e-01
  Iter 120, [ 1] :    9.366224e-01
  Iter 140, [ 1] :    8.752606e-01
  Iter 160, [ 1] :    8.698335e-01
  Iter 180, [ 1] :    8.659356e-01
  Iter 200, [ 1] :    8.407724e-01
WARNING: NOX::Direction::Newton::compute() - Linear solve failed to achieve convergence - using the step anyway since "Rescue Bad Newton Solve" is true 

************************************************************************
-- Nonlinear Solver Step 43 -- 
||F|| = 8.362e-03  step = 1.000e+00  dx = 7.264e-01 (Converged!)
************************************************************************

************************************************************************
-- Final Status Test Results --
Converged....OR Combination -> 
  Converged....F-Norm = 9.001e-06 < 1.000e-05
               (Length-Scaled Two-Norm, Absolute Tolerance)
  ??...........Number of Iterations = -1 < 50
************************************************************************
         Response[0] = -7.00559174e+00 
*** Teuchos::StackedTimer::report() - Remainder for a level will be ***
*** incorrect if a timer in the level does not exist on every rank  ***
*** of the MPI Communicator.                                        ***
PyAlbany Total Time: 152.87 [2]
|   PyAlbany: Setup Time: 27.4238 - 17.9393% [1]
|   PyAlbany: performSolve: 125.447 - 82.0607% [1]
|   |   Piro::NOXSolver::evalModelImpl::solve: 125.428 - 99.9855% [1]
|   |   |   Thyra::NOXNonlinearSolver::solve: 125.428 - 99.9994% [1]
|   |   |   |   Thyra::DefaultModelEvaluatorWithSolveFactory<double>::evalModel(...): 10.7174 - 8.5447% [105]
|   |   |   |   |   Albany: Total Fill Time: 10.7133 - 99.9619% [105]
|   |   |   |   |   |   Albany Fill: Residual: 2.8418 - 26.5258% [62]
|   |   |   |   |   |   |   Phalanx::SortAndOrderEvaluators: 1.062e-06 - 3.73707e-05% [1]
|   |   |   |   |   |   |   Albany Residual Fill: Evaluate: 2.51383 - 88.4591% [62]
|   |   |   |   |   |   |   |   Phalanx: Evaluator 8: [<Residual>] LoadStateField(bed_topography)<Residual>: 0.0322654 - 1.28352% [62]
|   |   |   |   |   |   |   |   Phalanx: Evaluator 11: [<Residual>] Save Field bed_topography to State bed_topographyResidual: 0.337183 - 13.4131% [62]
|   |   |   |   |   |   |   |   Phalanx: Evaluator 5: [<Residual>] LoadStateField(surface_height)<Residual>: 0.0310418 - 1.23484% [62]
|   |   |   |   |   |   |   |   Phalanx: Evaluator 12: [<Residual>] Save Field surface_height to State surface_heightResidual: 0.344276 - 13.6953% [62]
|   |   |   |   |   |   |   |   Phalanx: Evaluator 31: [<Residual>] Shared Parameter Glen's Law Homotopy Parameter<Residual>: 0.00226396 - 0.0900602% [62]
|   |   |   |   |   |   |   |   Phalanx: Evaluator 2: [<Residual>] Gather Coordinate Vector<Residual>: 0.0669821 - 2.66454% [62]
|   |   |   |   |   |   |   |   Phalanx: Evaluator 25: [<Residual>] ComputeBasisFunctions<Residual>: 0.0202354 - 0.804964% [62]
|   |   |   |   |   |   |   |   Phalanx: Evaluator 0: [<Residual>] Gather Solution<Residual>: 0.0143266 - 0.56991% [62]
|   |   |   |   |   |   |   |   Phalanx: Evaluator 67: [<Residual>] FastSolutionVecGradInterpolationBase<Residual>: 0.0139177 - 0.553643% [62]
|   |   |   |   |   |   |   |   Phalanx: Evaluator 7: [<Residual>] LoadStateField(temperature)<Residual>: 0.323079 - 12.852% [62]
|   |   |   |   |   |   |   |   Phalanx: Evaluator 78: [<Residual>] P0Interpolation[temperature] <Residual>: 0.00153719 - 0.0611491% [62]
|   |   |   |   |   |   |   |   Phalanx: Evaluator 24: [<Residual>] MapToPhysicalFrame<Residual>: 0.0225079 - 0.895361% [62]
|   |   |   |   |   |   |   |   Phalanx: Evaluator 26: [<Residual>] P0Interpolation[Coord Vec] <Residual>: 0.000771742 - 0.0306998% [62]
|   |   |   |   |   |   |   |   Phalanx: Evaluator 76: [<Residual>] P0Interpolation[surface_height] <Residual>: 0.0312638 - 1.24367% [62]
|   |   |   |   |   |   |   |   Phalanx: Evaluator 3: [<Residual>] Pressure Corrected Temperature<Residual>: 0.0128191 - 0.509943% [62]
|   |   |   |   |   |   |   |   Phalanx: Evaluator 33: [<Residual>] ViscosityFO<Residual>: 0.00144846 - 0.0576198% [62]
|   |   |   |   |   |   |   |   Phalanx: Evaluator 34: [<Residual>] Dissipation: 0.06299 - 2.50574% [62]
|   |   |   |   |   |   |   |   Phalanx: Evaluator 35: [<Residual>] P0Interpolation[LandIce Dissipation] <Residual>: 0.0155935 - 0.62031% [62]
|   |   |   |   |   |   |   |   Phalanx: Evaluator 36: [<Residual>] Save Field LandIce Dissipation to State dissipation_heatResidual: 0.423548 - 16.8487% [62]
|   |   |   |   |   |   |   |   Phalanx: Evaluator 75: [<Residual>] DOFGradInterpolationBase<Residual>: 0.000529951 - 0.0210814% [62]
|   |   |   |   |   |   |   |   Phalanx: Evaluator 37: [<Residual>] StokesFOBodyForce<Residual>: 0.00240903 - 0.0958309% [62]
|   |   |   |   |   |   |   |   Phalanx: Evaluator 66: [<Residual>] FastSolutionVecInterpolationBase<Residual>: 0.00119262 - 0.0474425% [62]
|   |   |   |   |   |   |   |   Phalanx: Evaluator 28: [<Residual>] StokesFOResid<Residual>: 0.103571 - 4.12006% [62]
|   |   |   |   |   |   |   |   Phalanx: Evaluator 63: [<Residual>] DOFCellToSide(Coord Vec -> Coord Vec_extruded_boundary_side_set_1)[Vertex Vector]<Residual>: 0.254114 - 10.1086% [62]
|   |   |   |   |   |   |   |   Phalanx: Evaluator 60: [<Residual>] ComputeBasisFunctionsSide<Residual>: 0.021399 - 0.851252% [62]
|   |   |   |   |   |   |   |   Phalanx: Evaluator 101: [<Residual>] DOFCellToSide(surface_height -> surface_height_extruded_boundary_side_set_1)[Node Scalar]<Residual>: 0.000230403 - 0.00916541% [62]
|   |   |   |   |   |   |   |   Phalanx: Evaluator 103: [<Residual>] DOFInterpolationSide<Residual>: 0.000298294 - 0.0118661% [62]
|   |   |   |   |   |   |   |   Phalanx: Evaluator 4: [<Residual>] LoadStateField(ice_thickness)<Residual>: 0.034864 - 1.38689% [62]
|   |   |   |   |   |   |   |   Phalanx: Evaluator 99: [<Residual>] DOFCellToSide(ice_thickness -> ice_thickness_extruded_boundary_side_set_1)[Node Scalar]<Residual>: 0.000207109 - 0.00823878% [62]
|   |   |   |   |   |   |   |   Phalanx: Evaluator 100: [<Residual>] DOFInterpolationSide<Residual>: 0.00337128 - 0.134109% [62]
|   |   |   |   |   |   |   |   Phalanx: Evaluator 38: [<Residual>] StokesFOLateralResid<Residual>: 0.00143901 - 0.0572437% [62]
|   |   |   |   |   |   |   |   Phalanx: Evaluator 59: [<Residual>] DOFCellToSide(Coord Vec -> Coord Vec_basalside)[Vertex Vector]<Residual>: 0.00456865 - 0.18174% [62]
|   |   |   |   |   |   |   |   Phalanx: Evaluator 56: [<Residual>] ComputeBasisFunctionsSide<Residual>: 0.0110928 - 0.441272% [62]
|   |   |   |   |   |   |   |   Phalanx: Evaluator 49: [<Residual>] Shared Parameter Power Exponent<Residual>: 0.00205039 - 0.0815642% [62]
|   |   |   |   |   |   |   |   Phalanx: Evaluator 18: [<Residual>] Load Side Set Field log_basal_friction_basalside from Side Set State log_basal_friction<Residual>: 0.0179953 - 0.715851% [62]
|   |   |   |   |   |   |   |   Phalanx: Evaluator 91: [<Residual>] DOFInterpolationSide<Residual>: 0.000224322 - 0.00892351% [62]
|   |   |   |   |   |   |   |   Phalanx: Evaluator 13: [<Residual>] Load Side Set Field ice_thickness_basalside from Side Set State ice_thickness<Residual>: 0.0200554 - 0.797801% [62]
|   |   |   |   |   |   |   |   Phalanx: Evaluator 17: [<Residual>] Load Side Set Field bed_topography_basalside from Side Set State bed_topography<Residual>: 0.0165533 - 0.658487% [62]
|   |   |   |   |   |   |   |   Phalanx: Evaluator 50: [<Residual>] BasalFrictionCoefficient<Residual>: 0.00162098 - 0.0644824% [62]
|   |   |   |   |   |   |   |   Phalanx: Evaluator 79: [<Residual>] DOFCellToSide(Velocity -> Velocity_basalside)[Node Vector]<Residual>: 0.00378988 - 0.150761% [62]
|   |   |   |   |   |   |   |   Phalanx: Evaluator 80: [<Residual>] DOFVecInterpolationSide<Residual>: 0.00313691 - 0.124786% [62]
|   |   |   |   |   |   |   |   Phalanx: Evaluator 39: [<Residual>] StokesFOBasalResid<Residual>: 0.00281825 - 0.11211% [62]
|   |   |   |   |   |   |   |   Phalanx: Evaluator 1: [<Residual>] Scatter Velocity Residual<Residual>: 0.00482172 - 0.191808% [62]
|   |   |   |   |   |   |   |   Remainder: 0.243428 - 9.68353%
|   |   |   |   |   |   |   Albany Residual Fill: Export: 0.00409172 - 0.143983% [62]
|   |   |   |   |   |   |   Remainder: 0.323875 - 11.3968%
|   |   |   |   |   |   Albany Fill: Jacobian: 7.87012 - 73.461% [43]
|   |   |   |   |   |   |   Phalanx::SortAndOrderEvaluators: 6.21e-07 - 7.8906e-06% [1]
|   |   |   |   |   |   |   Albany Jacobian Fill: Evaluate: 6.47794 - 82.3105% [43]
|   |   |   |   |   |   |   |   Phalanx: Evaluator 141: [<Jacobian>] Shared Parameter Glen's Law Homotopy Parameter<Jacobian>: 0.000523907 - 0.00808756% [43]
|   |   |   |   |   |   |   |   Phalanx: Evaluator 112: [<Jacobian>] Gather Coordinate Vector<Jacobian>: 0.0673892 - 1.04029% [43]
|   |   |   |   |   |   |   |   Phalanx: Evaluator 135: [<Jacobian>] ComputeBasisFunctions<Jacobian>: 0.0205044 - 0.316526% [43]
|   |   |   |   |   |   |   |   Phalanx: Evaluator 110: [<Jacobian>] Gather Solution<Jacobian>: 0.0132726 - 0.204889% [43]
|   |   |   |   |   |   |   |   Phalanx: Evaluator 177: [<Jacobian>] FastSolutionVecGradInterpolationBase<Jacobian>: 0.0456189 - 0.704219% [43]
|   |   |   |   |   |   |   |   Phalanx: Evaluator 117: [<Jacobian>] LoadStateField(temperature)<Jacobian>: 0.68044 - 10.504% [43]
|   |   |   |   |   |   |   |   Phalanx: Evaluator 187: [<Jacobian>] P0Interpolation[temperature] <Jacobian>: 0.000893424 - 0.0137918% [43]
|   |   |   |   |   |   |   |   Phalanx: Evaluator 134: [<Jacobian>] MapToPhysicalFrame<Jacobian>: 0.0160152 - 0.247227% [43]
|   |   |   |   |   |   |   |   Phalanx: Evaluator 136: [<Jacobian>] P0Interpolation[Coord Vec] <Jacobian>: 0.000593203 - 0.00915728% [43]
|   |   |   |   |   |   |   |   Phalanx: Evaluator 115: [<Jacobian>] LoadStateField(surface_height)<Jacobian>: 0.0511102 - 0.788989% [43]
|   |   |   |   |   |   |   |   Phalanx: Evaluator 185: [<Jacobian>] P0Interpolation[surface_height] <Jacobian>: 0.000432333 - 0.00667393% [43]
|   |   |   |   |   |   |   |   Phalanx: Evaluator 113: [<Jacobian>] Pressure Corrected Temperature<Jacobian>: 0.0123621 - 0.190833% [43]
|   |   |   |   |   |   |   |   Phalanx: Evaluator 143: [<Jacobian>] ViscosityFO<Jacobian>: 0.00118364 - 0.0182719% [43]
|   |   |   |   |   |   |   |   Phalanx: Evaluator 184: [<Jacobian>] DOFGradInterpolationBase<Jacobian>: 0.36804 - 5.68143% [43]
|   |   |   |   |   |   |   |   Phalanx: Evaluator 147: [<Jacobian>] StokesFOBodyForce<Jacobian>: 0.00241611 - 0.0372975% [43]
|   |   |   |   |   |   |   |   Phalanx: Evaluator 176: [<Jacobian>] FastSolutionVecInterpolationBase<Jacobian>: 0.00321557 - 0.0496387% [43]
|   |   |   |   |   |   |   |   Phalanx: Evaluator 138: [<Jacobian>] StokesFOResid<Jacobian>: 0.228694 - 3.53035% [43]
|   |   |   |   |   |   |   |   Phalanx: Evaluator 173: [<Jacobian>] DOFCellToSide(Coord Vec -> Coord Vec_extruded_boundary_side_set_1)[Vertex Vector]<Jacobian>: 4.55798 - 70.3616% [43]
|   |   |   |   |   |   |   |   Phalanx: Evaluator 170: [<Jacobian>] ComputeBasisFunctionsSide<Jacobian>: 0.0172524 - 0.266325% [43]
|   |   |   |   |   |   |   |   Phalanx: Evaluator 210: [<Jacobian>] DOFCellToSide(surface_height -> surface_height_extruded_boundary_side_set_1)[Node Scalar]<Jacobian>: 0.000153314 - 0.00236671% [43]
|   |   |   |   |   |   |   |   Phalanx: Evaluator 212: [<Jacobian>] DOFInterpolationSide<Jacobian>: 0.000183395 - 0.00283107% [43]
|   |   |   |   |   |   |   |   Phalanx: Evaluator 114: [<Jacobian>] LoadStateField(ice_thickness)<Jacobian>: 0.0360829 - 0.557012% [43]
|   |   |   |   |   |   |   |   Phalanx: Evaluator 208: [<Jacobian>] DOFCellToSide(ice_thickness -> ice_thickness_extruded_boundary_side_set_1)[Node Scalar]<Jacobian>: 0.000144769 - 0.0022348% [43]
|   |   |   |   |   |   |   |   Phalanx: Evaluator 209: [<Jacobian>] DOFInterpolationSide<Jacobian>: 0.00339653 - 0.0524322% [43]
|   |   |   |   |   |   |   |   Phalanx: Evaluator 148: [<Jacobian>] StokesFOLateralResid<Jacobian>: 0.00108941 - 0.0168172% [43]
|   |   |   |   |   |   |   |   Phalanx: Evaluator 169: [<Jacobian>] DOFCellToSide(Coord Vec -> Coord Vec_basalside)[Vertex Vector]<Jacobian>: 0.06767 - 1.04462% [43]
|   |   |   |   |   |   |   |   Phalanx: Evaluator 166: [<Jacobian>] ComputeBasisFunctionsSide<Jacobian>: 0.0114393 - 0.176588% [43]
|   |   |   |   |   |   |   |   Phalanx: Evaluator 159: [<Jacobian>] Shared Parameter Power Exponent<Jacobian>: 0.001692 - 0.0261193% [43]
|   |   |   |   |   |   |   |   Phalanx: Evaluator 128: [<Jacobian>] Load Side Set Field log_basal_friction_basalside from Side Set State log_basal_friction<Jacobian>: 0.018451 - 0.284828% [43]
|   |   |   |   |   |   |   |   Phalanx: Evaluator 200: [<Jacobian>] DOFInterpolationSide<Jacobian>: 0.00014585 - 0.00225149% [43]
|   |   |   |   |   |   |   |   Phalanx: Evaluator 123: [<Jacobian>] Load Side Set Field ice_thickness_basalside from Side Set State ice_thickness<Jacobian>: 0.0195083 - 0.30115% [43]
|   |   |   |   |   |   |   |   Phalanx: Evaluator 127: [<Jacobian>] Load Side Set Field bed_topography_basalside from Side Set State bed_topography<Jacobian>: 0.016679 - 0.257473% [43]
|   |   |   |   |   |   |   |   Phalanx: Evaluator 160: [<Jacobian>] BasalFrictionCoefficient<Jacobian>: 0.00116063 - 0.0179167% [43]
|   |   |   |   |   |   |   |   Phalanx: Evaluator 188: [<Jacobian>] DOFCellToSide(Velocity -> Velocity_basalside)[Node Vector]<Jacobian>: 0.00486994 - 0.0751774% [43]
|   |   |   |   |   |   |   |   Phalanx: Evaluator 189: [<Jacobian>] DOFVecInterpolationSide<Jacobian>: 0.0140672 - 0.217156% [43]
|   |   |   |   |   |   |   |   Phalanx: Evaluator 149: [<Jacobian>] StokesFOBasalResid<Jacobian>: 0.0178244 - 0.275155% [43]
|   |   |   |   |   |   |   |   Phalanx: Evaluator 111: [<Jacobian>] Scatter Velocity Residual<Jacobian>: 0.0371303 - 0.57318% [43]
|   |   |   |   |   |   |   |   Remainder: 0.138315 - 2.13517%
|   |   |   |   |   |   |   Albany Jacobian Fill: Export: 0.00247137 - 0.031402% [43]
|   |   |   |   |   |   |   Remainder: 1.38971 - 17.6581%
|   |   |   |   |   |   Remainder: 0.0014095 - 0.0131565%
|   |   |   |   |   Remainder: 0.00407999 - 0.0380688%
|   |   |   |   NOX Total Preconditioner Construction: 45.5437 - 36.3107% [43]
|   |   |   |   |   ThyraMueLu::initializePrec: 45.1401 - 99.114% [43]
|   |   |   |   |   |   MueLu: ParameterListInterpreter (ParameterList): 0.0327579 - 0.0725694% [43]
|   |   |   |   |   |   Ifpack2::Relaxation::initialize: 0.581395 - 1.28798% [129]
|   |   |   |   |   |   Ifpack2::Relaxation::compute: 0.0469485 - 0.104006% [129]
|   |   |   |   |   |   Utilities_kokkos::GetMatrixDiagonalInverse: 0.00274268 - 0.00607593% [43]
|   |   |   |   |   |   Remainder: 44.4763 - 98.5294%
|   |   |   |   |   Remainder: 0.403538 - 0.886046%
|   |   |   |   NOX Total Linear Solve: 69.1255 - 55.1119% [43]
|   |   |   |   |   Stratimikos: BelosLOWS: 69.1254 - 99.9998% [43]
|   |   |   |   |   |   Belos: Operation Op*x: 0.0481313 - 0.069629% [43]
|   |   |   |   |   |   Belos::MVT::MvAddMv: 0.000430392 - 0.000622625% [43]
|   |   |   |   |   |   Belos: BlockGmresSolMgr total solve time: 68.5449 - 99.1603% [43]
|   |   |   |   |   |   |   Belos: ICGS[2]: Orthogonalization: 23.4187 - 34.1655% [8605]
|   |   |   |   |   |   |   |   Belos: ICGS[2]: Ortho (Norm): 0.323326 - 1.38063% [8605]
|   |   |   |   |   |   |   |   |   Belos::MVT::MvDot: 0.313878 - 97.078% [8605]
|   |   |   |   |   |   |   |   |   Remainder: 0.00944771 - 2.92204%
|   |   |   |   |   |   |   |   Belos::MVT::MvScale: 0.0448474 - 0.191502% [8605]
|   |   |   |   |   |   |   |   Belos: ICGS[2]: Ortho (Inner Product): 12.7516 - 54.4506% [17124]
|   |   |   |   |   |   |   |   |   Belos::MVT::MvTransMv: 12.7294 - 99.826% [17124]
|   |   |   |   |   |   |   |   |   Remainder: 0.022189 - 0.17401%
|   |   |   |   |   |   |   |   Belos: ICGS[2]: Ortho (Update): 10.2327 - 43.6945% [17124]
|   |   |   |   |   |   |   |   |   Belos::MVT::MvTimesMatAddMv: 10.213 - 99.808% [17124]
|   |   |   |   |   |   |   |   |   Remainder: 0.0196439 - 0.191972%
|   |   |   |   |   |   |   |   Remainder: 0.0662388 - 0.282845%
|   |   |   |   |   |   |   Belos::MVT::MvAddMv: 0.00079037 - 0.00115307% [90]
|   |   |   |   |   |   |   Belos::MVT::MvNorm: 0.0477355 - 0.0696412% [45]
|   |   |   |   |   |   |   Belos: Operation Prec*x: 24.6408 - 35.9483% [8605]
|   |   |   |   |   |   |   |   Ifpack2::Relaxation::apply: 6.39944 - 25.9709% [43025]
|   |   |   |   |   |   |   |   Remainder: 18.2413 - 74.0291%
|   |   |   |   |   |   |   Belos: Operation Op*x: 18.318 - 26.7241% [8564]
|   |   |   |   |   |   |   Belos::MVT::MvTimesMatAddMv: 0.0969652 - 0.141462% [43]
|   |   |   |   |   |   |   Remainder: 2.02194 - 2.9498%
|   |   |   |   |   |   Remainder: 0.531895 - 0.769465%
|   |   |   |   |   Remainder: 0.000112216 - 0.000162337%
|   |   |   |   Remainder: 0.0410262 - 0.032709%
|   |   |   Remainder: 0.000785732 - 0.000626439%
|   |   Piro::SteadyStateSolver::evalConvergedModelResponsesAndSensitivities::calc g, df/dp, dg/dp, dg/dx: 0.00106232 - 0.000846827% [1]
|   |   |   Thyra::DefaultModelEvaluatorWithSolveFactory<double>::evalModel(...): 0.000998642 - 94.0062% [1]
|   |   |   |   Albany: Total Fill Time: 0.000968845 - 97.0162% [1]
|   |   |   |   |   Albany Fill: Response: 0.000952563 - 98.3194% [1]
|   |   |   |   |   Remainder: 1.6282e-05 - 1.68056%
|   |   |   |   Remainder: 2.9797e-05 - 2.98375%
|   |   |   Remainder: 6.3673e-05 - 5.9938%
|   |   Albany Fill: State Residual: 0.00301339 - 0.00240213% [1]
|   |   |   Phalanx::SortAndOrderEvaluators: 1.364e-06 - 0.0452646% [5]
|   |   |   Remainder: 0.00301203 - 99.9547%
|   |   Albany: Output to File: 0.0126866 - 0.0101131% [1]
|   |   Thyra::DefaultModelEvaluatorWithSolveFactory<double>::evalModel(...): 0.000141012 - 0.000112408% [1]
|   |   |   Albany: Total Fill Time: 8.1116e-05 - 57.5242% [1]
|   |   |   |   Albany Fill: Response: 7.1748e-05 - 88.4511% [1]
|   |   |   |   Remainder: 9.368e-06 - 11.5489%
|   |   |   Remainder: 5.9896e-05 - 42.4758%
|   |   Remainder: 0.00123927 - 0.000987884%
|   Remainder: 1.1122e-05 - 7.27545e-06%
~PyProblem()
<PyAlbany.Albany_Pybind11.RCPPyParameterList object at 0x150a49c6f3f0>
<PyAlbany.Albany_Pybind11.RCPPyParameterList object at 0x150a49c6f430>
Solve time: 125.446524972
~PyParallelEnv()

