*********************************************************************************
**  ______   __  __   ______   __       ______   ______   __   __   __  __     **
** /\  == \ /\ \_\ \ /\  __ \ /\ \     /\  == \ /\  __ \ /\ "-.\ \ /\ \_\ \    **
** \ \  __/ \ \____ \\ \  __ \\ \ \____\ \  __< \ \  __ \\ \ \-.  \\ \____ \   **
**  \ \_\    \/\_____\\ \_\ \_\\ \_____\\ \_____\\ \_\ \_\\ \_\\"\_\\/\_____\  **
**   \/_/     \/_____/ \/_/\/_/ \/_____/ \/_____/ \/_/\/_/ \/_/ \/_/ \/_____/  **
**                                                                             **
*********************************************************************************
** Trilinos git commit id - c70ae3dfa18
** Albany git branch ------ pybind11_PR
** Albany git commit id --- 7a1da3122
** Albany cxx compiler ---- GNU 10.3.0
** Albany cuda compiler --- Cuda 115
** Simulation start time -- 2022-09-25 at 14:02:28
***************************************************************
Albany_IOSS: Loading STKMesh from Exodus file  /global/homes/m/mcarlson/LandIce/ALITune/optimize/data/mesh-pop-wdg/gis_basal_populated.exo
Albany_IOSS: Loading STKMesh from Exodus file  /global/homes/m/mcarlson/LandIce/ALITune/optimize/data/mesh-pop-wdg/gis_upper_populated.exo
IOSS-STK: number of node sets = 3
IOSS-STK: number of side sets = 3
IOSS-STK: number of node sets = 3
IOSS-STK: number of side sets = 3
IOSS-STK: number of node sets = 1
IOSS-STK: number of side sets = 0
Restart Index set, reading solution index : 1
[GenericSTKMeshStruct] Processing field requirements...
  - Skipping field 'ice_thickness' since it's listed as present in the mesh.
  - Skipping field 'observed_ice_thickness' since it's listed as present in the mesh.
  - Skipping field 'observed_ice_thickness_RMS' since it's listed as present in the mesh.
  - Skipping field 'surface_height' since it's listed as present in the mesh.
  - Skipping field 'bed_topography' since it's listed as present in the mesh.
  - Skipping field 'log_basal_friction' since it's listed as present in the mesh.
  - Skipping field 'temperature' since it's listed as present in the mesh.
  - Skipping field 'apparent_mass_balance' since it's listed as present in the mesh.
  - Skipping field 'apparent_mass_balance_RMS' since it's listed as present in the mesh.
[ExtrudedSTKMesh] Adding nodes... done!
[ExtrudedSTKMesh] Adding elements... done!
[ExtrudedSTKMesh] Adding basalside sides... done!
[ExtrudedSTKMesh] Adding upperside sides... done!
[ExtrudedSTKMesh] Adding lateral sides... done!
[ExtrudedSTKMesh] Extruding basal fields...
  - Extruding Scalar Node field ice_thickness...done!
  - Extruding Scalar Node field surface_height...done!
  - Extruding Scalar Node field log_basal_friction...done!
  - Extruding Scalar Node field bed_topography...done!
  - Extruding Scalar Node field apparent_mass_balance...done!
  - Extruding Scalar Node field apparent_mass_balance_RMS...done!
[ExtrudedSTKMesh] Interpolating layered basal fields...
  - Interpolating Scalar field temperature...done!
[GenericSTKMeshStruct] Processing field requirements...
  - Skipping field 'ice_thickness' since it's listed as present in the mesh.
  - Skipping field 'surface_height' since it's listed as present in the mesh.
  - Skipping field 'log_basal_friction' since it's listed as present in the mesh.
  - Skipping field 'temperature' since it's listed as present in the mesh.
  - Skipping field 'bed_topography' since it's listed as present in the mesh.
  - Skipping field 'apparent_mass_balance' since it's listed as present in the mesh.
  - Skipping field 'apparent_mass_balance_RMS' since it's listed as present in the mesh.
  - Skipping field 'bed_topography' since it's listed as output. Make sure there's an evaluator set to save it!
  - Skipping field 'surface_height' since it's listed as output. Make sure there's an evaluator set to save it!
Restart Index set, reading solution index : 1
[GenericSTKMeshStruct] Processing field requirements...
  - Skipping field 'observed_surface_velocity' since it's listed as present in the mesh.
  - Skipping field 'observed_surface_velocity_RMS' since it's listed as present in the mesh.
STKDisc: 725880 elements on Proc 0 
STKDisc: nodeset basal_boundary_node_set_0 has size 0  on Proc 0.
STKDisc: nodeset basal_boundary_node_set_1 has size 6027  on Proc 0.
STKDisc: nodeset basal_node_set has size 39224  on Proc 0.
STKDisc: nodeset bottom has size 39224  on Proc 0.
STKDisc: nodeset extruded_boundary_node_set_0 has size 0  on Proc 0.
STKDisc: nodeset extruded_boundary_node_set_1 has size 66297  on Proc 0.
STKDisc: nodeset extruded_node_set has size 431464  on Proc 0.
STKDisc: nodeset lateral has size 66297  on Proc 0.
STKDisc: nodeset top has size 39224  on Proc 0.
STKDisc: sideset basalside has size 72588  on Proc 0.
STKDisc: sideset extruded_boundary_side_set has size 60460  on Proc 0.
STKDisc: sideset extruded_boundary_side_set_1 has size 57830  on Proc 0.
STKDisc: sideset extruded_boundary_side_set_1_tri3_edge2 has size 57830  on Proc 0.
STKDisc: sideset extruded_boundary_side_set_2 has size 2630  on Proc 0.
STKDisc: sideset extruded_boundary_side_set_2_tri3_edge2 has size 2630  on Proc 0.
STKDisc: sideset extruded_boundary_side_set_tri3_edge2 has size 60460  on Proc 0.
STKDisc: sideset lateralside has size 60460  on Proc 0.
STKDisc: sideset upperside has size 72588  on Proc 0.
STKDisc: 72588 elements on Proc 0 
STKDisc: nodeset boundary_node_set_0 has size 0  on Proc 0.
STKDisc: nodeset boundary_node_set_1 has size 6027  on Proc 0.
STKDisc: nodeset node_set has size 39224  on Proc 0.
STKDisc: sideset boundary_side_set has size 6046  on Proc 0.
STKDisc: sideset boundary_side_set_1 has size 5783  on Proc 0.
STKDisc: sideset boundary_side_set_2 has size 263  on Proc 0.
STKDisc: 72588 elements on Proc 0 
STKDisc: nodeset all_nodes has size 39224  on Proc 0.
StateManager: initializing state:  ice_thickness
StateManager: initializing state:  surface_height
StateManager: initializing state:  log_basal_friction
StateManager: initializing state:  temperature
StateManager: initializing state:  bed_topography
StateManager: initializing state:  apparent_mass_balance
StateManager: initializing state:  apparent_mass_balance_RMS
StateManager: initializing state:  dissipation_heat

StateManager: initializing state:  ice_thickness
StateManager: initializing state:  observed_ice_thickness
StateManager: initializing state:  observed_ice_thickness_RMS
StateManager: initializing state:  surface_height
StateManager: initializing state:  bed_topography
StateManager: initializing state:  log_basal_friction
StateManager: initializing state:  temperature
StateManager: initializing state:  apparent_mass_balance
StateManager: initializing state:  apparent_mass_balance_RMS

StateManager: initializing state:  observed_surface_velocity
StateManager: initializing state:  observed_surface_velocity_RMS

xxxxxxxxxxxxxxxxxxxxxxxxxxxxxxxxxxxxxxxxxxxxxxx
 Sacado ParameterLibrary has been initialized:
 Library of all registered parameters:
xxxxxxxxxxxxxxxxxxxxxxxxxxxxxxxxxxxxxxxxxxxxxxx

Total number of parameters  = 0
Number of non-distributed parameters  = 0
Number of response vectors  = 1
Number of distributed parameters vectors  = 0

************************************************************************
-- Nonlinear Solver Step 0 -- 
||F|| = 5.152e+05  step = 0.000e+00  dx = 0.000e+00
************************************************************************

  
  *******************************************************
  ***** Belos Iterative Solver:  Block Gmres 
  ***** Maximum Iterations: 200
  ***** Block Size: 1
  ***** Residual Test: 
  *****   Test 1 : Belos::StatusTestImpResNorm<>: (2-Norm Res Vec) / (2-Norm Res0), tol = 1e-08
  *******************************************************
  Iter   0, [ 1] :    1.000000e+00
  Iter  20, [ 1] :    1.253621e-01
  Iter  40, [ 1] :    5.698823e-03
  Iter  60, [ 1] :    4.316376e-04
  Iter  80, [ 1] :    3.854481e-05
  Iter 100, [ 1] :    1.444694e-05
  Iter 120, [ 1] :    2.113569e-06
  Iter 140, [ 1] :    1.643868e-07
  Iter 160, [ 1] :    1.331513e-08
  Iter 163, [ 1] :    9.329658e-09

************************************************************************
-- Nonlinear Solver Step 1 -- 
||F|| = 5.031e+05  step = 1.250e-01  dx = 1.950e+04
************************************************************************

  
  *******************************************************
  ***** Belos Iterative Solver:  Block Gmres 
  ***** Maximum Iterations: 200
  ***** Block Size: 1
  ***** Residual Test: 
  *****   Test 1 : Belos::StatusTestImpResNorm<>: (2-Norm Res Vec) / (2-Norm Res0), tol = 1e-08
  *******************************************************
  Iter   0, [ 1] :    1.000000e+00
  Iter  20, [ 1] :    3.916325e-01
  Iter  40, [ 1] :    2.759973e-01
  Iter  60, [ 1] :    2.442081e-01
  Iter  80, [ 1] :    2.409175e-01
  Iter 100, [ 1] :    2.361894e-01
  Iter 120, [ 1] :    2.344517e-01
  Iter 140, [ 1] :    2.331461e-01
  Iter 160, [ 1] :    2.323658e-01
  Iter 180, [ 1] :    2.312722e-01
  Iter 200, [ 1] :    2.308565e-01
WARNING: NOX::Direction::Newton::compute() - Linear solve failed to achieve convergence - using the step anyway since "Rescue Bad Newton Solve" is true 

************************************************************************
-- Nonlinear Solver Step 2 -- 
||F|| = 4.923e+05  step = 1.250e-01  dx = 2.858e+04
************************************************************************

  
  *******************************************************
  ***** Belos Iterative Solver:  Block Gmres 
  ***** Maximum Iterations: 200
  ***** Block Size: 1
  ***** Residual Test: 
  *****   Test 1 : Belos::StatusTestImpResNorm<>: (2-Norm Res Vec) / (2-Norm Res0), tol = 1e-08
  *******************************************************
  Iter   0, [ 1] :    1.000000e+00
  Iter  20, [ 1] :    2.887075e-01
  Iter  40, [ 1] :    1.378698e-01
  Iter  60, [ 1] :    9.752509e-02
  Iter  80, [ 1] :    7.733269e-02
  Iter 100, [ 1] :    7.186057e-02
  Iter 120, [ 1] :    6.009995e-02
  Iter 140, [ 1] :    5.666384e-02
  Iter 160, [ 1] :    5.557890e-02
  Iter 180, [ 1] :    5.440342e-02
  Iter 200, [ 1] :    5.345355e-02
WARNING: NOX::Direction::Newton::compute() - Linear solve failed to achieve convergence - using the step anyway since "Rescue Bad Newton Solve" is true 

************************************************************************
-- Nonlinear Solver Step 3 -- 
||F|| = 4.764e+05  step = 1.250e-01  dx = 3.486e+04
************************************************************************

  
  *******************************************************
  ***** Belos Iterative Solver:  Block Gmres 
  ***** Maximum Iterations: 200
  ***** Block Size: 1
  ***** Residual Test: 
  *****   Test 1 : Belos::StatusTestImpResNorm<>: (2-Norm Res Vec) / (2-Norm Res0), tol = 1e-08
  *******************************************************
  Iter   0, [ 1] :    1.000000e+00
  Iter  20, [ 1] :    2.752134e-01
  Iter  40, [ 1] :    9.953951e-02
  Iter  60, [ 1] :    5.472208e-02
  Iter  80, [ 1] :    2.820316e-02
  Iter 100, [ 1] :    2.120981e-02
  Iter 120, [ 1] :    1.552201e-02
  Iter 140, [ 1] :    1.028849e-02
  Iter 160, [ 1] :    9.382699e-03
  Iter 180, [ 1] :    4.482759e-03
  Iter 200, [ 1] :    3.580940e-03
WARNING: NOX::Direction::Newton::compute() - Linear solve failed to achieve convergence - using the step anyway since "Rescue Bad Newton Solve" is true 

************************************************************************
-- Nonlinear Solver Step 4 -- 
||F|| = 4.684e+05  step = 2.500e-01  dx = 3.615e+04
************************************************************************

  
  *******************************************************
  ***** Belos Iterative Solver:  Block Gmres 
  ***** Maximum Iterations: 200
  ***** Block Size: 1
  ***** Residual Test: 
  *****   Test 1 : Belos::StatusTestImpResNorm<>: (2-Norm Res Vec) / (2-Norm Res0), tol = 1e-08
  *******************************************************
  Iter   0, [ 1] :    1.000000e+00
  Iter  20, [ 1] :    9.508277e-01
  Iter  40, [ 1] :    4.342077e-01
  Iter  60, [ 1] :    1.511868e-01
  Iter  80, [ 1] :    4.493028e-02
  Iter 100, [ 1] :    1.253456e-02
  Iter 120, [ 1] :    6.602099e-03
  Iter 140, [ 1] :    1.564156e-03
  Iter 160, [ 1] :    4.142359e-04
  Iter 180, [ 1] :    1.145496e-04
  Iter 200, [ 1] :    4.110873e-05
WARNING: NOX::Direction::Newton::compute() - Linear solve failed to achieve convergence - using the step anyway since "Rescue Bad Newton Solve" is true 

************************************************************************
-- Nonlinear Solver Step 5 -- 
||F|| = 4.655e+05  step = 5.000e-01  dx = 3.332e+04
************************************************************************

  
  *******************************************************
  ***** Belos Iterative Solver:  Block Gmres 
  ***** Maximum Iterations: 200
  ***** Block Size: 1
  ***** Residual Test: 
  *****   Test 1 : Belos::StatusTestImpResNorm<>: (2-Norm Res Vec) / (2-Norm Res0), tol = 1e-08
  *******************************************************
  Iter   0, [ 1] :    1.000000e+00
  Iter  20, [ 1] :    9.742663e-01
  Iter  40, [ 1] :    9.353810e-01
  Iter  60, [ 1] :    5.200915e-01
  Iter  80, [ 1] :    2.701302e-01
  Iter 100, [ 1] :    1.504456e-01
  Iter 120, [ 1] :    1.034200e-01
  Iter 140, [ 1] :    6.285852e-02
  Iter 160, [ 1] :    5.029375e-02
  Iter 180, [ 1] :    2.902553e-02
  Iter 200, [ 1] :    2.394274e-02
WARNING: NOX::Direction::Newton::compute() - Linear solve failed to achieve convergence - using the step anyway since "Rescue Bad Newton Solve" is true 

************************************************************************
-- Nonlinear Solver Step 6 -- 
||F|| = 3.441e+05  step = 1.000e+00  dx = 2.395e+04
************************************************************************

  
  *******************************************************
  ***** Belos Iterative Solver:  Block Gmres 
  ***** Maximum Iterations: 200
  ***** Block Size: 1
  ***** Residual Test: 
  *****   Test 1 : Belos::StatusTestImpResNorm<>: (2-Norm Res Vec) / (2-Norm Res0), tol = 1e-08
  *******************************************************
  Iter   0, [ 1] :    1.000000e+00
  Iter  20, [ 1] :    9.655327e-01
  Iter  40, [ 1] :    9.644593e-01
  Iter  60, [ 1] :    9.607263e-01
  Iter  80, [ 1] :    9.219050e-01
  Iter 100, [ 1] :    7.312409e-01
  Iter 120, [ 1] :    3.807768e-01
  Iter 140, [ 1] :    2.440088e-01
  Iter 160, [ 1] :    2.283073e-01
  Iter 180, [ 1] :    1.655006e-01
  Iter 200, [ 1] :    1.180656e-01
WARNING: NOX::Direction::Newton::compute() - Linear solve failed to achieve convergence - using the step anyway since "Rescue Bad Newton Solve" is true 

************************************************************************
-- Nonlinear Solver Step 7 -- 
||F|| = 8.267e+04  step = 1.000e+00  dx = 9.984e+03
************************************************************************

  
  *******************************************************
  ***** Belos Iterative Solver:  Block Gmres 
  ***** Maximum Iterations: 200
  ***** Block Size: 1
  ***** Residual Test: 
  *****   Test 1 : Belos::StatusTestImpResNorm<>: (2-Norm Res Vec) / (2-Norm Res0), tol = 1e-08
  *******************************************************
  Iter   0, [ 1] :    1.000000e+00
  Iter  20, [ 1] :    9.654577e-01
  Iter  40, [ 1] :    9.608703e-01
  Iter  60, [ 1] :    9.602068e-01
  Iter  80, [ 1] :    9.586991e-01
  Iter 100, [ 1] :    9.492685e-01
  Iter 120, [ 1] :    8.687743e-01
  Iter 140, [ 1] :    6.507740e-01
  Iter 160, [ 1] :    3.779744e-01
  Iter 180, [ 1] :    1.812083e-01
  Iter 200, [ 1] :    5.553445e-02
WARNING: NOX::Direction::Newton::compute() - Linear solve failed to achieve convergence - using the step anyway since "Rescue Bad Newton Solve" is true 

************************************************************************
-- Nonlinear Solver Step 8 -- 
||F|| = 1.594e+04  step = 1.000e+00  dx = 1.379e+04
************************************************************************

  
  *******************************************************
  ***** Belos Iterative Solver:  Block Gmres 
  ***** Maximum Iterations: 200
  ***** Block Size: 1
  ***** Residual Test: 
  *****   Test 1 : Belos::StatusTestImpResNorm<>: (2-Norm Res Vec) / (2-Norm Res0), tol = 1e-08
  *******************************************************
  Iter   0, [ 1] :    1.000000e+00
  Iter  20, [ 1] :    8.829063e-01
  Iter  40, [ 1] :    8.483862e-01
  Iter  60, [ 1] :    8.346704e-01
  Iter  80, [ 1] :    8.181903e-01
  Iter 100, [ 1] :    7.772324e-01
  Iter 120, [ 1] :    6.104163e-01
  Iter 140, [ 1] :    4.499095e-01
  Iter 160, [ 1] :    4.073333e-01
  Iter 180, [ 1] :    2.656704e-01
  Iter 200, [ 1] :    1.323312e-01
WARNING: NOX::Direction::Newton::compute() - Linear solve failed to achieve convergence - using the step anyway since "Rescue Bad Newton Solve" is true 

************************************************************************
-- Nonlinear Solver Step 9 -- 
||F|| = 1.064e+04  step = 1.000e+00  dx = 1.714e+04
************************************************************************

  
  *******************************************************
  ***** Belos Iterative Solver:  Block Gmres 
  ***** Maximum Iterations: 200
  ***** Block Size: 1
  ***** Residual Test: 
  *****   Test 1 : Belos::StatusTestImpResNorm<>: (2-Norm Res Vec) / (2-Norm Res0), tol = 1e-08
  *******************************************************
  Iter   0, [ 1] :    1.000000e+00
  Iter  20, [ 1] :    6.024102e-01
  Iter  40, [ 1] :    5.626400e-01
  Iter  60, [ 1] :    5.295716e-01
  Iter  80, [ 1] :    3.914906e-01
  Iter 100, [ 1] :    2.732514e-01
  Iter 120, [ 1] :    2.422853e-01
  Iter 140, [ 1] :    2.318744e-01
  Iter 160, [ 1] :    1.907425e-01
  Iter 180, [ 1] :    1.550339e-01
  Iter 200, [ 1] :    7.150839e-02
WARNING: NOX::Direction::Newton::compute() - Linear solve failed to achieve convergence - using the step anyway since "Rescue Bad Newton Solve" is true 

************************************************************************
-- Nonlinear Solver Step 10 -- 
||F|| = 4.651e+03  step = 5.000e-01  dx = 2.189e+04
************************************************************************

  
  *******************************************************
  ***** Belos Iterative Solver:  Block Gmres 
  ***** Maximum Iterations: 200
  ***** Block Size: 1
  ***** Residual Test: 
  *****   Test 1 : Belos::StatusTestImpResNorm<>: (2-Norm Res Vec) / (2-Norm Res0), tol = 1e-08
  *******************************************************
  Iter   0, [ 1] :    1.000000e+00
  Iter  20, [ 1] :    6.485675e-01
  Iter  40, [ 1] :    6.205485e-01
  Iter  60, [ 1] :    5.789939e-01
  Iter  80, [ 1] :    4.602527e-01
  Iter 100, [ 1] :    4.054367e-01
  Iter 120, [ 1] :    3.321482e-01
  Iter 140, [ 1] :    3.133615e-01
  Iter 160, [ 1] :    2.484311e-01
  Iter 180, [ 1] :    2.181541e-01
  Iter 200, [ 1] :    1.900969e-01
WARNING: NOX::Direction::Newton::compute() - Linear solve failed to achieve convergence - using the step anyway since "Rescue Bad Newton Solve" is true 

************************************************************************
-- Nonlinear Solver Step 11 -- 
||F|| = 3.645e+03  step = 1.000e+00  dx = 3.626e+03
************************************************************************

  
  *******************************************************
  ***** Belos Iterative Solver:  Block Gmres 
  ***** Maximum Iterations: 200
  ***** Block Size: 1
  ***** Residual Test: 
  *****   Test 1 : Belos::StatusTestImpResNorm<>: (2-Norm Res Vec) / (2-Norm Res0), tol = 1e-08
  *******************************************************
  Iter   0, [ 1] :    1.000000e+00
  Iter  20, [ 1] :    6.155320e-01
  Iter  40, [ 1] :    5.192362e-01
  Iter  60, [ 1] :    3.275920e-01
  Iter  80, [ 1] :    2.895417e-01
  Iter 100, [ 1] :    2.458550e-01
  Iter 120, [ 1] :    2.222054e-01
  Iter 140, [ 1] :    2.092241e-01
  Iter 160, [ 1] :    1.846805e-01
  Iter 180, [ 1] :    9.767410e-02
  Iter 200, [ 1] :    3.715419e-02
WARNING: NOX::Direction::Newton::compute() - Linear solve failed to achieve convergence - using the step anyway since "Rescue Bad Newton Solve" is true 

************************************************************************
-- Nonlinear Solver Step 12 -- 
||F|| = 1.864e+03  step = 5.000e-01  dx = 4.563e+03
************************************************************************

  
  *******************************************************
  ***** Belos Iterative Solver:  Block Gmres 
  ***** Maximum Iterations: 200
  ***** Block Size: 1
  ***** Residual Test: 
  *****   Test 1 : Belos::StatusTestImpResNorm<>: (2-Norm Res Vec) / (2-Norm Res0), tol = 1e-08
  *******************************************************
  Iter   0, [ 1] :    1.000000e+00
  Iter  20, [ 1] :    6.225601e-01
  Iter  40, [ 1] :    5.304706e-01
  Iter  60, [ 1] :    3.232244e-01
  Iter  80, [ 1] :    2.599282e-01
  Iter 100, [ 1] :    2.341529e-01
  Iter 120, [ 1] :    2.257525e-01
  Iter 140, [ 1] :    2.002663e-01
  Iter 160, [ 1] :    1.797384e-01
  Iter 180, [ 1] :    1.772130e-01
  Iter 200, [ 1] :    1.396537e-01
WARNING: NOX::Direction::Newton::compute() - Linear solve failed to achieve convergence - using the step anyway since "Rescue Bad Newton Solve" is true 

************************************************************************
-- Nonlinear Solver Step 13 -- 
||F|| = 1.720e+03  step = 1.000e+00  dx = 1.761e+03
************************************************************************

  
  *******************************************************
  ***** Belos Iterative Solver:  Block Gmres 
  ***** Maximum Iterations: 200
  ***** Block Size: 1
  ***** Residual Test: 
  *****   Test 1 : Belos::StatusTestImpResNorm<>: (2-Norm Res Vec) / (2-Norm Res0), tol = 1e-08
  *******************************************************
  Iter   0, [ 1] :    1.000000e+00
  Iter  20, [ 1] :    4.525058e-01
  Iter  40, [ 1] :    2.021937e-01
  Iter  60, [ 1] :    1.819399e-01
  Iter  80, [ 1] :    1.473945e-01
  Iter 100, [ 1] :    1.313166e-01
  Iter 120, [ 1] :    1.293171e-01
  Iter 140, [ 1] :    1.191653e-01
  Iter 160, [ 1] :    9.201725e-02
  Iter 180, [ 1] :    7.770918e-02
  Iter 200, [ 1] :    5.330826e-02
WARNING: NOX::Direction::Newton::compute() - Linear solve failed to achieve convergence - using the step anyway since "Rescue Bad Newton Solve" is true 

************************************************************************
-- Nonlinear Solver Step 14 -- 
||F|| = 1.100e+03  step = 5.000e-01  dx = 3.229e+03
************************************************************************

  
  *******************************************************
  ***** Belos Iterative Solver:  Block Gmres 
  ***** Maximum Iterations: 200
  ***** Block Size: 1
  ***** Residual Test: 
  *****   Test 1 : Belos::StatusTestImpResNorm<>: (2-Norm Res Vec) / (2-Norm Res0), tol = 1e-08
  *******************************************************
  Iter   0, [ 1] :    1.000000e+00
  Iter  20, [ 1] :    3.751333e-01
  Iter  40, [ 1] :    1.562296e-01
  Iter  60, [ 1] :    1.431091e-01
  Iter  80, [ 1] :    1.288057e-01
  Iter 100, [ 1] :    1.263615e-01
  Iter 120, [ 1] :    1.238607e-01
  Iter 140, [ 1] :    8.419645e-02
  Iter 160, [ 1] :    7.897999e-02
  Iter 180, [ 1] :    7.128490e-02
  Iter 200, [ 1] :    6.976384e-02
WARNING: NOX::Direction::Newton::compute() - Linear solve failed to achieve convergence - using the step anyway since "Rescue Bad Newton Solve" is true 

************************************************************************
-- Nonlinear Solver Step 15 -- 
||F|| = 1.071e+03  step = 1.000e+00  dx = 1.393e+03
************************************************************************

  
  *******************************************************
  ***** Belos Iterative Solver:  Block Gmres 
  ***** Maximum Iterations: 200
  ***** Block Size: 1
  ***** Residual Test: 
  *****   Test 1 : Belos::StatusTestImpResNorm<>: (2-Norm Res Vec) / (2-Norm Res0), tol = 1e-08
  *******************************************************
  Iter   0, [ 1] :    1.000000e+00
  Iter  20, [ 1] :    1.963943e-01
  Iter  40, [ 1] :    1.530649e-01
  Iter  60, [ 1] :    1.365226e-01
  Iter  80, [ 1] :    1.314900e-01
  Iter 100, [ 1] :    1.229661e-01
  Iter 120, [ 1] :    7.357038e-02
  Iter 140, [ 1] :    7.021131e-02
  Iter 160, [ 1] :    6.607927e-02
  Iter 180, [ 1] :    5.529041e-02
  Iter 200, [ 1] :    5.178532e-02
WARNING: NOX::Direction::Newton::compute() - Linear solve failed to achieve convergence - using the step anyway since "Rescue Bad Newton Solve" is true 

************************************************************************
-- Nonlinear Solver Step 16 -- 
||F|| = 4.794e+02  step = 5.000e-01  dx = 2.596e+03
************************************************************************

  
  *******************************************************
  ***** Belos Iterative Solver:  Block Gmres 
  ***** Maximum Iterations: 200
  ***** Block Size: 1
  ***** Residual Test: 
  *****   Test 1 : Belos::StatusTestImpResNorm<>: (2-Norm Res Vec) / (2-Norm Res0), tol = 1e-08
  *******************************************************
  Iter   0, [ 1] :    1.000000e+00
  Iter  20, [ 1] :    3.097524e-01
  Iter  40, [ 1] :    2.302451e-01
  Iter  60, [ 1] :    2.116437e-01
  Iter  80, [ 1] :    2.041322e-01
  Iter 100, [ 1] :    1.954735e-01
  Iter 120, [ 1] :    1.761325e-01
  Iter 140, [ 1] :    1.600845e-01
  Iter 160, [ 1] :    1.541032e-01
  Iter 180, [ 1] :    9.483348e-02
  Iter 200, [ 1] :    7.349878e-02
WARNING: NOX::Direction::Newton::compute() - Linear solve failed to achieve convergence - using the step anyway since "Rescue Bad Newton Solve" is true 

************************************************************************
-- Nonlinear Solver Step 17 -- 
||F|| = 3.996e+02  step = 1.000e+00  dx = 1.211e+03
************************************************************************

  
  *******************************************************
  ***** Belos Iterative Solver:  Block Gmres 
  ***** Maximum Iterations: 200
  ***** Block Size: 1
  ***** Residual Test: 
  *****   Test 1 : Belos::StatusTestImpResNorm<>: (2-Norm Res Vec) / (2-Norm Res0), tol = 1e-08
  *******************************************************
  Iter   0, [ 1] :    1.000000e+00
  Iter  20, [ 1] :    3.681906e-01
  Iter  40, [ 1] :    2.475745e-01
  Iter  60, [ 1] :    2.257415e-01
  Iter  80, [ 1] :    2.250495e-01
  Iter 100, [ 1] :    2.162700e-01
  Iter 120, [ 1] :    1.955291e-01
  Iter 140, [ 1] :    1.888308e-01
  Iter 160, [ 1] :    1.762969e-01
  Iter 180, [ 1] :    1.668659e-01
  Iter 200, [ 1] :    1.276726e-01
WARNING: NOX::Direction::Newton::compute() - Linear solve failed to achieve convergence - using the step anyway since "Rescue Bad Newton Solve" is true 

************************************************************************
-- Nonlinear Solver Step 18 -- 
||F|| = 3.888e+02  step = 1.000e+00  dx = 2.168e+03
************************************************************************

  
  *******************************************************
  ***** Belos Iterative Solver:  Block Gmres 
  ***** Maximum Iterations: 200
  ***** Block Size: 1
  ***** Residual Test: 
  *****   Test 1 : Belos::StatusTestImpResNorm<>: (2-Norm Res Vec) / (2-Norm Res0), tol = 1e-08
  *******************************************************
  Iter   0, [ 1] :    1.000000e+00
  Iter  20, [ 1] :    4.730099e-01
  Iter  40, [ 1] :    3.822448e-01
  Iter  60, [ 1] :    2.949691e-01
  Iter  80, [ 1] :    2.906425e-01
  Iter 100, [ 1] :    2.751573e-01
  Iter 120, [ 1] :    2.499297e-01
  Iter 140, [ 1] :    1.970137e-01
  Iter 160, [ 1] :    1.867577e-01
  Iter 180, [ 1] :    1.617527e-01
  Iter 200, [ 1] :    1.609387e-01
WARNING: NOX::Direction::Newton::compute() - Linear solve failed to achieve convergence - using the step anyway since "Rescue Bad Newton Solve" is true 

************************************************************************
-- Nonlinear Solver Step 19 -- 
||F|| = 2.680e+02  step = 5.000e-01  dx = 3.636e+03
************************************************************************

  
  *******************************************************
  ***** Belos Iterative Solver:  Block Gmres 
  ***** Maximum Iterations: 200
  ***** Block Size: 1
  ***** Residual Test: 
  *****   Test 1 : Belos::StatusTestImpResNorm<>: (2-Norm Res Vec) / (2-Norm Res0), tol = 1e-08
  *******************************************************
  Iter   0, [ 1] :    1.000000e+00
  Iter  20, [ 1] :    4.849629e-01
  Iter  40, [ 1] :    3.934136e-01
  Iter  60, [ 1] :    3.008947e-01
  Iter  80, [ 1] :    2.969326e-01
  Iter 100, [ 1] :    2.871311e-01
  Iter 120, [ 1] :    2.767797e-01
  Iter 140, [ 1] :    2.468083e-01
  Iter 160, [ 1] :    2.239959e-01
  Iter 180, [ 1] :    2.001761e-01
  Iter 200, [ 1] :    1.872302e-01
WARNING: NOX::Direction::Newton::compute() - Linear solve failed to achieve convergence - using the step anyway since "Rescue Bad Newton Solve" is true 

************************************************************************
-- Nonlinear Solver Step 20 -- 
||F|| = 1.758e+02  step = 5.000e-01  dx = 1.188e+03
************************************************************************

  
  *******************************************************
  ***** Belos Iterative Solver:  Block Gmres 
  ***** Maximum Iterations: 200
  ***** Block Size: 1
  ***** Residual Test: 
  *****   Test 1 : Belos::StatusTestImpResNorm<>: (2-Norm Res Vec) / (2-Norm Res0), tol = 1e-08
  *******************************************************
  Iter   0, [ 1] :    1.000000e+00
  Iter  20, [ 1] :    5.189629e-01
  Iter  40, [ 1] :    4.386889e-01
  Iter  60, [ 1] :    4.066573e-01
  Iter  80, [ 1] :    3.980008e-01
  Iter 100, [ 1] :    3.950992e-01
  Iter 120, [ 1] :    3.833183e-01
  Iter 140, [ 1] :    3.787112e-01
  Iter 160, [ 1] :    3.628396e-01
  Iter 180, [ 1] :    3.392936e-01
  Iter 200, [ 1] :    3.279232e-01
WARNING: NOX::Direction::Newton::compute() - Linear solve failed to achieve convergence - using the step anyway since "Rescue Bad Newton Solve" is true 

************************************************************************
-- Nonlinear Solver Step 21 -- 
||F|| = 1.044e+02  step = 5.000e-01  dx = 4.622e+02
************************************************************************

  
  *******************************************************
  ***** Belos Iterative Solver:  Block Gmres 
  ***** Maximum Iterations: 200
  ***** Block Size: 1
  ***** Residual Test: 
  *****   Test 1 : Belos::StatusTestImpResNorm<>: (2-Norm Res Vec) / (2-Norm Res0), tol = 1e-08
  *******************************************************
  Iter   0, [ 1] :    1.000000e+00
  Iter  20, [ 1] :    6.479498e-01
  Iter  40, [ 1] :    5.895471e-01
  Iter  60, [ 1] :    5.683557e-01
  Iter  80, [ 1] :    5.615235e-01
  Iter 100, [ 1] :    5.602973e-01
  Iter 120, [ 1] :    5.528732e-01
  Iter 140, [ 1] :    5.523789e-01
  Iter 160, [ 1] :    5.440565e-01
  Iter 180, [ 1] :    5.397669e-01
  Iter 200, [ 1] :    5.270729e-01
WARNING: NOX::Direction::Newton::compute() - Linear solve failed to achieve convergence - using the step anyway since "Rescue Bad Newton Solve" is true 

************************************************************************
-- Nonlinear Solver Step 22 -- 
||F|| = 6.562e+01  step = 5.000e-01  dx = 1.350e+02
************************************************************************

  
  *******************************************************
  ***** Belos Iterative Solver:  Block Gmres 
  ***** Maximum Iterations: 200
  ***** Block Size: 1
  ***** Residual Test: 
  *****   Test 1 : Belos::StatusTestImpResNorm<>: (2-Norm Res Vec) / (2-Norm Res0), tol = 1e-08
  *******************************************************
  Iter   0, [ 1] :    1.000000e+00
  Iter  20, [ 1] :    9.067445e-01
  Iter  40, [ 1] :    8.513800e-01
  Iter  60, [ 1] :    8.288330e-01
  Iter  80, [ 1] :    8.252950e-01
  Iter 100, [ 1] :    8.238952e-01
  Iter 120, [ 1] :    8.217004e-01
  Iter 140, [ 1] :    8.191484e-01
  Iter 160, [ 1] :    8.158506e-01
  Iter 180, [ 1] :    8.146572e-01
  Iter 200, [ 1] :    8.090007e-01
WARNING: NOX::Direction::Newton::compute() - Linear solve failed to achieve convergence - using the step anyway since "Rescue Bad Newton Solve" is true 

************************************************************************
-- Nonlinear Solver Step 23 -- 
||F|| = 5.975e+01  step = 1.000e+00  dx = 3.314e+01
************************************************************************

  
  *******************************************************
  ***** Belos Iterative Solver:  Block Gmres 
  ***** Maximum Iterations: 200
  ***** Block Size: 1
  ***** Residual Test: 
  *****   Test 1 : Belos::StatusTestImpResNorm<>: (2-Norm Res Vec) / (2-Norm Res0), tol = 1e-08
  *******************************************************
  Iter   0, [ 1] :    1.000000e+00
  Iter  20, [ 1] :    9.328908e-01
  Iter  40, [ 1] :    8.877434e-01
  Iter  60, [ 1] :    8.846872e-01
  Iter  80, [ 1] :    8.822940e-01
  Iter 100, [ 1] :    8.800014e-01
  Iter 120, [ 1] :    8.756977e-01
  Iter 140, [ 1] :    8.730241e-01
  Iter 160, [ 1] :    8.692792e-01
  Iter 180, [ 1] :    8.560750e-01
  Iter 200, [ 1] :    8.526949e-01
WARNING: NOX::Direction::Newton::compute() - Linear solve failed to achieve convergence - using the step anyway since "Rescue Bad Newton Solve" is true 

************************************************************************
-- Nonlinear Solver Step 24 -- 
||F|| = 5.956e+01  step = 1.000e+00  dx = 3.346e+01
************************************************************************

  
  *******************************************************
  ***** Belos Iterative Solver:  Block Gmres 
  ***** Maximum Iterations: 200
  ***** Block Size: 1
  ***** Residual Test: 
  *****   Test 1 : Belos::StatusTestImpResNorm<>: (2-Norm Res Vec) / (2-Norm Res0), tol = 1e-08
  *******************************************************
  Iter   0, [ 1] :    1.000000e+00
  Iter  20, [ 1] :    9.203024e-01
  Iter  40, [ 1] :    8.547765e-01
  Iter  60, [ 1] :    8.408707e-01
  Iter  80, [ 1] :    8.337617e-01
  Iter 100, [ 1] :    8.311293e-01
  Iter 120, [ 1] :    8.265089e-01
  Iter 140, [ 1] :    8.186139e-01
  Iter 160, [ 1] :    8.151606e-01
  Iter 180, [ 1] :    8.112732e-01
  Iter 200, [ 1] :    8.048560e-01
WARNING: NOX::Direction::Newton::compute() - Linear solve failed to achieve convergence - using the step anyway since "Rescue Bad Newton Solve" is true 

************************************************************************
-- Nonlinear Solver Step 25 -- 
||F|| = 5.218e+01  step = 5.000e-01  dx = 4.771e+01
************************************************************************

  
  *******************************************************
  ***** Belos Iterative Solver:  Block Gmres 
  ***** Maximum Iterations: 200
  ***** Block Size: 1
  ***** Residual Test: 
  *****   Test 1 : Belos::StatusTestImpResNorm<>: (2-Norm Res Vec) / (2-Norm Res0), tol = 1e-08
  *******************************************************
  Iter   0, [ 1] :    1.000000e+00
  Iter  20, [ 1] :    9.773456e-01
  Iter  40, [ 1] :    9.540739e-01
  Iter  60, [ 1] :    9.519661e-01
  Iter  80, [ 1] :    9.495505e-01
  Iter 100, [ 1] :    9.482968e-01
  Iter 120, [ 1] :    9.474749e-01
  Iter 140, [ 1] :    9.426871e-01
  Iter 160, [ 1] :    9.396970e-01
  Iter 180, [ 1] :    9.377547e-01
  Iter 200, [ 1] :    9.365787e-01
WARNING: NOX::Direction::Newton::compute() - Linear solve failed to achieve convergence - using the step anyway since "Rescue Bad Newton Solve" is true 

************************************************************************
-- Nonlinear Solver Step 26 -- 
||F|| = 5.205e+01  step = 1.000e+00  dx = 1.145e+01
************************************************************************

  
  *******************************************************
  ***** Belos Iterative Solver:  Block Gmres 
  ***** Maximum Iterations: 200
  ***** Block Size: 1
  ***** Residual Test: 
  *****   Test 1 : Belos::StatusTestImpResNorm<>: (2-Norm Res Vec) / (2-Norm Res0), tol = 1e-08
  *******************************************************
  Iter   0, [ 1] :    1.000000e+00
  Iter  20, [ 1] :    9.750410e-01
  Iter  40, [ 1] :    9.535465e-01
  Iter  60, [ 1] :    9.503527e-01
  Iter  80, [ 1] :    9.457887e-01
  Iter 100, [ 1] :    9.439471e-01
  Iter 120, [ 1] :    9.401292e-01
  Iter 140, [ 1] :    9.366805e-01
  Iter 160, [ 1] :    9.346715e-01
  Iter 180, [ 1] :    9.324331e-01
  Iter 200, [ 1] :    9.314900e-01
WARNING: NOX::Direction::Newton::compute() - Linear solve failed to achieve convergence - using the step anyway since "Rescue Bad Newton Solve" is true 

************************************************************************
-- Nonlinear Solver Step 27 -- 
||F|| = 5.102e+01  step = 1.000e+00  dx = 1.046e+01
************************************************************************

  
  *******************************************************
  ***** Belos Iterative Solver:  Block Gmres 
  ***** Maximum Iterations: 200
  ***** Block Size: 1
  ***** Residual Test: 
  *****   Test 1 : Belos::StatusTestImpResNorm<>: (2-Norm Res Vec) / (2-Norm Res0), tol = 1e-08
  *******************************************************
  Iter   0, [ 1] :    1.000000e+00
  Iter  20, [ 1] :    9.706368e-01
  Iter  40, [ 1] :    9.429899e-01
  Iter  60, [ 1] :    9.294145e-01
  Iter  80, [ 1] :    9.267638e-01
  Iter 100, [ 1] :    9.228878e-01
  Iter 120, [ 1] :    9.195774e-01
  Iter 140, [ 1] :    9.036680e-01
  Iter 160, [ 1] :    8.924745e-01
  Iter 180, [ 1] :    8.890390e-01
  Iter 200, [ 1] :    8.720340e-01
WARNING: NOX::Direction::Newton::compute() - Linear solve failed to achieve convergence - using the step anyway since "Rescue Bad Newton Solve" is true 

************************************************************************
-- Nonlinear Solver Step 28 -- 
||F|| = 4.767e+01  step = 1.000e+00  dx = 1.497e+01
************************************************************************

  
  *******************************************************
  ***** Belos Iterative Solver:  Block Gmres 
  ***** Maximum Iterations: 200
  ***** Block Size: 1
  ***** Residual Test: 
  *****   Test 1 : Belos::StatusTestImpResNorm<>: (2-Norm Res Vec) / (2-Norm Res0), tol = 1e-08
  *******************************************************
  Iter   0, [ 1] :    1.000000e+00
  Iter  20, [ 1] :    9.841177e-01
  Iter  40, [ 1] :    9.722552e-01
  Iter  60, [ 1] :    9.657468e-01
  Iter  80, [ 1] :    9.305191e-01
  Iter 100, [ 1] :    9.230865e-01
  Iter 120, [ 1] :    9.032335e-01
  Iter 140, [ 1] :    8.889628e-01
  Iter 160, [ 1] :    8.796162e-01
  Iter 180, [ 1] :    8.724229e-01
  Iter 200, [ 1] :    8.668049e-01
WARNING: NOX::Direction::Newton::compute() - Linear solve failed to achieve convergence - using the step anyway since "Rescue Bad Newton Solve" is true 

************************************************************************
-- Nonlinear Solver Step 29 -- 
||F|| = 4.532e+01  step = 1.000e+00  dx = 1.156e+01
************************************************************************

  
  *******************************************************
  ***** Belos Iterative Solver:  Block Gmres 
  ***** Maximum Iterations: 200
  ***** Block Size: 1
  ***** Residual Test: 
  *****   Test 1 : Belos::StatusTestImpResNorm<>: (2-Norm Res Vec) / (2-Norm Res0), tol = 1e-08
  *******************************************************
  Iter   0, [ 1] :    1.000000e+00
  Iter  20, [ 1] :    9.533599e-01
  Iter  40, [ 1] :    9.384269e-01
  Iter  60, [ 1] :    9.203710e-01
  Iter  80, [ 1] :    9.167406e-01
  Iter 100, [ 1] :    9.143661e-01
  Iter 120, [ 1] :    9.124449e-01
  Iter 140, [ 1] :    9.117041e-01
  Iter 160, [ 1] :    9.082325e-01
  Iter 180, [ 1] :    9.049279e-01
  Iter 200, [ 1] :    9.021591e-01
WARNING: NOX::Direction::Newton::compute() - Linear solve failed to achieve convergence - using the step anyway since "Rescue Bad Newton Solve" is true 

************************************************************************
-- Nonlinear Solver Step 30 -- 
||F|| = 4.429e+01  step = 1.000e+00  dx = 9.719e+00
************************************************************************

  
  *******************************************************
  ***** Belos Iterative Solver:  Block Gmres 
  ***** Maximum Iterations: 200
  ***** Block Size: 1
  ***** Residual Test: 
  *****   Test 1 : Belos::StatusTestImpResNorm<>: (2-Norm Res Vec) / (2-Norm Res0), tol = 1e-08
  *******************************************************
  Iter   0, [ 1] :    1.000000e+00
  Iter  20, [ 1] :    9.413070e-01
  Iter  40, [ 1] :    9.298640e-01
  Iter  60, [ 1] :    9.219176e-01
  Iter  80, [ 1] :    9.189469e-01
  Iter 100, [ 1] :    9.142171e-01
  Iter 120, [ 1] :    9.055701e-01
  Iter 140, [ 1] :    9.040984e-01
  Iter 160, [ 1] :    9.034740e-01
  Iter 180, [ 1] :    8.995367e-01
  Iter 200, [ 1] :    8.969489e-01
WARNING: NOX::Direction::Newton::compute() - Linear solve failed to achieve convergence - using the step anyway since "Rescue Bad Newton Solve" is true 

************************************************************************
-- Nonlinear Solver Step 31 -- 
||F|| = 4.027e+01  step = 5.000e-01  dx = 7.012e+00
************************************************************************

  
  *******************************************************
  ***** Belos Iterative Solver:  Block Gmres 
  ***** Maximum Iterations: 200
  ***** Block Size: 1
  ***** Residual Test: 
  *****   Test 1 : Belos::StatusTestImpResNorm<>: (2-Norm Res Vec) / (2-Norm Res0), tol = 1e-08
  *******************************************************
  Iter   0, [ 1] :    1.000000e+00
  Iter  20, [ 1] :    9.971269e-01
  Iter  40, [ 1] :    9.970027e-01
  Iter  60, [ 1] :    9.963965e-01
  Iter  80, [ 1] :    9.958919e-01
  Iter 100, [ 1] :    9.939643e-01
  Iter 120, [ 1] :    9.934627e-01
  Iter 140, [ 1] :    9.925155e-01
  Iter 160, [ 1] :    9.919600e-01
  Iter 180, [ 1] :    9.903587e-01
  Iter 200, [ 1] :    9.851636e-01
WARNING: NOX::Direction::Newton::compute() - Linear solve failed to achieve convergence - using the step anyway since "Rescue Bad Newton Solve" is true 

************************************************************************
-- Nonlinear Solver Step 32 -- 
||F|| = 3.949e+01  step = 1.000e+00  dx = 2.109e+00
************************************************************************

  
  *******************************************************
  ***** Belos Iterative Solver:  Block Gmres 
  ***** Maximum Iterations: 200
  ***** Block Size: 1
  ***** Residual Test: 
  *****   Test 1 : Belos::StatusTestImpResNorm<>: (2-Norm Res Vec) / (2-Norm Res0), tol = 1e-08
  *******************************************************
  Iter   0, [ 1] :    1.000000e+00
  Iter  20, [ 1] :    9.998030e-01
  Iter  40, [ 1] :    9.997523e-01
  Iter  60, [ 1] :    9.996979e-01
  Iter  80, [ 1] :    9.995616e-01
  Iter 100, [ 1] :    9.993600e-01
  Iter 120, [ 1] :    9.990561e-01
  Iter 140, [ 1] :    9.981810e-01
  Iter 160, [ 1] :    9.978765e-01
  Iter 180, [ 1] :    9.966370e-01
  Iter 200, [ 1] :    9.952941e-01
WARNING: NOX::Direction::Newton::compute() - Linear solve failed to achieve convergence - using the step anyway since "Rescue Bad Newton Solve" is true 

************************************************************************
-- Nonlinear Solver Step 33 -- 
||F|| = 3.928e+01  step = 1.000e+00  dx = 1.015e+00
************************************************************************

  
  *******************************************************
  ***** Belos Iterative Solver:  Block Gmres 
  ***** Maximum Iterations: 200
  ***** Block Size: 1
  ***** Residual Test: 
  *****   Test 1 : Belos::StatusTestImpResNorm<>: (2-Norm Res Vec) / (2-Norm Res0), tol = 1e-08
  *******************************************************
  Iter   0, [ 1] :    1.000000e+00
  Iter  20, [ 1] :    9.997561e-01
  Iter  40, [ 1] :    9.996155e-01
  Iter  60, [ 1] :    9.995239e-01
  Iter  80, [ 1] :    9.994261e-01
  Iter 100, [ 1] :    9.992164e-01
  Iter 120, [ 1] :    9.982237e-01
  Iter 140, [ 1] :    9.980730e-01
  Iter 160, [ 1] :    9.971417e-01
  Iter 180, [ 1] :    9.966953e-01
  Iter 200, [ 1] :    9.950851e-01
WARNING: NOX::Direction::Newton::compute() - Linear solve failed to achieve convergence - using the step anyway since "Rescue Bad Newton Solve" is true 

************************************************************************
-- Nonlinear Solver Step 34 -- 
||F|| = 3.905e+01  step = 1.000e+00  dx = 1.079e+00
************************************************************************

  
  *******************************************************
  ***** Belos Iterative Solver:  Block Gmres 
  ***** Maximum Iterations: 200
  ***** Block Size: 1
  ***** Residual Test: 
  *****   Test 1 : Belos::StatusTestImpResNorm<>: (2-Norm Res Vec) / (2-Norm Res0), tol = 1e-08
  *******************************************************
  Iter   0, [ 1] :    1.000000e+00
  Iter  20, [ 1] :    9.998243e-01
  Iter  40, [ 1] :    9.997554e-01
  Iter  60, [ 1] :    9.997363e-01
  Iter  80, [ 1] :    9.996177e-01
  Iter 100, [ 1] :    9.995908e-01
  Iter 120, [ 1] :    9.995738e-01
  Iter 140, [ 1] :    9.991737e-01
  Iter 160, [ 1] :    9.985888e-01
  Iter 180, [ 1] :    9.976055e-01
  Iter 200, [ 1] :    9.961498e-01
WARNING: NOX::Direction::Newton::compute() - Linear solve failed to achieve convergence - using the step anyway since "Rescue Bad Newton Solve" is true 

************************************************************************
-- Nonlinear Solver Step 35 -- 
||F|| = 3.890e+01  step = 1.000e+00  dx = 1.153e+00
************************************************************************

  
  *******************************************************
  ***** Belos Iterative Solver:  Block Gmres 
  ***** Maximum Iterations: 200
  ***** Block Size: 1
  ***** Residual Test: 
  *****   Test 1 : Belos::StatusTestImpResNorm<>: (2-Norm Res Vec) / (2-Norm Res0), tol = 1e-08
  *******************************************************
  Iter   0, [ 1] :    1.000000e+00
  Iter  20, [ 1] :    9.996669e-01
  Iter  40, [ 1] :    9.994402e-01
  Iter  60, [ 1] :    9.992466e-01
  Iter  80, [ 1] :    9.990326e-01
  Iter 100, [ 1] :    9.986326e-01
  Iter 120, [ 1] :    9.981474e-01
  Iter 140, [ 1] :    9.976609e-01
  Iter 160, [ 1] :    9.967851e-01
  Iter 180, [ 1] :    9.959311e-01
  Iter 200, [ 1] :    9.957321e-01
WARNING: NOX::Direction::Newton::compute() - Linear solve failed to achieve convergence - using the step anyway since "Rescue Bad Newton Solve" is true 

************************************************************************
-- Nonlinear Solver Step 36 -- 
||F|| = 3.869e+01  step = 1.000e+00  dx = 2.338e+00
************************************************************************

  
  *******************************************************
  ***** Belos Iterative Solver:  Block Gmres 
  ***** Maximum Iterations: 200
  ***** Block Size: 1
  ***** Residual Test: 
  *****   Test 1 : Belos::StatusTestImpResNorm<>: (2-Norm Res Vec) / (2-Norm Res0), tol = 1e-08
  *******************************************************
  Iter   0, [ 1] :    1.000000e+00
  Iter  20, [ 1] :    9.993489e-01
  Iter  40, [ 1] :    9.991180e-01
  Iter  60, [ 1] :    9.990558e-01
  Iter  80, [ 1] :    9.988455e-01
  Iter 100, [ 1] :    9.988252e-01
  Iter 120, [ 1] :    9.986442e-01
  Iter 140, [ 1] :    9.981924e-01
  Iter 160, [ 1] :    9.981044e-01
  Iter 180, [ 1] :    9.979093e-01
  Iter 200, [ 1] :    9.978219e-01
WARNING: NOX::Direction::Newton::compute() - Linear solve failed to achieve convergence - using the step anyway since "Rescue Bad Newton Solve" is true 

************************************************************************
-- Nonlinear Solver Step 37 -- 
||F|| = 3.860e+01  step = 1.000e+00  dx = 6.537e-01
************************************************************************

  
  *******************************************************
  ***** Belos Iterative Solver:  Block Gmres 
  ***** Maximum Iterations: 200
  ***** Block Size: 1
  ***** Residual Test: 
  *****   Test 1 : Belos::StatusTestImpResNorm<>: (2-Norm Res Vec) / (2-Norm Res0), tol = 1e-08
  *******************************************************
  Iter   0, [ 1] :    1.000000e+00
  Iter  20, [ 1] :    9.991316e-01
  Iter  40, [ 1] :    9.984138e-01
  Iter  60, [ 1] :    9.978772e-01
  Iter  80, [ 1] :    9.973351e-01
  Iter 100, [ 1] :    9.972441e-01
  Iter 120, [ 1] :    9.971540e-01
  Iter 140, [ 1] :    9.969450e-01
  Iter 160, [ 1] :    9.963347e-01
  Iter 180, [ 1] :    9.960332e-01
  Iter 200, [ 1] :    9.956203e-01
WARNING: NOX::Direction::Newton::compute() - Linear solve failed to achieve convergence - using the step anyway since "Rescue Bad Newton Solve" is true 

************************************************************************
-- Nonlinear Solver Step 38 -- 
||F|| = 3.842e+01  step = 1.000e+00  dx = 1.564e+00
************************************************************************

  
  *******************************************************
  ***** Belos Iterative Solver:  Block Gmres 
  ***** Maximum Iterations: 200
  ***** Block Size: 1
  ***** Residual Test: 
  *****   Test 1 : Belos::StatusTestImpResNorm<>: (2-Norm Res Vec) / (2-Norm Res0), tol = 1e-08
  *******************************************************
  Iter   0, [ 1] :    1.000000e+00
  Iter  20, [ 1] :    9.993101e-01
  Iter  40, [ 1] :    9.985236e-01
  Iter  60, [ 1] :    9.981121e-01
  Iter  80, [ 1] :    9.978856e-01
  Iter 100, [ 1] :    9.978303e-01
  Iter 120, [ 1] :    9.977882e-01
  Iter 140, [ 1] :    9.977371e-01
  Iter 160, [ 1] :    9.976554e-01
  Iter 180, [ 1] :    9.973021e-01
  Iter 200, [ 1] :    9.971078e-01
WARNING: NOX::Direction::Newton::compute() - Linear solve failed to achieve convergence - using the step anyway since "Rescue Bad Newton Solve" is true 

************************************************************************
-- Nonlinear Solver Step 39 -- 
||F|| = 3.830e+01  step = 1.000e+00  dx = 6.981e-01
************************************************************************

  
  *******************************************************
  ***** Belos Iterative Solver:  Block Gmres 
  ***** Maximum Iterations: 200
  ***** Block Size: 1
  ***** Residual Test: 
  *****   Test 1 : Belos::StatusTestImpResNorm<>: (2-Norm Res Vec) / (2-Norm Res0), tol = 1e-08
  *******************************************************
  Iter   0, [ 1] :    1.000000e+00
  Iter  20, [ 1] :    9.999682e-01
  Iter  40, [ 1] :    9.998629e-01
  Iter  60, [ 1] :    9.995960e-01
  Iter  80, [ 1] :    9.992597e-01
  Iter 100, [ 1] :    9.991899e-01
  Iter 120, [ 1] :    9.990475e-01
  Iter 140, [ 1] :    9.986398e-01
  Iter 160, [ 1] :    9.983765e-01
  Iter 180, [ 1] :    9.979293e-01
  Iter 200, [ 1] :    9.969166e-01
WARNING: NOX::Direction::Newton::compute() - Linear solve failed to achieve convergence - using the step anyway since "Rescue Bad Newton Solve" is true 

************************************************************************
-- Nonlinear Solver Step 40 -- 
||F|| = 3.817e+01  step = 1.000e+00  dx = 1.030e+00
************************************************************************

  
  *******************************************************
  ***** Belos Iterative Solver:  Block Gmres 
  ***** Maximum Iterations: 200
  ***** Block Size: 1
  ***** Residual Test: 
  *****   Test 1 : Belos::StatusTestImpResNorm<>: (2-Norm Res Vec) / (2-Norm Res0), tol = 1e-08
  *******************************************************
  Iter   0, [ 1] :    1.000000e+00
  Iter  20, [ 1] :    9.999518e-01
  Iter  40, [ 1] :    9.998530e-01
  Iter  60, [ 1] :    9.997395e-01
  Iter  80, [ 1] :    9.997209e-01
  Iter 100, [ 1] :    9.997073e-01
  Iter 120, [ 1] :    9.996217e-01
  Iter 140, [ 1] :    9.995664e-01
  Iter 160, [ 1] :    9.994842e-01
  Iter 180, [ 1] :    9.994030e-01
  Iter 200, [ 1] :    9.993280e-01
WARNING: NOX::Direction::Newton::compute() - Linear solve failed to achieve convergence - using the step anyway since "Rescue Bad Newton Solve" is true 

************************************************************************
-- Nonlinear Solver Step 41 -- 
||F|| = 3.814e+01  step = 1.000e+00  dx = 5.238e-01
************************************************************************

  
  *******************************************************
  ***** Belos Iterative Solver:  Block Gmres 
  ***** Maximum Iterations: 200
  ***** Block Size: 1
  ***** Residual Test: 
  *****   Test 1 : Belos::StatusTestImpResNorm<>: (2-Norm Res Vec) / (2-Norm Res0), tol = 1e-08
  *******************************************************
  Iter   0, [ 1] :    1.000000e+00
  Iter  20, [ 1] :    9.998180e-01
  Iter  40, [ 1] :    9.997990e-01
  Iter  60, [ 1] :    9.997517e-01
  Iter  80, [ 1] :    9.997297e-01
  Iter 100, [ 1] :    9.996295e-01
  Iter 120, [ 1] :    9.995818e-01
  Iter 140, [ 1] :    9.995680e-01
  Iter 160, [ 1] :    9.994769e-01
  Iter 180, [ 1] :    9.992804e-01
  Iter 200, [ 1] :    9.991404e-01
WARNING: NOX::Direction::Newton::compute() - Linear solve failed to achieve convergence - using the step anyway since "Rescue Bad Newton Solve" is true 

************************************************************************
-- Nonlinear Solver Step 42 -- 
||F|| = 3.811e+01  step = 1.000e+00  dx = 3.809e-01
************************************************************************

  
  *******************************************************
  ***** Belos Iterative Solver:  Block Gmres 
  ***** Maximum Iterations: 200
  ***** Block Size: 1
  ***** Residual Test: 
  *****   Test 1 : Belos::StatusTestImpResNorm<>: (2-Norm Res Vec) / (2-Norm Res0), tol = 1e-08
  *******************************************************
  Iter   0, [ 1] :    1.000000e+00
  Iter  20, [ 1] :    9.999634e-01
  Iter  40, [ 1] :    9.999212e-01
  Iter  60, [ 1] :    9.999050e-01
  Iter  80, [ 1] :    9.997646e-01
  Iter 100, [ 1] :    9.997194e-01
  Iter 120, [ 1] :    9.996910e-01
  Iter 140, [ 1] :    9.995904e-01
  Iter 160, [ 1] :    9.995656e-01
  Iter 180, [ 1] :    9.994296e-01
  Iter 200, [ 1] :    9.993266e-01
WARNING: NOX::Direction::Newton::compute() - Linear solve failed to achieve convergence - using the step anyway since "Rescue Bad Newton Solve" is true 

************************************************************************
-- Nonlinear Solver Step 43 -- 
||F|| = 3.808e+01  step = 1.000e+00  dx = 6.473e-01
************************************************************************

  
  *******************************************************
  ***** Belos Iterative Solver:  Block Gmres 
  ***** Maximum Iterations: 200
  ***** Block Size: 1
  ***** Residual Test: 
  *****   Test 1 : Belos::StatusTestImpResNorm<>: (2-Norm Res Vec) / (2-Norm Res0), tol = 1e-08
  *******************************************************
  Iter   0, [ 1] :    1.000000e+00
  Iter  20, [ 1] :    9.997611e-01
  Iter  40, [ 1] :    9.995662e-01
  Iter  60, [ 1] :    9.994191e-01
  Iter  80, [ 1] :    9.993486e-01
  Iter 100, [ 1] :    9.992918e-01
  Iter 120, [ 1] :    9.992479e-01
  Iter 140, [ 1] :    9.985226e-01
  Iter 160, [ 1] :    9.984733e-01
  Iter 180, [ 1] :    9.980452e-01
  Iter 200, [ 1] :    9.976329e-01
WARNING: NOX::Direction::Newton::compute() - Linear solve failed to achieve convergence - using the step anyway since "Rescue Bad Newton Solve" is true 

************************************************************************
-- Nonlinear Solver Step 44 -- 
||F|| = 3.798e+01  step = 1.000e+00  dx = 1.145e+00
************************************************************************

  
  *******************************************************
  ***** Belos Iterative Solver:  Block Gmres 
  ***** Maximum Iterations: 200
  ***** Block Size: 1
  ***** Residual Test: 
  *****   Test 1 : Belos::StatusTestImpResNorm<>: (2-Norm Res Vec) / (2-Norm Res0), tol = 1e-08
  *******************************************************
  Iter   0, [ 1] :    1.000000e+00
  Iter  20, [ 1] :    9.997885e-01
  Iter  40, [ 1] :    9.994179e-01
  Iter  60, [ 1] :    9.992367e-01
  Iter  80, [ 1] :    9.991269e-01
  Iter 100, [ 1] :    9.990489e-01
  Iter 120, [ 1] :    9.988550e-01
  Iter 140, [ 1] :    9.986466e-01
  Iter 160, [ 1] :    9.984525e-01
  Iter 180, [ 1] :    9.983808e-01
  Iter 200, [ 1] :    9.982406e-01
WARNING: NOX::Direction::Newton::compute() - Linear solve failed to achieve convergence - using the step anyway since "Rescue Bad Newton Solve" is true 

************************************************************************
-- Nonlinear Solver Step 45 -- 
||F|| = 3.791e+01  step = 1.000e+00  dx = 8.506e-01
************************************************************************

  
  *******************************************************
  ***** Belos Iterative Solver:  Block Gmres 
  ***** Maximum Iterations: 200
  ***** Block Size: 1
  ***** Residual Test: 
  *****   Test 1 : Belos::StatusTestImpResNorm<>: (2-Norm Res Vec) / (2-Norm Res0), tol = 1e-08
  *******************************************************
  Iter   0, [ 1] :    1.000000e+00
  Iter  20, [ 1] :    9.996695e-01
  Iter  40, [ 1] :    9.996613e-01
  Iter  60, [ 1] :    9.996543e-01
  Iter  80, [ 1] :    9.996331e-01
  Iter 100, [ 1] :    9.991138e-01
  Iter 120, [ 1] :    9.988512e-01
  Iter 140, [ 1] :    9.986986e-01
  Iter 160, [ 1] :    9.986008e-01
  Iter 180, [ 1] :    9.980170e-01
  Iter 200, [ 1] :    9.978552e-01
WARNING: NOX::Direction::Newton::compute() - Linear solve failed to achieve convergence - using the step anyway since "Rescue Bad Newton Solve" is true 

************************************************************************
-- Nonlinear Solver Step 46 -- 
||F|| = 3.783e+01  step = 1.000e+00  dx = 8.643e-01
************************************************************************

  
  *******************************************************
  ***** Belos Iterative Solver:  Block Gmres 
  ***** Maximum Iterations: 200
  ***** Block Size: 1
  ***** Residual Test: 
  *****   Test 1 : Belos::StatusTestImpResNorm<>: (2-Norm Res Vec) / (2-Norm Res0), tol = 1e-08
  *******************************************************
  Iter   0, [ 1] :    1.000000e+00
  Iter  20, [ 1] :    9.995856e-01
  Iter  40, [ 1] :    9.994638e-01
  Iter  60, [ 1] :    9.992029e-01
  Iter  80, [ 1] :    9.990302e-01
  Iter 100, [ 1] :    9.989848e-01
  Iter 120, [ 1] :    9.989635e-01
  Iter 140, [ 1] :    9.982202e-01
  Iter 160, [ 1] :    9.981037e-01
  Iter 180, [ 1] :    9.980010e-01
  Iter 200, [ 1] :    9.978893e-01
WARNING: NOX::Direction::Newton::compute() - Linear solve failed to achieve convergence - using the step anyway since "Rescue Bad Newton Solve" is true 

************************************************************************
-- Nonlinear Solver Step 47 -- 
||F|| = 3.775e+01  step = 1.000e+00  dx = 7.585e-01
************************************************************************

  
  *******************************************************
  ***** Belos Iterative Solver:  Block Gmres 
  ***** Maximum Iterations: 200
  ***** Block Size: 1
  ***** Residual Test: 
  *****   Test 1 : Belos::StatusTestImpResNorm<>: (2-Norm Res Vec) / (2-Norm Res0), tol = 1e-08
  *******************************************************
  Iter   0, [ 1] :    1.000000e+00
  Iter  20, [ 1] :    9.999261e-01
  Iter  40, [ 1] :    9.998786e-01
  Iter  60, [ 1] :    9.997250e-01
  Iter  80, [ 1] :    9.995075e-01
  Iter 100, [ 1] :    9.989759e-01
  Iter 120, [ 1] :    9.987029e-01
  Iter 140, [ 1] :    9.986723e-01
  Iter 160, [ 1] :    9.983843e-01
  Iter 180, [ 1] :    9.977870e-01
  Iter 200, [ 1] :    9.974173e-01
WARNING: NOX::Direction::Newton::compute() - Linear solve failed to achieve convergence - using the step anyway since "Rescue Bad Newton Solve" is true 

************************************************************************
-- Nonlinear Solver Step 48 -- 
||F|| = 3.765e+01  step = 1.000e+00  dx = 8.992e-01
************************************************************************

  
  *******************************************************
  ***** Belos Iterative Solver:  Block Gmres 
  ***** Maximum Iterations: 200
  ***** Block Size: 1
  ***** Residual Test: 
  *****   Test 1 : Belos::StatusTestImpResNorm<>: (2-Norm Res Vec) / (2-Norm Res0), tol = 1e-08
  *******************************************************
  Iter   0, [ 1] :    1.000000e+00
  Iter  20, [ 1] :    9.997716e-01
  Iter  40, [ 1] :    9.996714e-01
  Iter  60, [ 1] :    9.992785e-01
  Iter  80, [ 1] :    9.991349e-01
  Iter 100, [ 1] :    9.987402e-01
  Iter 120, [ 1] :    9.984938e-01
  Iter 140, [ 1] :    9.980035e-01
  Iter 160, [ 1] :    9.979793e-01
  Iter 180, [ 1] :    9.978555e-01
  Iter 200, [ 1] :    9.976803e-01
WARNING: NOX::Direction::Newton::compute() - Linear solve failed to achieve convergence - using the step anyway since "Rescue Bad Newton Solve" is true 

************************************************************************
-- Nonlinear Solver Step 49 -- 
||F|| = 3.755e+01  step = 1.000e+00  dx = 9.149e-01
************************************************************************

  
  *******************************************************
  ***** Belos Iterative Solver:  Block Gmres 
  ***** Maximum Iterations: 200
  ***** Block Size: 1
  ***** Residual Test: 
  *****   Test 1 : Belos::StatusTestImpResNorm<>: (2-Norm Res Vec) / (2-Norm Res0), tol = 1e-08
  *******************************************************
  Iter   0, [ 1] :    1.000000e+00
  Iter  20, [ 1] :    9.997523e-01
  Iter  40, [ 1] :    9.997148e-01
  Iter  60, [ 1] :    9.996487e-01
  Iter  80, [ 1] :    9.994667e-01
  Iter 100, [ 1] :    9.994469e-01
  Iter 120, [ 1] :    9.994398e-01
  Iter 140, [ 1] :    9.994343e-01
  Iter 160, [ 1] :    9.993509e-01
  Iter 180, [ 1] :    9.992636e-01
  Iter 200, [ 1] :    9.992127e-01
WARNING: NOX::Direction::Newton::compute() - Linear solve failed to achieve convergence - using the step anyway since "Rescue Bad Newton Solve" is true 

************************************************************************
-- Nonlinear Solver Step 50 -- 
||F|| = 3.752e+01  step = 1.000e+00  dx = 4.695e-01 (Failed!)
************************************************************************

************************************************************************
-- Final Status Test Results --
Failed.......OR Combination -> 
  **...........F-Norm = 4.039e-02 < 1.000e-05
               (Length-Scaled Two-Norm, Absolute Tolerance)
  Failed.......Number of Iterations = 50 < 50
************************************************************************
*** Teuchos::StackedTimer::report() - Remainder for a level will be ***
*** incorrect if a timer in the level does not exist on every rank  ***
*** of the MPI Communicator.                                        ***
PyAlbany Total Time: 174.433 [2]
|   PyAlbany: Setup Time: 27.538 - 15.7871% [1]
|   PyAlbany: performSolve: 146.895 - 84.2129% [1]
|   |   Piro::NOXSolver::evalModelImpl::solve: 146.893 - 99.9985% [1]
|   |   |   Thyra::NOXNonlinearSolver::solve: 146.892 - 99.9995% [1]
|   |   |   |   Thyra::DefaultModelEvaluatorWithSolveFactory<double>::evalModel(...): 11.9888 - 8.16163% [123]
|   |   |   |   |   Albany: Total Fill Time: 11.9842 - 99.9611% [123]
|   |   |   |   |   |   Albany Fill: Residual: 3.07624 - 25.6693% [73]
|   |   |   |   |   |   |   Phalanx::SortAndOrderEvaluators: 1.112e-06 - 3.6148e-05% [1]
|   |   |   |   |   |   |   Albany Residual Fill: Evaluate: 2.73112 - 88.7812% [73]
|   |   |   |   |   |   |   |   Phalanx: Evaluator 8: [<Residual>] LoadStateField(bed_topography)<Residual>: 0.0341746 - 1.2513% [73]
|   |   |   |   |   |   |   |   Phalanx: Evaluator 11: [<Residual>] Save Field bed_topography to State bed_topographyResidual: 0.321679 - 11.7783% [73]
|   |   |   |   |   |   |   |   Phalanx: Evaluator 5: [<Residual>] LoadStateField(surface_height)<Residual>: 0.0323461 - 1.18435% [73]
|   |   |   |   |   |   |   |   Phalanx: Evaluator 12: [<Residual>] Save Field surface_height to State surface_heightResidual: 0.316354 - 11.5833% [73]
|   |   |   |   |   |   |   |   Phalanx: Evaluator 31: [<Residual>] Shared Parameter Glen's Law Homotopy Parameter<Residual>: 0.00268715 - 0.09839% [73]
|   |   |   |   |   |   |   |   Phalanx: Evaluator 2: [<Residual>] Gather Coordinate Vector<Residual>: 0.0636793 - 2.33161% [73]
|   |   |   |   |   |   |   |   Phalanx: Evaluator 25: [<Residual>] ComputeBasisFunctions<Residual>: 0.0201973 - 0.739523% [73]
|   |   |   |   |   |   |   |   Phalanx: Evaluator 0: [<Residual>] Gather Solution<Residual>: 0.014852 - 0.543806% [73]
|   |   |   |   |   |   |   |   Phalanx: Evaluator 67: [<Residual>] FastSolutionVecGradInterpolationBase<Residual>: 0.0150643 - 0.551579% [73]
|   |   |   |   |   |   |   |   Phalanx: Evaluator 7: [<Residual>] LoadStateField(temperature)<Residual>: 0.374981 - 13.7299% [73]
|   |   |   |   |   |   |   |   Phalanx: Evaluator 78: [<Residual>] P0Interpolation[temperature] <Residual>: 0.00172214 - 0.0630559% [73]
|   |   |   |   |   |   |   |   Phalanx: Evaluator 24: [<Residual>] MapToPhysicalFrame<Residual>: 0.0212232 - 0.777085% [73]
|   |   |   |   |   |   |   |   Phalanx: Evaluator 26: [<Residual>] P0Interpolation[Coord Vec] <Residual>: 0.000883706 - 0.0323569% [73]
|   |   |   |   |   |   |   |   Phalanx: Evaluator 76: [<Residual>] P0Interpolation[surface_height] <Residual>: 0.0356216 - 1.30428% [73]
|   |   |   |   |   |   |   |   Phalanx: Evaluator 3: [<Residual>] Pressure Corrected Temperature<Residual>: 0.0143537 - 0.525562% [73]
|   |   |   |   |   |   |   |   Phalanx: Evaluator 33: [<Residual>] ViscosityFO<Residual>: 0.00163579 - 0.0598944% [73]
|   |   |   |   |   |   |   |   Phalanx: Evaluator 34: [<Residual>] Dissipation: 0.083661 - 3.06324% [73]
|   |   |   |   |   |   |   |   Phalanx: Evaluator 35: [<Residual>] P0Interpolation[LandIce Dissipation] <Residual>: 0.0183935 - 0.673478% [73]
|   |   |   |   |   |   |   |   Phalanx: Evaluator 36: [<Residual>] Save Field LandIce Dissipation to State dissipation_heatResidual: 0.502554 - 18.401% [73]
|   |   |   |   |   |   |   |   Phalanx: Evaluator 75: [<Residual>] DOFGradInterpolationBase<Residual>: 0.000560681 - 0.0205293% [73]
|   |   |   |   |   |   |   |   Phalanx: Evaluator 37: [<Residual>] StokesFOBodyForce<Residual>: 0.00249866 - 0.0914883% [73]
|   |   |   |   |   |   |   |   Phalanx: Evaluator 66: [<Residual>] FastSolutionVecInterpolationBase<Residual>: 0.00134511 - 0.0492512% [73]
|   |   |   |   |   |   |   |   Phalanx: Evaluator 28: [<Residual>] StokesFOResid<Residual>: 0.12208 - 4.46997% [73]
|   |   |   |   |   |   |   |   Phalanx: Evaluator 63: [<Residual>] DOFCellToSide(Coord Vec -> Coord Vec_extruded_boundary_side_set_1)[Vertex Vector]<Residual>: 0.299889 - 10.9804% [73]
|   |   |   |   |   |   |   |   Phalanx: Evaluator 60: [<Residual>] ComputeBasisFunctionsSide<Residual>: 0.0215645 - 0.789583% [73]
|   |   |   |   |   |   |   |   Phalanx: Evaluator 101: [<Residual>] DOFCellToSide(surface_height -> surface_height_extruded_boundary_side_set_1)[Node Scalar]<Residual>: 0.000254095 - 0.00930368% [73]
|   |   |   |   |   |   |   |   Phalanx: Evaluator 103: [<Residual>] DOFInterpolationSide<Residual>: 0.000519322 - 0.019015% [73]
|   |   |   |   |   |   |   |   Phalanx: Evaluator 4: [<Residual>] LoadStateField(ice_thickness)<Residual>: 0.0342623 - 1.25451% [73]
|   |   |   |   |   |   |   |   Phalanx: Evaluator 99: [<Residual>] DOFCellToSide(ice_thickness -> ice_thickness_extruded_boundary_side_set_1)[Node Scalar]<Residual>: 0.000247386 - 0.00905803% [73]
|   |   |   |   |   |   |   |   Phalanx: Evaluator 100: [<Residual>] DOFInterpolationSide<Residual>: 0.00371089 - 0.135874% [73]
|   |   |   |   |   |   |   |   Phalanx: Evaluator 38: [<Residual>] StokesFOLateralResid<Residual>: 0.00175645 - 0.0643123% [73]
|   |   |   |   |   |   |   |   Phalanx: Evaluator 59: [<Residual>] DOFCellToSide(Coord Vec -> Coord Vec_basalside)[Vertex Vector]<Residual>: 0.00537791 - 0.196912% [73]
|   |   |   |   |   |   |   |   Phalanx: Evaluator 56: [<Residual>] ComputeBasisFunctionsSide<Residual>: 0.0115778 - 0.423922% [73]
|   |   |   |   |   |   |   |   Phalanx: Evaluator 49: [<Residual>] Shared Parameter Power Exponent<Residual>: 0.00239554 - 0.0877125% [73]
|   |   |   |   |   |   |   |   Phalanx: Evaluator 18: [<Residual>] Load Side Set Field log_basal_friction_basalside from Side Set State log_basal_friction<Residual>: 0.0173581 - 0.635566% [73]
|   |   |   |   |   |   |   |   Phalanx: Evaluator 91: [<Residual>] DOFInterpolationSide<Residual>: 0.000255614 - 0.00935929% [73]
|   |   |   |   |   |   |   |   Phalanx: Evaluator 13: [<Residual>] Load Side Set Field ice_thickness_basalside from Side Set State ice_thickness<Residual>: 0.0193446 - 0.708302% [73]
|   |   |   |   |   |   |   |   Phalanx: Evaluator 17: [<Residual>] Load Side Set Field bed_topography_basalside from Side Set State bed_topography<Residual>: 0.0153102 - 0.560583% [73]
|   |   |   |   |   |   |   |   Phalanx: Evaluator 50: [<Residual>] BasalFrictionCoefficient<Residual>: 0.0017279 - 0.0632671% [73]
|   |   |   |   |   |   |   |   Phalanx: Evaluator 79: [<Residual>] DOFCellToSide(Velocity -> Velocity_basalside)[Node Vector]<Residual>: 0.00425461 - 0.155782% [73]
|   |   |   |   |   |   |   |   Phalanx: Evaluator 80: [<Residual>] DOFVecInterpolationSide<Residual>: 0.00370077 - 0.135504% [73]
|   |   |   |   |   |   |   |   Phalanx: Evaluator 39: [<Residual>] StokesFOBasalResid<Residual>: 0.00334369 - 0.122429% [73]
|   |   |   |   |   |   |   |   Phalanx: Evaluator 1: [<Residual>] Scatter Velocity Residual<Residual>: 0.00564369 - 0.206643% [73]
|   |   |   |   |   |   |   |   Remainder: 0.276082 - 10.1087%
|   |   |   |   |   |   |   Albany Residual Fill: Export: 0.00459021 - 0.149215% [73]
|   |   |   |   |   |   |   Remainder: 0.340526 - 11.0696%
|   |   |   |   |   |   Albany Fill: Jacobian: 8.90637 - 74.3179% [50]
|   |   |   |   |   |   |   Phalanx::SortAndOrderEvaluators: 8.72e-07 - 9.79074e-06% [1]
|   |   |   |   |   |   |   Albany Jacobian Fill: Evaluate: 7.46277 - 83.7914% [50]
|   |   |   |   |   |   |   |   Phalanx: Evaluator 141: [<Jacobian>] Shared Parameter Glen's Law Homotopy Parameter<Jacobian>: 0.000625572 - 0.00838257% [50]
|   |   |   |   |   |   |   |   Phalanx: Evaluator 112: [<Jacobian>] Gather Coordinate Vector<Jacobian>: 0.0642283 - 0.86065% [50]
|   |   |   |   |   |   |   |   Phalanx: Evaluator 135: [<Jacobian>] ComputeBasisFunctions<Jacobian>: 0.0198051 - 0.265385% [50]
|   |   |   |   |   |   |   |   Phalanx: Evaluator 110: [<Jacobian>] Gather Solution<Jacobian>: 0.0135637 - 0.181752% [50]
|   |   |   |   |   |   |   |   Phalanx: Evaluator 177: [<Jacobian>] FastSolutionVecGradInterpolationBase<Jacobian>: 0.0530005 - 0.710199% [50]
|   |   |   |   |   |   |   |   Phalanx: Evaluator 117: [<Jacobian>] LoadStateField(temperature)<Jacobian>: 0.787046 - 10.5463% [50]
|   |   |   |   |   |   |   |   Phalanx: Evaluator 187: [<Jacobian>] P0Interpolation[temperature] <Jacobian>: 0.000977954 - 0.0131044% [50]
|   |   |   |   |   |   |   |   Phalanx: Evaluator 134: [<Jacobian>] MapToPhysicalFrame<Jacobian>: 0.0175857 - 0.235646% [50]
|   |   |   |   |   |   |   |   Phalanx: Evaluator 136: [<Jacobian>] P0Interpolation[Coord Vec] <Jacobian>: 0.000666457 - 0.00893042% [50]
|   |   |   |   |   |   |   |   Phalanx: Evaluator 115: [<Jacobian>] LoadStateField(surface_height)<Jacobian>: 0.0554072 - 0.742448% [50]
|   |   |   |   |   |   |   |   Phalanx: Evaluator 185: [<Jacobian>] P0Interpolation[surface_height] <Jacobian>: 0.000513585 - 0.00688196% [50]
|   |   |   |   |   |   |   |   Phalanx: Evaluator 113: [<Jacobian>] Pressure Corrected Temperature<Jacobian>: 0.0129076 - 0.17296% [50]
|   |   |   |   |   |   |   |   Phalanx: Evaluator 143: [<Jacobian>] ViscosityFO<Jacobian>: 0.00138985 - 0.0186238% [50]
|   |   |   |   |   |   |   |   Phalanx: Evaluator 184: [<Jacobian>] DOFGradInterpolationBase<Jacobian>: 0.428028 - 5.73551% [50]
|   |   |   |   |   |   |   |   Phalanx: Evaluator 147: [<Jacobian>] StokesFOBodyForce<Jacobian>: 0.00245373 - 0.0328796% [50]
|   |   |   |   |   |   |   |   Phalanx: Evaluator 176: [<Jacobian>] FastSolutionVecInterpolationBase<Jacobian>: 0.00328429 - 0.0440089% [50]
|   |   |   |   |   |   |   |   Phalanx: Evaluator 138: [<Jacobian>] StokesFOResid<Jacobian>: 0.266297 - 3.56834% [50]
|   |   |   |   |   |   |   |   Phalanx: Evaluator 173: [<Jacobian>] DOFCellToSide(Coord Vec -> Coord Vec_extruded_boundary_side_set_1)[Vertex Vector]<Jacobian>: 5.2826 - 70.7861% [50]
|   |   |   |   |   |   |   |   Phalanx: Evaluator 170: [<Jacobian>] ComputeBasisFunctionsSide<Jacobian>: 0.0173449 - 0.23242% [50]
|   |   |   |   |   |   |   |   Phalanx: Evaluator 210: [<Jacobian>] DOFCellToSide(surface_height -> surface_height_extruded_boundary_side_set_1)[Node Scalar]<Jacobian>: 0.00016442 - 0.0022032% [50]
|   |   |   |   |   |   |   |   Phalanx: Evaluator 212: [<Jacobian>] DOFInterpolationSide<Jacobian>: 0.000420239 - 0.00563114% [50]
|   |   |   |   |   |   |   |   Phalanx: Evaluator 114: [<Jacobian>] LoadStateField(ice_thickness)<Jacobian>: 0.0350233 - 0.469307% [50]
|   |   |   |   |   |   |   |   Phalanx: Evaluator 208: [<Jacobian>] DOFCellToSide(ice_thickness -> ice_thickness_extruded_boundary_side_set_1)[Node Scalar]<Jacobian>: 0.000170852 - 0.00228939% [50]
|   |   |   |   |   |   |   |   Phalanx: Evaluator 209: [<Jacobian>] DOFInterpolationSide<Jacobian>: 0.00347402 - 0.0465514% [50]
|   |   |   |   |   |   |   |   Phalanx: Evaluator 148: [<Jacobian>] StokesFOLateralResid<Jacobian>: 0.00120078 - 0.0160903% [50]
|   |   |   |   |   |   |   |   Phalanx: Evaluator 169: [<Jacobian>] DOFCellToSide(Coord Vec -> Coord Vec_basalside)[Vertex Vector]<Jacobian>: 0.0784897 - 1.05175% [50]
|   |   |   |   |   |   |   |   Phalanx: Evaluator 166: [<Jacobian>] ComputeBasisFunctionsSide<Jacobian>: 0.0112347 - 0.150543% [50]
|   |   |   |   |   |   |   |   Phalanx: Evaluator 159: [<Jacobian>] Shared Parameter Power Exponent<Jacobian>: 0.00198441 - 0.0265909% [50]
|   |   |   |   |   |   |   |   Phalanx: Evaluator 128: [<Jacobian>] Load Side Set Field log_basal_friction_basalside from Side Set State log_basal_friction<Jacobian>: 0.0173792 - 0.232879% [50]
|   |   |   |   |   |   |   |   Phalanx: Evaluator 200: [<Jacobian>] DOFInterpolationSide<Jacobian>: 0.000163105 - 0.00218558% [50]
|   |   |   |   |   |   |   |   Phalanx: Evaluator 123: [<Jacobian>] Load Side Set Field ice_thickness_basalside from Side Set State ice_thickness<Jacobian>: 0.0192498 - 0.257944% [50]
|   |   |   |   |   |   |   |   Phalanx: Evaluator 127: [<Jacobian>] Load Side Set Field bed_topography_basalside from Side Set State bed_topography<Jacobian>: 0.0156346 - 0.209501% [50]
|   |   |   |   |   |   |   |   Phalanx: Evaluator 160: [<Jacobian>] BasalFrictionCoefficient<Jacobian>: 0.0012718 - 0.0170419% [50]
|   |   |   |   |   |   |   |   Phalanx: Evaluator 188: [<Jacobian>] DOFCellToSide(Velocity -> Velocity_basalside)[Node Vector]<Jacobian>: 0.00573418 - 0.0768371% [50]
|   |   |   |   |   |   |   |   Phalanx: Evaluator 189: [<Jacobian>] DOFVecInterpolationSide<Jacobian>: 0.0163141 - 0.218606% [50]
|   |   |   |   |   |   |   |   Phalanx: Evaluator 149: [<Jacobian>] StokesFOBasalResid<Jacobian>: 0.0207275 - 0.277746% [50]
|   |   |   |   |   |   |   |   Phalanx: Evaluator 111: [<Jacobian>] Scatter Velocity Residual<Jacobian>: 0.0430887 - 0.577382% [50]
|   |   |   |   |   |   |   |   Remainder: 0.16332 - 2.18846%
|   |   |   |   |   |   |   Albany Jacobian Fill: Export: 0.0028095 - 0.0315449% [50]
|   |   |   |   |   |   |   Remainder: 1.44079 - 16.1771%
|   |   |   |   |   |   Remainder: 0.00153643 - 0.0128205%
|   |   |   |   |   Remainder: 0.00465875 - 0.0388591%
|   |   |   |   NOX Total Preconditioner Construction: 52.7802 - 35.9312% [50]
|   |   |   |   |   ThyraMueLu::initializePrec: 52.315 - 99.1186% [50]
|   |   |   |   |   |   MueLu: ParameterListInterpreter (ParameterList): 0.0384851 - 0.0735641% [50]
|   |   |   |   |   |   Ifpack2::Relaxation::initialize: 0.686676 - 1.31258% [150]
|   |   |   |   |   |   Ifpack2::Relaxation::compute: 0.0558552 - 0.106767% [150]
|   |   |   |   |   |   Utilities_kokkos::GetMatrixDiagonalInverse: 0.00315109 - 0.0060233% [50]
|   |   |   |   |   |   Remainder: 51.5309 - 98.5011%
|   |   |   |   |   Remainder: 0.465204 - 0.881399%
|   |   |   |   NOX Total Linear Solve: 82.0784 - 55.8765% [50]
|   |   |   |   |   Stratimikos: BelosLOWS: 82.0783 - 99.9998% [50]
|   |   |   |   |   |   Belos: Operation Op*x: 0.0563343 - 0.0686348% [50]
|   |   |   |   |   |   Belos::MVT::MvAddMv: 0.000505036 - 0.00061531% [50]
|   |   |   |   |   |   Belos: BlockGmresSolMgr total solve time: 81.4005 - 99.1742% [50]
|   |   |   |   |   |   |   Belos: ICGS[2]: Orthogonalization: 27.2489 - 33.4751% [10013]
|   |   |   |   |   |   |   |   Belos: ICGS[2]: Ortho (Norm): 0.378541 - 1.3892% [10013]
|   |   |   |   |   |   |   |   |   Belos::MVT::MvDot: 0.367708 - 97.1383% [10013]
|   |   |   |   |   |   |   |   |   Remainder: 0.0108329 - 2.86174%
|   |   |   |   |   |   |   |   Belos::MVT::MvScale: 0.0526023 - 0.193044% [10013]
|   |   |   |   |   |   |   |   Belos: ICGS[2]: Ortho (Inner Product): 14.8336 - 54.4374% [19926]
|   |   |   |   |   |   |   |   |   Belos::MVT::MvTransMv: 14.8076 - 99.8249% [19926]
|   |   |   |   |   |   |   |   |   Remainder: 0.0259681 - 0.175063%
|   |   |   |   |   |   |   |   Belos: ICGS[2]: Ortho (Update): 11.9075 - 43.699% [19926]
|   |   |   |   |   |   |   |   |   Belos::MVT::MvTimesMatAddMv: 11.8839 - 99.8022% [19926]
|   |   |   |   |   |   |   |   |   Remainder: 0.0235587 - 0.197848%
|   |   |   |   |   |   |   |   Remainder: 0.076673 - 0.28138%
|   |   |   |   |   |   |   Belos::MVT::MvAddMv: 0.000937905 - 0.00115221% [102]
|   |   |   |   |   |   |   Belos::MVT::MvNorm: 0.0581182 - 0.0713978% [51]
|   |   |   |   |   |   |   Belos: Operation Prec*x: 30.0251 - 36.8857% [10013]
|   |   |   |   |   |   |   |   Ifpack2::Relaxation::apply: 7.90277 - 26.3205% [50065]
|   |   |   |   |   |   |   |   Remainder: 22.1223 - 73.6795%
|   |   |   |   |   |   |   Belos: Operation Op*x: 21.6276 - 26.5694% [9964]
|   |   |   |   |   |   |   Belos::MVT::MvTimesMatAddMv: 0.116751 - 0.143427% [50]
|   |   |   |   |   |   |   Remainder: 2.32302 - 2.85382%
|   |   |   |   |   |   Remainder: 0.620958 - 0.756544%
|   |   |   |   |   Remainder: 0.000129338 - 0.000157579%
|   |   |   |   Remainder: 0.0450179 - 0.0306468%
|   |   |   Remainder: 0.000765377 - 0.000521043%
|   |   Piro::SteadyStateSolver::evalConvergedModelResponsesAndSensitivities::calc g, df/dp, dg/dp, dg/dx: 0.00117899 - 0.000802607% [1]
|   |   |   Thyra::DefaultModelEvaluatorWithSolveFactory<double>::evalModel(...): 0.00112131 - 95.1075% [1]
|   |   |   |   Albany: Total Fill Time: 0.00109297 - 97.4722% [1]
|   |   |   |   |   Albany Fill: Response: 0.00107867 - 98.6919% [1]
|   |   |   |   |   Remainder: 1.4297e-05 - 1.30809%
|   |   |   |   Remainder: 2.8344e-05 - 2.52775%
|   |   |   Remainder: 5.7682e-05 - 4.89248%
|   |   Remainder: 0.00108398 - 0.000737926%
|   Remainder: 1.1742e-05 - 6.73151e-06%
~PyProblem()
<PyAlbany.Albany_Pybind11.RCPPyParameterList object at 0x1454f40a8070>
<PyAlbany.Albany_Pybind11.RCPPyParameterList object at 0x1454f40a80b0>
Solve time: 1000000000000.0
~PyParallelEnv()

