*********************************************************************************
**  ______   __  __   ______   __       ______   ______   __   __   __  __     **
** /\  == \ /\ \_\ \ /\  __ \ /\ \     /\  == \ /\  __ \ /\ "-.\ \ /\ \_\ \    **
** \ \  __/ \ \____ \\ \  __ \\ \ \____\ \  __< \ \  __ \\ \ \-.  \\ \____ \   **
**  \ \_\    \/\_____\\ \_\ \_\\ \_____\\ \_____\\ \_\ \_\\ \_\\"\_\\/\_____\  **
**   \/_/     \/_____/ \/_/\/_/ \/_____/ \/_____/ \/_/\/_/ \/_/ \/_/ \/_____/  **
**                                                                             **
*********************************************************************************
** Trilinos git commit id - c70ae3dfa18
** Albany git branch ------ pybind11_PR
** Albany git commit id --- 7a1da3122
** Albany cxx compiler ---- GNU 10.3.0
** Albany cuda compiler --- Cuda 115
** Simulation start time -- 2022-09-25 at 14:17:59
***************************************************************
Albany_IOSS: Loading STKMesh from Exodus file  /global/homes/m/mcarlson/LandIce/ALITune/optimize/data/mesh-pop-wdg/gis_basal_populated.exo
Albany_IOSS: Loading STKMesh from Exodus file  /global/homes/m/mcarlson/LandIce/ALITune/optimize/data/mesh-pop-wdg/gis_upper_populated.exo
IOSS-STK: number of node sets = 3
IOSS-STK: number of side sets = 3
IOSS-STK: number of node sets = 3
IOSS-STK: number of side sets = 3
IOSS-STK: number of node sets = 1
IOSS-STK: number of side sets = 0
Restart Index set, reading solution index : 1
[GenericSTKMeshStruct] Processing field requirements...
  - Skipping field 'ice_thickness' since it's listed as present in the mesh.
  - Skipping field 'observed_ice_thickness' since it's listed as present in the mesh.
  - Skipping field 'observed_ice_thickness_RMS' since it's listed as present in the mesh.
  - Skipping field 'surface_height' since it's listed as present in the mesh.
  - Skipping field 'bed_topography' since it's listed as present in the mesh.
  - Skipping field 'log_basal_friction' since it's listed as present in the mesh.
  - Skipping field 'temperature' since it's listed as present in the mesh.
  - Skipping field 'apparent_mass_balance' since it's listed as present in the mesh.
  - Skipping field 'apparent_mass_balance_RMS' since it's listed as present in the mesh.
[ExtrudedSTKMesh] Adding nodes... done!
[ExtrudedSTKMesh] Adding elements... done!
[ExtrudedSTKMesh] Adding basalside sides... done!
[ExtrudedSTKMesh] Adding upperside sides... done!
[ExtrudedSTKMesh] Adding lateral sides... done!
[ExtrudedSTKMesh] Extruding basal fields...
  - Extruding Scalar Node field ice_thickness...done!
  - Extruding Scalar Node field surface_height...done!
  - Extruding Scalar Node field log_basal_friction...done!
  - Extruding Scalar Node field bed_topography...done!
  - Extruding Scalar Node field apparent_mass_balance...done!
  - Extruding Scalar Node field apparent_mass_balance_RMS...done!
[ExtrudedSTKMesh] Interpolating layered basal fields...
  - Interpolating Scalar field temperature...done!
[GenericSTKMeshStruct] Processing field requirements...
  - Skipping field 'ice_thickness' since it's listed as present in the mesh.
  - Skipping field 'surface_height' since it's listed as present in the mesh.
  - Skipping field 'log_basal_friction' since it's listed as present in the mesh.
  - Skipping field 'temperature' since it's listed as present in the mesh.
  - Skipping field 'bed_topography' since it's listed as present in the mesh.
  - Skipping field 'apparent_mass_balance' since it's listed as present in the mesh.
  - Skipping field 'apparent_mass_balance_RMS' since it's listed as present in the mesh.
  - Skipping field 'bed_topography' since it's listed as output. Make sure there's an evaluator set to save it!
  - Skipping field 'surface_height' since it's listed as output. Make sure there's an evaluator set to save it!
Restart Index set, reading solution index : 1
[GenericSTKMeshStruct] Processing field requirements...
  - Skipping field 'observed_surface_velocity' since it's listed as present in the mesh.
  - Skipping field 'observed_surface_velocity_RMS' since it's listed as present in the mesh.
STKDisc: 725880 elements on Proc 0 
STKDisc: nodeset basal_boundary_node_set_0 has size 0  on Proc 0.
STKDisc: nodeset basal_boundary_node_set_1 has size 6027  on Proc 0.
STKDisc: nodeset basal_node_set has size 39224  on Proc 0.
STKDisc: nodeset bottom has size 39224  on Proc 0.
STKDisc: nodeset extruded_boundary_node_set_0 has size 0  on Proc 0.
STKDisc: nodeset extruded_boundary_node_set_1 has size 66297  on Proc 0.
STKDisc: nodeset extruded_node_set has size 431464  on Proc 0.
STKDisc: nodeset lateral has size 66297  on Proc 0.
STKDisc: nodeset top has size 39224  on Proc 0.
STKDisc: sideset basalside has size 72588  on Proc 0.
STKDisc: sideset extruded_boundary_side_set has size 60460  on Proc 0.
STKDisc: sideset extruded_boundary_side_set_1 has size 57830  on Proc 0.
STKDisc: sideset extruded_boundary_side_set_1_tri3_edge2 has size 57830  on Proc 0.
STKDisc: sideset extruded_boundary_side_set_2 has size 2630  on Proc 0.
STKDisc: sideset extruded_boundary_side_set_2_tri3_edge2 has size 2630  on Proc 0.
STKDisc: sideset extruded_boundary_side_set_tri3_edge2 has size 60460  on Proc 0.
STKDisc: sideset lateralside has size 60460  on Proc 0.
STKDisc: sideset upperside has size 72588  on Proc 0.
STKDisc: 72588 elements on Proc 0 
STKDisc: nodeset boundary_node_set_0 has size 0  on Proc 0.
STKDisc: nodeset boundary_node_set_1 has size 6027  on Proc 0.
STKDisc: nodeset node_set has size 39224  on Proc 0.
STKDisc: sideset boundary_side_set has size 6046  on Proc 0.
STKDisc: sideset boundary_side_set_1 has size 5783  on Proc 0.
STKDisc: sideset boundary_side_set_2 has size 263  on Proc 0.
STKDisc: 72588 elements on Proc 0 
STKDisc: nodeset all_nodes has size 39224  on Proc 0.
StateManager: initializing state:  ice_thickness
StateManager: initializing state:  surface_height
StateManager: initializing state:  log_basal_friction
StateManager: initializing state:  temperature
StateManager: initializing state:  bed_topography
StateManager: initializing state:  apparent_mass_balance
StateManager: initializing state:  apparent_mass_balance_RMS
StateManager: initializing state:  dissipation_heat

StateManager: initializing state:  ice_thickness
StateManager: initializing state:  observed_ice_thickness
StateManager: initializing state:  observed_ice_thickness_RMS
StateManager: initializing state:  surface_height
StateManager: initializing state:  bed_topography
StateManager: initializing state:  log_basal_friction
StateManager: initializing state:  temperature
StateManager: initializing state:  apparent_mass_balance
StateManager: initializing state:  apparent_mass_balance_RMS

StateManager: initializing state:  observed_surface_velocity
StateManager: initializing state:  observed_surface_velocity_RMS

xxxxxxxxxxxxxxxxxxxxxxxxxxxxxxxxxxxxxxxxxxxxxxx
 Sacado ParameterLibrary has been initialized:
 Library of all registered parameters:
xxxxxxxxxxxxxxxxxxxxxxxxxxxxxxxxxxxxxxxxxxxxxxx

Total number of parameters  = 0
Number of non-distributed parameters  = 0
Number of response vectors  = 1
Number of distributed parameters vectors  = 0

************************************************************************
-- Nonlinear Solver Step 0 -- 
||F|| = 5.152e+05  step = 0.000e+00  dx = 0.000e+00
************************************************************************

  
  *******************************************************
  ***** Belos Iterative Solver:  Block Gmres 
  ***** Maximum Iterations: 200
  ***** Block Size: 1
  ***** Residual Test: 
  *****   Test 1 : Belos::StatusTestImpResNorm<>: (2-Norm Res Vec) / (2-Norm Res0), tol = 1e-08
  *******************************************************
  Iter   0, [ 1] :    1.000000e+00
  Iter  20, [ 1] :    1.795039e-01
  Iter  40, [ 1] :    1.133459e-02
  Iter  60, [ 1] :    1.043445e-03
  Iter  80, [ 1] :    8.631745e-05
  Iter 100, [ 1] :    1.944709e-05
  Iter 120, [ 1] :    6.307610e-06
  Iter 140, [ 1] :    7.724896e-07
  Iter 160, [ 1] :    1.191589e-07
  Iter 180, [ 1] :    1.202808e-08
  Iter 182, [ 1] :    9.489295e-09

************************************************************************
-- Nonlinear Solver Step 1 -- 
||F|| = 5.031e+05  step = 1.250e-01  dx = 1.950e+04
************************************************************************

  
  *******************************************************
  ***** Belos Iterative Solver:  Block Gmres 
  ***** Maximum Iterations: 200
  ***** Block Size: 1
  ***** Residual Test: 
  *****   Test 1 : Belos::StatusTestImpResNorm<>: (2-Norm Res Vec) / (2-Norm Res0), tol = 1e-08
  *******************************************************
  Iter   0, [ 1] :    1.000000e+00
  Iter  20, [ 1] :    1.262704e-01
  Iter  40, [ 1] :    4.380160e-03
  Iter  60, [ 1] :    2.021861e-04
  Iter  80, [ 1] :    3.075096e-05
  Iter 100, [ 1] :    4.319237e-06
  Iter 120, [ 1] :    2.062517e-06
  Iter 140, [ 1] :    2.384315e-07
  Iter 160, [ 1] :    6.446314e-08
  Iter 180, [ 1] :    2.266812e-08
  Iter 187, [ 1] :    9.316247e-09

************************************************************************
-- Nonlinear Solver Step 2 -- 
||F|| = 4.947e+05  step = 1.250e-01  dx = 3.054e+04
************************************************************************

  
  *******************************************************
  ***** Belos Iterative Solver:  Block Gmres 
  ***** Maximum Iterations: 200
  ***** Block Size: 1
  ***** Residual Test: 
  *****   Test 1 : Belos::StatusTestImpResNorm<>: (2-Norm Res Vec) / (2-Norm Res0), tol = 1e-08
  *******************************************************
  Iter   0, [ 1] :    1.000000e+00
  Iter  20, [ 1] :    1.918542e-01
  Iter  40, [ 1] :    1.617741e-02
  Iter  60, [ 1] :    9.273830e-04
  Iter  80, [ 1] :    6.578207e-05
  Iter 100, [ 1] :    1.213947e-05
  Iter 120, [ 1] :    1.310375e-06
  Iter 140, [ 1] :    2.894845e-07
  Iter 160, [ 1] :    1.712727e-07
  Iter 180, [ 1] :    4.541212e-08
  Iter 200, [ 1] :    1.674825e-08
WARNING: NOX::Direction::Newton::compute() - Linear solve failed to achieve convergence - using the step anyway since "Rescue Bad Newton Solve" is true 

************************************************************************
-- Nonlinear Solver Step 3 -- 
||F|| = 4.786e+05  step = 1.250e-01  dx = 3.499e+04
************************************************************************

  
  *******************************************************
  ***** Belos Iterative Solver:  Block Gmres 
  ***** Maximum Iterations: 200
  ***** Block Size: 1
  ***** Residual Test: 
  *****   Test 1 : Belos::StatusTestImpResNorm<>: (2-Norm Res Vec) / (2-Norm Res0), tol = 1e-08
  *******************************************************
  Iter   0, [ 1] :    1.000000e+00
  Iter  20, [ 1] :    3.813670e-01
  Iter  40, [ 1] :    8.827873e-02
  Iter  60, [ 1] :    1.118005e-02
  Iter  80, [ 1] :    1.506789e-03
  Iter 100, [ 1] :    1.753946e-04
  Iter 120, [ 1] :    2.676296e-05
  Iter 140, [ 1] :    8.765458e-06
  Iter 160, [ 1] :    2.196506e-06
  Iter 180, [ 1] :    1.454103e-06
  Iter 200, [ 1] :    7.411964e-07
WARNING: NOX::Direction::Newton::compute() - Linear solve failed to achieve convergence - using the step anyway since "Rescue Bad Newton Solve" is true 

************************************************************************
-- Nonlinear Solver Step 4 -- 
||F|| = 4.696e+05  step = 2.500e-01  dx = 3.608e+04
************************************************************************

  
  *******************************************************
  ***** Belos Iterative Solver:  Block Gmres 
  ***** Maximum Iterations: 200
  ***** Block Size: 1
  ***** Residual Test: 
  *****   Test 1 : Belos::StatusTestImpResNorm<>: (2-Norm Res Vec) / (2-Norm Res0), tol = 1e-08
  *******************************************************
  Iter   0, [ 1] :    1.000000e+00
  Iter  20, [ 1] :    9.801630e-01
  Iter  40, [ 1] :    7.495430e-01
  Iter  60, [ 1] :    1.574135e-01
  Iter  80, [ 1] :    4.746501e-02
  Iter 100, [ 1] :    8.903219e-03
  Iter 120, [ 1] :    1.968663e-03
  Iter 140, [ 1] :    4.079231e-04
  Iter 160, [ 1] :    9.224849e-05
  Iter 180, [ 1] :    2.256514e-05
  Iter 200, [ 1] :    8.996711e-06
WARNING: NOX::Direction::Newton::compute() - Linear solve failed to achieve convergence - using the step anyway since "Rescue Bad Newton Solve" is true 

************************************************************************
-- Nonlinear Solver Step 5 -- 
||F|| = 4.639e+05  step = 5.000e-01  dx = 3.323e+04
************************************************************************

  
  *******************************************************
  ***** Belos Iterative Solver:  Block Gmres 
  ***** Maximum Iterations: 200
  ***** Block Size: 1
  ***** Residual Test: 
  *****   Test 1 : Belos::StatusTestImpResNorm<>: (2-Norm Res Vec) / (2-Norm Res0), tol = 1e-08
  *******************************************************
  Iter   0, [ 1] :    1.000000e+00
  Iter  20, [ 1] :    9.771334e-01
  Iter  40, [ 1] :    9.759602e-01
  Iter  60, [ 1] :    9.638365e-01
  Iter  80, [ 1] :    8.597118e-01
  Iter 100, [ 1] :    7.143662e-01
  Iter 120, [ 1] :    2.803841e-01
  Iter 140, [ 1] :    7.610884e-02
  Iter 160, [ 1] :    3.545352e-02
  Iter 180, [ 1] :    1.270966e-02
  Iter 200, [ 1] :    4.742728e-03
WARNING: NOX::Direction::Newton::compute() - Linear solve failed to achieve convergence - using the step anyway since "Rescue Bad Newton Solve" is true 

************************************************************************
-- Nonlinear Solver Step 6 -- 
||F|| = 3.400e+05  step = 1.000e+00  dx = 2.388e+04
************************************************************************

  
  *******************************************************
  ***** Belos Iterative Solver:  Block Gmres 
  ***** Maximum Iterations: 200
  ***** Block Size: 1
  ***** Residual Test: 
  *****   Test 1 : Belos::StatusTestImpResNorm<>: (2-Norm Res Vec) / (2-Norm Res0), tol = 1e-08
  *******************************************************
  Iter   0, [ 1] :    1.000000e+00
  Iter  20, [ 1] :    9.688685e-01
  Iter  40, [ 1] :    9.680901e-01
  Iter  60, [ 1] :    9.675908e-01
  Iter  80, [ 1] :    9.672144e-01
  Iter 100, [ 1] :    9.668291e-01
  Iter 120, [ 1] :    9.656006e-01
  Iter 140, [ 1] :    9.595479e-01
  Iter 160, [ 1] :    9.045730e-01
  Iter 180, [ 1] :    6.630378e-01
  Iter 200, [ 1] :    4.023382e-01
WARNING: NOX::Direction::Newton::compute() - Linear solve failed to achieve convergence - using the step anyway since "Rescue Bad Newton Solve" is true 

************************************************************************
-- Nonlinear Solver Step 7 -- 
||F|| = 1.403e+05  step = 1.000e+00  dx = 6.665e+03
************************************************************************

  
  *******************************************************
  ***** Belos Iterative Solver:  Block Gmres 
  ***** Maximum Iterations: 200
  ***** Block Size: 1
  ***** Residual Test: 
  *****   Test 1 : Belos::StatusTestImpResNorm<>: (2-Norm Res Vec) / (2-Norm Res0), tol = 1e-08
  *******************************************************
  Iter   0, [ 1] :    1.000000e+00
  Iter  20, [ 1] :    9.796502e-01
  Iter  40, [ 1] :    9.673084e-01
  Iter  60, [ 1] :    9.651190e-01
  Iter  80, [ 1] :    9.638774e-01
  Iter 100, [ 1] :    9.604602e-01
  Iter 120, [ 1] :    9.553451e-01
  Iter 140, [ 1] :    9.513010e-01
  Iter 160, [ 1] :    9.491660e-01
  Iter 180, [ 1] :    9.468972e-01
  Iter 200, [ 1] :    9.434058e-01
WARNING: NOX::Direction::Newton::compute() - Linear solve failed to achieve convergence - using the step anyway since "Rescue Bad Newton Solve" is true 

************************************************************************
-- Nonlinear Solver Step 8 -- 
||F|| = 1.320e+05  step = 1.000e+00  dx = 1.593e+02
************************************************************************

  
  *******************************************************
  ***** Belos Iterative Solver:  Block Gmres 
  ***** Maximum Iterations: 200
  ***** Block Size: 1
  ***** Residual Test: 
  *****   Test 1 : Belos::StatusTestImpResNorm<>: (2-Norm Res Vec) / (2-Norm Res0), tol = 1e-08
  *******************************************************
  Iter   0, [ 1] :    1.000000e+00
  Iter  20, [ 1] :    9.999943e-01
  Iter  40, [ 1] :    9.999818e-01
  Iter  60, [ 1] :    9.999552e-01
  Iter  80, [ 1] :    9.998998e-01
  Iter 100, [ 1] :    9.997307e-01
  Iter 120, [ 1] :    9.996392e-01
  Iter 140, [ 1] :    9.995516e-01
  Iter 160, [ 1] :    9.992238e-01
  Iter 180, [ 1] :    9.979591e-01
  Iter 200, [ 1] :    9.920131e-01
WARNING: NOX::Direction::Newton::compute() - Linear solve failed to achieve convergence - using the step anyway since "Rescue Bad Newton Solve" is true 

************************************************************************
-- Nonlinear Solver Step 9 -- 
||F|| = 1.308e+05  step = 1.000e+00  dx = 5.361e+01
************************************************************************

  
  *******************************************************
  ***** Belos Iterative Solver:  Block Gmres 
  ***** Maximum Iterations: 200
  ***** Block Size: 1
  ***** Residual Test: 
  *****   Test 1 : Belos::StatusTestImpResNorm<>: (2-Norm Res Vec) / (2-Norm Res0), tol = 1e-08
  *******************************************************
  Iter   0, [ 1] :    1.000000e+00
  Iter  20, [ 1] :    9.999955e-01
  Iter  40, [ 1] :    9.999898e-01
  Iter  60, [ 1] :    9.999438e-01
  Iter  80, [ 1] :    9.999291e-01
  Iter 100, [ 1] :    9.997324e-01
  Iter 120, [ 1] :    9.995807e-01
  Iter 140, [ 1] :    9.993409e-01
  Iter 160, [ 1] :    9.986159e-01
  Iter 180, [ 1] :    9.982055e-01
  Iter 200, [ 1] :    9.941246e-01
WARNING: NOX::Direction::Newton::compute() - Linear solve failed to achieve convergence - using the step anyway since "Rescue Bad Newton Solve" is true 

************************************************************************
-- Nonlinear Solver Step 10 -- 
||F|| = 1.299e+05  step = 1.000e+00  dx = 5.692e+01
************************************************************************

  
  *******************************************************
  ***** Belos Iterative Solver:  Block Gmres 
  ***** Maximum Iterations: 200
  ***** Block Size: 1
  ***** Residual Test: 
  *****   Test 1 : Belos::StatusTestImpResNorm<>: (2-Norm Res Vec) / (2-Norm Res0), tol = 1e-08
  *******************************************************
  Iter   0, [ 1] :    1.000000e+00
  Iter  20, [ 1] :    9.999989e-01
  Iter  40, [ 1] :    9.999988e-01
  Iter  60, [ 1] :    9.999959e-01
  Iter  80, [ 1] :    9.999890e-01
  Iter 100, [ 1] :    9.999135e-01
  Iter 120, [ 1] :    9.998891e-01
  Iter 140, [ 1] :    9.997771e-01
  Iter 160, [ 1] :    9.995988e-01
  Iter 180, [ 1] :    9.989552e-01
  Iter 200, [ 1] :    9.971388e-01
WARNING: NOX::Direction::Newton::compute() - Linear solve failed to achieve convergence - using the step anyway since "Rescue Bad Newton Solve" is true 

************************************************************************
-- Nonlinear Solver Step 11 -- 
||F|| = 1.295e+05  step = 1.000e+00  dx = 3.443e+01
************************************************************************

  
  *******************************************************
  ***** Belos Iterative Solver:  Block Gmres 
  ***** Maximum Iterations: 200
  ***** Block Size: 1
  ***** Residual Test: 
  *****   Test 1 : Belos::StatusTestImpResNorm<>: (2-Norm Res Vec) / (2-Norm Res0), tol = 1e-08
  *******************************************************
  Iter   0, [ 1] :    1.000000e+00
  Iter  20, [ 1] :    9.999995e-01
  Iter  40, [ 1] :    9.999992e-01
  Iter  60, [ 1] :    9.999987e-01
  Iter  80, [ 1] :    9.999965e-01
  Iter 100, [ 1] :    9.999668e-01
  Iter 120, [ 1] :    9.999285e-01
  Iter 140, [ 1] :    9.998957e-01
  Iter 160, [ 1] :    9.998145e-01
  Iter 180, [ 1] :    9.991491e-01
  Iter 200, [ 1] :    9.982518e-01
WARNING: NOX::Direction::Newton::compute() - Linear solve failed to achieve convergence - using the step anyway since "Rescue Bad Newton Solve" is true 

************************************************************************
-- Nonlinear Solver Step 12 -- 
||F|| = 1.292e+05  step = 1.000e+00  dx = 3.953e+01
************************************************************************

  
  *******************************************************
  ***** Belos Iterative Solver:  Block Gmres 
  ***** Maximum Iterations: 200
  ***** Block Size: 1
  ***** Residual Test: 
  *****   Test 1 : Belos::StatusTestImpResNorm<>: (2-Norm Res Vec) / (2-Norm Res0), tol = 1e-08
  *******************************************************
  Iter   0, [ 1] :    1.000000e+00
  Iter  20, [ 1] :    9.999990e-01
  Iter  40, [ 1] :    9.999987e-01
  Iter  60, [ 1] :    9.999979e-01
  Iter  80, [ 1] :    9.999942e-01
  Iter 100, [ 1] :    9.999702e-01
  Iter 120, [ 1] :    9.999629e-01
  Iter 140, [ 1] :    9.999474e-01
  Iter 160, [ 1] :    9.999194e-01
  Iter 180, [ 1] :    9.997052e-01
  Iter 200, [ 1] :    9.976125e-01
WARNING: NOX::Direction::Newton::compute() - Linear solve failed to achieve convergence - using the step anyway since "Rescue Bad Newton Solve" is true 

************************************************************************
-- Nonlinear Solver Step 13 -- 
||F|| = 1.287e+05  step = 1.000e+00  dx = 6.732e+01
************************************************************************

  
  *******************************************************
  ***** Belos Iterative Solver:  Block Gmres 
  ***** Maximum Iterations: 200
  ***** Block Size: 1
  ***** Residual Test: 
  *****   Test 1 : Belos::StatusTestImpResNorm<>: (2-Norm Res Vec) / (2-Norm Res0), tol = 1e-08
  *******************************************************
  Iter   0, [ 1] :    1.000000e+00
  Iter  20, [ 1] :    9.999954e-01
  Iter  40, [ 1] :    9.999949e-01
  Iter  60, [ 1] :    9.999933e-01
  Iter  80, [ 1] :    9.999875e-01
  Iter 100, [ 1] :    9.999581e-01
  Iter 120, [ 1] :    9.999471e-01
  Iter 140, [ 1] :    9.999136e-01
  Iter 160, [ 1] :    9.998364e-01
  Iter 180, [ 1] :    9.996503e-01
  Iter 200, [ 1] :    9.905786e-01
WARNING: NOX::Direction::Newton::compute() - Linear solve failed to achieve convergence - using the step anyway since "Rescue Bad Newton Solve" is true 

************************************************************************
-- Nonlinear Solver Step 14 -- 
||F|| = 1.271e+05  step = 1.000e+00  dx = 1.677e+02
************************************************************************

  
  *******************************************************
  ***** Belos Iterative Solver:  Block Gmres 
  ***** Maximum Iterations: 200
  ***** Block Size: 1
  ***** Residual Test: 
  *****   Test 1 : Belos::StatusTestImpResNorm<>: (2-Norm Res Vec) / (2-Norm Res0), tol = 1e-08
  *******************************************************
  Iter   0, [ 1] :    1.000000e+00
  Iter  20, [ 1] :    9.999892e-01
  Iter  40, [ 1] :    9.999870e-01
  Iter  60, [ 1] :    9.999792e-01
  Iter  80, [ 1] :    9.999516e-01
  Iter 100, [ 1] :    9.997528e-01
  Iter 120, [ 1] :    9.997010e-01
  Iter 140, [ 1] :    9.996045e-01
  Iter 160, [ 1] :    9.994675e-01
  Iter 180, [ 1] :    9.987884e-01
  Iter 200, [ 1] :    9.824615e-01
WARNING: NOX::Direction::Newton::compute() - Linear solve failed to achieve convergence - using the step anyway since "Rescue Bad Newton Solve" is true 

************************************************************************
-- Nonlinear Solver Step 15 -- 
||F|| = 1.242e+05  step = 1.000e+00  dx = 2.475e+02
************************************************************************

  
  *******************************************************
  ***** Belos Iterative Solver:  Block Gmres 
  ***** Maximum Iterations: 200
  ***** Block Size: 1
  ***** Residual Test: 
  *****   Test 1 : Belos::StatusTestImpResNorm<>: (2-Norm Res Vec) / (2-Norm Res0), tol = 1e-08
  *******************************************************
  Iter   0, [ 1] :    1.000000e+00
  Iter  20, [ 1] :    9.999889e-01
  Iter  40, [ 1] :    9.999786e-01
  Iter  60, [ 1] :    9.999493e-01
  Iter  80, [ 1] :    9.999098e-01
  Iter 100, [ 1] :    9.997802e-01
  Iter 120, [ 1] :    9.997159e-01
  Iter 140, [ 1] :    9.995937e-01
  Iter 160, [ 1] :    9.992727e-01
  Iter 180, [ 1] :    9.988533e-01
  Iter 200, [ 1] :    9.886313e-01
WARNING: NOX::Direction::Newton::compute() - Linear solve failed to achieve convergence - using the step anyway since "Rescue Bad Newton Solve" is true 

************************************************************************
-- Nonlinear Solver Step 16 -- 
||F|| = 1.223e+05  step = 1.000e+00  dx = 2.067e+02
************************************************************************

  
  *******************************************************
  ***** Belos Iterative Solver:  Block Gmres 
  ***** Maximum Iterations: 200
  ***** Block Size: 1
  ***** Residual Test: 
  *****   Test 1 : Belos::StatusTestImpResNorm<>: (2-Norm Res Vec) / (2-Norm Res0), tol = 1e-08
  *******************************************************
  Iter   0, [ 1] :    1.000000e+00
  Iter  20, [ 1] :    9.999915e-01
  Iter  40, [ 1] :    9.999756e-01
  Iter  60, [ 1] :    9.999590e-01
  Iter  80, [ 1] :    9.998966e-01
  Iter 100, [ 1] :    9.998442e-01
  Iter 120, [ 1] :    9.997497e-01
  Iter 140, [ 1] :    9.996591e-01
  Iter 160, [ 1] :    9.991113e-01
  Iter 180, [ 1] :    9.987103e-01
  Iter 200, [ 1] :    9.709247e-01
WARNING: NOX::Direction::Newton::compute() - Linear solve failed to achieve convergence - using the step anyway since "Rescue Bad Newton Solve" is true 

************************************************************************
-- Nonlinear Solver Step 17 -- 
||F|| = 1.179e+05  step = 1.000e+00  dx = 3.222e+02
************************************************************************

  
  *******************************************************
  ***** Belos Iterative Solver:  Block Gmres 
  ***** Maximum Iterations: 200
  ***** Block Size: 1
  ***** Residual Test: 
  *****   Test 1 : Belos::StatusTestImpResNorm<>: (2-Norm Res Vec) / (2-Norm Res0), tol = 1e-08
  *******************************************************
  Iter   0, [ 1] :    1.000000e+00
  Iter  20, [ 1] :    9.996990e-01
  Iter  40, [ 1] :    9.996602e-01
  Iter  60, [ 1] :    9.996322e-01
  Iter  80, [ 1] :    9.995677e-01
  Iter 100, [ 1] :    9.994846e-01
  Iter 120, [ 1] :    9.993546e-01
  Iter 140, [ 1] :    9.990846e-01
  Iter 160, [ 1] :    9.985289e-01
  Iter 180, [ 1] :    9.966480e-01
  Iter 200, [ 1] :    9.856105e-01
WARNING: NOX::Direction::Newton::compute() - Linear solve failed to achieve convergence - using the step anyway since "Rescue Bad Newton Solve" is true 

************************************************************************
-- Nonlinear Solver Step 18 -- 
||F|| = 1.158e+05  step = 1.000e+00  dx = 2.600e+02
************************************************************************

  
  *******************************************************
  ***** Belos Iterative Solver:  Block Gmres 
  ***** Maximum Iterations: 200
  ***** Block Size: 1
  ***** Residual Test: 
  *****   Test 1 : Belos::StatusTestImpResNorm<>: (2-Norm Res Vec) / (2-Norm Res0), tol = 1e-08
  *******************************************************
  Iter   0, [ 1] :    1.000000e+00
  Iter  20, [ 1] :    9.999869e-01
  Iter  40, [ 1] :    9.999694e-01
  Iter  60, [ 1] :    9.999555e-01
  Iter  80, [ 1] :    9.999358e-01
  Iter 100, [ 1] :    9.999104e-01
  Iter 120, [ 1] :    9.998235e-01
  Iter 140, [ 1] :    9.995726e-01
  Iter 160, [ 1] :    9.990956e-01
  Iter 180, [ 1] :    9.965216e-01
  Iter 200, [ 1] :    9.730755e-01
WARNING: NOX::Direction::Newton::compute() - Linear solve failed to achieve convergence - using the step anyway since "Rescue Bad Newton Solve" is true 

************************************************************************
-- Nonlinear Solver Step 19 -- 
||F|| = 1.123e+05  step = 1.000e+00  dx = 3.034e+02
************************************************************************

  
  *******************************************************
  ***** Belos Iterative Solver:  Block Gmres 
  ***** Maximum Iterations: 200
  ***** Block Size: 1
  ***** Residual Test: 
  *****   Test 1 : Belos::StatusTestImpResNorm<>: (2-Norm Res Vec) / (2-Norm Res0), tol = 1e-08
  *******************************************************
  Iter   0, [ 1] :    1.000000e+00
  Iter  20, [ 1] :    9.999892e-01
  Iter  40, [ 1] :    9.999709e-01
  Iter  60, [ 1] :    9.999624e-01
  Iter  80, [ 1] :    9.999429e-01
  Iter 100, [ 1] :    9.998809e-01
  Iter 120, [ 1] :    9.998285e-01
  Iter 140, [ 1] :    9.997311e-01
  Iter 160, [ 1] :    9.994874e-01
  Iter 180, [ 1] :    9.984017e-01
  Iter 200, [ 1] :    8.663475e-01
WARNING: NOX::Direction::Newton::compute() - Linear solve failed to achieve convergence - using the step anyway since "Rescue Bad Newton Solve" is true 

************************************************************************
-- Nonlinear Solver Step 20 -- 
||F|| = 9.530e+04  step = 1.000e+00  dx = 9.769e+02
************************************************************************

  
  *******************************************************
  ***** Belos Iterative Solver:  Block Gmres 
  ***** Maximum Iterations: 200
  ***** Block Size: 1
  ***** Residual Test: 
  *****   Test 1 : Belos::StatusTestImpResNorm<>: (2-Norm Res Vec) / (2-Norm Res0), tol = 1e-08
  *******************************************************
  Iter   0, [ 1] :    1.000000e+00
  Iter  20, [ 1] :    9.965371e-01
  Iter  40, [ 1] :    9.962090e-01
  Iter  60, [ 1] :    9.953382e-01
  Iter  80, [ 1] :    9.943171e-01
  Iter 100, [ 1] :    9.934184e-01
  Iter 120, [ 1] :    9.909122e-01
  Iter 140, [ 1] :    9.851417e-01
  Iter 160, [ 1] :    9.826523e-01
  Iter 180, [ 1] :    9.320343e-01
  Iter 200, [ 1] :    5.147027e-01
WARNING: NOX::Direction::Newton::compute() - Linear solve failed to achieve convergence - using the step anyway since "Rescue Bad Newton Solve" is true 

************************************************************************
-- Nonlinear Solver Step 21 -- 
||F|| = 7.046e+04  step = 1.000e+00  dx = 7.521e+02
************************************************************************

  
  *******************************************************
  ***** Belos Iterative Solver:  Block Gmres 
  ***** Maximum Iterations: 200
  ***** Block Size: 1
  ***** Residual Test: 
  *****   Test 1 : Belos::StatusTestImpResNorm<>: (2-Norm Res Vec) / (2-Norm Res0), tol = 1e-08
  *******************************************************
  Iter   0, [ 1] :    1.000000e+00
  Iter  20, [ 1] :    9.313932e-01
  Iter  40, [ 1] :    9.284523e-01
  Iter  60, [ 1] :    9.016823e-01
  Iter  80, [ 1] :    8.869592e-01
  Iter 100, [ 1] :    8.376892e-01
  Iter 120, [ 1] :    7.993236e-01
  Iter 140, [ 1] :    6.254919e-01
  Iter 160, [ 1] :    5.875542e-01
  Iter 180, [ 1] :    4.043833e-01
  Iter 200, [ 1] :    2.003272e-01
WARNING: NOX::Direction::Newton::compute() - Linear solve failed to achieve convergence - using the step anyway since "Rescue Bad Newton Solve" is true 

************************************************************************
-- Nonlinear Solver Step 22 -- 
||F|| = 4.474e+04  step = 1.000e+00  dx = 3.139e+02
************************************************************************

  
  *******************************************************
  ***** Belos Iterative Solver:  Block Gmres 
  ***** Maximum Iterations: 200
  ***** Block Size: 1
  ***** Residual Test: 
  *****   Test 1 : Belos::StatusTestImpResNorm<>: (2-Norm Res Vec) / (2-Norm Res0), tol = 1e-08
  *******************************************************
  Iter   0, [ 1] :    1.000000e+00
  Iter  20, [ 1] :    7.940890e-01
  Iter  40, [ 1] :    7.234014e-01
  Iter  60, [ 1] :    6.352925e-01
  Iter  80, [ 1] :    5.119278e-01
  Iter 100, [ 1] :    4.000333e-01
  Iter 120, [ 1] :    2.546665e-01
  Iter 140, [ 1] :    2.156873e-01
  Iter 160, [ 1] :    1.703241e-01
  Iter 180, [ 1] :    1.203041e-01
  Iter 200, [ 1] :    7.638169e-02
WARNING: NOX::Direction::Newton::compute() - Linear solve failed to achieve convergence - using the step anyway since "Rescue Bad Newton Solve" is true 

************************************************************************
-- Nonlinear Solver Step 23 -- 
||F|| = 4.385e+04  step = 1.000e+00  dx = 2.662e+02
************************************************************************

  
  *******************************************************
  ***** Belos Iterative Solver:  Block Gmres 
  ***** Maximum Iterations: 200
  ***** Block Size: 1
  ***** Residual Test: 
  *****   Test 1 : Belos::StatusTestImpResNorm<>: (2-Norm Res Vec) / (2-Norm Res0), tol = 1e-08
  *******************************************************
  Iter   0, [ 1] :    1.000000e+00
  Iter  20, [ 1] :    5.129916e-01
  Iter  40, [ 1] :    4.612997e-01
  Iter  60, [ 1] :    4.373116e-01
  Iter  80, [ 1] :    3.449195e-01
  Iter 100, [ 1] :    2.470994e-01
  Iter 120, [ 1] :    2.318358e-01
  Iter 140, [ 1] :    1.222648e-01
  Iter 160, [ 1] :    1.107963e-01
  Iter 180, [ 1] :    7.266216e-02
  Iter 200, [ 1] :    4.982119e-02
WARNING: NOX::Direction::Newton::compute() - Linear solve failed to achieve convergence - using the step anyway since "Rescue Bad Newton Solve" is true 

************************************************************************
-- Nonlinear Solver Step 24 -- 
||F|| = 4.202e+04  step = 1.000e+00  dx = 2.871e+02
************************************************************************

  
  *******************************************************
  ***** Belos Iterative Solver:  Block Gmres 
  ***** Maximum Iterations: 200
  ***** Block Size: 1
  ***** Residual Test: 
  *****   Test 1 : Belos::StatusTestImpResNorm<>: (2-Norm Res Vec) / (2-Norm Res0), tol = 1e-08
  *******************************************************
  Iter   0, [ 1] :    1.000000e+00
  Iter  20, [ 1] :    4.217273e-01
  Iter  40, [ 1] :    3.788902e-01
  Iter  60, [ 1] :    3.652807e-01
  Iter  80, [ 1] :    2.875644e-01
  Iter 100, [ 1] :    2.388904e-01
  Iter 120, [ 1] :    1.493036e-01
  Iter 140, [ 1] :    1.188867e-01
  Iter 160, [ 1] :    9.364659e-02
  Iter 180, [ 1] :    7.772114e-02
  Iter 200, [ 1] :    5.858113e-02
WARNING: NOX::Direction::Newton::compute() - Linear solve failed to achieve convergence - using the step anyway since "Rescue Bad Newton Solve" is true 

************************************************************************
-- Nonlinear Solver Step 25 -- 
||F|| = 2.045e+04  step = 5.000e-01  dx = 3.887e+02
************************************************************************

  
  *******************************************************
  ***** Belos Iterative Solver:  Block Gmres 
  ***** Maximum Iterations: 200
  ***** Block Size: 1
  ***** Residual Test: 
  *****   Test 1 : Belos::StatusTestImpResNorm<>: (2-Norm Res Vec) / (2-Norm Res0), tol = 1e-08
  *******************************************************
  Iter   0, [ 1] :    1.000000e+00
  Iter  20, [ 1] :    3.318977e-01
  Iter  40, [ 1] :    1.923318e-01
  Iter  60, [ 1] :    1.719970e-01
  Iter  80, [ 1] :    1.457429e-01
  Iter 100, [ 1] :    1.410515e-01
  Iter 120, [ 1] :    1.129408e-01
  Iter 140, [ 1] :    6.730132e-02
  Iter 160, [ 1] :    6.522195e-02
  Iter 180, [ 1] :    2.615045e-02
  Iter 200, [ 1] :    1.586495e-02
WARNING: NOX::Direction::Newton::compute() - Linear solve failed to achieve convergence - using the step anyway since "Rescue Bad Newton Solve" is true 

************************************************************************
-- Nonlinear Solver Step 26 -- 
||F|| = 1.747e+04  step = 1.000e+00  dx = 1.298e+02
************************************************************************

  
  *******************************************************
  ***** Belos Iterative Solver:  Block Gmres 
  ***** Maximum Iterations: 200
  ***** Block Size: 1
  ***** Residual Test: 
  *****   Test 1 : Belos::StatusTestImpResNorm<>: (2-Norm Res Vec) / (2-Norm Res0), tol = 1e-08
  *******************************************************
  Iter   0, [ 1] :    1.000000e+00
  Iter  20, [ 1] :    2.096086e-01
  Iter  40, [ 1] :    1.145344e-01
  Iter  60, [ 1] :    1.007766e-01
  Iter  80, [ 1] :    9.688171e-02
  Iter 100, [ 1] :    9.054361e-02
  Iter 120, [ 1] :    8.363126e-02
  Iter 140, [ 1] :    5.986543e-02
  Iter 160, [ 1] :    4.596833e-02
  Iter 180, [ 1] :    3.357344e-02
  Iter 200, [ 1] :    2.763480e-02
WARNING: NOX::Direction::Newton::compute() - Linear solve failed to achieve convergence - using the step anyway since "Rescue Bad Newton Solve" is true 

************************************************************************
-- Nonlinear Solver Step 27 -- 
||F|| = 1.485e+04  step = 1.000e+00  dx = 1.449e+02
************************************************************************

  
  *******************************************************
  ***** Belos Iterative Solver:  Block Gmres 
  ***** Maximum Iterations: 200
  ***** Block Size: 1
  ***** Residual Test: 
  *****   Test 1 : Belos::StatusTestImpResNorm<>: (2-Norm Res Vec) / (2-Norm Res0), tol = 1e-08
  *******************************************************
  Iter   0, [ 1] :    1.000000e+00
  Iter  20, [ 1] :    1.871330e-01
  Iter  40, [ 1] :    1.661840e-01
  Iter  60, [ 1] :    1.512570e-01
  Iter  80, [ 1] :    1.427497e-01
  Iter 100, [ 1] :    1.189375e-01
  Iter 120, [ 1] :    9.995116e-02
  Iter 140, [ 1] :    5.215157e-02
  Iter 160, [ 1] :    4.389715e-02
  Iter 180, [ 1] :    2.849251e-02
  Iter 200, [ 1] :    1.731763e-02
WARNING: NOX::Direction::Newton::compute() - Linear solve failed to achieve convergence - using the step anyway since "Rescue Bad Newton Solve" is true 

************************************************************************
-- Nonlinear Solver Step 28 -- 
||F|| = 8.662e+03  step = 5.000e-01  dx = 1.947e+02
************************************************************************

  
  *******************************************************
  ***** Belos Iterative Solver:  Block Gmres 
  ***** Maximum Iterations: 200
  ***** Block Size: 1
  ***** Residual Test: 
  *****   Test 1 : Belos::StatusTestImpResNorm<>: (2-Norm Res Vec) / (2-Norm Res0), tol = 1e-08
  *******************************************************
  Iter   0, [ 1] :    1.000000e+00
  Iter  20, [ 1] :    1.934483e-01
  Iter  40, [ 1] :    1.621685e-01
  Iter  60, [ 1] :    1.496356e-01
  Iter  80, [ 1] :    1.156906e-01
  Iter 100, [ 1] :    1.131643e-01
  Iter 120, [ 1] :    1.037412e-01
  Iter 140, [ 1] :    6.472944e-02
  Iter 160, [ 1] :    3.780876e-02
  Iter 180, [ 1] :    2.572401e-02
  Iter 200, [ 1] :    2.507037e-02
WARNING: NOX::Direction::Newton::compute() - Linear solve failed to achieve convergence - using the step anyway since "Rescue Bad Newton Solve" is true 

************************************************************************
-- Nonlinear Solver Step 29 -- 
||F|| = 4.531e+03  step = 5.000e-01  dx = 7.091e+01
************************************************************************

  
  *******************************************************
  ***** Belos Iterative Solver:  Block Gmres 
  ***** Maximum Iterations: 200
  ***** Block Size: 1
  ***** Residual Test: 
  *****   Test 1 : Belos::StatusTestImpResNorm<>: (2-Norm Res Vec) / (2-Norm Res0), tol = 1e-08
  *******************************************************
  Iter   0, [ 1] :    1.000000e+00
  Iter  20, [ 1] :    1.170861e-01
  Iter  40, [ 1] :    9.834939e-02
  Iter  60, [ 1] :    7.089568e-02
  Iter  80, [ 1] :    4.543852e-02
  Iter 100, [ 1] :    4.436940e-02
  Iter 120, [ 1] :    4.177467e-02
  Iter 140, [ 1] :    3.948131e-02
  Iter 160, [ 1] :    3.906351e-02
  Iter 180, [ 1] :    3.887894e-02
  Iter 200, [ 1] :    3.713103e-02
WARNING: NOX::Direction::Newton::compute() - Linear solve failed to achieve convergence - using the step anyway since "Rescue Bad Newton Solve" is true 

************************************************************************
-- Nonlinear Solver Step 30 -- 
||F|| = 2.327e+03  step = 5.000e-01  dx = 3.526e+01
************************************************************************

  
  *******************************************************
  ***** Belos Iterative Solver:  Block Gmres 
  ***** Maximum Iterations: 200
  ***** Block Size: 1
  ***** Residual Test: 
  *****   Test 1 : Belos::StatusTestImpResNorm<>: (2-Norm Res Vec) / (2-Norm Res0), tol = 1e-08
  *******************************************************
  Iter   0, [ 1] :    1.000000e+00
  Iter  20, [ 1] :    2.141555e-01
  Iter  40, [ 1] :    9.374385e-02
  Iter  60, [ 1] :    7.783720e-02
  Iter  80, [ 1] :    7.388456e-02
  Iter 100, [ 1] :    7.096555e-02
  Iter 120, [ 1] :    6.957437e-02
  Iter 140, [ 1] :    6.906144e-02
  Iter 160, [ 1] :    6.796259e-02
  Iter 180, [ 1] :    6.643241e-02
  Iter 200, [ 1] :    4.260957e-02
WARNING: NOX::Direction::Newton::compute() - Linear solve failed to achieve convergence - using the step anyway since "Rescue Bad Newton Solve" is true 

************************************************************************
-- Nonlinear Solver Step 31 -- 
||F|| = 2.327e+03  step = 1.000e+00  dx = 6.038e+01
************************************************************************

  
  *******************************************************
  ***** Belos Iterative Solver:  Block Gmres 
  ***** Maximum Iterations: 200
  ***** Block Size: 1
  ***** Residual Test: 
  *****   Test 1 : Belos::StatusTestImpResNorm<>: (2-Norm Res Vec) / (2-Norm Res0), tol = 1e-08
  *******************************************************
  Iter   0, [ 1] :    1.000000e+00
  Iter  20, [ 1] :    2.487858e-01
  Iter  40, [ 1] :    1.650698e-01
  Iter  60, [ 1] :    6.637067e-02
  Iter  80, [ 1] :    4.712723e-02
  Iter 100, [ 1] :    4.048126e-02
  Iter 120, [ 1] :    3.554886e-02
  Iter 140, [ 1] :    2.555025e-02
  Iter 160, [ 1] :    2.324082e-02
  Iter 180, [ 1] :    1.896731e-02
  Iter 200, [ 1] :    1.726723e-02
WARNING: NOX::Direction::Newton::compute() - Linear solve failed to achieve convergence - using the step anyway since "Rescue Bad Newton Solve" is true 

************************************************************************
-- Nonlinear Solver Step 32 -- 
||F|| = 1.209e+03  step = 5.000e-01  dx = 2.969e+01
************************************************************************

  
  *******************************************************
  ***** Belos Iterative Solver:  Block Gmres 
  ***** Maximum Iterations: 200
  ***** Block Size: 1
  ***** Residual Test: 
  *****   Test 1 : Belos::StatusTestImpResNorm<>: (2-Norm Res Vec) / (2-Norm Res0), tol = 1e-08
  *******************************************************
  Iter   0, [ 1] :    1.000000e+00
  Iter  20, [ 1] :    2.617396e-01
  Iter  40, [ 1] :    1.654288e-01
  Iter  60, [ 1] :    7.459213e-02
  Iter  80, [ 1] :    5.688037e-02
  Iter 100, [ 1] :    5.250902e-02
  Iter 120, [ 1] :    4.835686e-02
  Iter 140, [ 1] :    4.695851e-02
  Iter 160, [ 1] :    4.598559e-02
  Iter 180, [ 1] :    3.943692e-02
  Iter 200, [ 1] :    2.456994e-02
WARNING: NOX::Direction::Newton::compute() - Linear solve failed to achieve convergence - using the step anyway since "Rescue Bad Newton Solve" is true 

************************************************************************
-- Nonlinear Solver Step 33 -- 
||F|| = 1.141e+03  step = 1.000e+00  dx = 3.798e+01
************************************************************************

  
  *******************************************************
  ***** Belos Iterative Solver:  Block Gmres 
  ***** Maximum Iterations: 200
  ***** Block Size: 1
  ***** Residual Test: 
  *****   Test 1 : Belos::StatusTestImpResNorm<>: (2-Norm Res Vec) / (2-Norm Res0), tol = 1e-08
  *******************************************************
  Iter   0, [ 1] :    1.000000e+00
  Iter  20, [ 1] :    1.541482e-01
  Iter  40, [ 1] :    5.076428e-02
  Iter  60, [ 1] :    3.421146e-02
  Iter  80, [ 1] :    2.892317e-02
  Iter 100, [ 1] :    2.701058e-02
  Iter 120, [ 1] :    2.585761e-02
  Iter 140, [ 1] :    2.395901e-02
  Iter 160, [ 1] :    2.369089e-02
  Iter 180, [ 1] :    2.163646e-02
  Iter 200, [ 1] :    1.438484e-02
WARNING: NOX::Direction::Newton::compute() - Linear solve failed to achieve convergence - using the step anyway since "Rescue Bad Newton Solve" is true 

************************************************************************
-- Nonlinear Solver Step 34 -- 
||F|| = 4.965e+02  step = 5.000e-01  dx = 6.440e+01
************************************************************************

  
  *******************************************************
  ***** Belos Iterative Solver:  Block Gmres 
  ***** Maximum Iterations: 200
  ***** Block Size: 1
  ***** Residual Test: 
  *****   Test 1 : Belos::StatusTestImpResNorm<>: (2-Norm Res Vec) / (2-Norm Res0), tol = 1e-08
  *******************************************************
  Iter   0, [ 1] :    1.000000e+00
  Iter  20, [ 1] :    1.452639e-01
  Iter  40, [ 1] :    5.941155e-02
  Iter  60, [ 1] :    4.081089e-02
  Iter  80, [ 1] :    3.121722e-02
  Iter 100, [ 1] :    2.739073e-02
  Iter 120, [ 1] :    2.583357e-02
  Iter 140, [ 1] :    1.848035e-02
  Iter 160, [ 1] :    1.091895e-02
  Iter 180, [ 1] :    7.306776e-03
  Iter 200, [ 1] :    6.794045e-03
WARNING: NOX::Direction::Newton::compute() - Linear solve failed to achieve convergence - using the step anyway since "Rescue Bad Newton Solve" is true 

************************************************************************
-- Nonlinear Solver Step 35 -- 
||F|| = 3.803e+02  step = 1.000e+00  dx = 4.415e+01
************************************************************************

  
  *******************************************************
  ***** Belos Iterative Solver:  Block Gmres 
  ***** Maximum Iterations: 200
  ***** Block Size: 1
  ***** Residual Test: 
  *****   Test 1 : Belos::StatusTestImpResNorm<>: (2-Norm Res Vec) / (2-Norm Res0), tol = 1e-08
  *******************************************************
  Iter   0, [ 1] :    1.000000e+00
  Iter  20, [ 1] :    8.454915e-02
  Iter  40, [ 1] :    2.386328e-02
  Iter  60, [ 1] :    1.986480e-02
  Iter  80, [ 1] :    1.971579e-02
  Iter 100, [ 1] :    1.955930e-02
  Iter 120, [ 1] :    1.947243e-02
  Iter 140, [ 1] :    1.902441e-02
  Iter 160, [ 1] :    1.836196e-02
  Iter 180, [ 1] :    1.329211e-02
  Iter 200, [ 1] :    7.394573e-03
WARNING: NOX::Direction::Newton::compute() - Linear solve failed to achieve convergence - using the step anyway since "Rescue Bad Newton Solve" is true 

************************************************************************
-- Nonlinear Solver Step 36 -- 
||F|| = 7.950e+01  step = 5.000e-01  dx = 5.075e+01
************************************************************************

  
  *******************************************************
  ***** Belos Iterative Solver:  Block Gmres 
  ***** Maximum Iterations: 200
  ***** Block Size: 1
  ***** Residual Test: 
  *****   Test 1 : Belos::StatusTestImpResNorm<>: (2-Norm Res Vec) / (2-Norm Res0), tol = 1e-08
  *******************************************************
  Iter   0, [ 1] :    1.000000e+00
  Iter  20, [ 1] :    8.690847e-02
  Iter  40, [ 1] :    3.965876e-02
  Iter  60, [ 1] :    3.565455e-02
  Iter  80, [ 1] :    3.479293e-02
  Iter 100, [ 1] :    3.460891e-02
  Iter 120, [ 1] :    3.429501e-02
  Iter 140, [ 1] :    3.378319e-02
  Iter 160, [ 1] :    3.337268e-02
  Iter 180, [ 1] :    3.152820e-02
  Iter 200, [ 1] :    2.072315e-02
WARNING: NOX::Direction::Newton::compute() - Linear solve failed to achieve convergence - using the step anyway since "Rescue Bad Newton Solve" is true 

************************************************************************
-- Nonlinear Solver Step 37 -- 
||F|| = 2.819e+00  step = 1.000e+00  dx = 3.972e+01
************************************************************************

  
  *******************************************************
  ***** Belos Iterative Solver:  Block Gmres 
  ***** Maximum Iterations: 200
  ***** Block Size: 1
  ***** Residual Test: 
  *****   Test 1 : Belos::StatusTestImpResNorm<>: (2-Norm Res Vec) / (2-Norm Res0), tol = 1e-08
  *******************************************************
  Iter   0, [ 1] :    1.000000e+00
  Iter  20, [ 1] :    7.003962e-01
  Iter  40, [ 1] :    5.388083e-01
  Iter  60, [ 1] :    4.783382e-01
  Iter  80, [ 1] :    4.134030e-01
  Iter 100, [ 1] :    4.007031e-01
  Iter 120, [ 1] :    3.953988e-01
  Iter 140, [ 1] :    3.856697e-01
  Iter 160, [ 1] :    3.824567e-01
  Iter 180, [ 1] :    3.807220e-01
  Iter 200, [ 1] :    3.751580e-01
WARNING: NOX::Direction::Newton::compute() - Linear solve failed to achieve convergence - using the step anyway since "Rescue Bad Newton Solve" is true 

************************************************************************
-- Nonlinear Solver Step 38 -- 
||F|| = 2.125e+00  step = 1.000e+00  dx = 2.336e+01
************************************************************************

  
  *******************************************************
  ***** Belos Iterative Solver:  Block Gmres 
  ***** Maximum Iterations: 200
  ***** Block Size: 1
  ***** Residual Test: 
  *****   Test 1 : Belos::StatusTestImpResNorm<>: (2-Norm Res Vec) / (2-Norm Res0), tol = 1e-08
  *******************************************************
  Iter   0, [ 1] :    1.000000e+00
  Iter  20, [ 1] :    6.999102e-01
  Iter  40, [ 1] :    5.091336e-01
  Iter  60, [ 1] :    5.011989e-01
  Iter  80, [ 1] :    4.859386e-01
  Iter 100, [ 1] :    4.821912e-01
  Iter 120, [ 1] :    4.802732e-01
  Iter 140, [ 1] :    4.787443e-01
  Iter 160, [ 1] :    4.727509e-01
  Iter 180, [ 1] :    4.093637e-01
  Iter 200, [ 1] :    3.764757e-01
WARNING: NOX::Direction::Newton::compute() - Linear solve failed to achieve convergence - using the step anyway since "Rescue Bad Newton Solve" is true 

************************************************************************
-- Nonlinear Solver Step 39 -- 
||F|| = 1.772e+00  step = 5.000e-01  dx = 5.292e+01
************************************************************************

  
  *******************************************************
  ***** Belos Iterative Solver:  Block Gmres 
  ***** Maximum Iterations: 200
  ***** Block Size: 1
  ***** Residual Test: 
  *****   Test 1 : Belos::StatusTestImpResNorm<>: (2-Norm Res Vec) / (2-Norm Res0), tol = 1e-08
  *******************************************************
  Iter   0, [ 1] :    1.000000e+00
  Iter  20, [ 1] :    6.268293e-01
  Iter  40, [ 1] :    5.083836e-01
  Iter  60, [ 1] :    4.770387e-01
  Iter  80, [ 1] :    4.556727e-01
  Iter 100, [ 1] :    4.492999e-01
  Iter 120, [ 1] :    4.412823e-01
  Iter 140, [ 1] :    4.300579e-01
  Iter 160, [ 1] :    4.237771e-01
  Iter 180, [ 1] :    4.161013e-01
  Iter 200, [ 1] :    4.088845e-01
WARNING: NOX::Direction::Newton::compute() - Linear solve failed to achieve convergence - using the step anyway since "Rescue Bad Newton Solve" is true 

************************************************************************
-- Nonlinear Solver Step 40 -- 
||F|| = 1.297e+00  step = 5.000e-01  dx = 4.862e+01
************************************************************************

  
  *******************************************************
  ***** Belos Iterative Solver:  Block Gmres 
  ***** Maximum Iterations: 200
  ***** Block Size: 1
  ***** Residual Test: 
  *****   Test 1 : Belos::StatusTestImpResNorm<>: (2-Norm Res Vec) / (2-Norm Res0), tol = 1e-08
  *******************************************************
  Iter   0, [ 1] :    1.000000e+00
  Iter  20, [ 1] :    6.723793e-01
  Iter  40, [ 1] :    5.963663e-01
  Iter  60, [ 1] :    5.809675e-01
  Iter  80, [ 1] :    5.749086e-01
  Iter 100, [ 1] :    5.742138e-01
  Iter 120, [ 1] :    5.716697e-01
  Iter 140, [ 1] :    5.510508e-01
  Iter 160, [ 1] :    5.137479e-01
  Iter 180, [ 1] :    4.593662e-01
  Iter 200, [ 1] :    4.107371e-01
WARNING: NOX::Direction::Newton::compute() - Linear solve failed to achieve convergence - using the step anyway since "Rescue Bad Newton Solve" is true 

************************************************************************
-- Nonlinear Solver Step 41 -- 
||F|| = 1.006e+00  step = 5.000e-01  dx = 1.374e+02
************************************************************************

  
  *******************************************************
  ***** Belos Iterative Solver:  Block Gmres 
  ***** Maximum Iterations: 200
  ***** Block Size: 1
  ***** Residual Test: 
  *****   Test 1 : Belos::StatusTestImpResNorm<>: (2-Norm Res Vec) / (2-Norm Res0), tol = 1e-08
  *******************************************************
  Iter   0, [ 1] :    1.000000e+00
  Iter  20, [ 1] :    6.758386e-01
  Iter  40, [ 1] :    6.229065e-01
  Iter  60, [ 1] :    6.052514e-01
  Iter  80, [ 1] :    6.015934e-01
  Iter 100, [ 1] :    6.000090e-01
  Iter 120, [ 1] :    5.989061e-01
  Iter 140, [ 1] :    5.906537e-01
  Iter 160, [ 1] :    5.821761e-01
  Iter 180, [ 1] :    5.327724e-01
  Iter 200, [ 1] :    5.242564e-01
WARNING: NOX::Direction::Newton::compute() - Linear solve failed to achieve convergence - using the step anyway since "Rescue Bad Newton Solve" is true 

************************************************************************
-- Nonlinear Solver Step 42 -- 
||F|| = 8.272e-01  step = 1.000e+00  dx = 4.871e+01
************************************************************************

  
  *******************************************************
  ***** Belos Iterative Solver:  Block Gmres 
  ***** Maximum Iterations: 200
  ***** Block Size: 1
  ***** Residual Test: 
  *****   Test 1 : Belos::StatusTestImpResNorm<>: (2-Norm Res Vec) / (2-Norm Res0), tol = 1e-08
  *******************************************************
  Iter   0, [ 1] :    1.000000e+00
  Iter  20, [ 1] :    6.864663e-01
  Iter  40, [ 1] :    6.550435e-01
  Iter  60, [ 1] :    6.523620e-01
  Iter  80, [ 1] :    6.509539e-01
  Iter 100, [ 1] :    6.476078e-01
  Iter 120, [ 1] :    6.464834e-01
  Iter 140, [ 1] :    6.460437e-01
  Iter 160, [ 1] :    6.288210e-01
  Iter 180, [ 1] :    5.752911e-01
  Iter 200, [ 1] :    5.532426e-01
WARNING: NOX::Direction::Newton::compute() - Linear solve failed to achieve convergence - using the step anyway since "Rescue Bad Newton Solve" is true 

************************************************************************
-- Nonlinear Solver Step 43 -- 
||F|| = 4.657e-01  step = 5.000e-01  dx = 2.780e+01
************************************************************************

  
  *******************************************************
  ***** Belos Iterative Solver:  Block Gmres 
  ***** Maximum Iterations: 200
  ***** Block Size: 1
  ***** Residual Test: 
  *****   Test 1 : Belos::StatusTestImpResNorm<>: (2-Norm Res Vec) / (2-Norm Res0), tol = 1e-08
  *******************************************************
  Iter   0, [ 1] :    1.000000e+00
  Iter  20, [ 1] :    9.963220e-01
  Iter  40, [ 1] :    9.959079e-01
  Iter  60, [ 1] :    9.954412e-01
  Iter  80, [ 1] :    9.949939e-01
  Iter 100, [ 1] :    9.947080e-01
  Iter 120, [ 1] :    9.944920e-01
  Iter 140, [ 1] :    9.941221e-01
  Iter 160, [ 1] :    9.921610e-01
  Iter 180, [ 1] :    9.805550e-01
  Iter 200, [ 1] :    9.529040e-01
WARNING: NOX::Direction::Newton::compute() - Linear solve failed to achieve convergence - using the step anyway since "Rescue Bad Newton Solve" is true 

************************************************************************
-- Nonlinear Solver Step 44 -- 
||F|| = 4.445e-01  step = 1.000e+00  dx = 1.873e+01
************************************************************************

  
  *******************************************************
  ***** Belos Iterative Solver:  Block Gmres 
  ***** Maximum Iterations: 200
  ***** Block Size: 1
  ***** Residual Test: 
  *****   Test 1 : Belos::StatusTestImpResNorm<>: (2-Norm Res Vec) / (2-Norm Res0), tol = 1e-08
  *******************************************************
  Iter   0, [ 1] :    1.000000e+00
  Iter  20, [ 1] :    9.958450e-01
  Iter  40, [ 1] :    9.843052e-01
  Iter  60, [ 1] :    9.810984e-01
  Iter  80, [ 1] :    9.803114e-01
  Iter 100, [ 1] :    9.799539e-01
  Iter 120, [ 1] :    9.789520e-01
  Iter 140, [ 1] :    9.783164e-01
  Iter 160, [ 1] :    9.751371e-01
  Iter 180, [ 1] :    9.713586e-01
  Iter 200, [ 1] :    9.656763e-01
WARNING: NOX::Direction::Newton::compute() - Linear solve failed to achieve convergence - using the step anyway since "Rescue Bad Newton Solve" is true 

************************************************************************
-- Nonlinear Solver Step 45 -- 
||F|| = 4.286e-01  step = 1.000e+00  dx = 9.005e+00
************************************************************************

  
  *******************************************************
  ***** Belos Iterative Solver:  Block Gmres 
  ***** Maximum Iterations: 200
  ***** Block Size: 1
  ***** Residual Test: 
  *****   Test 1 : Belos::StatusTestImpResNorm<>: (2-Norm Res Vec) / (2-Norm Res0), tol = 1e-08
  *******************************************************
  Iter   0, [ 1] :    1.000000e+00
  Iter  20, [ 1] :    9.897602e-01
  Iter  40, [ 1] :    9.742724e-01
  Iter  60, [ 1] :    9.515492e-01
  Iter  80, [ 1] :    9.414338e-01
  Iter 100, [ 1] :    9.331995e-01
  Iter 120, [ 1] :    9.317123e-01
  Iter 140, [ 1] :    9.218513e-01
  Iter 160, [ 1] :    8.995813e-01
  Iter 180, [ 1] :    8.591547e-01
  Iter 200, [ 1] :    7.311185e-01
WARNING: NOX::Direction::Newton::compute() - Linear solve failed to achieve convergence - using the step anyway since "Rescue Bad Newton Solve" is true 

************************************************************************
-- Nonlinear Solver Step 46 -- 
||F|| = 3.285e-01  step = 1.000e+00  dx = 7.879e+01
************************************************************************

  
  *******************************************************
  ***** Belos Iterative Solver:  Block Gmres 
  ***** Maximum Iterations: 200
  ***** Block Size: 1
  ***** Residual Test: 
  *****   Test 1 : Belos::StatusTestImpResNorm<>: (2-Norm Res Vec) / (2-Norm Res0), tol = 1e-08
  *******************************************************
  Iter   0, [ 1] :    1.000000e+00
  Iter  20, [ 1] :    9.782114e-01
  Iter  40, [ 1] :    9.060119e-01
  Iter  60, [ 1] :    8.344663e-01
  Iter  80, [ 1] :    8.219662e-01
  Iter 100, [ 1] :    8.110845e-01
  Iter 120, [ 1] :    7.749300e-01
  Iter 140, [ 1] :    7.673043e-01
  Iter 160, [ 1] :    7.439829e-01
  Iter 180, [ 1] :    7.125812e-01
  Iter 200, [ 1] :    6.515980e-01
WARNING: NOX::Direction::Newton::compute() - Linear solve failed to achieve convergence - using the step anyway since "Rescue Bad Newton Solve" is true 

************************************************************************
-- Nonlinear Solver Step 47 -- 
||F|| = 2.150e-01  step = 1.000e+00  dx = 2.076e+01
************************************************************************

  
  *******************************************************
  ***** Belos Iterative Solver:  Block Gmres 
  ***** Maximum Iterations: 200
  ***** Block Size: 1
  ***** Residual Test: 
  *****   Test 1 : Belos::StatusTestImpResNorm<>: (2-Norm Res Vec) / (2-Norm Res0), tol = 1e-08
  *******************************************************
  Iter   0, [ 1] :    1.000000e+00
  Iter  20, [ 1] :    9.976232e-01
  Iter  40, [ 1] :    9.968970e-01
  Iter  60, [ 1] :    9.952576e-01
  Iter  80, [ 1] :    9.915642e-01
  Iter 100, [ 1] :    9.899972e-01
  Iter 120, [ 1] :    9.874981e-01
  Iter 140, [ 1] :    9.846609e-01
  Iter 160, [ 1] :    9.812394e-01
  Iter 180, [ 1] :    9.766989e-01
  Iter 200, [ 1] :    9.585952e-01
WARNING: NOX::Direction::Newton::compute() - Linear solve failed to achieve convergence - using the step anyway since "Rescue Bad Newton Solve" is true 

************************************************************************
-- Nonlinear Solver Step 48 -- 
||F|| = 2.062e-01  step = 1.000e+00  dx = 4.848e+00
************************************************************************

  
  *******************************************************
  ***** Belos Iterative Solver:  Block Gmres 
  ***** Maximum Iterations: 200
  ***** Block Size: 1
  ***** Residual Test: 
  *****   Test 1 : Belos::StatusTestImpResNorm<>: (2-Norm Res Vec) / (2-Norm Res0), tol = 1e-08
  *******************************************************
  Iter   0, [ 1] :    1.000000e+00
  Iter  20, [ 1] :    9.878875e-01
  Iter  40, [ 1] :    9.533012e-01
  Iter  60, [ 1] :    9.140756e-01
  Iter  80, [ 1] :    8.913716e-01
  Iter 100, [ 1] :    8.852868e-01
  Iter 120, [ 1] :    8.756375e-01
  Iter 140, [ 1] :    8.539238e-01
  Iter 160, [ 1] :    7.782919e-01
  Iter 180, [ 1] :    7.026626e-01
  Iter 200, [ 1] :    5.436008e-01
WARNING: NOX::Direction::Newton::compute() - Linear solve failed to achieve convergence - using the step anyway since "Rescue Bad Newton Solve" is true 

************************************************************************
-- Nonlinear Solver Step 49 -- 
||F|| = 1.159e-01  step = 1.000e+00  dx = 3.844e+01
************************************************************************

  
  *******************************************************
  ***** Belos Iterative Solver:  Block Gmres 
  ***** Maximum Iterations: 200
  ***** Block Size: 1
  ***** Residual Test: 
  *****   Test 1 : Belos::StatusTestImpResNorm<>: (2-Norm Res Vec) / (2-Norm Res0), tol = 1e-08
  *******************************************************
  Iter   0, [ 1] :    1.000000e+00
  Iter  20, [ 1] :    9.807261e-01
  Iter  40, [ 1] :    9.483677e-01
  Iter  60, [ 1] :    9.047795e-01
  Iter  80, [ 1] :    8.796725e-01
  Iter 100, [ 1] :    8.513333e-01
  Iter 120, [ 1] :    8.501813e-01
  Iter 140, [ 1] :    8.473890e-01
  Iter 160, [ 1] :    8.463824e-01
  Iter 180, [ 1] :    8.307378e-01
  Iter 200, [ 1] :    7.465937e-01
WARNING: NOX::Direction::Newton::compute() - Linear solve failed to achieve convergence - using the step anyway since "Rescue Bad Newton Solve" is true 

************************************************************************
-- Nonlinear Solver Step 50 -- 
||F|| = 8.651e-02  step = 1.000e+00  dx = 1.525e+00 (Failed!)
************************************************************************

************************************************************************
-- Final Status Test Results --
Failed.......OR Combination -> 
  **...........F-Norm = 9.313e-05 < 1.000e-05
               (Length-Scaled Two-Norm, Absolute Tolerance)
  Failed.......Number of Iterations = 50 < 50
************************************************************************
*** Teuchos::StackedTimer::report() - Remainder for a level will be ***
*** incorrect if a timer in the level does not exist on every rank  ***
*** of the MPI Communicator.                                        ***
PyAlbany Total Time: 173.959 [2]
|   PyAlbany: Setup Time: 27.2397 - 15.6586% [1]
|   PyAlbany: performSolve: 146.72 - 84.3414% [1]
|   |   Piro::NOXSolver::evalModelImpl::solve: 146.717 - 99.9984% [1]
|   |   |   Thyra::NOXNonlinearSolver::solve: 146.717 - 99.9995% [1]
|   |   |   |   Thyra::DefaultModelEvaluatorWithSolveFactory<double>::evalModel(...): 11.9891 - 8.17162% [124]
|   |   |   |   |   Albany: Total Fill Time: 11.9844 - 99.9609% [124]
|   |   |   |   |   |   Albany Fill: Residual: 3.08603 - 25.7503% [74]
|   |   |   |   |   |   |   Phalanx::SortAndOrderEvaluators: 1.122e-06 - 3.63574e-05% [1]
|   |   |   |   |   |   |   Albany Residual Fill: Evaluate: 2.74575 - 88.9736% [74]
|   |   |   |   |   |   |   |   Phalanx: Evaluator 8: [<Residual>] LoadStateField(bed_topography)<Residual>: 0.0341279 - 1.24294% [74]
|   |   |   |   |   |   |   |   Phalanx: Evaluator 11: [<Residual>] Save Field bed_topography to State bed_topographyResidual: 0.318774 - 11.6097% [74]
|   |   |   |   |   |   |   |   Phalanx: Evaluator 5: [<Residual>] LoadStateField(surface_height)<Residual>: 0.0320751 - 1.16817% [74]
|   |   |   |   |   |   |   |   Phalanx: Evaluator 12: [<Residual>] Save Field surface_height to State surface_heightResidual: 0.320245 - 11.6633% [74]
|   |   |   |   |   |   |   |   Phalanx: Evaluator 31: [<Residual>] Shared Parameter Glen's Law Homotopy Parameter<Residual>: 0.00245393 - 0.0893719% [74]
|   |   |   |   |   |   |   |   Phalanx: Evaluator 2: [<Residual>] Gather Coordinate Vector<Residual>: 0.0638296 - 2.32467% [74]
|   |   |   |   |   |   |   |   Phalanx: Evaluator 25: [<Residual>] ComputeBasisFunctions<Residual>: 0.0202845 - 0.738758% [74]
|   |   |   |   |   |   |   |   Phalanx: Evaluator 0: [<Residual>] Gather Solution<Residual>: 0.0145972 - 0.53163% [74]
|   |   |   |   |   |   |   |   Phalanx: Evaluator 67: [<Residual>] FastSolutionVecGradInterpolationBase<Residual>: 0.0148241 - 0.539891% [74]
|   |   |   |   |   |   |   |   Phalanx: Evaluator 7: [<Residual>] LoadStateField(temperature)<Residual>: 0.380391 - 13.8538% [74]
|   |   |   |   |   |   |   |   Phalanx: Evaluator 78: [<Residual>] P0Interpolation[temperature] <Residual>: 0.00171822 - 0.0625773% [74]
|   |   |   |   |   |   |   |   Phalanx: Evaluator 24: [<Residual>] MapToPhysicalFrame<Residual>: 0.0218759 - 0.796716% [74]
|   |   |   |   |   |   |   |   Phalanx: Evaluator 26: [<Residual>] P0Interpolation[Coord Vec] <Residual>: 0.000915819 - 0.033354% [74]
|   |   |   |   |   |   |   |   Phalanx: Evaluator 76: [<Residual>] P0Interpolation[surface_height] <Residual>: 0.0382243 - 1.39212% [74]
|   |   |   |   |   |   |   |   Phalanx: Evaluator 3: [<Residual>] Pressure Corrected Temperature<Residual>: 0.0138498 - 0.504409% [74]
|   |   |   |   |   |   |   |   Phalanx: Evaluator 33: [<Residual>] ViscosityFO<Residual>: 0.00160626 - 0.0584997% [74]
|   |   |   |   |   |   |   |   Phalanx: Evaluator 34: [<Residual>] Dissipation: 0.0785472 - 2.86068% [74]
|   |   |   |   |   |   |   |   Phalanx: Evaluator 35: [<Residual>] P0Interpolation[LandIce Dissipation] <Residual>: 0.0186116 - 0.677832% [74]
|   |   |   |   |   |   |   |   Phalanx: Evaluator 36: [<Residual>] Save Field LandIce Dissipation to State dissipation_heatResidual: 0.504274 - 18.3656% [74]
|   |   |   |   |   |   |   |   Phalanx: Evaluator 75: [<Residual>] DOFGradInterpolationBase<Residual>: 0.0005786 - 0.0210725% [74]
|   |   |   |   |   |   |   |   Phalanx: Evaluator 37: [<Residual>] StokesFOBodyForce<Residual>: 0.00243684 - 0.0887494% [74]
|   |   |   |   |   |   |   |   Phalanx: Evaluator 66: [<Residual>] FastSolutionVecInterpolationBase<Residual>: 0.00140897 - 0.0513146% [74]
|   |   |   |   |   |   |   |   Phalanx: Evaluator 28: [<Residual>] StokesFOResid<Residual>: 0.123754 - 4.50712% [74]
|   |   |   |   |   |   |   |   Phalanx: Evaluator 63: [<Residual>] DOFCellToSide(Coord Vec -> Coord Vec_extruded_boundary_side_set_1)[Vertex Vector]<Residual>: 0.303667 - 11.0595% [74]
|   |   |   |   |   |   |   |   Phalanx: Evaluator 60: [<Residual>] ComputeBasisFunctionsSide<Residual>: 0.0216678 - 0.789138% [74]
|   |   |   |   |   |   |   |   Phalanx: Evaluator 101: [<Residual>] DOFCellToSide(surface_height -> surface_height_extruded_boundary_side_set_1)[Node Scalar]<Residual>: 0.000266043 - 0.00968925% [74]
|   |   |   |   |   |   |   |   Phalanx: Evaluator 103: [<Residual>] DOFInterpolationSide<Residual>: 0.000318654 - 0.0116053% [74]
|   |   |   |   |   |   |   |   Phalanx: Evaluator 4: [<Residual>] LoadStateField(ice_thickness)<Residual>: 0.0348707 - 1.26999% [74]
|   |   |   |   |   |   |   |   Phalanx: Evaluator 99: [<Residual>] DOFCellToSide(ice_thickness -> ice_thickness_extruded_boundary_side_set_1)[Node Scalar]<Residual>: 0.00026157 - 0.00952635% [74]
|   |   |   |   |   |   |   |   Phalanx: Evaluator 100: [<Residual>] DOFInterpolationSide<Residual>: 0.00396051 - 0.144241% [74]
|   |   |   |   |   |   |   |   Phalanx: Evaluator 38: [<Residual>] StokesFOLateralResid<Residual>: 0.00174767 - 0.0636499% [74]
|   |   |   |   |   |   |   |   Phalanx: Evaluator 59: [<Residual>] DOFCellToSide(Coord Vec -> Coord Vec_basalside)[Vertex Vector]<Residual>: 0.00544676 - 0.19837% [74]
|   |   |   |   |   |   |   |   Phalanx: Evaluator 56: [<Residual>] ComputeBasisFunctionsSide<Residual>: 0.0120312 - 0.438175% [74]
|   |   |   |   |   |   |   |   Phalanx: Evaluator 49: [<Residual>] Shared Parameter Power Exponent<Residual>: 0.00247655 - 0.0901958% [74]
|   |   |   |   |   |   |   |   Phalanx: Evaluator 18: [<Residual>] Load Side Set Field log_basal_friction_basalside from Side Set State log_basal_friction<Residual>: 0.0169767 - 0.61829% [74]
|   |   |   |   |   |   |   |   Phalanx: Evaluator 91: [<Residual>] DOFInterpolationSide<Residual>: 0.000251316 - 0.0091529% [74]
|   |   |   |   |   |   |   |   Phalanx: Evaluator 13: [<Residual>] Load Side Set Field ice_thickness_basalside from Side Set State ice_thickness<Residual>: 0.0183044 - 0.666645% [74]
|   |   |   |   |   |   |   |   Phalanx: Evaluator 17: [<Residual>] Load Side Set Field bed_topography_basalside from Side Set State bed_topography<Residual>: 0.0154341 - 0.562107% [74]
|   |   |   |   |   |   |   |   Phalanx: Evaluator 50: [<Residual>] BasalFrictionCoefficient<Residual>: 0.00182198 - 0.0663564% [74]
|   |   |   |   |   |   |   |   Phalanx: Evaluator 79: [<Residual>] DOFCellToSide(Velocity -> Velocity_basalside)[Node Vector]<Residual>: 0.00416623 - 0.151734% [74]
|   |   |   |   |   |   |   |   Phalanx: Evaluator 80: [<Residual>] DOFVecInterpolationSide<Residual>: 0.00382166 - 0.139184% [74]
|   |   |   |   |   |   |   |   Phalanx: Evaluator 39: [<Residual>] StokesFOBasalResid<Residual>: 0.00330471 - 0.120357% [74]
|   |   |   |   |   |   |   |   Phalanx: Evaluator 1: [<Residual>] Scatter Velocity Residual<Residual>: 0.00565729 - 0.206038% [74]
|   |   |   |   |   |   |   |   Remainder: 0.279896 - 10.1938%
|   |   |   |   |   |   |   Albany Residual Fill: Export: 0.00469603 - 0.152171% [74]
|   |   |   |   |   |   |   Remainder: 0.335582 - 10.8742%
|   |   |   |   |   |   Albany Fill: Jacobian: 8.89681 - 74.2364% [50]
|   |   |   |   |   |   |   Phalanx::SortAndOrderEvaluators: 7.32e-07 - 8.22767e-06% [1]
|   |   |   |   |   |   |   Albany Jacobian Fill: Evaluate: 7.45069 - 83.7456% [50]
|   |   |   |   |   |   |   |   Phalanx: Evaluator 141: [<Jacobian>] Shared Parameter Glen's Law Homotopy Parameter<Jacobian>: 0.000538013 - 0.00722099% [50]
|   |   |   |   |   |   |   |   Phalanx: Evaluator 112: [<Jacobian>] Gather Coordinate Vector<Jacobian>: 0.0636133 - 0.853791% [50]
|   |   |   |   |   |   |   |   Phalanx: Evaluator 135: [<Jacobian>] ComputeBasisFunctions<Jacobian>: 0.0202696 - 0.27205% [50]
|   |   |   |   |   |   |   |   Phalanx: Evaluator 110: [<Jacobian>] Gather Solution<Jacobian>: 0.0134255 - 0.180191% [50]
|   |   |   |   |   |   |   |   Phalanx: Evaluator 177: [<Jacobian>] FastSolutionVecGradInterpolationBase<Jacobian>: 0.0529116 - 0.710157% [50]
|   |   |   |   |   |   |   |   Phalanx: Evaluator 117: [<Jacobian>] LoadStateField(temperature)<Jacobian>: 0.786862 - 10.5609% [50]
|   |   |   |   |   |   |   |   Phalanx: Evaluator 187: [<Jacobian>] P0Interpolation[temperature] <Jacobian>: 0.000934202 - 0.0125385% [50]
|   |   |   |   |   |   |   |   Phalanx: Evaluator 134: [<Jacobian>] MapToPhysicalFrame<Jacobian>: 0.0162762 - 0.218453% [50]
|   |   |   |   |   |   |   |   Phalanx: Evaluator 136: [<Jacobian>] P0Interpolation[Coord Vec] <Jacobian>: 0.00066322 - 0.00890146% [50]
|   |   |   |   |   |   |   |   Phalanx: Evaluator 115: [<Jacobian>] LoadStateField(surface_height)<Jacobian>: 0.054361 - 0.729611% [50]
|   |   |   |   |   |   |   |   Phalanx: Evaluator 185: [<Jacobian>] P0Interpolation[surface_height] <Jacobian>: 0.000502599 - 0.00674567% [50]
|   |   |   |   |   |   |   |   Phalanx: Evaluator 113: [<Jacobian>] Pressure Corrected Temperature<Jacobian>: 0.0129359 - 0.17362% [50]
|   |   |   |   |   |   |   |   Phalanx: Evaluator 143: [<Jacobian>] ViscosityFO<Jacobian>: 0.00133366 - 0.0178999% [50]
|   |   |   |   |   |   |   |   Phalanx: Evaluator 184: [<Jacobian>] DOFGradInterpolationBase<Jacobian>: 0.428447 - 5.75043% [50]
|   |   |   |   |   |   |   |   Phalanx: Evaluator 147: [<Jacobian>] StokesFOBodyForce<Jacobian>: 0.00244264 - 0.0327841% [50]
|   |   |   |   |   |   |   |   Phalanx: Evaluator 176: [<Jacobian>] FastSolutionVecInterpolationBase<Jacobian>: 0.00327277 - 0.0439258% [50]
|   |   |   |   |   |   |   |   Phalanx: Evaluator 138: [<Jacobian>] StokesFOResid<Jacobian>: 0.266292 - 3.57406% [50]
|   |   |   |   |   |   |   |   Phalanx: Evaluator 173: [<Jacobian>] DOFCellToSide(Coord Vec -> Coord Vec_extruded_boundary_side_set_1)[Vertex Vector]<Jacobian>: 5.28272 - 70.9025% [50]
|   |   |   |   |   |   |   |   Phalanx: Evaluator 170: [<Jacobian>] ComputeBasisFunctionsSide<Jacobian>: 0.018028 - 0.241964% [50]
|   |   |   |   |   |   |   |   Phalanx: Evaluator 210: [<Jacobian>] DOFCellToSide(surface_height -> surface_height_extruded_boundary_side_set_1)[Node Scalar]<Jacobian>: 0.000165314 - 0.00221878% [50]
|   |   |   |   |   |   |   |   Phalanx: Evaluator 212: [<Jacobian>] DOFInterpolationSide<Jacobian>: 0.000197869 - 0.00265572% [50]
|   |   |   |   |   |   |   |   Phalanx: Evaluator 114: [<Jacobian>] LoadStateField(ice_thickness)<Jacobian>: 0.0348544 - 0.467801% [50]
|   |   |   |   |   |   |   |   Phalanx: Evaluator 208: [<Jacobian>] DOFCellToSide(ice_thickness -> ice_thickness_extruded_boundary_side_set_1)[Node Scalar]<Jacobian>: 0.000157882 - 0.00211903% [50]
|   |   |   |   |   |   |   |   Phalanx: Evaluator 209: [<Jacobian>] DOFInterpolationSide<Jacobian>: 0.00371258 - 0.0498287% [50]
|   |   |   |   |   |   |   |   Phalanx: Evaluator 148: [<Jacobian>] StokesFOLateralResid<Jacobian>: 0.00115981 - 0.0155664% [50]
|   |   |   |   |   |   |   |   Phalanx: Evaluator 169: [<Jacobian>] DOFCellToSide(Coord Vec -> Coord Vec_basalside)[Vertex Vector]<Jacobian>: 0.0783668 - 1.05181% [50]
|   |   |   |   |   |   |   |   Phalanx: Evaluator 166: [<Jacobian>] ComputeBasisFunctionsSide<Jacobian>: 0.0110835 - 0.148758% [50]
|   |   |   |   |   |   |   |   Phalanx: Evaluator 159: [<Jacobian>] Shared Parameter Power Exponent<Jacobian>: 0.00198594 - 0.0266544% [50]
|   |   |   |   |   |   |   |   Phalanx: Evaluator 128: [<Jacobian>] Load Side Set Field log_basal_friction_basalside from Side Set State log_basal_friction<Jacobian>: 0.0170018 - 0.228191% [50]
|   |   |   |   |   |   |   |   Phalanx: Evaluator 200: [<Jacobian>] DOFInterpolationSide<Jacobian>: 0.000164887 - 0.00221304% [50]
|   |   |   |   |   |   |   |   Phalanx: Evaluator 123: [<Jacobian>] Load Side Set Field ice_thickness_basalside from Side Set State ice_thickness<Jacobian>: 0.018687 - 0.250809% [50]
|   |   |   |   |   |   |   |   Phalanx: Evaluator 127: [<Jacobian>] Load Side Set Field bed_topography_basalside from Side Set State bed_topography<Jacobian>: 0.0152308 - 0.204422% [50]
|   |   |   |   |   |   |   |   Phalanx: Evaluator 160: [<Jacobian>] BasalFrictionCoefficient<Jacobian>: 0.00133892 - 0.0179704% [50]
|   |   |   |   |   |   |   |   Phalanx: Evaluator 188: [<Jacobian>] DOFCellToSide(Velocity -> Velocity_basalside)[Node Vector]<Jacobian>: 0.00545812 - 0.0732567% [50]
|   |   |   |   |   |   |   |   Phalanx: Evaluator 189: [<Jacobian>] DOFVecInterpolationSide<Jacobian>: 0.0163331 - 0.219216% [50]
|   |   |   |   |   |   |   |   Phalanx: Evaluator 149: [<Jacobian>] StokesFOBasalResid<Jacobian>: 0.020679 - 0.277544% [50]
|   |   |   |   |   |   |   |   Phalanx: Evaluator 111: [<Jacobian>] Scatter Velocity Residual<Jacobian>: 0.0452741 - 0.60765% [50]
|   |   |   |   |   |   |   |   Remainder: 0.153005 - 2.05357%
|   |   |   |   |   |   |   Albany Jacobian Fill: Export: 0.0028006 - 0.0314787% [50]
|   |   |   |   |   |   |   Remainder: 1.44332 - 16.2229%
|   |   |   |   |   |   Remainder: 0.00159439 - 0.0133038%
|   |   |   |   |   Remainder: 0.00468402 - 0.0390689%
|   |   |   |   NOX Total Preconditioner Construction: 53.2483 - 36.2933% [50]
|   |   |   |   |   ThyraMueLu::initializePrec: 52.7851 - 99.13% [50]
|   |   |   |   |   |   MueLu: ParameterListInterpreter (ParameterList): 0.0382644 - 0.0724909% [50]
|   |   |   |   |   |   Ifpack2::Relaxation::initialize: 0.688761 - 1.30484% [150]
|   |   |   |   |   |   Ifpack2::Relaxation::compute: 0.0564841 - 0.107008% [150]
|   |   |   |   |   |   Utilities_kokkos::GetMatrixDiagonalInverse: 0.00315546 - 0.00597795% [50]
|   |   |   |   |   |   Remainder: 51.9984 - 98.5097%
|   |   |   |   |   Remainder: 0.463284 - 0.870045%
|   |   |   |   NOX Total Linear Solve: 81.4344 - 55.5046% [50]
|   |   |   |   |   Stratimikos: BelosLOWS: 81.4343 - 99.9998% [50]
|   |   |   |   |   |   Belos: Operation Op*x: 0.0588723 - 0.0722942% [50]
|   |   |   |   |   |   Belos::MVT::MvAddMv: 0.000500559 - 0.000614678% [50]
|   |   |   |   |   |   Belos: BlockGmresSolMgr total solve time: 80.7498 - 99.1594% [50]
|   |   |   |   |   |   |   Belos: ICGS[2]: Orthogonalization: 27.2374 - 33.7307% [10019]
|   |   |   |   |   |   |   |   Belos: ICGS[2]: Ortho (Norm): 0.375015 - 1.37684% [10019]
|   |   |   |   |   |   |   |   |   Belos::MVT::MvDot: 0.364743 - 97.2609% [10019]
|   |   |   |   |   |   |   |   |   Remainder: 0.0102719 - 2.73907%
|   |   |   |   |   |   |   |   Belos::MVT::MvScale: 0.052482 - 0.192683% [10019]
|   |   |   |   |   |   |   |   Belos: ICGS[2]: Ortho (Inner Product): 14.8261 - 54.433% [19938]
|   |   |   |   |   |   |   |   |   Belos::MVT::MvTransMv: 14.8018 - 99.8359% [19938]
|   |   |   |   |   |   |   |   |   Remainder: 0.0243322 - 0.164117%
|   |   |   |   |   |   |   |   Belos: ICGS[2]: Ortho (Update): 11.9084 - 43.7207% [19938]
|   |   |   |   |   |   |   |   |   Belos::MVT::MvTimesMatAddMv: 11.8865 - 99.8161% [19938]
|   |   |   |   |   |   |   |   |   Remainder: 0.0219013 - 0.183915%
|   |   |   |   |   |   |   |   Remainder: 0.0754042 - 0.27684%
|   |   |   |   |   |   |   Belos::MVT::MvAddMv: 0.000958249 - 0.00118669% [104]
|   |   |   |   |   |   |   Belos::MVT::MvNorm: 0.0602806 - 0.0746511% [52]
|   |   |   |   |   |   |   Belos: Operation Prec*x: 29.4904 - 36.5208% [10019]
|   |   |   |   |   |   |   |   Ifpack2::Relaxation::apply: 7.59554 - 25.7559% [50095]
|   |   |   |   |   |   |   |   Remainder: 21.8949 - 74.2441%
|   |   |   |   |   |   |   Belos: Operation Op*x: 21.51 - 26.6379% [9971]
|   |   |   |   |   |   |   Belos::MVT::MvTimesMatAddMv: 0.118768 - 0.147081% [50]
|   |   |   |   |   |   |   Remainder: 2.33188 - 2.88778%
|   |   |   |   |   |   Remainder: 0.625155 - 0.76768%
|   |   |   |   |   Remainder: 0.000122886 - 0.000150902%
|   |   |   |   Remainder: 0.0446652 - 0.0304432%
|   |   |   Remainder: 0.00072582 - 0.000494707%
|   |   Piro::SteadyStateSolver::evalConvergedModelResponsesAndSensitivities::calc g, df/dp, dg/dp, dg/dx: 0.00118465 - 0.000807421% [1]
|   |   |   Thyra::DefaultModelEvaluatorWithSolveFactory<double>::evalModel(...): 0.00111004 - 93.7024% [1]
|   |   |   |   Albany: Total Fill Time: 0.00108084 - 97.3698% [1]
|   |   |   |   |   Albany Fill: Response: 0.00106546 - 98.5761% [1]
|   |   |   |   |   Remainder: 1.539e-05 - 1.42389%
|   |   |   |   Remainder: 2.9196e-05 - 2.63017%
|   |   |   Remainder: 7.4604e-05 - 6.29758%
|   |   Remainder: 0.00113459 - 0.000773304%
|   Remainder: 1.2585e-05 - 7.23445e-06%
~PyProblem()
<PyAlbany.Albany_Pybind11.RCPPyParameterList object at 0x14e5ed48ed70>
<PyAlbany.Albany_Pybind11.RCPPyParameterList object at 0x14e5ed48edf0>
Solve time: 1000000000000.0
~PyParallelEnv()

