*********************************************************************************
**  ______   __  __   ______   __       ______   ______   __   __   __  __     **
** /\  == \ /\ \_\ \ /\  __ \ /\ \     /\  == \ /\  __ \ /\ "-.\ \ /\ \_\ \    **
** \ \  __/ \ \____ \\ \  __ \\ \ \____\ \  __< \ \  __ \\ \ \-.  \\ \____ \   **
**  \ \_\    \/\_____\\ \_\ \_\\ \_____\\ \_____\\ \_\ \_\\ \_\\"\_\\/\_____\  **
**   \/_/     \/_____/ \/_/\/_/ \/_____/ \/_____/ \/_/\/_/ \/_/ \/_/ \/_____/  **
**                                                                             **
*********************************************************************************
** Trilinos git commit id - c70ae3dfa18
** Albany git branch ------ pybind11_PR
** Albany git commit id --- 7a1da3122
** Albany cxx compiler ---- GNU 10.3.0
** Albany cuda compiler --- Cuda 115
** Simulation start time -- 2022-09-21 at 19:37:41
***************************************************************
Albany_IOSS: Loading STKMesh from Exodus file  /global/homes/m/mcarlson/LandIce/ALITune/optimize/data/mesh-pop-wdg/gis_basal_populated.exo
Albany_IOSS: Loading STKMesh from Exodus file  /global/homes/m/mcarlson/LandIce/ALITune/optimize/data/mesh-pop-wdg/gis_upper_populated.exo
IOSS-STK: number of node sets = 3
IOSS-STK: number of side sets = 3
IOSS-STK: number of node sets = 3
IOSS-STK: number of side sets = 3
IOSS-STK: number of node sets = 1
IOSS-STK: number of side sets = 0
Restart Index set, reading solution index : 1
[GenericSTKMeshStruct] Processing field requirements...
  - Skipping field 'ice_thickness' since it's listed as present in the mesh.
  - Skipping field 'observed_ice_thickness' since it's listed as present in the mesh.
  - Skipping field 'observed_ice_thickness_RMS' since it's listed as present in the mesh.
  - Skipping field 'surface_height' since it's listed as present in the mesh.
  - Skipping field 'bed_topography' since it's listed as present in the mesh.
  - Skipping field 'log_basal_friction' since it's listed as present in the mesh.
  - Skipping field 'temperature' since it's listed as present in the mesh.
  - Skipping field 'apparent_mass_balance' since it's listed as present in the mesh.
  - Skipping field 'apparent_mass_balance_RMS' since it's listed as present in the mesh.
[ExtrudedSTKMesh] Adding nodes... done!
[ExtrudedSTKMesh] Adding elements... done!
[ExtrudedSTKMesh] Adding basalside sides... done!
[ExtrudedSTKMesh] Adding upperside sides... done!
[ExtrudedSTKMesh] Adding lateral sides... done!
[ExtrudedSTKMesh] Extruding basal fields...
  - Extruding Scalar Node field ice_thickness...done!
  - Extruding Scalar Node field surface_height...done!
  - Extruding Scalar Node field log_basal_friction...done!
  - Extruding Scalar Node field bed_topography...done!
  - Extruding Scalar Node field apparent_mass_balance...done!
  - Extruding Scalar Node field apparent_mass_balance_RMS...done!
[ExtrudedSTKMesh] Interpolating layered basal fields...
  - Interpolating Scalar field temperature...done!
[GenericSTKMeshStruct] Processing field requirements...
  - Skipping field 'ice_thickness' since it's listed as present in the mesh.
  - Skipping field 'surface_height' since it's listed as present in the mesh.
  - Skipping field 'log_basal_friction' since it's listed as present in the mesh.
  - Skipping field 'temperature' since it's listed as present in the mesh.
  - Skipping field 'bed_topography' since it's listed as present in the mesh.
  - Skipping field 'apparent_mass_balance' since it's listed as present in the mesh.
  - Skipping field 'apparent_mass_balance_RMS' since it's listed as present in the mesh.
  - Skipping field 'bed_topography' since it's listed as output. Make sure there's an evaluator set to save it!
  - Skipping field 'surface_height' since it's listed as output. Make sure there's an evaluator set to save it!
Restart Index set, reading solution index : 1
[GenericSTKMeshStruct] Processing field requirements...
  - Skipping field 'observed_surface_velocity' since it's listed as present in the mesh.
  - Skipping field 'observed_surface_velocity_RMS' since it's listed as present in the mesh.
STKDisc: 725880 elements on Proc 0 
STKDisc: nodeset basal_boundary_node_set_0 has size 0  on Proc 0.
STKDisc: nodeset basal_boundary_node_set_1 has size 6027  on Proc 0.
STKDisc: nodeset basal_node_set has size 39224  on Proc 0.
STKDisc: nodeset bottom has size 39224  on Proc 0.
STKDisc: nodeset extruded_boundary_node_set_0 has size 0  on Proc 0.
STKDisc: nodeset extruded_boundary_node_set_1 has size 66297  on Proc 0.
STKDisc: nodeset extruded_node_set has size 431464  on Proc 0.
STKDisc: nodeset lateral has size 66297  on Proc 0.
STKDisc: nodeset top has size 39224  on Proc 0.
STKDisc: sideset basalside has size 72588  on Proc 0.
STKDisc: sideset extruded_boundary_side_set has size 60460  on Proc 0.
STKDisc: sideset extruded_boundary_side_set_1 has size 57830  on Proc 0.
STKDisc: sideset extruded_boundary_side_set_1_tri3_edge2 has size 57830  on Proc 0.
STKDisc: sideset extruded_boundary_side_set_2 has size 2630  on Proc 0.
STKDisc: sideset extruded_boundary_side_set_2_tri3_edge2 has size 2630  on Proc 0.
STKDisc: sideset extruded_boundary_side_set_tri3_edge2 has size 60460  on Proc 0.
STKDisc: sideset lateralside has size 60460  on Proc 0.
STKDisc: sideset upperside has size 72588  on Proc 0.
STKDisc: 72588 elements on Proc 0 
STKDisc: nodeset boundary_node_set_0 has size 0  on Proc 0.
STKDisc: nodeset boundary_node_set_1 has size 6027  on Proc 0.
STKDisc: nodeset node_set has size 39224  on Proc 0.
STKDisc: sideset boundary_side_set has size 6046  on Proc 0.
STKDisc: sideset boundary_side_set_1 has size 5783  on Proc 0.
STKDisc: sideset boundary_side_set_2 has size 263  on Proc 0.
STKDisc: 72588 elements on Proc 0 
STKDisc: nodeset all_nodes has size 39224  on Proc 0.
StateManager: initializing state:  ice_thickness
StateManager: initializing state:  surface_height
StateManager: initializing state:  log_basal_friction
StateManager: initializing state:  temperature
StateManager: initializing state:  bed_topography
StateManager: initializing state:  apparent_mass_balance
StateManager: initializing state:  apparent_mass_balance_RMS
StateManager: initializing state:  dissipation_heat

StateManager: initializing state:  ice_thickness
StateManager: initializing state:  observed_ice_thickness
StateManager: initializing state:  observed_ice_thickness_RMS
StateManager: initializing state:  surface_height
StateManager: initializing state:  bed_topography
StateManager: initializing state:  log_basal_friction
StateManager: initializing state:  temperature
StateManager: initializing state:  apparent_mass_balance
StateManager: initializing state:  apparent_mass_balance_RMS

StateManager: initializing state:  observed_surface_velocity
StateManager: initializing state:  observed_surface_velocity_RMS

xxxxxxxxxxxxxxxxxxxxxxxxxxxxxxxxxxxxxxxxxxxxxxx
 Sacado ParameterLibrary has been initialized:
 Library of all registered parameters:
xxxxxxxxxxxxxxxxxxxxxxxxxxxxxxxxxxxxxxxxxxxxxxx

Total number of parameters  = 0
Number of non-distributed parameters  = 0
Number of response vectors  = 1
Number of distributed parameters vectors  = 0

************************************************************************
-- Nonlinear Solver Step 0 -- 
||F|| = 5.152e+05  step = 0.000e+00  dx = 0.000e+00
************************************************************************

  
  *******************************************************
  ***** Belos Iterative Solver:  Block Gmres 
  ***** Maximum Iterations: 200
  ***** Block Size: 1
  ***** Residual Test: 
  *****   Test 1 : Belos::StatusTestImpResNorm<>: (2-Norm Res Vec) / (2-Norm Res0), tol = 1e-08
  *******************************************************
  Iter   0, [ 1] :    1.000000e+00
  Iter  20, [ 1] :    2.976769e-04
  Iter  40, [ 1] :    6.826793e-06
  Iter  60, [ 1] :    8.884745e-08
  Iter  69, [ 1] :    7.689295e-09

************************************************************************
-- Nonlinear Solver Step 1 -- 
||F|| = 5.031e+05  step = 1.250e-01  dx = 1.950e+04
************************************************************************

  
  *******************************************************
  ***** Belos Iterative Solver:  Block Gmres 
  ***** Maximum Iterations: 200
  ***** Block Size: 1
  ***** Residual Test: 
  *****   Test 1 : Belos::StatusTestImpResNorm<>: (2-Norm Res Vec) / (2-Norm Res0), tol = 1e-08
  *******************************************************
  Iter   0, [ 1] :    1.000000e+00
  Iter  20, [ 1] :    1.082147e-01
  Iter  40, [ 1] :    1.073191e-01
  Iter  60, [ 1] :    1.064859e-01
  Iter  80, [ 1] :    1.061801e-01
  Iter 100, [ 1] :    1.051963e-01
  Iter 120, [ 1] :    1.042602e-01
  Iter 140, [ 1] :    1.024339e-01
  Iter 160, [ 1] :    1.008948e-01
  Iter 180, [ 1] :    1.004434e-01
  Iter 200, [ 1] :    9.953776e-02
WARNING: NOX::Direction::Newton::compute() - Linear solve failed to achieve convergence - using the step anyway since "Rescue Bad Newton Solve" is true 

************************************************************************
-- Nonlinear Solver Step 2 -- 
||F|| = 4.943e+05  step = 1.250e-01  dx = 2.964e+04
************************************************************************

  
  *******************************************************
  ***** Belos Iterative Solver:  Block Gmres 
  ***** Maximum Iterations: 200
  ***** Block Size: 1
  ***** Residual Test: 
  *****   Test 1 : Belos::StatusTestImpResNorm<>: (2-Norm Res Vec) / (2-Norm Res0), tol = 1e-08
  *******************************************************
  Iter   0, [ 1] :    1.000000e+00
  Iter  20, [ 1] :    3.414449e-02
  Iter  40, [ 1] :    3.182594e-02
  Iter  60, [ 1] :    3.072930e-02
  Iter  80, [ 1] :    3.021803e-02
  Iter 100, [ 1] :    2.906232e-02
  Iter 120, [ 1] :    2.695435e-02
  Iter 140, [ 1] :    2.586890e-02
  Iter 160, [ 1] :    2.239338e-02
  Iter 180, [ 1] :    2.122694e-02
  Iter 200, [ 1] :    1.777425e-02
WARNING: NOX::Direction::Newton::compute() - Linear solve failed to achieve convergence - using the step anyway since "Rescue Bad Newton Solve" is true 

************************************************************************
-- Nonlinear Solver Step 3 -- 
||F|| = 4.784e+05  step = 1.250e-01  dx = 3.492e+04
************************************************************************

  
  *******************************************************
  ***** Belos Iterative Solver:  Block Gmres 
  ***** Maximum Iterations: 200
  ***** Block Size: 1
  ***** Residual Test: 
  *****   Test 1 : Belos::StatusTestImpResNorm<>: (2-Norm Res Vec) / (2-Norm Res0), tol = 1e-08
  *******************************************************
  Iter   0, [ 1] :    1.000000e+00
  Iter  20, [ 1] :    1.350908e-02
  Iter  40, [ 1] :    1.140232e-02
  Iter  60, [ 1] :    9.578017e-03
  Iter  80, [ 1] :    8.325004e-03
  Iter 100, [ 1] :    6.205454e-03
  Iter 120, [ 1] :    2.259347e-03
  Iter 140, [ 1] :    1.891724e-03
  Iter 160, [ 1] :    2.885313e-04
  Iter 180, [ 1] :    7.957566e-05
  Iter 200, [ 1] :    2.556819e-06
WARNING: NOX::Direction::Newton::compute() - Linear solve failed to achieve convergence - using the step anyway since "Rescue Bad Newton Solve" is true 

************************************************************************
-- Nonlinear Solver Step 4 -- 
||F|| = 4.695e+05  step = 2.500e-01  dx = 3.608e+04
************************************************************************

  
  *******************************************************
  ***** Belos Iterative Solver:  Block Gmres 
  ***** Maximum Iterations: 200
  ***** Block Size: 1
  ***** Residual Test: 
  *****   Test 1 : Belos::StatusTestImpResNorm<>: (2-Norm Res Vec) / (2-Norm Res0), tol = 1e-08
  *******************************************************
  Iter   0, [ 1] :    1.000000e+00
  Iter  20, [ 1] :    5.505372e-03
  Iter  40, [ 1] :    3.209602e-03
  Iter  60, [ 1] :    5.187705e-04
  Iter  80, [ 1] :    2.216549e-05
  Iter 100, [ 1] :    1.005190e-06
  Iter 120, [ 1] :    4.955883e-08
  Iter 133, [ 1] :    9.647342e-09

************************************************************************
-- Nonlinear Solver Step 5 -- 
||F|| = 4.642e+05  step = 5.000e-01  dx = 3.326e+04
************************************************************************

  
  *******************************************************
  ***** Belos Iterative Solver:  Block Gmres 
  ***** Maximum Iterations: 200
  ***** Block Size: 1
  ***** Residual Test: 
  *****   Test 1 : Belos::StatusTestImpResNorm<>: (2-Norm Res Vec) / (2-Norm Res0), tol = 1e-08
  *******************************************************
  Iter   0, [ 1] :    1.000000e+00
  Iter  20, [ 1] :    3.688036e-03
  Iter  40, [ 1] :    1.025166e-03
  Iter  60, [ 1] :    1.610570e-04
  Iter  80, [ 1] :    1.347712e-05
  Iter 100, [ 1] :    2.956326e-06
  Iter 120, [ 1] :    2.920562e-08
  Iter 124, [ 1] :    9.963758e-09

************************************************************************
-- Nonlinear Solver Step 6 -- 
||F|| = 3.407e+05  step = 1.000e+00  dx = 2.397e+04
************************************************************************

  
  *******************************************************
  ***** Belos Iterative Solver:  Block Gmres 
  ***** Maximum Iterations: 200
  ***** Block Size: 1
  ***** Residual Test: 
  *****   Test 1 : Belos::StatusTestImpResNorm<>: (2-Norm Res Vec) / (2-Norm Res0), tol = 1e-08
  *******************************************************
  Iter   0, [ 1] :    1.000000e+00
  Iter  20, [ 1] :    1.475836e-03
  Iter  40, [ 1] :    8.246409e-04
  Iter  60, [ 1] :    3.116127e-04
  Iter  80, [ 1] :    2.123108e-05
  Iter 100, [ 1] :    1.857199e-06
  Iter 120, [ 1] :    1.157349e-07
  Iter 128, [ 1] :    8.737107e-09

************************************************************************
-- Nonlinear Solver Step 7 -- 
||F|| = 7.217e+04  step = 1.000e+00  dx = 8.161e+03
************************************************************************

  
  *******************************************************
  ***** Belos Iterative Solver:  Block Gmres 
  ***** Maximum Iterations: 200
  ***** Block Size: 1
  ***** Residual Test: 
  *****   Test 1 : Belos::StatusTestImpResNorm<>: (2-Norm Res Vec) / (2-Norm Res0), tol = 1e-08
  *******************************************************
  Iter   0, [ 1] :    1.000000e+00
  Iter  20, [ 1] :    1.472538e-03
  Iter  40, [ 1] :    1.061827e-03
  Iter  60, [ 1] :    3.710614e-04
  Iter  80, [ 1] :    1.270970e-05
  Iter 100, [ 1] :    1.451669e-06
  Iter 120, [ 1] :    3.673685e-07
  Iter 131, [ 1] :    9.566325e-09

************************************************************************
-- Nonlinear Solver Step 8 -- 
||F|| = 5.439e+03  step = 1.000e+00  dx = 1.708e+03
************************************************************************

  
  *******************************************************
  ***** Belos Iterative Solver:  Block Gmres 
  ***** Maximum Iterations: 200
  ***** Block Size: 1
  ***** Residual Test: 
  *****   Test 1 : Belos::StatusTestImpResNorm<>: (2-Norm Res Vec) / (2-Norm Res0), tol = 1e-08
  *******************************************************
  Iter   0, [ 1] :    1.000000e+00
  Iter  20, [ 1] :    2.732686e-03
  Iter  40, [ 1] :    1.121785e-03
  Iter  60, [ 1] :    3.732362e-04
  Iter  80, [ 1] :    1.317176e-05
  Iter 100, [ 1] :    1.656546e-06
  Iter 120, [ 1] :    4.751197e-07
  Iter 133, [ 1] :    8.212477e-09

************************************************************************
-- Nonlinear Solver Step 9 -- 
||F|| = 1.444e+02  step = 1.000e+00  dx = 7.274e+01
************************************************************************

  
  *******************************************************
  ***** Belos Iterative Solver:  Block Gmres 
  ***** Maximum Iterations: 200
  ***** Block Size: 1
  ***** Residual Test: 
  *****   Test 1 : Belos::StatusTestImpResNorm<>: (2-Norm Res Vec) / (2-Norm Res0), tol = 1e-08
  *******************************************************
  Iter   0, [ 1] :    1.000000e+00
  Iter  20, [ 1] :    7.688827e-03
  Iter  40, [ 1] :    3.043001e-03
  Iter  60, [ 1] :    1.360034e-03
  Iter  80, [ 1] :    1.684856e-05
  Iter 100, [ 1] :    4.959149e-07
  Iter 120, [ 1] :    1.402362e-07
  Iter 136, [ 1] :    6.213814e-09

************************************************************************
-- Nonlinear Solver Step 10 -- 
||F|| = 5.158e+00  step = 1.000e+00  dx = 2.399e+00
************************************************************************

  
  *******************************************************
  ***** Belos Iterative Solver:  Block Gmres 
  ***** Maximum Iterations: 200
  ***** Block Size: 1
  ***** Residual Test: 
  *****   Test 1 : Belos::StatusTestImpResNorm<>: (2-Norm Res Vec) / (2-Norm Res0), tol = 1e-08
  *******************************************************
  Iter   0, [ 1] :    1.000000e+00
  Iter  20, [ 1] :    1.955761e-01
  Iter  40, [ 1] :    5.466944e-02
  Iter  60, [ 1] :    2.135570e-02
  Iter  80, [ 1] :    6.808582e-05
  Iter 100, [ 1] :    5.737276e-07
  Iter 116, [ 1] :    9.940284e-09

************************************************************************
-- Nonlinear Solver Step 11 -- 
||F|| = 4.902e+00  step = 1.000e+00  dx = 2.414e+00
************************************************************************

  
  *******************************************************
  ***** Belos Iterative Solver:  Block Gmres 
  ***** Maximum Iterations: 200
  ***** Block Size: 1
  ***** Residual Test: 
  *****   Test 1 : Belos::StatusTestImpResNorm<>: (2-Norm Res Vec) / (2-Norm Res0), tol = 1e-08
  *******************************************************
  Iter   0, [ 1] :    1.000000e+00
  Iter  20, [ 1] :    1.491358e-01
  Iter  40, [ 1] :    2.739383e-02
  Iter  60, [ 1] :    9.355440e-03
  Iter  80, [ 1] :    8.961338e-05
  Iter 100, [ 1] :    2.095040e-07
  Iter 113, [ 1] :    8.636618e-09

************************************************************************
-- Nonlinear Solver Step 12 -- 
||F|| = 2.351e+00  step = 5.000e-01  dx = 2.655e+00
************************************************************************

  
  *******************************************************
  ***** Belos Iterative Solver:  Block Gmres 
  ***** Maximum Iterations: 200
  ***** Block Size: 1
  ***** Residual Test: 
  *****   Test 1 : Belos::StatusTestImpResNorm<>: (2-Norm Res Vec) / (2-Norm Res0), tol = 1e-08
  *******************************************************
  Iter   0, [ 1] :    1.000000e+00
  Iter  20, [ 1] :    8.529502e-02
  Iter  40, [ 1] :    1.346026e-02
  Iter  60, [ 1] :    2.951030e-03
  Iter  80, [ 1] :    6.525014e-06
  Iter 100, [ 1] :    1.409504e-07
  Iter 110, [ 1] :    9.579716e-09

************************************************************************
-- Nonlinear Solver Step 13 -- 
||F|| = 1.612e+00  step = 5.000e-01  dx = 5.337e-01
************************************************************************

  
  *******************************************************
  ***** Belos Iterative Solver:  Block Gmres 
  ***** Maximum Iterations: 200
  ***** Block Size: 1
  ***** Residual Test: 
  *****   Test 1 : Belos::StatusTestImpResNorm<>: (2-Norm Res Vec) / (2-Norm Res0), tol = 1e-08
  *******************************************************
  Iter   0, [ 1] :    1.000000e+00
  Iter  20, [ 1] :    1.863048e-02
  Iter  40, [ 1] :    4.795916e-03
  Iter  60, [ 1] :    1.458653e-03
  Iter  80, [ 1] :    6.149176e-06
  Iter 100, [ 1] :    6.963416e-08
  Iter 111, [ 1] :    8.260428e-09

************************************************************************
-- Nonlinear Solver Step 14 -- 
||F|| = 4.357e-01  step = 1.000e+00  dx = 6.315e-02
************************************************************************

  
  *******************************************************
  ***** Belos Iterative Solver:  Block Gmres 
  ***** Maximum Iterations: 200
  ***** Block Size: 1
  ***** Residual Test: 
  *****   Test 1 : Belos::StatusTestImpResNorm<>: (2-Norm Res Vec) / (2-Norm Res0), tol = 1e-08
  *******************************************************
  Iter   0, [ 1] :    1.000000e+00
  Iter  20, [ 1] :    5.718403e-03
  Iter  40, [ 1] :    8.170543e-04
  Iter  60, [ 1] :    1.623819e-04
  Iter  80, [ 1] :    1.543214e-06
  Iter 100, [ 1] :    1.152530e-08
  Iter 104, [ 1] :    9.479236e-09

************************************************************************
-- Nonlinear Solver Step 15 -- 
||F|| = 8.480e-03  step = 1.000e+00  dx = 4.492e-03 (Converged!)
************************************************************************

************************************************************************
-- Final Status Test Results --
Converged....OR Combination -> 
  Converged....F-Norm = 9.128e-06 < 1.000e-05
               (Length-Scaled Two-Norm, Absolute Tolerance)
  ??...........Number of Iterations = -1 < 50
************************************************************************
         Response[0] = -7.00550989e+00 
*** Teuchos::StackedTimer::report() - Remainder for a level will be ***
*** incorrect if a timer in the level does not exist on every rank  ***
*** of the MPI Communicator.                                        ***
PyAlbany Total Time: 69.6593 [2]
|   PyAlbany: Setup Time: 27.0851 - 38.8823% [1]
|   PyAlbany: performSolve: 42.5741 - 61.1177% [1]
|   |   Piro::NOXSolver::evalModelImpl::solve: 42.5552 - 99.9555% [1]
|   |   |   Thyra::NOXNonlinearSolver::solve: 42.5547 - 99.9987% [1]
|   |   |   |   Thyra::DefaultModelEvaluatorWithSolveFactory<double>::evalModel(...): 5.81142 - 13.6564% [45]
|   |   |   |   |   Albany: Total Fill Time: 5.8098 - 99.972% [45]
|   |   |   |   |   |   Albany Fill: Residual: 1.94133 - 33.4147% [30]
|   |   |   |   |   |   |   Phalanx::SortAndOrderEvaluators: 1.313e-06 - 6.76341e-05% [1]
|   |   |   |   |   |   |   Albany Residual Fill: Evaluate: 1.61472 - 83.1759% [30]
|   |   |   |   |   |   |   |   Phalanx: Evaluator 8: [<Residual>] LoadStateField(bed_topography)<Residual>: 0.0327321 - 2.02711% [30]
|   |   |   |   |   |   |   |   Phalanx: Evaluator 11: [<Residual>] Save Field bed_topography to State bed_topographyResidual: 0.318649 - 19.7341% [30]
|   |   |   |   |   |   |   |   Phalanx: Evaluator 5: [<Residual>] LoadStateField(surface_height)<Residual>: 0.0309192 - 1.91484% [30]
|   |   |   |   |   |   |   |   Phalanx: Evaluator 12: [<Residual>] Save Field surface_height to State surface_heightResidual: 0.322549 - 19.9756% [30]
|   |   |   |   |   |   |   |   Phalanx: Evaluator 31: [<Residual>] Shared Parameter Glen's Law Homotopy Parameter<Residual>: 0.000743453 - 0.0460423% [30]
|   |   |   |   |   |   |   |   Phalanx: Evaluator 2: [<Residual>] Gather Coordinate Vector<Residual>: 0.0621147 - 3.84679% [30]
|   |   |   |   |   |   |   |   Phalanx: Evaluator 25: [<Residual>] ComputeBasisFunctions<Residual>: 0.0198523 - 1.22946% [30]
|   |   |   |   |   |   |   |   Phalanx: Evaluator 0: [<Residual>] Gather Solution<Residual>: 0.0127549 - 0.789917% [30]
|   |   |   |   |   |   |   |   Phalanx: Evaluator 67: [<Residual>] FastSolutionVecGradInterpolationBase<Residual>: 0.00955216 - 0.591569% [30]
|   |   |   |   |   |   |   |   Phalanx: Evaluator 7: [<Residual>] LoadStateField(temperature)<Residual>: 0.171809 - 10.6402% [30]
|   |   |   |   |   |   |   |   Phalanx: Evaluator 78: [<Residual>] P0Interpolation[temperature] <Residual>: 0.000733154 - 0.0454045% [30]
|   |   |   |   |   |   |   |   Phalanx: Evaluator 24: [<Residual>] MapToPhysicalFrame<Residual>: 0.0125098 - 0.774735% [30]
|   |   |   |   |   |   |   |   Phalanx: Evaluator 26: [<Residual>] P0Interpolation[Coord Vec] <Residual>: 0.000387246 - 0.0239823% [30]
|   |   |   |   |   |   |   |   Phalanx: Evaluator 76: [<Residual>] P0Interpolation[surface_height] <Residual>: 0.014024 - 0.868513% [30]
|   |   |   |   |   |   |   |   Phalanx: Evaluator 3: [<Residual>] Pressure Corrected Temperature<Residual>: 0.0121881 - 0.754812% [30]
|   |   |   |   |   |   |   |   Phalanx: Evaluator 33: [<Residual>] ViscosityFO<Residual>: 0.000671755 - 0.041602% [30]
|   |   |   |   |   |   |   |   Phalanx: Evaluator 34: [<Residual>] Dissipation: 0.033846 - 2.0961% [30]
|   |   |   |   |   |   |   |   Phalanx: Evaluator 35: [<Residual>] P0Interpolation[LandIce Dissipation] <Residual>: 0.00749935 - 0.464437% [30]
|   |   |   |   |   |   |   |   Phalanx: Evaluator 36: [<Residual>] Save Field LandIce Dissipation to State dissipation_heatResidual: 0.132316 - 8.19435% [30]
|   |   |   |   |   |   |   |   Phalanx: Evaluator 75: [<Residual>] DOFGradInterpolationBase<Residual>: 0.000283346 - 0.0175477% [30]
|   |   |   |   |   |   |   |   Phalanx: Evaluator 37: [<Residual>] StokesFOBodyForce<Residual>: 0.00232217 - 0.143813% [30]
|   |   |   |   |   |   |   |   Phalanx: Evaluator 66: [<Residual>] FastSolutionVecInterpolationBase<Residual>: 0.000762721 - 0.0472356% [30]
|   |   |   |   |   |   |   |   Phalanx: Evaluator 28: [<Residual>] StokesFOResid<Residual>: 0.0488863 - 3.02755% [30]
|   |   |   |   |   |   |   |   Phalanx: Evaluator 63: [<Residual>] DOFCellToSide(Coord Vec -> Coord Vec_extruded_boundary_side_set_1)[Vertex Vector]<Residual>: 0.121922 - 7.55069% [30]
|   |   |   |   |   |   |   |   Phalanx: Evaluator 60: [<Residual>] ComputeBasisFunctionsSide<Residual>: 0.0211029 - 1.30691% [30]
|   |   |   |   |   |   |   |   Phalanx: Evaluator 101: [<Residual>] DOFCellToSide(surface_height -> surface_height_extruded_boundary_side_set_1)[Node Scalar]<Residual>: 0.00011468 - 0.00710217% [30]
|   |   |   |   |   |   |   |   Phalanx: Evaluator 103: [<Residual>] DOFInterpolationSide<Residual>: 0.000164298 - 0.010175% [30]
|   |   |   |   |   |   |   |   Phalanx: Evaluator 4: [<Residual>] LoadStateField(ice_thickness)<Residual>: 0.0349879 - 2.16681% [30]
|   |   |   |   |   |   |   |   Phalanx: Evaluator 99: [<Residual>] DOFCellToSide(ice_thickness -> ice_thickness_extruded_boundary_side_set_1)[Node Scalar]<Residual>: 0.000127296 - 0.00788349% [30]
|   |   |   |   |   |   |   |   Phalanx: Evaluator 100: [<Residual>] DOFInterpolationSide<Residual>: 0.00348388 - 0.215758% [30]
|   |   |   |   |   |   |   |   Phalanx: Evaluator 38: [<Residual>] StokesFOLateralResid<Residual>: 0.000722664 - 0.0447548% [30]
|   |   |   |   |   |   |   |   Phalanx: Evaluator 59: [<Residual>] DOFCellToSide(Coord Vec -> Coord Vec_basalside)[Vertex Vector]<Residual>: 0.00220132 - 0.136328% [30]
|   |   |   |   |   |   |   |   Phalanx: Evaluator 56: [<Residual>] ComputeBasisFunctionsSide<Residual>: 0.0118499 - 0.733868% [30]
|   |   |   |   |   |   |   |   Phalanx: Evaluator 49: [<Residual>] Shared Parameter Power Exponent<Residual>: 0.00105607 - 0.0654027% [30]
|   |   |   |   |   |   |   |   Phalanx: Evaluator 18: [<Residual>] Load Side Set Field log_basal_friction_basalside from Side Set State log_basal_friction<Residual>: 0.0172162 - 1.0662% [30]
|   |   |   |   |   |   |   |   Phalanx: Evaluator 91: [<Residual>] DOFInterpolationSide<Residual>: 0.000111736 - 0.00691985% [30]
|   |   |   |   |   |   |   |   Phalanx: Evaluator 13: [<Residual>] Load Side Set Field ice_thickness_basalside from Side Set State ice_thickness<Residual>: 0.0183008 - 1.13337% [30]
|   |   |   |   |   |   |   |   Phalanx: Evaluator 17: [<Residual>] Load Side Set Field bed_topography_basalside from Side Set State bed_topography<Residual>: 0.0150843 - 0.934176% [30]
|   |   |   |   |   |   |   |   Phalanx: Evaluator 50: [<Residual>] BasalFrictionCoefficient<Residual>: 0.000732401 - 0.0453579% [30]
|   |   |   |   |   |   |   |   Phalanx: Evaluator 79: [<Residual>] DOFCellToSide(Velocity -> Velocity_basalside)[Node Vector]<Residual>: 0.00235285 - 0.145713% [30]
|   |   |   |   |   |   |   |   Phalanx: Evaluator 80: [<Residual>] DOFVecInterpolationSide<Residual>: 0.00154529 - 0.0957004% [30]
|   |   |   |   |   |   |   |   Phalanx: Evaluator 39: [<Residual>] StokesFOBasalResid<Residual>: 0.0013598 - 0.0842127% [30]
|   |   |   |   |   |   |   |   Phalanx: Evaluator 1: [<Residual>] Scatter Velocity Residual<Residual>: 0.00234837 - 0.145435% [30]
|   |   |   |   |   |   |   |   Remainder: 0.109826 - 6.80156%
|   |   |   |   |   |   |   Albany Residual Fill: Export: 0.00181347 - 0.0934137% [30]
|   |   |   |   |   |   |   Remainder: 0.324797 - 16.7307%
|   |   |   |   |   |   Albany Fill: Jacobian: 3.86791 - 66.5756% [15]
|   |   |   |   |   |   |   Phalanx::SortAndOrderEvaluators: 5.71e-07 - 1.47625e-05% [1]
|   |   |   |   |   |   |   Albany Jacobian Fill: Evaluate: 2.45313 - 63.4225% [15]
|   |   |   |   |   |   |   |   Phalanx: Evaluator 141: [<Jacobian>] Shared Parameter Glen's Law Homotopy Parameter<Jacobian>: 0.000161944 - 0.00660154% [15]
|   |   |   |   |   |   |   |   Phalanx: Evaluator 112: [<Jacobian>] Gather Coordinate Vector<Jacobian>: 0.0623913 - 2.54334% [15]
|   |   |   |   |   |   |   |   Phalanx: Evaluator 135: [<Jacobian>] ComputeBasisFunctions<Jacobian>: 0.0203808 - 0.830809% [15]
|   |   |   |   |   |   |   |   Phalanx: Evaluator 110: [<Jacobian>] Gather Solution<Jacobian>: 0.0122711 - 0.500221% [15]
|   |   |   |   |   |   |   |   Phalanx: Evaluator 177: [<Jacobian>] FastSolutionVecGradInterpolationBase<Jacobian>: 0.0158722 - 0.647018% [15]
|   |   |   |   |   |   |   |   Phalanx: Evaluator 117: [<Jacobian>] LoadStateField(temperature)<Jacobian>: 0.259158 - 10.5644% [15]
|   |   |   |   |   |   |   |   Phalanx: Evaluator 187: [<Jacobian>] P0Interpolation[temperature] <Jacobian>: 0.000340717 - 0.0138891% [15]
|   |   |   |   |   |   |   |   Phalanx: Evaluator 134: [<Jacobian>] MapToPhysicalFrame<Jacobian>: 0.0131394 - 0.53562% [15]
|   |   |   |   |   |   |   |   Phalanx: Evaluator 136: [<Jacobian>] P0Interpolation[Coord Vec] <Jacobian>: 0.000202318 - 0.00824736% [15]
|   |   |   |   |   |   |   |   Phalanx: Evaluator 115: [<Jacobian>] LoadStateField(surface_height)<Jacobian>: 0.0388 - 1.58166% [15]
|   |   |   |   |   |   |   |   Phalanx: Evaluator 185: [<Jacobian>] P0Interpolation[surface_height] <Jacobian>: 0.000176448 - 0.00719278% [15]
|   |   |   |   |   |   |   |   Phalanx: Evaluator 113: [<Jacobian>] Pressure Corrected Temperature<Jacobian>: 0.0111134 - 0.453031% [15]
|   |   |   |   |   |   |   |   Phalanx: Evaluator 143: [<Jacobian>] ViscosityFO<Jacobian>: 0.000423329 - 0.0172567% [15]
|   |   |   |   |   |   |   |   Phalanx: Evaluator 184: [<Jacobian>] DOFGradInterpolationBase<Jacobian>: 0.12903 - 5.25984% [15]
|   |   |   |   |   |   |   |   Phalanx: Evaluator 147: [<Jacobian>] StokesFOBodyForce<Jacobian>: 0.00227119 - 0.0925836% [15]
|   |   |   |   |   |   |   |   Phalanx: Evaluator 176: [<Jacobian>] FastSolutionVecInterpolationBase<Jacobian>: 0.00294561 - 0.120076% [15]
|   |   |   |   |   |   |   |   Phalanx: Evaluator 138: [<Jacobian>] StokesFOResid<Jacobian>: 0.0797534 - 3.2511% [15]
|   |   |   |   |   |   |   |   Phalanx: Evaluator 173: [<Jacobian>] DOFCellToSide(Coord Vec -> Coord Vec_extruded_boundary_side_set_1)[Vertex Vector]<Jacobian>: 1.58412 - 64.5756% [15]
|   |   |   |   |   |   |   |   Phalanx: Evaluator 170: [<Jacobian>] ComputeBasisFunctionsSide<Jacobian>: 0.0169463 - 0.690805% [15]
|   |   |   |   |   |   |   |   Phalanx: Evaluator 210: [<Jacobian>] DOFCellToSide(surface_height -> surface_height_extruded_boundary_side_set_1)[Node Scalar]<Jacobian>: 5.9416e-05 - 0.00242205% [15]
|   |   |   |   |   |   |   |   Phalanx: Evaluator 212: [<Jacobian>] DOFInterpolationSide<Jacobian>: 8.7016e-05 - 0.00354715% [15]
|   |   |   |   |   |   |   |   Phalanx: Evaluator 114: [<Jacobian>] LoadStateField(ice_thickness)<Jacobian>: 0.0348742 - 1.42162% [15]
|   |   |   |   |   |   |   |   Phalanx: Evaluator 208: [<Jacobian>] DOFCellToSide(ice_thickness -> ice_thickness_extruded_boundary_side_set_1)[Node Scalar]<Jacobian>: 7.6618e-05 - 0.00312328% [15]
|   |   |   |   |   |   |   |   Phalanx: Evaluator 209: [<Jacobian>] DOFInterpolationSide<Jacobian>: 0.00318415 - 0.1298% [15]
|   |   |   |   |   |   |   |   Phalanx: Evaluator 148: [<Jacobian>] StokesFOLateralResid<Jacobian>: 0.000378485 - 0.0154287% [15]
|   |   |   |   |   |   |   |   Phalanx: Evaluator 169: [<Jacobian>] DOFCellToSide(Coord Vec -> Coord Vec_basalside)[Vertex Vector]<Jacobian>: 0.0236156 - 0.962673% [15]
|   |   |   |   |   |   |   |   Phalanx: Evaluator 166: [<Jacobian>] ComputeBasisFunctionsSide<Jacobian>: 0.0112759 - 0.459656% [15]
|   |   |   |   |   |   |   |   Phalanx: Evaluator 159: [<Jacobian>] Shared Parameter Power Exponent<Jacobian>: 0.000571363 - 0.0232912% [15]
|   |   |   |   |   |   |   |   Phalanx: Evaluator 128: [<Jacobian>] Load Side Set Field log_basal_friction_basalside from Side Set State log_basal_friction<Jacobian>: 0.0169406 - 0.690572% [15]
|   |   |   |   |   |   |   |   Phalanx: Evaluator 200: [<Jacobian>] DOFInterpolationSide<Jacobian>: 6.2991e-05 - 0.00256779% [15]
|   |   |   |   |   |   |   |   Phalanx: Evaluator 123: [<Jacobian>] Load Side Set Field ice_thickness_basalside from Side Set State ice_thickness<Jacobian>: 0.0187165 - 0.762964% [15]
|   |   |   |   |   |   |   |   Phalanx: Evaluator 127: [<Jacobian>] Load Side Set Field bed_topography_basalside from Side Set State bed_topography<Jacobian>: 0.015516 - 0.632499% [15]
|   |   |   |   |   |   |   |   Phalanx: Evaluator 160: [<Jacobian>] BasalFrictionCoefficient<Jacobian>: 0.000418819 - 0.0170729% [15]
|   |   |   |   |   |   |   |   Phalanx: Evaluator 188: [<Jacobian>] DOFCellToSide(Velocity -> Velocity_basalside)[Node Vector]<Jacobian>: 0.00243753 - 0.0993644% [15]
|   |   |   |   |   |   |   |   Phalanx: Evaluator 189: [<Jacobian>] DOFVecInterpolationSide<Jacobian>: 0.00491517 - 0.200363% [15]
|   |   |   |   |   |   |   |   Phalanx: Evaluator 149: [<Jacobian>] StokesFOBasalResid<Jacobian>: 0.00619851 - 0.252678% [15]
|   |   |   |   |   |   |   |   Phalanx: Evaluator 111: [<Jacobian>] Scatter Velocity Residual<Jacobian>: 0.014624 - 0.596139% [15]
|   |   |   |   |   |   |   |   Remainder: 0.0496753 - 2.02498%
|   |   |   |   |   |   |   Albany Jacobian Fill: Export: 0.000876221 - 0.0226536% [15]
|   |   |   |   |   |   |   Remainder: 1.41391 - 36.5548%
|   |   |   |   |   |   Remainder: 0.000559345 - 0.00962762%
|   |   |   |   |   Remainder: 0.00162603 - 0.0279799%
|   |   |   |   NOX Total Preconditioner Construction: 16.0677 - 37.7579% [15]
|   |   |   |   |   ThyraMueLu::initializePrec: 15.9863 - 99.4933% [15]
|   |   |   |   |   |   MueLu: ParameterListInterpreter (ParameterList): 0.0116341 - 0.0727753% [15]
|   |   |   |   |   |   Ifpack2::Chebyshev::compute: 0.710632 - 4.44525% [15]
|   |   |   |   |   |   Ifpack2::Relaxation::initialize: 0.037794 - 0.236414% [30]
|   |   |   |   |   |   Ifpack2::Relaxation::compute: 0.00580225 - 0.0362951% [30]
|   |   |   |   |   |   Utilities_kokkos::GetMatrixDiagonalInverse: 0.000920256 - 0.00575652% [15]
|   |   |   |   |   |   Remainder: 15.2195 - 95.2035%
|   |   |   |   |   Remainder: 0.0814093 - 0.506663%
|   |   |   |   NOX Total Linear Solve: 20.6464 - 48.5174% [15]
|   |   |   |   |   Stratimikos: BelosLOWS: 20.6463 - 99.9997% [15]
|   |   |   |   |   |   Belos: Operation Op*x: 0.010759 - 0.0521109% [15]
|   |   |   |   |   |   Belos::MVT::MvAddMv: 0.000174729 - 0.000846295% [15]
|   |   |   |   |   |   Belos: BlockGmresSolMgr total solve time: 20.5098 - 99.3388% [15]
|   |   |   |   |   |   |   Belos: ICGS[2]: Orthogonalization: 4.14601 - 20.2147% [2023]
|   |   |   |   |   |   |   |   Belos: ICGS[2]: Ortho (Norm): 0.0749508 - 1.80778% [2023]
|   |   |   |   |   |   |   |   |   Belos::MVT::MvDot: 0.0729354 - 97.311% [2023]
|   |   |   |   |   |   |   |   |   Remainder: 0.00201539 - 2.68895%
|   |   |   |   |   |   |   |   Belos::MVT::MvScale: 0.010647 - 0.256802% [2023]
|   |   |   |   |   |   |   |   Belos: ICGS[2]: Ortho (Inner Product): 2.25255 - 54.3306% [4016]
|   |   |   |   |   |   |   |   |   Belos::MVT::MvTransMv: 2.24754 - 99.7775% [4016]
|   |   |   |   |   |   |   |   |   Remainder: 0.00501236 - 0.222519%
|   |   |   |   |   |   |   |   Belos: ICGS[2]: Ortho (Update): 1.79489 - 43.2919% [4016]
|   |   |   |   |   |   |   |   |   Belos::MVT::MvTimesMatAddMv: 1.79042 - 99.7514% [4016]
|   |   |   |   |   |   |   |   |   Remainder: 0.00446251 - 0.248623%
|   |   |   |   |   |   |   |   Remainder: 0.0129747 - 0.312944%
|   |   |   |   |   |   |   Belos::MVT::MvAddMv: 0.000483086 - 0.00235539% [54]
|   |   |   |   |   |   |   Belos::MVT::MvNorm: 0.0102629 - 0.0500388% [27]
|   |   |   |   |   |   |   Belos: Operation Prec*x: 8.34234 - 40.6748% [2023]
|   |   |   |   |   |   |   |   Ifpack2::Chebyshev::apply: 2.00215 - 23.9998% [4046]
|   |   |   |   |   |   |   |   Ifpack2::Relaxation::apply: 1.53062 - 18.3476% [6069]
|   |   |   |   |   |   |   |   Remainder: 4.80957 - 57.6526%
|   |   |   |   |   |   |   Belos: Operation Op*x: 7.74562 - 37.7654% [2020]
|   |   |   |   |   |   |   Belos::MVT::MvTimesMatAddMv: 0.0315583 - 0.153869% [15]
|   |   |   |   |   |   |   Remainder: 0.233556 - 1.13875%
|   |   |   |   |   |   Remainder: 0.125576 - 0.608224%
|   |   |   |   |   Remainder: 5.8492e-05 - 0.000283304%
|   |   |   |   Remainder: 0.0291101 - 0.0684063%
|   |   |   Remainder: 0.000541084 - 0.00127149%
|   |   Piro::SteadyStateSolver::evalConvergedModelResponsesAndSensitivities::calc g, df/dp, dg/dp, dg/dx: 0.00110512 - 0.00259576% [1]
|   |   |   Thyra::DefaultModelEvaluatorWithSolveFactory<double>::evalModel(...): 0.00106068 - 95.9782% [1]
|   |   |   |   Albany: Total Fill Time: 0.00103586 - 97.6602% [1]
|   |   |   |   |   Albany Fill: Response: 0.00102355 - 98.8122% [1]
|   |   |   |   |   Remainder: 1.2304e-05 - 1.18781%
|   |   |   |   Remainder: 2.4818e-05 - 2.33983%
|   |   |   Remainder: 4.4446e-05 - 4.02181%
|   |   Albany Fill: State Residual: 0.00303671 - 0.00713276% [1]
|   |   |   Phalanx::SortAndOrderEvaluators: 1.232e-06 - 0.0405702% [5]
|   |   |   Remainder: 0.00303548 - 99.9594%
|   |   Albany: Output to File: 0.0133198 - 0.0312861% [1]
|   |   Thyra::DefaultModelEvaluatorWithSolveFactory<double>::evalModel(...): 0.000137074 - 0.000321965% [1]
|   |   |   Albany: Total Fill Time: 8.0315e-05 - 58.5924% [1]
|   |   |   |   Albany Fill: Response: 7.0957e-05 - 88.3484% [1]
|   |   |   |   Remainder: 9.358e-06 - 11.6516%
|   |   |   Remainder: 5.6759e-05 - 41.4076%
|   |   Remainder: 0.00132759 - 0.00311831%
|   Remainder: 1.2645e-05 - 1.81526e-05%
~PyProblem()
<PyAlbany.Albany_Pybind11.RCPPyParameterList object at 0x14a8ec0c31b0>
<PyAlbany.Albany_Pybind11.RCPPyParameterList object at 0x14a8ec0c3230>
Solve time: 42.574136987
~PyParallelEnv()

