*********************************************************************************
**  ______   __  __   ______   __       ______   ______   __   __   __  __     **
** /\  == \ /\ \_\ \ /\  __ \ /\ \     /\  == \ /\  __ \ /\ "-.\ \ /\ \_\ \    **
** \ \  __/ \ \____ \\ \  __ \\ \ \____\ \  __< \ \  __ \\ \ \-.  \\ \____ \   **
**  \ \_\    \/\_____\\ \_\ \_\\ \_____\\ \_____\\ \_\ \_\\ \_\\"\_\\/\_____\  **
**   \/_/     \/_____/ \/_/\/_/ \/_____/ \/_____/ \/_/\/_/ \/_/ \/_/ \/_____/  **
**                                                                             **
*********************************************************************************
** Trilinos git commit id - c70ae3dfa18
** Albany git branch ------ pybind11_PR
** Albany git commit id --- 7a1da3122
** Albany cxx compiler ---- GNU 10.3.0
** Albany cuda compiler --- Cuda 115
** Simulation start time -- 2022-09-23 at 20:14:08
***************************************************************
Albany_IOSS: Loading STKMesh from Exodus file  /global/homes/m/mcarlson/LandIce/ALITune/optimize/data/mesh-pop-wdg/gis_basal_populated.exo
Albany_IOSS: Loading STKMesh from Exodus file  /global/homes/m/mcarlson/LandIce/ALITune/optimize/data/mesh-pop-wdg/gis_upper_populated.exo
IOSS-STK: number of node sets = 3
IOSS-STK: number of side sets = 3
IOSS-STK: number of node sets = 3
IOSS-STK: number of side sets = 3
IOSS-STK: number of node sets = 1
IOSS-STK: number of side sets = 0
Restart Index set, reading solution index : 1
[GenericSTKMeshStruct] Processing field requirements...
  - Skipping field 'ice_thickness' since it's listed as present in the mesh.
  - Skipping field 'observed_ice_thickness' since it's listed as present in the mesh.
  - Skipping field 'observed_ice_thickness_RMS' since it's listed as present in the mesh.
  - Skipping field 'surface_height' since it's listed as present in the mesh.
  - Skipping field 'bed_topography' since it's listed as present in the mesh.
  - Skipping field 'log_basal_friction' since it's listed as present in the mesh.
  - Skipping field 'temperature' since it's listed as present in the mesh.
  - Skipping field 'apparent_mass_balance' since it's listed as present in the mesh.
  - Skipping field 'apparent_mass_balance_RMS' since it's listed as present in the mesh.
[ExtrudedSTKMesh] Adding nodes... done!
[ExtrudedSTKMesh] Adding elements... done!
[ExtrudedSTKMesh] Adding basalside sides... done!
[ExtrudedSTKMesh] Adding upperside sides... done!
[ExtrudedSTKMesh] Adding lateral sides... done!
[ExtrudedSTKMesh] Extruding basal fields...
  - Extruding Scalar Node field ice_thickness...done!
  - Extruding Scalar Node field surface_height...done!
  - Extruding Scalar Node field log_basal_friction...done!
  - Extruding Scalar Node field bed_topography...done!
  - Extruding Scalar Node field apparent_mass_balance...done!
  - Extruding Scalar Node field apparent_mass_balance_RMS...done!
[ExtrudedSTKMesh] Interpolating layered basal fields...
  - Interpolating Scalar field temperature...done!
[GenericSTKMeshStruct] Processing field requirements...
  - Skipping field 'ice_thickness' since it's listed as present in the mesh.
  - Skipping field 'surface_height' since it's listed as present in the mesh.
  - Skipping field 'log_basal_friction' since it's listed as present in the mesh.
  - Skipping field 'temperature' since it's listed as present in the mesh.
  - Skipping field 'bed_topography' since it's listed as present in the mesh.
  - Skipping field 'apparent_mass_balance' since it's listed as present in the mesh.
  - Skipping field 'apparent_mass_balance_RMS' since it's listed as present in the mesh.
  - Skipping field 'bed_topography' since it's listed as output. Make sure there's an evaluator set to save it!
  - Skipping field 'surface_height' since it's listed as output. Make sure there's an evaluator set to save it!
Restart Index set, reading solution index : 1
[GenericSTKMeshStruct] Processing field requirements...
  - Skipping field 'observed_surface_velocity' since it's listed as present in the mesh.
  - Skipping field 'observed_surface_velocity_RMS' since it's listed as present in the mesh.
STKDisc: 725880 elements on Proc 0 
STKDisc: nodeset basal_boundary_node_set_0 has size 0  on Proc 0.
STKDisc: nodeset basal_boundary_node_set_1 has size 6027  on Proc 0.
STKDisc: nodeset basal_node_set has size 39224  on Proc 0.
STKDisc: nodeset bottom has size 39224  on Proc 0.
STKDisc: nodeset extruded_boundary_node_set_0 has size 0  on Proc 0.
STKDisc: nodeset extruded_boundary_node_set_1 has size 66297  on Proc 0.
STKDisc: nodeset extruded_node_set has size 431464  on Proc 0.
STKDisc: nodeset lateral has size 66297  on Proc 0.
STKDisc: nodeset top has size 39224  on Proc 0.
STKDisc: sideset basalside has size 72588  on Proc 0.
STKDisc: sideset extruded_boundary_side_set has size 60460  on Proc 0.
STKDisc: sideset extruded_boundary_side_set_1 has size 57830  on Proc 0.
STKDisc: sideset extruded_boundary_side_set_1_tri3_edge2 has size 57830  on Proc 0.
STKDisc: sideset extruded_boundary_side_set_2 has size 2630  on Proc 0.
STKDisc: sideset extruded_boundary_side_set_2_tri3_edge2 has size 2630  on Proc 0.
STKDisc: sideset extruded_boundary_side_set_tri3_edge2 has size 60460  on Proc 0.
STKDisc: sideset lateralside has size 60460  on Proc 0.
STKDisc: sideset upperside has size 72588  on Proc 0.
STKDisc: 72588 elements on Proc 0 
STKDisc: nodeset boundary_node_set_0 has size 0  on Proc 0.
STKDisc: nodeset boundary_node_set_1 has size 6027  on Proc 0.
STKDisc: nodeset node_set has size 39224  on Proc 0.
STKDisc: sideset boundary_side_set has size 6046  on Proc 0.
STKDisc: sideset boundary_side_set_1 has size 5783  on Proc 0.
STKDisc: sideset boundary_side_set_2 has size 263  on Proc 0.
STKDisc: 72588 elements on Proc 0 
STKDisc: nodeset all_nodes has size 39224  on Proc 0.
StateManager: initializing state:  ice_thickness
StateManager: initializing state:  surface_height
StateManager: initializing state:  log_basal_friction
StateManager: initializing state:  temperature
StateManager: initializing state:  bed_topography
StateManager: initializing state:  apparent_mass_balance
StateManager: initializing state:  apparent_mass_balance_RMS
StateManager: initializing state:  dissipation_heat

StateManager: initializing state:  ice_thickness
StateManager: initializing state:  observed_ice_thickness
StateManager: initializing state:  observed_ice_thickness_RMS
StateManager: initializing state:  surface_height
StateManager: initializing state:  bed_topography
StateManager: initializing state:  log_basal_friction
StateManager: initializing state:  temperature
StateManager: initializing state:  apparent_mass_balance
StateManager: initializing state:  apparent_mass_balance_RMS

StateManager: initializing state:  observed_surface_velocity
StateManager: initializing state:  observed_surface_velocity_RMS

xxxxxxxxxxxxxxxxxxxxxxxxxxxxxxxxxxxxxxxxxxxxxxx
 Sacado ParameterLibrary has been initialized:
 Library of all registered parameters:
xxxxxxxxxxxxxxxxxxxxxxxxxxxxxxxxxxxxxxxxxxxxxxx

Total number of parameters  = 0
Number of non-distributed parameters  = 0
Number of response vectors  = 1
Number of distributed parameters vectors  = 0

************************************************************************
-- Nonlinear Solver Step 0 -- 
||F|| = 5.152e+05  step = 0.000e+00  dx = 0.000e+00
************************************************************************

  
  *******************************************************
  ***** Belos Iterative Solver:  Block Gmres 
  ***** Maximum Iterations: 200
  ***** Block Size: 1
  ***** Residual Test: 
  *****   Test 1 : Belos::StatusTestImpResNorm<>: (2-Norm Res Vec) / (2-Norm Res0), tol = 1e-08
  *******************************************************
  Iter   0, [ 1] :    1.000000e+00
  Iter  20, [ 1] :    1.579726e-02
  Iter  40, [ 1] :    3.376998e-03
  Iter  60, [ 1] :    2.351688e-03
  Iter  80, [ 1] :    7.072861e-04
  Iter 100, [ 1] :    1.168983e-04
  Iter 120, [ 1] :    1.595405e-05
  Iter 140, [ 1] :    3.363143e-06
  Iter 160, [ 1] :    8.861361e-08
  Iter 174, [ 1] :    9.377968e-09

************************************************************************
-- Nonlinear Solver Step 1 -- 
||F|| = 5.031e+05  step = 1.250e-01  dx = 1.950e+04
************************************************************************

  
  *******************************************************
  ***** Belos Iterative Solver:  Block Gmres 
  ***** Maximum Iterations: 200
  ***** Block Size: 1
  ***** Residual Test: 
  *****   Test 1 : Belos::StatusTestImpResNorm<>: (2-Norm Res Vec) / (2-Norm Res0), tol = 1e-08
  *******************************************************
  Iter   0, [ 1] :    1.000000e+00
  Iter  20, [ 1] :    2.922773e-01
  Iter  40, [ 1] :    2.896666e-01
  Iter  60, [ 1] :    2.878879e-01
  Iter  80, [ 1] :    2.873341e-01
  Iter 100, [ 1] :    2.867261e-01
  Iter 120, [ 1] :    2.850953e-01
  Iter 140, [ 1] :    2.833817e-01
  Iter 160, [ 1] :    2.825258e-01
  Iter 180, [ 1] :    2.820460e-01
  Iter 200, [ 1] :    2.817250e-01
WARNING: NOX::Direction::Newton::compute() - Linear solve failed to achieve convergence - using the step anyway since "Rescue Bad Newton Solve" is true 

************************************************************************
-- Nonlinear Solver Step 2 -- 
||F|| = 4.927e+05  step = 1.250e-01  dx = 2.725e+04
************************************************************************

  
  *******************************************************
  ***** Belos Iterative Solver:  Block Gmres 
  ***** Maximum Iterations: 200
  ***** Block Size: 1
  ***** Residual Test: 
  *****   Test 1 : Belos::StatusTestImpResNorm<>: (2-Norm Res Vec) / (2-Norm Res0), tol = 1e-08
  *******************************************************
  Iter   0, [ 1] :    1.000000e+00
  Iter  20, [ 1] :    1.394377e-01
  Iter  40, [ 1] :    1.356302e-01
  Iter  60, [ 1] :    1.343754e-01
  Iter  80, [ 1] :    1.331534e-01
  Iter 100, [ 1] :    1.290213e-01
  Iter 120, [ 1] :    1.276245e-01
  Iter 140, [ 1] :    1.245696e-01
  Iter 160, [ 1] :    1.222591e-01
  Iter 180, [ 1] :    1.201713e-01
  Iter 200, [ 1] :    1.112855e-01
WARNING: NOX::Direction::Newton::compute() - Linear solve failed to achieve convergence - using the step anyway since "Rescue Bad Newton Solve" is true 

************************************************************************
-- Nonlinear Solver Step 3 -- 
||F|| = 4.765e+05  step = 1.250e-01  dx = 3.423e+04
************************************************************************

  
  *******************************************************
  ***** Belos Iterative Solver:  Block Gmres 
  ***** Maximum Iterations: 200
  ***** Block Size: 1
  ***** Residual Test: 
  *****   Test 1 : Belos::StatusTestImpResNorm<>: (2-Norm Res Vec) / (2-Norm Res0), tol = 1e-08
  *******************************************************
  Iter   0, [ 1] :    1.000000e+00
  Iter  20, [ 1] :    8.233115e-02
  Iter  40, [ 1] :    7.826887e-02
  Iter  60, [ 1] :    7.181358e-02
  Iter  80, [ 1] :    6.752955e-02
  Iter 100, [ 1] :    5.577836e-02
  Iter 120, [ 1] :    4.405926e-02
  Iter 140, [ 1] :    3.874362e-02
  Iter 160, [ 1] :    3.586803e-02
  Iter 180, [ 1] :    2.015180e-02
  Iter 200, [ 1] :    1.628463e-02
WARNING: NOX::Direction::Newton::compute() - Linear solve failed to achieve convergence - using the step anyway since "Rescue Bad Newton Solve" is true 

************************************************************************
-- Nonlinear Solver Step 4 -- 
||F|| = 4.688e+05  step = 2.500e-01  dx = 3.613e+04
************************************************************************

  
  *******************************************************
  ***** Belos Iterative Solver:  Block Gmres 
  ***** Maximum Iterations: 200
  ***** Block Size: 1
  ***** Residual Test: 
  *****   Test 1 : Belos::StatusTestImpResNorm<>: (2-Norm Res Vec) / (2-Norm Res0), tol = 1e-08
  *******************************************************
  Iter   0, [ 1] :    1.000000e+00
  Iter  20, [ 1] :    3.808790e-02
  Iter  40, [ 1] :    3.563329e-02
  Iter  60, [ 1] :    2.718219e-02
  Iter  80, [ 1] :    1.444785e-02
  Iter 100, [ 1] :    1.295803e-02
  Iter 120, [ 1] :    1.001786e-02
  Iter 140, [ 1] :    5.884084e-03
  Iter 160, [ 1] :    2.638554e-03
  Iter 180, [ 1] :    6.234974e-04
  Iter 200, [ 1] :    7.355766e-05
WARNING: NOX::Direction::Newton::compute() - Linear solve failed to achieve convergence - using the step anyway since "Rescue Bad Newton Solve" is true 

************************************************************************
-- Nonlinear Solver Step 5 -- 
||F|| = 4.668e+05  step = 5.000e-01  dx = 3.340e+04
************************************************************************

  
  *******************************************************
  ***** Belos Iterative Solver:  Block Gmres 
  ***** Maximum Iterations: 200
  ***** Block Size: 1
  ***** Residual Test: 
  *****   Test 1 : Belos::StatusTestImpResNorm<>: (2-Norm Res Vec) / (2-Norm Res0), tol = 1e-08
  *******************************************************
  Iter   0, [ 1] :    1.000000e+00
  Iter  20, [ 1] :    2.092942e-02
  Iter  40, [ 1] :    1.744015e-02
  Iter  60, [ 1] :    1.210794e-02
  Iter  80, [ 1] :    8.350183e-03
  Iter 100, [ 1] :    6.001261e-03
  Iter 120, [ 1] :    2.688793e-03
  Iter 140, [ 1] :    1.584223e-03
  Iter 160, [ 1] :    1.023731e-04
  Iter 180, [ 1] :    2.320885e-05
  Iter 200, [ 1] :    7.945497e-06
WARNING: NOX::Direction::Newton::compute() - Linear solve failed to achieve convergence - using the step anyway since "Rescue Bad Newton Solve" is true 

************************************************************************
-- Nonlinear Solver Step 6 -- 
||F|| = 3.461e+05  step = 1.000e+00  dx = 2.410e+04
************************************************************************

  
  *******************************************************
  ***** Belos Iterative Solver:  Block Gmres 
  ***** Maximum Iterations: 200
  ***** Block Size: 1
  ***** Residual Test: 
  *****   Test 1 : Belos::StatusTestImpResNorm<>: (2-Norm Res Vec) / (2-Norm Res0), tol = 1e-08
  *******************************************************
  Iter   0, [ 1] :    1.000000e+00
  Iter  20, [ 1] :    1.118869e-02
  Iter  40, [ 1] :    8.417735e-03
  Iter  60, [ 1] :    6.793146e-03
  Iter  80, [ 1] :    3.364171e-03
  Iter 100, [ 1] :    2.321438e-03
  Iter 120, [ 1] :    1.692158e-03
  Iter 140, [ 1] :    2.834173e-04
  Iter 160, [ 1] :    5.525411e-06
  Iter 180, [ 1] :    3.759336e-07
  Iter 200, [ 1] :    1.249654e-08
WARNING: NOX::Direction::Newton::compute() - Linear solve failed to achieve convergence - using the step anyway since "Rescue Bad Newton Solve" is true 

************************************************************************
-- Nonlinear Solver Step 7 -- 
||F|| = 7.429e+04  step = 1.000e+00  dx = 8.278e+03
************************************************************************

  
  *******************************************************
  ***** Belos Iterative Solver:  Block Gmres 
  ***** Maximum Iterations: 200
  ***** Block Size: 1
  ***** Residual Test: 
  *****   Test 1 : Belos::StatusTestImpResNorm<>: (2-Norm Res Vec) / (2-Norm Res0), tol = 1e-08
  *******************************************************
  Iter   0, [ 1] :    1.000000e+00
  Iter  20, [ 1] :    8.738684e-03
  Iter  40, [ 1] :    6.819713e-03
  Iter  60, [ 1] :    5.503663e-03
  Iter  80, [ 1] :    3.862087e-03
  Iter 100, [ 1] :    2.322490e-03
  Iter 120, [ 1] :    1.302900e-03
  Iter 140, [ 1] :    2.895788e-04
  Iter 160, [ 1] :    6.552290e-06
  Iter 180, [ 1] :    6.083779e-07
  Iter 200, [ 1] :    9.846889e-09

************************************************************************
-- Nonlinear Solver Step 8 -- 
||F|| = 5.705e+03  step = 1.000e+00  dx = 1.767e+03
************************************************************************

  
  *******************************************************
  ***** Belos Iterative Solver:  Block Gmres 
  ***** Maximum Iterations: 200
  ***** Block Size: 1
  ***** Residual Test: 
  *****   Test 1 : Belos::StatusTestImpResNorm<>: (2-Norm Res Vec) / (2-Norm Res0), tol = 1e-08
  *******************************************************
  Iter   0, [ 1] :    1.000000e+00
  Iter  20, [ 1] :    1.025971e-02
  Iter  40, [ 1] :    6.707842e-03
  Iter  60, [ 1] :    5.782921e-03
  Iter  80, [ 1] :    2.555966e-03
  Iter 100, [ 1] :    2.016428e-03
  Iter 120, [ 1] :    3.918163e-04
  Iter 140, [ 1] :    1.728478e-05
  Iter 160, [ 1] :    3.527487e-06
  Iter 180, [ 1] :    1.036948e-07
  Iter 192, [ 1] :    9.402111e-09

************************************************************************
-- Nonlinear Solver Step 9 -- 
||F|| = 1.546e+02  step = 1.000e+00  dx = 2.002e+02
************************************************************************

  
  *******************************************************
  ***** Belos Iterative Solver:  Block Gmres 
  ***** Maximum Iterations: 200
  ***** Block Size: 1
  ***** Residual Test: 
  *****   Test 1 : Belos::StatusTestImpResNorm<>: (2-Norm Res Vec) / (2-Norm Res0), tol = 1e-08
  *******************************************************
  Iter   0, [ 1] :    1.000000e+00
  Iter  20, [ 1] :    9.756715e-02
  Iter  40, [ 1] :    5.938247e-02
  Iter  60, [ 1] :    4.624775e-02
  Iter  80, [ 1] :    1.339212e-02
  Iter 100, [ 1] :    9.067868e-03
  Iter 120, [ 1] :    7.204679e-03
  Iter 140, [ 1] :    5.451323e-04
  Iter 160, [ 1] :    4.806860e-05
  Iter 180, [ 1] :    1.365833e-06
  Iter 200, [ 1] :    1.272419e-08
WARNING: NOX::Direction::Newton::compute() - Linear solve failed to achieve convergence - using the step anyway since "Rescue Bad Newton Solve" is true 

************************************************************************
-- Nonlinear Solver Step 10 -- 
||F|| = 2.331e+01  step = 1.000e+00  dx = 3.486e+02
************************************************************************

  
  *******************************************************
  ***** Belos Iterative Solver:  Block Gmres 
  ***** Maximum Iterations: 200
  ***** Block Size: 1
  ***** Residual Test: 
  *****   Test 1 : Belos::StatusTestImpResNorm<>: (2-Norm Res Vec) / (2-Norm Res0), tol = 1e-08
  *******************************************************
  Iter   0, [ 1] :    1.000000e+00
  Iter  20, [ 1] :    6.553111e-01
  Iter  40, [ 1] :    4.637044e-01
  Iter  60, [ 1] :    2.872658e-01
  Iter  80, [ 1] :    1.110765e-01
  Iter 100, [ 1] :    7.574657e-02
  Iter 120, [ 1] :    1.384533e-02
  Iter 140, [ 1] :    1.066918e-02
  Iter 160, [ 1] :    1.455968e-03
  Iter 180, [ 1] :    1.239109e-04
  Iter 200, [ 1] :    3.219082e-07
WARNING: NOX::Direction::Newton::compute() - Linear solve failed to achieve convergence - using the step anyway since "Rescue Bad Newton Solve" is true 

************************************************************************
-- Nonlinear Solver Step 11 -- 
||F|| = 1.779e+01  step = 5.000e-01  dx = 6.833e+02
************************************************************************

  
  *******************************************************
  ***** Belos Iterative Solver:  Block Gmres 
  ***** Maximum Iterations: 200
  ***** Block Size: 1
  ***** Residual Test: 
  *****   Test 1 : Belos::StatusTestImpResNorm<>: (2-Norm Res Vec) / (2-Norm Res0), tol = 1e-08
  *******************************************************
  Iter   0, [ 1] :    1.000000e+00
  Iter  20, [ 1] :    6.761333e-01
  Iter  40, [ 1] :    3.393531e-01
  Iter  60, [ 1] :    2.224026e-01
  Iter  80, [ 1] :    1.210228e-01
  Iter 100, [ 1] :    8.637539e-02
  Iter 120, [ 1] :    3.328992e-03
  Iter 140, [ 1] :    1.136846e-04
  Iter 160, [ 1] :    1.020055e-05
  Iter 180, [ 1] :    7.637031e-07
  Iter 196, [ 1] :    7.533951e-09

************************************************************************
-- Nonlinear Solver Step 12 -- 
||F|| = 1.380e+01  step = 5.000e-01  dx = 3.289e+02
************************************************************************

  
  *******************************************************
  ***** Belos Iterative Solver:  Block Gmres 
  ***** Maximum Iterations: 200
  ***** Block Size: 1
  ***** Residual Test: 
  *****   Test 1 : Belos::StatusTestImpResNorm<>: (2-Norm Res Vec) / (2-Norm Res0), tol = 1e-08
  *******************************************************
  Iter   0, [ 1] :    1.000000e+00
  Iter  20, [ 1] :    6.256817e-01
  Iter  40, [ 1] :    3.054443e-01
  Iter  60, [ 1] :    9.714761e-02
  Iter  80, [ 1] :    5.895579e-02
  Iter 100, [ 1] :    7.157537e-03
  Iter 120, [ 1] :    7.394851e-04
  Iter 140, [ 1] :    3.216056e-05
  Iter 160, [ 1] :    4.164842e-06
  Iter 180, [ 1] :    8.380446e-08
  Iter 192, [ 1] :    7.682479e-09

************************************************************************
-- Nonlinear Solver Step 13 -- 
||F|| = 1.066e+01  step = 5.000e-01  dx = 1.529e+02
************************************************************************

  
  *******************************************************
  ***** Belos Iterative Solver:  Block Gmres 
  ***** Maximum Iterations: 200
  ***** Block Size: 1
  ***** Residual Test: 
  *****   Test 1 : Belos::StatusTestImpResNorm<>: (2-Norm Res Vec) / (2-Norm Res0), tol = 1e-08
  *******************************************************
  Iter   0, [ 1] :    1.000000e+00
  Iter  20, [ 1] :    6.514709e-01
  Iter  40, [ 1] :    3.315839e-01
  Iter  60, [ 1] :    1.478431e-01
  Iter  80, [ 1] :    6.725203e-02
  Iter 100, [ 1] :    1.714876e-02
  Iter 120, [ 1] :    1.424127e-03
  Iter 140, [ 1] :    2.880063e-04
  Iter 160, [ 1] :    5.068885e-06
  Iter 180, [ 1] :    3.112215e-07
  Iter 198, [ 1] :    7.476378e-09

************************************************************************
-- Nonlinear Solver Step 14 -- 
||F|| = 8.318e+00  step = 5.000e-01  dx = 7.617e+01
************************************************************************

  
  *******************************************************
  ***** Belos Iterative Solver:  Block Gmres 
  ***** Maximum Iterations: 200
  ***** Block Size: 1
  ***** Residual Test: 
  *****   Test 1 : Belos::StatusTestImpResNorm<>: (2-Norm Res Vec) / (2-Norm Res0), tol = 1e-08
  *******************************************************
  Iter   0, [ 1] :    1.000000e+00
  Iter  20, [ 1] :    5.867710e-01
  Iter  40, [ 1] :    3.021964e-01
  Iter  60, [ 1] :    8.772477e-02
  Iter  80, [ 1] :    4.781859e-02
  Iter 100, [ 1] :    2.347784e-02
  Iter 120, [ 1] :    1.328260e-03
  Iter 140, [ 1] :    7.844094e-05
  Iter 160, [ 1] :    3.916116e-06
  Iter 180, [ 1] :    1.194861e-07
  Iter 192, [ 1] :    8.085987e-09

************************************************************************
-- Nonlinear Solver Step 15 -- 
||F|| = 6.639e+00  step = 5.000e-01  dx = 3.499e+01
************************************************************************

  
  *******************************************************
  ***** Belos Iterative Solver:  Block Gmres 
  ***** Maximum Iterations: 200
  ***** Block Size: 1
  ***** Residual Test: 
  *****   Test 1 : Belos::StatusTestImpResNorm<>: (2-Norm Res Vec) / (2-Norm Res0), tol = 1e-08
  *******************************************************
  Iter   0, [ 1] :    1.000000e+00
  Iter  20, [ 1] :    5.256184e-01
  Iter  40, [ 1] :    2.208508e-01
  Iter  60, [ 1] :    1.520973e-01
  Iter  80, [ 1] :    6.128119e-02
  Iter 100, [ 1] :    1.680086e-02
  Iter 120, [ 1] :    7.073924e-04
  Iter 140, [ 1] :    9.344335e-05
  Iter 160, [ 1] :    1.650423e-06
  Iter 180, [ 1] :    2.948328e-07
  Iter 199, [ 1] :    9.174928e-09

************************************************************************
-- Nonlinear Solver Step 16 -- 
||F|| = 4.660e+00  step = 5.000e-01  dx = 1.685e+01
************************************************************************

  
  *******************************************************
  ***** Belos Iterative Solver:  Block Gmres 
  ***** Maximum Iterations: 200
  ***** Block Size: 1
  ***** Residual Test: 
  *****   Test 1 : Belos::StatusTestImpResNorm<>: (2-Norm Res Vec) / (2-Norm Res0), tol = 1e-08
  *******************************************************
  Iter   0, [ 1] :    1.000000e+00
  Iter  20, [ 1] :    4.977510e-01
  Iter  40, [ 1] :    3.496783e-01
  Iter  60, [ 1] :    1.178166e-01
  Iter  80, [ 1] :    5.505053e-02
  Iter 100, [ 1] :    1.208178e-02
  Iter 120, [ 1] :    1.119800e-03
  Iter 140, [ 1] :    2.422551e-04
  Iter 160, [ 1] :    5.796376e-06
  Iter 180, [ 1] :    1.028909e-06
  Iter 200, [ 1] :    3.715312e-08
WARNING: NOX::Direction::Newton::compute() - Linear solve failed to achieve convergence - using the step anyway since "Rescue Bad Newton Solve" is true 

************************************************************************
-- Nonlinear Solver Step 17 -- 
||F|| = 3.068e+00  step = 5.000e-01  dx = 6.275e+00
************************************************************************

  
  *******************************************************
  ***** Belos Iterative Solver:  Block Gmres 
  ***** Maximum Iterations: 200
  ***** Block Size: 1
  ***** Residual Test: 
  *****   Test 1 : Belos::StatusTestImpResNorm<>: (2-Norm Res Vec) / (2-Norm Res0), tol = 1e-08
  *******************************************************
  Iter   0, [ 1] :    1.000000e+00
  Iter  20, [ 1] :    4.456383e-01
  Iter  40, [ 1] :    3.150037e-01
  Iter  60, [ 1] :    2.116185e-01
  Iter  80, [ 1] :    5.815166e-02
  Iter 100, [ 1] :    2.929411e-02
  Iter 120, [ 1] :    1.606806e-03
  Iter 140, [ 1] :    5.073336e-04
  Iter 160, [ 1] :    5.595533e-05
  Iter 180, [ 1] :    2.720449e-06
  Iter 200, [ 1] :    1.082961e-07
WARNING: NOX::Direction::Newton::compute() - Linear solve failed to achieve convergence - using the step anyway since "Rescue Bad Newton Solve" is true 

************************************************************************
-- Nonlinear Solver Step 18 -- 
||F|| = 1.969e+00  step = 5.000e-01  dx = 2.339e+00
************************************************************************

  
  *******************************************************
  ***** Belos Iterative Solver:  Block Gmres 
  ***** Maximum Iterations: 200
  ***** Block Size: 1
  ***** Residual Test: 
  *****   Test 1 : Belos::StatusTestImpResNorm<>: (2-Norm Res Vec) / (2-Norm Res0), tol = 1e-08
  *******************************************************
  Iter   0, [ 1] :    1.000000e+00
  Iter  20, [ 1] :    3.878977e-01
  Iter  40, [ 1] :    1.337892e-01
  Iter  60, [ 1] :    3.783790e-02
  Iter  80, [ 1] :    9.411278e-03
  Iter 100, [ 1] :    4.956011e-03
  Iter 120, [ 1] :    4.518171e-04
  Iter 140, [ 1] :    3.722507e-04
  Iter 160, [ 1] :    2.873222e-04
  Iter 180, [ 1] :    2.077340e-05
  Iter 200, [ 1] :    1.147679e-06
WARNING: NOX::Direction::Newton::compute() - Linear solve failed to achieve convergence - using the step anyway since "Rescue Bad Newton Solve" is true 

************************************************************************
-- Nonlinear Solver Step 19 -- 
||F|| = 1.093e+00  step = 5.000e-01  dx = 6.380e-01
************************************************************************

  
  *******************************************************
  ***** Belos Iterative Solver:  Block Gmres 
  ***** Maximum Iterations: 200
  ***** Block Size: 1
  ***** Residual Test: 
  *****   Test 1 : Belos::StatusTestImpResNorm<>: (2-Norm Res Vec) / (2-Norm Res0), tol = 1e-08
  *******************************************************
  Iter   0, [ 1] :    1.000000e+00
  Iter  20, [ 1] :    1.635535e-01
  Iter  40, [ 1] :    6.806765e-02
  Iter  60, [ 1] :    5.221052e-02
  Iter  80, [ 1] :    1.766633e-02
  Iter 100, [ 1] :    6.761563e-03
  Iter 120, [ 1] :    4.904828e-04
  Iter 140, [ 1] :    1.164563e-04
  Iter 160, [ 1] :    2.352335e-05
  Iter 180, [ 1] :    8.427620e-07
  Iter 198, [ 1] :    9.250169e-09

************************************************************************
-- Nonlinear Solver Step 20 -- 
||F|| = 9.521e-01  step = 1.000e+00  dx = 1.619e-01
************************************************************************

  
  *******************************************************
  ***** Belos Iterative Solver:  Block Gmres 
  ***** Maximum Iterations: 200
  ***** Block Size: 1
  ***** Residual Test: 
  *****   Test 1 : Belos::StatusTestImpResNorm<>: (2-Norm Res Vec) / (2-Norm Res0), tol = 1e-08
  *******************************************************
  Iter   0, [ 1] :    1.000000e+00
  Iter  20, [ 1] :    1.193225e-01
  Iter  40, [ 1] :    2.453574e-02
  Iter  60, [ 1] :    7.927740e-03
  Iter  80, [ 1] :    1.191028e-03
  Iter 100, [ 1] :    1.404321e-04
  Iter 120, [ 1] :    5.093082e-05
  Iter 140, [ 1] :    4.997017e-06
  Iter 160, [ 1] :    1.025029e-07
  Iter 176, [ 1] :    7.838112e-09

************************************************************************
-- Nonlinear Solver Step 21 -- 
||F|| = 8.979e-01  step = 1.000e+00  dx = 1.981e-01
************************************************************************

  
  *******************************************************
  ***** Belos Iterative Solver:  Block Gmres 
  ***** Maximum Iterations: 200
  ***** Block Size: 1
  ***** Residual Test: 
  *****   Test 1 : Belos::StatusTestImpResNorm<>: (2-Norm Res Vec) / (2-Norm Res0), tol = 1e-08
  *******************************************************
  Iter   0, [ 1] :    1.000000e+00
  Iter  20, [ 1] :    4.437542e-02
  Iter  40, [ 1] :    3.174453e-03
  Iter  60, [ 1] :    6.591548e-04
  Iter  80, [ 1] :    8.516279e-05
  Iter 100, [ 1] :    4.051908e-05
  Iter 120, [ 1] :    1.931862e-05
  Iter 140, [ 1] :    8.385285e-07
  Iter 157, [ 1] :    9.292852e-09

************************************************************************
-- Nonlinear Solver Step 22 -- 
||F|| = 4.891e-01  step = 5.000e-01  dx = 3.301e-01
************************************************************************

  
  *******************************************************
  ***** Belos Iterative Solver:  Block Gmres 
  ***** Maximum Iterations: 200
  ***** Block Size: 1
  ***** Residual Test: 
  *****   Test 1 : Belos::StatusTestImpResNorm<>: (2-Norm Res Vec) / (2-Norm Res0), tol = 1e-08
  *******************************************************
  Iter   0, [ 1] :    1.000000e+00
  Iter  20, [ 1] :    3.648752e-02
  Iter  40, [ 1] :    8.535366e-04
  Iter  60, [ 1] :    3.369250e-04
  Iter  80, [ 1] :    1.132728e-04
  Iter 100, [ 1] :    2.918722e-05
  Iter 120, [ 1] :    1.788372e-05
  Iter 140, [ 1] :    1.320955e-05
  Iter 160, [ 1] :    7.763381e-09

************************************************************************
-- Nonlinear Solver Step 23 -- 
||F|| = 4.311e-01  step = 1.000e+00  dx = 7.792e-02
************************************************************************

  
  *******************************************************
  ***** Belos Iterative Solver:  Block Gmres 
  ***** Maximum Iterations: 200
  ***** Block Size: 1
  ***** Residual Test: 
  *****   Test 1 : Belos::StatusTestImpResNorm<>: (2-Norm Res Vec) / (2-Norm Res0), tol = 1e-08
  *******************************************************
  Iter   0, [ 1] :    1.000000e+00
  Iter  20, [ 1] :    2.870138e-02
  Iter  40, [ 1] :    5.728253e-03
  Iter  60, [ 1] :    9.078605e-04
  Iter  80, [ 1] :    1.564205e-04
  Iter 100, [ 1] :    6.003591e-05
  Iter 120, [ 1] :    4.874645e-05
  Iter 140, [ 1] :    1.299831e-05
  Iter 160, [ 1] :    1.722273e-08
  Iter 170, [ 1] :    9.494245e-09

************************************************************************
-- Nonlinear Solver Step 24 -- 
||F|| = 2.373e-01  step = 1.000e+00  dx = 5.070e-02
************************************************************************

  
  *******************************************************
  ***** Belos Iterative Solver:  Block Gmres 
  ***** Maximum Iterations: 200
  ***** Block Size: 1
  ***** Residual Test: 
  *****   Test 1 : Belos::StatusTestImpResNorm<>: (2-Norm Res Vec) / (2-Norm Res0), tol = 1e-08
  *******************************************************
  Iter   0, [ 1] :    1.000000e+00
  Iter  20, [ 1] :    3.358143e-02
  Iter  40, [ 1] :    1.066143e-03
  Iter  60, [ 1] :    5.059109e-04
  Iter  80, [ 1] :    1.318913e-04
  Iter 100, [ 1] :    8.498989e-05
  Iter 120, [ 1] :    2.817447e-05
  Iter 140, [ 1] :    1.389556e-06
  Iter 158, [ 1] :    9.879603e-09

************************************************************************
-- Nonlinear Solver Step 25 -- 
||F|| = 5.171e-02  step = 1.000e+00  dx = 2.115e-02
************************************************************************

  
  *******************************************************
  ***** Belos Iterative Solver:  Block Gmres 
  ***** Maximum Iterations: 200
  ***** Block Size: 1
  ***** Residual Test: 
  *****   Test 1 : Belos::StatusTestImpResNorm<>: (2-Norm Res Vec) / (2-Norm Res0), tol = 1e-08
  *******************************************************
  Iter   0, [ 1] :    1.000000e+00
  Iter  20, [ 1] :    4.768305e-02
  Iter  40, [ 1] :    1.907789e-03
  Iter  60, [ 1] :    5.213412e-04
  Iter  80, [ 1] :    2.299262e-04
  Iter 100, [ 1] :    8.641296e-05
  Iter 120, [ 1] :    2.502548e-05
  Iter 140, [ 1] :    1.470760e-05
  Iter 160, [ 1] :    1.234823e-08
  Iter 161, [ 1] :    7.803546e-09

************************************************************************
-- Nonlinear Solver Step 26 -- 
||F|| = 4.935e-04  step = 1.000e+00  dx = 4.010e-03 (Converged!)
************************************************************************

************************************************************************
-- Final Status Test Results --
Converged....OR Combination -> 
  Converged....F-Norm = 5.312e-07 < 1.000e-05
               (Length-Scaled Two-Norm, Absolute Tolerance)
  ??...........Number of Iterations = -1 < 50
************************************************************************
         Response[0] = -7.00550989e+00 
*** Teuchos::StackedTimer::report() - Remainder for a level will be ***
*** incorrect if a timer in the level does not exist on every rank  ***
*** of the MPI Communicator.                                        ***
PyAlbany Total Time: 104.828 [2]
|   PyAlbany: Setup Time: 27.2786 - 26.0223% [1]
|   PyAlbany: performSolve: 77.5493 - 73.9777% [1]
|   |   Piro::NOXSolver::evalModelImpl::solve: 77.5308 - 99.9762% [1]
|   |   |   Thyra::NOXNonlinearSolver::solve: 77.5302 - 99.9991% [1]
|   |   |   |   Thyra::DefaultModelEvaluatorWithSolveFactory<double>::evalModel(...): 7.845 - 10.1186% [75]
|   |   |   |   |   Albany: Total Fill Time: 7.84233 - 99.9659% [75]
|   |   |   |   |   |   Albany Fill: Residual: 2.41458 - 30.7891% [49]
|   |   |   |   |   |   |   Phalanx::SortAndOrderEvaluators: 1.013e-06 - 4.19534e-05% [1]
|   |   |   |   |   |   |   Albany Residual Fill: Evaluate: 2.09524 - 86.7745% [49]
|   |   |   |   |   |   |   |   Phalanx: Evaluator 8: [<Residual>] LoadStateField(bed_topography)<Residual>: 0.0320812 - 1.53115% [49]
|   |   |   |   |   |   |   |   Phalanx: Evaluator 11: [<Residual>] Save Field bed_topography to State bed_topographyResidual: 0.316458 - 15.1036% [49]
|   |   |   |   |   |   |   |   Phalanx: Evaluator 5: [<Residual>] LoadStateField(surface_height)<Residual>: 0.0303681 - 1.44938% [49]
|   |   |   |   |   |   |   |   Phalanx: Evaluator 12: [<Residual>] Save Field surface_height to State surface_heightResidual: 0.316697 - 15.115% [49]
|   |   |   |   |   |   |   |   Phalanx: Evaluator 31: [<Residual>] Shared Parameter Glen's Law Homotopy Parameter<Residual>: 0.00142649 - 0.0680823% [49]
|   |   |   |   |   |   |   |   Phalanx: Evaluator 2: [<Residual>] Gather Coordinate Vector<Residual>: 0.0642322 - 3.06562% [49]
|   |   |   |   |   |   |   |   Phalanx: Evaluator 25: [<Residual>] ComputeBasisFunctions<Residual>: 0.0225512 - 1.0763% [49]
|   |   |   |   |   |   |   |   Phalanx: Evaluator 0: [<Residual>] Gather Solution<Residual>: 0.0137245 - 0.655031% [49]
|   |   |   |   |   |   |   |   Phalanx: Evaluator 67: [<Residual>] FastSolutionVecGradInterpolationBase<Residual>: 0.0116587 - 0.556439% [49]
|   |   |   |   |   |   |   |   Phalanx: Evaluator 7: [<Residual>] LoadStateField(temperature)<Residual>: 0.260066 - 12.4122% [49]
|   |   |   |   |   |   |   |   Phalanx: Evaluator 78: [<Residual>] P0Interpolation[temperature] <Residual>: 0.00111623 - 0.0532746% [49]
|   |   |   |   |   |   |   |   Phalanx: Evaluator 24: [<Residual>] MapToPhysicalFrame<Residual>: 0.021479 - 1.02513% [49]
|   |   |   |   |   |   |   |   Phalanx: Evaluator 26: [<Residual>] P0Interpolation[Coord Vec] <Residual>: 0.000620785 - 0.0296283% [49]
|   |   |   |   |   |   |   |   Phalanx: Evaluator 76: [<Residual>] P0Interpolation[surface_height] <Residual>: 0.0256568 - 1.22453% [49]
|   |   |   |   |   |   |   |   Phalanx: Evaluator 3: [<Residual>] Pressure Corrected Temperature<Residual>: 0.0124623 - 0.59479% [49]
|   |   |   |   |   |   |   |   Phalanx: Evaluator 33: [<Residual>] ViscosityFO<Residual>: 0.00112251 - 0.0535744% [49]
|   |   |   |   |   |   |   |   Phalanx: Evaluator 34: [<Residual>] Dissipation: 0.0527158 - 2.51598% [49]
|   |   |   |   |   |   |   |   Phalanx: Evaluator 35: [<Residual>] P0Interpolation[LandIce Dissipation] <Residual>: 0.0123162 - 0.587817% [49]
|   |   |   |   |   |   |   |   Phalanx: Evaluator 36: [<Residual>] Save Field LandIce Dissipation to State dissipation_heatResidual: 0.281868 - 13.4528% [49]
|   |   |   |   |   |   |   |   Phalanx: Evaluator 75: [<Residual>] DOFGradInterpolationBase<Residual>: 0.000416386 - 0.0198729% [49]
|   |   |   |   |   |   |   |   Phalanx: Evaluator 37: [<Residual>] StokesFOBodyForce<Residual>: 0.00236512 - 0.11288% [49]
|   |   |   |   |   |   |   |   Phalanx: Evaluator 66: [<Residual>] FastSolutionVecInterpolationBase<Residual>: 0.000999628 - 0.0477094% [49]
|   |   |   |   |   |   |   |   Phalanx: Evaluator 28: [<Residual>] StokesFOResid<Residual>: 0.0812808 - 3.8793% [49]
|   |   |   |   |   |   |   |   Phalanx: Evaluator 63: [<Residual>] DOFCellToSide(Coord Vec -> Coord Vec_extruded_boundary_side_set_1)[Vertex Vector]<Residual>: 0.199697 - 9.53099% [49]
|   |   |   |   |   |   |   |   Phalanx: Evaluator 60: [<Residual>] ComputeBasisFunctionsSide<Residual>: 0.0210862 - 1.00638% [49]
|   |   |   |   |   |   |   |   Phalanx: Evaluator 101: [<Residual>] DOFCellToSide(surface_height -> surface_height_extruded_boundary_side_set_1)[Node Scalar]<Residual>: 0.00017642 - 0.00842003% [49]
|   |   |   |   |   |   |   |   Phalanx: Evaluator 103: [<Residual>] DOFInterpolationSide<Residual>: 0.000234051 - 0.0111706% [49]
|   |   |   |   |   |   |   |   Phalanx: Evaluator 4: [<Residual>] LoadStateField(ice_thickness)<Residual>: 0.0335705 - 1.60222% [49]
|   |   |   |   |   |   |   |   Phalanx: Evaluator 99: [<Residual>] DOFCellToSide(ice_thickness -> ice_thickness_extruded_boundary_side_set_1)[Node Scalar]<Residual>: 0.000164177 - 0.0078357% [49]
|   |   |   |   |   |   |   |   Phalanx: Evaluator 100: [<Residual>] DOFInterpolationSide<Residual>: 0.00369432 - 0.17632% [49]
|   |   |   |   |   |   |   |   Phalanx: Evaluator 38: [<Residual>] StokesFOLateralResid<Residual>: 0.00117334 - 0.0560001% [49]
|   |   |   |   |   |   |   |   Phalanx: Evaluator 59: [<Residual>] DOFCellToSide(Coord Vec -> Coord Vec_basalside)[Vertex Vector]<Residual>: 0.0035999 - 0.171813% [49]
|   |   |   |   |   |   |   |   Phalanx: Evaluator 56: [<Residual>] ComputeBasisFunctionsSide<Residual>: 0.0103449 - 0.493734% [49]
|   |   |   |   |   |   |   |   Phalanx: Evaluator 49: [<Residual>] Shared Parameter Power Exponent<Residual>: 0.0016436 - 0.0784444% [49]
|   |   |   |   |   |   |   |   Phalanx: Evaluator 18: [<Residual>] Load Side Set Field log_basal_friction_basalside from Side Set State log_basal_friction<Residual>: 0.0175047 - 0.835451% [49]
|   |   |   |   |   |   |   |   Phalanx: Evaluator 91: [<Residual>] DOFInterpolationSide<Residual>: 0.000180761 - 0.00862721% [49]
|   |   |   |   |   |   |   |   Phalanx: Evaluator 13: [<Residual>] Load Side Set Field ice_thickness_basalside from Side Set State ice_thickness<Residual>: 0.0195891 - 0.934931% [49]
|   |   |   |   |   |   |   |   Phalanx: Evaluator 17: [<Residual>] Load Side Set Field bed_topography_basalside from Side Set State bed_topography<Residual>: 0.0168559 - 0.804484% [49]
|   |   |   |   |   |   |   |   Phalanx: Evaluator 50: [<Residual>] BasalFrictionCoefficient<Residual>: 0.00114623 - 0.0547062% [49]
|   |   |   |   |   |   |   |   Phalanx: Evaluator 79: [<Residual>] DOFCellToSide(Velocity -> Velocity_basalside)[Node Vector]<Residual>: 0.00334445 - 0.159621% [49]
|   |   |   |   |   |   |   |   Phalanx: Evaluator 80: [<Residual>] DOFVecInterpolationSide<Residual>: 0.0025158 - 0.120072% [49]
|   |   |   |   |   |   |   |   Phalanx: Evaluator 39: [<Residual>] StokesFOBasalResid<Residual>: 0.00220225 - 0.105107% [49]
|   |   |   |   |   |   |   |   Phalanx: Evaluator 1: [<Residual>] Scatter Velocity Residual<Residual>: 0.00381689 - 0.182169% [49]
|   |   |   |   |   |   |   |   Remainder: 0.189019 - 9.02133%
|   |   |   |   |   |   |   Albany Residual Fill: Export: 0.00290982 - 0.12051% [49]
|   |   |   |   |   |   |   Remainder: 0.316431 - 13.105%
|   |   |   |   |   |   Albany Fill: Jacobian: 5.42681 - 69.199% [26]
|   |   |   |   |   |   |   Phalanx::SortAndOrderEvaluators: 6.21e-07 - 1.14432e-05% [1]
|   |   |   |   |   |   |   Albany Jacobian Fill: Evaluate: 4.04421 - 74.5228% [26]
|   |   |   |   |   |   |   |   Phalanx: Evaluator 141: [<Jacobian>] Shared Parameter Glen's Law Homotopy Parameter<Jacobian>: 0.00027982 - 0.00691902% [26]
|   |   |   |   |   |   |   |   Phalanx: Evaluator 112: [<Jacobian>] Gather Coordinate Vector<Jacobian>: 0.0634882 - 1.56985% [26]
|   |   |   |   |   |   |   |   Phalanx: Evaluator 135: [<Jacobian>] ComputeBasisFunctions<Jacobian>: 0.0201208 - 0.497521% [26]
|   |   |   |   |   |   |   |   Phalanx: Evaluator 110: [<Jacobian>] Gather Solution<Jacobian>: 0.0126534 - 0.312878% [26]
|   |   |   |   |   |   |   |   Phalanx: Evaluator 177: [<Jacobian>] FastSolutionVecGradInterpolationBase<Jacobian>: 0.0275098 - 0.680225% [26]
|   |   |   |   |   |   |   |   Phalanx: Evaluator 117: [<Jacobian>] LoadStateField(temperature)<Jacobian>: 0.424903 - 10.5064% [26]
|   |   |   |   |   |   |   |   Phalanx: Evaluator 187: [<Jacobian>] P0Interpolation[temperature] <Jacobian>: 0.000509767 - 0.0126049% [26]
|   |   |   |   |   |   |   |   Phalanx: Evaluator 134: [<Jacobian>] MapToPhysicalFrame<Jacobian>: 0.0157298 - 0.388946% [26]
|   |   |   |   |   |   |   |   Phalanx: Evaluator 136: [<Jacobian>] P0Interpolation[Coord Vec] <Jacobian>: 0.00034705 - 0.0085814% [26]
|   |   |   |   |   |   |   |   Phalanx: Evaluator 115: [<Jacobian>] LoadStateField(surface_height)<Jacobian>: 0.0448954 - 1.11012% [26]
|   |   |   |   |   |   |   |   Phalanx: Evaluator 185: [<Jacobian>] P0Interpolation[surface_height] <Jacobian>: 0.000273646 - 0.00676636% [26]
|   |   |   |   |   |   |   |   Phalanx: Evaluator 113: [<Jacobian>] Pressure Corrected Temperature<Jacobian>: 0.0117396 - 0.29028% [26]
|   |   |   |   |   |   |   |   Phalanx: Evaluator 143: [<Jacobian>] ViscosityFO<Jacobian>: 0.000718373 - 0.017763% [26]
|   |   |   |   |   |   |   |   Phalanx: Evaluator 184: [<Jacobian>] DOFGradInterpolationBase<Jacobian>: 0.222809 - 5.50933% [26]
|   |   |   |   |   |   |   |   Phalanx: Evaluator 147: [<Jacobian>] StokesFOBodyForce<Jacobian>: 0.00233268 - 0.0576795% [26]
|   |   |   |   |   |   |   |   Phalanx: Evaluator 176: [<Jacobian>] FastSolutionVecInterpolationBase<Jacobian>: 0.00304246 - 0.0752298% [26]
|   |   |   |   |   |   |   |   Phalanx: Evaluator 138: [<Jacobian>] StokesFOResid<Jacobian>: 0.138467 - 3.42383% [26]
|   |   |   |   |   |   |   |   Phalanx: Evaluator 173: [<Jacobian>] DOFCellToSide(Coord Vec -> Coord Vec_extruded_boundary_side_set_1)[Vertex Vector]<Jacobian>: 2.75716 - 68.1754% [26]
|   |   |   |   |   |   |   |   Phalanx: Evaluator 170: [<Jacobian>] ComputeBasisFunctionsSide<Jacobian>: 0.0171738 - 0.424651% [26]
|   |   |   |   |   |   |   |   Phalanx: Evaluator 210: [<Jacobian>] DOFCellToSide(surface_height -> surface_height_extruded_boundary_side_set_1)[Node Scalar]<Jacobian>: 9.7059e-05 - 0.00239995% [26]
|   |   |   |   |   |   |   |   Phalanx: Evaluator 212: [<Jacobian>] DOFInterpolationSide<Jacobian>: 0.000127378 - 0.00314964% [26]
|   |   |   |   |   |   |   |   Phalanx: Evaluator 114: [<Jacobian>] LoadStateField(ice_thickness)<Jacobian>: 0.0308049 - 0.761704% [26]
|   |   |   |   |   |   |   |   Phalanx: Evaluator 208: [<Jacobian>] DOFCellToSide(ice_thickness -> ice_thickness_extruded_boundary_side_set_1)[Node Scalar]<Jacobian>: 8.9477e-05 - 0.00221247% [26]
|   |   |   |   |   |   |   |   Phalanx: Evaluator 209: [<Jacobian>] DOFInterpolationSide<Jacobian>: 0.00375389 - 0.0928212% [26]
|   |   |   |   |   |   |   |   Phalanx: Evaluator 148: [<Jacobian>] StokesFOLateralResid<Jacobian>: 0.000620508 - 0.0153431% [26]
|   |   |   |   |   |   |   |   Phalanx: Evaluator 169: [<Jacobian>] DOFCellToSide(Coord Vec -> Coord Vec_basalside)[Vertex Vector]<Jacobian>: 0.0408664 - 1.01049% [26]
|   |   |   |   |   |   |   |   Phalanx: Evaluator 166: [<Jacobian>] ComputeBasisFunctionsSide<Jacobian>: 0.0109971 - 0.271921% [26]
|   |   |   |   |   |   |   |   Phalanx: Evaluator 159: [<Jacobian>] Shared Parameter Power Exponent<Jacobian>: 0.00101971 - 0.025214% [26]
|   |   |   |   |   |   |   |   Phalanx: Evaluator 128: [<Jacobian>] Load Side Set Field log_basal_friction_basalside from Side Set State log_basal_friction<Jacobian>: 0.0176826 - 0.437232% [26]
|   |   |   |   |   |   |   |   Phalanx: Evaluator 200: [<Jacobian>] DOFInterpolationSide<Jacobian>: 9.7017e-05 - 0.00239891% [26]
|   |   |   |   |   |   |   |   Phalanx: Evaluator 123: [<Jacobian>] Load Side Set Field ice_thickness_basalside from Side Set State ice_thickness<Jacobian>: 0.0193917 - 0.479492% [26]
|   |   |   |   |   |   |   |   Phalanx: Evaluator 127: [<Jacobian>] Load Side Set Field bed_topography_basalside from Side Set State bed_topography<Jacobian>: 0.0161017 - 0.398143% [26]
|   |   |   |   |   |   |   |   Phalanx: Evaluator 160: [<Jacobian>] BasalFrictionCoefficient<Jacobian>: 0.000663228 - 0.0163994% [26]
|   |   |   |   |   |   |   |   Phalanx: Evaluator 188: [<Jacobian>] DOFCellToSide(Velocity -> Velocity_basalside)[Node Vector]<Jacobian>: 0.00316581 - 0.0782799% [26]
|   |   |   |   |   |   |   |   Phalanx: Evaluator 189: [<Jacobian>] DOFVecInterpolationSide<Jacobian>: 0.00850216 - 0.21023% [26]
|   |   |   |   |   |   |   |   Phalanx: Evaluator 149: [<Jacobian>] StokesFOBasalResid<Jacobian>: 0.0107633 - 0.266142% [26]
|   |   |   |   |   |   |   |   Phalanx: Evaluator 111: [<Jacobian>] Scatter Velocity Residual<Jacobian>: 0.0257668 - 0.637127% [26]
|   |   |   |   |   |   |   |   Remainder: 0.0895523 - 2.21433%
|   |   |   |   |   |   |   Albany Jacobian Fill: Export: 0.0014474 - 0.0266713% [26]
|   |   |   |   |   |   |   Remainder: 1.38115 - 25.4505%
|   |   |   |   |   |   Remainder: 0.000934991 - 0.0119224%
|   |   |   |   |   Remainder: 0.00267447 - 0.0340914%
|   |   |   |   NOX Total Preconditioner Construction: 27.972 - 36.0788% [26]
|   |   |   |   |   ThyraMueLu::initializePrec: 27.8397 - 99.5269% [26]
|   |   |   |   |   |   MueLu: ParameterListInterpreter (ParameterList): 0.0194798 - 0.0699714% [26]
|   |   |   |   |   |   Ifpack2::Chebyshev::compute: 1.53251 - 5.50477% [26]
|   |   |   |   |   |   Ifpack2::Relaxation::initialize: 0.065294 - 0.234536% [52]
|   |   |   |   |   |   Ifpack2::Relaxation::compute: 0.00991815 - 0.035626% [52]
|   |   |   |   |   |   Utilities_kokkos::GetMatrixDiagonalInverse: 0.00159799 - 0.00573999% [26]
|   |   |   |   |   |   Remainder: 26.2109 - 94.1494%
|   |   |   |   |   Remainder: 0.132334 - 0.473093%
|   |   |   |   NOX Total Linear Solve: 41.6795 - 53.7591% [26]
|   |   |   |   |   Stratimikos: BelosLOWS: 41.6794 - 99.9998% [26]
|   |   |   |   |   |   Belos: Operation Op*x: 0.0177851 - 0.0426712% [26]
|   |   |   |   |   |   Belos::MVT::MvAddMv: 0.000256626 - 0.000615714% [26]
|   |   |   |   |   |   Belos: BlockGmresSolMgr total solve time: 41.3611 - 99.2364% [26]
|   |   |   |   |   |   |   Belos: ICGS[2]: Orthogonalization: 12.8426 - 31.05% [4949]
|   |   |   |   |   |   |   |   Belos: ICGS[2]: Ortho (Norm): 0.173705 - 1.35257% [4949]
|   |   |   |   |   |   |   |   |   Belos::MVT::MvDot: 0.168608 - 97.0652% [4949]
|   |   |   |   |   |   |   |   |   Remainder: 0.00509783 - 2.93476%
|   |   |   |   |   |   |   |   Belos::MVT::MvScale: 0.0257436 - 0.200454% [4949]
|   |   |   |   |   |   |   |   Belos: ICGS[2]: Ortho (Inner Product): 6.95072 - 54.1223% [9846]
|   |   |   |   |   |   |   |   |   Belos::MVT::MvTransMv: 6.9387 - 99.8271% [9846]
|   |   |   |   |   |   |   |   |   Remainder: 0.0120185 - 0.172911%
|   |   |   |   |   |   |   |   Belos: ICGS[2]: Ortho (Update): 5.65636 - 44.0436% [9846]
|   |   |   |   |   |   |   |   |   Belos::MVT::MvTimesMatAddMv: 5.64582 - 99.8138% [9846]
|   |   |   |   |   |   |   |   |   Remainder: 0.0105341 - 0.186235%
|   |   |   |   |   |   |   |   Remainder: 0.036099 - 0.281088%
|   |   |   |   |   |   |   Belos::MVT::MvAddMv: 0.000711925 - 0.00172124% [82]
|   |   |   |   |   |   |   Belos::MVT::MvNorm: 0.0172441 - 0.0416914% [41]
|   |   |   |   |   |   |   Belos: Operation Prec*x: 14.873 - 35.9587% [4949]
|   |   |   |   |   |   |   |   Ifpack2::Chebyshev::apply: 4.54994 - 30.592% [9898]
|   |   |   |   |   |   |   |   Ifpack2::Relaxation::apply: 3.55458 - 23.8996% [14847]
|   |   |   |   |   |   |   |   Remainder: 6.76843 - 45.5083%
|   |   |   |   |   |   |   Belos: Operation Op*x: 13.0687 - 31.5966% [4938]
|   |   |   |   |   |   |   Belos::MVT::MvTimesMatAddMv: 0.0569391 - 0.137663% [26]
|   |   |   |   |   |   |   Remainder: 0.501974 - 1.21364%
|   |   |   |   |   |   Remainder: 0.300242 - 0.72036%
|   |   |   |   |   Remainder: 7.9541e-05 - 0.00019084%
|   |   |   |   Remainder: 0.0336865 - 0.0434495%
|   |   |   Remainder: 0.000662738 - 0.000854806%
|   |   Piro::SteadyStateSolver::evalConvergedModelResponsesAndSensitivities::calc g, df/dp, dg/dp, dg/dx: 0.00107113 - 0.00138122% [1]
|   |   |   Thyra::DefaultModelEvaluatorWithSolveFactory<double>::evalModel(...): 0.00100421 - 93.7525% [1]
|   |   |   |   Albany: Total Fill Time: 0.000977675 - 97.3579% [1]
|   |   |   |   |   Albany Fill: Response: 0.00096443 - 98.6453% [1]
|   |   |   |   |   Remainder: 1.3245e-05 - 1.35474%
|   |   |   |   Remainder: 2.6532e-05 - 2.64208%
|   |   |   Remainder: 6.6919e-05 - 6.24754%
|   |   Albany Fill: State Residual: 0.00317964 - 0.00410016% [1]
|   |   |   Phalanx::SortAndOrderEvaluators: 1.473e-06 - 0.046326% [5]
|   |   |   Remainder: 0.00317817 - 99.9537%
|   |   Albany: Output to File: 0.012804 - 0.0165108% [1]
|   |   Thyra::DefaultModelEvaluatorWithSolveFactory<double>::evalModel(...): 0.000137285 - 0.000177029% [1]
|   |   |   Albany: Total Fill Time: 8.0015e-05 - 58.2839% [1]
|   |   |   |   Albany Fill: Response: 7.1398e-05 - 89.2308% [1]
|   |   |   |   Remainder: 8.617e-06 - 10.7692%
|   |   |   Remainder: 5.727e-05 - 41.7161%
|   |   Remainder: 0.00124707 - 0.00160809%
|   Remainder: 1.1673e-05 - 1.11354e-05%
~PyProblem()
<PyAlbany.Albany_Pybind11.RCPPyParameterList object at 0x1541641b7bb0>
<PyAlbany.Albany_Pybind11.RCPPyParameterList object at 0x1541641b7c30>
Solve time: 77.549287029
~PyParallelEnv()

