*********************************************************************************
**  ______   __  __   ______   __       ______   ______   __   __   __  __     **
** /\  == \ /\ \_\ \ /\  __ \ /\ \     /\  == \ /\  __ \ /\ "-.\ \ /\ \_\ \    **
** \ \  __/ \ \____ \\ \  __ \\ \ \____\ \  __< \ \  __ \\ \ \-.  \\ \____ \   **
**  \ \_\    \/\_____\\ \_\ \_\\ \_____\\ \_____\\ \_\ \_\\ \_\\"\_\\/\_____\  **
**   \/_/     \/_____/ \/_/\/_/ \/_____/ \/_____/ \/_/\/_/ \/_/ \/_/ \/_____/  **
**                                                                             **
*********************************************************************************
** Trilinos git commit id - c70ae3dfa18
** Albany git branch ------ pybind11_PR
** Albany git commit id --- 7a1da3122
** Albany cxx compiler ---- GNU 10.3.0
** Albany cuda compiler --- Cuda 115
** Simulation start time -- 2022-09-25 at 13:48:22
***************************************************************
Albany_IOSS: Loading STKMesh from Exodus file  /global/homes/m/mcarlson/LandIce/ALITune/optimize/data/mesh-pop-wdg/gis_basal_populated.exo
Albany_IOSS: Loading STKMesh from Exodus file  /global/homes/m/mcarlson/LandIce/ALITune/optimize/data/mesh-pop-wdg/gis_upper_populated.exo
IOSS-STK: number of node sets = 3
IOSS-STK: number of side sets = 3
IOSS-STK: number of node sets = 3
IOSS-STK: number of side sets = 3
IOSS-STK: number of node sets = 1
IOSS-STK: number of side sets = 0
Restart Index set, reading solution index : 1
[GenericSTKMeshStruct] Processing field requirements...
  - Skipping field 'ice_thickness' since it's listed as present in the mesh.
  - Skipping field 'observed_ice_thickness' since it's listed as present in the mesh.
  - Skipping field 'observed_ice_thickness_RMS' since it's listed as present in the mesh.
  - Skipping field 'surface_height' since it's listed as present in the mesh.
  - Skipping field 'bed_topography' since it's listed as present in the mesh.
  - Skipping field 'log_basal_friction' since it's listed as present in the mesh.
  - Skipping field 'temperature' since it's listed as present in the mesh.
  - Skipping field 'apparent_mass_balance' since it's listed as present in the mesh.
  - Skipping field 'apparent_mass_balance_RMS' since it's listed as present in the mesh.
[ExtrudedSTKMesh] Adding nodes... done!
[ExtrudedSTKMesh] Adding elements... done!
[ExtrudedSTKMesh] Adding basalside sides... done!
[ExtrudedSTKMesh] Adding upperside sides... done!
[ExtrudedSTKMesh] Adding lateral sides... done!
[ExtrudedSTKMesh] Extruding basal fields...
  - Extruding Scalar Node field ice_thickness...done!
  - Extruding Scalar Node field surface_height...done!
  - Extruding Scalar Node field log_basal_friction...done!
  - Extruding Scalar Node field bed_topography...done!
  - Extruding Scalar Node field apparent_mass_balance...done!
  - Extruding Scalar Node field apparent_mass_balance_RMS...done!
[ExtrudedSTKMesh] Interpolating layered basal fields...
  - Interpolating Scalar field temperature...done!
[GenericSTKMeshStruct] Processing field requirements...
  - Skipping field 'ice_thickness' since it's listed as present in the mesh.
  - Skipping field 'surface_height' since it's listed as present in the mesh.
  - Skipping field 'log_basal_friction' since it's listed as present in the mesh.
  - Skipping field 'temperature' since it's listed as present in the mesh.
  - Skipping field 'bed_topography' since it's listed as present in the mesh.
  - Skipping field 'apparent_mass_balance' since it's listed as present in the mesh.
  - Skipping field 'apparent_mass_balance_RMS' since it's listed as present in the mesh.
  - Skipping field 'bed_topography' since it's listed as output. Make sure there's an evaluator set to save it!
  - Skipping field 'surface_height' since it's listed as output. Make sure there's an evaluator set to save it!
Restart Index set, reading solution index : 1
[GenericSTKMeshStruct] Processing field requirements...
  - Skipping field 'observed_surface_velocity' since it's listed as present in the mesh.
  - Skipping field 'observed_surface_velocity_RMS' since it's listed as present in the mesh.
STKDisc: 725880 elements on Proc 0 
STKDisc: nodeset basal_boundary_node_set_0 has size 0  on Proc 0.
STKDisc: nodeset basal_boundary_node_set_1 has size 6027  on Proc 0.
STKDisc: nodeset basal_node_set has size 39224  on Proc 0.
STKDisc: nodeset bottom has size 39224  on Proc 0.
STKDisc: nodeset extruded_boundary_node_set_0 has size 0  on Proc 0.
STKDisc: nodeset extruded_boundary_node_set_1 has size 66297  on Proc 0.
STKDisc: nodeset extruded_node_set has size 431464  on Proc 0.
STKDisc: nodeset lateral has size 66297  on Proc 0.
STKDisc: nodeset top has size 39224  on Proc 0.
STKDisc: sideset basalside has size 72588  on Proc 0.
STKDisc: sideset extruded_boundary_side_set has size 60460  on Proc 0.
STKDisc: sideset extruded_boundary_side_set_1 has size 57830  on Proc 0.
STKDisc: sideset extruded_boundary_side_set_1_tri3_edge2 has size 57830  on Proc 0.
STKDisc: sideset extruded_boundary_side_set_2 has size 2630  on Proc 0.
STKDisc: sideset extruded_boundary_side_set_2_tri3_edge2 has size 2630  on Proc 0.
STKDisc: sideset extruded_boundary_side_set_tri3_edge2 has size 60460  on Proc 0.
STKDisc: sideset lateralside has size 60460  on Proc 0.
STKDisc: sideset upperside has size 72588  on Proc 0.
STKDisc: 72588 elements on Proc 0 
STKDisc: nodeset boundary_node_set_0 has size 0  on Proc 0.
STKDisc: nodeset boundary_node_set_1 has size 6027  on Proc 0.
STKDisc: nodeset node_set has size 39224  on Proc 0.
STKDisc: sideset boundary_side_set has size 6046  on Proc 0.
STKDisc: sideset boundary_side_set_1 has size 5783  on Proc 0.
STKDisc: sideset boundary_side_set_2 has size 263  on Proc 0.
STKDisc: 72588 elements on Proc 0 
STKDisc: nodeset all_nodes has size 39224  on Proc 0.
StateManager: initializing state:  ice_thickness
StateManager: initializing state:  surface_height
StateManager: initializing state:  log_basal_friction
StateManager: initializing state:  temperature
StateManager: initializing state:  bed_topography
StateManager: initializing state:  apparent_mass_balance
StateManager: initializing state:  apparent_mass_balance_RMS
StateManager: initializing state:  dissipation_heat

StateManager: initializing state:  ice_thickness
StateManager: initializing state:  observed_ice_thickness
StateManager: initializing state:  observed_ice_thickness_RMS
StateManager: initializing state:  surface_height
StateManager: initializing state:  bed_topography
StateManager: initializing state:  log_basal_friction
StateManager: initializing state:  temperature
StateManager: initializing state:  apparent_mass_balance
StateManager: initializing state:  apparent_mass_balance_RMS

StateManager: initializing state:  observed_surface_velocity
StateManager: initializing state:  observed_surface_velocity_RMS

xxxxxxxxxxxxxxxxxxxxxxxxxxxxxxxxxxxxxxxxxxxxxxx
 Sacado ParameterLibrary has been initialized:
 Library of all registered parameters:
xxxxxxxxxxxxxxxxxxxxxxxxxxxxxxxxxxxxxxxxxxxxxxx

Total number of parameters  = 0
Number of non-distributed parameters  = 0
Number of response vectors  = 1
Number of distributed parameters vectors  = 0

************************************************************************
-- Nonlinear Solver Step 0 -- 
||F|| = 5.152e+05  step = 0.000e+00  dx = 0.000e+00
************************************************************************

  
  *******************************************************
  ***** Belos Iterative Solver:  Block Gmres 
  ***** Maximum Iterations: 200
  ***** Block Size: 1
  ***** Residual Test: 
  *****   Test 1 : Belos::StatusTestImpResNorm<>: (2-Norm Res Vec) / (2-Norm Res0), tol = 1e-08
  *******************************************************
  Iter   0, [ 1] :    1.000000e+00
  Iter  20, [ 1] :    6.790630e-02
  Iter  40, [ 1] :    1.765662e-03
  Iter  60, [ 1] :    5.242425e-05
  Iter  80, [ 1] :    1.174234e-05
  Iter 100, [ 1] :    6.297137e-07
  Iter 120, [ 1] :    3.130303e-08
  Iter 127, [ 1] :    9.732702e-09

************************************************************************
-- Nonlinear Solver Step 1 -- 
||F|| = 5.031e+05  step = 1.250e-01  dx = 1.950e+04
************************************************************************

  
  *******************************************************
  ***** Belos Iterative Solver:  Block Gmres 
  ***** Maximum Iterations: 200
  ***** Block Size: 1
  ***** Residual Test: 
  *****   Test 1 : Belos::StatusTestImpResNorm<>: (2-Norm Res Vec) / (2-Norm Res0), tol = 1e-08
  *******************************************************
  Iter   0, [ 1] :    1.000000e+00
  Iter  20, [ 1] :    4.291184e-02
  Iter  40, [ 1] :    8.292395e-04
  Iter  60, [ 1] :    2.681222e-05
  Iter  80, [ 1] :    2.871946e-06
  Iter 100, [ 1] :    3.879099e-07
  Iter 120, [ 1] :    1.368016e-08
  Iter 123, [ 1] :    8.735973e-09

************************************************************************
-- Nonlinear Solver Step 2 -- 
||F|| = 4.947e+05  step = 1.250e-01  dx = 3.054e+04
************************************************************************

  
  *******************************************************
  ***** Belos Iterative Solver:  Block Gmres 
  ***** Maximum Iterations: 200
  ***** Block Size: 1
  ***** Residual Test: 
  *****   Test 1 : Belos::StatusTestImpResNorm<>: (2-Norm Res Vec) / (2-Norm Res0), tol = 1e-08
  *******************************************************
  Iter   0, [ 1] :    1.000000e+00
  Iter  20, [ 1] :    6.950279e-02
  Iter  40, [ 1] :    1.880523e-03
  Iter  60, [ 1] :    5.583088e-05
  Iter  80, [ 1] :    3.286873e-06
  Iter 100, [ 1] :    4.610255e-07
  Iter 120, [ 1] :    1.370864e-07
  Iter 140, [ 1] :    1.209377e-08
  Iter 145, [ 1] :    9.735014e-09

************************************************************************
-- Nonlinear Solver Step 3 -- 
||F|| = 4.786e+05  step = 1.250e-01  dx = 3.499e+04
************************************************************************

  
  *******************************************************
  ***** Belos Iterative Solver:  Block Gmres 
  ***** Maximum Iterations: 200
  ***** Block Size: 1
  ***** Residual Test: 
  *****   Test 1 : Belos::StatusTestImpResNorm<>: (2-Norm Res Vec) / (2-Norm Res0), tol = 1e-08
  *******************************************************
  Iter   0, [ 1] :    1.000000e+00
  Iter  20, [ 1] :    1.184138e-01
  Iter  40, [ 1] :    6.450455e-03
  Iter  60, [ 1] :    3.503314e-04
  Iter  80, [ 1] :    2.339320e-05
  Iter 100, [ 1] :    2.580974e-06
  Iter 120, [ 1] :    1.393517e-06
  Iter 140, [ 1] :    2.789679e-07
  Iter 160, [ 1] :    1.799638e-08
  Iter 175, [ 1] :    9.888299e-09

************************************************************************
-- Nonlinear Solver Step 4 -- 
||F|| = 4.696e+05  step = 2.500e-01  dx = 3.608e+04
************************************************************************

  
  *******************************************************
  ***** Belos Iterative Solver:  Block Gmres 
  ***** Maximum Iterations: 200
  ***** Block Size: 1
  ***** Residual Test: 
  *****   Test 1 : Belos::StatusTestImpResNorm<>: (2-Norm Res Vec) / (2-Norm Res0), tol = 1e-08
  *******************************************************
  Iter   0, [ 1] :    1.000000e+00
  Iter  20, [ 1] :    1.894025e-01
  Iter  40, [ 1] :    1.923723e-02
  Iter  60, [ 1] :    1.798129e-03
  Iter  80, [ 1] :    1.766807e-04
  Iter 100, [ 1] :    1.906854e-05
  Iter 120, [ 1] :    3.692263e-06
  Iter 140, [ 1] :    2.315710e-06
  Iter 160, [ 1] :    9.580463e-07
  Iter 180, [ 1] :    1.211830e-07
  Iter 200, [ 1] :    3.419142e-08
WARNING: NOX::Direction::Newton::compute() - Linear solve failed to achieve convergence - using the step anyway since "Rescue Bad Newton Solve" is true 

************************************************************************
-- Nonlinear Solver Step 5 -- 
||F|| = 4.639e+05  step = 5.000e-01  dx = 3.324e+04
************************************************************************

  
  *******************************************************
  ***** Belos Iterative Solver:  Block Gmres 
  ***** Maximum Iterations: 200
  ***** Block Size: 1
  ***** Residual Test: 
  *****   Test 1 : Belos::StatusTestImpResNorm<>: (2-Norm Res Vec) / (2-Norm Res0), tol = 1e-08
  *******************************************************
  Iter   0, [ 1] :    1.000000e+00
  Iter  20, [ 1] :    2.500175e-01
  Iter  40, [ 1] :    4.140121e-02
  Iter  60, [ 1] :    5.071043e-03
  Iter  80, [ 1] :    6.905745e-04
  Iter 100, [ 1] :    1.071589e-04
  Iter 120, [ 1] :    2.282483e-05
  Iter 140, [ 1] :    6.480390e-06
  Iter 160, [ 1] :    3.437252e-06
  Iter 180, [ 1] :    2.540450e-06
  Iter 200, [ 1] :    1.320666e-06
WARNING: NOX::Direction::Newton::compute() - Linear solve failed to achieve convergence - using the step anyway since "Rescue Bad Newton Solve" is true 

************************************************************************
-- Nonlinear Solver Step 6 -- 
||F|| = 3.400e+05  step = 1.000e+00  dx = 2.394e+04
************************************************************************

  
  *******************************************************
  ***** Belos Iterative Solver:  Block Gmres 
  ***** Maximum Iterations: 200
  ***** Block Size: 1
  ***** Residual Test: 
  *****   Test 1 : Belos::StatusTestImpResNorm<>: (2-Norm Res Vec) / (2-Norm Res0), tol = 1e-08
  *******************************************************
  Iter   0, [ 1] :    1.000000e+00
  Iter  20, [ 1] :    7.772181e-01
  Iter  40, [ 1] :    4.614043e-02
  Iter  60, [ 1] :    7.699614e-03
  Iter  80, [ 1] :    1.388623e-03
  Iter 100, [ 1] :    3.146333e-04
  Iter 120, [ 1] :    7.414950e-05
  Iter 140, [ 1] :    1.897150e-05
  Iter 160, [ 1] :    6.524893e-06
  Iter 180, [ 1] :    3.309961e-06
  Iter 200, [ 1] :    2.227485e-06
WARNING: NOX::Direction::Newton::compute() - Linear solve failed to achieve convergence - using the step anyway since "Rescue Bad Newton Solve" is true 

************************************************************************
-- Nonlinear Solver Step 7 -- 
||F|| = 7.191e+04  step = 1.000e+00  dx = 8.044e+03
************************************************************************

  
  *******************************************************
  ***** Belos Iterative Solver:  Block Gmres 
  ***** Maximum Iterations: 200
  ***** Block Size: 1
  ***** Residual Test: 
  *****   Test 1 : Belos::StatusTestImpResNorm<>: (2-Norm Res Vec) / (2-Norm Res0), tol = 1e-08
  *******************************************************
  Iter   0, [ 1] :    1.000000e+00
  Iter  20, [ 1] :    8.760856e-01
  Iter  40, [ 1] :    8.961633e-02
  Iter  60, [ 1] :    1.097707e-02
  Iter  80, [ 1] :    2.073598e-03
  Iter 100, [ 1] :    5.001253e-04
  Iter 120, [ 1] :    1.744377e-04
  Iter 140, [ 1] :    4.866722e-05
  Iter 160, [ 1] :    1.532432e-05
  Iter 180, [ 1] :    8.025800e-06
  Iter 200, [ 1] :    6.092434e-06
WARNING: NOX::Direction::Newton::compute() - Linear solve failed to achieve convergence - using the step anyway since "Rescue Bad Newton Solve" is true 

************************************************************************
-- Nonlinear Solver Step 8 -- 
||F|| = 5.406e+03  step = 1.000e+00  dx = 1.657e+03
************************************************************************

  
  *******************************************************
  ***** Belos Iterative Solver:  Block Gmres 
  ***** Maximum Iterations: 200
  ***** Block Size: 1
  ***** Residual Test: 
  *****   Test 1 : Belos::StatusTestImpResNorm<>: (2-Norm Res Vec) / (2-Norm Res0), tol = 1e-08
  *******************************************************
  Iter   0, [ 1] :    1.000000e+00
  Iter  20, [ 1] :    8.278034e-01
  Iter  40, [ 1] :    9.430400e-02
  Iter  60, [ 1] :    8.765825e-03
  Iter  80, [ 1] :    1.483038e-03
  Iter 100, [ 1] :    3.542760e-04
  Iter 120, [ 1] :    1.212279e-04
  Iter 140, [ 1] :    6.264200e-05
  Iter 160, [ 1] :    4.764223e-05
  Iter 180, [ 1] :    3.615886e-05
  Iter 200, [ 1] :    1.594436e-05
WARNING: NOX::Direction::Newton::compute() - Linear solve failed to achieve convergence - using the step anyway since "Rescue Bad Newton Solve" is true 

************************************************************************
-- Nonlinear Solver Step 9 -- 
||F|| = 1.432e+02  step = 1.000e+00  dx = 1.838e+02
************************************************************************

  
  *******************************************************
  ***** Belos Iterative Solver:  Block Gmres 
  ***** Maximum Iterations: 200
  ***** Block Size: 1
  ***** Residual Test: 
  *****   Test 1 : Belos::StatusTestImpResNorm<>: (2-Norm Res Vec) / (2-Norm Res0), tol = 1e-08
  *******************************************************
  Iter   0, [ 1] :    1.000000e+00
  Iter  20, [ 1] :    4.188087e-01
  Iter  40, [ 1] :    2.906556e-02
  Iter  60, [ 1] :    4.324381e-03
  Iter  80, [ 1] :    5.861935e-04
  Iter 100, [ 1] :    2.574509e-04
  Iter 120, [ 1] :    2.194594e-04
  Iter 140, [ 1] :    1.946889e-04
  Iter 160, [ 1] :    1.648321e-04
  Iter 180, [ 1] :    1.310788e-04
  Iter 200, [ 1] :    8.727434e-05
WARNING: NOX::Direction::Newton::compute() - Linear solve failed to achieve convergence - using the step anyway since "Rescue Bad Newton Solve" is true 

************************************************************************
-- Nonlinear Solver Step 10 -- 
||F|| = 5.912e+00  step = 1.000e+00  dx = 2.377e+01
************************************************************************

  
  *******************************************************
  ***** Belos Iterative Solver:  Block Gmres 
  ***** Maximum Iterations: 200
  ***** Block Size: 1
  ***** Residual Test: 
  *****   Test 1 : Belos::StatusTestImpResNorm<>: (2-Norm Res Vec) / (2-Norm Res0), tol = 1e-08
  *******************************************************
  Iter   0, [ 1] :    1.000000e+00
  Iter  20, [ 1] :    1.142855e-01
  Iter  40, [ 1] :    2.208809e-02
  Iter  60, [ 1] :    3.191493e-03
  Iter  80, [ 1] :    1.620762e-03
  Iter 100, [ 1] :    1.449076e-03
  Iter 120, [ 1] :    1.084742e-03
  Iter 140, [ 1] :    7.553246e-04
  Iter 160, [ 1] :    6.065208e-04
  Iter 180, [ 1] :    5.167199e-04
  Iter 200, [ 1] :    3.761152e-04
WARNING: NOX::Direction::Newton::compute() - Linear solve failed to achieve convergence - using the step anyway since "Rescue Bad Newton Solve" is true 

************************************************************************
-- Nonlinear Solver Step 11 -- 
||F|| = 4.059e+00  step = 1.000e+00  dx = 7.187e+00
************************************************************************

  
  *******************************************************
  ***** Belos Iterative Solver:  Block Gmres 
  ***** Maximum Iterations: 200
  ***** Block Size: 1
  ***** Residual Test: 
  *****   Test 1 : Belos::StatusTestImpResNorm<>: (2-Norm Res Vec) / (2-Norm Res0), tol = 1e-08
  *******************************************************
  Iter   0, [ 1] :    1.000000e+00
  Iter  20, [ 1] :    1.058611e-01
  Iter  40, [ 1] :    1.292751e-02
  Iter  60, [ 1] :    1.892660e-03
  Iter  80, [ 1] :    5.000991e-04
  Iter 100, [ 1] :    3.318611e-04
  Iter 120, [ 1] :    2.812941e-04
  Iter 140, [ 1] :    1.910408e-04
  Iter 160, [ 1] :    1.370584e-04
  Iter 180, [ 1] :    1.189352e-04
  Iter 200, [ 1] :    9.813736e-05
WARNING: NOX::Direction::Newton::compute() - Linear solve failed to achieve convergence - using the step anyway since "Rescue Bad Newton Solve" is true 

************************************************************************
-- Nonlinear Solver Step 12 -- 
||F|| = 1.808e+00  step = 5.000e-01  dx = 2.331e+00
************************************************************************

  
  *******************************************************
  ***** Belos Iterative Solver:  Block Gmres 
  ***** Maximum Iterations: 200
  ***** Block Size: 1
  ***** Residual Test: 
  *****   Test 1 : Belos::StatusTestImpResNorm<>: (2-Norm Res Vec) / (2-Norm Res0), tol = 1e-08
  *******************************************************
  Iter   0, [ 1] :    1.000000e+00
  Iter  20, [ 1] :    3.179395e-02
  Iter  40, [ 1] :    4.820097e-03
  Iter  60, [ 1] :    8.022279e-04
  Iter  80, [ 1] :    4.480854e-04
  Iter 100, [ 1] :    3.930156e-04
  Iter 120, [ 1] :    2.879283e-04
  Iter 140, [ 1] :    2.197002e-04
  Iter 160, [ 1] :    1.688828e-04
  Iter 180, [ 1] :    1.399530e-04
  Iter 200, [ 1] :    1.118580e-04
WARNING: NOX::Direction::Newton::compute() - Linear solve failed to achieve convergence - using the step anyway since "Rescue Bad Newton Solve" is true 

************************************************************************
-- Nonlinear Solver Step 13 -- 
||F|| = 2.882e-01  step = 5.000e-01  dx = 6.600e-01
************************************************************************

  
  *******************************************************
  ***** Belos Iterative Solver:  Block Gmres 
  ***** Maximum Iterations: 200
  ***** Block Size: 1
  ***** Residual Test: 
  *****   Test 1 : Belos::StatusTestImpResNorm<>: (2-Norm Res Vec) / (2-Norm Res0), tol = 1e-08
  *******************************************************
  Iter   0, [ 1] :    1.000000e+00
  Iter  20, [ 1] :    5.964795e-02
  Iter  40, [ 1] :    8.223023e-03
  Iter  60, [ 1] :    1.793039e-03
  Iter  80, [ 1] :    1.528985e-03
  Iter 100, [ 1] :    1.272666e-03
  Iter 120, [ 1] :    9.975332e-04
  Iter 140, [ 1] :    6.859298e-04
  Iter 160, [ 1] :    5.298445e-04
  Iter 180, [ 1] :    3.591883e-04
  Iter 200, [ 1] :    2.871137e-04
WARNING: NOX::Direction::Newton::compute() - Linear solve failed to achieve convergence - using the step anyway since "Rescue Bad Newton Solve" is true 

************************************************************************
-- Nonlinear Solver Step 14 -- 
||F|| = 3.767e-02  step = 1.000e+00  dx = 3.379e-01
************************************************************************

  
  *******************************************************
  ***** Belos Iterative Solver:  Block Gmres 
  ***** Maximum Iterations: 200
  ***** Block Size: 1
  ***** Residual Test: 
  *****   Test 1 : Belos::StatusTestImpResNorm<>: (2-Norm Res Vec) / (2-Norm Res0), tol = 1e-08
  *******************************************************
  Iter   0, [ 1] :    1.000000e+00
  Iter  20, [ 1] :    5.116625e-02
  Iter  40, [ 1] :    5.582679e-03
  Iter  60, [ 1] :    1.717533e-03
  Iter  80, [ 1] :    1.470850e-03
  Iter 100, [ 1] :    7.539304e-04
  Iter 120, [ 1] :    4.780459e-04
  Iter 140, [ 1] :    4.023220e-04
  Iter 160, [ 1] :    3.408489e-04
  Iter 180, [ 1] :    3.013396e-04
  Iter 200, [ 1] :    2.313682e-04
WARNING: NOX::Direction::Newton::compute() - Linear solve failed to achieve convergence - using the step anyway since "Rescue Bad Newton Solve" is true 

************************************************************************
-- Nonlinear Solver Step 15 -- 
||F|| = 4.438e-04  step = 1.000e+00  dx = 3.842e-02 (Converged!)
************************************************************************

************************************************************************
-- Final Status Test Results --
Converged....OR Combination -> 
  Converged....F-Norm = 4.778e-07 < 1.000e-05
               (Length-Scaled Two-Norm, Absolute Tolerance)
  ??...........Number of Iterations = -1 < 50
************************************************************************
         Response[0] = -7.00550994e+00 
*** Teuchos::StackedTimer::report() - Remainder for a level will be ***
*** incorrect if a timer in the level does not exist on every rank  ***
*** of the MPI Communicator.                                        ***
PyAlbany Total Time: 71.3692 [2]
|   PyAlbany: Setup Time: 27.4283 - 38.4316% [1]
|   PyAlbany: performSolve: 43.9408 - 61.5684% [1]
|   |   Piro::NOXSolver::evalModelImpl::solve: 43.922 - 99.9572% [1]
|   |   |   Thyra::NOXNonlinearSolver::solve: 43.9212 - 99.9982% [1]
|   |   |   |   Thyra::DefaultModelEvaluatorWithSolveFactory<double>::evalModel(...): 5.8599 - 13.3418% [45]
|   |   |   |   |   Albany: Total Fill Time: 5.85827 - 99.9723% [45]
|   |   |   |   |   |   Albany Fill: Residual: 2.0087 - 34.2882% [30]
|   |   |   |   |   |   |   Phalanx::SortAndOrderEvaluators: 1.042e-06 - 5.18744e-05% [1]
|   |   |   |   |   |   |   Albany Residual Fill: Evaluate: 1.69118 - 84.1931% [30]
|   |   |   |   |   |   |   |   Phalanx: Evaluator 8: [<Residual>] LoadStateField(bed_topography)<Residual>: 0.0324578 - 1.91924% [30]
|   |   |   |   |   |   |   |   Phalanx: Evaluator 11: [<Residual>] Save Field bed_topography to State bed_topographyResidual: 0.343389 - 20.3046% [30]
|   |   |   |   |   |   |   |   Phalanx: Evaluator 5: [<Residual>] LoadStateField(surface_height)<Residual>: 0.0328196 - 1.94063% [30]
|   |   |   |   |   |   |   |   Phalanx: Evaluator 12: [<Residual>] Save Field surface_height to State surface_heightResidual: 0.338499 - 20.0155% [30]
|   |   |   |   |   |   |   |   Phalanx: Evaluator 31: [<Residual>] Shared Parameter Glen's Law Homotopy Parameter<Residual>: 0.000755128 - 0.0446509% [30]
|   |   |   |   |   |   |   |   Phalanx: Evaluator 2: [<Residual>] Gather Coordinate Vector<Residual>: 0.0669289 - 3.95752% [30]
|   |   |   |   |   |   |   |   Phalanx: Evaluator 25: [<Residual>] ComputeBasisFunctions<Residual>: 0.0200593 - 1.18611% [30]
|   |   |   |   |   |   |   |   Phalanx: Evaluator 0: [<Residual>] Gather Solution<Residual>: 0.0129174 - 0.763807% [30]
|   |   |   |   |   |   |   |   Phalanx: Evaluator 67: [<Residual>] FastSolutionVecGradInterpolationBase<Residual>: 0.00932076 - 0.551138% [30]
|   |   |   |   |   |   |   |   Phalanx: Evaluator 7: [<Residual>] LoadStateField(temperature)<Residual>: 0.17195 - 10.1674% [30]
|   |   |   |   |   |   |   |   Phalanx: Evaluator 78: [<Residual>] P0Interpolation[temperature] <Residual>: 0.00072158 - 0.0426672% [30]
|   |   |   |   |   |   |   |   Phalanx: Evaluator 24: [<Residual>] MapToPhysicalFrame<Residual>: 0.0183311 - 1.08392% [30]
|   |   |   |   |   |   |   |   Phalanx: Evaluator 26: [<Residual>] P0Interpolation[Coord Vec] <Residual>: 0.000399311 - 0.0236113% [30]
|   |   |   |   |   |   |   |   Phalanx: Evaluator 76: [<Residual>] P0Interpolation[surface_height] <Residual>: 0.0140665 - 0.831757% [30]
|   |   |   |   |   |   |   |   Phalanx: Evaluator 3: [<Residual>] Pressure Corrected Temperature<Residual>: 0.0119333 - 0.705621% [30]
|   |   |   |   |   |   |   |   Phalanx: Evaluator 33: [<Residual>] ViscosityFO<Residual>: 0.000660266 - 0.0390417% [30]
|   |   |   |   |   |   |   |   Phalanx: Evaluator 34: [<Residual>] Dissipation: 0.0330263 - 1.95285% [30]
|   |   |   |   |   |   |   |   Phalanx: Evaluator 35: [<Residual>] P0Interpolation[LandIce Dissipation] <Residual>: 0.00750049 - 0.443506% [30]
|   |   |   |   |   |   |   |   Phalanx: Evaluator 36: [<Residual>] Save Field LandIce Dissipation to State dissipation_heatResidual: 0.156349 - 9.24495% [30]
|   |   |   |   |   |   |   |   Phalanx: Evaluator 75: [<Residual>] DOFGradInterpolationBase<Residual>: 0.000283706 - 0.0167756% [30]
|   |   |   |   |   |   |   |   Phalanx: Evaluator 37: [<Residual>] StokesFOBodyForce<Residual>: 0.00235846 - 0.139456% [30]
|   |   |   |   |   |   |   |   Phalanx: Evaluator 66: [<Residual>] FastSolutionVecInterpolationBase<Residual>: 0.000764676 - 0.0452154% [30]
|   |   |   |   |   |   |   |   Phalanx: Evaluator 28: [<Residual>] StokesFOResid<Residual>: 0.0498052 - 2.94499% [30]
|   |   |   |   |   |   |   |   Phalanx: Evaluator 63: [<Residual>] DOFCellToSide(Coord Vec -> Coord Vec_extruded_boundary_side_set_1)[Vertex Vector]<Residual>: 0.122445 - 7.24019% [30]
|   |   |   |   |   |   |   |   Phalanx: Evaluator 60: [<Residual>] ComputeBasisFunctionsSide<Residual>: 0.0207447 - 1.22664% [30]
|   |   |   |   |   |   |   |   Phalanx: Evaluator 101: [<Residual>] DOFCellToSide(surface_height -> surface_height_extruded_boundary_side_set_1)[Node Scalar]<Residual>: 0.00011931 - 0.00705482% [30]
|   |   |   |   |   |   |   |   Phalanx: Evaluator 103: [<Residual>] DOFInterpolationSide<Residual>: 0.000166059 - 0.0098191% [30]
|   |   |   |   |   |   |   |   Phalanx: Evaluator 4: [<Residual>] LoadStateField(ice_thickness)<Residual>: 0.0350853 - 2.0746% [30]
|   |   |   |   |   |   |   |   Phalanx: Evaluator 99: [<Residual>] DOFCellToSide(ice_thickness -> ice_thickness_extruded_boundary_side_set_1)[Node Scalar]<Residual>: 0.000113274 - 0.00669791% [30]
|   |   |   |   |   |   |   |   Phalanx: Evaluator 100: [<Residual>] DOFInterpolationSide<Residual>: 0.00368144 - 0.217684% [30]
|   |   |   |   |   |   |   |   Phalanx: Evaluator 38: [<Residual>] StokesFOLateralResid<Residual>: 0.000754837 - 0.0446337% [30]
|   |   |   |   |   |   |   |   Phalanx: Evaluator 59: [<Residual>] DOFCellToSide(Coord Vec -> Coord Vec_basalside)[Vertex Vector]<Residual>: 0.00221935 - 0.131231% [30]
|   |   |   |   |   |   |   |   Phalanx: Evaluator 56: [<Residual>] ComputeBasisFunctionsSide<Residual>: 0.0113072 - 0.668596% [30]
|   |   |   |   |   |   |   |   Phalanx: Evaluator 49: [<Residual>] Shared Parameter Power Exponent<Residual>: 0.00102417 - 0.0605596% [30]
|   |   |   |   |   |   |   |   Phalanx: Evaluator 18: [<Residual>] Load Side Set Field log_basal_friction_basalside from Side Set State log_basal_friction<Residual>: 0.0171047 - 1.0114% [30]
|   |   |   |   |   |   |   |   Phalanx: Evaluator 91: [<Residual>] DOFInterpolationSide<Residual>: 0.000123458 - 0.0073001% [30]
|   |   |   |   |   |   |   |   Phalanx: Evaluator 13: [<Residual>] Load Side Set Field ice_thickness_basalside from Side Set State ice_thickness<Residual>: 0.0191889 - 1.13464% [30]
|   |   |   |   |   |   |   |   Phalanx: Evaluator 17: [<Residual>] Load Side Set Field bed_topography_basalside from Side Set State bed_topography<Residual>: 0.016306 - 0.96418% [30]
|   |   |   |   |   |   |   |   Phalanx: Evaluator 50: [<Residual>] BasalFrictionCoefficient<Residual>: 0.000780062 - 0.0461252% [30]
|   |   |   |   |   |   |   |   Phalanx: Evaluator 79: [<Residual>] DOFCellToSide(Velocity -> Velocity_basalside)[Node Vector]<Residual>: 0.00233143 - 0.137858% [30]
|   |   |   |   |   |   |   |   Phalanx: Evaluator 80: [<Residual>] DOFVecInterpolationSide<Residual>: 0.00152743 - 0.0903171% [30]
|   |   |   |   |   |   |   |   Phalanx: Evaluator 39: [<Residual>] StokesFOBasalResid<Residual>: 0.00138876 - 0.0821175% [30]
|   |   |   |   |   |   |   |   Phalanx: Evaluator 1: [<Residual>] Scatter Velocity Residual<Residual>: 0.00237783 - 0.140602% [30]
|   |   |   |   |   |   |   |   Remainder: 0.107098 - 6.3327%
|   |   |   |   |   |   |   Albany Residual Fill: Export: 0.00179493 - 0.0893581% [30]
|   |   |   |   |   |   |   Remainder: 0.315717 - 15.7175%
|   |   |   |   |   |   Albany Fill: Jacobian: 3.84907 - 65.7032% [15]
|   |   |   |   |   |   |   Phalanx::SortAndOrderEvaluators: 5.01e-07 - 1.30161e-05% [1]
|   |   |   |   |   |   |   Albany Jacobian Fill: Evaluate: 2.46389 - 64.0124% [15]
|   |   |   |   |   |   |   |   Phalanx: Evaluator 141: [<Jacobian>] Shared Parameter Glen's Law Homotopy Parameter<Jacobian>: 0.000191381 - 0.00776745% [15]
|   |   |   |   |   |   |   |   Phalanx: Evaluator 112: [<Jacobian>] Gather Coordinate Vector<Jacobian>: 0.0668918 - 2.71489% [15]
|   |   |   |   |   |   |   |   Phalanx: Evaluator 135: [<Jacobian>] ComputeBasisFunctions<Jacobian>: 0.0205794 - 0.835241% [15]
|   |   |   |   |   |   |   |   Phalanx: Evaluator 110: [<Jacobian>] Gather Solution<Jacobian>: 0.0123059 - 0.49945% [15]
|   |   |   |   |   |   |   |   Phalanx: Evaluator 177: [<Jacobian>] FastSolutionVecGradInterpolationBase<Jacobian>: 0.0158728 - 0.644219% [15]
|   |   |   |   |   |   |   |   Phalanx: Evaluator 117: [<Jacobian>] LoadStateField(temperature)<Jacobian>: 0.258745 - 10.5015% [15]
|   |   |   |   |   |   |   |   Phalanx: Evaluator 187: [<Jacobian>] P0Interpolation[temperature] <Jacobian>: 0.000332532 - 0.0134962% [15]
|   |   |   |   |   |   |   |   Phalanx: Evaluator 134: [<Jacobian>] MapToPhysicalFrame<Jacobian>: 0.0135803 - 0.551175% [15]
|   |   |   |   |   |   |   |   Phalanx: Evaluator 136: [<Jacobian>] P0Interpolation[Coord Vec] <Jacobian>: 0.000222637 - 0.00903601% [15]
|   |   |   |   |   |   |   |   Phalanx: Evaluator 115: [<Jacobian>] LoadStateField(surface_height)<Jacobian>: 0.0399167 - 1.62007% [15]
|   |   |   |   |   |   |   |   Phalanx: Evaluator 185: [<Jacobian>] P0Interpolation[surface_height] <Jacobian>: 0.000174525 - 0.00708333% [15]
|   |   |   |   |   |   |   |   Phalanx: Evaluator 113: [<Jacobian>] Pressure Corrected Temperature<Jacobian>: 0.0113448 - 0.460443% [15]
|   |   |   |   |   |   |   |   Phalanx: Evaluator 143: [<Jacobian>] ViscosityFO<Jacobian>: 0.000397778 - 0.0161443% [15]
|   |   |   |   |   |   |   |   Phalanx: Evaluator 184: [<Jacobian>] DOFGradInterpolationBase<Jacobian>: 0.129545 - 5.25776% [15]
|   |   |   |   |   |   |   |   Phalanx: Evaluator 147: [<Jacobian>] StokesFOBodyForce<Jacobian>: 0.00229934 - 0.0933218% [15]
|   |   |   |   |   |   |   |   Phalanx: Evaluator 176: [<Jacobian>] FastSolutionVecInterpolationBase<Jacobian>: 0.00294701 - 0.119608% [15]
|   |   |   |   |   |   |   |   Phalanx: Evaluator 138: [<Jacobian>] StokesFOResid<Jacobian>: 0.0798606 - 3.24125% [15]
|   |   |   |   |   |   |   |   Phalanx: Evaluator 173: [<Jacobian>] DOFCellToSide(Coord Vec -> Coord Vec_extruded_boundary_side_set_1)[Vertex Vector]<Jacobian>: 1.58402 - 64.2894% [15]
|   |   |   |   |   |   |   |   Phalanx: Evaluator 170: [<Jacobian>] ComputeBasisFunctionsSide<Jacobian>: 0.0168221 - 0.682746% [15]
|   |   |   |   |   |   |   |   Phalanx: Evaluator 210: [<Jacobian>] DOFCellToSide(surface_height -> surface_height_extruded_boundary_side_set_1)[Node Scalar]<Jacobian>: 6.6517e-05 - 0.00269968% [15]
|   |   |   |   |   |   |   |   Phalanx: Evaluator 212: [<Jacobian>] DOFInterpolationSide<Jacobian>: 9.0304e-05 - 0.00366511% [15]
|   |   |   |   |   |   |   |   Phalanx: Evaluator 114: [<Jacobian>] LoadStateField(ice_thickness)<Jacobian>: 0.0351252 - 1.4256% [15]
|   |   |   |   |   |   |   |   Phalanx: Evaluator 208: [<Jacobian>] DOFCellToSide(ice_thickness -> ice_thickness_extruded_boundary_side_set_1)[Node Scalar]<Jacobian>: 6.5647e-05 - 0.00266437% [15]
|   |   |   |   |   |   |   |   Phalanx: Evaluator 209: [<Jacobian>] DOFInterpolationSide<Jacobian>: 0.0035124 - 0.142555% [15]
|   |   |   |   |   |   |   |   Phalanx: Evaluator 148: [<Jacobian>] StokesFOLateralResid<Jacobian>: 0.000399739 - 0.0162239% [15]
|   |   |   |   |   |   |   |   Phalanx: Evaluator 169: [<Jacobian>] DOFCellToSide(Coord Vec -> Coord Vec_basalside)[Vertex Vector]<Jacobian>: 0.0236058 - 0.95807% [15]
|   |   |   |   |   |   |   |   Phalanx: Evaluator 166: [<Jacobian>] ComputeBasisFunctionsSide<Jacobian>: 0.0102508 - 0.416041% [15]
|   |   |   |   |   |   |   |   Phalanx: Evaluator 159: [<Jacobian>] Shared Parameter Power Exponent<Jacobian>: 0.000580949 - 0.0235786% [15]
|   |   |   |   |   |   |   |   Phalanx: Evaluator 128: [<Jacobian>] Load Side Set Field log_basal_friction_basalside from Side Set State log_basal_friction<Jacobian>: 0.0173896 - 0.705778% [15]
|   |   |   |   |   |   |   |   Phalanx: Evaluator 200: [<Jacobian>] DOFInterpolationSide<Jacobian>: 6.8392e-05 - 0.00277578% [15]
|   |   |   |   |   |   |   |   Phalanx: Evaluator 123: [<Jacobian>] Load Side Set Field ice_thickness_basalside from Side Set State ice_thickness<Jacobian>: 0.0181085 - 0.734959% [15]
|   |   |   |   |   |   |   |   Phalanx: Evaluator 127: [<Jacobian>] Load Side Set Field bed_topography_basalside from Side Set State bed_topography<Jacobian>: 0.015339 - 0.622555% [15]
|   |   |   |   |   |   |   |   Phalanx: Evaluator 160: [<Jacobian>] BasalFrictionCoefficient<Jacobian>: 0.000426342 - 0.0173036% [15]
|   |   |   |   |   |   |   |   Phalanx: Evaluator 188: [<Jacobian>] DOFCellToSide(Velocity -> Velocity_basalside)[Node Vector]<Jacobian>: 0.00238568 - 0.0968261% [15]
|   |   |   |   |   |   |   |   Phalanx: Evaluator 189: [<Jacobian>] DOFVecInterpolationSide<Jacobian>: 0.00491506 - 0.199484% [15]
|   |   |   |   |   |   |   |   Phalanx: Evaluator 149: [<Jacobian>] StokesFOBasalResid<Jacobian>: 0.00621765 - 0.252351% [15]
|   |   |   |   |   |   |   |   Phalanx: Evaluator 111: [<Jacobian>] Scatter Velocity Residual<Jacobian>: 0.0140043 - 0.568383% [15]
|   |   |   |   |   |   |   |   Remainder: 0.0552875 - 2.24392%
|   |   |   |   |   |   |   Albany Jacobian Fill: Export: 0.000838659 - 0.0217886% [15]
|   |   |   |   |   |   |   Remainder: 1.38435 - 35.9658%
|   |   |   |   |   |   Remainder: 0.000503485 - 0.00859443%
|   |   |   |   |   Remainder: 0.00162315 - 0.0276993%
|   |   |   |   NOX Total Preconditioner Construction: 16.1148 - 36.6902% [15]
|   |   |   |   |   ThyraMueLu::initializePrec: 15.9959 - 99.2626% [15]
|   |   |   |   |   |   MueLu: ParameterListInterpreter (ParameterList): 0.0114726 - 0.0717219% [15]
|   |   |   |   |   |   Ifpack2::Relaxation::initialize: 0.16697 - 1.04383% [15]
|   |   |   |   |   |   Ifpack2::Relaxation::compute: 0.0114475 - 0.0715649% [15]
|   |   |   |   |   |   Ifpack2::Chebyshev::compute: 0.436188 - 2.72687% [30]
|   |   |   |   |   |   Utilities_kokkos::GetMatrixDiagonalInverse: 0.00103173 - 0.00644992% [15]
|   |   |   |   |   |   Remainder: 15.3688 - 96.0796%
|   |   |   |   |   Remainder: 0.118836 - 0.737434%
|   |   |   |   NOX Total Linear Solve: 21.9171 - 49.9008% [15]
|   |   |   |   |   Stratimikos: BelosLOWS: 21.917 - 99.9998% [15]
|   |   |   |   |   |   Belos: Operation Op*x: 0.0194351 - 0.0886758% [15]
|   |   |   |   |   |   Belos::MVT::MvAddMv: 0.000245746 - 0.00112126% [15]
|   |   |   |   |   |   Belos: BlockGmresSolMgr total solve time: 21.7204 - 99.1028% [15]
|   |   |   |   |   |   |   Belos: ICGS[2]: Orthogonalization: 7.21172 - 33.2026% [2785]
|   |   |   |   |   |   |   |   Belos: ICGS[2]: Ortho (Norm): 0.106913 - 1.48249% [2785]
|   |   |   |   |   |   |   |   |   Belos::MVT::MvDot: 0.103944 - 97.2227% [2785]
|   |   |   |   |   |   |   |   |   Remainder: 0.00296926 - 2.77727%
|   |   |   |   |   |   |   |   Belos::MVT::MvScale: 0.0145948 - 0.202377% [2785]
|   |   |   |   |   |   |   |   Belos: ICGS[2]: Ortho (Inner Product): 3.92185 - 54.3816% [5540]
|   |   |   |   |   |   |   |   |   Belos::MVT::MvTransMv: 3.91459 - 99.815% [5540]
|   |   |   |   |   |   |   |   |   Remainder: 0.00725738 - 0.18505%
|   |   |   |   |   |   |   |   Belos: ICGS[2]: Ortho (Update): 3.14693 - 43.6363% [5540]
|   |   |   |   |   |   |   |   |   Belos::MVT::MvTimesMatAddMv: 3.14041 - 99.7928% [5540]
|   |   |   |   |   |   |   |   |   Remainder: 0.00652013 - 0.20719%
|   |   |   |   |   |   |   |   Remainder: 0.0214321 - 0.297185%
|   |   |   |   |   |   |   Belos::MVT::MvAddMv: 0.00034913 - 0.00160739% [38]
|   |   |   |   |   |   |   Belos::MVT::MvNorm: 0.0167485 - 0.0771096% [19]
|   |   |   |   |   |   |   Belos: Operation Prec*x: 8.00358 - 36.8483% [2785]
|   |   |   |   |   |   |   |   Ifpack2::Relaxation::apply: 0.303603 - 3.79334% [5570]
|   |   |   |   |   |   |   |   Ifpack2::Chebyshev::apply: 0.394211 - 4.92543% [8355]
|   |   |   |   |   |   |   |   Remainder: 7.30577 - 91.2812%
|   |   |   |   |   |   |   Belos: Operation Op*x: 5.80677 - 26.7342% [2774]
|   |   |   |   |   |   |   Belos::MVT::MvTimesMatAddMv: 0.0339599 - 0.15635% [15]
|   |   |   |   |   |   |   Remainder: 0.647229 - 2.97982%
|   |   |   |   |   |   Remainder: 0.176954 - 0.807383%
|   |   |   |   |   Remainder: 5.3674e-05 - 0.000244896%
|   |   |   |   Remainder: 0.0294878 - 0.0671379%
|   |   |   Remainder: 0.000812066 - 0.00184888%
|   |   Piro::SteadyStateSolver::evalConvergedModelResponsesAndSensitivities::calc g, df/dp, dg/dp, dg/dx: 0.00101943 - 0.00232002% [1]
|   |   |   Thyra::DefaultModelEvaluatorWithSolveFactory<double>::evalModel(...): 0.000957146 - 93.8899% [1]
|   |   |   |   Albany: Total Fill Time: 0.00092811 - 96.9664% [1]
|   |   |   |   |   Albany Fill: Response: 0.000914493 - 98.5328% [1]
|   |   |   |   |   Remainder: 1.3617e-05 - 1.46718%
|   |   |   |   Remainder: 2.9036e-05 - 3.0336%
|   |   |   Remainder: 6.2289e-05 - 6.11015%
|   |   Albany Fill: State Residual: 0.00288707 - 0.00657035% [1]
|   |   |   Phalanx::SortAndOrderEvaluators: 1.291e-06 - 0.0447167% [5]
|   |   |   Remainder: 0.00288578 - 99.9553%
|   |   Albany: Output to File: 0.0133625 - 0.0304102% [1]
|   |   Thyra::DefaultModelEvaluatorWithSolveFactory<double>::evalModel(...): 0.000137195 - 0.000312227% [1]
|   |   |   Albany: Total Fill Time: 8.0596e-05 - 58.7456% [1]
|   |   |   |   Albany Fill: Response: 7.2049e-05 - 89.3953% [1]
|   |   |   |   Remainder: 8.547e-06 - 10.6047%
|   |   |   Remainder: 5.6599e-05 - 41.2544%
|   |   Remainder: 0.0013892 - 0.00316152%
|   Remainder: 1.1302e-05 - 1.5836e-05%
~PyProblem()
<PyAlbany.Albany_Pybind11.RCPPyParameterList object at 0x15441e0a4370>
<PyAlbany.Albany_Pybind11.RCPPyParameterList object at 0x15441e0a43f0>
Solve time: 43.940829965
~PyParallelEnv()

